0.000000000000000000e+00 4.277357222710597706e-01
5.000000000000000278e-02 2.037162840653276241e+00
1.000000000000000056e-01 1.130151935788518713e+01
1.500000000000000222e-01 3.589781406220076576e+01
2.000000000000000111e-01 8.430886525657173536e+01
2.500000000000000000e-01 1.584611874140953489e+02
2.999999999999999889e-01 2.226344458584014774e+02
3.499999999999999778e-01 3.503686622921351272e+02
3.999999999999999667e-01 4.285225733599472733e+02
4.499999999999999556e-01 5.703437915042854911e+02
4.999999999999999445e-01 6.516286892232247965e+02
5.499999999999999334e-01 8.002003877026689906e+02
5.999999999999999778e-01 8.903525806931019133e+02
6.500000000000000222e-01 1.049004129377995241e+03
7.000000000000000666e-01 1.141757304587134513e+03
7.500000000000001110e-01 1.301778761357953272e+03
8.000000000000001554e-01 1.394610672534264268e+03
8.500000000000001998e-01 1.559436161384498519e+03
9.000000000000002442e-01 1.649042124343124669e+03
9.500000000000002887e-01 1.812372825002084710e+03
0.000000000000000000e+00 0.000000000000000000e+00
