2.508005810044554584e-01
2.508021287378976449e-01
2.507033794269635241e-01
2.508207653148569194e-01
2.509910257017684554e-01
2.510540134628949094e-01
2.509910257017685109e-01
2.508207653148569194e-01
2.507033794269635241e-01
2.508021287378976449e-01
2.508005810044554584e-01
2.508021287378976449e-01
2.508061504671468822e-01
2.507046877416170272e-01
2.508413030710025526e-01
2.510019206759558363e-01
2.510575756441205675e-01
2.510019206759558363e-01
2.508413030710025526e-01
2.507046877416170272e-01
2.508061504671468822e-01
2.508021287378976449e-01
2.508041637092723875e-01
2.508096844867902520e-01
2.507120935280688356e-01
2.508547815736972275e-01
2.510181777922476654e-01
2.510809284491576920e-01
2.510181777922476654e-01
2.508547815736972275e-01
2.507120935280688356e-01
2.508096844867902520e-01
2.508041637092723875e-01
2.508152400251013603e-01
2.508180390444096908e-01
2.507124790013020577e-01
2.509183114295006067e-01
2.510754858645233289e-01
2.511704639793557736e-01
2.510754858645233289e-01
2.509183114295006067e-01
2.507124790013020577e-01
2.508180390444096908e-01
2.508152400251013603e-01
2.508203140647613516e-01
2.508234772984643257e-01
2.507172339250670623e-01
2.509406941475514352e-01
2.511012934911920902e-01
2.511923052557776814e-01
2.511012934911920902e-01
2.509406941475514352e-01
2.507172339250670623e-01
2.508234772984643257e-01
2.508203140647613516e-01
2.508310939271699569e-01
2.508342630342093038e-01
2.507317806434422036e-01
2.509757422609709132e-01
2.511313853000899932e-01
2.512133930655693903e-01
2.511313853000899932e-01
2.509757422609709132e-01
2.507317806434422036e-01
2.508342630342093038e-01
2.508310939271699569e-01
2.508367466258591416e-01
2.508404357269545804e-01
2.507396136596828917e-01
2.509901271739087281e-01
2.511444837488342463e-01
2.512295917946724133e-01
2.511444837488342463e-01
2.509901271739087281e-01
2.507396136596828917e-01
2.508404357269545804e-01
2.508367466258591416e-01
2.508502428588850197e-01
2.508529891725127525e-01
2.507616772896877899e-01
2.510080451696490855e-01
2.511566953323505214e-01
2.512348625970141636e-01
2.511566953323505214e-01
2.510080451696490300e-01
2.507616772896877899e-01
2.508529891725127525e-01
2.508502428588850197e-01
2.508566448839393281e-01
2.508599305942482705e-01
2.507732925192417972e-01
2.510185403960464301e-01
2.511666088277925701e-01
2.512457532765199897e-01
2.511666088277925701e-01
2.510185403960464301e-01
2.507732925192417972e-01
2.508599305942482705e-01
2.508566448839393281e-01
2.508703949350407081e-01
2.508739707808965158e-01
2.507974039046729775e-01
2.510316656813229574e-01
2.511753204707006804e-01
2.512557187478505205e-01
2.511753204707006804e-01
2.510316656813229574e-01
2.507974039046729775e-01
2.508739707808965158e-01
2.508703949350407081e-01
2.508780594523578600e-01
2.508819960980238073e-01
2.508090365891107454e-01
2.510406427735539792e-01
2.511826026760428099e-01
2.512679622892838305e-01
2.511826026760428099e-01
2.510406427735539792e-01
2.508090365891107454e-01
2.508819960980238073e-01
2.508780594523578600e-01
2.508960782037675807e-01
2.508995781850992257e-01
2.508276198720938988e-01
2.510559740464942124e-01
2.511960029907873704e-01
2.512798252811022093e-01
2.511960029907873704e-01
2.510559740464942124e-01
2.508276198720938988e-01
2.508995781850992257e-01
2.508960782037675807e-01
2.509056811135879639e-01
2.509093379779911426e-01
2.508387266099489366e-01
2.510618309248711655e-01
2.512078251554490937e-01
2.512920498721961104e-01
2.512078251554490937e-01
2.510618309248711655e-01
2.508387266099489366e-01
2.509093379779911426e-01
2.509056811135879639e-01
2.509270053465455508e-01
2.509295301599636652e-01
2.508564782260756520e-01
2.510819505409553898e-01
2.512233003248489083e-01
2.513051965941577870e-01
2.512233003248489083e-01
2.510819505409553898e-01
2.508564782260756520e-01
2.509295301599636652e-01
2.509270053465456063e-01
2.509369199937738770e-01
2.509410406605861454e-01
2.508660898412388152e-01
2.510905344027152264e-01
2.512337259305989501e-01
2.513170824917590473e-01
2.512337259305989501e-01
2.510905344027152264e-01
2.508660898412388152e-01
2.509410406605861454e-01
2.509369199937738770e-01
2.509601994850406137e-01
2.509634555399070655e-01
2.508857036059021217e-01
2.511106825445768020e-01
2.512488381583874997e-01
2.513296227963897067e-01
2.512488381583874997e-01
2.511106825445768576e-01
2.508857036059021217e-01
2.509634555399070655e-01
2.509601994850405582e-01
2.509723459636069576e-01
2.509759349877865864e-01
2.508963132040385458e-01
2.511185882067489827e-01
2.512595129311609998e-01
2.513393174215250436e-01
2.512595129311609998e-01
2.511185882067489827e-01
2.508963132040385458e-01
2.509759349877865864e-01
2.509723459636069576e-01
2.509988234143610275e-01
2.510019291128255947e-01
2.509166976157872764e-01
2.511375532733292615e-01
2.512732787120372513e-01
2.513515648792882251e-01
2.512732787120372513e-01
2.511375532733293170e-01
2.509166976157872764e-01
2.510019291128255947e-01
2.509988234143610275e-01
2.510125584812434862e-01
2.510168242710104636e-01
2.509292027570743100e-01
2.511458017171515067e-01
2.512814765186183741e-01
2.513605703458389740e-01
2.512814765186183741e-01
2.511458017171515067e-01
2.509292027570743100e-01
2.510168242710104636e-01
2.510125584812434862e-01
2.510448366969447731e-01
2.510483883073912903e-01
2.509519056212231036e-01
2.511630403693453917e-01
2.512960391949165539e-01
2.513716476882806861e-01
2.512960391949165539e-01
2.511630403693453917e-01
2.509519056212231036e-01
2.510483883073912903e-01
2.510448366969447731e-01
2.510625725049137058e-01
2.510659144261011000e-01
2.509643648897702528e-01
2.511728891733337465e-01
2.513027450603087520e-01
2.513795650790277003e-01
2.513027450603087520e-01
2.511728891733337465e-01
2.509643648897702528e-01
2.510659144261011000e-01
2.510625725049137058e-01
2.511009473238205447e-01
2.511057743031324674e-01
2.509912820897708952e-01
2.511910489317515927e-01
2.513175645795423518e-01
2.513911439486006816e-01
2.513175645795423518e-01
2.511910489317515927e-01
2.509912820897708952e-01
2.511057743031324674e-01
2.511009473238205447e-01
2.511242709119965721e-01
2.511262325829413666e-01
2.510055646490186865e-01
2.512012107528567295e-01
2.513250870534722847e-01
2.513973653011782328e-01
2.513250870534722847e-01
2.512012107528567295e-01
2.510055646490187420e-01
2.511262325829413666e-01
2.511242709119965721e-01
2.511710313614801682e-01
2.511755391571185991e-01
2.510373796754740150e-01
2.512229760427847070e-01
2.513409303749247203e-01
2.514105946938608449e-01
2.513409303749247203e-01
2.512229760427847070e-01
2.510373796754740150e-01
2.511755391571185991e-01
2.511710313614801127e-01
2.511988906586913872e-01
2.512014620511991425e-01
2.510554514972163087e-01
2.512343512379876520e-01
2.513491751722764511e-01
2.514162307254925732e-01
2.513491751722763956e-01
2.512343512379877075e-01
2.510554514972163087e-01
2.512014620511990870e-01
2.511988906586913872e-01
2.512584008903274713e-01
2.512621296179029518e-01
2.510945053271511074e-01
2.512606254071694245e-01
2.513679122797924381e-01
2.514318716138963516e-01
2.513679122797924381e-01
2.512606254071694245e-01
2.510945053271511074e-01
2.512621296179029518e-01
2.512584008903274713e-01
2.512925562360466269e-01
2.512959810250458559e-01
2.511169715988846307e-01
2.512747204613872687e-01
2.513773281644445245e-01
2.514378750472580082e-01
2.513773281644445245e-01
2.512747204613873242e-01
2.511169715988846307e-01
2.512959810250459114e-01
2.512925562360466269e-01
2.513696476637966026e-01
2.513732608777755617e-01
2.511665175204612632e-01
2.513069048267155825e-01
2.514003788546091966e-01
2.514572738446482769e-01
2.514003788546091966e-01
2.513069048267155825e-01
2.511665175204612632e-01
2.513732608777755617e-01
2.513696476637966026e-01
2.514138941970432417e-01
2.514174877497926675e-01
2.511947313830151240e-01
2.513244687361976260e-01
2.514117183554915314e-01
2.514640556350409284e-01
2.514117183554915314e-01
2.513244687361976260e-01
2.511947313830151240e-01
2.514174877497926675e-01
2.514138941970432417e-01
2.515149572977438130e-01
2.515186271915310634e-01
2.512580631169145651e-01
2.513642070444720433e-01
2.514396815753724423e-01
2.514876724067598435e-01
2.514396815753724423e-01
2.513642070444720433e-01
2.512580631169145651e-01
2.515186271915310634e-01
2.515149572977438130e-01
2.515733094886927201e-01
2.515769319419762784e-01
2.512940665975414434e-01
2.513856793637325171e-01
2.514527960845054366e-01
2.514945781649552958e-01
2.514527960845054366e-01
2.513856793637325171e-01
2.512940665975414434e-01
2.515769319419762784e-01
2.515733094886927201e-01
2.517072234669657238e-01
2.517109491679611066e-01
2.513752000394654518e-01
2.514337378403613821e-01
2.514847268853228623e-01
2.515209566695962295e-01
2.514847268853229179e-01
2.514337378403613821e-01
2.513752000394654518e-01
2.517109491679611066e-01
2.517072234669657238e-01
2.517849350221225690e-01
2.517885788414990222e-01
2.514214906157307694e-01
2.514592753210695975e-01
2.514981759726188093e-01
2.515251831934578464e-01
2.514981759726188093e-01
2.514592753210695975e-01
2.514214906157307694e-01
2.517885788414990222e-01
2.517849350221225690e-01
2.519640364237673569e-01
2.519678383884549344e-01
2.515262305331147918e-01
2.515161219310451668e-01
2.515317249311139758e-01
2.515512669721911010e-01
2.515317249311139758e-01
2.515161219310452223e-01
2.515262305331147918e-01
2.519678383884549344e-01
2.519640364237673569e-01
2.520684728895030702e-01
2.520721245005743127e-01
2.515864949440261844e-01
2.515461326601403647e-01
2.515431930533921223e-01
2.515477884993146396e-01
2.515431930533921223e-01
2.515461326601403647e-01
2.515864949440261844e-01
2.520721245005743127e-01
2.520684728895030702e-01
2.523100560224408873e-01
2.523139248597064954e-01
2.517242249371317575e-01
2.516141970720520149e-01
2.515768274632152468e-01
2.515711228630301832e-01
2.515768274632152468e-01
2.516141970720520149e-01
2.517242249371317575e-01
2.523139248597064954e-01
2.523100560224408873e-01
2.524514509745992563e-01
2.524551166283390269e-01
2.518045337871634981e-01
2.516509080017123590e-01
2.515849386405513144e-01
2.515547717890673218e-01
2.515849386405513144e-01
2.516509080017123590e-01
2.518045337871634981e-01
2.524551166283390269e-01
2.524514509745992563e-01
2.527795004693601522e-01
2.527834961508940714e-01
2.519906536625498017e-01
2.517384436589110708e-01
2.516226736603930925e-01
2.515783142038590103e-01
2.516226736603930925e-01
2.517384436589110708e-01
2.519906536625498017e-01
2.527834961508940714e-01
2.527795004693601522e-01
2.529720113791793512e-01
2.529757508524517196e-01
2.521007298127191931e-01
2.517880809971747569e-01
2.516302726169335480e-01
2.515483226919107418e-01
2.516302726169335480e-01
2.517880809971747569e-01
2.521007298127191931e-01
2.529757508524517196e-01
2.529720113791793512e-01
2.534195075307206779e-01
2.534236529686252903e-01
2.523590216595457125e-01
2.519133926573832727e-01
2.516874430157127196e-01
2.515867146416697064e-01
2.516874430157127196e-01
2.519133926573832727e-01
2.523590216595457680e-01
2.534236529686252903e-01
2.534195075307206779e-01
2.536822448353435178e-01
2.536863451094696909e-01
2.525130215558566982e-01
2.519878964354468898e-01
2.517050156719209397e-01
2.515520219538127100e-01
2.517050156719209397e-01
2.519878964354468898e-01
2.525130215558566982e-01
2.536863451094696909e-01
2.536822448353435178e-01
2.542938244319381536e-01
2.542981288882822377e-01
2.528765415137569916e-01
2.521808682584250061e-01
2.518109720103607896e-01
2.516345282795028893e-01
2.518109720103607896e-01
2.521808682584250061e-01
2.528765415137569916e-01
2.542981288882822377e-01
2.542938244319381536e-01
2.546523267729190465e-01
2.546570429827451076e-01
2.530928043834769769e-01
2.522973530449076351e-01
2.518570943716076371e-01
2.516161824229077304e-01
2.518570943716076371e-01
2.522973530449076351e-01
2.530928043834769769e-01
2.546570429827451076e-01
2.546523267729190465e-01
2.554867947627805225e-01
2.554916727432550161e-01
2.536014711472275862e-01
2.525940970219044956e-01
2.520490567275586180e-01
2.517798070076794348e-01
2.520490567275586180e-01
2.525940970219044956e-01
2.536014711472275862e-01
2.554916727432550161e-01
2.554867947627805225e-01
2.559752896659489574e-01
2.559807060454817873e-01
2.539006716166067323e-01
2.527697873999100175e-01
2.521437440677469222e-01
2.518035703584377005e-01
2.521437440677469777e-01
2.527697873999100175e-01
2.539006716166067323e-01
2.559807060454817873e-01
2.559752896659489574e-01
2.571107979755850037e-01
2.571167132933421806e-01
2.545960050010372955e-01
2.531977832668662054e-01
2.524466518763221479e-01
2.520716463023964238e-01
2.524466518763221479e-01
2.531977832668662609e-01
2.545960050010372955e-01
2.571167132933421806e-01
2.571107979755850592e-01
2.577751815797791335e-01
2.577811792739956864e-01
2.549985737144910836e-01
2.534402864532685484e-01
2.525954387368144483e-01
2.521453391296387125e-01
2.525954387368144483e-01
2.534402864532685484e-01
2.549985737144910836e-01
2.577811792739956864e-01
2.577751815797791335e-01
2.593173248232176764e-01
2.593232324255652088e-01
2.559198865187002347e-01
2.539982310253969255e-01
2.529912338103914582e-01
2.524946475446357419e-01
2.529912338103914582e-01
2.539982310253969255e-01
2.559198865187001792e-01
2.593232324255652088e-01
2.593173248232176764e-01
2.602183654486647790e-01
2.602238618793018543e-01
2.564457968639701768e-01
2.542963065064313688e-01
2.531648213810857029e-01
2.525756691575627988e-01
2.531648213810857029e-01
2.542963065064313688e-01
2.564457968639701768e-01
2.602238618793018543e-01
2.602183654486647235e-01
2.623076137744676517e-01
2.623124388803399487e-01
2.576356755144967314e-01
2.549437417145690721e-01
2.535700784374642081e-01
2.529111123176851494e-01
2.535700784374642081e-01
2.549437417145690721e-01
2.576356755144967314e-01
2.623124388803399487e-01
2.623076137744676517e-01
2.635287642783802342e-01
2.635333081050786341e-01
2.583125971924011832e-01
2.552689228732368254e-01
2.536939981596387228e-01
2.528814986022411837e-01
2.536939981596387228e-01
2.552689228732368254e-01
2.583125971924011832e-01
2.635333081050786341e-01
2.635287642783802342e-01
2.663647041774441226e-01
2.663690383461374545e-01
2.598466893721350646e-01
2.559521786964212842e-01
2.539788146272405345e-01
2.530536318754930680e-01
2.539788146272405345e-01
2.559521786964212842e-01
2.598466893721350646e-01
2.663690383461374545e-01
2.663647041774441226e-01
2.680284912220426419e-01
2.680330182645810355e-01
2.607323513496640488e-01
2.562863262228463057e-01
2.539583329969883896e-01
2.527380164385996664e-01
2.539583329969884451e-01
2.562863262228463057e-01
2.607323513496640488e-01
2.680330182645810355e-01
2.680284912220426419e-01
2.719075676515693707e-01
2.719120473977652552e-01
2.627785873796303351e-01
2.570283044514357629e-01
2.540484384897410131e-01
2.526473419955540534e-01
2.540484384897410131e-01
2.570283044514357629e-01
2.627785873796304461e-01
2.719120473977652552e-01
2.719075676515693707e-01
2.741922993411168852e-01
2.741971278557953084e-01
2.639929190678521609e-01
2.574256905164132858e-01
2.538535833752841309e-01
2.519185281749367067e-01
2.538535833752841864e-01
2.574256905164132858e-01
2.639929190678521054e-01
2.741971278557953084e-01
2.741922993411168852e-01
2.795345558699290356e-01
2.795383272714849765e-01
2.668741556699184003e-01
2.584741463923911353e-01
2.539315894724438194e-01
2.517297626615300765e-01
2.539315894724438194e-01
2.584741463923911353e-01
2.668741556699184003e-01
2.795383272714849765e-01
2.795345558699290356e-01
2.826837014417049043e-01
2.826876813565485369e-01
2.686231874712813883e-01
2.591408242106068016e-01
2.537374168594295765e-01
2.507115040497375213e-01
2.537374168594295765e-01
2.591408242106067461e-01
2.686231874712813883e-01
2.826876813565485369e-01
2.826837014417049043e-01
2.900448277046939749e-01
2.900471415107324646e-01
2.728358188365398451e-01
2.611030874279129943e-01
2.544709073562383406e-01
2.511097082517597112e-01
2.544709073562383406e-01
2.611030874279129943e-01
2.728358188365398451e-01
2.900471415107324646e-01
2.900448277046939749e-01
2.943733754413462300e-01
2.943760665700799195e-01
2.753912328850258162e-01
2.624332013205400438e-01
2.547904531574569087e-01
2.504190660659654233e-01
2.547904531574569087e-01
2.624332013205400438e-01
2.753912328850258162e-01
2.943760665700799195e-01
2.943733754413462300e-01
3.044620867146486942e-01
3.044671765364037608e-01
2.814856103947441790e-01
2.662153369506668477e-01
2.573817663667089528e-01
2.526918414994064332e-01
2.573817663667089528e-01
2.662153369506669032e-01
2.814856103947441790e-01
3.044671765364037608e-01
3.044620867146486942e-01
3.103772110022638420e-01
3.103821554764035207e-01
2.850664196751830359e-01
2.686569907110686883e-01
2.590337591991025978e-01
2.535538858748483393e-01
2.590337591991025978e-01
2.686569907110686883e-01
2.850664196751830359e-01
3.103821554764035207e-01
3.103772110022638420e-01
3.241255555435298419e-01
3.241288671960864676e-01
2.932746578882093891e-01
2.748722590128478416e-01
2.646516651772728435e-01
2.590447667416382327e-01
2.646516651772728435e-01
2.748722590128478416e-01
2.932746578882093891e-01
3.241288671960865231e-01
3.241255555435298419e-01
3.321660201061345519e-01
3.321689934798700561e-01
2.977857648769071108e-01
2.783993549909305476e-01
2.682181270649027782e-01
2.628595185339475115e-01
2.682181270649027782e-01
2.783993549909305476e-01
2.977857648769071108e-01
3.321689934798700561e-01
3.321660201061346074e-01
3.508462701856488453e-01
3.508497089417415005e-01
3.073783920745246645e-01
2.857096714152310701e-01
2.759213825864113012e-01
2.708204849376787404e-01
2.759213825864113012e-01
2.857096714152310701e-01
3.073783920745246645e-01
3.508497089417415005e-01
3.508462701856489008e-01
3.618314482330468040e-01
3.618369099789979226e-01
3.121207210310657509e-01
2.886249985842546106e-01
2.799210280600604728e-01
2.770692977042703564e-01
2.799210280600604728e-01
2.886249985842545551e-01
3.121207210310657509e-01
3.618369099789979226e-01
3.618314482330468040e-01
3.875722086746684059e-01
3.875725264641904921e-01
3.210928289439143879e-01
2.907877418746697695e-01
2.811943869501118409e-01
2.786391114776047839e-01
2.811943869501118409e-01
2.907877418746697695e-01
3.210928289439143879e-01
3.875725264641905476e-01
3.875722086746684059e-01
4.029562043474412270e-01
4.029581776061181841e-01
3.250676305326944959e-01
2.886034603261303788e-01
2.768987013897987737e-01
2.771023350086513903e-01
2.768987013897987737e-01
2.886034603261303233e-01
3.250676305326944959e-01
4.029581776061181841e-01
4.029562043474412270e-01
8.498847835834644204e-01
4.396245115165192674e-01
3.320723635776056115e-01
2.765962434195266550e-01
2.424827033807061827e-01
2.196015176714306849e-01
2.424827033807061827e-01
2.765962434195266550e-01
3.320723635776056115e-01
4.396245115165193229e-01
8.498847835834644204e-01
8.498847835834644204e-01
4.540692679114187169e-01
3.356503769234415180e-01
2.737046623233102549e-01
2.365193815428888180e-01
2.149729005279701621e-01
2.365193815428888180e-01
2.737046623233102549e-01
3.356503769234415735e-01
4.540692679114187169e-01
8.498847835834644204e-01
8.498847835834644204e-01
4.765627172124394240e-01
3.432052215373984083e-01
2.739194730194980942e-01
2.349849146451943038e-01
2.134478987563490360e-01
2.349849146451943038e-01
2.739194730194980942e-01
3.432052215373984083e-01
4.765627172124394240e-01
8.498847835834644204e-01
8.498847835834644204e-01
4.856171746209879680e-01
3.471399890511664421e-01
2.759139440432927248e-01
2.375229508406727641e-01
2.175178956161122612e-01
2.375229508406727641e-01
2.759139440432927248e-01
3.471399890511664421e-01
4.856171746209879680e-01
8.498847835834644204e-01
8.498847835834644204e-01
5.000764363252392375e-01
3.551182935212529590e-01
2.820233634253330179e-01
2.439889904352957328e-01
2.242215731335633622e-01
2.439889904352957328e-01
2.820233634253330179e-01
3.551182935212529590e-01
5.000764363252392375e-01
8.498847835834644204e-01
8.498847835834644204e-01
5.060108455296346008e-01
3.589580173301993860e-01
2.854056991173627433e-01
2.477962007383386345e-01
2.286812303608966035e-01
2.477962007383386345e-01
2.854056991173627433e-01
3.589580173301993860e-01
5.060108455296346008e-01
8.498847835834644204e-01
8.498847835834644204e-01
5.156786417977294867e-01
3.661548093336236542e-01
2.921222142748114425e-01
2.547374620710640691e-01
2.357357894367213547e-01
2.547374620710640691e-01
2.921222142748114425e-01
3.661548093336236542e-01
5.156786417977294867e-01
8.498847835834644204e-01
8.498847835834644204e-01
5.196920555137836129e-01
3.694040692851117136e-01
2.951899394315916081e-01
2.578711135893022588e-01
2.389647709284331289e-01
2.578711135893022588e-01
2.951899394315916081e-01
3.694040692851117136e-01
5.196920555137836129e-01
8.498847835834644204e-01
8.498847835834644204e-01
5.262935043622971598e-01
3.751389221517605899e-01
3.005807542712200520e-01
2.631961484770691806e-01
2.443054955610048373e-01
2.631961484770691806e-01
3.005807542712200520e-01
3.751389221517605899e-01
5.262935043622971598e-01
8.498847835834644204e-01
8.498847835834644204e-01
5.290448041697741743e-01
3.776108843874512178e-01
3.028379512589369771e-01
2.652815436390255077e-01
2.461942255635224397e-01
2.652815436390254522e-01
3.028379512589370326e-01
3.776108843874512178e-01
5.290448041697741743e-01
8.498847835834644204e-01
8.498847835834644204e-01
5.335786585825442740e-01
3.817783595447289957e-01
3.065484733182312072e-01
2.687416629543987190e-01
2.496178810805624315e-01
2.687416629543987190e-01
3.065484733182312072e-01
3.817783595447289957e-01
5.335786585825442740e-01
8.498847835834644204e-01
8.498847835834644204e-01
5.354638816862994366e-01
3.835102724723483125e-01
3.080079030528243278e-01
2.699255524711474674e-01
2.504932487654467077e-01
2.699255524711474674e-01
3.080079030528243278e-01
3.835102724723483125e-01
5.354638816862994366e-01
8.498847835834644204e-01
8.498847835834644204e-01
5.385535011790875126e-01
3.863203072274782879e-01
3.102898447947208260e-01
2.718899724664396444e-01
2.524026544042995424e-01
2.718899724664396444e-01
3.102898447947208815e-01
3.863203072274782879e-01
5.385535011790875126e-01
8.498847835834644204e-01
8.498847835834644204e-01
5.398292435851995696e-01
3.874533447029289146e-01
3.111366960649593061e-01
2.724507847091585111e-01
2.526510842334231954e-01
2.724507847091584556e-01
3.111366960649593616e-01
3.874533447029289146e-01
5.398292435851995696e-01
8.498847835834644204e-01
8.498847835834644204e-01
5.419006319935778526e-01
3.892326227505618075e-01
3.124022204839007610e-01
2.734106457894387443e-01
2.535558594946724087e-01
2.734106457894387443e-01
3.124022204839007610e-01
3.892326227505618075e-01
5.419006319935778526e-01
8.498847835834644204e-01
8.498847835834644204e-01
5.427487723666206687e-01
3.899320524765385043e-01
3.128420899775757880e-01
2.736035618363161226e-01
2.534850573872189927e-01
2.736035618363161226e-01
3.128420899775757880e-01
3.899320524765385043e-01
5.427487723666206687e-01
8.498847835834644204e-01
8.498847835834644204e-01
5.441119834146757039e-01
3.909998879840553276e-01
3.134678821485399891e-01
2.739738082546849807e-01
2.538078539195324779e-01
2.739738082546849807e-01
3.134678821485399336e-01
3.909998879840553276e-01
5.441119834146757039e-01
8.498847835834644204e-01
8.498847835834644204e-01
5.446653748722471988e-01
3.914106097007198359e-01
3.136663523584125590e-01
2.739816672802395381e-01
2.536168813493401841e-01
2.739816672802395381e-01
3.136663523584125590e-01
3.914106097007198359e-01
5.446653748722471988e-01
8.498847835834644204e-01
8.498847835834644204e-01
5.455456930391811010e-01
3.920220953542148945e-01
3.139298749513355635e-01
2.740503419006331542e-01
2.536483970874729987e-01
2.740503419006331542e-01
3.139298749513355635e-01
3.920220953542149500e-01
5.455456930391811010e-01
8.498847835834644204e-01
8.498847835834644204e-01
5.458997196026167398e-01
3.922524724165197263e-01
3.140002681941944651e-01
2.739851447644294780e-01
2.534454918370401266e-01
2.739851447644294780e-01
3.140002681941944651e-01
3.922524724165197263e-01
5.458997196026167398e-01
8.498847835834644204e-01
8.498847835834644204e-01
5.464566161558956914e-01
3.925874042009425136e-01
3.140812157711368457e-01
2.739288235791771386e-01
2.533624723516808563e-01
2.739288235791771386e-01
3.140812157711368457e-01
3.925874042009425136e-01
5.464566161558956914e-01
8.498847835834644204e-01
8.498847835834644204e-01
5.466784134261454264e-01
3.927114268217791748e-01
3.140929582584018886e-01
2.738505519046302572e-01
2.531952710980602261e-01
2.738505519046302572e-01
3.140929582584018886e-01
3.927114268217791748e-01
5.466784134261454264e-01
8.498847835834644204e-01
8.498847835834644204e-01
5.470238635375731517e-01
3.928893313836407386e-01
3.140973292982218168e-01
2.737641443079630310e-01
2.530909404619365866e-01
2.737641443079630310e-01
3.140973292982218168e-01
3.928893313836407386e-01
5.470238635375731517e-01
8.498847835834644204e-01
8.498847835834644204e-01
5.471610464769057769e-01
3.929551435711217122e-01
3.140888217827593198e-01
2.736992999568007567e-01
2.529716568328432280e-01
2.736992999568007567e-01
3.140888217827593198e-01
3.929551435711217122e-01
5.471610464769057769e-01
8.498847835834644204e-01
8.498847835834644204e-01
5.473746531469239063e-01
3.930515769063405163e-01
3.140726971087218211e-01
2.736254366570130547e-01
2.528863268786671337e-01
2.736254366570130547e-01
3.140726971087218211e-01
3.930515769063405163e-01
5.473746531469239063e-01
8.498847835834644204e-01
8.498847835834644204e-01
5.474604545768493313e-01
3.930888392241610463e-01
3.140627748033782973e-01
2.735818693651298483e-01
2.528105143629417184e-01
2.735818693651298483e-01
3.140627748033782973e-01
3.930888392241610463e-01
5.474604545768493313e-01
8.498847835834644204e-01
8.498847835834644204e-01
5.475963314466952836e-01
3.931484343423903294e-01
3.140524833577636454e-01
2.735355364499496567e-01
2.527569299090364208e-01
2.735355364499496567e-01
3.140524833577636454e-01
3.931484343423903294e-01
5.475963314466952836e-01
8.498847835834644204e-01
8.498847835834644204e-01
5.476526313763290243e-01
3.931745070907013972e-01
3.140495263017081817e-01
2.735131176998991109e-01
2.527156389488355304e-01
2.735131176998991664e-01
3.140495263017081817e-01
3.931745070907014528e-01
5.476526313763290243e-01
8.498847835834644204e-01
8.498847835834644204e-01
5.477460184217517458e-01
3.932232356657174299e-01
3.140567034934986790e-01
2.734977775126026245e-01
2.526957334228381313e-01
2.734977775126026245e-01
3.140567034934986790e-01
3.932232356657174299e-01
5.477460184217517458e-01
8.498847835834644204e-01
8.498847835834644204e-01
5.477870985517987457e-01
3.932481698446629315e-01
3.140645403238681577e-01
2.734946567910718773e-01
2.526812232612707931e-01
2.734946567910718773e-01
3.140645403238681022e-01
3.932481698446629315e-01
5.477870985517987457e-01
8.498847835834644204e-01
8.498847835834644204e-01
5.478606583255506424e-01
3.933017214974895426e-01
3.140954440976764239e-01
2.735114871024482142e-01
2.526954228744782704e-01
2.735114871024482142e-01
3.140954440976764239e-01
3.933017214974895426e-01
5.478606583255506424e-01
8.498847835834644204e-01
8.498847835834644204e-01
5.478957212182191672e-01
3.933317800795290142e-01
3.141166972523203316e-01
2.735272257929102779e-01
2.527041230649217374e-01
2.735272257929102779e-01
3.141166972523203316e-01
3.933317800795290142e-01
5.478957212182191672e-01
8.498847835834644204e-01
8.498847835834644204e-01
5.479637293581797186e-01
3.934002502749335828e-01
3.141769353422213529e-01
2.735795591695074913e-01
2.527552927839260555e-01
2.735795591695074913e-01
3.141769353422213529e-01
3.934002502749336383e-01
5.479637293581797186e-01
8.498847835834644204e-01
8.498847835834644204e-01
5.479984340291927936e-01
3.934396588940790584e-01
3.142144409379905579e-01
2.736161658986814849e-01
2.527886424706048407e-01
2.736161658986814849e-01
3.142144409379905579e-01
3.934396588940790584e-01
5.479984340291927936e-01
8.498847835834644204e-01
8.498847835834644204e-01
5.480695316411021700e-01
3.935299048999832960e-01
3.143098046799176482e-01
2.737095942158807027e-01
2.528821814850662486e-01
2.737095942158806472e-01
3.143098046799176482e-01
3.935299048999832960e-01
5.480695316411021700e-01
8.498847835834644204e-01
8.498847835834644204e-01
5.481071856013803867e-01
3.935811620545209832e-01
3.143662778470562302e-01
2.737705682175234356e-01
2.529449029980201380e-01
2.737705682175234356e-01
3.143662778470562302e-01
3.935811620545209832e-01
5.481071856013803867e-01
8.498847835834644204e-01
8.498847835834644204e-01
5.481860930223813044e-01
3.936967946505756100e-01
3.145005692456902535e-01
2.739097184728525591e-01
2.530853321386312693e-01
2.739097184728525036e-01
3.145005692456902535e-01
3.936967946505756100e-01
5.481860930223813044e-01
8.498847835834644204e-01
8.498847835834644204e-01
5.482281660003256452e-01
3.937606953131648768e-01
3.145769603914447266e-01
2.739970815713512753e-01
2.531815044682734772e-01
2.739970815713512753e-01
3.145769603914447266e-01
3.937606953131648768e-01
5.482281660003256452e-01
8.498847835834644204e-01
8.498847835834644204e-01
5.483162807975405784e-01
3.939012367026223926e-01
3.147485570189251791e-01
2.741802919048138554e-01
2.533666762148075180e-01
2.741802919048137999e-01
3.147485570189251791e-01
3.939012367026223926e-01
5.483162807975406894e-01
8.498847835834644204e-01
8.498847835834644204e-01
5.483627643935342633e-01
3.939765726583798200e-01
3.148422793788759333e-01
2.742909849160228841e-01
2.534935271739157669e-01
2.742909849160228841e-01
3.148422793788759333e-01
3.939765726583798200e-01
5.483627643935342633e-01
8.498847835834644204e-01
8.498847835834644204e-01
5.484582365985758434e-01
3.941379502454080419e-01
3.150421370426984002e-01
2.745061734496385131e-01
2.537104891639466731e-01
2.745061734496385686e-01
3.150421370426984002e-01
3.941379502454080419e-01
5.484582365985759544e-01
8.498847835834644204e-01
8.498847835834644204e-01
5.485077603301068416e-01
3.942221670945961765e-01
3.151471443140040352e-01
2.746303132475463871e-01
2.538538692101106609e-01
2.746303132475463871e-01
3.151471443140040352e-01
3.942221670945961765e-01
5.485077603301068416e-01
8.498847835834644204e-01
8.498847835834644204e-01
5.486062734252904471e-01
3.943999201888641615e-01
3.153624466268677984e-01
2.748581093782114793e-01
2.540816621242636408e-01
2.748581093782114793e-01
3.153624466268677984e-01
3.943999201888641615e-01
5.486062734252904471e-01
8.498847835834644204e-01
8.498847835834644204e-01
5.486556268774188672e-01
3.944921533232880195e-01
3.154734987525884549e-01
2.749830519646254690e-01
2.542201842591095273e-01
2.749830519646254134e-01
3.154734987525884549e-01
3.944921533232880195e-01
5.486556268774188672e-01
8.498847835834644204e-01
8.498847835834644204e-01
5.487501576615572141e-01
3.946882821256182394e-01
3.157013837982629578e-01
2.752137177944820046e-01
2.544474555272773220e-01
2.752137177944820046e-01
3.157013837982629578e-01
3.946882821256182394e-01
5.487501576615572141e-01
8.498847835834644204e-01
8.498847835834644204e-01
5.487939975470453868e-01
3.947933702177698345e-01
3.158233860964175244e-01
2.753379670395484369e-01
2.545699449259374858e-01
2.753379670395484369e-01
3.158233860964175244e-01
3.947933702177698345e-01
5.487939975470453868e-01
8.498847835834644204e-01
8.498847835834644204e-01
5.488716955679530107e-01
3.950246999183503194e-01
3.160938518639500594e-01
2.756030239721865005e-01
2.548295471967026993e-01
2.756030239721865005e-01
3.160938518639500594e-01
3.950246999183502639e-01
5.488716955679530107e-01
8.498847835834644204e-01
8.498847835834644204e-01
5.489015234530415510e-01
3.951560078479744997e-01
3.162539794655991887e-01
2.757586351182404472e-01
2.549675966007543537e-01
2.757586351182404472e-01
3.162539794655991887e-01
3.951560078479744997e-01
5.489015234530415510e-01
8.498847835834644204e-01
8.498847835834644204e-01
5.489389006028644324e-01
3.954573239955837538e-01
3.166504451273523535e-01
2.761641783637504566e-01
2.553724017668208557e-01
2.761641783637504566e-01
3.166504451273523535e-01
3.954573239955837538e-01
5.489389006028644324e-01
8.498847835834644204e-01
8.498847835834644204e-01
5.489375352451062451e-01
3.956340523636504014e-01
3.169048855353558958e-01
2.764361611380521389e-01
2.556364667197320029e-01
2.764361611380521389e-01
3.169048855353558958e-01
3.956340523636504014e-01
5.489375352451062451e-01
8.498847835834644204e-01
8.498847835834644204e-01
5.488848971615419847e-01
3.960413484473270795e-01
3.175587420890384482e-01
2.771696413403394454e-01
2.563883240399468244e-01
2.771696413403394454e-01
3.175587420890384482e-01
3.960413484473270795e-01
5.488848971615419847e-01
8.498847835834644204e-01
8.498847835834644204e-01
5.488146273004134157e-01
3.962716152496766342e-01
3.179776708996837065e-01
2.776887026167267902e-01
2.569722753472812316e-01
2.776887026167267902e-01
3.179776708996837065e-01
3.962716152496766342e-01
5.488146273004134157e-01
8.498847835834644204e-01
8.498847835834644204e-01
5.485642705355292525e-01
3.967716564816967661e-01
3.190042377024964182e-01
2.789538071198855995e-01
2.582978126833920807e-01
2.789538071198855995e-01
3.190042377024964182e-01
3.967716564816967661e-01
5.485642705355292525e-01
8.498847835834644204e-01
8.498847835834644204e-01
5.483491258144305158e-01
3.970215554341756103e-01
3.196216231067733893e-01
2.798350387622769997e-01
2.594095899758559476e-01
2.798350387622769997e-01
3.196216231067733893e-01
3.970215554341756103e-01
5.483491258144305158e-01
8.498847835834644204e-01
8.498847835834644204e-01
5.476981369605750105e-01
3.974828731769667334e-01
3.209882748409306763e-01
2.816794757339887156e-01
2.613796282060475984e-01
2.816794757339887156e-01
3.209882748409306763e-01
3.974828731769667334e-01
5.476981369605750105e-01
8.498847835834644204e-01
8.498847835834644204e-01
5.472054224366666997e-01
3.976471046037852730e-01
3.217235800170766824e-01
2.828938488786654215e-01
2.630609232091905003e-01
2.828938488786654215e-01
3.217235800170766824e-01
3.976471046037852730e-01
5.472054224366666997e-01
8.498847835834644204e-01
8.498847835834644204e-01
5.458198117158008511e-01
3.977769721567268046e-01
3.230992151234546861e-01
2.849738093410192907e-01
2.653311474139358195e-01
2.849738093410192907e-01
3.230992151234546861e-01
3.977769721567268046e-01
5.458198117158008511e-01
8.498847835834644204e-01
8.498847835834644204e-01
5.448411186783217453e-01
3.976771975145583227e-01
3.236995667549495415e-01
2.861971609443533793e-01
2.671978102642436070e-01
2.861971609443533793e-01
3.236995667549495970e-01
3.976771975145583227e-01
5.448411186783217453e-01
8.498847835834644204e-01
8.498847835834644204e-01
5.422101243498794743e-01
3.970786414073667059e-01
3.244394815607575810e-01
2.876594985917543257e-01
2.688582436549607491e-01
2.876594985917543257e-01
3.244394815607575810e-01
3.970786414073667059e-01
5.422101243498794743e-01
8.498847835834644204e-01
8.498847835834644204e-01
5.404261671066337147e-01
3.965362974903055560e-01
3.245603529933924758e-01
2.882611954751222449e-01
2.699562924723239998e-01
2.882611954751222449e-01
3.245603529933924758e-01
3.965362974903055560e-01
5.404261671066337147e-01
8.498847835834644204e-01
8.498847835834644204e-01
5.357634159370772142e-01
3.949577756558805830e-01
3.241510559967626937e-01
2.881652019241608409e-01
2.699323288433805867e-01
2.881652019241608409e-01
3.241510559967626937e-01
3.949577756558805830e-01
5.357634159370772142e-01
8.498847835834644204e-01
8.498847835834644204e-01
5.326745465197449958e-01
3.939750788310012464e-01
3.237834307346286744e-01
2.876659871504620991e-01
2.691395303450051513e-01
2.876659871504620991e-01
3.237834307346286744e-01
3.939750788310011909e-01
5.326745465197449958e-01
8.498847835834644204e-01
8.498847835834644204e-01
5.247058209229076287e-01
3.917565700192352507e-01
3.232093777354800301e-01
2.867033291193394895e-01
2.679586032430655851e-01
2.867033291193394895e-01
3.232093777354800301e-01
3.917565700192352507e-01
5.247058209229076287e-01
8.498847835834644204e-01
8.498847835834644204e-01
5.194520654063717879e-01
3.907026264229228607e-01
3.236836007060295839e-01
2.863005607503335548e-01
2.656862565310696978e-01
2.863005607503335548e-01
3.236836007060295839e-01
3.907026264229228607e-01
5.194520654063716769e-01
8.498847835834644204e-01
8.498847835834644204e-01
5.058810339778775367e-01
3.888892728262512422e-01
3.279603410625518412e-01
2.915497128839309449e-01
2.707040309840559322e-01
2.915497128839309449e-01
3.279603410625518412e-01
3.888892728262512422e-01
5.058810339778775367e-01
8.498847835834644204e-01
8.498847835834644204e-01
4.968583355947469582e-01
3.881171021419853040e-01
3.329426650633232065e-01
2.987338165974194881e-01
2.753712830222588837e-01
2.987338165974194326e-01
3.329426650633232621e-01
3.881171021419852485e-01
4.968583355947469582e-01
8.498847835834644204e-01
8.498847835834644204e-01
4.733477709858638360e-01
3.864103248880674801e-01
3.493937051945319450e-01
3.373646799688407860e-01
3.370711568595078922e-01
3.373646799688407305e-01
3.493937051945320005e-01
3.864103248880674801e-01
4.733477709858638360e-01
8.498847835834644204e-01
4.575809597094613324e-01
4.575800975330253095e-01
3.844681281112822813e-01
3.538107591623411152e-01
3.444482607496324178e-01
3.422167210956238437e-01
3.444482607496323623e-01
3.538107591623411707e-01
3.844681281112822813e-01
4.575800975330253095e-01
4.575809597094613324e-01
4.315862222661963066e-01
4.315836914011621506e-01
3.786252954533581572e-01
3.556581985196595741e-01
3.478627077666225920e-01
3.456021822229404239e-01
3.478627077666225920e-01
3.556581985196595741e-01
3.786252954533581572e-01
4.315836914011621506e-01
4.315862222661963066e-01
4.205905845223149031e-01
4.205953552860292044e-01
3.751032811790661614e-01
3.543915122136332974e-01
3.459320584418325573e-01
3.418532802565482642e-01
3.459320584418325573e-01
3.543915122136332974e-01
3.751032811790661614e-01
4.205953552860292044e-01
4.205905845223149031e-01
4.020586222338156102e-01
4.020596857535782553e-01
3.673159875024820664e-01
3.494590925826113192e-01
3.409078588549751543e-01
3.367156283700283859e-01
3.409078588549750988e-01
3.494590925826113192e-01
3.673159875024820664e-01
4.020596857535782553e-01
4.020586222338156102e-01
3.941091175457103746e-01
3.941087532394365600e-01
3.634301562957249487e-01
3.466496988954942404e-01
3.379746306359911467e-01
3.333369353651285949e-01
3.379746306359911467e-01
3.466496988954942404e-01
3.634301562957249487e-01
3.941087532394365600e-01
3.941091175457103746e-01
3.805307208688461507e-01
3.805328043737731814e-01
3.559649802091634507e-01
3.410796566260045903e-01
3.328294674861597691e-01
3.283221195202878362e-01
3.328294674861597691e-01
3.410796566260045903e-01
3.559649802091634507e-01
3.805328043737731814e-01
3.805307208688461507e-01
3.746742078622671279e-01
3.746745379660309516e-01
3.525602535588869269e-01
3.386258691040033852e-01
3.308257117622611099e-01
3.266645013750796855e-01
3.308257117622611099e-01
3.386258691040033852e-01
3.525602535588869269e-01
3.746745379660309516e-01
3.746742078622671279e-01
3.646355547848657563e-01
3.646380152710107514e-01
3.464936087624615468e-01
3.344196094184204160e-01
3.274575556133083598e-01
3.235609437122082266e-01
3.274575556133083598e-01
3.344196094184204160e-01
3.464936087624614913e-01
3.646380152710107514e-01
3.646355547848657563e-01
3.603064572396151299e-01
3.603052037086837966e-01
3.438539037824248634e-01
3.327382918198444894e-01
3.264541548650432556e-01
3.231781154381229704e-01
3.264541548650432556e-01
3.327382918198444894e-01
3.438539037824249189e-01
3.603052037086837966e-01
3.603064572396151299e-01
3.528893845547009800e-01
3.528896531544243320e-01
3.393355560224113887e-01
3.300113509436954362e-01
3.246593082409136577e-01
3.216728738960703549e-01
3.246593082409136577e-01
3.300113509436954362e-01
3.393355560224113887e-01
3.528896531544243320e-01
3.528893845547009800e-01
3.496941960737860455e-01
3.496930580626845253e-01
3.374123818028308408e-01
3.289636531676359832e-01
3.242664265433567450e-01
3.218786003229226478e-01
3.242664265433567450e-01
3.289636531676359832e-01
3.374123818028308408e-01
3.496930580626845253e-01
3.496941960737860455e-01
3.442299265342522174e-01
3.442306608370551690e-01
3.341748662520894753e-01
3.272688266053380146e-01
3.233861556222334954e-01
3.212489456575255975e-01
3.233861556222334954e-01
3.272688266053380146e-01
3.341748662520894753e-01
3.442306608370551690e-01
3.442299265342522729e-01
3.418797664508095302e-01
3.418790626046153136e-01
3.328024786810897528e-01
3.266102173303635503e-01
3.232468888147973507e-01
3.215701632833312118e-01
3.232468888147973507e-01
3.266102173303635503e-01
3.328024786810897528e-01
3.418790626046153136e-01
3.418797664508095302e-01
3.378649546870886033e-01
3.378653012677277911e-01
3.304896034199056865e-01
3.254974035766831086e-01
3.227526583296344564e-01
3.212661810340622925e-01
3.227526583296344564e-01
3.254974035766831086e-01
3.304896034199056865e-01
3.378653012677277911e-01
3.378649546870886033e-01
3.361378220216943435e-01
3.361369956433786776e-01
3.295010124505721727e-01
3.250405625774454577e-01
3.226627831297937954e-01
3.214874821984390341e-01
3.226627831297937954e-01
3.250405625774454577e-01
3.295010124505721727e-01
3.361369956433786776e-01
3.361378220216943435e-01
3.331847222618069537e-01
3.331845105316733058e-01
3.278142514817028452e-01
3.242215910696228387e-01
3.222754513097578211e-01
3.212342083678765281e-01
3.222754513097578211e-01
3.242215910696228387e-01
3.278142514817028452e-01
3.331845105316733058e-01
3.331847222618069537e-01
3.319119953379306986e-01
3.319110223104004276e-01
3.270843300097388551e-01
3.238655911878304261e-01
3.221631104984251093e-01
3.213189997464325764e-01
3.221631104984251093e-01
3.238655911878304261e-01
3.270843300097388551e-01
3.319110223104004276e-01
3.319119953379306986e-01
3.297311077281300240e-01
3.297307218366272719e-01
3.258215732488879413e-01
3.232056440238355033e-01
3.217932896209459437e-01
3.210405879455778266e-01
3.217932896209459437e-01
3.232056440238355033e-01
3.258215732488879413e-01
3.297307218366272719e-01
3.297311077281300240e-01
3.287893018261738853e-01
3.287889298320635367e-01
3.252702029809761974e-01
3.229116828177553966e-01
3.216592686509158194e-01
3.210309979323920926e-01
3.216592686509158194e-01
3.229116828177553966e-01
3.252702029809761974e-01
3.287889298320635367e-01
3.287893018261738853e-01
3.271737642400935897e-01
3.271735315477812822e-01
3.243102601014530295e-01
3.223669203166512620e-01
3.213105524411331571e-01
3.207445735473440362e-01
3.213105524411331571e-01
3.223669203166512620e-01
3.243102601014530295e-01
3.271735315477812822e-01
3.271737642400935897e-01
3.264756572203667551e-01
3.264758333034461502e-01
3.238900799042778167e-01
3.221257458794813400e-01
3.211776619327368909e-01
3.206952918082580650e-01
3.211776619327368909e-01
3.221257458794813400e-01
3.238900799042778167e-01
3.264758333034461502e-01
3.264756572203667551e-01
3.252791923484577019e-01
3.252783410860587421e-01
3.231602021062420227e-01
3.216865782223055081e-01
3.208759769539493156e-01
3.204368537356380719e-01
3.208759769539493156e-01
3.216865782223055081e-01
3.231602021062420227e-01
3.252783410860587421e-01
3.252791923484577019e-01
3.247617858070968033e-01
3.247617250352577423e-01
3.228414088223216516e-01
3.214961792461489831e-01
3.207635413917736544e-01
3.203863034211533178e-01
3.207635413917736544e-01
3.214961792461489831e-01
3.228414088223216516e-01
3.247617250352577423e-01
3.247617858070968033e-01
3.238761186513337553e-01
3.238741924172878206e-01
3.222914355087281302e-01
3.211570278802867717e-01
3.205259324554629585e-01
3.201804711165605610e-01
3.205259324554629585e-01
3.211570278802867717e-01
3.222914355087281302e-01
3.238741924172878206e-01
3.238761186513337553e-01
3.234924566174350313e-01
3.234918389869602118e-01
3.220524069487895602e-01
3.210132461289019745e-01
3.204419275876364548e-01
3.201450042548570907e-01
3.204419275876364548e-01
3.210132461289019745e-01
3.220524069487895602e-01
3.234918389869602118e-01
3.234924566174350313e-01
3.228365794290146695e-01
3.228344247159177227e-01
3.216432007729234099e-01
3.207627145983589223e-01
3.202695443351392668e-01
3.199975075652001233e-01
3.202695443351392668e-01
3.207627145983589223e-01
3.216432007729234099e-01
3.228344247159177227e-01
3.228365794290146695e-01
3.225528088155036333e-01
3.225513361875664842e-01
3.214665950888235812e-01
3.206583863021701397e-01
3.202123251879837040e-01
3.199791815523711502e-01
3.202123251879837040e-01
3.206583863021701397e-01
3.214665950888235812e-01
3.225513361875664842e-01
3.225528088155035777e-01
3.220676310102759676e-01
3.220655854013206310e-01
3.211659272114988362e-01
3.204794468583528899e-01
3.200944104692903247e-01
3.198809498124035589e-01
3.200944104692903247e-01
3.204794468583528899e-01
3.211659272114988362e-01
3.220655854013206310e-01
3.220676310102759676e-01
3.218584492677399878e-01
3.218563033645814864e-01
3.210370149572919773e-01
3.204057579866750327e-01
3.200575467754941394e-01
3.198747822924398743e-01
3.200575467754941394e-01
3.204057579866750327e-01
3.210370149572919773e-01
3.218563033645814864e-01
3.218584492677399878e-01
3.215005847839532138e-01
3.214983357583053869e-01
3.208181688177988988e-01
3.202801990892530926e-01
3.199791129853680194e-01
3.198117856111533652e-01
3.199791129853680194e-01
3.202801990892530926e-01
3.208181688177988988e-01
3.214983357583053869e-01
3.215005847839531583e-01
3.213465378500515168e-01
3.213441934823941804e-01
3.207246719046765171e-01
3.202285335359743024e-01
3.199555639355127212e-01
3.198112878235252476e-01
3.199555639355127212e-01
3.202285335359742469e-01
3.207246719046765726e-01
3.213441934823941248e-01
3.213465378500515168e-01
3.210834017978324018e-01
3.210809408044089652e-01
3.205661123390301515e-01
3.201405046611234262e-01
3.199030339047976290e-01
3.197707034348601374e-01
3.199030339047976845e-01
3.201405046611234262e-01
3.205661123390301515e-01
3.210809408044089652e-01
3.210834017978324018e-01
3.209702125336088008e-01
3.209677193438394416e-01
3.204984469057168273e-01
3.201039607690712163e-01
3.198873233728145582e-01
3.197716525973993695e-01
3.198873233728145582e-01
3.201039607690712163e-01
3.204984469057168273e-01
3.209677193438393861e-01
3.209702125336088008e-01
3.207771165216066755e-01
3.207745290336564414e-01
3.203835209225180947e-01
3.200414015548149749e-01
3.198509259612177802e-01
3.197442292667779240e-01
3.198509259612177802e-01
3.200414015548149749e-01
3.203835209225180947e-01
3.207745290336564414e-01
3.207771165216066200e-01
3.206941274367465233e-01
3.206915162638058758e-01
3.203344913245754211e-01
3.200151404812197620e-01
3.198396973098256990e-01
3.197448048595094017e-01
3.198396973098256990e-01
3.200151404812197620e-01
3.203344913245753656e-01
3.206915162638058758e-01
3.206941274367464678e-01
3.205526857531822427e-01
3.205499693064106093e-01
3.202509666832318858e-01
3.199699416385021200e-01
3.198135055680281780e-01
3.197252734766456439e-01
3.198135055680281780e-01
3.199699416385021200e-01
3.202509666832318302e-01
3.205499693064106093e-01
3.205526857531822427e-01
3.204919007169078071e-01
3.204892121926866122e-01
3.202153806928046964e-01
3.199507779988071121e-01
3.198051147985526144e-01
3.197250748565966250e-01
3.198051147985526144e-01
3.199507779988071121e-01
3.202153806928046964e-01
3.204892121926866122e-01
3.204919007169078071e-01
3.203884183335687363e-01
3.203858958881397601e-01
3.201545770651639256e-01
3.199179514524307932e-01
3.197859276240196391e-01
3.197109352718927600e-01
3.197859276240196391e-01
3.199179514524307932e-01
3.201545770651638700e-01
3.203858958881397601e-01
3.203884183335687363e-01
3.203443814490770647e-01
3.203413389934331446e-01
3.201287636461246366e-01
3.199038502284189955e-01
3.197796537583599830e-01
3.197101900917453943e-01
3.197796537583599830e-01
3.199038502284189955e-01
3.201287636461246366e-01
3.203413389934331446e-01
3.203443814490770647e-01
3.202687804793621362e-01
3.202664536102672321e-01
3.200849668309833640e-01
3.198800440827603841e-01
3.197657236139995751e-01
3.197001719900668948e-01
3.197657236139995751e-01
3.198800440827603841e-01
3.200849668309833640e-01
3.202664536102672321e-01
3.202687804793621362e-01
3.202371402745310403e-01
3.202341270846310595e-01
3.200661887044653486e-01
3.198700933767839594e-01
3.197610364023533713e-01
3.196992966930407021e-01
3.197610364023533713e-01
3.198700933767839594e-01
3.200661887044653486e-01
3.202341270846310595e-01
3.202371402745310403e-01
3.201830984829630578e-01
3.201801547728000408e-01
3.200349681892044607e-01
3.198530288370224905e-01
3.197515561589570621e-01
3.196923974270815538e-01
3.197515561589570066e-01
3.198530288370224905e-01
3.200349681892044607e-01
3.201801547728000408e-01
3.201830984829630578e-01
3.201599689116750858e-01
3.201575484951280637e-01
3.200218475513799676e-01
3.198461740991017654e-01
3.197479212569572238e-01
3.196918508837580664e-01
3.197479212569571683e-01
3.198461740991017654e-01
3.200218475513799676e-01
3.201575484951280637e-01
3.201599689116751413e-01
3.201223567113619661e-01
3.201191037620381707e-01
3.199982537883945266e-01
3.198345252149071838e-01
3.197417308004423808e-01
3.196876661380707585e-01
3.197417308004423808e-01
3.198345252149072393e-01
3.199982537883945266e-01
3.201191037620381707e-01
3.201223567113619661e-01
3.201060219745539559e-01
3.201027233813728556e-01
3.199896152923176751e-01
3.198284455225160472e-01
3.197396839578336980e-01
3.196869969262410294e-01
3.197396839578336980e-01
3.198284455225160472e-01
3.199896152923176751e-01
3.201027233813728556e-01
3.201060219745539559e-01
3.200777308429054169e-01
3.200751526713359607e-01
3.199733668480517768e-01
3.198205337347558297e-01
3.197343915072878850e-01
3.196851020151046940e-01
3.197343915072878850e-01
3.198205337347558297e-01
3.199733668480517768e-01
3.200751526713359607e-01
3.200777308429054169e-01
3.200664200965768758e-01
3.200625824476016068e-01
3.199669167249019619e-01
3.198166858925589606e-01
3.197336576147614684e-01
3.196840437827706549e-01
3.197336576147614684e-01
3.198166858925589606e-01
3.199669167249019619e-01
3.200625824476016068e-01
3.200664200965768758e-01
3.200452200895079202e-01
3.200422637164646589e-01
3.199601271821413961e-01
3.198129251178224441e-01
3.197313090345043074e-01
3.196833053997278906e-01
3.197313090345043074e-01
3.198129251178224441e-01
3.199601271821413961e-01
3.200422637164646589e-01
3.200452200895079202e-01
3.200362672801473907e-01
3.200339595498012391e-01
3.199571912860413869e-01
3.198127454058647401e-01
3.197308312620122384e-01
3.196839226974849679e-01
3.197308312620122384e-01
3.198127454058647401e-01
3.199571912860413869e-01
3.200339595498012391e-01
3.200362672801473907e-01
3.200231556162184687e-01
3.200205953177046037e-01
3.199549284131830151e-01
3.198142257536800148e-01
3.197332432747754249e-01
3.196863477296300049e-01
3.197332432747754249e-01
3.198142257536800148e-01
3.199549284131830151e-01
3.200205953177046037e-01
3.200231556162184687e-01
3.200181863085865830e-01
3.200156432279868124e-01
3.199557962177271841e-01
3.198130426864811415e-01
3.197355488147797797e-01
3.196879064068663401e-01
3.197355488147797797e-01
3.198130426864811415e-01
3.199557962177271841e-01
3.200156432279868124e-01
3.200181863085865830e-01
3.200114028786489317e-01
3.200087218351114204e-01
3.199518841002014780e-01
3.198151423080100031e-01
3.197400085213042420e-01
3.196921658617745687e-01
3.197400085213042420e-01
3.198151423080100031e-01
3.199518841002014780e-01
3.200087218351114204e-01
3.200114028786489317e-01
3.200091360758666181e-01
3.200061531015036542e-01
3.199513860366148821e-01
3.198185730221562162e-01
3.197407689040493994e-01
3.196938344744891802e-01
3.197407689040493994e-01
3.198185730221562162e-01
3.199513860366149376e-01
3.200061531015036542e-01
3.200091360758666736e-01
3.200058553852496157e-01
3.200028207834132998e-01
3.199463889168091546e-01
3.198249631643254043e-01
3.197436645096090602e-01
3.196984063168086809e-01
3.197436645096090047e-01
3.198249631643254043e-01
3.199463889168091546e-01
3.200028207834132998e-01
3.200058553852496157e-01
3.200047526985841384e-01
3.200016151753686255e-01
3.199457564657764430e-01
3.198314562939879035e-01
3.197481683909273453e-01
3.196988647372953629e-01
3.197481683909272898e-01
3.198314562939879035e-01
3.199457564657763875e-01
3.200016151753686255e-01
3.200047526985841384e-01
3.200033981797869576e-01
3.199998773244280281e-01
3.199504831738492205e-01
3.198371360759859616e-01
3.197568189699802610e-01
3.197022821851939200e-01
3.197568189699802610e-01
3.198371360759859616e-01
3.199504831738492205e-01
3.199998773244280281e-01
3.200033981797869576e-01
3.200026165169724823e-01
3.199994544304306521e-01
3.199537764161213826e-01
3.198354692118531295e-01
3.197607638184726819e-01
3.197025642159688763e-01
3.197607638184726819e-01
3.198354692118531295e-01
3.199537764161213826e-01
3.199994544304306521e-01
3.200026165169724823e-01
3.200020387709404113e-01
3.199990347051200335e-01
3.199691906662703866e-01
3.198288838108943599e-01
3.197689659317730082e-01
3.197123843856751191e-01
3.197689659317730082e-01
3.198288838108943599e-01
3.199691906662703866e-01
3.199990347051199779e-01
3.200020387709404113e-01
3.200024033317781513e-01
3.199997308864596102e-01
3.199762080544643061e-01
3.198263180956272822e-01
3.197708005273930398e-01
3.197174385973825528e-01
3.197708005273930398e-01
3.198263180956272822e-01
3.199762080544643061e-01
3.199997308864596102e-01
3.200024033317781513e-01
3.200057387566435652e-01
3.200012637532495541e-01
3.199866720452790858e-01
3.198303441632194266e-01
3.197716957068629240e-01
3.197519768658999562e-01
3.197716957068629240e-01
3.198303441632194266e-01
3.199866720452790858e-01
3.200012637532495541e-01
3.200057387566435652e-01
3.200061277379628866e-01
3.200027641113253885e-01
3.199933959517393123e-01
3.198285033813693112e-01
3.197673173633087673e-01
3.197519859396242836e-01
3.197673173633087673e-01
3.198285033813693112e-01
3.199933959517393123e-01
3.200027641113253885e-01
3.200061277379628866e-01
3.200077308346900296e-01
3.200061277379628866e-01
3.199952499327038402e-01
3.198306956115505306e-01
3.197753792526852323e-01
3.197355784208096297e-01
3.197753792526852323e-01
3.198306956115505306e-01
3.199952499327038402e-01
3.200061277379628866e-01
3.200077308346900296e-01
