2.395265005267810665e-01
2.395339496507959687e-01
2.399311876078971117e-01
2.400841030426457412e-01
2.401847190145704469e-01
2.401362706886675802e-01
2.401847190145704469e-01
2.400841030426457412e-01
2.399311876078971117e-01
2.395339496507959687e-01
2.395265005267810665e-01
2.395339496507959687e-01
2.395405744149160521e-01
2.399268564057241981e-01
2.400890578103161699e-01
2.401614852197577199e-01
2.401675023790063035e-01
2.401614852197577199e-01
2.400890578103161699e-01
2.399268564057241981e-01
2.395405744149160521e-01
2.395339496507959687e-01
2.395366360578516929e-01
2.395437899649621172e-01
2.399298484812595333e-01
2.400833941533172533e-01
2.401282906764628799e-01
2.401761568861861817e-01
2.401282906764628799e-01
2.400833941533172533e-01
2.399298484812595333e-01
2.395437899649621172e-01
2.395366360578516929e-01
2.395415433098564417e-01
2.395481840417182373e-01
2.399380895355601728e-01
2.400887308894985583e-01
2.401390981412973302e-01
2.401712227046619852e-01
2.401390981412973302e-01
2.400887308894985583e-01
2.399380895355601728e-01
2.395481840417182373e-01
2.395415433098564417e-01
2.395430428272423140e-01
2.395502179529707398e-01
2.399432060184759630e-01
2.400727747998221140e-01
2.401487374237270822e-01
2.401745930134999707e-01
2.401487374237270822e-01
2.400727747998221140e-01
2.399432060184759630e-01
2.395502179529707398e-01
2.395430428272423140e-01
2.395454390614945306e-01
2.395532887016808832e-01
2.399607746162052135e-01
2.400761086793330168e-01
2.401424608886739420e-01
2.401763690859223255e-01
2.401424608886739420e-01
2.400761086793330168e-01
2.399607746162052135e-01
2.395532887016808832e-01
2.395454390614945306e-01
2.395470560259019277e-01
2.395539917073097325e-01
2.399622686798211502e-01
2.400763154715938597e-01
2.401435636297254150e-01
2.401845996652845205e-01
2.401435636297254150e-01
2.400763154715938597e-01
2.399622686798211502e-01
2.395539917073097325e-01
2.395470560259019277e-01
2.395476600858455207e-01
2.395563301893817165e-01
2.399753137415554238e-01
2.400808146899924556e-01
2.401513918346911691e-01
2.401833408793042635e-01
2.401513918346911691e-01
2.400808146899924556e-01
2.399753137415554238e-01
2.395563301893817165e-01
2.395476600858455207e-01
2.395492209537573303e-01
2.395564407688186292e-01
2.399780641019953753e-01
2.400866796301599493e-01
2.401549352835466999e-01
2.401901368640877443e-01
2.401549352835466999e-01
2.400866796301599493e-01
2.399780641019953753e-01
2.395564407688186292e-01
2.395492209537573303e-01
2.395504413048433479e-01
2.395590448267443384e-01
2.399821186068400447e-01
2.400911166426811794e-01
2.401581309136310294e-01
2.401905480415321703e-01
2.401581309136310294e-01
2.400911166426811794e-01
2.399821186068400447e-01
2.395590448267443384e-01
2.395504413048433479e-01
2.395521217247116585e-01
2.395595035249695470e-01
2.399849591847485475e-01
2.400933537608759827e-01
2.401621461448554262e-01
2.401973470632576824e-01
2.401621461448554262e-01
2.400933537608759827e-01
2.399849591847485475e-01
2.395595035249695470e-01
2.395521217247116585e-01
2.395538886534301637e-01
2.395627734536699138e-01
2.399893987032934439e-01
2.400982012981896785e-01
2.401653098681418019e-01
2.401977431729576951e-01
2.401653098681418019e-01
2.400982012981896785e-01
2.399893987032934439e-01
2.395627734536699138e-01
2.395538886534301637e-01
2.395561970758975923e-01
2.395635815588748330e-01
2.399923011571660214e-01
2.401006480399584253e-01
2.401693240416783170e-01
2.402045818165285118e-01
2.401693240416783170e-01
2.401006480399584253e-01
2.399923011571660214e-01
2.395635815588748330e-01
2.395561970758975923e-01
2.395590921869872603e-01
2.395680009090765672e-01
2.399972549931897459e-01
2.401056544869712983e-01
2.401727788925792362e-01
2.402052357968757212e-01
2.401727788925792362e-01
2.401056544869712983e-01
2.399972549931897459e-01
2.395680009090765672e-01
2.395590921869872603e-01
2.395619605013483144e-01
2.395696073519607006e-01
2.400003633235400780e-01
2.401082486195895982e-01
2.401767310766274588e-01
2.402118062513925734e-01
2.401767310766274588e-01
2.401082486195895982e-01
2.400003633235400780e-01
2.395696073519607006e-01
2.395619605013483144e-01
2.395667131201309197e-01
2.395753882349316299e-01
2.400061372407002180e-01
2.401135491703514091e-01
2.401803465074416888e-01
2.402126920783548558e-01
2.401803465074416888e-01
2.401135491703514091e-01
2.400061372407002180e-01
2.395753882349316022e-01
2.395667131201309197e-01
2.395701564894844315e-01
2.395781154516394840e-01
2.400096192285358088e-01
2.401163347512893231e-01
2.401842172532032971e-01
2.402189192221788061e-01
2.401842172532032971e-01
2.401163347512893231e-01
2.400096192285358088e-01
2.395781154516394840e-01
2.395701564894844315e-01
2.395770369618718532e-01
2.395857431270983495e-01
2.400165310624957082e-01
2.401220734991546535e-01
2.401879875263535635e-01
2.402199379267750678e-01
2.401879875263535635e-01
2.401220734991546535e-01
2.400165310624957082e-01
2.395857431270983495e-01
2.395770369618718532e-01
2.395816401461690059e-01
2.395896898004194198e-01
2.400206271491722998e-01
2.401251475677578240e-01
2.401917880691760987e-01
2.402257230898972029e-01
2.401917880691760987e-01
2.401251475677578240e-01
2.400206271491722998e-01
2.395896898004194198e-01
2.395816401461690059e-01
2.395912551748110852e-01
2.396000493117804997e-01
2.400291361132055601e-01
2.401315887227071233e-01
2.401959295988103649e-01
2.402270849302315103e-01
2.401959295988103649e-01
2.401315887227071233e-01
2.400291361132055601e-01
2.396000493117804997e-01
2.395912551748110852e-01
2.395974690958544151e-01
2.396056662700319917e-01
2.400341363596321109e-01
2.401351756512052071e-01
2.401997287473453535e-01
2.402324689735686192e-01
2.401997287473453535e-01
2.401351756512052071e-01
2.400341363596321109e-01
2.396056662700320194e-01
2.395974690958544151e-01
2.396110227891777855e-01
2.396197524050492911e-01
2.400449329248485197e-01
2.401427834297313879e-01
2.402047177421817170e-01
2.402345890928333505e-01
2.402047177421817170e-01
2.401427834297313879e-01
2.400449329248485197e-01
2.396197524050492911e-01
2.396110227891777855e-01
2.396193035850447961e-01
2.396278012868778007e-01
2.400511999278794051e-01
2.401472052426763260e-01
2.402087960994682414e-01
2.402398663262488576e-01
2.402087960994682414e-01
2.401472052426763260e-01
2.400511999278794051e-01
2.396278012868778284e-01
2.396193035850447683e-01
2.396383522980744529e-01
2.396470314999991635e-01
2.400652542464925820e-01
2.401567411140238251e-01
2.402152421021941930e-01
2.402433591935109192e-01
2.402152421021941930e-01
2.401567411140238251e-01
2.400652542464926098e-01
2.396470314999991635e-01
2.396383522980744807e-01
2.396496118414909449e-01
2.396584435033947968e-01
2.400733422448737275e-01
2.401623460807247867e-01
2.402200428985663272e-01
2.402489147709903627e-01
2.402200428985663272e-01
2.401623460807247867e-01
2.400733422448737275e-01
2.396584435033947968e-01
2.396496118414909449e-01
2.396763325545654411e-01
2.396850472942548826e-01
2.400919872468055549e-01
2.401747175709531279e-01
2.402286633163452367e-01
2.402544975522752091e-01
2.402286633163452367e-01
2.401747175709531279e-01
2.400919872468055549e-01
2.396850472942548549e-01
2.396763325545654411e-01
2.396919473480428331e-01
2.397010926828638533e-01
2.401026321016261067e-01
2.401819556517391097e-01
2.402345212399292218e-01
2.402607002066477482e-01
2.402345212399292218e-01
2.401819556517391097e-01
2.401026321016261067e-01
2.397010926828638533e-01
2.396919473480428331e-01
2.397293842706170741e-01
2.397382283565653027e-01
2.401275258098125032e-01
2.401979158195044206e-01
2.402457380221970085e-01
2.402685549067702098e-01
2.402457380221970085e-01
2.401979158195043929e-01
2.401275258098125032e-01
2.397382283565652750e-01
2.397293842706170741e-01
2.397512419823684959e-01
2.397605273809879645e-01
2.401416626305239721e-01
2.402070868746173371e-01
2.402525834257353277e-01
2.402752227375103411e-01
2.402525834257353277e-01
2.402070868746173649e-01
2.401416626305239443e-01
2.397605273809879922e-01
2.397512419823684682e-01
2.398031598955709109e-01
2.398121183223678177e-01
2.401745207366910995e-01
2.402269489985515427e-01
2.402658531224559357e-01
2.402844945168509661e-01
2.402658531224559635e-01
2.402269489985515427e-01
2.401745207366910995e-01
2.398121183223678177e-01
2.398031598955709109e-01
2.398334477133216291e-01
2.398428699490769422e-01
2.401931661376360272e-01
2.402378975504555758e-01
2.402729615779757300e-01
2.402902035913901113e-01
2.402729615779757300e-01
2.402378975504555758e-01
2.401931661376360272e-01
2.398428699490769422e-01
2.398334477133216291e-01
2.399049707888875338e-01
2.399138857247816725e-01
2.402360581630388070e-01
2.402613378800815824e-01
2.402865196374573131e-01
2.402988353825653012e-01
2.402865196374573131e-01
2.402613378800815547e-01
2.402360581630388070e-01
2.399138857247816725e-01
2.399049707888875616e-01
2.399465099301252846e-01
2.399563136123120666e-01
2.402604220426693971e-01
2.402738320390064575e-01
2.402923793822281384e-01
2.403007916958293522e-01
2.402923793822281384e-01
2.402738320390064575e-01
2.402604220426693971e-01
2.399563136123120666e-01
2.399465099301252846e-01
2.400451494665641616e-01
2.400541988726802578e-01
2.403169131882094134e-01
2.403007580014118738e-01
2.403043808153473015e-01
2.403063824915244451e-01
2.403043808153473015e-01
2.403007580014118738e-01
2.403169131882094134e-01
2.400541988726802300e-01
2.400451494665641616e-01
2.401026938055863535e-01
2.401126422836730445e-01
2.403493893618618982e-01
2.403154348899508574e-01
2.403075342209062548e-01
2.403014295844060066e-01
2.403075342209062548e-01
2.403154348899508574e-01
2.403493893618618982e-01
2.401126422836730723e-01
2.401026938055863258e-01
2.402388508121002242e-01
2.402481636199990389e-01
2.404260523926395332e-01
2.403487226765914919e-01
2.403188014180448473e-01
2.403041694811714757e-01
2.403188014180448473e-01
2.403487226765914919e-01
2.404260523926395332e-01
2.402481636199990112e-01
2.402388508121002242e-01
2.403187463075631691e-01
2.403284424300890787e-01
2.404710961923147705e-01
2.403681534924602681e-01
2.403201154026824993e-01
2.402911283829146094e-01
2.403201154026824993e-01
2.403681534924602681e-01
2.404710961923147705e-01
2.403284424300890787e-01
2.403187463075631691e-01
2.405059323507886260e-01
2.405150951330882469e-01
2.405785620872549213e-01
2.404165562884054697e-01
2.403376642370175786e-01
2.402980554162765792e-01
2.403376642370175786e-01
2.404165562884054419e-01
2.405785620872549213e-01
2.405150951330882192e-01
2.405059323507886260e-01
2.406154200426463274e-01
2.406252273371411732e-01
2.406426740982244850e-01
2.404464160639596670e-01
2.403424923375749866e-01
2.402810209163740995e-01
2.403424923375749866e-01
2.404464160639596670e-01
2.406426740982244850e-01
2.406252273371412009e-01
2.406154200426463274e-01
2.408715502794020469e-01
2.408806768033491807e-01
2.407959689442218942e-01
2.405253563068912304e-01
2.403821010483161158e-01
2.403082756261726294e-01
2.403821010483161158e-01
2.405253563068912304e-01
2.407959689442219220e-01
2.408806768033491807e-01
2.408715502794020469e-01
2.410210385798847443e-01
2.410309924656795499e-01
2.408876725357484982e-01
2.405749962944482845e-01
2.404009914695654226e-01
2.402994689954532082e-01
2.404009914695654226e-01
2.405749962944482845e-01
2.408876725357484982e-01
2.410309924656795499e-01
2.410210385798847166e-01
2.413697539453518448e-01
2.413792559986401298e-01
2.411055457971349458e-01
2.407048771048013180e-01
2.404860179293116240e-01
2.403706167717075681e-01
2.404860179293116240e-01
2.407048771048013180e-01
2.411055457971349458e-01
2.413792559986401298e-01
2.413697539453518448e-01
2.415732393054924876e-01
2.415827713412579403e-01
2.412344432388769944e-01
2.407851561781531313e-01
2.405330469038393371e-01
2.403890295020827683e-01
2.405330469038393371e-01
2.407851561781531313e-01
2.412344432388769944e-01
2.415827713412579403e-01
2.415732393054924876e-01
2.420441920193266705e-01
2.420536149160335826e-01
2.415357851827582558e-01
2.409847606817394350e-01
2.406852347518467772e-01
2.405263190420092734e-01
2.406852347518467772e-01
2.409847606817394350e-01
2.415357851827582558e-01
2.420536149160335826e-01
2.420441920193266983e-01
2.423179215987757151e-01
2.423273078883126930e-01
2.417101743271439229e-01
2.411019719949083762e-01
2.407701557967369121e-01
2.405870107408429326e-01
2.407701557967369121e-01
2.411019719949083762e-01
2.417101743271439229e-01
2.423273078883126930e-01
2.423179215987757151e-01
2.429493137218388110e-01
2.429587074815690306e-01
2.421090324467723431e-01
2.413739982750505719e-01
2.409892503244509265e-01
2.407891884637157198e-01
2.409892503244509265e-01
2.413739982750505719e-01
2.421090324467723431e-01
2.429587074815690306e-01
2.429493137218388110e-01
2.433158356250510745e-01
2.433262198999741333e-01
2.423342360259231887e-01
2.415220079740990344e-01
2.411025218068065801e-01
2.408824938619253120e-01
2.411025218068065801e-01
2.415220079740990344e-01
2.423342360259231887e-01
2.433262198999741333e-01
2.433158356250511023e-01
2.441643426230820368e-01
2.441748095500229643e-01
2.428389518604091857e-01
2.418375573224816333e-01
2.413424861675734778e-01
2.410979736343038249e-01
2.413424861675734778e-01
2.418375573224816333e-01
2.428389518604091857e-01
2.441748095500229643e-01
2.441643426230820091e-01
2.446596112881350704e-01
2.446716219578603801e-01
2.431196542079423484e-01
2.419934693093690192e-01
2.414409893348806735e-01
2.411650219459400835e-01
2.414409893348806735e-01
2.419934693093690192e-01
2.431196542079423484e-01
2.446716219578603524e-01
2.446596112881350704e-01
2.458131656080759231e-01
2.458243691314197510e-01
2.437446178963245946e-01
2.422943337622204818e-01
2.416029460621045288e-01
2.412823208825194410e-01
2.416029460621045288e-01
2.422943337622204818e-01
2.437446178963245946e-01
2.458243691314197510e-01
2.458131656080759231e-01
2.464903240860284728e-01
2.465025275496726398e-01
2.440947012881951872e-01
2.424265279516861771e-01
2.416120343874994247e-01
2.412061754248576717e-01
2.416120343874994247e-01
2.424265279516861771e-01
2.440947012881951872e-01
2.465025275496726120e-01
2.464903240860284728e-01
2.480731450749222022e-01
2.480847013293690229e-01
2.448878131034513961e-01
2.426644751239778741e-01
2.415831411937983397e-01
2.410937129610284946e-01
2.415831411937983397e-01
2.426644751239778741e-01
2.448878131034513961e-01
2.480847013293690229e-01
2.480731450749222022e-01
2.490077099885665279e-01
2.490195361347171399e-01
2.453491550206789995e-01
2.427635444347245042e-01
2.414337011320463466e-01
2.407376638580074890e-01
2.414337011320463466e-01
2.427635444347245042e-01
2.453491550206790273e-01
2.490195361347171121e-01
2.490077099885665557e-01
2.511995744177978329e-01
2.512096279768902818e-01
2.464386712883202268e-01
2.429885758731566425e-01
2.411983136194626176e-01
2.403631856502709274e-01
2.411983136194626176e-01
2.429885758731566425e-01
2.464386712883201991e-01
2.512096279768903373e-01
2.511995744177978329e-01
2.524957030933717150e-01
2.525087087785650164e-01
2.471058719927809733e-01
2.431253235223728715e-01
2.409119089320454210e-01
2.396831613359692859e-01
2.409119089320454210e-01
2.431253235223728715e-01
2.471058719927809733e-01
2.525087087785650164e-01
2.524957030933717150e-01
2.555447428638099039e-01
2.555578280688068915e-01
2.487503446461781509e-01
2.436132672442455072e-01
2.407354418741979307e-01
2.393115733148370727e-01
2.407354418741979307e-01
2.436132672442455072e-01
2.487503446461781509e-01
2.555578280688069470e-01
2.555447428638099039e-01
2.573509154413227140e-01
2.573670576206426031e-01
2.497864700504196234e-01
2.440036198952461877e-01
2.405474089924498626e-01
2.385421811092643674e-01
2.405474089924498626e-01
2.440036198952461877e-01
2.497864700504196234e-01
2.573670576206426031e-01
2.573509154413227140e-01
2.615938982199175755e-01
2.616054598102031115e-01
2.523699907387927377e-01
2.453487788976042028e-01
2.411527517187557201e-01
2.389347369722261416e-01
2.411527517187557201e-01
2.453487788976042305e-01
2.523699907387927377e-01
2.616054598102031115e-01
2.615938982199175755e-01
2.640863398168168397e-01
2.641001567918249693e-01
2.539713813580619095e-01
2.463614297449608082e-01
2.416045024099691962e-01
2.387804766050175553e-01
2.416045024099691962e-01
2.463614297449608082e-01
2.539713813580619095e-01
2.641001567918249693e-01
2.640863398168168397e-01
2.698869718055472156e-01
2.699080178265224617e-01
2.578438463555015603e-01
2.493476708762665806e-01
2.441235001610432276e-01
2.411714758319531138e-01
2.441235001610432276e-01
2.493476708762665806e-01
2.578438463555015603e-01
2.699080178265224617e-01
2.698869718055472156e-01
2.732791767358099810e-01
2.732991367704813990e-01
2.601022964534336346e-01
2.513273428220477723e-01
2.459605269528546412e-01
2.428256057761752629e-01
2.459605269528546412e-01
2.513273428220477723e-01
2.601022964534336346e-01
2.732991367704813990e-01
2.732791767358100365e-01
2.811297245141485823e-01
2.811469367384982765e-01
2.651854487963174467e-01
2.562519459903171426e-01
2.512301345336281355e-01
2.482182301937995716e-01
2.512301345336281355e-01
2.562519459903171426e-01
2.651854487963174467e-01
2.811469367384982765e-01
2.811297245141485268e-01
2.856881633380562446e-01
2.857093746906490539e-01
2.678364735331211222e-01
2.589645229077875421e-01
2.547734687844517842e-01
2.527749319096899150e-01
2.547734687844517842e-01
2.589645229077875421e-01
2.678364735331211222e-01
2.857093746906490539e-01
2.856881633380562446e-01
2.962270051536440296e-01
2.962505886502510566e-01
2.730626550117069562e-01
2.640036641586107624e-01
2.612093070051729748e-01
2.597157873149230078e-01
2.612093070051729748e-01
2.640036641586107624e-01
2.730626550117069562e-01
2.962505886502510566e-01
2.962270051536440296e-01
3.024113784055713627e-01
3.024398310955930258e-01
2.752732513375693024e-01
2.655127052228530293e-01
2.645409249278882768e-01
2.659867081868375061e-01
2.645409249278882768e-01
2.655127052228530293e-01
2.752732513375693024e-01
3.024398310955930813e-01
3.024113784055713072e-01
3.169259177919279136e-01
3.169449206126033203e-01
2.785124227770673921e-01
2.641164575199449471e-01
2.630685170852864463e-01
2.649704076350000714e-01
2.630685170852864463e-01
2.641164575199449471e-01
2.785124227770673921e-01
3.169449206126033203e-01
3.169259177919279136e-01
3.256684651310408629e-01
3.256847351555929304e-01
2.793768311029214413e-01
2.599464277866337381e-01
2.572419129379318603e-01
2.621869101808713132e-01
2.572419129379318603e-01
2.599464277866337381e-01
2.793768311029214413e-01
3.256847351555928749e-01
3.256684651310408629e-01
5.989603406873630354e-01
3.467299836073898245e-01
2.798901460062167557e-01
2.436710092294116226e-01
2.192032970609510967e-01
2.011594302465419537e-01
2.192032970609510967e-01
2.436710092294116226e-01
2.798901460062167557e-01
3.467299836073898245e-01
5.989603406873630354e-01
5.989603406873630354e-01
3.549396578678082337e-01
2.804362339770672952e-01
2.387609520966837984e-01
2.116380873885749248e-01
1.952181277459011377e-01
2.116380873885749248e-01
2.387609520966837984e-01
2.804362339770672952e-01
3.549396578678082337e-01
5.989603406873630354e-01
5.989603406873630354e-01
3.676236502101152825e-01
2.825577436734888481e-01
2.352689002704976551e-01
2.069875641089138352e-01
1.906775106606615477e-01
2.069875641089138352e-01
2.352689002704976551e-01
2.825577436734888481e-01
3.676236502101152825e-01
5.989603406873630354e-01
5.989603406873630354e-01
3.727422850199024196e-01
2.841584234789265584e-01
2.357202262254362579e-01
2.084258810071808465e-01
1.940260689715365694e-01
2.084258810071808465e-01
2.357202262254362579e-01
2.841584234789265584e-01
3.727422850199024751e-01
5.989603406873630354e-01
5.989603406873630354e-01
3.809822419936508275e-01
2.882694161593828963e-01
2.393272020404236811e-01
2.129672985149642928e-01
1.989217314995144203e-01
2.129672985149642928e-01
2.393272020404236811e-01
2.882694161593828963e-01
3.809822419936508275e-01
5.989603406873630354e-01
5.989603406873630354e-01
3.844321810295723840e-01
2.905422502096928761e-01
2.417964090031571034e-01
2.163256367116096479e-01
2.033683213950403801e-01
2.163256367116096479e-01
2.417964090031571034e-01
2.905422502096928761e-01
3.844321810295723840e-01
5.989603406873630354e-01
5.989603406873630354e-01
3.902034076692467712e-01
2.953180059351601106e-01
2.472456256509405204e-01
2.225612251606783887e-01
2.098389241663609073e-01
2.225612251606783887e-01
2.472456256509405204e-01
2.953180059351601106e-01
3.902034076692467712e-01
5.989603406873630354e-01
5.989603406873630354e-01
3.926770727474583333e-01
2.976480142822765518e-01
2.499592209491917072e-01
2.257908653606650606e-01
2.136047318566557385e-01
2.257908653606650606e-01
2.499592209491917072e-01
2.976480142822765518e-01
3.926770727474583333e-01
5.989603406873630354e-01
5.989603406873630354e-01
3.969064834152929988e-01
3.020935491428554664e-01
2.550490822108930633e-01
2.313293938545414319e-01
2.192716634587047742e-01
2.313293938545414319e-01
2.550490822108930633e-01
3.020935491428554664e-01
3.969064834152929988e-01
5.989603406873630354e-01
5.989603406873630354e-01
3.987423803955642554e-01
3.041239043760613492e-01
2.573462940358129947e-01
2.338531529012737864e-01
2.219934726104521305e-01
2.338531529012737864e-01
2.573462940358129947e-01
3.041239043760613492e-01
3.987423803955642554e-01
5.989603406873630354e-01
5.989603406873630354e-01
4.019095819514280077e-01
3.077837957691257897e-01
2.613689513451417090e-01
2.380623537664289802e-01
2.262626317020743905e-01
2.380623537664289802e-01
2.613689513451417090e-01
3.077837957691257897e-01
4.019095819514280077e-01
5.989603406873630354e-01
5.989603406873630354e-01
4.032853985476013703e-01
3.093871914039188487e-01
2.630891851296066619e-01
2.398265534834039536e-01
2.280331539410855868e-01
2.398265534834039536e-01
2.630891851296066619e-01
3.093871914039189042e-01
4.032853985476013703e-01
5.989603406873630354e-01
5.989603406873630354e-01
4.056472975040056883e-01
3.121667045779563665e-01
2.659787796182997432e-01
2.427375123916291622e-01
2.309641667074341376e-01
2.427375123916291622e-01
2.659787796182997432e-01
3.121667045779563665e-01
4.056472975040057438e-01
5.989603406873630354e-01
5.989603406873630354e-01
4.066676501030783153e-01
3.133490620195202858e-01
2.671662450562676261e-01
2.438695061757147620e-01
2.320081383265373554e-01
2.438695061757147620e-01
2.671662450562676261e-01
3.133490620195202858e-01
4.066676501030783153e-01
5.989603406873630354e-01
5.989603406873630354e-01
4.084073881331174993e-01
3.153372551607311336e-01
2.690975807985303558e-01
2.457352658442154558e-01
2.338724870601114614e-01
2.457352658442154558e-01
2.690975807985303558e-01
3.153372551607311336e-01
4.084073881331174993e-01
5.989603406873630354e-01
5.989603406873630354e-01
4.091510932795692779e-01
3.161628311531942681e-01
2.698638987391175359e-01
2.464039443478832914e-01
2.344202786762902557e-01
2.464039443478832914e-01
2.698638987391174804e-01
3.161628311531942681e-01
4.091510932795692779e-01
5.989603406873630354e-01
5.989603406873630354e-01
4.104048870255688208e-01
3.175144865983018372e-01
2.710748843988322609e-01
2.475152156535093129e-01
2.355211441678293771e-01
2.475152156535093129e-01
2.710748843988322609e-01
3.175144865983018372e-01
4.104048870255688763e-01
5.989603406873630354e-01
5.989603406873630354e-01
4.109334973041239292e-01
3.180634073954046181e-01
2.715388971787633943e-01
2.478752112129322671e-01
2.357616088121339271e-01
2.478752112129322671e-01
2.715388971787633388e-01
3.180634073954046181e-01
4.109334973041239292e-01
5.989603406873630354e-01
5.989603406873630354e-01
4.118115783508111138e-01
3.189407867104097072e-01
2.722521440692072803e-01
2.484862158478100824e-01
2.363605820019864245e-01
2.484862158478101102e-01
2.722521440692072803e-01
3.189407867104097072e-01
4.118115783508111138e-01
5.989603406873630354e-01
5.989603406873630354e-01
4.121768937447410908e-01
3.192901250264423285e-01
2.725150246915425400e-01
2.486570394159643982e-01
2.364295130882601570e-01
2.486570394159643982e-01
2.725150246915424845e-01
3.192901250264423285e-01
4.121768937447410908e-01
5.989603406873630354e-01
5.989603406873630354e-01
4.127748289769133105e-01
3.198365728713659650e-01
2.729074154425797372e-01
2.489596942299917015e-01
2.367201723576571326e-01
2.489596942299917015e-01
2.729074154425797372e-01
3.198365728713659650e-01
4.127748289769133105e-01
5.989603406873630354e-01
5.989603406873630354e-01
4.130209607744582678e-01
3.200509502009221685e-01
2.730452988946168169e-01
2.490234771791464130e-01
2.367047794761107660e-01
2.490234771791464130e-01
2.730452988946168169e-01
3.200509502009221685e-01
4.130209607744582678e-01
5.989603406873630354e-01
5.989603406873630354e-01
4.134207026223599146e-01
3.203796926620616214e-01
2.732437811002849659e-01
2.491493841677142329e-01
2.368192695022880434e-01
2.491493841677142329e-01
2.732437811002849659e-01
3.203796926620616214e-01
4.134207026223599146e-01
5.989603406873630354e-01
5.989603406873630354e-01
4.135838384554111347e-01
3.205074367146065750e-01
2.733090422500947803e-01
2.491586958450116018e-01
2.367709595831440361e-01
2.491586958450116018e-01
2.733090422500947803e-01
3.205074367146065750e-01
4.135838384554111347e-01
5.989603406873630354e-01
5.989603406873630354e-01
4.138477459914043921e-01
3.206995224371400610e-01
2.733985317982568497e-01
2.491926803693516324e-01
2.367949794234658900e-01
2.491926803693516324e-01
2.733985317982568497e-01
3.206995224371400610e-01
4.138477459914043921e-01
5.989603406873630354e-01
5.989603406873630354e-01
4.139547223235414131e-01
3.207737281069526492e-01
2.734251382386260754e-01
2.491792071279012866e-01
2.367415878064055568e-01
2.491792071279012866e-01
2.734251382386260754e-01
3.207737281069526492e-01
4.139547223235414131e-01
5.989603406873630354e-01
5.989603406873630354e-01
4.141271740684613900e-01
3.208846087842410211e-01
2.734597036095081091e-01
2.491731751232698910e-01
2.367272928485596450e-01
2.491731751232698910e-01
2.734597036095081091e-01
3.208846087842410211e-01
4.141271740684613900e-01
5.989603406873630354e-01
5.989603406873630354e-01
4.141973348072138794e-01
3.209278010459984953e-01
2.734688823832004401e-01
2.491547929995659993e-01
2.366825020481615194e-01
2.491547929995659993e-01
2.734688823832004401e-01
3.209278010459984953e-01
4.141973348072138794e-01
5.989603406873630354e-01
5.989603406873630354e-01
4.143115932686583514e-01
3.209947601985205234e-01
2.734819414788474123e-01
2.491391537098986420e-01
2.366598589272047026e-01
2.491391537098986420e-01
2.734819414788474123e-01
3.209947601985205234e-01
4.143115932686583514e-01
5.989603406873630354e-01
5.989603406873630354e-01
4.143591517777235333e-01
3.210228539472924636e-01
2.734866406185750276e-01
2.491257311531565044e-01
2.366300696607551435e-01
2.491257311531565044e-01
2.734866406185750276e-01
3.210228539472924636e-01
4.143591517777235333e-01
5.989603406873630354e-01
5.989603406873630354e-01
4.144397734646041997e-01
3.210711051225401125e-01
2.734990811500522812e-01
2.491183476936744967e-01
2.366164525591232248e-01
2.491183476936744967e-01
2.734990811500522812e-01
3.210711051225401125e-01
4.144397734646041997e-01
5.989603406873630354e-01
5.989603406873630354e-01
4.144752306724424629e-01
3.210942838999379934e-01
2.735074143894876131e-01
2.491159919462007377e-01
2.366050786796313199e-01
2.491159919462007377e-01
2.735074143894876131e-01
3.210942838999379934e-01
4.144752306724424629e-01
5.989603406873630354e-01
5.989603406873630354e-01
4.145385761011975978e-01
3.211403480629056451e-01
2.735323708840254886e-01
2.491283194435346959e-01
2.366122007334635069e-01
2.491283194435346959e-01
2.735323708840254886e-01
3.211403480629056451e-01
4.145385761011975978e-01
5.989603406873630354e-01
5.989603406873630354e-01
4.145687644775567504e-01
3.211647363118784182e-01
2.735494896993260205e-01
2.491408537467604267e-01
2.366217161946786163e-01
2.491408537467604267e-01
2.735494896993260205e-01
3.211647363118783627e-01
4.145687644775567504e-01
5.989603406873630354e-01
5.989603406873630354e-01
4.146262148390554847e-01
3.212184208224099780e-01
2.735943318531339763e-01
2.491794370703721562e-01
2.366559627859509130e-01
2.491794370703721562e-01
2.735943318531339763e-01
3.212184208224099780e-01
4.146262148390554847e-01
5.989603406873630354e-01
5.989603406873630354e-01
4.146554293324913321e-01
3.212483740031226165e-01
2.736225069653742126e-01
2.492077456101064459e-01
2.366868929960431189e-01
2.492077456101064459e-01
2.736225069653742126e-01
3.212483740031226165e-01
4.146554293324913321e-01
5.989603406873630354e-01
5.989603406873630354e-01
4.147163383510498180e-01
3.213152442241835605e-01
2.736889446581520779e-01
2.492724835827327956e-01
2.367475124475192649e-01
2.492724835827327678e-01
2.736889446581520779e-01
3.213152442241835605e-01
4.147163383510498180e-01
5.989603406873630354e-01
5.989603406873630354e-01
4.147490854661943782e-01
3.213527938542757312e-01
2.737275797689952550e-01
2.493141654577588628e-01
2.367954791494850386e-01
2.493141654577588628e-01
2.737275797689952550e-01
3.213527938542757312e-01
4.147490854661943782e-01
5.989603406873630354e-01
5.989603406873630354e-01
4.148208537045673383e-01
3.214365591152055779e-01
2.738124999274005322e-01
2.493981557971128860e-01
2.368751652146338649e-01
2.493981557971128860e-01
2.738124999274005322e-01
3.214365591152055779e-01
4.148208537045673383e-01
5.989603406873630354e-01
5.989603406873630354e-01
4.148612544848691575e-01
3.214826703700902621e-01
2.738591850071067646e-01
2.494475588477904349e-01
2.369304050538267037e-01
2.494475588477904349e-01
2.738591850071067646e-01
3.214826703700902621e-01
4.148612544848691575e-01
5.989603406873630354e-01
5.989603406873630354e-01
4.149508780225947269e-01
3.215864187312286737e-01
2.739582749348966062e-01
2.495414184909962585e-01
2.370187415949881748e-01
2.495414184909962585e-01
2.739582749348966062e-01
3.215864187312286737e-01
4.149508780225947269e-01
5.989603406873630354e-01
5.989603406873630354e-01
4.150019760958207349e-01
3.216445390000100546e-01
2.740116028243830826e-01
2.495918539184713292e-01
2.370693139252385007e-01
2.495918539184713292e-01
2.740116028243830826e-01
3.216445390000100546e-01
4.150019760958207349e-01
5.989603406873630354e-01
5.989603406873630354e-01
4.151180893612957945e-01
3.217765291083031221e-01
2.741270358164937804e-01
2.496923288497291948e-01
2.371614044460592652e-01
2.496923288497291948e-01
2.741270358164937804e-01
3.217765291083031221e-01
4.151180893612957945e-01
5.989603406873630354e-01
5.989603406873630354e-01
4.151848476578225422e-01
3.218540264606621348e-01
2.741919467634467145e-01
2.497432605449673715e-01
2.372002766850122568e-01
2.497432605449673715e-01
2.741919467634467145e-01
3.218540264606621348e-01
4.151848476578225422e-01
5.989603406873630354e-01
5.989603406873630354e-01
4.153383064837030680e-01
3.220363394679742752e-01
2.743451079303808049e-01
2.498686884644925887e-01
2.373139519245036078e-01
2.498686884644925887e-01
2.743451079303808049e-01
3.220363394679743307e-01
4.153383064837030680e-01
5.989603406873630354e-01
5.989603406873630354e-01
4.154271491801089233e-01
3.221470512146080711e-01
2.744398291678724622e-01
2.499374329243448933e-01
2.373546359226733626e-01
2.499374329243448933e-01
2.744398291678724622e-01
3.221470512146080711e-01
4.154271491801089233e-01
5.989603406873630354e-01
5.989603406873630354e-01
4.156280268056088412e-01
3.224182320402665392e-01
2.746856802763165684e-01
2.501487899127034509e-01
2.375527234351899331e-01
2.501487899127034509e-01
2.746856802763165684e-01
3.224182320402665392e-01
4.156280268056088412e-01
5.989603406873630354e-01
5.989603406873630354e-01
4.157426268050369855e-01
3.225843828143912795e-01
2.748478519486539096e-01
2.502832189567383292e-01
2.376506465633232423e-01
2.502832189567383292e-01
2.748478519486539096e-01
3.225843828143912795e-01
4.157426268050369855e-01
5.989603406873630354e-01
5.989603406873630354e-01
4.159937833083864334e-01
3.229938357213814060e-01
2.752798206904102929e-01
2.506977871864385921e-01
2.380560248944617041e-01
2.506977871864385921e-01
2.752798206904102929e-01
3.229938357213814060e-01
4.159937833083864334e-01
5.989603406873630354e-01
5.989603406873630354e-01
4.161320136152331650e-01
3.232409474712713005e-01
2.755645299407635807e-01
2.509789972518899348e-01
2.383196743225338976e-01
2.509789972518899348e-01
2.755645299407635807e-01
3.232409474712713005e-01
4.161320136152331650e-01
5.989603406873630354e-01
5.989603406873630354e-01
4.164244856057063848e-01
3.238339222683615515e-01
2.762953029196737464e-01
2.517527414419228338e-01
2.390988018842235552e-01
2.517527414419228338e-01
2.762953029196737464e-01
3.238339222683615515e-01
4.164244856057063848e-01
5.989603406873630354e-01
5.989603406873630354e-01
4.165757492521252048e-01
3.241794457040854116e-01
2.767563345372493488e-01
2.522755722354198538e-01
2.396697347688273583e-01
2.522755722354198538e-01
2.767563345372493488e-01
3.241794457040854116e-01
4.165757492521252048e-01
5.989603406873630354e-01
5.989603406873630354e-01
4.168773456802681854e-01
3.249689845745943328e-01
2.778636296298566122e-01
2.535336416247030988e-01
2.409614988367609067e-01
2.535336416247030988e-01
2.778636296298566122e-01
3.249689845745943328e-01
4.168773456802681854e-01
5.989603406873630354e-01
5.989603406873630354e-01
4.170186510990582796e-01
3.254041817472030917e-01
2.785158385464306940e-01
2.543539684720901306e-01
2.419423594758631224e-01
2.543539684720901306e-01
2.785158385464306940e-01
3.254041817472030917e-01
4.170186510990582796e-01
5.989603406873630354e-01
5.989603406873630354e-01
4.172575328156946650e-01
3.263359190192446913e-01
2.799558237868923216e-01
2.560725164243343177e-01
2.437317961672245958e-01
2.560725164243343177e-01
2.799558237868923216e-01
3.263359190192446913e-01
4.172575328156946650e-01
5.989603406873630354e-01
5.989603406873630354e-01
4.173381529189554850e-01
3.268119844029256371e-01
2.807314326935504978e-01
2.571207493232707253e-01
2.450609137406330185e-01
2.571207493232707253e-01
2.807314326935504978e-01
3.268119844029256371e-01
4.173381529189554850e-01
5.989603406873630354e-01
5.989603406873630354e-01
4.173825497587658750e-01
3.277531018563853982e-01
2.822653479008347399e-01
2.589997244602201265e-01
2.470330100341586732e-01
2.589997244602201265e-01
2.822653479008347399e-01
3.277531018563853982e-01
4.173825497587658750e-01
5.989603406873630354e-01
5.989603406873630354e-01
4.173178906480592976e-01
3.281998807410000940e-01
2.830001692976060190e-01
2.600061924722772977e-01
2.483421750426951513e-01
2.600061924722772977e-01
2.830001692976060190e-01
3.281998807410000940e-01
4.173178906480592976e-01
5.989603406873630354e-01
5.989603406873630354e-01
4.169701730738522572e-01
3.290266678667592148e-01
2.842599134374773628e-01
2.614731789552712793e-01
2.498660777908608965e-01
2.614731789552712793e-01
2.842599134374773628e-01
3.290266678667592148e-01
4.169701730738522572e-01
5.989603406873630354e-01
5.989603406873630354e-01
4.166287897702614096e-01
3.294331441771903846e-01
2.848023328738338300e-01
2.620290843678348969e-01
2.504567864849764902e-01
2.620290843678348969e-01
2.848023328738338300e-01
3.294331441771903846e-01
4.166287897702614096e-01
5.989603406873630354e-01
5.989603406873630354e-01
4.155577810428747187e-01
3.302800324447409119e-01
2.857452072332140602e-01
2.626970052302936565e-01
2.510342743556480682e-01
2.626970052302936565e-01
2.857452072332140602e-01
3.302800324447409119e-01
4.155577810428747187e-01
5.989603406873630354e-01
5.989603406873630354e-01
4.147208824028183471e-01
3.308505768714778417e-01
2.863453852032023517e-01
2.626951648355350111e-01
2.502872555251711706e-01
2.626951648355350111e-01
2.863453852032023517e-01
3.308505768714778417e-01
4.147208824028183471e-01
5.989603406873630354e-01
5.989603406873630354e-01
4.123225820112464968e-01
3.324583524268051038e-01
2.884477343432430008e-01
2.638771870262091035e-01
2.511158933402447002e-01
2.638771870262091035e-01
2.884477343432430008e-01
3.324583524268051038e-01
4.123225820112464968e-01
5.989603406873630354e-01
5.989603406873630354e-01
4.105561495846756226e-01
3.337254650885220775e-01
2.906160615578241013e-01
2.648251052807185646e-01
2.499184713592612350e-01
2.648251052807185646e-01
2.906160615578241013e-01
3.337254650885220775e-01
4.105561495846756226e-01
5.989603406873630354e-01
5.989603406873630354e-01
4.055854690962444886e-01
3.373603004223599267e-01
2.990085204595729906e-01
2.737706187972815952e-01
2.585545910991031704e-01
2.737706187972815952e-01
2.990085204595729906e-01
3.373603004223599267e-01
4.055854690962444886e-01
5.989603406873630354e-01
5.989603406873630354e-01
4.019554494222683516e-01
3.396850770651694829e-01
3.062808273826486127e-01
2.830092085109306987e-01
2.652299070372989287e-01
2.830092085109306987e-01
3.062808273826486127e-01
3.396850770651694829e-01
4.019554494222683516e-01
5.989603406873630354e-01
5.989603406873630354e-01
3.918392301037368353e-01
3.447920124411413267e-01
3.275725890906437954e-01
3.258846404746324477e-01
3.310635766580852790e-01
3.258846404746324477e-01
3.275725890906437954e-01
3.447920124411413267e-01
3.918392301037368353e-01
5.989603406873630354e-01
3.845639920375130139e-01
3.845690309893746162e-01
3.463782449900660865e-01
3.343180305158167664e-01
3.347396936019469416e-01
3.375570061879189510e-01
3.347396936019469416e-01
3.343180305158167664e-01
3.463782449900660865e-01
3.845690309893746162e-01
3.845639920375130139e-01
3.729413645497445806e-01
3.729584831072800810e-01
3.474196815326706655e-01
3.405803075176344064e-01
3.416220384146936295e-01
3.441946288752255056e-01
3.416220384146936295e-01
3.405803075176344064e-01
3.474196815326706655e-01
3.729584831072800810e-01
3.729413645497445806e-01
3.681176483540024025e-01
3.681288821687648261e-01
3.470671174272204618e-01
3.412197250147524508e-01
3.408127130878769728e-01
3.408630922450465173e-01
3.408127130878769728e-01
3.412197250147524508e-01
3.470671174272204618e-01
3.681288821687648261e-01
3.681176483540024025e-01
3.600920528927714637e-01
3.601017879339386552e-01
3.449805824430280388e-01
3.396657443075781768e-01
3.381062041477403968e-01
3.377715966111258794e-01
3.381062041477403968e-01
3.396657443075781768e-01
3.449805824430280388e-01
3.601017879339386552e-01
3.600920528927714637e-01
3.566627115723370878e-01
3.566782056574268611e-01
3.436120552610582024e-01
3.382447647456090500e-01
3.357782459424910049e-01
3.342805501403180446e-01
3.357782459424910049e-01
3.382447647456090500e-01
3.436120552610582024e-01
3.566782056574268611e-01
3.566627115723370878e-01
3.508320485435351133e-01
3.508439457546024265e-01
3.405351061074564645e-01
3.350934498505628856e-01
3.320884188463162356e-01
3.304574101019476795e-01
3.320884188463162356e-01
3.350934498505628856e-01
3.405351061074564090e-01
3.508439457546024265e-01
3.508320485435351133e-01
3.483216862829565663e-01
3.483258129570336870e-01
3.390416901514470838e-01
3.336307936176205469e-01
3.304258868795506565e-01
3.285586851369260986e-01
3.304258868795506565e-01
3.336307936176205469e-01
3.390416901514470838e-01
3.483258129570336870e-01
3.483216862829565663e-01
3.440112333985387294e-01
3.440196946993444582e-01
3.362753312171403164e-01
3.311728110394460689e-01
3.280405609776829157e-01
3.262222177380297294e-01
3.280405609776829157e-01
3.311728110394460689e-01
3.362753312171403164e-01
3.440196946993444582e-01
3.440112333985387294e-01
3.421591085058669490e-01
3.421625935816281494e-01
3.350687282886060658e-01
3.302248972236344060e-01
3.272862832123224486e-01
3.256689758750266894e-01
3.272862832123224486e-01
3.302248972236344060e-01
3.350687282886060658e-01
3.421625935816281494e-01
3.421591085058669490e-01
3.389965377093998589e-01
3.389963450402034839e-01
3.330288703672165118e-01
3.288179242516639511e-01
3.262514226402118966e-01
3.247665790318419177e-01
3.262514226402118966e-01
3.288179242516639511e-01
3.330288703672165118e-01
3.389963450402034839e-01
3.389965377093998589e-01
3.376380671101980036e-01
3.376420503773828186e-01
3.321826056346255385e-01
3.283369553343856717e-01
3.260849529278577186e-01
3.249112890113406982e-01
3.260849529278577186e-01
3.283369553343856717e-01
3.321826056346255385e-01
3.376420503773828186e-01
3.376380671101980591e-01
3.353407643306244301e-01
3.353378686338813752e-01
3.308144001879485541e-01
3.276737918241626191e-01
3.258416892827329381e-01
3.248109750064011036e-01
3.258416892827329381e-01
3.276737918241626191e-01
3.308144001879485541e-01
3.353378686338813752e-01
3.353407643306244301e-01
3.343562155642271216e-01
3.343599483108945503e-01
3.302549808160267775e-01
3.274621669591044615e-01
3.259122930527117434e-01
3.251430618564167818e-01
3.259122930527117434e-01
3.274621669591044615e-01
3.302549808160268330e-01
3.343599483108945503e-01
3.343562155642271216e-01
3.327034764751922169e-01
3.326996525545075634e-01
3.293543671623443414e-01
3.271623504462305987e-01
3.259540294662932602e-01
3.253010955149792660e-01
3.259540294662932602e-01
3.271623504462305987e-01
3.293543671623443414e-01
3.326996525545075634e-01
3.327034764751921614e-01
3.319953242264873650e-01
3.319947712906916593e-01
3.289805469525128312e-01
3.270581640471999507e-01
3.260454931791927913e-01
3.255614213667820112e-01
3.260454931791927913e-01
3.270581640471999507e-01
3.289805469525128312e-01
3.319947712906916593e-01
3.319953242264873650e-01
3.308002808888955149e-01
3.307975849018228720e-01
3.283622983457064048e-01
3.268732103831969438e-01
3.260922322360284564e-01
3.256874739496077864e-01
3.260922322360284564e-01
3.268732103831969438e-01
3.283622983457064048e-01
3.307975849018228720e-01
3.308002808888955149e-01
3.302884332040357807e-01
3.302880901820814952e-01
3.280964538496776162e-01
3.267909749077020365e-01
3.261234055623976613e-01
3.258079330462487211e-01
3.261234055623976613e-01
3.267909749077020365e-01
3.280964538496776162e-01
3.302880901820814952e-01
3.302884332040357807e-01
3.294246525753829480e-01
3.294210156470257500e-01
3.276420401903047397e-01
3.266150666471294151e-01
3.260864138812008539e-01
3.258196831809028748e-01
3.260864138812008539e-01
3.266150666471294151e-01
3.276420401903047397e-01
3.294210156470257500e-01
3.294246525753829480e-01
3.290522581393918178e-01
3.290521585789843995e-01
3.274401226423812039e-01
3.265269368421922502e-01
3.260579513315237654e-01
3.258305218123358493e-01
3.260579513315237654e-01
3.265269368421922502e-01
3.274401226423812039e-01
3.290521585789843995e-01
3.290522581393918178e-01
3.284241502675639968e-01
3.284197575760158250e-01
3.270861061517527646e-01
3.263420251336546785e-01
3.259509228111985846e-01
3.257531627432502241e-01
3.259509228111985846e-01
3.263420251336546785e-01
3.270861061517527646e-01
3.284197575760158250e-01
3.284241502675639968e-01
3.281514808851946907e-01
3.281495291874749198e-01
3.269267707291491631e-01
3.262506096639074538e-01
3.258918261542853578e-01
3.257105030206138840e-01
3.258918261542853023e-01
3.262506096639074538e-01
3.269267707291491631e-01
3.281495291874749753e-01
3.281514808851946907e-01
3.276876409383471245e-01
3.276829348874695236e-01
3.266440430041854803e-01
3.260728004615082720e-01
3.257603877966092631e-01
3.255985026376330138e-01
3.257603877966092631e-01
3.260728004615082165e-01
3.266440430041854803e-01
3.276829348874695236e-01
3.276876409383471245e-01
3.274853173845713172e-01
3.274814345585528863e-01
3.265173777723738846e-01
3.259898893283893484e-01
3.256979411068768870e-01
3.255465605796993844e-01
3.256979411068768870e-01
3.259898893283893484e-01
3.265173777723738846e-01
3.274814345585528863e-01
3.274853173845713172e-01
3.271366319533859923e-01
3.271324839284858177e-01
3.262937120923385392e-01
3.258381168271551331e-01
3.255796776774736445e-01
3.254421596540760797e-01
3.255796776774736445e-01
3.258381168271550776e-01
3.262937120923385392e-01
3.271324839284858177e-01
3.271366319533860478e-01
3.269851003454382066e-01
3.269806942951501427e-01
3.261950262231159692e-01
3.257716739330858702e-01
3.255295769967225805e-01
3.254031105590787232e-01
3.255295769967225805e-01
3.257716739330858702e-01
3.261950262231159692e-01
3.269806942951501427e-01
3.269851003454382066e-01
3.267228461888724844e-01
3.267183334513502069e-01
3.260229897825683842e-01
3.256551376721687485e-01
3.254409688456867955e-01
3.253257335983424925e-01
3.254409688456867955e-01
3.256551376721686930e-01
3.260229897825683842e-01
3.267183334513502069e-01
3.267228461888724844e-01
3.266085398297812192e-01
3.266048608305583412e-01
3.259482177408983827e-01
3.256060453454788228e-01
3.254072255429213967e-01
3.253031574965233874e-01
3.254072255429213967e-01
3.256060453454788228e-01
3.259482177408983827e-01
3.266048608305583967e-01
3.266085398297811637e-01
3.264131422766353152e-01
3.264080429546379891e-01
3.258197632193086668e-01
3.255232313111646181e-01
3.253482326460953034e-01
3.252542785899896760e-01
3.253482326460953034e-01
3.255232313111646181e-01
3.258197632193086668e-01
3.264080429546379891e-01
3.264131422766353152e-01
3.263273416907519486e-01
3.263236182061471924e-01
3.257643939088370466e-01
3.254889173264932101e-01
3.253278658488181763e-01
3.252438323748900184e-01
3.253278658488181763e-01
3.254889173264932101e-01
3.257643939088370466e-01
3.263236182061471924e-01
3.263273416907519486e-01
3.261814511536396122e-01
3.261769354695449041e-01
3.256704650106999055e-01
3.254322104487311629e-01
3.252914156355232733e-01
3.252159915502627618e-01
3.252914156355232733e-01
3.254322104487311629e-01
3.256704650106999055e-01
3.261769354695449041e-01
3.261814511536396122e-01
3.261182117556388205e-01
3.261137703241093200e-01
3.256300461589474726e-01
3.254092093957322573e-01
3.252791324786208915e-01
3.252120676170073832e-01
3.252791324786208915e-01
3.254092093957322573e-01
3.256300461589474726e-01
3.261137703241093755e-01
3.261182117556388205e-01
3.260096192594150732e-01
3.260050529953129050e-01
3.255621418663021682e-01
3.253702046311283125e-01
3.252568474058047943e-01
3.251965999933738027e-01
3.252568474058047943e-01
3.253702046311283125e-01
3.255621418663021682e-01
3.260050529953128495e-01
3.260096192594150732e-01
3.259625782092774315e-01
3.259585705126788469e-01
3.255325856498098025e-01
3.253544104839352635e-01
3.252485820683951312e-01
3.251942948255610033e-01
3.252485820683951312e-01
3.253544104839352635e-01
3.255325856498098025e-01
3.259585705126789024e-01
3.259625782092774315e-01
3.258833745237322832e-01
3.258782087814978690e-01
3.254832505757210281e-01
3.253265081426349736e-01
3.252331165687015746e-01
3.251844827453285180e-01
3.252331165687015746e-01
3.253265081426349736e-01
3.254832505757210837e-01
3.258782087814978690e-01
3.258833745237322832e-01
3.258483365353898598e-01
3.258445029958694783e-01
3.254615212559038295e-01
3.253144518493615855e-01
3.252265507064597827e-01
3.251810886194340111e-01
3.252265507064597827e-01
3.253144518493615855e-01
3.254615212559038295e-01
3.258445029958694783e-01
3.258483365353898598e-01
3.257904625353267858e-01
3.257855000044502791e-01
3.254246150766113566e-01
3.252931025244758523e-01
3.252136939626916190e-01
3.251729840494431145e-01
3.252136939626916190e-01
3.252931025244758523e-01
3.254246150766113566e-01
3.257855000044502791e-01
3.257904625353267858e-01
3.257651194976509124e-01
3.257605639779854734e-01
3.254084615880754039e-01
3.252832719014722151e-01
3.252074893174122239e-01
3.251681228583107597e-01
3.252074893174122239e-01
3.252832719014722151e-01
3.254084615880754039e-01
3.257605639779854734e-01
3.257651194976508569e-01
3.257222010734804885e-01
3.257174312959392748e-01
3.253802423634013508e-01
3.252658323750205471e-01
3.251960373058309095e-01
3.251603202569913198e-01
3.251960373058309095e-01
3.252658323750205471e-01
3.253802423634013508e-01
3.257174312959392748e-01
3.257222010734804885e-01
3.257037535551693397e-01
3.256989446551207257e-01
3.253678392205465730e-01
3.252578631832457323e-01
3.251898423631263135e-01
3.251545388299592054e-01
3.251898423631263135e-01
3.252578631832457323e-01
3.253678392205465730e-01
3.256989446551207257e-01
3.257037535551693397e-01
3.256723097627327590e-01
3.256672817510191664e-01
3.253462642005955363e-01
3.252432492350673110e-01
3.251796316089881067e-01
3.251470616733339591e-01
3.251796316089881067e-01
3.252432492350673110e-01
3.253462642005955363e-01
3.256672817510191664e-01
3.256723097627328145e-01
3.256586185860490534e-01
3.256538374663515145e-01
3.253365976392498249e-01
3.252366766232440698e-01
3.251737236470154113e-01
3.251408696162284007e-01
3.251737236470154113e-01
3.252366766232440698e-01
3.253365976392497694e-01
3.256538374663515700e-01
3.256586185860490534e-01
3.256357242204024893e-01
3.256306203578293035e-01
3.253199040589101476e-01
3.252245131206979445e-01
3.251646080846339881e-01
3.251341101892979424e-01
3.251646080846339881e-01
3.252245131206979445e-01
3.253199040589101476e-01
3.256306203578293035e-01
3.256357242204024893e-01
3.256257940518356153e-01
3.256206878054398457e-01
3.253124305872642785e-01
3.252188102951064641e-01
3.251592229484938645e-01
3.251277879302086893e-01
3.251592229484938645e-01
3.252188102951064641e-01
3.253124305872642785e-01
3.256206878054398457e-01
3.256257940518356153e-01
3.256087601236072882e-01
3.256036710409770940e-01
3.252991331483634507e-01
3.252086767204583895e-01
3.251510833857977345e-01
3.251219193697686416e-01
3.251510833857977345e-01
3.252086767204583895e-01
3.252991331483634507e-01
3.256036710409770940e-01
3.256087601236072882e-01
3.256015279616703006e-01
3.255961573267473486e-01
3.252931877944616468e-01
3.252036670228716231e-01
3.251461864572766647e-01
3.251156893383249091e-01
3.251461864572766647e-01
3.252036670228716231e-01
3.252931877944616468e-01
3.255961573267473486e-01
3.256015279616703006e-01
3.255886677071879176e-01
3.255834556230842725e-01
3.252822987751081141e-01
3.251949869978588148e-01
3.251390230846087914e-01
3.251107159007124991e-01
3.251390230846087914e-01
3.251949869978588148e-01
3.252822987751081141e-01
3.255834556230842725e-01
3.255886677071878621e-01
3.255831930533569785e-01
3.255777404524534679e-01
3.252773585746861484e-01
3.251906080990211168e-01
3.251344298092885277e-01
3.251046085486624659e-01
3.251344298092885277e-01
3.251906080990211168e-01
3.252773585746861484e-01
3.255777404524534679e-01
3.255831930533570340e-01
3.255733653906528469e-01
3.255681136947096155e-01
3.252682352712628622e-01
3.251829725877670718e-01
3.251280790191604098e-01
3.251003941807644182e-01
3.251280790191604098e-01
3.251829725877670718e-01
3.252682352712628622e-01
3.255681136947096155e-01
3.255733653906528469e-01
3.255692772001572144e-01
3.255636645095636439e-01
3.252640847018661296e-01
3.251790855450917284e-01
3.251237308894742162e-01
3.250943040125763295e-01
3.251237308894742162e-01
3.251790855450917284e-01
3.252640847018661296e-01
3.255636645095636439e-01
3.255692772001572144e-01
3.255616336557808355e-01
3.255563080361001393e-01
3.252563513731477896e-01
3.251723426115579740e-01
3.251180319249393214e-01
3.250906319042335957e-01
3.251180319249393214e-01
3.251723426115579740e-01
3.252563513731477896e-01
3.255563080361001393e-01
3.255616336557808355e-01
3.255585041311133687e-01
3.255528994157758094e-01
3.252528955959955725e-01
3.251688915365029686e-01
3.251139043243974625e-01
3.250845747659973362e-01
3.251139043243974625e-01
3.251688915365029686e-01
3.252528955959955725e-01
3.255528994157758094e-01
3.255585041311133687e-01
3.255527817085821507e-01
3.255472126523321630e-01
3.252464182017650307e-01
3.251630368814283356e-01
3.251087985894479671e-01
3.250815387669277468e-01
3.251087985894479671e-01
3.251630368814283356e-01
3.252464182017650307e-01
3.255472126523321630e-01
3.255527817085821507e-01
3.255502452401058400e-01
3.255448410450512142e-01
3.252436177212226220e-01
3.251600156963186938e-01
3.251049626721110308e-01
3.250755852935705015e-01
3.251049626721110308e-01
3.251600156963186938e-01
3.252436177212226220e-01
3.255448410450512142e-01
3.255502452401058955e-01
3.255463422914062765e-01
3.255406129654865865e-01
3.252381919004881383e-01
3.251548521531921199e-01
3.251009956320659589e-01
3.250736191901725247e-01
3.251009956320659589e-01
3.251548521531921199e-01
3.252381919004880828e-01
3.255406129654865865e-01
3.255463422914062765e-01
3.255444962492094474e-01
3.255390407079337134e-01
3.252358628681620845e-01
3.251553189577287006e-01
3.250972372761762319e-01
3.250681229533221028e-01
3.250972372761762319e-01
3.251553189577287006e-01
3.252358628681620845e-01
3.255390407079337134e-01
3.255444962492094474e-01
3.255418896856838717e-01
3.255361420002348405e-01
3.252387281351101223e-01
3.251514089453499956e-01
3.250979200383899426e-01
3.250660719194120030e-01
3.250979200383899426e-01
3.251514089453499956e-01
3.252387281351101223e-01
3.255361420002348405e-01
3.255418896856838717e-01
3.255407373222261591e-01
3.255358510154501284e-01
3.252359584745521670e-01
3.251478193375142434e-01
3.250927570256653132e-01
3.250618514709361362e-01
3.250927570256653132e-01
3.251478193375142434e-01
3.252359584745521670e-01
3.255358510154501284e-01
3.255407373222261591e-01
3.255408714055926800e-01
3.255348149013266301e-01
3.252438337010122860e-01
3.251445233654167710e-01
3.250834512376833407e-01
3.250627976724202450e-01
3.250834512376833407e-01
3.251445233654167710e-01
3.252438337010122860e-01
3.255348149013266301e-01
3.255408714055926800e-01
3.255402452730007945e-01
3.255362174877642900e-01
3.252448402453596010e-01
3.251294349123094451e-01
3.250857179919489082e-01
3.250561948941685930e-01
3.250857179919489082e-01
3.251294349123094451e-01
3.252448402453596010e-01
3.255362174877642900e-01
3.255402452730007945e-01
3.255435706278573815e-01
3.255373862973699461e-01
3.252477586972641888e-01
3.251300289048411063e-01
3.250900185307566970e-01
3.250498239638467401e-01
3.250900185307566970e-01
3.251300289048411063e-01
3.252477586972641888e-01
3.255373862973699461e-01
3.255435706278573815e-01
3.255443752119082101e-01
3.255403334577641195e-01
3.252483855274218016e-01
3.251249219070326268e-01
3.250597805330249779e-01
3.250481232414421107e-01
3.250597805330249779e-01
3.251249219070326268e-01
3.252483855274218016e-01
3.255403334577641195e-01
3.255443752119082101e-01
3.255508034825265185e-01
3.255443752119082101e-01
3.252447689350951299e-01
3.251299959872998580e-01
3.250416635946727917e-01
3.250727784308683477e-01
3.250416635946727917e-01
3.251299959872998580e-01
3.252447689350951299e-01
3.255443752119082101e-01
3.255508034825265185e-01
