2.431943620158291131e-01
2.432000613163854963e-01
2.435633643359885192e-01
2.438880296170935491e-01
2.439490565296003610e-01
2.439296893756083828e-01
2.439490565296003610e-01
2.438880296170935491e-01
2.435633643359885192e-01
2.432000613163854963e-01
2.431943620158291131e-01
2.432000613163854963e-01
2.432081807250301986e-01
2.435745978689697333e-01
2.438588150234879126e-01
2.439549520223152634e-01
2.439774067213882902e-01
2.439549520223152634e-01
2.438588150234879126e-01
2.435745978689697333e-01
2.432081807250301986e-01
2.432000613163854963e-01
2.432039898184753524e-01
2.432103023188793012e-01
2.435817074416081474e-01
2.438484354514769969e-01
2.439665291848840123e-01
2.439820504546188484e-01
2.439665291848840123e-01
2.438484354514769969e-01
2.435817074416081474e-01
2.432103023188793012e-01
2.432039898184753524e-01
2.432081737004933020e-01
2.432164723110980253e-01
2.435959307941107099e-01
2.438292802257474579e-01
2.439524993987084167e-01
2.440149201573580673e-01
2.439524993987084167e-01
2.438292802257474579e-01
2.435959307941107099e-01
2.432164723110980253e-01
2.432081737004933020e-01
2.432110903835196791e-01
2.432177791069707329e-01
2.436063261669529079e-01
2.438371901800736319e-01
2.439473444718479600e-01
2.440251735306430414e-01
2.439473444718479600e-01
2.438371901800736319e-01
2.436063261669529079e-01
2.432177791069707329e-01
2.432110903835196791e-01
2.432136121542818885e-01
2.432222687273203898e-01
2.436219131851869724e-01
2.438291238354217960e-01
2.439597693926782995e-01
2.440313507592893061e-01
2.439597693926782995e-01
2.438291238354217960e-01
2.436219131851869724e-01
2.432222687273203898e-01
2.432136121542818885e-01
2.432156013020471408e-01
2.432235382239703037e-01
2.436330073788321726e-01
2.438316988784189898e-01
2.439698553996139108e-01
2.440364939713728087e-01
2.439698553996139108e-01
2.438316988784189898e-01
2.436330073788321726e-01
2.432235382239703037e-01
2.432156013020471408e-01
2.432188500217178084e-01
2.432272822883400909e-01
2.436376688520817124e-01
2.438462261298632860e-01
2.439750265476472446e-01
2.440417712730653388e-01
2.439750265476472446e-01
2.438462261298632860e-01
2.436376688520817124e-01
2.432272822883400909e-01
2.432188500217178084e-01
2.432208773528244661e-01
2.432289538721009170e-01
2.436406703527980444e-01
2.438489098347551842e-01
2.439788480147517535e-01
2.440469823707018815e-01
2.439788480147517535e-01
2.438489098347551842e-01
2.436406703527980444e-01
2.432289538721009170e-01
2.432208773528244938e-01
2.432246788916327396e-01
2.432330849057339761e-01
2.436460235211309611e-01
2.438545223191018463e-01
2.439844919994519912e-01
2.440516254471701840e-01
2.439844919994519912e-01
2.438545223191018463e-01
2.436460235211309611e-01
2.432330849057340039e-01
2.432246788916327396e-01
2.432269036846560484e-01
2.432350462692377258e-01
2.436489709106381685e-01
2.438573206180017217e-01
2.439874541205842851e-01
2.440558813246170300e-01
2.439874541205842851e-01
2.438573206180017217e-01
2.436489709106381685e-01
2.432350462692377258e-01
2.432269036846560484e-01
2.432311805977898367e-01
2.432397083438901930e-01
2.436544081424271424e-01
2.438625802231838002e-01
2.439925980607515199e-01
2.440600428201515626e-01
2.439925980607515199e-01
2.438625802231838002e-01
2.436544081424271424e-01
2.432397083438901930e-01
2.432311805977898089e-01
2.432337917786317472e-01
2.432420788624455044e-01
2.436575106451530637e-01
2.438650842196764257e-01
2.439950312449862269e-01
2.440634817345414820e-01
2.439950312449862269e-01
2.438650842196764257e-01
2.436575106451530637e-01
2.432420788624455044e-01
2.432337917786317472e-01
2.432392458385130851e-01
2.432477967912205497e-01
2.436628438900049487e-01
2.438699492717344708e-01
2.439995706899252270e-01
2.440668127834250967e-01
2.439995706899252270e-01
2.438699492717344708e-01
2.436628438900049487e-01
2.432477967912205774e-01
2.432392458385130574e-01
2.432425063002171262e-01
2.432508573148966236e-01
2.436657713922419366e-01
2.438722244306517350e-01
2.440019223332332565e-01
2.440699009709211831e-01
2.440019223332332565e-01
2.438722244306517350e-01
2.436657713922419366e-01
2.432508573148966236e-01
2.432425063002171262e-01
2.432495377820149129e-01
2.432582376296413829e-01
2.436717492511647765e-01
2.438772985411835070e-01
2.440063483487862617e-01
2.440732893645241042e-01
2.440063483487862617e-01
2.438772985411835070e-01
2.436717492511647765e-01
2.432582376296413829e-01
2.432495377820149129e-01
2.432538965546810761e-01
2.432621681188687213e-01
2.436750279242343165e-01
2.438797250022003427e-01
2.440085298690282123e-01
2.440759792189837185e-01
2.440085298690282123e-01
2.438797250022003427e-01
2.436750279242343165e-01
2.432621681188686935e-01
2.432538965546810761e-01
2.432631128531929088e-01
2.432717973909875597e-01
2.436821512987893401e-01
2.438852949070687837e-01
2.440131150045582176e-01
2.440793835740971418e-01
2.440131150045582176e-01
2.438852949070687837e-01
2.436821512987893401e-01
2.432717973909875875e-01
2.432631128531929088e-01
2.432687028441721244e-01
2.432771038736273039e-01
2.436862758064670675e-01
2.438880797680288703e-01
2.440152325499346520e-01
2.440816951646862520e-01
2.440152325499346520e-01
2.438880797680288703e-01
2.436862758064670675e-01
2.432771038736273039e-01
2.432687028441721244e-01
2.432811374364878543e-01
2.432899175296536209e-01
2.436953549679272968e-01
2.438945125911336498e-01
2.440200130150158575e-01
2.440851821507708241e-01
2.440200130150158575e-01
2.438945125911336498e-01
2.436953549679272968e-01
2.432899175296536209e-01
2.432811374364878543e-01
2.432887098549166849e-01
2.432971136844117865e-01
2.437006770756854346e-01
2.438977142714506829e-01
2.440223596395358352e-01
2.440872033949382514e-01
2.440223596395358352e-01
2.438977142714506829e-01
2.437006770756854346e-01
2.432971136844117865e-01
2.432887098549166849e-01
2.433056392462794315e-01
2.433146499640368998e-01
2.437125210019165655e-01
2.439055562682387601e-01
2.440277416676261968e-01
2.440910948426038007e-01
2.440277416676261690e-01
2.439055562682387601e-01
2.437125210019165655e-01
2.433146499640368998e-01
2.433056392462794315e-01
2.433161359230907039e-01
2.433244893995551161e-01
2.437195640402594621e-01
2.439096581535501462e-01
2.440303143203094161e-01
2.440929687295720352e-01
2.440303143203094161e-01
2.439096581535501462e-01
2.437195640402594621e-01
2.433244893995551161e-01
2.433161359230907039e-01
2.433395011651749984e-01
2.433486438171628963e-01
2.437353285126369895e-01
2.439198058502871358e-01
2.440373829996785315e-01
2.440981924179629614e-01
2.440373829996785315e-01
2.439198058502871358e-01
2.437353285126369895e-01
2.433486438171629240e-01
2.433395011651749984e-01
2.433538846861503513e-01
2.433622820155544320e-01
2.437447959468649894e-01
2.439253979687052709e-01
2.440407589211177619e-01
2.441005052531706465e-01
2.440407589211177619e-01
2.439253979687052709e-01
2.437447959468649894e-01
2.433622820155544320e-01
2.433538846861503235e-01
2.433862098591527412e-01
2.433954510522559345e-01
2.437660593995426561e-01
2.439391481744225265e-01
2.440505216555501344e-01
2.441081633645718618e-01
2.440505216555501344e-01
2.439391481744225265e-01
2.437660593995426561e-01
2.433954510522559345e-01
2.433862098591527134e-01
2.434058784556750177e-01
2.434143234002833500e-01
2.437787751291040916e-01
2.439466941246266618e-01
2.440554022056610206e-01
2.441114500694578360e-01
2.440554022056610206e-01
2.439466941246266618e-01
2.437787751291040916e-01
2.434143234002833500e-01
2.434058784556750177e-01
2.434503987061332198e-01
2.434597369592839400e-01
2.438073745529812097e-01
2.439650630570845968e-01
2.440684266299036620e-01
2.441220512602440551e-01
2.440684266299036620e-01
2.439650630570845968e-01
2.438073745529812097e-01
2.434597369592839400e-01
2.434503987061332198e-01
2.434772340615188602e-01
2.434858956252808904e-01
2.438242875647120556e-01
2.439749605569976054e-01
2.440748320074477840e-01
2.441262565732822687e-01
2.440748320074477840e-01
2.439749605569976054e-01
2.438242875647120556e-01
2.434858956252808904e-01
2.434772340615188602e-01
2.435388238971813724e-01
2.435482702407475719e-01
2.438624839119059862e-01
2.439983277700238373e-01
2.440909040592434964e-01
2.441392693745500497e-01
2.440909040592434964e-01
2.439983277700238373e-01
2.438624839119059862e-01
2.435482702407475719e-01
2.435388238971813724e-01
2.435756825814324456e-01
2.435847918575240467e-01
2.438848537206042000e-01
2.440107669512585342e-01
2.440980856565016233e-01
2.441431253316564132e-01
2.440980856565016233e-01
2.440107669512585342e-01
2.438848537206042000e-01
2.435847918575240467e-01
2.435756825814324456e-01
2.436616679169771316e-01
2.436713319265916555e-01
2.439359652141684931e-01
2.440392235697534107e-01
2.441158286520294651e-01
2.441566881432370162e-01
2.441158286520294651e-01
2.440392235697534107e-01
2.439359652141684931e-01
2.436713319265916555e-01
2.436616679169771593e-01
2.437129819294104882e-01
2.437224502331368503e-01
2.439658253693806900e-01
2.440543270723105618e-01
2.441223298031993671e-01
2.441573321120177609e-01
2.441223298031993671e-01
2.440543270723105618e-01
2.439658253693806900e-01
2.437224502331368503e-01
2.437129819294104882e-01
2.438333262295362680e-01
2.438433008300233684e-01
2.440349045331574873e-01
2.440886427337101705e-01
2.441399616276845319e-01
2.441689135409342015e-01
2.441399616276845319e-01
2.440886427337101705e-01
2.440349045331574873e-01
2.438433008300233684e-01
2.438333262295362680e-01
2.439050706761658471e-01
2.439146767369343716e-01
2.440755601518048434e-01
2.441070686037872250e-01
2.441442591449726474e-01
2.441624736839685950e-01
2.441442591449726474e-01
2.441070686037872250e-01
2.440755601518048434e-01
2.439146767369343716e-01
2.439050706761658471e-01
2.440729660719911653e-01
2.440831944568910006e-01
2.441703850657090669e-01
2.441504437085855739e-01
2.441618525924423022e-01
2.441714331910488367e-01
2.441618525924423022e-01
2.441504437085855739e-01
2.441703850657090946e-01
2.440831944568909728e-01
2.440729660719911653e-01
2.441728109972378102e-01
2.441827910198091922e-01
2.442268763288680533e-01
2.441746013025644368e-01
2.441640755021318165e-01
2.441551619991898237e-01
2.441640755021318165e-01
2.441746013025644368e-01
2.442268763288680533e-01
2.441827910198091922e-01
2.441728109972378102e-01
2.444068403983194193e-01
2.444174768136963272e-01
2.443599440571811166e-01
2.442353091673294119e-01
2.441873659734563884e-01
2.441668474921721566e-01
2.441873659734563884e-01
2.442353091673294119e-01
2.443599440571811166e-01
2.444174768136963272e-01
2.444068403983193916e-01
2.445458352142013680e-01
2.445563788651891057e-01
2.444400813182471544e-01
2.442712431916123916e-01
2.441917214621958376e-01
2.441430433320448956e-01
2.441917214621958376e-01
2.442712431916123916e-01
2.444400813182471544e-01
2.445563788651891057e-01
2.445458352142013403e-01
2.448719443038544497e-01
2.448829764289645883e-01
2.446306220709348889e-01
2.443657780746575359e-01
2.442365573711752780e-01
2.441730728637693526e-01
2.442365573711752780e-01
2.443657780746575359e-01
2.446306220709348889e-01
2.448829764289645883e-01
2.448719443038544219e-01
2.450649185838859323e-01
2.450756472731029645e-01
2.447455817081357343e-01
2.444242428751861318e-01
2.442537731143484547e-01
2.441531702366118162e-01
2.442537731143484547e-01
2.444242428751861318e-01
2.447455817081357343e-01
2.450756472731029922e-01
2.450649185838859323e-01
2.455156657787304075e-01
2.455263984592942483e-01
2.450189443595576499e-01
2.445776937896750602e-01
2.443468840513539908e-01
2.442287171920813071e-01
2.443468840513539908e-01
2.445776937896750602e-01
2.450189443595576499e-01
2.455263984592942483e-01
2.455156657787304075e-01
2.457800986694353151e-01
2.457907624430816507e-01
2.451817763713960430e-01
2.446721913567142803e-01
2.443935411256910328e-01
2.442330739102874515e-01
2.443935411256910328e-01
2.446721913567142803e-01
2.451817763713960430e-01
2.457907624430816507e-01
2.457800986694353151e-01
2.463945368932093094e-01
2.464051987997758486e-01
2.455646470183569241e-01
2.449103764842335551e-01
2.445631269697050303e-01
2.443832062234531088e-01
2.445631269697050303e-01
2.449103764842335551e-01
2.455646470183569241e-01
2.464051987997758486e-01
2.463945368932093094e-01
2.467532541137232305e-01
2.467637169714144429e-01
2.457881045283339116e-01
2.450510581732314175e-01
2.446527610120056706e-01
2.444308066901933196e-01
2.446527610120056706e-01
2.450510581732314452e-01
2.457881045283339116e-01
2.467637169714144429e-01
2.467532541137232305e-01
2.475832521939520525e-01
2.475945560901587905e-01
2.463032678110357587e-01
2.453845061643424585e-01
2.449068874932527062e-01
2.446621271991277213e-01
2.449068874932527062e-01
2.453845061643424585e-01
2.463032678110357865e-01
2.475945560901587905e-01
2.475832521939520525e-01
2.480677206491242459e-01
2.480783974661911195e-01
2.465980273654094501e-01
2.455696360561525349e-01
2.450342302878068812e-01
2.447485220602278189e-01
2.450342302878068812e-01
2.455696360561525349e-01
2.465980273654094224e-01
2.480783974661911195e-01
2.480677206491242459e-01
2.491880590131146378e-01
2.492008771849319737e-01
2.472645301051491218e-01
2.459785030714747300e-01
2.453359089762982004e-01
2.450183421046897292e-01
2.453359089762982004e-01
2.459785030714747300e-01
2.472645301051491218e-01
2.492008771849319737e-01
2.491880590131146378e-01
2.498443878171645038e-01
2.498558119950298473e-01
2.476414103852533355e-01
2.461890963770250185e-01
2.454625695516281791e-01
2.450895126492645681e-01
2.454625695516281791e-01
2.461890963770250185e-01
2.476414103852533355e-01
2.498558119950298473e-01
2.498443878171645038e-01
2.513663447489917213e-01
2.513799171782387654e-01
2.484862953729000679e-01
2.466232737310274925e-01
2.457187971569373963e-01
2.452929095697906348e-01
2.457187971569373963e-01
2.466232737310274925e-01
2.484862953729000679e-01
2.513799171782387654e-01
2.513663447489917213e-01
2.522608188610580560e-01
2.522721264408466224e-01
2.489660540412337864e-01
2.468298568703398976e-01
2.457713446943831648e-01
2.452317057142210932e-01
2.457713446943831648e-01
2.468298568703398976e-01
2.489660540412337864e-01
2.522721264408466224e-01
2.522608188610580560e-01
2.543412516956294889e-01
2.543540893711520590e-01
2.500515660065633083e-01
2.472422477623854031e-01
2.458650092358664885e-01
2.452320166317132621e-01
2.458650092358664885e-01
2.472422477623854031e-01
2.500515660065633083e-01
2.543540893711520590e-01
2.543412516956294889e-01
2.555670678227754400e-01
2.555779777197449421e-01
2.506826709706935774e-01
2.474339215868687214e-01
2.457656942070653994e-01
2.448882318428029781e-01
2.457656942070653994e-01
2.474339215868687214e-01
2.506826709706936329e-01
2.555779777197449421e-01
2.555670678227754400e-01
2.584289990967018613e-01
2.584417459399277472e-01
2.521526449725433050e-01
2.478651846360759303e-01
2.456616771536515309e-01
2.446293335191347673e-01
2.456616771536515309e-01
2.478651846360759303e-01
2.521526449725433050e-01
2.584417459399277472e-01
2.584289990967018613e-01
2.601203396424336400e-01
2.601318473917687002e-01
2.530398620251226860e-01
2.481069982901333570e-01
2.454125557452107309e-01
2.439282952961892292e-01
2.454125557452107309e-01
2.481069982901333570e-01
2.530398620251226860e-01
2.601318473917687002e-01
2.601203396424336400e-01
2.640809727286345665e-01
2.640975172241179503e-01
2.551781052468259925e-01
2.488209881108510158e-01
2.453430591181917364e-01
2.436356151843823148e-01
2.453430591181917364e-01
2.488209881108510158e-01
2.551781052468259925e-01
2.640975172241179503e-01
2.640809727286345665e-01
2.664267877380686600e-01
2.664412008571781509e-01
2.565028796809154521e-01
2.493248121447503018e-01
2.451561730832896024e-01
2.427688761899007286e-01
2.451561730832896024e-01
2.493248121447503018e-01
2.565028796809154521e-01
2.664412008571781509e-01
2.664267877380686600e-01
2.719204109152316140e-01
2.719361553997556857e-01
2.597419932329788073e-01
2.509215106303467335e-01
2.458201970684211757e-01
2.431726682542231788e-01
2.458201970684211757e-01
2.509215106303467335e-01
2.597419932329787517e-01
2.719361553997556857e-01
2.719204109152316140e-01
2.751553637751146253e-01
2.751669742541880681e-01
2.617320860163234175e-01
2.520671048928000979e-01
2.462263164806774429e-01
2.428101054591929597e-01
2.462263164806774429e-01
2.520671048928000979e-01
2.617320860163234730e-01
2.751669742541880681e-01
2.751553637751146253e-01
2.826831862933894546e-01
2.826982589613085128e-01
2.665054946754966125e-01
2.553833084700767309e-01
2.487847259956469936e-01
2.451676967125144546e-01
2.487847259956469936e-01
2.553833084700767309e-01
2.665054946754966125e-01
2.826982589613085128e-01
2.826831862933894546e-01
2.870853486226623286e-01
2.871031135748704499e-01
2.693017589731074857e-01
2.575588021799386507e-01
2.505598333834546665e-01
2.465156400306422746e-01
2.505598333834546665e-01
2.575588021799386507e-01
2.693017589731074857e-01
2.871031135748704499e-01
2.870853486226623286e-01
2.972963886879450568e-01
2.973204017956679879e-01
2.756521597485827590e-01
2.630229669825375760e-01
2.559869729817967343e-01
2.519713376306257357e-01
2.559869729817967343e-01
2.630229669825375760e-01
2.756521597485827590e-01
2.973204017956679879e-01
2.972963886879450568e-01
3.032611567443083689e-01
3.032796624687427722e-01
2.790587517813780116e-01
2.660798968383743524e-01
2.595593321386749919e-01
2.562482984053526258e-01
2.595593321386749919e-01
2.660798968383743524e-01
2.790587517813780671e-01
3.032796624687427722e-01
3.032611567443083689e-01
3.170853021325885090e-01
3.171028985662470157e-01
2.860579204965328914e-01
2.720662668039467991e-01
2.665359893544302916e-01
2.636369503596600050e-01
2.665359893544302916e-01
2.720662668039467991e-01
2.860579204965328914e-01
3.171028985662470157e-01
3.170853021325885090e-01
3.252003721285430804e-01
3.252208381762939360e-01
2.892996966410262827e-01
2.741678781393561692e-01
2.701673321818542917e-01
2.699280949131980800e-01
2.701673321818542917e-01
2.741678781393561692e-01
2.892996966410263382e-01
3.252208381762939360e-01
3.252003721285430804e-01
3.442152295577035614e-01
3.442490935555262976e-01
2.948703490459730903e-01
2.742527965805201529e-01
2.698519105506357874e-01
2.700074730519424482e-01
2.698519105506357874e-01
2.742527965805201529e-01
2.948703490459730903e-01
3.442490935555262976e-01
3.442152295577035614e-01
3.556455567724093325e-01
3.556647932858724159e-01
2.970040916463035918e-01
2.709220487412786760e-01
2.646850427209130885e-01
2.677659392644287095e-01
2.646850427209130885e-01
2.709220487412786760e-01
2.970040916463035918e-01
3.556647932858724159e-01
3.556455567724093325e-01
6.989603406873631242e-01
3.830075570630443460e-01
3.001645156732661857e-01
2.564323398632012974e-01
2.281824575730418692e-01
2.082384479742820371e-01
2.281824575730418692e-01
2.564323398632012974e-01
3.001645156732661857e-01
3.830075570630443460e-01
6.989603406873631242e-01
6.989603406873631242e-01
3.937304783636452199e-01
3.019551423613455188e-01
2.523887382593104078e-01
2.213221304217220242e-01
2.028863450304612404e-01
2.213221304217220242e-01
2.523887382593104078e-01
3.019551423613455188e-01
3.937304783636452199e-01
6.989603406873631242e-01
6.989603406873631242e-01
4.103783894254188214e-01
3.063107890979666070e-01
2.504775642422889526e-01
2.180287690832540815e-01
1.996688325398792152e-01
2.180287690832540815e-01
2.504775642422890081e-01
3.063107890979666070e-01
4.103783894254188214e-01
6.989603406873631242e-01
6.989603406873631242e-01
4.170873465003966940e-01
3.088815360044442904e-01
2.516125169427894659e-01
2.199799457718440432e-01
2.033862419365809748e-01
2.199799457718440432e-01
2.516125169427894659e-01
3.088815360044442904e-01
4.170873465003966940e-01
6.989603406873631242e-01
6.989603406873631242e-01
4.278585932272200298e-01
3.146037669587192775e-01
2.563180644707861999e-01
2.254098805226108782e-01
2.091330193322004649e-01
2.254098805226108782e-01
2.563180644707861999e-01
3.146037669587192775e-01
4.278585932272200298e-01
6.989603406873631242e-01
6.989603406873631242e-01
4.323168881094934246e-01
3.175403074781134594e-01
2.592150803300614093e-01
2.290181032061230915e-01
2.136655063729471782e-01
2.290181032061230915e-01
2.592150803300614093e-01
3.175403074781134594e-01
4.323168881094934246e-01
6.989603406873631242e-01
6.989603406873631242e-01
4.396778082605371507e-01
3.233438951616032231e-01
2.652572641114919749e-01
2.356424888879621871e-01
2.204857367779267663e-01
2.356424888879621871e-01
2.652572641114919749e-01
3.233438951616032231e-01
4.396778082605371507e-01
6.989603406873631242e-01
6.989603406873631242e-01
4.427818104523013609e-01
3.260760314938081494e-01
2.681617567847410788e-01
2.388900375764213269e-01
2.241000653296166267e-01
2.388900375764212991e-01
2.681617567847410788e-01
3.260760314938081494e-01
4.427818104523013609e-01
6.989603406873631242e-01
6.989603406873631242e-01
4.479908509365911895e-01
3.310851225985535495e-01
2.734345347587595620e-01
2.444184579397184476e-01
2.297195424651091444e-01
2.444184579397184476e-01
2.734345347587595620e-01
3.310851225985534940e-01
4.479908509365911895e-01
6.989603406873631242e-01
6.989603406873631242e-01
4.502055715553626158e-01
3.333187196767465332e-01
2.757466088481747013e-01
2.468009534859597898e-01
2.321432230071741043e-01
2.468009534859597898e-01
2.757466088481747013e-01
3.333187196767465332e-01
4.502055715553626158e-01
6.989603406873631242e-01
6.989603406873631242e-01
4.539466949613497060e-01
3.372091789960743324e-01
2.796769258112839496e-01
2.507483653060973983e-01
2.361172299283313125e-01
2.507483653060973983e-01
2.796769258112839496e-01
3.372091789960743324e-01
4.539466949613497060e-01
6.989603406873631242e-01
6.989603406873631242e-01
4.555336610236486727e-01
3.388789910501647795e-01
2.813058398726079878e-01
2.522918912342445030e-01
2.375369135136493615e-01
2.522918912342445030e-01
2.813058398726079878e-01
3.388789910501647795e-01
4.555336610236486172e-01
6.989603406873631242e-01
6.989603406873631242e-01
4.582003663839634422e-01
3.416802081374399891e-01
2.839574699265801083e-01
2.548286207611347720e-01
2.400669243293043209e-01
2.548286207611347720e-01
2.839574699265801083e-01
3.416802081374399891e-01
4.582003663839634422e-01
6.989603406873631242e-01
6.989603406873631242e-01
4.593253479493379920e-01
3.428480325991130617e-01
2.850068743705413410e-01
2.557255233347878187e-01
2.407781217892656089e-01
2.557255233347878187e-01
2.850068743705412855e-01
3.428480325991130617e-01
4.593253479493379920e-01
6.989603406873631242e-01
6.989603406873631242e-01
4.612030833129417418e-01
3.447485421118237636e-01
2.866548422559942466e-01
2.572061264859366037e-01
2.422381404300035512e-01
2.572061264859366037e-01
2.866548422559942466e-01
3.447485421118237636e-01
4.612030833129417418e-01
6.989603406873631242e-01
6.989603406873631242e-01
4.619887078461536456e-01
3.455213646675986405e-01
2.872778042447887703e-01
2.576652353219701097e-01
2.425098326077921862e-01
2.576652353219701097e-01
2.872778042447887703e-01
3.455213646675986405e-01
4.619887078461536456e-01
6.989603406873631242e-01
6.989603406873631242e-01
4.632860937908664378e-01
3.467444420565807262e-01
2.882221868460047021e-01
2.584393409769872862e-01
2.432596567792125186e-01
2.584393409769872307e-01
2.882221868460047021e-01
3.467444420565807262e-01
4.632860937908664378e-01
6.989603406873631242e-01
6.989603406873631242e-01
4.638222734496518784e-01
3.472305326354837018e-01
2.885611957684160456e-01
2.586329871690676852e-01
2.432939833441534194e-01
2.586329871690676852e-01
2.885611957684160456e-01
3.472305326354837018e-01
4.638222734496518784e-01
6.989603406873631242e-01
6.989603406873631242e-01
4.646961535600336868e-01
3.479793011200219555e-01
2.890560985130937177e-01
2.589816614346024393e-01
2.436199268491457959e-01
2.589816614346024393e-01
2.890560985130937177e-01
3.479793011200219000e-01
4.646961535600336868e-01
6.989603406873631242e-01
6.989603406873631242e-01
4.650524316408973236e-01
3.482708082487125933e-01
2.892228328469750864e-01
2.590334148469353726e-01
2.435497804755947515e-01
2.590334148469353726e-01
2.892228328469750864e-01
3.482708082487125933e-01
4.650524316408973236e-01
6.989603406873631242e-01
6.989603406873631242e-01
4.656258774670937739e-01
3.487102130276533152e-01
2.894557943302059622e-01
2.591526297267627288e-01
2.436500311944704011e-01
2.591526297267627288e-01
2.894557943302059622e-01
3.487102130276533152e-01
4.656258774670937739e-01
6.989603406873631242e-01
6.989603406873631242e-01
4.658577717868419565e-01
3.488784580349952313e-01
2.895273169175694439e-01
2.591401008829654073e-01
2.435510129518033695e-01
2.591401008829654073e-01
2.895273169175694439e-01
3.488784580349952313e-01
4.658577717868419565e-01
6.989603406873631242e-01
6.989603406873631242e-01
4.662284991558279801e-01
3.491285919951660488e-01
2.896207985044433886e-01
2.591504482955823141e-01
2.435465213673124740e-01
2.591504482955823141e-01
2.896207985044433886e-01
3.491285919951660488e-01
4.662284991558279801e-01
6.989603406873631242e-01
6.989603406873631242e-01
4.663782754521577090e-01
3.492232381108135719e-01
2.896446817372065330e-01
2.591160991225357479e-01
2.434543165433249723e-01
2.591160991225357479e-01
2.896446817372065330e-01
3.492232381108135719e-01
4.663782754521577090e-01
6.989603406873631242e-01
6.989603406873631242e-01
4.666174185985417777e-01
3.493637052586803238e-01
2.896717561992721568e-01
2.590846478872900205e-01
2.434111348199444746e-01
2.590846478872900205e-01
2.896717561992721568e-01
3.493637052586802683e-01
4.666174185985417777e-01
6.989603406873631242e-01
6.989603406873631242e-01
4.667146680703059825e-01
3.494172322918487339e-01
2.896753849966060002e-01
2.590493543662384379e-01
2.433388866260016437e-01
2.590493543662384379e-01
2.896753849966060002e-01
3.494172322918487339e-01
4.667146680703059825e-01
6.989603406873631242e-01
6.989603406873631242e-01
4.668707351213456369e-01
3.494985575708862702e-01
2.896780993189139175e-01
2.590115850020040522e-01
2.432914932598011504e-01
2.590115850020040522e-01
2.896780993189138620e-01
3.494985575708863257e-01
4.668707351213456924e-01
6.989603406873631242e-01
6.989603406873631242e-01
4.669351526186280021e-01
3.495313535623156831e-01
2.896771050664496139e-01
2.589855742651844261e-01
2.432426269816669595e-01
2.589855742651844261e-01
2.896771050664496139e-01
3.495313535623156831e-01
4.669351526186280021e-01
6.989603406873631242e-01
6.989603406873631242e-01
4.670403942850811507e-01
3.495855912906516427e-01
2.896797351374217899e-01
2.589609243805253702e-01
2.432103895572395313e-01
2.589609243805253702e-01
2.896797351374217899e-01
3.495855912906516427e-01
4.670403942850811507e-01
6.989603406873631242e-01
6.989603406873631242e-01
4.670855426128976418e-01
3.496101971757861193e-01
2.896833078837715014e-01
2.589492655151936495e-01
2.431851789397111996e-01
2.589492655151936495e-01
2.896833078837715569e-01
3.496101971757861193e-01
4.670855426128976418e-01
6.989603406873631242e-01
6.989603406873631242e-01
4.671622125697179606e-01
3.496580808880078162e-01
2.897000457088608760e-01
2.589488496929360228e-01
2.431789332942495274e-01
2.589488496929360228e-01
2.897000457088608760e-01
3.496580808880078162e-01
4.671622125697179606e-01
6.989603406873631242e-01
6.989603406873631242e-01
4.671975449303089611e-01
3.496827364278007333e-01
2.897137142608365301e-01
2.589540478579557825e-01
2.431774261051837804e-01
2.589540478579557825e-01
2.897137142608365301e-01
3.496827364278007333e-01
4.671975449303089611e-01
6.989603406873631242e-01
6.989603406873631242e-01
4.672619131427923067e-01
3.497371866614868985e-01
2.897529711061622715e-01
2.589845126874483761e-01
2.432033774920629998e-01
2.589845126874483761e-01
2.897529711061622715e-01
3.497371866614868985e-01
4.672619131427923067e-01
6.989603406873631242e-01
6.989603406873631242e-01
4.672937281456469027e-01
3.497671937276749521e-01
2.897799990602641929e-01
2.590085303300102004e-01
2.432266517922143101e-01
2.590085303300102004e-01
2.897799990602641929e-01
3.497671937276749521e-01
4.672937281456469583e-01
6.989603406873631242e-01
6.989603406873631242e-01
4.673564952409440809e-01
3.498358053231373499e-01
2.898469374751792005e-01
2.590737678025823443e-01
2.432887678327929071e-01
2.590737678025823998e-01
2.898469374751792005e-01
3.498358053231373499e-01
4.673564952409440809e-01
6.989603406873631242e-01
6.989603406873631242e-01
4.673892383629657532e-01
3.498742146147784671e-01
2.898887251293813527e-01
2.591182140752763541e-01
2.433379758466461262e-01
2.591182140752763541e-01
2.898887251293813527e-01
3.498742146147784671e-01
4.673892383629657532e-01
6.989603406873631242e-01
6.989603406873631242e-01
4.674566091951072311e-01
3.499611869524222318e-01
2.899852663568481814e-01
2.592186028043472201e-01
2.434367660542754996e-01
2.592186028043472201e-01
2.899852663568481814e-01
3.499611869524222318e-01
4.674566091951072311e-01
6.989603406873631242e-01
6.989603406873631242e-01
4.674930253130439306e-01
3.500092063671138010e-01
2.900413801764945010e-01
2.592826208594450899e-01
2.435102986202001552e-01
2.592826208594450899e-01
2.900413801764945010e-01
3.500092063671138010e-01
4.674930253130439306e-01
6.989603406873631242e-01
6.989603406873631242e-01
4.675691766597347421e-01
3.501157464152842014e-01
2.901644454006618856e-01
2.594128248904348233e-01
2.436394559092028012e-01
2.594128248904348233e-01
2.901644454006618856e-01
3.501157464152842014e-01
4.675691766597346866e-01
6.989603406873631242e-01
6.989603406873631242e-01
4.676108018633100549e-01
3.501738166143313902e-01
2.902321712902893314e-01
2.594905175274657694e-01
2.437296180797199341e-01
2.594905175274657694e-01
2.902321712902893314e-01
3.501738166143313902e-01
4.676108018633100549e-01
6.989603406873631242e-01
6.989603406873631242e-01
4.676996986673063184e-01
3.502999681416051336e-01
2.903741924244480632e-01
2.596385529849206120e-01
2.438750203124100124e-01
2.596385529849206120e-01
2.903741924244480632e-01
3.502999681416051891e-01
4.676996986673063184e-01
6.989603406873631242e-01
6.989603406873631242e-01
4.677491148241400554e-01
3.503686889052791131e-01
2.904497672574803957e-01
2.597203469241771701e-01
2.439668609522289144e-01
2.597203469241771701e-01
2.904497672574803957e-01
3.503686889052791131e-01
4.677491148241400554e-01
6.989603406873631242e-01
6.989603406873631242e-01
4.678561800345198973e-01
3.505191865211029212e-01
2.906056897910471726e-01
2.598738787682982609e-01
2.441143262092759780e-01
2.598738787682982609e-01
2.906056897910471726e-01
3.505191865211029212e-01
4.678561800345198973e-01
6.989603406873631242e-01
6.989603406873631242e-01
4.679161905527350340e-01
3.506025810015435673e-01
2.906898964456741119e-01
2.599542441842468965e-01
2.441934232854575115e-01
2.599542441842468965e-01
2.906898964456741119e-01
3.506025810015435673e-01
4.679161905527350340e-01
6.989603406873631242e-01
6.989603406873631242e-01
4.680478945151289594e-01
3.507925875604515631e-01
2.908725552753329557e-01
2.601206622676112135e-01
2.443496220727115198e-01
2.601206622676112135e-01
2.908725552753329557e-01
3.507925875604515631e-01
4.680478945151289594e-01
6.989603406873631242e-01
6.989603406873631242e-01
4.681203758183283825e-01
3.509032476997655525e-01
2.909794178037792833e-01
2.602109424407283989e-01
2.444216394147133709e-01
2.602109424407283989e-01
2.909794178037792833e-01
3.509032476997655525e-01
4.681203758183283825e-01
6.989603406873631242e-01
6.989603406873631242e-01
4.682790784063955436e-01
3.511639247352661974e-01
2.912379148014983543e-01
2.604449918448472623e-01
2.446431853751510621e-01
2.604449918448472623e-01
2.912379148014983543e-01
3.511639247352661974e-01
4.682790784063955436e-01
6.989603406873631242e-01
6.989603406873631242e-01
4.683629557515394115e-01
3.513216410949471236e-01
2.914032794475154842e-01
2.605894729477311045e-01
2.447581145085014620e-01
2.605894729477311045e-01
2.914032794475154842e-01
3.513216410949471236e-01
4.683629557515394115e-01
6.989603406873631242e-01
6.989603406873631242e-01
4.685399293114606012e-01
3.516981361595529210e-01
2.918316826401030628e-01
2.610104566742619259e-01
2.451713163094746128e-01
2.610104566742619814e-01
2.918316826401030628e-01
3.516981361595529210e-01
4.685399293114606567e-01
6.989603406873631242e-01
6.989603406873631242e-01
4.686265548519795154e-01
3.519256414225980234e-01
2.921126577974632599e-01
2.612955835427817064e-01
2.454427871370999936e-01
2.612955835427817064e-01
2.921126577974632599e-01
3.519256414225980234e-01
4.686265548519795154e-01
6.989603406873631242e-01
6.989603406873631242e-01
4.687937979064377703e-01
3.524593700807208685e-01
2.928327775963401880e-01
2.620744507908652210e-01
2.462320185113034132e-01
2.620744507908652210e-01
2.928327775963401880e-01
3.524593700807208685e-01
4.687937979064377703e-01
6.989603406873631242e-01
6.989603406873631242e-01
4.688630848821545571e-01
3.527692629448046513e-01
2.932899076918496495e-01
2.626116377358426734e-01
2.468253351407075080e-01
2.626116377358426734e-01
2.932899076918496495e-01
3.527692629448046513e-01
4.688630848821545571e-01
6.989603406873631242e-01
6.989603406873631242e-01
4.689590048555055679e-01
3.534641810598788125e-01
2.943930609283174071e-01
2.639037886668960664e-01
2.481631484116605668e-01
2.639037886668960664e-01
2.943930609283174071e-01
3.534641810598788125e-01
4.689590048555055679e-01
6.989603406873631242e-01
6.989603406873631242e-01
4.689656211962310306e-01
3.538369141468481471e-01
2.950485878268087059e-01
2.647704113884348787e-01
2.492231387753539029e-01
2.647704113884349342e-01
2.950485878268086504e-01
3.538369141468481471e-01
4.689656211962310306e-01
6.989603406873631242e-01
6.989603406873631242e-01
4.688679388230180822e-01
3.546074300794430645e-01
2.964924244122446595e-01
2.665777930049186284e-01
2.511231809370070289e-01
2.665777930049186284e-01
2.964924244122446595e-01
3.546074300794430645e-01
4.688679388230180822e-01
6.989603406873631242e-01
6.989603406873631242e-01
4.687275274825449256e-01
3.549714592284027304e-01
2.972700896957226058e-01
2.677150506630542881e-01
2.526248356007650964e-01
2.677150506630542881e-01
2.972700896957226058e-01
3.549714592284027304e-01
4.687275274825449256e-01
6.989603406873631242e-01
6.989603406873631242e-01
4.682188907184941518e-01
3.556151951795851751e-01
2.987718455614501445e-01
2.697107473681065737e-01
2.547505147321666996e-01
2.697107473681065737e-01
2.987718455614501445e-01
3.556151951795851751e-01
4.682188907184941518e-01
6.989603406873631242e-01
6.989603406873631242e-01
4.677971293732011149e-01
3.558517058603827832e-01
2.994649479276180193e-01
2.708195631271632653e-01
2.563055259280159204e-01
2.708195631271632653e-01
2.994649479276180193e-01
3.558517058603827832e-01
4.677971293732011149e-01
6.989603406873631242e-01
6.989603406873631242e-01
4.665533531959843438e-01
3.561276532509372039e-01
3.005365753052605671e-01
2.723028230800580429e-01
2.578989715833306384e-01
2.723028230800580429e-01
3.005365753052605671e-01
3.561276532509372039e-01
4.665533531959843438e-01
6.989603406873631242e-01
6.989603406873631242e-01
4.656498427770785487e-01
3.561575978301061984e-01
3.009082036354898682e-01
2.728774050187046107e-01
2.586934292634303634e-01
2.728774050187045552e-01
3.009082036354898682e-01
3.561575978301061984e-01
4.656498427770785487e-01
6.989603406873631242e-01
6.989603406873631242e-01
4.631632986140533093e-01
3.560472329954009751e-01
3.013111612683960772e-01
2.732305236429070083e-01
2.590157257939710300e-01
2.732305236429070083e-01
3.013111612683960772e-01
3.560472329954009751e-01
4.631632986140533093e-01
6.989603406873631242e-01
6.989603406873631242e-01
4.614462108788007777e-01
3.559952507849104553e-01
3.015083299890244928e-01
2.730110609309121528e-01
2.582255673337585100e-01
2.730110609309121528e-01
3.015083299890244928e-01
3.559952507849104553e-01
4.614462108788007777e-01
6.989603406873631242e-01
6.989603406873631242e-01
4.568477105007239802e-01
3.560825422708697729e-01
3.025210826669535447e-01
2.733052993329982971e-01
2.582108842787473879e-01
2.733052993329982971e-01
3.025210826669535447e-01
3.560825422708697729e-01
4.568477105007239802e-01
6.989603406873631242e-01
6.989603406873631242e-01
4.537010107904720368e-01
3.564206488483230850e-01
3.039903849792384150e-01
2.736813679009905687e-01
2.565468654887320676e-01
2.736813679009905687e-01
3.039903849792384150e-01
3.564206488483230850e-01
4.537010107904719813e-01
6.989603406873631242e-01
6.989603406873631242e-01
4.453262495973394630e-01
3.578859628382627944e-01
3.107132534137544422e-01
2.811128461333284867e-01
2.636926571105998041e-01
2.811128461333284867e-01
3.107132534137543867e-01
3.578859628382627944e-01
4.453262495973395185e-01
6.989603406873631242e-01
6.989603406873631242e-01
4.395665959724497363e-01
3.589736064683525796e-01
3.170492119757938321e-01
2.894981109893722815e-01
2.695298041090117280e-01
2.894981109893722815e-01
3.170492119757937766e-01
3.589736064683526351e-01
4.395665959724497363e-01
6.989603406873631242e-01
6.989603406873631242e-01
4.241374527952592177e-01
3.613732839213024683e-01
3.363911098546631395e-01
3.306440213169536957e-01
3.336737491449711102e-01
3.306440213169536957e-01
3.363911098546631395e-01
3.613732839213024683e-01
4.241374527952592177e-01
6.989603406873631242e-01
4.135140554824685011e-01
4.135032967814600280e-01
3.615529819134739586e-01
3.421936456048525477e-01
3.387630939549541864e-01
3.395966198955427950e-01
3.387630939549541864e-01
3.421936456048525477e-01
3.615529819134739586e-01
4.135032967814600280e-01
4.135140554824685011e-01
3.961881224514381405e-01
3.961935460411967758e-01
3.598672176204384399e-01
3.466861728755386007e-01
3.442405593156387944e-01
3.449071180724469499e-01
3.442405593156387944e-01
3.466861728755386007e-01
3.598672176204383844e-01
3.961935460411967758e-01
3.961881224514381405e-01
3.889055282950424353e-01
3.889350617265540100e-01
3.582567190818827241e-01
3.465614893934072516e-01
3.429677156422678563e-01
3.413933125396647617e-01
3.429677156422678563e-01
3.465614893934072516e-01
3.582567190818827241e-01
3.889350617265540100e-01
3.889055282950424353e-01
3.767466319105363115e-01
3.767605324949144241e-01
3.539214107149515898e-01
3.436651647169596258e-01
3.393386501467037797e-01
3.374776938215756084e-01
3.393386501467037797e-01
3.436651647169596258e-01
3.539214107149515898e-01
3.767605324949144241e-01
3.767466319105363115e-01
3.715496357592483756e-01
3.715523154120090044e-01
3.515590724738096307e-01
3.416963913324096436e-01
3.367675138505417665e-01
3.340329209395741517e-01
3.367675138505417665e-01
3.416963913324096436e-01
3.515590724738096307e-01
3.715523154120090044e-01
3.715496357592483756e-01
3.626711634017425467e-01
3.626748124088411962e-01
3.467635613856819288e-01
3.375995195232862622e-01
3.325170622519212360e-01
3.297466246852798766e-01
3.325170622519212360e-01
3.375995195232862622e-01
3.467635613856819288e-01
3.626748124088411962e-01
3.626711634017425467e-01
3.588374099566308817e-01
3.588540765041251523e-01
3.445192586673503921e-01
3.357517765038255941e-01
3.307267202018720487e-01
3.279553470798559078e-01
3.307267202018720487e-01
3.357517765038255941e-01
3.445192586673503921e-01
3.588540765041251523e-01
3.588374099566308817e-01
3.523000555886526275e-01
3.523022038575877035e-01
3.404678385540438335e-01
3.326237894550387875e-01
3.279773057040216711e-01
3.253367912407559848e-01
3.279773057040216711e-01
3.326237894550387875e-01
3.404678385540438335e-01
3.523022038575877035e-01
3.523000555886525720e-01
3.494798215175180522e-01
3.494812551089022112e-01
3.387031952624479092e-01
3.313946427467160949e-01
3.271358161304956380e-01
3.248664124437343204e-01
3.271358161304956380e-01
3.313946427467160949e-01
3.387031952624479092e-01
3.494812551089022112e-01
3.494798215175181078e-01
3.446537282545892311e-01
3.446556074402298830e-01
3.357033741731910714e-01
3.294895448986090436e-01
3.258260542912617685e-01
3.237498823650598045e-01
3.258260542912617685e-01
3.294895448986090436e-01
3.357033741731910159e-01
3.446556074402298830e-01
3.446537282545892311e-01
3.425794805062249426e-01
3.425837124532052358e-01
3.344408638046297289e-01
3.287937927884792555e-01
3.255802802535667229e-01
3.239318323437965774e-01
3.255802802535667229e-01
3.287937927884792555e-01
3.344408638046297289e-01
3.425837124532052358e-01
3.425794805062249426e-01
3.390541581719948017e-01
3.390552938126581983e-01
3.323541686013263829e-01
3.277429676660507107e-01
3.251058722652137023e-01
3.236412320448263102e-01
3.251058722652137023e-01
3.277429676660507107e-01
3.323541686013263829e-01
3.390552938126581983e-01
3.390541581719948017e-01
3.375438213622953265e-01
3.375454694196524663e-01
3.314828278829334285e-01
3.273624480679482862e-01
3.251004402392536630e-01
3.239786729878640359e-01
3.251004402392536630e-01
3.273624480679482862e-01
3.314828278829334285e-01
3.375454694196524663e-01
3.375438213622953265e-01
3.349810309966290145e-01
3.349788303913746046e-01
3.300418636658850047e-01
3.267567918407083272e-01
3.249446936012923004e-01
3.239663445865299529e-01
3.249446936012923004e-01
3.267567918407083272e-01
3.300418636658850047e-01
3.349788303913746046e-01
3.349810309966290145e-01
3.338803078428935200e-01
3.338801733648491532e-01
3.294325657140376729e-01
3.265190705597602605e-01
3.249701214312982200e-01
3.242177149063202313e-01
3.249701214312982200e-01
3.265190705597602605e-01
3.294325657140376729e-01
3.338801733648491532e-01
3.338803078428935200e-01
3.320094335575748401e-01
3.320076402626129797e-01
3.284068148596786529e-01
3.260971925746275479e-01
3.248559037811712402e-01
3.242027489446944744e-01
3.248559037811712402e-01
3.260971925746275479e-01
3.284068148596786529e-01
3.320076402626129797e-01
3.320094335575748401e-01
3.312050131402273778e-01
3.312045817506448775e-01
3.279652968698733018e-01
3.259116043345642866e-01
3.248360138236119909e-01
3.243144742273185166e-01
3.248360138236119909e-01
3.259116043345642866e-01
3.279652968698732463e-01
3.312045817506448775e-01
3.312050131402273778e-01
3.298348952437825110e-01
3.298341677513356163e-01
3.272048481262359032e-01
3.255573621821323815e-01
3.246769778284283592e-01
3.242186202330512024e-01
3.246769778284283592e-01
3.255573621821323260e-01
3.272048481262359032e-01
3.298341677513356163e-01
3.298348952437825110e-01
3.292458605183036791e-01
3.292450656679054011e-01
3.268721317157595729e-01
3.253930084503917630e-01
3.246110066815589557e-01
3.242262646621384414e-01
3.246110066815589557e-01
3.253930084503917630e-01
3.268721317157595729e-01
3.292450656679054011e-01
3.292458605183036235e-01
3.282402330103895149e-01
3.282381658423214610e-01
3.262912464008018709e-01
3.250762237536619081e-01
3.244168248153823098e-01
3.240714054399052024e-01
3.244168248153823098e-01
3.250762237536619081e-01
3.262912464008018709e-01
3.282381658423214610e-01
3.282402330103895149e-01
3.278057101771519877e-01
3.278046817588838313e-01
3.260342697689315727e-01
3.249303394642578668e-01
3.243315340272472369e-01
3.240308078198311792e-01
3.243315340272472369e-01
3.249303394642578668e-01
3.260342697689315727e-01
3.278046817588838868e-01
3.278057101771519877e-01
3.270629207887753021e-01
3.270595641161503919e-01
3.255846584158481050e-01
3.246563049741268969e-01
3.241387210181868039e-01
3.238639438042404395e-01
3.241387210181868039e-01
3.246563049741268969e-01
3.255846584158481050e-01
3.270595641161503919e-01
3.270629207887753021e-01
3.267401254525674203e-01
3.267385272653660078e-01
3.253854565600048376e-01
3.245343127690514251e-01
3.240595128794877544e-01
3.238169745995872484e-01
3.240595128794877544e-01
3.245343127690514251e-01
3.253854565600047821e-01
3.267385272653660633e-01
3.267401254525673648e-01
3.261875759990696677e-01
3.261833594830597649e-01
3.250403804667343355e-01
3.243139435613063837e-01
3.238985597320144794e-01
3.236750247081784382e-01
3.238985597320144794e-01
3.243139435613063837e-01
3.250403804667343355e-01
3.261833594830597094e-01
3.261875759990696677e-01
3.259461471864004145e-01
3.259448983944162603e-01
3.248884712111476669e-01
3.242197994391914362e-01
3.238381077732438995e-01
3.236417607707101629e-01
3.238381077732438995e-01
3.242197994391914362e-01
3.248884712111476669e-01
3.259448983944162603e-01
3.259461471864004145e-01
3.255352203033412550e-01
3.255316918728261566e-01
3.246295983469282276e-01
3.240559521939856968e-01
3.237219476974323995e-01
3.235405657755757725e-01
3.237219476974323995e-01
3.240559521939856968e-01
3.246295983469282276e-01
3.255316918728261566e-01
3.255352203033412550e-01
3.253566097889269426e-01
3.253547882850021944e-01
3.245174438870359612e-01
3.239883867559448238e-01
3.236821634386798374e-01
3.235248670805796478e-01
3.236821634386798374e-01
3.239883867559448238e-01
3.245174438870359612e-01
3.253547882850022499e-01
3.253566097889269426e-01
3.250533203226646517e-01
3.250502722650403520e-01
3.243281490533734268e-01
3.238740259652804765e-01
3.236064180160765913e-01
3.234613217742773883e-01
3.236064180160765913e-01
3.238740259652804765e-01
3.243281490533734268e-01
3.250502722650403520e-01
3.250533203226646517e-01
3.249225565349284639e-01
3.249203889557333857e-01
3.242473051191493982e-01
3.238276186045103699e-01
3.235833432827392442e-01
3.234581476029394498e-01
3.235833432827392442e-01
3.238276186045103699e-01
3.242473051191493982e-01
3.249203889557333857e-01
3.249225565349284639e-01
3.247016681919205894e-01
3.246984009298276019e-01
3.241116275325142126e-01
3.237505111837857830e-01
3.235362065703982770e-01
3.234208842578650822e-01
3.235362065703982770e-01
3.237505111837857830e-01
3.241116275325142126e-01
3.246984009298275464e-01
3.247016681919206449e-01
3.246067262666210707e-01
3.246039075708377908e-01
3.240541001564535284e-01
3.237191840605629922e-01
3.235234946335787121e-01
3.234236801063675171e-01
3.235234946335787121e-01
3.237191840605629922e-01
3.240541001564535284e-01
3.246039075708377908e-01
3.246067262666210151e-01
3.244464167786673681e-01
3.244432038107639693e-01
3.239577110490070577e-01
3.236674112408060577e-01
3.234944663814352528e-01
3.234019156508288750e-01
3.234944663814352528e-01
3.236674112408060577e-01
3.239577110490070577e-01
3.244432038107639693e-01
3.244464167786673681e-01
3.243780771556828979e-01
3.243745361798616167e-01
3.239169887183049323e-01
3.236464416122775134e-01
3.234870740574892767e-01
3.234063038629104159e-01
3.234870740574892767e-01
3.236464416122775134e-01
3.239169887183049323e-01
3.243745361798616167e-01
3.243780771556828979e-01
3.242620346474078263e-01
3.242586882963301442e-01
3.238489468439418872e-01
3.236113111176111556e-01
3.234686635728202253e-01
3.233927562759261187e-01
3.234686635728201698e-01
3.236113111176111556e-01
3.238489468439418872e-01
3.242586882963301442e-01
3.242620346474078263e-01
3.242128441441398667e-01
3.242091635629051893e-01
3.238202050790982556e-01
3.235970239927482561e-01
3.234640604201662883e-01
3.233965719815302120e-01
3.234640604201662883e-01
3.235970239927482561e-01
3.238202050790982556e-01
3.242091635629051893e-01
3.242128441441398667e-01
3.241296346702481346e-01
3.241262342881093272e-01
3.237722954968395017e-01
3.235729381103241709e-01
3.234514565872939063e-01
3.233871689557978879e-01
3.234514565872939063e-01
3.235729381103241709e-01
3.237722954968395017e-01
3.241262342881093272e-01
3.241296346702481346e-01
3.240947168891003538e-01
3.240905687314851735e-01
3.237523023714269921e-01
3.235627763016839520e-01
3.234484246442639876e-01
3.233899841029400646e-01
3.234484246442639876e-01
3.235627763016839520e-01
3.237523023714269921e-01
3.240905687314851735e-01
3.240947168891003538e-01
3.240349335720859036e-01
3.240317546341617283e-01
3.237182493310845621e-01
3.235460388024687939e-01
3.234392919974540814e-01
3.233828900347635593e-01
3.234392919974540814e-01
3.235460388024687939e-01
3.237182493310845621e-01
3.240317546341617283e-01
3.240349335720859036e-01
3.240105527927948370e-01
3.240057316997670966e-01
3.237044819363502635e-01
3.235386817149307204e-01
3.234372362301305426e-01
3.233851306916376012e-01
3.234372362301305426e-01
3.235386817149307204e-01
3.237044819363502635e-01
3.240057316997670966e-01
3.240105527927948370e-01
3.239671107179227794e-01
3.239640848306191145e-01
3.236801095712055765e-01
3.235270755567027923e-01
3.234307377484711976e-01
3.233798543134738801e-01
3.234307377484711976e-01
3.235270755567027923e-01
3.236801095712055765e-01
3.239640848306191145e-01
3.239671107179227794e-01
3.239500362354265639e-01
3.239449404027722745e-01
3.236706421812358125e-01
3.235218560119619280e-01
3.234296508732245057e-01
3.233820704569272952e-01
3.234296508732245057e-01
3.235218560119619280e-01
3.236706421812358125e-01
3.239449404027722745e-01
3.239500362354265639e-01
3.239184047931881194e-01
3.239153636590293983e-01
3.236534133071575225e-01
3.235142658332503807e-01
3.234255155540574078e-01
3.233786587662278444e-01
3.234255155540574078e-01
3.235142658332503807e-01
3.236534133071575225e-01
3.239153636590293983e-01
3.239184047931881194e-01
3.239064091254568178e-01
3.239013507767618538e-01
3.236470448869109839e-01
3.235108223023203666e-01
3.234254675161858938e-01
3.233812657606582319e-01
3.234254675161858938e-01
3.235108223023203666e-01
3.236470448869109839e-01
3.239013507767618538e-01
3.239064091254568178e-01
3.238835901114937577e-01
3.238805436159773454e-01
3.236352586003129472e-01
3.235064963074861244e-01
3.234235861154027281e-01
3.233797045638273637e-01
3.234235861154027281e-01
3.235064963074861244e-01
3.236352586003129472e-01
3.238805436159773454e-01
3.238835901114938132e-01
3.238753955356248326e-01
3.238703694806438493e-01
3.236312196957285003e-01
3.235045806241104160e-01
3.234243862712495865e-01
3.233828307156920712e-01
3.234243862712495865e-01
3.235045806241104160e-01
3.236312196957285003e-01
3.238703694806438493e-01
3.238753955356248326e-01
3.238591852923611847e-01
3.238561671454286972e-01
3.236236150894947206e-01
3.235029026698240107e-01
3.234244840467026538e-01
3.233829252051812486e-01
3.234244840467026538e-01
3.235029026698240107e-01
3.236236150894947206e-01
3.238561671454286972e-01
3.238591852923612402e-01
3.238538877707152208e-01
3.238488838710534834e-01
3.236213617499424378e-01
3.235021641841204221e-01
3.234261091909705343e-01
3.233866420372881190e-01
3.234261091909705899e-01
3.235021641841204776e-01
3.236213617499423822e-01
3.238488838710534834e-01
3.238538877707151653e-01
3.238427159185316984e-01
3.238395911841596142e-01
3.236170791546019165e-01
3.235026426343347028e-01
3.234277979628039645e-01
3.233880742746926273e-01
3.234277979628039645e-01
3.235026426343347028e-01
3.236170791546019720e-01
3.238395911841596142e-01
3.238427159185316984e-01
3.238394252556609509e-01
3.238345492269009696e-01
3.236163644471402590e-01
3.235028747309152686e-01
3.234301810195994165e-01
3.233924326660433946e-01
3.234301810195994165e-01
3.235028747309153241e-01
3.236163644471402590e-01
3.238345492269009696e-01
3.238394252556609509e-01
3.238319924557128693e-01
3.238288629476065439e-01
3.236146977476326292e-01
3.235051853196368454e-01
3.234332765562237255e-01
3.233949531978991265e-01
3.234332765562237255e-01
3.235051853196368454e-01
3.236146977476326292e-01
3.238288629476065439e-01
3.238319924557128693e-01
3.238302712115456727e-01
3.238254410590221677e-01
3.236154077991602596e-01
3.235063533895422561e-01
3.234362840881463974e-01
3.233998588885292347e-01
3.234362840881463974e-01
3.235063533895422561e-01
3.236154077991602596e-01
3.238254410590221677e-01
3.238302712115456727e-01
3.238255639501897987e-01
3.238225028018955620e-01
3.236161010743484612e-01
3.235104410556792764e-01
3.234409190807895351e-01
3.234039035599740597e-01
3.234409190807895351e-01
3.235104410556792764e-01
3.236161010743484612e-01
3.238225028018955620e-01
3.238255639501897987e-01
3.238250511335620807e-01
3.238203158589464392e-01
3.236176936498629253e-01
3.235124689666895037e-01
3.234446739049184338e-01
3.234096127519073827e-01
3.234446739049184338e-01
3.235124689666895037e-01
3.236176936498629253e-01
3.238203158589464392e-01
3.238250511335620807e-01
3.238225402345939474e-01
3.238195142813485861e-01
3.236201472701241144e-01
3.235179598776813936e-01
3.234505628904658092e-01
3.234147474517179988e-01
3.234505628904658092e-01
3.235179598776813936e-01
3.236201472701241144e-01
3.238195142813485861e-01
3.238225402345939474e-01
3.238229440698314754e-01
3.238182198536466716e-01
3.236224446286540823e-01
3.235204880140278294e-01
3.234552499982775720e-01
3.234213347521524562e-01
3.234552499982775720e-01
3.235204880140278294e-01
3.236224446286540823e-01
3.238182198536466716e-01
3.238229440698314754e-01
3.238218695028916017e-01
3.238189147185022709e-01
3.236258369983048278e-01
3.235308645264546867e-01
3.234617066654658091e-01
3.234272989943645094e-01
3.234617066654658091e-01
3.235308645264546867e-01
3.236258369983048278e-01
3.238189147185022709e-01
3.238218695028916017e-01
3.238229447953085427e-01
3.238181319201204889e-01
3.236320609282333782e-01
3.235338649578917147e-01
3.234699647685938539e-01
3.234350587623656126e-01
3.234699647685938539e-01
3.235338649578917147e-01
3.236320609282333782e-01
3.238181319201204889e-01
3.238229447953085427e-01
3.238226372088021110e-01
3.238202105118475060e-01
3.236409170881108244e-01
3.235350086343836695e-01
3.234804709846023085e-01
3.234426173019160355e-01
3.234804709846023085e-01
3.235350086343836695e-01
3.236409170881108244e-01
3.238202105118475060e-01
3.238226372088021110e-01
3.238244828531757213e-01
3.238198743108129385e-01
3.236467734233029470e-01
3.235403271654241908e-01
3.234823872107460696e-01
3.234526504640082845e-01
3.234823872107460696e-01
3.235403271654241908e-01
3.236467734233029470e-01
3.238198743108129940e-01
3.238244828531756658e-01
3.238255081117041301e-01
3.238232516956450757e-01
3.236545943315752849e-01
3.235370767256114943e-01
3.234822415477069946e-01
3.234729209089407531e-01
3.234822415477069946e-01
3.235370767256114943e-01
3.236545943315752849e-01
3.238232516956450202e-01
3.238255081117041301e-01
3.238280171895588921e-01
3.238234866463001738e-01
3.236584322015484405e-01
3.235334825920977986e-01
3.234911865021547484e-01
3.234829087881920251e-01
3.234911865021547484e-01
3.235334825920977986e-01
3.236584322015484405e-01
3.238234866463001738e-01
3.238280171895588921e-01
3.238300049656109292e-01
3.238280171895588921e-01
3.236631588097705348e-01
3.235227094934261527e-01
3.234923888391939562e-01
3.235053990660861634e-01
3.234923888391939562e-01
3.235227094934261527e-01
3.236631588097705348e-01
3.238280171895588921e-01
3.238300049656109292e-01
