2.313357163915261139e-01
2.313368724070946070e-01
2.314164151356088994e-01
2.314424568558021422e-01
2.314466010262355711e-01
2.314539929604237656e-01
2.314466010262355711e-01
2.314424568558021422e-01
2.314164151356088994e-01
2.313368724070946070e-01
2.313357163915261139e-01
2.313368724070946070e-01
2.313380742933942580e-01
2.314156689639074449e-01
2.314398996484617888e-01
2.314516436401648503e-01
2.314605189192815993e-01
2.314516436401648503e-01
2.314398996484617888e-01
2.314156689639074449e-01
2.313380742933942580e-01
2.313368724070946070e-01
2.313372400294939069e-01
2.313384482489705962e-01
2.314154571757776890e-01
2.314402022537193904e-01
2.314542954572679223e-01
2.314615326963311293e-01
2.314542954572679223e-01
2.314402022537193904e-01
2.314154571757776890e-01
2.313384482489705962e-01
2.313372400294939069e-01
2.313376226178295858e-01
2.313387844896205303e-01
2.314132845706661223e-01
2.314372905918302969e-01
2.314519494258146515e-01
2.314622913710047691e-01
2.314519494258146515e-01
2.314372905918302969e-01
2.314132845706661223e-01
2.313387844896205303e-01
2.313376226178295858e-01
2.313375959883069988e-01
2.313387269767744892e-01
2.314121825442723435e-01
2.314359154568823573e-01
2.314500439247517416e-01
2.314601528098435834e-01
2.314500439247517416e-01
2.314359154568823573e-01
2.314121825442723712e-01
2.313387269767744892e-01
2.313375959883069988e-01
2.313370915919497062e-01
2.313382084138209949e-01
2.314096127019536486e-01
2.314347702594515277e-01
2.314460238949965221e-01
2.314561202064220335e-01
2.314460238949965221e-01
2.314347702594515277e-01
2.314096127019536486e-01
2.313382084138209949e-01
2.313370915919497062e-01
2.313366713091875027e-01
2.313377392259462484e-01
2.314078433902576337e-01
2.314332232413348345e-01
2.314446133534168171e-01
2.314538815753331702e-01
2.314446133534168171e-01
2.314332232413348345e-01
2.314078433902576337e-01
2.313377392259462484e-01
2.313366713091875027e-01
2.313353787010827833e-01
2.313364881826479036e-01
2.314051566003773874e-01
2.314296369537665321e-01
2.314394025405444866e-01
2.314480956227577824e-01
2.314394025405444866e-01
2.314296369537665321e-01
2.314051566003773597e-01
2.313364881826479036e-01
2.313353787010827833e-01
2.313346258593267646e-01
2.313355522027653044e-01
2.314035262037126284e-01
2.314279902962033120e-01
2.314373871578302710e-01
2.314464455825669120e-01
2.314373871578302710e-01
2.314279902962033120e-01
2.314035262037126284e-01
2.313355522027653044e-01
2.313346258593267646e-01
2.313323597869708925e-01
2.313334616726450133e-01
2.314009036437104372e-01
2.314237339580121622e-01
2.314331401521635689e-01
2.314418628982525261e-01
2.314331401521635689e-01
2.314237339580121622e-01
2.314009036437104372e-01
2.313334616726449855e-01
2.313323597869708925e-01
2.313311066726834175e-01
2.313321658470637032e-01
2.313995442318476925e-01
2.314219891693317932e-01
2.314317551922898675e-01
2.314402724212006879e-01
2.314317551922898675e-01
2.314219891693317932e-01
2.313995442318476925e-01
2.313321658470637032e-01
2.313311066726834175e-01
2.313282565864117346e-01
2.313293074860532095e-01
2.313956131405100758e-01
2.314179304288802586e-01
2.314271979257148670e-01
2.314355844711789567e-01
2.314271979257148670e-01
2.314179304288802586e-01
2.313956131405100758e-01
2.313293074860532095e-01
2.313282565864117346e-01
2.313266667753242911e-01
2.313276984495216404e-01
2.313936089032495869e-01
2.314160676254086724e-01
2.314255884655970763e-01
2.314339018945716642e-01
2.314255884655970763e-01
2.314160676254086724e-01
2.313936089032495869e-01
2.313276984495216404e-01
2.313266667753242911e-01
2.313231145512225639e-01
2.313241161265560675e-01
2.313893279478171638e-01
2.314117340228735997e-01
2.314210889220004175e-01
2.314294483809266889e-01
2.314210889220004175e-01
2.314117340228735997e-01
2.313893279478171638e-01
2.313241161265560675e-01
2.313231145512225639e-01
2.313211154087088384e-01
2.313220926340969208e-01
2.313871346310715227e-01
2.314097967453991878e-01
2.314194740999644118e-01
2.314277622397319101e-01
2.314194740999644118e-01
2.314097967453991878e-01
2.313871346310715227e-01
2.313220926340969208e-01
2.313211154087088384e-01
2.313166006239250616e-01
2.313175605228765808e-01
2.313824364236221898e-01
2.314053301649585670e-01
2.314151600891589111e-01
2.314236734834899667e-01
2.314151600891589111e-01
2.314053301649585670e-01
2.313824364236221898e-01
2.313175605228765808e-01
2.313166006239250616e-01
2.313140488082719992e-01
2.313149853692243185e-01
2.313799847575385149e-01
2.314032936410130858e-01
2.314135550110039963e-01
2.314220401167499663e-01
2.314135550110039963e-01
2.314032936410130858e-01
2.313799847575385149e-01
2.313149853692243185e-01
2.313140488082719992e-01
2.313082669635702082e-01
2.313091917060356995e-01
2.313746993654391682e-01
2.313986309917661355e-01
2.314092050833939929e-01
2.314179420534250020e-01
2.314092050833939929e-01
2.313986309917661355e-01
2.313746993654391404e-01
2.313091917060356995e-01
2.313082669635702082e-01
2.313049860804503033e-01
2.313058825535224405e-01
2.313718919801653617e-01
2.313965127783751685e-01
2.314076491280063208e-01
2.314164864650858355e-01
2.314076491280063208e-01
2.313965127783751685e-01
2.313718919801653617e-01
2.313058825535224405e-01
2.313049860804503033e-01
2.312975089325430555e-01
2.312983928302603520e-01
2.313658128828269545e-01
2.313916982012558243e-01
2.314033764056539211e-01
2.314124793510768385e-01
2.314033764056539211e-01
2.313916982012558243e-01
2.313658128828269545e-01
2.312983928302603520e-01
2.312975089325430555e-01
2.312932241657238153e-01
2.312940863940811387e-01
2.313625338457257208e-01
2.313895055263820999e-01
2.314020772298687190e-01
2.314116277326936921e-01
2.314020772298687190e-01
2.313895055263820999e-01
2.313625338457256930e-01
2.312940863940811387e-01
2.312932241657238153e-01
2.312834051024572068e-01
2.312842572887996162e-01
2.313553008301570402e-01
2.313844657858847298e-01
2.313980231473728999e-01
2.314078469796183035e-01
2.313980231473728999e-01
2.313844657858847298e-01
2.313553008301570402e-01
2.312842572887996162e-01
2.312834051024572068e-01
2.312777385816901510e-01
2.312785762264072675e-01
2.313513022322691293e-01
2.313821001555608214e-01
2.313970792367968654e-01
2.314079754999650296e-01
2.313970792367968654e-01
2.313821001555608214e-01
2.313513022322691293e-01
2.312785762264072675e-01
2.312777385816901510e-01
2.312647055144487485e-01
2.312655275002961919e-01
2.313422487713844844e-01
2.313763517834472039e-01
2.313928799791165059e-01
2.314040118274690860e-01
2.313928799791165059e-01
2.313763517834472039e-01
2.313422487713844844e-01
2.312655275002961919e-01
2.312647055144487485e-01
2.312571431963330593e-01
2.312579495553811204e-01
2.313370823700959256e-01
2.313734561374214405e-01
2.313920365466989593e-01
2.314050503832366101e-01
2.313920365466989593e-01
2.313734561374214682e-01
2.313370823700959256e-01
2.312579495553811204e-01
2.312571431963330593e-01
2.312396805051094295e-01
2.312404675886683136e-01
2.313250982256510879e-01
2.313659231732566046e-01
2.313866307497111363e-01
2.313998379618783241e-01
2.313866307497111363e-01
2.313659231732566046e-01
2.313250982256510879e-01
2.312404675886683136e-01
2.312396805051094573e-01
2.312295201415531798e-01
2.312302967947975907e-01
2.313180960585087542e-01
2.313617639642449320e-01
2.313851101923396769e-01
2.314009432747476114e-01
2.313851101923396769e-01
2.313617639642449320e-01
2.313180960585087542e-01
2.312302967947975907e-01
2.312295201415531798e-01
2.312060525310912218e-01
2.312068219322143126e-01
2.313016475472866040e-01
2.313507128194829121e-01
2.313765980820264856e-01
2.313925814596697328e-01
2.313765980820264856e-01
2.313507128194829121e-01
2.313016475472866040e-01
2.312068219322143126e-01
2.312060525310912218e-01
2.311924472152556975e-01
2.311931868505045506e-01
2.312919896498427663e-01
2.313442814205907416e-01
2.313730834160779293e-01
2.313920137162803758e-01
2.313730834160779293e-01
2.313442814205907416e-01
2.312919896498427663e-01
2.311931868505045506e-01
2.311924472152556975e-01
2.311610860225715158e-01
2.311618143163235994e-01
2.312694067339576831e-01
2.313277126939373707e-01
2.313591836105904631e-01
2.313782859061606356e-01
2.313591836105904631e-01
2.313277126939373707e-01
2.312694067339576831e-01
2.311618143163235994e-01
2.311610860225715158e-01
2.311429621006604596e-01
2.311436308091485425e-01
2.312563030802438913e-01
2.313180644958738874e-01
2.313522177024668058e-01
2.313738225087678124e-01
2.313522177024668058e-01
2.313180644958738874e-01
2.312563030802438913e-01
2.311436308091485425e-01
2.311429621006604596e-01
2.311012475134560651e-01
2.311018946216506498e-01
2.312261904090425479e-01
2.312946336582020201e-01
2.313314744564078096e-01
2.313535548521566398e-01
2.313314744564078096e-01
2.312946336582020201e-01
2.312261904090425479e-01
2.311018946216506498e-01
2.311012475134560651e-01
2.310771690455494520e-01
2.310777568290484640e-01
2.312091168708914346e-01
2.312814746788930675e-01
2.313203880742822627e-01
2.313437090592773138e-01
2.313203880742822627e-01
2.312814746788930675e-01
2.312091168708914346e-01
2.310777568290484640e-01
2.310771690455494520e-01
2.310218431573433373e-01
2.310224113995573425e-01
2.311708666639882837e-01
2.312518633833808845e-01
2.312939907274140228e-01
2.313185898388547268e-01
2.312939907274140228e-01
2.312518633833808845e-01
2.311708666639882837e-01
2.310224113995573425e-01
2.310218431573433373e-01
2.309899083231254646e-01
2.309904409937017511e-01
2.311497650320247510e-01
2.312363134522960051e-01
2.312802870338361849e-01
2.313047578519431546e-01
2.312802870338361849e-01
2.312363134522960051e-01
2.311497650320247510e-01
2.309904409937017511e-01
2.309899083231254646e-01
2.309165574153265177e-01
2.309170844176316184e-01
2.311037377170238605e-01
2.312044252884353779e-01
2.312538859086414045e-01
2.312810441028477770e-01
2.312538859086414045e-01
2.312044252884353779e-01
2.311037377170238605e-01
2.309170844176316184e-01
2.309165574153265177e-01
2.308740939641820977e-01
2.308745868747610064e-01
2.310788826742918023e-01
2.311893790572046026e-01
2.312424497587255434e-01
2.312699034037737078e-01
2.312424497587255434e-01
2.311893790572046026e-01
2.310788826742918023e-01
2.308745868747610064e-01
2.308740939641820977e-01
2.307761530636941172e-01
2.307766654000066864e-01
2.310254220357499111e-01
2.311619339306034415e-01
2.312261229788741268e-01
2.312581407861447058e-01
2.312261229788741268e-01
2.311619339306034415e-01
2.310254220357499111e-01
2.307766654000066864e-01
2.307761530636941172e-01
2.307190263434308330e-01
2.307194932311824043e-01
2.309964913457633884e-01
2.311512588940670132e-01
2.312250666063228044e-01
2.312625670368354536e-01
2.312250666063228044e-01
2.311512588940670132e-01
2.309964913457633884e-01
2.307194932311824043e-01
2.307190263434308330e-01
2.305861960429972379e-01
2.305866533057719381e-01
2.309330686435289715e-01
2.311344909545248738e-01
2.312300304874873313e-01
2.312741372716128063e-01
2.312300304874873313e-01
2.311344909545248738e-01
2.309330686435289715e-01
2.305866533057719381e-01
2.305861960429972379e-01
2.305078564940788999e-01
2.305083032042221092e-01
2.308970879645170504e-01
2.311303494962690386e-01
2.312478991828858521e-01
2.313105555769894850e-01
2.312478991828858521e-01
2.311303494962690386e-01
2.308970879645170504e-01
2.305083032042221092e-01
2.305078564940788999e-01
2.303241085908562802e-01
2.303245515736428439e-01
2.308132096266892752e-01
2.311224282606249014e-01
2.312779768181907336e-01
2.313490865758981163e-01
2.312779768181907336e-01
2.311224282606249014e-01
2.308132096266892752e-01
2.303245515736428439e-01
2.303241085908562802e-01
2.302149177227927612e-01
2.302154225424435097e-01
2.307617733369117519e-01
2.311202000302310100e-01
2.313165994851793528e-01
2.314281686006959271e-01
2.313165994851793528e-01
2.311202000302310100e-01
2.307617733369117519e-01
2.302154225424435097e-01
2.302149177227927612e-01
2.299577510335605590e-01
2.299582932149881742e-01
2.306334564408272780e-01
2.310996976449401774e-01
2.313529145258367281e-01
2.314736883163652226e-01
2.313529145258367281e-01
2.310996976449401774e-01
2.306334564408272780e-01
2.299582932149881742e-01
2.299577510335605590e-01
2.298049666889900866e-01
2.298055723119955540e-01
2.305505460964488162e-01
2.310817329387422903e-01
2.313963092132223787e-01
2.315836267144756044e-01
2.313963092132223787e-01
2.310817329387422903e-01
2.305505460964488162e-01
2.298055723119955540e-01
2.298049666889900866e-01
2.294459396365287618e-01
2.294466117206742373e-01
2.303378617093153891e-01
2.309973670249164945e-01
2.313814059656779110e-01
2.315758313505181243e-01
2.313814059656779110e-01
2.309973670249164668e-01
2.303378617093153891e-01
2.294466117206742373e-01
2.294459396365287618e-01
2.292342686351203362e-01
2.292349282829315715e-01
2.302004325542239549e-01
2.309298183426948814e-01
2.313864835573568590e-01
2.316650818731068318e-01
2.313864835573568590e-01
2.309298183426948814e-01
2.302004325542239549e-01
2.292349282829315715e-01
2.292342686351203362e-01
2.287409851580430031e-01
2.287417911005784621e-01
2.298533917811760863e-01
2.307025075438524087e-01
2.312229527002673257e-01
2.315028686979351547e-01
2.312229527002673257e-01
2.307025075438523809e-01
2.298533917811760863e-01
2.287417911005784621e-01
2.287409851580430031e-01
2.284540671783273635e-01
2.284547284187510019e-01
2.296374891744718538e-01
2.305417820781651139e-01
2.311220892833065754e-01
2.314762071457175663e-01
2.311220892833065754e-01
2.305417820781651139e-01
2.296374891744718538e-01
2.284547284187510019e-01
2.284540671783273635e-01
2.277938578107815137e-01
2.277945027606653738e-01
2.291154344649070362e-01
2.300922928547638191e-01
2.307024479226258140e-01
2.310493845267324597e-01
2.307024479226258140e-01
2.300922928547638191e-01
2.291154344649070362e-01
2.277945027606653738e-01
2.277938578107815137e-01
2.274152879125541371e-01
2.274156484000381395e-01
2.288092030097093055e-01
2.298072421906102170e-01
2.304301727104336728e-01
2.307965277166089124e-01
2.304301727104336728e-01
2.298072421906102170e-01
2.288092030097093055e-01
2.274156484000381395e-01
2.274152879125541371e-01
2.265547956998222034e-01
2.265551837014949388e-01
2.281121259409349677e-01
2.291172275079373932e-01
2.297124385102668198e-01
2.300642111229201370e-01
2.297124385102668198e-01
2.291172275079373932e-01
2.281121259409349677e-01
2.265551837014949388e-01
2.265547956998222034e-01
2.260666365547063794e-01
2.260667206607426261e-01
2.277324617489769887e-01
2.287284626057348724e-01
2.292648827050572657e-01
2.295394805612835931e-01
2.292648827050572657e-01
2.287284626057348724e-01
2.277324617489769887e-01
2.260667206607426261e-01
2.260666365547063794e-01
2.249651920702152585e-01
2.249654953068175867e-01
2.269319713384890247e-01
2.279267583240000283e-01
2.283914211076443213e-01
2.286541449738130893e-01
2.283914211076443213e-01
2.279267583240000283e-01
2.269319713384890247e-01
2.249654953068175867e-01
2.249651920702152585e-01
2.243407063754054298e-01
2.243405875956711593e-01
2.265336056641642504e-01
2.275519302771396024e-01
2.279112609887322394e-01
2.280061153085827519e-01
2.279112609887322394e-01
2.275519302771396024e-01
2.265336056641642226e-01
2.243405875956711593e-01
2.243407063754054298e-01
2.229255444931232955e-01
2.229257521977684176e-01
2.257700898069631423e-01
2.269848426052708257e-01
2.273290658285021804e-01
2.274408863234337330e-01
2.273290658285021526e-01
2.269848426052708257e-01
2.257700898069631146e-01
2.229257521977684176e-01
2.229255444931232955e-01
2.221104758035445936e-01
2.221106897309269024e-01
2.254250862195943672e-01
2.268567080199652697e-01
2.271794336401910530e-01
2.271527157285297416e-01
2.271794336401910530e-01
2.268567080199652697e-01
2.254250862195943672e-01
2.221106897309268746e-01
2.221104758035445936e-01
2.202295631265105413e-01
2.202307530878971353e-01
2.248169798987084689e-01
2.270509639413198222e-01
2.276613384456626366e-01
2.277344722691612144e-01
2.276613384456626366e-01
2.270509639413198222e-01
2.248169798987084689e-01
2.202307530878971353e-01
2.202295631265105413e-01
2.191168105994332760e-01
2.191178780319812947e-01
2.245337257755791738e-01
2.274452137101039273e-01
2.284098440067553193e-01
2.286824789042931627e-01
2.284098440067553193e-01
2.274452137101039273e-01
2.245337257755791738e-01
2.191178780319812947e-01
2.191168105994332760e-01
2.164834020037837703e-01
2.164847854269024430e-01
2.239328462813345577e-01
2.288033272160447940e-01
2.307833822391977263e-01
2.313375657743103886e-01
2.307833822391977263e-01
2.288033272160447940e-01
2.239328462813345577e-01
2.164847854269024430e-01
2.164834020037837703e-01
2.148860158256410691e-01
2.148874848102570456e-01
2.234851823355484268e-01
2.297705689568040610e-01
2.329409562415172830e-01
2.345759522292539812e-01
2.329409562415172830e-01
2.297705689568040610e-01
2.234851823355484268e-01
2.148874848102570456e-01
2.148860158256410691e-01
2.110432374205016837e-01
2.110467826472346431e-01
2.220496533388049976e-01
2.317435181857668836e-01
2.371451267927646989e-01
2.393935209923691576e-01
2.371451267927646989e-01
2.317435181857668836e-01
2.220496533388049976e-01
2.110467826472346431e-01
2.110432374205016837e-01
2.087099100881420477e-01
2.087127331018460707e-01
2.207504191625612733e-01
2.324975414209831392e-01
2.403441541650084834e-01
2.452043152706977203e-01
2.403441541650084834e-01
2.324975414209831392e-01
2.207504191625612733e-01
2.087127331018460707e-01
2.087099100881420477e-01
2.031391497547355707e-01
2.031423967729843738e-01
2.165449395750276562e-01
2.319798925654715238e-01
2.431740523014745414e-01
2.490430643337944172e-01
2.431740523014745414e-01
2.319798925654715238e-01
2.165449395750276562e-01
2.031423967729843738e-01
2.031391497547355707e-01
1.998509541033072767e-01
1.998539850752950042e-01
2.132089175209696263e-01
2.299217925374373583e-01
2.443326211111863377e-01
2.544731291906607296e-01
2.443326211111863377e-01
2.299217925374373583e-01
2.132089175209696263e-01
1.998539850752950042e-01
1.998509541033072767e-01
1.922725781640081122e-01
1.922790541728695013e-01
2.036945948227256720e-01
2.193758804219668734e-01
2.351025564738185580e-01
2.460153734582483653e-01
2.351025564738185580e-01
2.193758804219668734e-01
2.036945948227256720e-01
1.922790541728694735e-01
1.922725781640081122e-01
1.880619353746115219e-01
1.880663556638721146e-01
1.975219591309747835e-01
2.098903622310876460e-01
2.245661451243541329e-01
2.387964776133225109e-01
2.245661451243541329e-01
2.098903622310876460e-01
1.975219591309747835e-01
1.880663556638721146e-01
1.880619353746115219e-01
1.498910742484084457e-01
1.789438000269270301e-01
1.830144364578056571e-01
1.817770839998919807e-01
1.754924335808299152e-01
1.668797829193201798e-01
1.754924335808299152e-01
1.817770839998919807e-01
1.830144364578056293e-01
1.789438000269270301e-01
1.498910742484084457e-01
1.498910742484084457e-01
1.748040241243153936e-01
1.762430729204622348e-01
1.708238593826788554e-01
1.621990282644098780e-01
1.552670356503484950e-01
1.621990282644098780e-01
1.708238593826788554e-01
1.762430729204622348e-01
1.748040241243153936e-01
1.498910742484084457e-01
1.498910742484084457e-01
1.674108321049798398e-01
1.644870941794640551e-01
1.553323413226271044e-01
1.460373537786304465e-01
1.393348301860425353e-01
1.460373537786304465e-01
1.553323413226271044e-01
1.644870941794640551e-01
1.674108321049798398e-01
1.498910742484084457e-01
1.498910742484084457e-01
1.641790401707920455e-01
1.597179965078812380e-01
1.501177429079227632e-01
1.420172128911270926e-01
1.372894595097424175e-01
1.420172128911270926e-01
1.501177429079227632e-01
1.597179965078812380e-01
1.641790401707920455e-01
1.498910742484084457e-01
1.498910742484084457e-01
1.586417544738589203e-01
1.523035792387041620e-01
1.431872106435814751e-01
1.363598605446280643e-01
1.320945091902475110e-01
1.363598605446280643e-01
1.431872106435814751e-01
1.523035792387041620e-01
1.586417544738589203e-01
1.498910742484084457e-01
1.498910742484084457e-01
1.562987384127889900e-01
1.494473711915367820e-01
1.409119141760376559e-01
1.351517690333133015e-01
1.320825556616207763e-01
1.351517690333133015e-01
1.409119141760376559e-01
1.494473711915367820e-01
1.562987384127889900e-01
1.498910742484084457e-01
1.498910742484084457e-01
1.524177730850029278e-01
1.452005470237104912e-01
1.379038116090147148e-01
1.332027339015817435e-01
1.304579995156460726e-01
1.332027339015817435e-01
1.379038116090147148e-01
1.452005470237104912e-01
1.524177730850029278e-01
1.498910742484084457e-01
1.498910742484084457e-01
1.508173560506202993e-01
1.436013262349817299e-01
1.369397714840611957e-01
1.329417704402077738e-01
1.308968933979648697e-01
1.329417704402077738e-01
1.369397714840611957e-01
1.436013262349817299e-01
1.508173560506202993e-01
1.498910742484084457e-01
1.498910742484084457e-01
1.482405722216413035e-01
1.412815610803143940e-01
1.356867956608789616e-01
1.323927068116014238e-01
1.305518054136019790e-01
1.323927068116014238e-01
1.356867956608789616e-01
1.412815610803143940e-01
1.482405722216413035e-01
1.498910742484084457e-01
1.498910742484084457e-01
1.472012306700954676e-01
1.404254317543476849e-01
1.353128488078637059e-01
1.324545274849082688e-01
1.310224400588017868e-01
1.324545274849082688e-01
1.353128488078637059e-01
1.404254317543476849e-01
1.472012306700954676e-01
1.498910742484084457e-01
1.498910742484084457e-01
1.455719080710671243e-01
1.392209336805556585e-01
1.348728230739977274e-01
1.324577922344726821e-01
1.311511387928802341e-01
1.324577922344726821e-01
1.348728230739977274e-01
1.392209336805556585e-01
1.455719080710671243e-01
1.498910742484084457e-01
1.498910742484084457e-01
1.449302624078165902e-01
1.387947336141202026e-01
1.347774076172272018e-01
1.326310036321789176e-01
1.315660656479751833e-01
1.326310036321789176e-01
1.347774076172272018e-01
1.387947336141202026e-01
1.449302624078165902e-01
1.498910742484084457e-01
1.498910742484084457e-01
1.439563176294482438e-01
1.382352767475567568e-01
1.347367278860520656e-01
1.328682030116964952e-01
1.318812787208173409e-01
1.328682030116964952e-01
1.347367278860520656e-01
1.382352767475567568e-01
1.439563176294482438e-01
1.498910742484084457e-01
1.498910742484084457e-01
1.435853080489812306e-01
1.380583892662359535e-01
1.347807913357817466e-01
1.330803892925607468e-01
1.322396562418717558e-01
1.330803892925607468e-01
1.347807913357817466e-01
1.380583892662359535e-01
1.435853080489812306e-01
1.498910742484084457e-01
1.498910742484084457e-01
1.430493846348235565e-01
1.378737587105242912e-01
1.349454676381060259e-01
1.334216904052268893e-01
1.326304088940772341e-01
1.334216904052268893e-01
1.349454676381060259e-01
1.378737587105242912e-01
1.430493846348235565e-01
1.498910742484084457e-01
1.498910742484084457e-01
1.428571800807438563e-01
1.378417372117577977e-01
1.350618514880195242e-01
1.336459424048367650e-01
1.329458309525754500e-01
1.336459424048367650e-01
1.350618514880195242e-01
1.378417372117577977e-01
1.428571800807438563e-01
1.498910742484084457e-01
1.498910742484084457e-01
1.426069184317278471e-01
1.378758369291019636e-01
1.353340685963571044e-01
1.340335109959036319e-01
1.333654701797452324e-01
1.340335109959036319e-01
1.353340685963571044e-01
1.378758369291019636e-01
1.426069184317278193e-01
1.498910742484084457e-01
1.498910742484084457e-01
1.425306489722335257e-01
1.379285862913686711e-01
1.354888322661595979e-01
1.342597640162326578e-01
1.336510135816046663e-01
1.342597640162326578e-01
1.354888322661595979e-01
1.379285862913686711e-01
1.425306489722335535e-01
1.498910742484084457e-01
1.498910742484084457e-01
1.424645781643644193e-01
1.380919442812572617e-01
1.358193882268386443e-01
1.346686785625676452e-01
1.340814159800470806e-01
1.346686785625676452e-01
1.358193882268386443e-01
1.380919442812572617e-01
1.424645781643644193e-01
1.498910742484084457e-01
1.498910742484084457e-01
1.424629456752955770e-01
1.381952495608134157e-01
1.359955944476290701e-01
1.348943211941842635e-01
1.343474858202877154e-01
1.348943211941842635e-01
1.359955944476290701e-01
1.381952495608134157e-01
1.424629456752955770e-01
1.498910742484084457e-01
1.498910742484084457e-01
1.425153656103503308e-01
1.384370546818178282e-01
1.363600275658188588e-01
1.353145835664162078e-01
1.347829344240123739e-01
1.353145835664162355e-01
1.363600275658188865e-01
1.384370546818178282e-01
1.425153656103503308e-01
1.498910742484084457e-01
1.498910742484084457e-01
1.425620914084142210e-01
1.385716775179055560e-01
1.365492546957653708e-01
1.355396512460764480e-01
1.350369839314934095e-01
1.355396512460764480e-01
1.365492546957653708e-01
1.385716775179055560e-01
1.425620914084142210e-01
1.498910742484084457e-01
1.498910742484084457e-01
1.426922520476285317e-01
1.388636652967514540e-01
1.369354170255275560e-01
1.359674420033188391e-01
1.354760619804220301e-01
1.359674420033188391e-01
1.369354170255275560e-01
1.388636652967514540e-01
1.426922520476285317e-01
1.498910742484084457e-01
1.498910742484084457e-01
1.427712572104134492e-01
1.390190932471406238e-01
1.371338850465166070e-01
1.361932203969672406e-01
1.357237127653790898e-01
1.361932203969672406e-01
1.371338850465166070e-01
1.390190932471406238e-01
1.427712572104134492e-01
1.498910742484084457e-01
1.498910742484084457e-01
1.429545980298551622e-01
1.393463793940741546e-01
1.375374477167827791e-01
1.366295472834161695e-01
1.361688943721292289e-01
1.366295472834161695e-01
1.375374477167827791e-01
1.393463793940741546e-01
1.429545980298551622e-01
1.498910742484084457e-01
1.498910742484084457e-01
1.430564254714450645e-01
1.395174856930539442e-01
1.377444769377634826e-01
1.368586222387283557e-01
1.364154370201020039e-01
1.368586222387283835e-01
1.377444769377634826e-01
1.395174856930539442e-01
1.430564254714450645e-01
1.498910742484084457e-01
1.498910742484084457e-01
1.432790972378215899e-01
1.398736753570982705e-01
1.381661325773262117e-01
1.373077066109546218e-01
1.368718353068804072e-01
1.373077066109546218e-01
1.381661325773262117e-01
1.398736753570982705e-01
1.432790972378216177e-01
1.498910742484084457e-01
1.498910742484084457e-01
1.433987153177142260e-01
1.400587039741883755e-01
1.383827787156675648e-01
1.375431372730829549e-01
1.371219787063497619e-01
1.375431372730829827e-01
1.383827787156675648e-01
1.400587039741883755e-01
1.433987153177142260e-01
1.498910742484084457e-01
1.498910742484084457e-01
1.436541469300827989e-01
1.404424709959804229e-01
1.388254940024911399e-01
1.380099945301511977e-01
1.375951391390417555e-01
1.380099945301511977e-01
1.388254940024911399e-01
1.404424709959804229e-01
1.436541469300827989e-01
1.498910742484084457e-01
1.498910742484084457e-01
1.437895754516388958e-01
1.406417386623516341e-01
1.390536965063224051e-01
1.382548747413946677e-01
1.378529156665534439e-01
1.382548747413946677e-01
1.390536965063224051e-01
1.406417386623516341e-01
1.437895754516388958e-01
1.498910742484084457e-01
1.498910742484084457e-01
1.440762604908452926e-01
1.410553641415041304e-01
1.395221892497601757e-01
1.387452239541931420e-01
1.383488615756257867e-01
1.387452239541931420e-01
1.395221892497601757e-01
1.410553641415041304e-01
1.440762604908452926e-01
1.498910742484084457e-01
1.498910742484084457e-01
1.442278374195803958e-01
1.412708048685887285e-01
1.397648362541881739e-01
1.390029706963525347e-01
1.386181300668846705e-01
1.390029706963525347e-01
1.397648362541881739e-01
1.412708048685887285e-01
1.442278374195803958e-01
1.498910742484084457e-01
1.498910742484084457e-01
1.445484546431694273e-01
1.417198582577169075e-01
1.402659057608383886e-01
1.395239976753940847e-01
1.391441655853427606e-01
1.395239976753940847e-01
1.402659057608383886e-01
1.417198582577169075e-01
1.445484546431694273e-01
1.498910742484084457e-01
1.498910742484084457e-01
1.447184784144774083e-01
1.419549725685127217e-01
1.405269379407103891e-01
1.397987138699656740e-01
1.394292015512671457e-01
1.397987138699656740e-01
1.405269379407103891e-01
1.419549725685127217e-01
1.447184784144774083e-01
1.498910742484084457e-01
1.498910742484084457e-01
1.450793850844067090e-01
1.424479901404123172e-01
1.410695767932310385e-01
1.403594990780330787e-01
1.399944098511703983e-01
1.403594990780330787e-01
1.410695767932310385e-01
1.424479901404123172e-01
1.450793850844067090e-01
1.498910742484084457e-01
1.498910742484084457e-01
1.452718319839736150e-01
1.427078730618864533e-01
1.413541478384844341e-01
1.406561885771180354e-01
1.403000473786915059e-01
1.406561885771180354e-01
1.413541478384844341e-01
1.427078730618864533e-01
1.452718319839736150e-01
1.498910742484084457e-01
1.498910742484084457e-01
1.456829218526143610e-01
1.432567195728320641e-01
1.419502039167098439e-01
1.412682385431315857e-01
1.409157883467204442e-01
1.412682385431315857e-01
1.419502039167098439e-01
1.432567195728320641e-01
1.456829218526143610e-01
1.498910742484084457e-01
1.498910742484084457e-01
1.459037318967019436e-01
1.435484210332606814e-01
1.422651607403944141e-01
1.415933391664686847e-01
1.412479263280956299e-01
1.415933391664686847e-01
1.422651607403944141e-01
1.435484210332606814e-01
1.459037318967019436e-01
1.498910742484084457e-01
1.498910742484084457e-01
1.463791572001613139e-01
1.441695072132800903e-01
1.429306466479298710e-01
1.422720849601995796e-01
1.419294282172945953e-01
1.422720849601995796e-01
1.429306466479298710e-01
1.441695072132800903e-01
1.463791572001613139e-01
1.498910742484084457e-01
1.498910742484084457e-01
1.466368828679400493e-01
1.445027651433100635e-01
1.432854500061377101e-01
1.426344691229067263e-01
1.422961776018989988e-01
1.426344691229067263e-01
1.432854500061377101e-01
1.445027651433100635e-01
1.466368828679400493e-01
1.498910742484084457e-01
1.498910742484084457e-01
1.471967039157505430e-01
1.452191197447767756e-01
1.440427606831364282e-01
1.434016822837452243e-01
1.430649588750881884e-01
1.434016822837452243e-01
1.440427606831364282e-01
1.452191197447767756e-01
1.471967039157505430e-01
1.498910742484084457e-01
1.498910742484084457e-01
1.475032652562842383e-01
1.456075369888075177e-01
1.444506682422417587e-01
1.438137977183563954e-01
1.434779038531654727e-01
1.438137977183563954e-01
1.444506682422417587e-01
1.456075369888075177e-01
1.475032652562842383e-01
1.498910742484084457e-01
1.498910742484084457e-01
1.481753839655542693e-01
1.464509823540059708e-01
1.453308966781515776e-01
1.446996575803436436e-01
1.443638144405718637e-01
1.446996575803436436e-01
1.453308966781515776e-01
1.464509823540059708e-01
1.481753839655542693e-01
1.498910742484084457e-01
1.498910742484084457e-01
1.485471665693076926e-01
1.469131256473163449e-01
1.458099637367487877e-01
1.451785917917501334e-01
1.448390904275692337e-01
1.451785917917501334e-01
1.458099637367487877e-01
1.469131256473163449e-01
1.485471665693076926e-01
1.498910742484084457e-01
1.498910742484084457e-01
1.493698385213917679e-01
1.479267181254336760e-01
1.468548992737544467e-01
1.462235708525153333e-01
1.458822030274895543e-01
1.462235708525153333e-01
1.468548992737544467e-01
1.479267181254336760e-01
1.493698385213917679e-01
1.498910742484084457e-01
1.498910742484084457e-01
1.498292577050098218e-01
1.484876446243324488e-01
1.474295238814641307e-01
1.467926225698046871e-01
1.464421521493644573e-01
1.467926225698046871e-01
1.474295238814641307e-01
1.484876446243324488e-01
1.498292577050098218e-01
1.498910742484084457e-01
1.498910742484084457e-01
1.508546454440737317e-01
1.497296197867709067e-01
1.486957047725507297e-01
1.480520274390184354e-01
1.476974116486938216e-01
1.480520274390184354e-01
1.486957047725507297e-01
1.497296197867709067e-01
1.508546454440737317e-01
1.498910742484084457e-01
1.498910742484084457e-01
1.514324342947112045e-01
1.504232454406091990e-01
1.493989029767812116e-01
1.487432077263312058e-01
1.483732658144577554e-01
1.487432077263312058e-01
1.493989029767812116e-01
1.504232454406091990e-01
1.514324342947112045e-01
1.498910742484084457e-01
1.498910742484084457e-01
1.527316777757374289e-01
1.519720269389180922e-01
1.509622382223654302e-01
1.502916445451653593e-01
1.499148274050256247e-01
1.502916445451653593e-01
1.509622382223654302e-01
1.519720269389180922e-01
1.527316777757374289e-01
1.498910742484084457e-01
1.498910742484084457e-01
1.534698110946219884e-01
1.528436946851400580e-01
1.518372155171686388e-01
1.511462606535109998e-01
1.507467562204535816e-01
1.511462606535109998e-01
1.518372155171686388e-01
1.528436946851400857e-01
1.534698110946219884e-01
1.498910742484084457e-01
1.498910742484084457e-01
1.551408137182592739e-01
1.548042792699972081e-01
1.537947093778326280e-01
1.530767705161147629e-01
1.526661598266657871e-01
1.530767705161147629e-01
1.537947093778326280e-01
1.548042792699972081e-01
1.551408137182592739e-01
1.498910742484084457e-01
1.498910742484084457e-01
1.560971782351631143e-01
1.559153356024861325e-01
1.548960398961919671e-01
1.541440775732413615e-01
1.536999843412854005e-01
1.541440775732413615e-01
1.548960398961919671e-01
1.559153356024861325e-01
1.560971782351631143e-01
1.498910742484084457e-01
1.498910742484084457e-01
1.582754777645696276e-01
1.584312374036727644e-01
1.573705593810738046e-01
1.565681593569193675e-01
1.561054420297042222e-01
1.565681593569193397e-01
1.573705593810738046e-01
1.584312374036727644e-01
1.582754777645696276e-01
1.498910742484084457e-01
1.498910742484084457e-01
1.595305402709210896e-01
1.598674599587801837e-01
1.587681607897757363e-01
1.579051762086103872e-01
1.573869301251559216e-01
1.579051762086103872e-01
1.587681607897757363e-01
1.598674599587801837e-01
1.595305402709210896e-01
1.498910742484084457e-01
1.498910742484084457e-01
1.624052798083425175e-01
1.631424108509876292e-01
1.619212159298282772e-01
1.609578516891141398e-01
1.604065084443205558e-01
1.609578516891141398e-01
1.619212159298282772e-01
1.631424108509876292e-01
1.624052798083425175e-01
1.498910742484084457e-01
1.498910742484084457e-01
1.640711375314876930e-01
1.650287075537282266e-01
1.637073491528799052e-01
1.626270851568361042e-01
1.619690370860141782e-01
1.626270851568361042e-01
1.637073491528799052e-01
1.650287075537282266e-01
1.640711375314876930e-01
1.498910742484084457e-01
1.498910742484084457e-01
1.679041530647978897e-01
1.693626580130672687e-01
1.677605107930824624e-01
1.664721055322817278e-01
1.657506444146519542e-01
1.664721055322817278e-01
1.677605107930824624e-01
1.693626580130672687e-01
1.679041530647978897e-01
1.498910742484084457e-01
1.498910742484084457e-01
1.701335549987740836e-01
1.718878247731283337e-01
1.700697396172294873e-01
1.685415679007393475e-01
1.675935590142184628e-01
1.685415679007393475e-01
1.700697396172294873e-01
1.718878247731283337e-01
1.701335549987740836e-01
1.498910742484084457e-01
1.498910742484084457e-01
1.752767550331659208e-01
1.777489916878539911e-01
1.753841400363277125e-01
1.734220002585785125e-01
1.723424479327398950e-01
1.734220002585785125e-01
1.753841400363277125e-01
1.777489916878539911e-01
1.752767550331659208e-01
1.498910742484084457e-01
1.498910742484084457e-01
1.782693763121060704e-01
1.812184562283770117e-01
1.784760815475558982e-01
1.760192183713305547e-01
1.744469075257091273e-01
1.760192183713305547e-01
1.784760815475558982e-01
1.812184562283770117e-01
1.782693763121060981e-01
1.498910742484084457e-01
1.498910742484084457e-01
1.851713036568014559e-01
1.893954626575079236e-01
1.858488992942060603e-01
1.825566268939504133e-01
1.807124499496717274e-01
1.825566268939504133e-01
1.858488992942060603e-01
1.893954626575079236e-01
1.851713036568014559e-01
1.498910742484084457e-01
1.498910742484084457e-01
1.891699285841804412e-01
1.943177541824406829e-01
1.903636428735874797e-01
1.861428850334617691e-01
1.832598525312585935e-01
1.861428850334617691e-01
1.903636428735874797e-01
1.943177541824406829e-01
1.891699285841804412e-01
1.498910742484084457e-01
1.498910742484084457e-01
1.983417498698139270e-01
2.060733455285586602e-01
2.018306114311195221e-01
1.963855537560779130e-01
1.930284140350146393e-01
1.963855537560779130e-01
2.018306114311195221e-01
2.060733455285586602e-01
1.983417498698139270e-01
1.498910742484084457e-01
1.498910742484084457e-01
2.035973079014516685e-01
2.131422252723187138e-01
2.093734361651146403e-01
2.026886237198119722e-01
1.973113063907910303e-01
2.026886237198119722e-01
2.093734361651146403e-01
2.131422252723187138e-01
2.035973079014516685e-01
1.498910742484084457e-01
1.498910742484084457e-01
2.155090377410725788e-01
2.297895747454615778e-01
2.297074201689792983e-01
2.235078469459922113e-01
2.178097383327300685e-01
2.235078469459922113e-01
2.297074201689792983e-01
2.297895747454615778e-01
2.155090377410726066e-01
1.498910742484084457e-01
1.498910742484084457e-01
2.222181844838937714e-01
2.391859766407717913e-01
2.432601330241430937e-01
2.391696017543809838e-01
2.313959578888301338e-01
2.391696017543809838e-01
2.432601330241430937e-01
2.391859766407717913e-01
2.222181844838937714e-01
1.498910742484084457e-01
1.498910742484084457e-01
2.371941874929333893e-01
2.593174196390124475e-01
2.771673002655470897e-01
2.941939421437895774e-01
3.093339762280140071e-01
2.941939421437895774e-01
2.771673002655470897e-01
2.593174196390124475e-01
2.371941874929334171e-01
1.498910742484084457e-01
2.455525128998129747e-01
2.455581750695904064e-01
2.684468426373912142e-01
2.898041271789010276e-01
3.083359633150049017e-01
3.207411656670984823e-01
3.083359633150049017e-01
2.898041271789010276e-01
2.684468426373912142e-01
2.455581750695904064e-01
2.455525128998129747e-01
2.605709814852294470e-01
2.605764081994755843e-01
2.839283749768976572e-01
3.067667256809324949e-01
3.245788253467105089e-01
3.364612071726271192e-01
3.245788253467105089e-01
3.067667256809324949e-01
2.839283749768976572e-01
2.605764081994756398e-01
2.605709814852294470e-01
2.672060066218917007e-01
2.672138225151813873e-01
2.901019910721787110e-01
3.118894518643519631e-01
3.269466326226569963e-01
3.351073287287816282e-01
3.269466326226569963e-01
3.118894518643519631e-01
2.901019910721787110e-01
2.672138225151813873e-01
2.672060066218917007e-01
2.787691395799326566e-01
2.787737544909564269e-01
2.995450218276175525e-01
3.178612850846357918e-01
3.298918579845446231e-01
3.371864186074653436e-01
3.298918579845446231e-01
3.178612850846357918e-01
2.995450218276175525e-01
2.787737544909564269e-01
2.787691395799326566e-01
2.837717261166227689e-01
2.837765826873601682e-01
3.031602644891701615e-01
3.193875468966223541e-01
3.289915512846940393e-01
3.336756753771943362e-01
3.289915512846940393e-01
3.193875468966223541e-01
3.031602644891701615e-01
2.837765826873601682e-01
2.837717261166227689e-01
2.923240078613690840e-01
2.923272683393980387e-01
3.085777231665219889e-01
3.210337636368056913e-01
3.282201737075566839e-01
3.322620808139263304e-01
3.282201737075566839e-01
3.210337636368056913e-01
3.085777231665219889e-01
2.923272683393980387e-01
2.923240078613690840e-01
2.959896088898253952e-01
2.959935944789763296e-01
3.106924152343610301e-01
3.214111985551105777e-01
3.270621668010645910e-01
3.296218421756304529e-01
3.270621668010645910e-01
3.214111985551105777e-01
3.106924152343610301e-01
2.959935944789763296e-01
2.959896088898253952e-01
3.022190004239339034e-01
3.022210828119168968e-01
3.140124938960337508e-01
3.220050425388245596e-01
3.261742427379579201e-01
3.283534270967516933e-01
3.261742427379579201e-01
3.220050425388245596e-01
3.140124938960337508e-01
3.022210828119168968e-01
3.022190004239339034e-01
3.048899179499682810e-01
3.048915711834417896e-01
3.153949745312516484e-01
3.222593732603888372e-01
3.256204254659817443e-01
3.271033983051291893e-01
3.256204254659817443e-01
3.222593732603888372e-01
3.153949745312516484e-01
3.048915711834417896e-01
3.048899179499682810e-01
3.094402444174580991e-01
3.094411648800625692e-01
3.177444424564373482e-01
3.229497550941111683e-01
3.255285554072269161e-01
3.268120522932683181e-01
3.255285554072269161e-01
3.229497550941111683e-01
3.177444424564373482e-01
3.094411648800625692e-01
3.094402444174580991e-01
3.114019112203740280e-01
3.114030512407351403e-01
3.187860382418063465e-01
3.233428462481802157e-01
3.255483507127039933e-01
3.265587667609148315e-01
3.255483507127039933e-01
3.233428462481802157e-01
3.187860382418063465e-01
3.114030512407351958e-01
3.114019112203740280e-01
3.147686141073535171e-01
3.147688395094375147e-01
3.206538847989157670e-01
3.242777693741487610e-01
3.260992080135622917e-01
3.270105320212475797e-01
3.260992080135622917e-01
3.242777693741487610e-01
3.206538847989157670e-01
3.147688395094375147e-01
3.147686141073535726e-01
3.162290761092158564e-01
3.162291387564487022e-01
3.215024553741568369e-01
3.247651762182590662e-01
3.264155162268898014e-01
3.272234453050104075e-01
3.264155162268898014e-01
3.247651762182590662e-01
3.215024553741568369e-01
3.162291387564487022e-01
3.162290761092158564e-01
3.187501227877545529e-01
3.187500861295424759e-01
3.230411038565538240e-01
3.257677604797838966e-01
3.272160693044534607e-01
3.279731772908145437e-01
3.272160693044534607e-01
3.257677604797838966e-01
3.230411038565538240e-01
3.187500861295424759e-01
3.187501227877545529e-01
3.198478603870224535e-01
3.198480271616049309e-01
3.237352328347150587e-01
3.262420700520057282e-01
3.275859217622004715e-01
3.282748980058347033e-01
3.275859217622004715e-01
3.262420700520057282e-01
3.237352328347150587e-01
3.198480271616049309e-01
3.198478603870224535e-01
3.217490359792285481e-01
3.217489260003063567e-01
3.249757821679307157e-01
3.271282870340207483e-01
3.283340739487901616e-01
3.289924427612125335e-01
3.283340739487901616e-01
3.271282870340207483e-01
3.249757821679307157e-01
3.217489260003063567e-01
3.217490359792285481e-01
3.225771357907858961e-01
3.225772274717237376e-01
3.255242356503795786e-01
3.275160288884491622e-01
3.286265943853936000e-01
3.292044322374507170e-01
3.286265943853936000e-01
3.275160288884491622e-01
3.255242356503795786e-01
3.225772274717237376e-01
3.225771357907858961e-01
3.240102330724979329e-01
3.240101634354934923e-01
3.264818552716233224e-01
3.281944836739684734e-01
3.291835301789889368e-01
3.297382295247099915e-01
3.291835301789889368e-01
3.281944836739684734e-01
3.264818552716233224e-01
3.240101634354934923e-01
3.240102330724979329e-01
3.246330377057835559e-01
3.246331364111675333e-01
3.268961101143483261e-01
3.284731351476591343e-01
3.293646043152242964e-01
3.298252704615034503e-01
3.293646043152242964e-01
3.284731351476591343e-01
3.268961101143483261e-01
3.246331364111675333e-01
3.246330377057835559e-01
3.257074898617564052e-01
3.257074254995145357e-01
3.276036928238590384e-01
3.289398023223973344e-01
3.297171529809828638e-01
3.301575174219139042e-01
3.297171529809828638e-01
3.289398023223973344e-01
3.276036928238590384e-01
3.257074254995145357e-01
3.257074898617564052e-01
3.261728043758306828e-01
3.261727198882155010e-01
3.279045842008371237e-01
3.291223282344781231e-01
3.298068323952619840e-01
3.301543598376015520e-01
3.298068323952619840e-01
3.291223282344781231e-01
3.279045842008371237e-01
3.261727198882155010e-01
3.261728043758306828e-01
3.269719974605619917e-01
3.269718043349050252e-01
3.284105916302071937e-01
3.294214369846371060e-01
3.300041588589142094e-01
3.303332602346800151e-01
3.300041588589142094e-01
3.294214369846371060e-01
3.284105916302071937e-01
3.269718043349050252e-01
3.269719974605619917e-01
3.273168245352938155e-01
3.273165868277790880e-01
3.286237640767204482e-01
3.295352366034031144e-01
3.300389533349354365e-01
3.302894513702780976e-01
3.300389533349354365e-01
3.295352366034031144e-01
3.286237640767204482e-01
3.273165868277790880e-01
3.273168245352938155e-01
3.279067617152162661e-01
3.279064445508563241e-01
3.289801635696203985e-01
3.297229904813400170e-01
3.301431485815484734e-01
3.303774671236553995e-01
3.301431485815484734e-01
3.297229904813400170e-01
3.289801635696203985e-01
3.279064445508563241e-01
3.279067617152162661e-01
3.281605951389748865e-01
3.281603128362871047e-01
3.291303580124609329e-01
3.297947960331759631e-01
3.301544131886546274e-01
3.303300668084353520e-01
3.301544131886546829e-01
3.297947960331759076e-01
3.291303580124609329e-01
3.281603128362871047e-01
3.281605951389748865e-01
3.285939305364107832e-01
3.285935577821146314e-01
3.293824606797299270e-01
3.299177825083175475e-01
3.302141598352420493e-01
3.303765694330135227e-01
3.302141598352420493e-01
3.299177825083175475e-01
3.293824606797299270e-01
3.285935577821146314e-01
3.285939305364107832e-01
3.287801488243033976e-01
3.287798417551903163e-01
3.294895836234528752e-01
3.299667043316791837e-01
3.302204100154437771e-01
3.303431268238859464e-01
3.302204100154437771e-01
3.299667043316791837e-01
3.294895836234528752e-01
3.287798417551903163e-01
3.287801488243033976e-01
3.290978615845794875e-01
3.290975382957989082e-01
3.296713447512563677e-01
3.300546556799570652e-01
3.302634194390033362e-01
3.303759280817680222e-01
3.302634194390033362e-01
3.300546556799570652e-01
3.296713447512563677e-01
3.290975382957989082e-01
3.290978615845794875e-01
3.292344645630986832e-01
3.292341640669501079e-01
3.297494537202406151e-01
3.300914181294914984e-01
3.302716095166085553e-01
3.303588632502019728e-01
3.302716095166085553e-01
3.300914181294914984e-01
3.297494537202406151e-01
3.292341640669501079e-01
3.292344645630986832e-01
3.294676393158089689e-01
3.294673819164918860e-01
3.298835303558234067e-01
3.301594773576089770e-01
3.303087082090412352e-01
3.303883208963129259e-01
3.303087082090412352e-01
3.301594773576089770e-01
3.298835303558234067e-01
3.294673819164918860e-01
3.294676393158089689e-01
3.295680104517546560e-01
3.295677204040201591e-01
3.299416230058812571e-01
3.301888039141836484e-01
3.303191039778149984e-01
3.303827596448533077e-01
3.303191039778149984e-01
3.301888039141836484e-01
3.299416230058812571e-01
3.295677204040201591e-01
3.295680104517546560e-01
3.297393961504807569e-01
3.297391219636609527e-01
3.300419889121184447e-01
3.302432028515403517e-01
3.303522775491402608e-01
3.304104196294785356e-01
3.303522775491402608e-01
3.302432028515403517e-01
3.300419889121184447e-01
3.297391219636609527e-01
3.297393961504807569e-01
3.298131095198356122e-01
3.298128848431782778e-01
3.300855466965195717e-01
3.302667164628270147e-01
3.303628626677367341e-01
3.304103167476734049e-01
3.303628626677367341e-01
3.302667164628270147e-01
3.300855466965195717e-01
3.298128848431782778e-01
3.298131095198356122e-01
3.299390026647870400e-01
3.299387497169887218e-01
3.301607803566821708e-01
3.303097004187625640e-01
3.303911022106555961e-01
3.304347804276298595e-01
3.303911022106555961e-01
3.303097004187625640e-01
3.301607803566821708e-01
3.299387497169887218e-01
3.299390026647870400e-01
3.299930508722468958e-01
3.299928780900453495e-01
3.301933141891000290e-01
3.303279584558845849e-01
3.304000159783897494e-01
3.304358114834961557e-01
3.304000159783897494e-01
3.303279584558845849e-01
3.301933141891000290e-01
3.299928780900453495e-01
3.299930508722468958e-01
3.300852267268883367e-01
3.300850671323153906e-01
3.302491659112762878e-01
3.303606361765682453e-01
3.304221306059322849e-01
3.304554637456263988e-01
3.304221306059322849e-01
3.303606361765682453e-01
3.302491659112762878e-01
3.300850671323153906e-01
3.300852267268883367e-01
3.301247540102964506e-01
3.301246203074228447e-01
3.302731431500982029e-01
3.303741106833421037e-01
3.304284187879114043e-01
3.304554127911288885e-01
3.304284187879114043e-01
3.303741106833421037e-01
3.302731431500982029e-01
3.301246203074228447e-01
3.301247540102964506e-01
3.301919498884504089e-01
3.301918699118545630e-01
3.303139596759073204e-01
3.303977566685963874e-01
3.304442344940502485e-01
3.304696669625082905e-01
3.304442344940502485e-01
3.303977566685963874e-01
3.303139596759073204e-01
3.301918699118545630e-01
3.301919498884504089e-01
3.302207115494750767e-01
3.302206396857148007e-01
3.303313235367678624e-01
3.304071755989172465e-01
3.304479201279961753e-01
3.304681004146505785e-01
3.304479201279961753e-01
3.304071755989172465e-01
3.303313235367678624e-01
3.302206396857148007e-01
3.302207115494750767e-01
3.302694611686206039e-01
3.302694057052968923e-01
3.303606250056824178e-01
3.304234788750505802e-01
3.304582736065098114e-01
3.304774171295948859e-01
3.304582736065098114e-01
3.304234788750505802e-01
3.303606250056824178e-01
3.302694057052968923e-01
3.302694611686206039e-01
3.302902254684241257e-01
3.302902001612372795e-01
3.303729611684528833e-01
3.304297533840219181e-01
3.304599758429152545e-01
3.304748688412144642e-01
3.304599758429152545e-01
3.304297533840219181e-01
3.303729611684528833e-01
3.302902001612372795e-01
3.302902254684241257e-01
3.303252783214590260e-01
3.303252386226334103e-01
3.303935912644941908e-01
3.304405462693822959e-01
3.304662674797065325e-01
3.304804209155489114e-01
3.304662674797065325e-01
3.304405462693822959e-01
3.303935912644941908e-01
3.303252386226334103e-01
3.303252783214590260e-01
3.303401076540963266e-01
3.303400996375053245e-01
3.304021922042516546e-01
3.304445553158252835e-01
3.304667622114139114e-01
3.304776673485904648e-01
3.304667622114139114e-01
3.304445553158252835e-01
3.304021922042516546e-01
3.303400996375053245e-01
3.303401076540963266e-01
3.303649574262012556e-01
3.303649556146646127e-01
3.304164158135876606e-01
3.304514968438910794e-01
3.304703981792035394e-01
3.304807673291594305e-01
3.304703981792035394e-01
3.304514968438910794e-01
3.304164158135876606e-01
3.303649556146646127e-01
3.303649574262012556e-01
3.303754043814176589e-01
3.303754162083276102e-01
3.304222902830880604e-01
3.304539484714680286e-01
3.304702552998974863e-01
3.304782970415066634e-01
3.304702552998974863e-01
3.304539484714680286e-01
3.304222902830880604e-01
3.303754162083276102e-01
3.303754043814176589e-01
3.303927439801439547e-01
3.303927695571043377e-01
3.304318732026345629e-01
3.304582147601186626e-01
3.304720354388504533e-01
3.304796020279496815e-01
3.304720354388504533e-01
3.304582147601186626e-01
3.304318732026345629e-01
3.303927695571043377e-01
3.303927439801439547e-01
3.303999612006353614e-01
3.304000009557553907e-01
3.304357582498133605e-01
3.304595881769525900e-01
3.304714916937747105e-01
3.304774619430015936e-01
3.304714916937747105e-01
3.304595881769525900e-01
3.304357582498133605e-01
3.304000009557553907e-01
3.303999612006353614e-01
3.304117937325956045e-01
3.304118446531972286e-01
3.304420197914042512e-01
3.304619293201249142e-01
3.304719029089228099e-01
3.304773185481774123e-01
3.304719029089228099e-01
3.304619293201249142e-01
3.304420197914042512e-01
3.304118446531972286e-01
3.304117937325956045e-01
3.304166468703669812e-01
3.304167137674692833e-01
3.304444863766294871e-01
3.304625418947743087e-01
3.304711839951324226e-01
3.304755969539513449e-01
3.304711839951324226e-01
3.304625418947743087e-01
3.304444863766294871e-01
3.304167137674692833e-01
3.304166468703669812e-01
3.304244603956379422e-01
3.304245500182944606e-01
3.304483607999183503e-01
3.304635651039655175e-01
3.304709715444279494e-01
3.304749622530052111e-01
3.304709715444279494e-01
3.304635651039655175e-01
3.304483607999183503e-01
3.304245500182944606e-01
3.304244603956379422e-01
3.304276129533166850e-01
3.304277052555975591e-01
3.304497827389875075e-01
3.304636176959386828e-01
3.304701522638930911e-01
3.304736274470120860e-01
3.304701522638930911e-01
3.304636176959386828e-01
3.304497827389875075e-01
3.304277052555975591e-01
3.304276129533166850e-01
3.304325558497477888e-01
3.304326469818285594e-01
3.304517795569441030e-01
3.304634910980479012e-01
3.304691855195305283e-01
3.304724235701570478e-01
3.304691855195305283e-01
3.304634910980479012e-01
3.304517795569441030e-01
3.304326469818285594e-01
3.304325558497477888e-01
3.304344646791183560e-01
3.304345865899107615e-01
3.304523831737207762e-01
3.304629727954164764e-01
3.304678518617467642e-01
3.304707772896710027e-01
3.304678518617467642e-01
3.304629727954164764e-01
3.304523831737207762e-01
3.304345865899107615e-01
3.304344646791183560e-01
3.304373585304069549e-01
3.304374679838117390e-01
3.304529556185212269e-01
3.304616096528791847e-01
3.304652844850284321e-01
3.304677466204975489e-01
3.304652844850284321e-01
3.304616096528791847e-01
3.304529556185212269e-01
3.304374679838117390e-01
3.304373585304069549e-01
3.304384206478335750e-01
3.304385673952716651e-01
3.304530915651465728e-01
3.304605653419431799e-01
3.304632516708975731e-01
3.304650038245725563e-01
3.304632516708975731e-01
3.304605653419431799e-01
3.304530915651465728e-01
3.304385673952716651e-01
3.304384206478335750e-01
3.304399689094119630e-01
3.304401208422640401e-01
3.304531406399451865e-01
3.304587965644770198e-01
3.304602687580149301e-01
3.304612567243895849e-01
3.304602687580149301e-01
3.304587965644770198e-01
3.304531406399451865e-01
3.304401208422640401e-01
3.304399689094119630e-01
3.304405249122762123e-01
3.304406904957457591e-01
3.304532402432663885e-01
3.304581168727625529e-01
3.304586476828423880e-01
3.304586371442486681e-01
3.304586476828423880e-01
3.304581168727625529e-01
3.304532402432663885e-01
3.304406904957457591e-01
3.304405249122762123e-01
3.304412820257700556e-01
3.304414692150360322e-01
3.304536368093418108e-01
3.304582390466591080e-01
3.304595329258543934e-01
3.304603273146951015e-01
3.304595329258543934e-01
3.304582390466591080e-01
3.304536368093418108e-01
3.304414692150360322e-01
3.304412820257700556e-01
3.304415346162076217e-01
3.304417269036274973e-01
3.304538840879562844e-01
3.304585997293914001e-01
3.304597752457540394e-01
3.304599532723600519e-01
3.304597752457540394e-01
3.304585997293914001e-01
3.304538840879562844e-01
3.304417269036274973e-01
3.304415346162076217e-01
3.304418041638505499e-01
3.304419921340639998e-01
3.304545115968802738e-01
3.304603588652310631e-01
3.304635147470811329e-01
3.304657518502854274e-01
3.304635147470811329e-01
3.304603588652310631e-01
3.304545115968802738e-01
3.304419921340639998e-01
3.304418041638505499e-01
3.304418043554872009e-01
3.304420167091984273e-01
3.304546890164473671e-01
3.304606349984968161e-01
3.304634706733799443e-01
3.304651982884810879e-01
3.304634706733799443e-01
3.304606349984968161e-01
3.304546890164473671e-01
3.304420167091984273e-01
3.304418043554872009e-01
3.304415914509476471e-01
3.304418043554872009e-01
3.304548162078423390e-01
3.304609118798861878e-01
3.304631258996350018e-01
3.304650001680409233e-01
3.304631258996350018e-01
3.304609118798861878e-01
3.304548162078423390e-01
3.304418043554872009e-01
3.304415914509476471e-01
