2.313881027325737083e-01
2.313881926182314031e-01
2.313939881638016338e-01
2.314108334582854476e-01
2.314266967426256982e-01
2.314345769001569242e-01
2.314266967426256982e-01
2.314108334582854476e-01
2.313939881638016338e-01
2.313881926182314031e-01
2.313881027325737083e-01
2.313881926182314031e-01
2.313881369185455117e-01
2.313941913266554518e-01
2.314111372554581436e-01
2.314266432225845493e-01
2.314351230582004926e-01
2.314266432225845493e-01
2.314111372554581436e-01
2.313941913266554518e-01
2.313881369185455117e-01
2.313881926182314031e-01
2.313875898203461567e-01
2.313875188843502462e-01
2.313936756034361553e-01
2.314104046214504051e-01
2.314248923647086453e-01
2.314322368486073644e-01
2.314248923647086453e-01
2.314104046214504051e-01
2.313936756034361553e-01
2.313875188843502462e-01
2.313875898203461567e-01
2.313850452454797313e-01
2.313849978235698046e-01
2.313909127378404040e-01
2.314071094163326348e-01
2.314213279657088007e-01
2.314303556316657240e-01
2.314213279657088007e-01
2.314071094163326348e-01
2.313909127378404040e-01
2.313849978235698046e-01
2.313850452454797313e-01
2.313831613751210492e-01
2.313832019567664822e-01
2.313888332791270430e-01
2.314039819647623064e-01
2.314159866059062876e-01
2.314226287504216606e-01
2.314159866059062876e-01
2.314039819647623064e-01
2.313888332791270430e-01
2.313832019567664822e-01
2.313831613751210492e-01
2.313784810364316880e-01
2.313784530453232846e-01
2.313832101614560210e-01
2.313968759838895550e-01
2.314079976116303616e-01
2.314150067015643408e-01
2.314079976116303616e-01
2.313968759838895550e-01
2.313832101614560210e-01
2.313784530453232846e-01
2.313784810364316880e-01
2.313756275484417368e-01
2.313756225884884832e-01
2.313799599089169101e-01
2.313926241972085740e-01
2.314022699718965570e-01
2.314076687715403424e-01
2.314022699718965570e-01
2.313926241972085740e-01
2.313799599089169101e-01
2.313756225884884832e-01
2.313756275484417368e-01
2.313690165250886777e-01
2.313689823079012053e-01
2.313725820570181058e-01
2.313839997415365057e-01
2.313932723453501761e-01
2.313990293098992235e-01
2.313932723453501761e-01
2.313839997415365057e-01
2.313725820570181058e-01
2.313689823079012053e-01
2.313690165250886777e-01
2.313652515570897295e-01
2.313652760304708011e-01
2.313686779833327711e-01
2.313794145421194937e-01
2.313876019874786527e-01
2.313922914521783503e-01
2.313876019874786527e-01
2.313794145421194937e-01
2.313686779833327711e-01
2.313652760304708011e-01
2.313652515570897295e-01
2.313570077925579949e-01
2.313570135467437616e-01
2.313603667754064730e-01
2.313704516401033362e-01
2.313788569961941488e-01
2.313840422285096954e-01
2.313788569961941488e-01
2.313704516401033362e-01
2.313603667754064730e-01
2.313570135467437616e-01
2.313570077925579949e-01
2.313525083793848691e-01
2.313525224365182986e-01
2.313560531667893105e-01
2.313657537049113033e-01
2.313734186863298237e-01
2.313779154827157181e-01
2.313734186863298237e-01
2.313657537049113033e-01
2.313560531667893105e-01
2.313525224365182986e-01
2.313525083793848691e-01
2.313427772103776037e-01
2.313427996786273921e-01
2.313470501648327848e-01
2.313564822721283221e-01
2.313644984663450477e-01
2.313693136918980042e-01
2.313644984663450477e-01
2.313564822721283221e-01
2.313470501648327848e-01
2.313427996786273921e-01
2.313427772103776037e-01
2.313375452474434046e-01
2.313376028111883420e-01
2.313424143798265553e-01
2.313516822426982256e-01
2.313590585936383115e-01
2.313632105219553814e-01
2.313590585936383115e-01
2.313516822426982256e-01
2.313424143798265553e-01
2.313376028111883420e-01
2.313375452474434046e-01
2.313264301751889185e-01
2.313264960812458082e-01
2.313327562615642985e-01
2.313424050366023055e-01
2.313504447000928610e-01
2.313551595055879651e-01
2.313504447000928610e-01
2.313424050366023055e-01
2.313327562615642985e-01
2.313264960812458082e-01
2.313264301751889185e-01
2.313205251202722912e-01
2.313206299521945175e-01
2.313278162980058339e-01
2.313376717213370681e-01
2.313453596351345287e-01
2.313496498800433621e-01
2.313453596351345287e-01
2.313376717213370681e-01
2.313278162980058339e-01
2.313206299521945175e-01
2.313205251202722912e-01
2.313080968523172076e-01
2.313081631340352939e-01
2.313176106009628696e-01
2.313285935140136917e-01
2.313374932871998801e-01
2.313427605883799643e-01
2.313374932871998801e-01
2.313285935140136917e-01
2.313176106009628696e-01
2.313081631340352939e-01
2.313080968523172076e-01
2.313014560197514946e-01
2.313015418922381161e-01
2.313123871426259470e-01
2.313239084746849805e-01
2.313326872217420782e-01
2.313377041106271237e-01
2.313326872217420782e-01
2.313239084746849805e-01
2.313123871426259470e-01
2.313015418922381161e-01
2.313014560197514946e-01
2.312873051642300171e-01
2.312873844851268679e-01
2.313015370080587774e-01
2.313148024107622713e-01
2.313248974454717166e-01
2.313307680956573353e-01
2.313248974454717166e-01
2.313148024107622713e-01
2.313015370080587774e-01
2.312873844851268956e-01
2.312873051642300171e-01
2.312796811663409002e-01
2.312798007132871314e-01
2.312959072732881927e-01
2.313100660632250727e-01
2.313202462253085290e-01
2.313260562971118650e-01
2.313202462253085290e-01
2.313100660632250727e-01
2.312959072732881927e-01
2.312798007132871314e-01
2.312796811663409002e-01
2.312633324374339661e-01
2.312634368315780731e-01
2.312839799761465809e-01
2.313006489619491568e-01
2.313124289744569739e-01
2.313190244094715520e-01
2.313124289744569739e-01
2.313006489619491568e-01
2.312839799761465809e-01
2.312634368315780731e-01
2.312633324374339661e-01
2.312544342970470346e-01
2.312545855070355372e-01
2.312776922063218832e-01
2.312957365870482174e-01
2.313080588487494149e-01
2.313150685253813899e-01
2.313080588487494149e-01
2.312957365870482174e-01
2.312776922063218832e-01
2.312545855070355372e-01
2.312544342970470346e-01
2.312351575135712656e-01
2.312352925783160984e-01
2.312641727944882986e-01
2.312857051239087525e-01
2.313001745565879952e-01
2.313080381512827299e-01
2.313001745565879952e-01
2.312857051239087802e-01
2.312641727944882986e-01
2.312352925783160984e-01
2.312351575135712656e-01
2.312245488454286457e-01
2.312247120792367272e-01
2.312568774787057413e-01
2.312803758572939128e-01
2.312959714830825630e-01
2.313048965927730904e-01
2.312959714830825630e-01
2.312803758572939128e-01
2.312568774787057413e-01
2.312247120792367272e-01
2.312245488454286457e-01
2.312012435693786006e-01
2.312014101895472629e-01
2.312408972696585741e-01
2.312690293512202622e-01
2.312872907994177052e-01
2.312970044567860539e-01
2.312872907994177052e-01
2.312690293512202622e-01
2.312408972696585741e-01
2.312014101895472629e-01
2.312012435693786006e-01
2.311882874257120968e-01
2.311884754103183393e-01
2.312320829044222092e-01
2.312628294354135972e-01
2.312828056030236668e-01
2.312942753293094345e-01
2.312828056030236668e-01
2.312628294354135972e-01
2.312320829044222092e-01
2.311884754103183393e-01
2.311882874257120968e-01
2.311595361874375087e-01
2.311596836080077599e-01
2.312124172289446722e-01
2.312490173590732168e-01
2.312722418288102322e-01
2.312845631751762054e-01
2.312722418288102322e-01
2.312490173590732168e-01
2.312124172289446722e-01
2.311596836080077599e-01
2.311595361874375087e-01
2.311433453993953502e-01
2.311435149869664474e-01
2.312013727163310106e-01
2.312412248391976233e-01
2.312666598216746028e-01
2.312812711295499646e-01
2.312666598216746028e-01
2.312412248391976233e-01
2.312013727163310106e-01
2.311435149869664474e-01
2.311433453993953502e-01
2.311070276820225144e-01
2.311071459366343395e-01
2.311763986017239259e-01
2.312233010882598638e-01
2.312525728073880626e-01
2.312682717668786414e-01
2.312525728073880626e-01
2.312233010882598638e-01
2.311763986017239259e-01
2.311071459366343395e-01
2.311070276820225144e-01
2.310864012406543544e-01
2.310865342865018046e-01
2.311622121035824262e-01
2.312129974727614168e-01
2.312447105026760319e-01
2.312627517827952894e-01
2.312447105026760319e-01
2.312129974727614168e-01
2.311622121035824262e-01
2.310865342865018046e-01
2.310864012406543544e-01
2.310397899979343694e-01
2.310398568884055592e-01
2.311299777393772958e-01
2.311892399526699893e-01
2.312253624231459248e-01
2.312449466384974561e-01
2.312253624231459248e-01
2.311892399526699893e-01
2.311299777393772958e-01
2.310398568884055592e-01
2.310397899979343694e-01
2.310131730085643320e-01
2.310132379269909386e-01
2.311117285518633768e-01
2.311757085880291329e-01
2.312142329190096102e-01
2.312356044223202178e-01
2.312142329190096102e-01
2.311757085880291329e-01
2.311117285518633768e-01
2.310132379269909386e-01
2.310131730085643320e-01
2.309527020662262287e-01
2.309526653964508458e-01
2.310705770704853390e-01
2.311454135274999544e-01
2.311892074984923662e-01
2.312129054069579637e-01
2.311892074984923662e-01
2.311454135274999544e-01
2.310705770704853390e-01
2.309526653964508458e-01
2.309527020662262287e-01
2.309179804769963540e-01
2.309179143856899263e-01
2.310475376227752731e-01
2.311287685168671169e-01
2.311751051723224537e-01
2.311998086622351067e-01
2.311751051723224537e-01
2.311287685168671169e-01
2.310475376227752731e-01
2.309179143856899263e-01
2.309179804769963540e-01
2.308386164573845156e-01
2.308384415539348200e-01
2.309962588067595302e-01
2.310933280272013945e-01
2.311469667323100552e-01
2.311752474829087967e-01
2.311469667323100552e-01
2.310933280272013945e-01
2.309962588067595302e-01
2.308384415539348200e-01
2.308386164573845156e-01
2.307927667447121356e-01
2.307925438337574409e-01
2.309678521856893818e-01
2.310749196914236581e-01
2.311325431943411224e-01
2.311620571218420128e-01
2.311325431943411224e-01
2.310749196914236581e-01
2.309678521856893818e-01
2.307925438337574131e-01
2.307927667447121356e-01
2.306872838691627625e-01
2.306869746299987090e-01
2.309052241746017697e-01
2.310379305842599762e-01
2.311072520516913309e-01
2.311419455111105581e-01
2.311072520516913309e-01
2.310379305842599762e-01
2.309052241746017697e-01
2.306869746299987090e-01
2.306872838691627625e-01
2.306259157380201319e-01
2.306255802614728956e-01
2.308705514845449114e-01
2.310200509954066783e-01
2.310977068386833311e-01
2.311369664387523670e-01
2.310977068386833311e-01
2.310200509954066783e-01
2.308705514845449114e-01
2.306255802614728956e-01
2.306259157380201041e-01
2.304838375466713440e-01
2.304834621240298975e-01
2.307937854612751027e-01
2.309856478912458988e-01
2.310828522828554388e-01
2.311287038688421003e-01
2.310828522828554388e-01
2.309856478912459266e-01
2.307937854612751027e-01
2.304834621240298975e-01
2.304838375466713440e-01
2.304006112226978098e-01
2.304002470327403129e-01
2.307504620050211952e-01
2.309702004787134721e-01
2.310848368675020303e-01
2.311443481615939322e-01
2.310848368675020303e-01
2.309702004787134721e-01
2.307504620050211952e-01
2.304002470327403129e-01
2.304006112226977820e-01
2.302068135592202913e-01
2.302065176598520890e-01
2.306521585294979138e-01
2.309390869840408922e-01
2.310855092103088482e-01
2.311523130823498196e-01
2.310855092103088482e-01
2.309390869840408922e-01
2.306521585294979138e-01
2.302065176598520890e-01
2.302068135592202913e-01
2.300927674588199578e-01
2.300924937835355510e-01
2.305946004060760446e-01
2.309248724382738649e-01
2.311037936409639781e-01
2.312011189380363263e-01
2.311037936409639781e-01
2.309248724382738649e-01
2.305946004060760446e-01
2.300924937835355510e-01
2.300927674588199578e-01
2.298261955113881372e-01
2.298259844275081787e-01
2.304588874204666071e-01
2.308875861568565058e-01
2.311148931708674747e-01
2.312195153111706869e-01
2.311148931708674747e-01
2.308875861568565058e-01
2.304588874204666071e-01
2.298259844275081787e-01
2.298261955113881372e-01
2.296688572900639214e-01
2.296687348371660720e-01
2.303760382795852213e-01
2.308658525714292198e-01
2.311454047750059748e-01
2.313042378762411588e-01
2.311454047750059748e-01
2.308658525714292198e-01
2.303760382795852213e-01
2.296687348371660720e-01
2.296688572900639214e-01
2.293007492297194083e-01
2.293008234478881580e-01
2.301737262539517159e-01
2.307931683702779402e-01
2.311389437964097016e-01
2.313046842457549823e-01
2.311389437964097016e-01
2.307931683702779402e-01
2.301737262539517159e-01
2.293008234478881580e-01
2.293007492297194083e-01
2.290840690374351674e-01
2.290842956145581200e-01
2.300473500058943244e-01
2.307427084492257585e-01
2.311593016641979581e-01
2.314031504619975255e-01
2.311593016641979581e-01
2.307427084492257585e-01
2.300473500058943244e-01
2.290842956145581200e-01
2.290840690374351396e-01
2.285791559161597652e-01
2.285795735222352354e-01
2.297348564527656456e-01
2.305788657372792594e-01
2.310731359548552910e-01
2.313231256763642329e-01
2.310731359548552910e-01
2.305788657372792594e-01
2.297348564527656456e-01
2.285795735222352076e-01
2.285791559161597652e-01
2.282840084725820395e-01
2.282845748877235514e-01
2.295408540190516933e-01
2.304651829617492542e-01
2.310369383649141795e-01
2.313755664251413990e-01
2.310369383649141795e-01
2.304651829617492542e-01
2.295408540190516933e-01
2.282845748877235514e-01
2.282840084725820395e-01
2.276012173163236563e-01
2.276019518636998029e-01
2.290674414498156675e-01
2.301353615718227663e-01
2.307809468469441405e-01
2.311257870810108916e-01
2.307809468469441405e-01
2.301353615718227663e-01
2.290674414498156675e-01
2.276019518636998029e-01
2.276012173163236563e-01
2.272059688662063370e-01
2.272068316677668676e-01
2.287821208033329612e-01
2.299196626396650678e-01
2.306257704417347121e-01
2.310394743927343952e-01
2.306257704417347121e-01
2.299196626396650678e-01
2.287821208033329612e-01
2.272068316677668676e-01
2.272059688662063370e-01
2.262999273629929531e-01
2.263010147548920603e-01
2.281083429340552415e-01
2.293609346115078329e-01
2.301173963887985507e-01
2.305405455378440327e-01
2.301173963887985507e-01
2.293609346115078329e-01
2.281083429340552415e-01
2.263010147548920326e-01
2.262999273629929531e-01
2.257807205431062725e-01
2.257816667066954996e-01
2.277206352898608621e-01
2.290229890616770347e-01
2.297951476404697380e-01
2.302265890675147808e-01
2.297951476404697380e-01
2.290229890616770347e-01
2.277206352898608621e-01
2.257816667066954996e-01
2.257807205431062725e-01
2.245995298560215236e-01
2.246001742623069952e-01
2.268471208627367564e-01
2.282422244219196039e-01
2.290312430757879270e-01
2.294806198488073268e-01
2.290312430757879270e-01
2.282422244219196039e-01
2.268471208627367564e-01
2.246001742623069952e-01
2.245995298560215236e-01
2.239252865219250044e-01
2.239256450678067667e-01
2.263717398247525603e-01
2.278156074637138484e-01
2.285656115146149914e-01
2.289360334771730621e-01
2.285656115146149914e-01
2.278156074637138484e-01
2.263717398247525603e-01
2.239256450678067667e-01
2.239252865219250044e-01
2.223933702701988702e-01
2.223939273870477462e-01
2.253594387064680182e-01
2.269604655619721079e-01
2.277235147846372876e-01
2.281302793384350214e-01
2.277235147846372876e-01
2.269604655619721079e-01
2.253594387064680182e-01
2.223939273870477462e-01
2.223933702701988424e-01
2.215160387913285567e-01
2.215161316185887685e-01
2.248402175457702434e-01
2.265667699725266993e-01
2.272819795807881904e-01
2.275547411661345554e-01
2.272819795807881904e-01
2.265667699725266993e-01
2.248402175457702434e-01
2.215161316185887685e-01
2.215160387913285567e-01
2.195097096627127986e-01
2.195099152217227512e-01
2.237956369846667570e-01
2.259682258230766849e-01
2.268019911715548342e-01
2.271458639559692794e-01
2.268019911715548342e-01
2.259682258230766849e-01
2.237956369846667570e-01
2.195099152217227512e-01
2.195097096627127986e-01
2.183440887216003823e-01
2.183436388474515322e-01
2.232788348205347051e-01
2.258205947711006412e-01
2.267456152903543076e-01
2.270485314206798777e-01
2.267456152903543076e-01
2.258205947711006412e-01
2.232788348205347051e-01
2.183436388474515322e-01
2.183440887216003823e-01
2.156363226665156119e-01
2.156366751142755889e-01
2.222510847189116956e-01
2.259319204250535007e-01
2.273166046507684168e-01
2.277573306009062770e-01
2.273166046507684168e-01
2.259319204250535007e-01
2.222510847189116956e-01
2.156366751142756166e-01
2.156363226665156119e-01
2.140314947031054793e-01
2.140314680562470095e-01
2.217007985268154846e-01
2.262570954508444365e-01
2.281674138696525023e-01
2.289840021934465564e-01
2.281674138696525023e-01
2.262570954508444365e-01
2.217007985268154846e-01
2.140314680562470095e-01
2.140314947031054793e-01
2.102385852661668997e-01
2.102399724781928991e-01
2.204382654186755053e-01
2.273570759400964647e-01
2.304695316157173157e-01
2.315701597526150235e-01
2.304695316157173157e-01
2.273570759400964647e-01
2.204382654186755053e-01
2.102399724781929269e-01
2.102385852661669274e-01
2.079568174662911884e-01
2.079573674070814004e-01
2.195733782600567396e-01
2.281374814577961097e-01
2.326576611321076737e-01
2.350833931643788455e-01
2.326576611321076737e-01
2.281374814577961097e-01
2.195733782600567396e-01
2.079573674070814004e-01
2.079568174662911884e-01
2.025126594077467368e-01
2.025142963317042577e-01
2.171186877469297449e-01
2.295358928415411059e-01
2.364837649175334233e-01
2.395033750491819546e-01
2.364837649175334233e-01
2.295358928415411059e-01
2.171186877469297449e-01
2.025142963317042577e-01
2.025126594077467368e-01
1.992389092694138997e-01
1.992401904375540600e-01
2.151943552016437888e-01
2.299080026053641201e-01
2.395433123610604675e-01
2.454506402292956080e-01
2.395433123610604675e-01
2.299080026053641201e-01
2.151943552016437888e-01
1.992401904375540600e-01
1.992389092694138997e-01
1.914850983915778460e-01
1.914901863191724174e-01
2.094930163090433228e-01
2.283388177791751683e-01
2.415473071161410301e-01
2.484840374915813777e-01
2.415473071161410301e-01
2.283388177791751683e-01
2.094930163090433228e-01
1.914901863191724174e-01
1.914850983915778460e-01
1.869338596666930141e-01
1.869373786932611581e-01
2.052693832552737463e-01
2.256027946870179102e-01
2.422187486609236884e-01
2.536358325921665435e-01
2.422187486609236884e-01
2.256027946870179102e-01
2.052693832552737463e-01
1.869373786932611581e-01
1.869338596666930141e-01
1.764537832713274357e-01
1.764586755323112044e-01
1.936990633660359840e-01
2.133281941024938178e-01
2.314054989418441732e-01
2.436332027958926505e-01
2.314054989418441732e-01
2.133281941024938178e-01
1.936990633660359840e-01
1.764586755323112044e-01
1.764537832713274357e-01
1.705692963064764922e-01
1.705734567075559704e-01
1.863688912111501894e-01
2.027941242814505773e-01
2.198271933584188542e-01
2.353494920893229037e-01
2.198271933584188542e-01
2.027941242814505496e-01
1.863688912111501894e-01
1.705734567075559704e-01
1.705692963064764922e-01
9.988496667881549551e-02
1.576299397158396898e-01
1.693340643276437518e-01
1.722875822312839311e-01
1.683309718250974307e-01
1.609922494305393581e-01
1.683309718250974307e-01
1.722875822312839311e-01
1.693340643276437518e-01
1.576299397158396898e-01
9.988496667881549551e-02
9.988496667881549551e-02
1.518522685820797025e-01
1.612663199545603665e-01
1.600404525128353850e-01
1.536747499094812952e-01
1.479224380973481190e-01
1.536747499094812952e-01
1.600404525128353850e-01
1.612663199545603665e-01
1.518522685820797025e-01
9.988496667881549551e-02
9.988496667881549551e-02
1.416431546859814317e-01
1.469060944186455497e-01
1.418572117735616700e-01
1.347206942268537877e-01
1.291678560006364884e-01
1.347206942268537877e-01
1.418572117735616700e-01
1.469060944186455775e-01
1.416431546859814317e-01
9.988496667881549551e-02
9.988496667881549551e-02
1.371681270544642117e-01
1.408578886188571744e-01
1.352804506856113143e-01
1.292451917645523196e-01
1.255598519262420276e-01
1.292451917645523196e-01
1.352804506856113143e-01
1.408578886188571744e-01
1.371681270544642117e-01
9.988496667881549551e-02
9.988496667881549551e-02
1.294312799000693903e-01
1.309567413577379102e-01
1.256502432052868101e-01
1.207581813600862863e-01
1.175037633874201765e-01
1.207581813600862863e-01
1.256502432052868101e-01
1.309567413577379102e-01
1.294312799000693903e-01
9.988496667881549551e-02
9.988496667881549551e-02
1.260985814132020710e-01
1.269083808966121607e-01
1.220538868343009758e-01
1.181169561862149137e-01
1.159482823214812025e-01
1.181169561862149137e-01
1.220538868343009758e-01
1.269083808966121607e-01
1.260985814132020710e-01
9.988496667881549551e-02
9.988496667881549551e-02
1.204373154650702216e-01
1.203912732060481855e-01
1.164995703296141383e-01
1.134692594908956742e-01
1.115868258353154008e-01
1.134692594908956742e-01
1.164995703296141383e-01
1.203912732060481855e-01
1.204373154650702216e-01
9.988496667881549551e-02
9.988496667881549551e-02
1.180262620689956771e-01
1.177261974827650826e-01
1.143209529337524538e-01
1.118802306246266115e-01
1.105916829576190780e-01
1.118802306246266115e-01
1.143209529337524538e-01
1.177261974827650826e-01
1.180262620689956771e-01
9.988496667881549551e-02
9.988496667881549551e-02
1.139746721723385592e-01
1.134084894601343624e-01
1.107852439601891559e-01
1.089024808048480314e-01
1.077806277902493143e-01
1.089024808048480314e-01
1.107852439601891559e-01
1.134084894601343624e-01
1.139746721723385592e-01
9.988496667881549551e-02
9.988496667881549551e-02
1.122600591386192226e-01
1.116284642575846031e-01
1.093438754061142881e-01
1.078003272074494756e-01
1.069975958155018059e-01
1.078003272074494756e-01
1.093438754061142881e-01
1.116284642575846031e-01
1.122600591386192365e-01
9.988496667881549551e-02
9.988496667881549551e-02
1.093956898016092139e-01
1.087103867895161391e-01
1.069352025312902688e-01
1.057144230992496797e-01
1.050062545468241210e-01
1.057144230992496797e-01
1.069352025312902688e-01
1.087103867895161530e-01
1.093956898016092139e-01
9.988496667881549551e-02
9.988496667881549551e-02
1.081875438533096423e-01
1.074966608552740538e-01
1.059299111901753632e-01
1.049025725376535600e-01
1.043674514780588425e-01
1.049025725376535600e-01
1.059299111901753632e-01
1.074966608552740538e-01
1.081875438533096423e-01
9.988496667881549551e-02
9.988496667881549551e-02
1.061749945357947644e-01
1.054846451709442606e-01
1.042266125277188094e-01
1.033845272069915250e-01
1.029036337740092399e-01
1.033845272069915250e-01
1.042266125277188094e-01
1.054846451709442606e-01
1.061749945357947783e-01
9.988496667881549551e-02
9.988496667881549551e-02
1.053273006817017632e-01
1.046416837821643187e-01
1.035069217376031747e-01
1.027761934607565181e-01
1.023919516685237729e-01
1.027761934607565042e-01
1.035069217376031747e-01
1.046416837821643187e-01
1.053273006817017632e-01
9.988496667881549551e-02
9.988496667881549551e-02
1.039167390036608574e-01
1.032338769485074831e-01
1.022816066477101188e-01
1.016580267450583053e-01
1.013051790055671669e-01
1.016580267450583053e-01
1.022816066477101327e-01
1.032338769485074831e-01
1.039167390036608574e-01
9.988496667881549551e-02
9.988496667881549551e-02
1.033237973204750582e-01
1.026420884231072778e-01
1.017621667662102630e-01
1.012037887495260274e-01
1.009070821139216034e-01
1.012037887495260413e-01
1.017621667662102769e-01
1.026420884231072916e-01
1.033237973204750582e-01
9.988496667881549551e-02
9.988496667881549551e-02
1.023398817885904644e-01
1.016523557312672132e-01
1.008802810452982257e-01
1.003850429760453078e-01
1.001068827022851548e-01
1.003850429760453078e-01
1.008802810452982257e-01
1.016523557312672132e-01
1.023398817885904644e-01
9.988496667881549551e-02
9.988496667881549551e-02
1.019280747841505852e-01
1.012376187573779951e-01
1.005086866379424071e-01
1.000528966546516407e-01
9.980893962079213921e-02
1.000528966546516407e-01
1.005086866379424071e-01
1.012376187573779951e-01
1.019280747841505852e-01
9.988496667881549551e-02
9.988496667881549551e-02
1.012492253255628943e-01
1.005491395451061920e-01
9.988571936715902322e-02
9.946875295928053751e-02
9.923622915381155596e-02
9.946875295928053751e-02
9.988571936715902322e-02
1.005491395451061920e-01
1.012492253255628943e-01
9.988496667881549551e-02
9.988496667881549551e-02
1.009682257268691707e-01
1.002647657602468434e-01
9.962826917429709606e-02
9.923641614499212338e-02
9.902608124298717396e-02
9.923641614499212338e-02
9.962826917429710993e-02
1.002647657602468434e-01
1.009682257268691707e-01
9.988496667881549551e-02
9.988496667881549551e-02
1.005128777335977108e-01
9.980342356925661629e-02
9.920913285665362846e-02
9.884277146782424750e-02
9.863989037161570439e-02
9.884277146782424750e-02
9.920913285665362846e-02
9.980342356925661629e-02
1.005128777335977247e-01
9.988496667881549551e-02
9.988496667881549551e-02
1.003291446861534070e-01
9.961921186353990543e-02
9.904328255286209970e-02
9.869410889526047947e-02
9.850664468370848303e-02
9.869410889526047947e-02
9.904328255286209970e-02
9.961921186353991930e-02
1.003291446861534070e-01
9.988496667881549551e-02
9.988496667881549551e-02
1.000426764415176251e-01
9.933566837578698683e-02
9.879037252163103133e-02
9.845959921252350755e-02
9.827741453172675334e-02
9.845959921252350755e-02
9.879037252163103133e-02
9.933566837578698683e-02
1.000426764415176251e-01
9.988496667881549551e-02
9.988496667881549551e-02
9.993355619810206925e-02
9.923148212465365825e-02
9.870051978272029181e-02
9.838257276254623596e-02
9.821186380458667153e-02
9.838257276254623596e-02
9.870051978272029181e-02
9.923148212465365825e-02
9.993355619810206925e-02
9.988496667881549551e-02
9.988496667881549551e-02
9.977901908026529099e-02
9.909303667531582649e-02
9.858780346776790937e-02
9.828437462156136561e-02
9.811771961193117841e-02
9.828437462156136561e-02
9.858780346776790937e-02
9.909303667531582649e-02
9.977901908026529099e-02
9.988496667881549551e-02
9.988496667881549551e-02
9.972956205258198814e-02
9.905556241233889891e-02
9.856323392456531329e-02
9.827017893895277634e-02
9.811263433279893142e-02
9.827017893895277634e-02
9.856323392456531329e-02
9.905556241233889891e-02
9.972956205258198814e-02
9.988496667881549551e-02
9.988496667881549551e-02
9.968345279732664099e-02
9.904076718225586495e-02
9.857320287222530453e-02
9.829271176100218277e-02
9.813852055531763208e-02
9.829271176100218277e-02
9.857320287222530453e-02
9.904076718225586495e-02
9.968345279732664099e-02
9.988496667881549551e-02
9.988496667881549551e-02
9.968435997295843620e-02
9.906158604935651202e-02
9.860705357392497705e-02
9.833562515839575080e-02
9.818909871217995633e-02
9.833562515839573692e-02
9.860705357392496317e-02
9.906158604935651202e-02
9.968435997295843620e-02
9.988496667881549551e-02
9.988496667881549551e-02
9.973251554300688326e-02
9.915785978378198473e-02
9.872938875754172505e-02
9.846960675817381659e-02
9.832604895662554190e-02
9.846960675817381659e-02
9.872938875754172505e-02
9.915785978378198473e-02
9.973251554300688326e-02
9.988496667881549551e-02
9.988496667881549551e-02
9.977864615065749898e-02
9.923261128236821049e-02
9.881809677552935711e-02
9.856666130223938616e-02
9.842982519150650367e-02
9.856666130223938616e-02
9.881809677552935711e-02
9.923261128236821049e-02
9.977864615065749898e-02
9.988496667881549551e-02
9.988496667881549551e-02
9.991446028047053229e-02
9.943479509020769491e-02
9.904868327001428718e-02
9.880847616565233138e-02
9.867435470829355459e-02
9.880847616565233138e-02
9.904868327001428718e-02
9.943479509020769491e-02
9.991446028047054617e-02
9.988496667881549551e-02
9.988496667881549551e-02
1.000040832258795587e-01
9.956251338920546479e-02
9.919172941292214718e-02
9.895950324689284372e-02
9.883145906768728284e-02
9.895950324689284372e-02
9.919172941292214718e-02
9.956251338920546479e-02
1.000040832258795587e-01
9.988496667881549551e-02
9.988496667881549551e-02
1.002271180359919356e-01
9.987179850902129508e-02
9.953264674180352378e-02
9.931171739844384116e-02
9.918619400948883169e-02
9.931171739844384116e-02
9.953264674180353766e-02
9.987179850902129508e-02
1.002271180359919356e-01
9.988496667881549551e-02
9.988496667881549551e-02
1.003614026220278621e-01
1.000547896116666668e-01
9.973273786524058937e-02
9.951970767157532205e-02
9.939980315041194170e-02
9.951970767157532205e-02
9.973273786524058937e-02
1.000547896116666668e-01
1.003614026220278621e-01
9.988496667881549551e-02
9.988496667881549551e-02
1.006770280314372573e-01
1.004791861483737836e-01
1.001928055925904310e-01
9.999144157004305478e-02
9.987394729901682977e-02
9.999144157004305478e-02
1.001928055925904310e-01
1.004791861483737836e-01
1.006770280314372573e-01
9.988496667881549551e-02
9.988496667881549551e-02
1.008602966914028815e-01
1.007231903195398848e-01
1.004560456690542225e-01
1.002626145663731844e-01
1.001502755519678711e-01
1.002626145663731844e-01
1.004560456690542225e-01
1.007231903195398848e-01
1.008602966914028815e-01
9.988496667881549551e-02
9.988496667881549551e-02
1.012804622407727784e-01
1.012777409031519749e-01
1.010510108598904888e-01
1.008697387385619204e-01
1.007597100021661307e-01
1.008697387385619343e-01
1.010510108598904888e-01
1.012777409031519749e-01
1.012804622407727784e-01
9.988496667881549551e-02
9.988496667881549551e-02
1.015204281407660336e-01
1.015922312152768570e-01
1.013872663266583429e-01
1.012139281477525410e-01
1.011085299750434929e-01
1.012139281477525410e-01
1.013872663266583429e-01
1.015922312152768570e-01
1.015204281407660197e-01
9.988496667881549551e-02
9.988496667881549551e-02
1.020639988284254146e-01
1.023000933328285372e-01
1.021410993034757853e-01
1.019803252184669634e-01
1.018771043391577258e-01
1.019803252184669634e-01
1.021410993034757853e-01
1.023000933328285372e-01
1.020639988284254146e-01
9.988496667881549551e-02
9.988496667881549551e-02
1.023719162298894342e-01
1.026989302424249073e-01
1.025647030721050373e-01
1.024117397753817882e-01
1.023123638403223290e-01
1.024117397753817882e-01
1.025647030721050373e-01
1.026989302424249073e-01
1.023719162298894342e-01
9.988496667881549551e-02
9.988496667881549551e-02
1.030652667793485050e-01
1.035924406557282434e-01
1.035109593354442137e-01
1.033708911645691564e-01
1.032735454132863162e-01
1.033708911645691564e-01
1.035109593354442276e-01
1.035924406557282434e-01
1.030652667793485050e-01
9.988496667881549551e-02
9.988496667881549551e-02
1.034566196065413446e-01
1.040943646403282852e-01
1.040412577584926557e-01
1.039087149877818556e-01
1.038141251480315663e-01
1.039087149877818556e-01
1.040412577584926557e-01
1.040943646403282852e-01
1.034566196065413446e-01
9.988496667881549551e-02
9.988496667881549551e-02
1.043355422312404052e-01
1.052165585086082683e-01
1.052240638244011789e-01
1.051046988041222374e-01
1.050118433606839208e-01
1.051046988041222374e-01
1.052240638244011928e-01
1.052165585086082683e-01
1.043355422312404052e-01
9.988496667881549551e-02
9.988496667881549551e-02
1.048311070322723026e-01
1.058463335500096497e-01
1.058862701178985427e-01
1.057738677990910509e-01
1.056823692920139113e-01
1.057738677990910509e-01
1.058862701178985427e-01
1.058463335500096497e-01
1.048311070322722888e-01
9.988496667881549551e-02
9.988496667881549551e-02
1.059435223912554430e-01
1.072539095718045704e-01
1.073628874312912984e-01
1.072637155344753762e-01
1.071735304940423933e-01
1.072637155344753762e-01
1.073628874312912984e-01
1.072539095718045704e-01
1.059435223912554430e-01
9.988496667881549551e-02
9.988496667881549551e-02
1.065711444705324806e-01
1.080439042648067144e-01
1.081895574405102034e-01
1.080964242178321377e-01
1.080056206053372075e-01
1.080964242178321377e-01
1.081895574405101895e-01
1.080439042648067144e-01
1.065711444705324806e-01
9.988496667881549551e-02
9.988496667881549551e-02
1.079812170951562761e-01
1.098103602397020317e-01
1.100335224137889284e-01
1.099533142042592171e-01
1.098632433843814704e-01
1.099533142042592171e-01
1.100335224137889284e-01
1.098103602397020179e-01
1.079812170951562761e-01
9.988496667881549551e-02
9.988496667881549551e-02
1.087779480525309789e-01
1.108023365515847652e-01
1.110660675558482191e-01
1.109900939767278771e-01
1.108966006000528248e-01
1.109900939767278771e-01
1.110660675558482191e-01
1.108023365515847652e-01
1.087779480525309789e-01
9.988496667881549551e-02
9.988496667881549551e-02
1.105708140433826203e-01
1.130228078335309277e-01
1.133703054244013658e-01
1.133053972724337860e-01
1.132113601318780333e-01
1.133053972724337860e-01
1.133703054244013658e-01
1.130228078335309277e-01
1.105708140433826203e-01
9.988496667881549551e-02
9.988496667881549551e-02
1.115858959612347628e-01
1.142711638213431413e-01
1.146612225703456112e-01
1.145963971794998898e-01
1.144946573743697016e-01
1.145963971794998898e-01
1.146612225703456112e-01
1.142711638213431413e-01
1.115858959612347628e-01
9.988496667881549551e-02
9.988496667881549551e-02
1.138751539698094062e-01
1.170703932890759386e-01
1.175441411869403707e-01
1.174840088468473709e-01
1.173790872995422313e-01
1.174840088468473709e-01
1.175441411869403707e-01
1.170703932890759386e-01
1.138751539698094062e-01
9.988496667881549551e-02
9.988496667881549551e-02
1.151754731639883372e-01
1.186475241830698690e-01
1.191608336332038443e-01
1.190912305877147026e-01
1.189702566646024529e-01
1.190912305877147026e-01
1.191608336332038443e-01
1.186475241830698690e-01
1.151754731639883372e-01
9.988496667881549551e-02
9.988496667881549551e-02
1.181168861108840284e-01
1.221946207447335148e-01
1.227760417535358195e-01
1.226943309823441686e-01
1.225644785952197807e-01
1.226943309823441686e-01
1.227760417535358195e-01
1.221946207447335148e-01
1.181168861108840284e-01
9.988496667881549551e-02
9.988496667881549551e-02
1.197941628253390983e-01
1.242008874823202769e-01
1.248069796065100212e-01
1.246941934520137962e-01
1.245302829207599743e-01
1.246941934520137962e-01
1.248069796065100212e-01
1.242008874823202769e-01
1.197941628253390983e-01
9.988496667881549551e-02
9.988496667881549551e-02
1.236017253362718810e-01
1.287352668213867513e-01
1.293604396031796944e-01
1.291970675624397047e-01
1.290119704916700971e-01
1.291970675624397047e-01
1.293604396031796944e-01
1.287352668213867513e-01
1.236017253362718671e-01
9.988496667881549551e-02
9.988496667881549551e-02
1.257821008484055203e-01
1.313161752219257628e-01
1.319267173629764811e-01
1.316854522484403323e-01
1.314255506242510418e-01
1.316854522484403323e-01
1.319267173629764811e-01
1.313161752219257628e-01
1.257821008484055203e-01
9.988496667881549551e-02
9.988496667881549551e-02
1.307494303060493523e-01
1.371899366007409138e-01
1.377099687974863151e-01
1.373341865430401376e-01
1.370283859062257081e-01
1.373341865430401376e-01
1.377099687974863151e-01
1.371899366007409138e-01
1.307494303060493523e-01
9.988496667881549551e-02
9.988496667881549551e-02
1.336043221718560825e-01
1.405638007271118040e-01
1.409865066678755441e-01
1.404321278639991677e-01
1.399531276289817383e-01
1.404321278639991677e-01
1.409865066678755441e-01
1.405638007271118040e-01
1.336043221718560825e-01
9.988496667881549551e-02
9.988496667881549551e-02
1.401251261021179417e-01
1.483094145533312702e-01
1.484450727222255406e-01
1.475762973850704152e-01
1.469973846448023314e-01
1.475762973850704152e-01
1.484450727222255129e-01
1.483094145533312702e-01
1.401251261021179140e-01
9.988496667881549551e-02
9.988496667881549551e-02
1.438787516579217718e-01
1.528107241248601034e-01
1.527236615158820421e-01
1.514624649177622462e-01
1.504778796114572548e-01
1.514624649177622462e-01
1.527236615158820421e-01
1.528107241248601034e-01
1.438787516579217718e-01
9.988496667881549551e-02
9.988496667881549551e-02
1.524563411299827143e-01
1.632487326853140353e-01
1.626870113728104694e-01
1.607683342029753437e-01
1.595644654589259137e-01
1.607683342029753437e-01
1.626870113728104694e-01
1.632487326853140075e-01
1.524563411299827143e-01
9.988496667881549551e-02
9.988496667881549551e-02
1.573841692550326521e-01
1.693862421028415055e-01
1.685967399569628100e-01
1.658935847062560642e-01
1.637791237545673240e-01
1.658935847062560642e-01
1.685967399569628100e-01
1.693862421028415055e-01
1.573841692550326521e-01
9.988496667881549551e-02
9.988496667881549551e-02
1.686102297720868948e-01
1.837304321940534946e-01
1.830151944736035652e-01
1.792985946481615023e-01
1.767712900165254175e-01
1.792985946481615023e-01
1.830151944736035652e-01
1.837304321940534946e-01
1.686102297720868948e-01
9.988496667881549551e-02
9.988496667881549551e-02
1.750137900888376619e-01
1.921531285440387926e-01
1.920943355365884730e-01
1.873062783119713026e-01
1.829373693662625922e-01
1.873062783119713026e-01
1.920943355365884730e-01
1.921531285440387926e-01
1.750137900888376619e-01
9.988496667881549551e-02
9.988496667881549551e-02
1.894881725540479567e-01
2.115930230760228181e-01
2.155436964193394866e-01
2.114724790274626898e-01
2.068481095142447879e-01
2.114724790274626898e-01
2.155436964193394866e-01
2.115930230760228181e-01
1.894881725540479567e-01
9.988496667881549551e-02
9.988496667881549551e-02
1.976555692583565338e-01
2.223980522503639090e-01
2.306340624303545583e-01
2.288575377274000566e-01
2.223817057678216524e-01
2.288575377274000566e-01
2.306340624303545583e-01
2.223980522503639090e-01
1.976555692583565338e-01
9.988496667881549551e-02
9.988496667881549551e-02
2.159584322167043269e-01
2.453186740244367170e-01
2.674315104028940904e-01
2.869314237683049384e-01
3.034169963528291492e-01
2.869314237683049384e-01
2.674315104028940904e-01
2.453186740244367170e-01
2.159584322167043269e-01
9.988496667881549551e-02
2.262648653507894347e-01
2.262765197864964883e-01
2.557759157641240066e-01
2.813651709047902405e-01
3.024346019078155701e-01
3.162669770504387134e-01
3.024346019078155701e-01
2.813651709047902405e-01
2.557759157641240066e-01
2.262765197864964883e-01
2.262648653507894347e-01
2.447008663054029975e-01
2.447073986744419116e-01
2.736942538945074110e-01
3.005192581674577257e-01
3.207728684634814087e-01
3.340412716367912593e-01
3.207728684634814087e-01
3.005192581674577257e-01
2.736942538945074110e-01
2.447073986744419116e-01
2.447008663054029975e-01
2.528328942315273276e-01
2.528399028165911888e-01
2.809413925953481717e-01
3.065303298828375711e-01
3.238874171608389085e-01
3.332979686405673769e-01
3.238874171608389085e-01
3.065303298828375156e-01
2.809413925953481717e-01
2.528399028165911888e-01
2.528328942315273276e-01
2.669925871621594560e-01
2.669975592333410086e-01
2.922359570786052796e-01
3.138979508021596532e-01
3.279559631648710227e-01
3.364111907597518991e-01
3.279559631648710227e-01
3.138979508021595977e-01
2.922359570786052796e-01
2.669975592333410086e-01
2.669925871621594005e-01
2.731248433747268112e-01
2.731308048856520565e-01
2.966392303545917208e-01
3.159594877738623464e-01
3.273592299049989385e-01
3.329724952318925402e-01
3.273592299049989385e-01
3.159594877738623464e-01
2.966392303545917208e-01
2.731308048856520565e-01
2.731248433747268112e-01
2.836275532516808751e-01
2.836305641295152613e-01
3.033781177214454616e-01
3.184387109128518079e-01
3.271581071219626380e-01
3.320758221796339948e-01
3.271581071219626380e-01
3.184387109128518079e-01
3.033781177214454616e-01
2.836305641295152613e-01
2.836275532516808751e-01
2.881356337369775922e-01
2.881386749954834570e-01
3.060482557075577259e-01
3.191292055995018084e-01
3.261029378807338008e-01
3.293244796221939663e-01
3.261029378807338008e-01
3.191292055995018084e-01
3.060482557075576704e-01
2.881386749954834570e-01
2.881356337369775922e-01
2.958044060966886213e-01
2.958066730102875685e-01
3.102853936517910305e-01
3.202148284400003764e-01
3.254979345557443837e-01
3.283087022467855443e-01
3.254979345557443837e-01
3.202148284400003764e-01
3.102853936517910305e-01
2.958066730102875685e-01
2.958044060966886213e-01
2.990937578555109555e-01
2.990964618175771528e-01
3.120505366283273241e-01
3.206507692933479037e-01
3.249631973277338770e-01
3.269154879390000490e-01
3.249631973277338770e-01
3.206507692933479037e-01
3.120505366283273241e-01
2.990964618175771528e-01
2.990937578555109555e-01
3.046992365419165516e-01
3.047006633921846563e-01
3.150259590848272229e-01
3.216275429977594746e-01
3.249896006501739043e-01
3.267085941563165896e-01
3.249896006501739043e-01
3.216275429977594746e-01
3.150259590848272229e-01
3.047006633921846563e-01
3.046992365419165516e-01
3.071130082409750939e-01
3.071146214232863270e-01
3.163288129005891736e-01
3.221275984583709118e-01
3.250010833270663979e-01
3.263406270066168124e-01
3.250010833270663979e-01
3.221275984583709118e-01
3.163288129005891736e-01
3.071146214232863270e-01
3.071130082409750939e-01
3.112475026461423711e-01
3.112487729070305131e-01
3.186278551403514125e-01
3.232370274487342821e-01
3.255947290919561921e-01
3.267946501128070613e-01
3.255947290919561921e-01
3.232370274487342821e-01
3.186278551403514125e-01
3.112487729070305131e-01
3.112475026461423711e-01
3.130373462710006049e-01
3.130388991173184698e-01
3.196593492667394454e-01
3.237958633392301055e-01
3.259086253711206971e-01
3.269460908637072394e-01
3.259086253711206971e-01
3.237958633392301055e-01
3.196593492667394454e-01
3.130388991173184698e-01
3.130373462710006049e-01
3.161207196125410124e-01
3.161219623915050847e-01
3.215081398601730700e-01
3.249257504366139249e-01
3.267411573060163277e-01
3.276889244522995237e-01
3.267411573060163277e-01
3.249257504366139249e-01
3.215081398601730700e-01
3.161219623915050847e-01
3.161207196125410124e-01
3.174606789941862295e-01
3.174621408830148872e-01
3.223368658832532763e-01
3.254589855342636673e-01
3.271273336122957898e-01
3.279799894436313812e-01
3.271273336122957898e-01
3.254589855342636673e-01
3.223368658832532763e-01
3.174621408830148872e-01
3.174606789941862295e-01
3.197767020110510172e-01
3.197780219984763250e-01
3.238117798184076968e-01
3.264575209495200747e-01
3.279247434351366675e-01
3.287164938086347132e-01
3.279247434351366675e-01
3.264575209495200747e-01
3.238117798184076968e-01
3.197780219984763250e-01
3.197767020110510172e-01
3.207845230775649981e-01
3.207859403406352339e-01
3.244637496245806885e-01
3.268998406272559665e-01
3.282484861248449737e-01
3.289490598649590369e-01
3.282484861248449737e-01
3.268998406272559665e-01
3.244637496245806885e-01
3.207859403406352339e-01
3.207845230775649981e-01
3.225271092538589124e-01
3.225285632585568885e-01
3.256045821090632897e-01
3.276824393996035645e-01
3.288693558444223952e-01
3.295257611281383059e-01
3.288693558444223952e-01
3.276824393996035645e-01
3.256045821090632897e-01
3.225285632585568885e-01
3.225271092538589124e-01
3.232847780015737360e-01
3.232861026395846826e-01
3.261002441410218999e-01
3.280107561980469821e-01
3.290860447222710983e-01
3.296429482470261685e-01
3.290860447222710983e-01
3.280107561980469821e-01
3.261002441410218999e-01
3.232861026395846826e-01
3.232847780015737360e-01
3.245923130309785187e-01
3.245933814334897582e-01
3.269519198853150233e-01
3.285691956222958621e-01
3.295041937688361067e-01
3.300275420785760416e-01
3.295041937688361067e-01
3.285691956222958621e-01
3.269519198853150233e-01
3.245933814334897582e-01
3.245923130309785187e-01
3.251590648442189702e-01
3.251600635862459954e-01
3.273165761711978039e-01
3.287936830469093130e-01
3.296251851574354408e-01
3.300500918649169613e-01
3.296251851574354408e-01
3.287936830469093130e-01
3.273165761711978039e-01
3.251600635862459954e-01
3.251590648442189702e-01
3.261336488641866094e-01
3.261344784249500250e-01
3.279345261510594467e-01
3.291675350398505784e-01
3.298787719209952396e-01
3.302772626346291429e-01
3.298787719209952396e-01
3.291675350398505784e-01
3.279345261510594467e-01
3.261344784249500250e-01
3.261336488641866094e-01
3.265547531334760389e-01
3.265555108122024097e-01
3.281969595074238355e-01
3.293140769422743253e-01
3.299367616162066086e-01
3.302499863390164769e-01
3.299367616162066086e-01
3.293140769422743253e-01
3.281969595074238355e-01
3.265555108122024097e-01
3.265547531334760389e-01
3.272764060043010792e-01
3.272770120445544495e-01
3.286388197843438386e-01
3.295582870161565259e-01
3.300829334136198834e-01
3.303747296110069454e-01
3.300829334136198834e-01
3.295582870161565259e-01
3.286388197843438386e-01
3.272770120445544495e-01
3.272764060043010792e-01
3.275873379921098727e-01
3.275879293970780926e-01
3.288262642440308858e-01
3.296539939091603366e-01
3.301092859454926032e-01
3.303355791699151278e-01
3.301092859454926032e-01
3.296539939091603366e-01
3.288262642440308858e-01
3.275879293970780926e-01
3.275873379921098727e-01
3.281187475768085338e-01
3.281192557962284706e-01
3.291422294616866417e-01
3.298171590751600157e-01
3.301973011904794642e-01
3.304061902562011599e-01
3.301973011904794642e-01
3.298171590751600157e-01
3.291422294616866417e-01
3.281192557962284706e-01
3.281187475768085338e-01
3.283472766121559583e-01
3.283478254800219487e-01
3.292769403167029596e-01
3.298827610098130081e-01
3.302127891029200679e-01
3.303763552676401982e-01
3.302127891029200679e-01
3.298827610098130081e-01
3.292769403167029596e-01
3.283478254800219487e-01
3.283472766121559583e-01
3.287372394050082081e-01
3.287377680614360087e-01
3.295054813400359883e-01
3.299982289404713165e-01
3.302733784211337453e-01
3.304226840513955765e-01
3.302733784211337453e-01
3.299982289404713165e-01
3.295054813400359883e-01
3.287377680614360087e-01
3.287372394050082081e-01
3.289047722813108199e-01
3.289053681404889296e-01
3.296036520284370552e-01
3.300463847175887921e-01
3.302873139084380183e-01
3.304076345521513858e-01
3.302873139084380183e-01
3.300463847175887921e-01
3.296036520284370552e-01
3.289053681404889296e-01
3.289047722813108199e-01
3.291904293240662804e-01
3.291910072559491307e-01
3.297714507786877469e-01
3.301331875732557708e-01
3.303351356906539249e-01
3.304436932413698513e-01
3.303351356906539249e-01
3.301331875732557708e-01
3.297714507786877469e-01
3.291910072559491307e-01
3.291904293240662804e-01
3.293130085335360668e-01
3.293136981796519480e-01
3.298440271568308657e-01
3.301705214028615720e-01
3.303497540522714604e-01
3.304406482303473003e-01
3.303497540522714604e-01
3.301705214028615720e-01
3.298440271568308657e-01
3.293136981796519480e-01
3.293130085335360668e-01
3.295218380462818231e-01
3.295226046619257887e-01
3.299688476955708882e-01
3.302384577288300926e-01
3.303903270249605728e-01
3.304716523888532320e-01
3.303903270249605728e-01
3.302384577288300926e-01
3.299688476955708882e-01
3.295226046619257887e-01
3.295218380462818231e-01
3.296114153240373712e-01
3.296122686184331796e-01
3.300231009325826359e-01
3.302681805398923198e-01
3.304050192522551832e-01
3.304757167359481662e-01
3.304050192522551832e-01
3.302681805398923198e-01
3.300231009325826359e-01
3.296122686184331796e-01
3.296114153240373712e-01
3.297638690157208008e-01
3.297648402919981514e-01
3.301166938959194108e-01
3.303220934344652249e-01
3.304398185521684184e-01
3.305029861599281249e-01
3.304398185521684184e-01
3.303220934344652249e-01
3.301166938959194108e-01
3.297648402919981514e-01
3.297638690157208008e-01
3.298291834395317146e-01
3.298302862244258393e-01
3.301574137490047023e-01
3.303457070942849017e-01
3.304532348682169274e-01
3.305097935972495793e-01
3.304532348682169274e-01
3.303457070942849017e-01
3.301574137490047023e-01
3.298302862244258393e-01
3.298291834395317146e-01
3.299402929336662238e-01
3.299414897615743913e-01
3.302275981750991130e-01
3.303880713942033420e-01
3.304821714403159416e-01
3.305329379935051382e-01
3.304821714403159416e-01
3.303880713942033420e-01
3.302275981750991130e-01
3.299414897615743913e-01
3.299402929336662238e-01
3.299878120410579263e-01
3.299891510262445982e-01
3.302580883803425960e-01
3.304064557278213465e-01
3.304933611326764664e-01
3.305398000001134040e-01
3.304933611326764664e-01
3.304064557278213465e-01
3.302580883803425960e-01
3.299891510262445982e-01
3.299878120410579263e-01
3.300685568493892941e-01
3.300699824583860353e-01
3.303104569653519951e-01
3.304389971220948463e-01
3.305162331174346102e-01
3.305580976299780649e-01
3.305162331174346102e-01
3.304389971220948463e-01
3.303104569653519951e-01
3.300699824583860353e-01
3.300685568493892941e-01
3.301030302000484418e-01
3.301045648040554226e-01
3.303331714003132635e-01
3.304529864388491278e-01
3.305249923243390731e-01
3.305640211975668374e-01
3.305249923243390731e-01
3.304529864388491278e-01
3.303331714003132635e-01
3.301045648040554226e-01
3.301030302000484418e-01
3.301614644282380162e-01
3.301630689730246648e-01
3.303720484715315098e-01
3.304775313172512163e-01
3.305423640190937595e-01
3.305775259305406832e-01
3.305423640190937595e-01
3.304775313172512163e-01
3.303720484715315098e-01
3.301630689730246648e-01
3.301614644282380162e-01
3.301863264535117581e-01
3.301880385506267279e-01
3.303889241916815878e-01
3.304881050473940651e-01
3.305492013100441717e-01
3.305827962193843006e-01
3.305492013100441717e-01
3.304881050473940651e-01
3.303889241916815878e-01
3.301880385506267279e-01
3.301863264535117581e-01
3.302283440404155668e-01
3.302301130108810656e-01
3.304178249123815303e-01
3.305067006782880790e-01
3.305624674255167594e-01
3.305925866706803107e-01
3.305624674255167594e-01
3.305067006782880790e-01
3.304178249123815303e-01
3.302301130108810656e-01
3.302283440404155668e-01
3.302461445983568278e-01
3.302480085407771271e-01
3.304304251861980291e-01
3.305148433905524263e-01
3.305682173921463685e-01
3.305980726080781640e-01
3.305682173921463685e-01
3.305148433905524263e-01
3.304304251861980291e-01
3.302480085407771271e-01
3.302461445983568278e-01
3.302760869986934855e-01
3.302779940529977365e-01
3.304520507003629315e-01
3.305292328839402605e-01
3.305788182999963576e-01
3.306054809155809515e-01
3.305788182999963576e-01
3.305292328839402605e-01
3.304520507003629315e-01
3.302779940529977365e-01
3.302760869986934855e-01
3.302886724237162341e-01
3.302906802283520626e-01
3.304615221819552917e-01
3.305356196486829434e-01
3.305839434800883492e-01
3.306116037680894570e-01
3.305839434800883492e-01
3.305356196486829434e-01
3.304615221819552917e-01
3.302906802283520626e-01
3.302886724237162341e-01
3.303096923626237524e-01
3.303117310702247122e-01
3.304777500723740657e-01
3.305467284257727067e-01
3.305920847001313501e-01
3.306163279430714974e-01
3.305920847001313501e-01
3.305467284257727067e-01
3.304777500723740657e-01
3.303117310702247122e-01
3.303096923626238079e-01
3.303184192904855543e-01
3.303205706470436764e-01
3.304849125641158292e-01
3.305517626035175960e-01
3.305966290465668922e-01
3.306228720764158857e-01
3.305966290465668922e-01
3.305517626035175960e-01
3.304849125641158292e-01
3.303205706470436764e-01
3.303184192904855543e-01
3.303328475330730707e-01
3.303350434161916316e-01
3.304972138661853021e-01
3.305604149220723320e-01
3.306026109589649820e-01
3.306248881104311144e-01
3.306026109589649820e-01
3.305604149220723320e-01
3.304972138661853021e-01
3.303350434161916316e-01
3.303328475330730707e-01
3.303387636636742064e-01
3.303410586021408024e-01
3.305027348345950799e-01
3.305645899633963825e-01
3.306070020255960085e-01
3.306321511805563884e-01
3.306070020255960085e-01
3.305645899633963825e-01
3.305027348345950799e-01
3.303410586021408024e-01
3.303387636636742064e-01
3.303484117416632393e-01
3.303507431946931527e-01
3.305123187670229168e-01
3.305719613884853803e-01
3.306125912212571905e-01
3.306339544209421777e-01
3.306125912212571905e-01
3.305719613884853803e-01
3.305123187670229168e-01
3.303507431946931527e-01
3.303484117416632393e-01
3.303522722696539127e-01
3.303547160955430662e-01
3.305166768288371748e-01
3.305756109002210286e-01
3.306171664028361712e-01
3.306422342266499559e-01
3.306171664028361712e-01
3.305756109002210286e-01
3.305166768288371748e-01
3.303547160955430662e-01
3.303522722696539127e-01
3.303584581322885905e-01
3.303609280286449734e-01
3.305242345100020129e-01
3.305817822587637789e-01
3.306221327199970195e-01
3.306435647083778573e-01
3.306221327199970195e-01
3.305817822587637789e-01
3.305242345100020129e-01
3.303609280286449734e-01
3.303584581322885905e-01
3.303608446237514817e-01
3.303634484374068370e-01
3.305277004293126208e-01
3.305846916889677578e-01
3.306260516154153617e-01
3.306514770648404378e-01
3.306260516154153617e-01
3.305846916889677578e-01
3.305277004293126208e-01
3.303634484374068370e-01
3.303608446237514817e-01
3.303646232693960849e-01
3.303672621508936258e-01
3.305337262248241870e-01
3.305883083968548242e-01
3.306284903841289480e-01
3.306495367801667307e-01
3.306284903841289480e-01
3.305883083968548242e-01
3.305337262248241870e-01
3.303672621508936258e-01
3.303646232693960849e-01
3.303660621048232215e-01
3.303688110574018455e-01
3.305353057094212454e-01
3.305900018480757430e-01
3.306305327478652467e-01
3.306556545961588656e-01
3.306305327478652467e-01
3.305900018480757430e-01
3.305353057094212454e-01
3.303688110574018455e-01
3.303660621048232215e-01
3.303683485831027111e-01
3.303707924774567095e-01
3.305376035156002978e-01
3.305943303918983389e-01
3.306307726803706104e-01
3.306518586235382973e-01
3.306307726803706104e-01
3.305943303918983389e-01
3.305376035156002978e-01
3.303707924774567095e-01
3.303683485831027111e-01
3.303687834313275840e-01
3.303715509171736286e-01
3.305391129869776345e-01
3.305973970739998213e-01
3.306357326569474564e-01
3.306585053818746900e-01
3.306357326569474564e-01
3.305973970739998213e-01
3.305391129869776345e-01
3.303715509171736286e-01
3.303687834313275840e-01
3.303692642338482699e-01
3.303718149542488880e-01
3.305410748121884734e-01
3.306054987486066743e-01
3.306470297436367445e-01
3.306666329662930615e-01
3.306470297436367445e-01
3.306054987486066743e-01
3.305410748121884734e-01
3.303718149542488880e-01
3.303692642338482699e-01
3.303689607373039294e-01
3.303717338276959126e-01
3.305427063096376683e-01
3.306102115583253731e-01
3.306532281032809051e-01
3.306786926076870636e-01
3.306532281032809051e-01
3.306102115583253731e-01
3.305427063096376683e-01
3.303717338276959126e-01
3.303689607373039294e-01
3.303679101152197095e-01
3.303704655906469223e-01
3.305445791600614691e-01
3.306135751898968134e-01
3.306622962761897044e-01
3.306961382126128446e-01
3.306622962761897044e-01
3.306135751898968134e-01
3.305445791600614691e-01
3.303704655906469223e-01
3.303679101152197095e-01
3.303666763332885892e-01
3.303696071385245348e-01
3.305466817142697078e-01
3.306140016067995457e-01
3.306688470090564103e-01
3.307035331084172136e-01
3.306688470090564103e-01
3.306140016067995457e-01
3.305466817142697078e-01
3.303696071385245348e-01
3.303666763332885892e-01
3.303638165923905023e-01
3.303666763332885892e-01
3.305490203359830459e-01
3.306074063690064291e-01
3.306781729297721961e-01
3.307112674798132756e-01
3.306781729297721961e-01
3.306074063690064291e-01
3.305490203359830459e-01
3.303666763332885892e-01
3.303638165923905023e-01
