2.321416606944972094e-01
2.321447069175097688e-01
2.322915134543857008e-01
2.322996584492224015e-01
2.322898942967435987e-01
2.322748636954713453e-01
2.322898942967435987e-01
2.322996584492224015e-01
2.322915134543857008e-01
2.321447069175097688e-01
2.321416606944972094e-01
2.321447069175097688e-01
2.321472390968176702e-01
2.322869435761335533e-01
2.322951956684062014e-01
2.322909365658931691e-01
2.322724581011122447e-01
2.322909365658931691e-01
2.322951956684062014e-01
2.322869435761335533e-01
2.321472390968176702e-01
2.321447069175097688e-01
2.321466142432845048e-01
2.321490584863135087e-01
2.322867316974578933e-01
2.322976355663521342e-01
2.322904121191974314e-01
2.322772228266704875e-01
2.322904121191974314e-01
2.322976355663521342e-01
2.322867316974578933e-01
2.321490584863135087e-01
2.321466142432845048e-01
2.321511749234118349e-01
2.321535787932310912e-01
2.322866700593924916e-01
2.323077506285381733e-01
2.322958306319442001e-01
2.322912027591703121e-01
2.322958306319442001e-01
2.323077506285381733e-01
2.322866700593924916e-01
2.321535787932310912e-01
2.321511749234118349e-01
2.321538349024614145e-01
2.321562702195474892e-01
2.322886730291432167e-01
2.323144924338781392e-01
2.323049913075429518e-01
2.323015752030273273e-01
2.323049913075429518e-01
2.323144924338781392e-01
2.322886730291432167e-01
2.321562702195474892e-01
2.321538349024613868e-01
2.321600738435173339e-01
2.321622788486532030e-01
2.322927336674890375e-01
2.323191013072158084e-01
2.323172729914569079e-01
2.323114527832739196e-01
2.323172729914569079e-01
2.323191013072158084e-01
2.322927336674890375e-01
2.321622788486531752e-01
2.321600738435173339e-01
2.321632818939402820e-01
2.321655745240332192e-01
2.322957685544802253e-01
2.323224326231972947e-01
2.323262994269562343e-01
2.323190446998947556e-01
2.323262994269562343e-01
2.323224326231972947e-01
2.322957685544802253e-01
2.321655745240332192e-01
2.321632818939402820e-01
2.321701609588361914e-01
2.321725199648534133e-01
2.323031598917202345e-01
2.323334424659222741e-01
2.323357613624556506e-01
2.323293923809359174e-01
2.323357613624556506e-01
2.323334424659222741e-01
2.323031598917202345e-01
2.321725199648534133e-01
2.321701609588361914e-01
2.321739544064482519e-01
2.321759453869219614e-01
2.323055561076831643e-01
2.323386632866356605e-01
2.323412584605215048e-01
2.323372124856387111e-01
2.323412584605215048e-01
2.323386632866356605e-01
2.323055561076831643e-01
2.321759453869219614e-01
2.321739544064482519e-01
2.321809989357906390e-01
2.321833788348978966e-01
2.323149004831358555e-01
2.323487735707468194e-01
2.323510708455081841e-01
2.323450532495164589e-01
2.323510708455081841e-01
2.323487735707468194e-01
2.323149004831358555e-01
2.321833788348978966e-01
2.321809989357906390e-01
2.321848219431001670e-01
2.321866976738550248e-01
2.323194296516842283e-01
2.323539709196959790e-01
2.323566233719008556e-01
2.323521351009068536e-01
2.323566233719008556e-01
2.323539709196959790e-01
2.323194296516842283e-01
2.321866976738550248e-01
2.321848219431001670e-01
2.321914812826938734e-01
2.321937921673626337e-01
2.323289971457087044e-01
2.323635668040150426e-01
2.323658768344100123e-01
2.323603582233995379e-01
2.323658768344100123e-01
2.323635668040150426e-01
2.323289971457087044e-01
2.321937921673626337e-01
2.321914812826938734e-01
2.321948578699161991e-01
2.321972045702542509e-01
2.323340933354429150e-01
2.323682669349859675e-01
2.323714542686413642e-01
2.323670712663842286e-01
2.323714542686413642e-01
2.323682669349859675e-01
2.323340933354429150e-01
2.321972045702542509e-01
2.321948578699161714e-01
2.322017582547548087e-01
2.322041079674767305e-01
2.323425276464951839e-01
2.323773984955812555e-01
2.323800739895813261e-01
2.323745222427226753e-01
2.323800739895813261e-01
2.323773984955812555e-01
2.323425276464951839e-01
2.322041079674767305e-01
2.322017582547548087e-01
2.322052395428702010e-01
2.322076413202868173e-01
2.323467316208026601e-01
2.323819632188385831e-01
2.323853079828820944e-01
2.323810321427441650e-01
2.323853079828820944e-01
2.323819632188385831e-01
2.323467316208026601e-01
2.322076413202868173e-01
2.322052395428702010e-01
2.322123770063670434e-01
2.322147625197592546e-01
2.323551330902371981e-01
2.323907324072935765e-01
2.323936536353793936e-01
2.323881697829502102e-01
2.323936536353793936e-01
2.323907324072935765e-01
2.323551330902371981e-01
2.322147625197592546e-01
2.322123770063670434e-01
2.322159708153447299e-01
2.322184160693891164e-01
2.323593492587834042e-01
2.323952393024078522e-01
2.323987642620526095e-01
2.323945193169366652e-01
2.323987642620526095e-01
2.323952393024078522e-01
2.323593492587834042e-01
2.322184160693891164e-01
2.322159708153447299e-01
2.322233512449096704e-01
2.322257822894953083e-01
2.323678578682667195e-01
2.324039561906967588e-01
2.324069656610898982e-01
2.324014505815654164e-01
2.324069656610898982e-01
2.324039561906967588e-01
2.323678578682667195e-01
2.322257822894953083e-01
2.322233512449096704e-01
2.322270816240922520e-01
2.322295521627358583e-01
2.323721465235228378e-01
2.324084900579723723e-01
2.324120359232992594e-01
2.324077216622469355e-01
2.324120359232992594e-01
2.324084900579723723e-01
2.323721465235228378e-01
2.322295521627358583e-01
2.322270816240922520e-01
2.322347053644462367e-01
2.322371774096917418e-01
2.323808701986796177e-01
2.324173560597654620e-01
2.324203227696461926e-01
2.324146974571721369e-01
2.324203227696461926e-01
2.324173560597654342e-01
2.323808701986796177e-01
2.322371774096917418e-01
2.322347053644462367e-01
2.322385649320783951e-01
2.322410648537557853e-01
2.323852942486098194e-01
2.324220120943219503e-01
2.324255264981714975e-01
2.324210796858816597e-01
2.324255264981714975e-01
2.324220120943219503e-01
2.323852942486098194e-01
2.322410648537557853e-01
2.322385649320783951e-01
2.322464237892254979e-01
2.322489090936357137e-01
2.323943169142664855e-01
2.324312682865863899e-01
2.324342345672383847e-01
2.324284891316482360e-01
2.324342345672383847e-01
2.324312682865863899e-01
2.323943169142664855e-01
2.322489090936357137e-01
2.322464237892254979e-01
2.322503586568260003e-01
2.322528837704253557e-01
2.323988863190399601e-01
2.324361670672891178e-01
2.324397887137619745e-01
2.324353448345788109e-01
2.324397887137619745e-01
2.324361670672891178e-01
2.323988863190399601e-01
2.322528837704253557e-01
2.322503586568260003e-01
2.322583098127315171e-01
2.322608027760058591e-01
2.324081810996981301e-01
2.324459360698478694e-01
2.324491799536445025e-01
2.324434157597119188e-01
2.324491799536445025e-01
2.324459360698478694e-01
2.324081810996981301e-01
2.322608027760058591e-01
2.322583098127315171e-01
2.322622251213857791e-01
2.322647500577677271e-01
2.324128166274656015e-01
2.324511179009013662e-01
2.324552484853726342e-01
2.324511386597951368e-01
2.324552484853726342e-01
2.324511179009013662e-01
2.324128166274656015e-01
2.322647500577677271e-01
2.322622251213857791e-01
2.322699708488703274e-01
2.322724936577957033e-01
2.324220819960871875e-01
2.324612233856562793e-01
2.324652426951091533e-01
2.324597595537863937e-01
2.324652426951091533e-01
2.324612233856562793e-01
2.324220819960871875e-01
2.322724936577957033e-01
2.322699708488703274e-01
2.322737407537024679e-01
2.322762689059157948e-01
2.324265694802447046e-01
2.324664278511371918e-01
2.324716922993632362e-01
2.324683609033466047e-01
2.324716922993632362e-01
2.324664278511371918e-01
2.324265694802447046e-01
2.322762689059157948e-01
2.322737407537024679e-01
2.322810309393200101e-01
2.322835973386568886e-01
2.324351246329520726e-01
2.324759893657621368e-01
2.324812374967748785e-01
2.324763791371657340e-01
2.324812374967748785e-01
2.324759893657621368e-01
2.324351246329520726e-01
2.322835973386568886e-01
2.322810309393200101e-01
2.322845673401629785e-01
2.322871141493014768e-01
2.324390859693009070e-01
2.324805315298268948e-01
2.324872811857652266e-01
2.324849796308539607e-01
2.324872811857652266e-01
2.324805315298268948e-01
2.324390859693009070e-01
2.322871141493014768e-01
2.322845673401629785e-01
2.322913325218035063e-01
2.322938737982412072e-01
2.324460497910686985e-01
2.324878611936289363e-01
2.324941803824625564e-01
2.324900185673504927e-01
2.324941803824625564e-01
2.324878611936289363e-01
2.324460497910686985e-01
2.322938737982412072e-01
2.322913325218035063e-01
2.322945515389139848e-01
2.322970927633256355e-01
2.324490201175792026e-01
2.324908099498385339e-01
2.324983422714191894e-01
2.324966783608411469e-01
2.324983422714191894e-01
2.324908099498385339e-01
2.324490201175792026e-01
2.322970927633256355e-01
2.322945515389139848e-01
2.323006884060097865e-01
2.323031721919688597e-01
2.324537110046808741e-01
2.324940309246512349e-01
2.324999724673032508e-01
2.324959450565421137e-01
2.324999724673032508e-01
2.324940309246512349e-01
2.324537110046808741e-01
2.323031721919688597e-01
2.323006884060097865e-01
2.323035810460356843e-01
2.323060796884748591e-01
2.324554718022863453e-01
2.324946425930164429e-01
2.325006175484050641e-01
2.324980727818685700e-01
2.325006175484050641e-01
2.324946425930164429e-01
2.324554718022863453e-01
2.323060796884748314e-01
2.323035810460356843e-01
2.323091552280358019e-01
2.323116644469523095e-01
2.324580789259902969e-01
2.324930163883612844e-01
2.324954478122121249e-01
2.324898587905512570e-01
2.324954478122121249e-01
2.324930163883612844e-01
2.324580789259902969e-01
2.323116644469523095e-01
2.323091552280358019e-01
2.323119863316424061e-01
2.323144185124071948e-01
2.324592127264554497e-01
2.324915126502752893e-01
2.324920101728013000e-01
2.324856765746411980e-01
2.324920101728013000e-01
2.324915126502752893e-01
2.324592127264554497e-01
2.323144185124071948e-01
2.323119863316424061e-01
2.323176456927341926e-01
2.323200926387300191e-01
2.324618104692415532e-01
2.324875143836431235e-01
2.324823574939957616e-01
2.324724801046183509e-01
2.324823574939957616e-01
2.324875143836430957e-01
2.324618104692415532e-01
2.323200926387300191e-01
2.323176456927341926e-01
2.323206428706413307e-01
2.323230674537914708e-01
2.324639389206770712e-01
2.324862205471112941e-01
2.324772883452115302e-01
2.324640000668078965e-01
2.324772883452115302e-01
2.324862205471112941e-01
2.324639389206770712e-01
2.323230674537914708e-01
2.323206428706413307e-01
2.323270017634518625e-01
2.323294412652844865e-01
2.324707890262963095e-01
2.324872617460224666e-01
2.324723087304478575e-01
2.324558817793074827e-01
2.324723087304478575e-01
2.324872617460224666e-01
2.324707890262963095e-01
2.323294412652844865e-01
2.323270017634518625e-01
2.323304064307807060e-01
2.323330524547974896e-01
2.324764013802874674e-01
2.324912058437214879e-01
2.324726127782436313e-01
2.324519227061495608e-01
2.324726127782436313e-01
2.324912058437214879e-01
2.324764013802874674e-01
2.323330524547974896e-01
2.323304064307807060e-01
2.323381658575771058e-01
2.323408701159358769e-01
2.324930370918334988e-01
2.325089801371523768e-01
2.324882322932815826e-01
2.324660350003031339e-01
2.324882322932815826e-01
2.325089801371523768e-01
2.324930370918334988e-01
2.323408701159358769e-01
2.323381658575771058e-01
2.323423081791966271e-01
2.323453697582489874e-01
2.325044770039818021e-01
2.325245537447839239e-01
2.325047285618179194e-01
2.324824186799679671e-01
2.325047285618178916e-01
2.325245537447839239e-01
2.325044770039818021e-01
2.323453697582489874e-01
2.323423081791966271e-01
2.323516839583776306e-01
2.323548360628743537e-01
2.325340105896136766e-01
2.325698688279886905e-01
2.325575734082843404e-01
2.325364983587966672e-01
2.325575734082843404e-01
2.325698688279886905e-01
2.325340105896136766e-01
2.323548360628743814e-01
2.323516839583776306e-01
2.323563265497578245e-01
2.323597718815289814e-01
2.325510336115865218e-01
2.326005279758730504e-01
2.325998182516691715e-01
2.325903413577008749e-01
2.325998182516691715e-01
2.326005279758730504e-01
2.325510336115865218e-01
2.323597718815289814e-01
2.323563265497578245e-01
2.323655266931642094e-01
2.323690936872105650e-01
2.325878017732398439e-01
2.326718935090058005e-01
2.326924623236867606e-01
2.326868246056122969e-01
2.326924623236867606e-01
2.326718935090057727e-01
2.325878017732398439e-01
2.323690936872105650e-01
2.323655266931642094e-01
2.323692707234390198e-01
2.323729000020537117e-01
2.326043856433683554e-01
2.327111132583975228e-01
2.327579958820360784e-01
2.327822422704979854e-01
2.327579958820360784e-01
2.327111132583975228e-01
2.326043856433683554e-01
2.323729000020537117e-01
2.323692707234390198e-01
2.323743205799343459e-01
2.323779384796449965e-01
2.326284688330130523e-01
2.327796837618578973e-01
2.328580838836152578e-01
2.328859865520810368e-01
2.328580838836152578e-01
2.327796837618578973e-01
2.326284688330130523e-01
2.323779384796449965e-01
2.323743205799343459e-01
2.323749000895380667e-01
2.323786274299828869e-01
2.326309322468264051e-01
2.328041874069933237e-01
2.329189263578697877e-01
2.329933324766880198e-01
2.329189263578697877e-01
2.328041874069933237e-01
2.326309322468264051e-01
2.323786274299828869e-01
2.323749000895380667e-01
2.323723752755211813e-01
2.323759024599530987e-01
2.326091144808173916e-01
2.328054496550080177e-01
2.329437952231832587e-01
2.330150114342646461e-01
2.329437952231832587e-01
2.328054496550080177e-01
2.326091144808173916e-01
2.323759024599530987e-01
2.323723752755211813e-01
2.323696544451741841e-01
2.323732708273528735e-01
2.325802912354189289e-01
2.327756002136841529e-01
2.329395263937992233e-01
2.330544814796634001e-01
2.329395263937992233e-01
2.327756002136841529e-01
2.325802912354189289e-01
2.323732708273528735e-01
2.323696544451741841e-01
2.323635008068757335e-01
2.323668649920447027e-01
2.324823348317496263e-01
2.326252659445344484e-01
2.327678595160128094e-01
2.328616742256906791e-01
2.327678595160128094e-01
2.326252659445344484e-01
2.324823348317496263e-01
2.323668649920447027e-01
2.323635008068757613e-01
2.323630439292918848e-01
2.323658745161680528e-01
2.324143509775364880e-01
2.325019568842001949e-01
2.326213019634954804e-01
2.327140026993733124e-01
2.326213019634954804e-01
2.325019568842001949e-01
2.324143509775364880e-01
2.323658745161680528e-01
2.323630439292918848e-01
2.323706827523648322e-01
2.323735204927546427e-01
2.322468442939582545e-01
2.321521129750045154e-01
2.321594191660285300e-01
2.322018511649772687e-01
2.321594191660285300e-01
2.321521129750045154e-01
2.322468442939582545e-01
2.323735204927546427e-01
2.323706827523648322e-01
2.323852592066424361e-01
2.323873890559022548e-01
2.321613898080097105e-01
2.319361999965855459e-01
2.318297871717360792e-01
2.317723060267160295e-01
2.318297871717360792e-01
2.319361999965855459e-01
2.321613898080097105e-01
2.323873890559022548e-01
2.323852592066424361e-01
2.324411703698384124e-01
2.324451531451348640e-01
2.320121529555572160e-01
2.314726994229510670e-01
2.311417440565693426e-01
2.310025744495702582e-01
2.311417440565693426e-01
2.314726994229510670e-01
2.320121529555572160e-01
2.324451531451348640e-01
2.324411703698384124e-01
2.324930946053841707e-01
2.324984733992174479e-01
2.319797564292764847e-01
2.312606395339076581e-01
2.307165180009338457e-01
2.303499923845015451e-01
2.307165180009338457e-01
2.312606395339076581e-01
2.319797564292764847e-01
2.324984733992174479e-01
2.324930946053841707e-01
2.326554467908651114e-01
2.326615769841160197e-01
2.320433059407175369e-01
2.310083646738345098e-01
2.301871685179961990e-01
2.297291133797971507e-01
2.301871685179961990e-01
2.310083646738345098e-01
2.320433059407175369e-01
2.326615769841160197e-01
2.326554467908651114e-01
2.327707260079153462e-01
2.327779409466947946e-01
2.321791716340120826e-01
2.310344926169807800e-01
2.299841597902297086e-01
2.292361225915786060e-01
2.299841597902297086e-01
2.310344926169807800e-01
2.321791716340120826e-01
2.327779409466947946e-01
2.327707260079153462e-01
2.330708956182644676e-01
2.330798163328385852e-01
2.326973375271073896e-01
2.315785760984675479e-01
2.304121910411167096e-01
2.296259905596810813e-01
2.304121910411167096e-01
2.315785760984675479e-01
2.326973375271073896e-01
2.330798163328385852e-01
2.330708956182644676e-01
2.332497437157207698e-01
2.332578150320965549e-01
2.330927424852775043e-01
2.321723738474438248e-01
2.310102651189806233e-01
2.301217644694293074e-01
2.310102651189806233e-01
2.321723738474438248e-01
2.330927424852775043e-01
2.332578150320965549e-01
2.332497437157207698e-01
2.336458021391791540e-01
2.336588591308342289e-01
2.341264510926677755e-01
2.341048253304542637e-01
2.334050457822356983e-01
2.326473864313106377e-01
2.334050457822356983e-01
2.341048253304542637e-01
2.341264510926677755e-01
2.336588591308342289e-01
2.336458021391791540e-01
2.338461833998510542e-01
2.338578593332779620e-01
2.346838587958197941e-01
2.354484752376740653e-01
2.354331245358846081e-01
2.352742748858382138e-01
2.354331245358846081e-01
2.354484752376740653e-01
2.346838587958197941e-01
2.338578593332779620e-01
2.338461833998510542e-01
2.342198441347791427e-01
2.342295619265011009e-01
2.356967709220892104e-01
2.385741114890809200e-01
2.401084512743445476e-01
2.403974379812610640e-01
2.401084512743445476e-01
2.385741114890808923e-01
2.356967709220892104e-01
2.342295619265011009e-01
2.342198441347791427e-01
2.343650585644632967e-01
2.343748134860642596e-01
2.358940268633090698e-01
2.401075294721717601e-01
2.434834386169772991e-01
2.457795442322023016e-01
2.434834386169772991e-01
2.401075294721717601e-01
2.358940268633090698e-01
2.343748134860642596e-01
2.343650585644632967e-01
2.345682987642710438e-01
2.345871199878231950e-01
2.352845328480813736e-01
2.418340217586328056e-01
2.478559958651537221e-01
2.509759430664230684e-01
2.478559958651537221e-01
2.418340217586328056e-01
2.352845328480813736e-01
2.345871199878231950e-01
2.345682987642710438e-01
2.346711480817633699e-01
2.346873487137875469e-01
2.340794233602996877e-01
2.412368010600444146e-01
2.499758504428151729e-01
2.568884797204650794e-01
2.499758504428151729e-01
2.412368010600444146e-01
2.340794233602996877e-01
2.346873487137875469e-01
2.346711480817633699e-01
2.349696967033028105e-01
2.349751153075159693e-01
2.294944681021282018e-01
2.344662909789044791e-01
2.440500213670981355e-01
2.516059502872340370e-01
2.440500213670981355e-01
2.344662909789044791e-01
2.294944681021282018e-01
2.349751153075159693e-01
2.349696967033028105e-01
2.353325093789398470e-01
2.353394393456505196e-01
2.260708924156652755e-01
2.272178852186031717e-01
2.355893608825272989e-01
2.464280943500328780e-01
2.355893608825272989e-01
2.272178852186031994e-01
2.260708924156652755e-01
2.353394393456505196e-01
2.353325093789398470e-01
2.990008032313337116e-01
2.368006441920495753e-01
2.175010095774431440e-01
2.041555195616895912e-01
1.913639431025196957e-01
1.792978865058033056e-01
1.913639431025196957e-01
2.041555195616895912e-01
2.175010095774431440e-01
2.368006441920495753e-01
2.990008032313337116e-01
2.990008032313337116e-01
2.370856463997329522e-01
2.137036848583397375e-01
1.958736073863148186e-01
1.807391022507609246e-01
1.704496551171231222e-01
1.807391022507609246e-01
1.958736073863148186e-01
2.137036848583397375e-01
2.370856463997329522e-01
2.990008032313337116e-01
2.990008032313337116e-01
2.370873118248365274e-01
2.077693823971858977e-01
1.858381579421232999e-01
1.699796861480101229e-01
1.598691608414889997e-01
1.699796861480101229e-01
1.858381579421232999e-01
2.077693823971858977e-01
2.370873118248365274e-01
2.990008032313337116e-01
2.990008032313337116e-01
2.370201996956803336e-01
2.057833952646832276e-01
1.833390436040412963e-01
1.687495447539763549e-01
1.607509797540085383e-01
1.687495447539763549e-01
1.833390436040412963e-01
2.057833952646832276e-01
2.370201996956803336e-01
2.990008032313337116e-01
2.990008032313337116e-01
2.368928800218321196e-01
2.036342036897839380e-01
1.816822985549444158e-01
1.683975694867677619e-01
1.608242886143457229e-01
1.683975694867677342e-01
1.816822985549444158e-01
2.036342036897839380e-01
2.368928800218321196e-01
2.990008032313337116e-01
2.990008032313337116e-01
2.369093105127738352e-01
2.032454294669504835e-01
1.819513452313849533e-01
1.698473212847019798e-01
1.636166284438366758e-01
1.698473212847019798e-01
1.819513452313849533e-01
2.032454294669504835e-01
2.369093105127738352e-01
2.990008032313337116e-01
2.990008032313337116e-01
2.371434398744894645e-01
2.035888425629726606e-01
1.837446450732755643e-01
1.727902238324263429e-01
1.668713101709213276e-01
1.727902238324263429e-01
1.837446450732755643e-01
2.035888425629726606e-01
2.371434398744894922e-01
2.990008032313337116e-01
2.990008032313337116e-01
2.373584304846848014e-01
2.041115815766703090e-01
1.850483404530793574e-01
1.749252227817173488e-01
1.698408428180746277e-01
1.749252227817173488e-01
1.850483404530793574e-01
2.041115815766703090e-01
2.373584304846848014e-01
2.990008032313337116e-01
2.990008032313337116e-01
2.379787504196108350e-01
2.056893059800955215e-01
1.879847970078477315e-01
1.786872325703840469e-01
1.738145159980452603e-01
1.786872325703840469e-01
1.879847970078477315e-01
2.056893059800955215e-01
2.379787504196108627e-01
2.990008032313337116e-01
2.990008032313337116e-01
2.383581587710179861e-01
2.066111968685771516e-01
1.895534049177785563e-01
1.808101509281580810e-01
1.764572437815108419e-01
1.808101509281580810e-01
1.895534049177785563e-01
2.066111968685771516e-01
2.383581587710179861e-01
2.990008032313337116e-01
2.990008032313337116e-01
2.392466907614635985e-01
2.086375542742172351e-01
1.926354989079815394e-01
1.844544799703146110e-01
1.802432128026684455e-01
1.844544799703146110e-01
1.926354989079815394e-01
2.086375542742172629e-01
2.392466907614635985e-01
2.990008032313337116e-01
2.990008032313337116e-01
2.397265597019543892e-01
2.096674093274382977e-01
1.941474133731335705e-01
1.863301824005038076e-01
1.824416863993999216e-01
1.863301824005038076e-01
1.941474133731335705e-01
2.096674093274382977e-01
2.397265597019543892e-01
2.990008032313337116e-01
2.990008032313337116e-01
2.407482164127345003e-01
2.117295608854205535e-01
1.969791944254159211e-01
1.895373669103563585e-01
1.857445431701842953e-01
1.895373669103563585e-01
1.969791944254159211e-01
2.117295608854205258e-01
2.407482164127345003e-01
2.990008032313337116e-01
2.990008032313337116e-01
2.412673649605436288e-01
2.127261435092099584e-01
1.983183729799151418e-01
1.911135731178117136e-01
1.875196380489211889e-01
1.911135731178117414e-01
1.983183729799151418e-01
2.127261435092099862e-01
2.412673649605436288e-01
2.990008032313337116e-01
2.990008032313337116e-01
2.423186632203695456e-01
2.146402335449907883e-01
2.007767450940355358e-01
1.938184522049018477e-01
1.902895728594263813e-01
1.938184522049018477e-01
2.007767450940355358e-01
2.146402335449907883e-01
2.423186632203695456e-01
2.990008032313337116e-01
2.990008032313337116e-01
2.428348364071949150e-01
2.155435968044341899e-01
2.019180355646786884e-01
1.951131264756487682e-01
1.917053808311495466e-01
1.951131264756487682e-01
2.019180355646786884e-01
2.155435968044341899e-01
2.428348364071949150e-01
2.990008032313337116e-01
2.990008032313337116e-01
2.438517891162159668e-01
2.172402684088231006e-01
2.039937978168994137e-01
1.973508969008912484e-01
1.939884414559998882e-01
1.973508969008912484e-01
2.039937978168994137e-01
2.172402684088231006e-01
2.438517891162159668e-01
2.990008032313337116e-01
2.990008032313337116e-01
2.443396331281676437e-01
2.180303069427944884e-01
2.049483497274336707e-01
1.984051720746572434e-01
1.951158266685176224e-01
1.984051720746572434e-01
2.049483497274336707e-01
2.180303069427944884e-01
2.443396331281676437e-01
2.990008032313337116e-01
2.990008032313337116e-01
2.452788151644454961e-01
2.194954826921480529e-01
2.066785972749644873e-01
2.002432227174904267e-01
1.969862869248161230e-01
2.002432227174904267e-01
2.066785972749644873e-01
2.194954826921480529e-01
2.452788151644454961e-01
2.990008032313337116e-01
2.990008032313337116e-01
2.457223848464152871e-01
2.201725573042405681e-01
2.074708863107904144e-01
2.011012572634885975e-01
1.978885387410728447e-01
2.011012572634885975e-01
2.074708863107904144e-01
2.201725573042405681e-01
2.457223848464152871e-01
2.990008032313337116e-01
2.990008032313337116e-01
2.465629748695155610e-01
2.214197684692323365e-01
2.089066736033821647e-01
2.026109638566092053e-01
1.994225795415800195e-01
2.026109638566092053e-01
2.089066736033821647e-01
2.214197684692323365e-01
2.465629748695155610e-01
2.990008032313337116e-01
2.990008032313337116e-01
2.469559880500833970e-01
2.219939668538956079e-01
2.095634833464191937e-01
2.033125580627014317e-01
2.001517334594471453e-01
2.033125580627014317e-01
2.095634833464191937e-01
2.219939668538956079e-01
2.469559880500834248e-01
2.990008032313337116e-01
2.990008032313337116e-01
2.476933409682331722e-01
2.230482173080398922e-01
2.107557361088312209e-01
2.045580763379532818e-01
2.014166216737747483e-01
2.045580763379532818e-01
2.107557361088312209e-01
2.230482173080398922e-01
2.476933409682331722e-01
2.990008032313337116e-01
2.990008032313337116e-01
2.480356705892085012e-01
2.235328019128109689e-01
2.113016281046752320e-01
2.051361405146478467e-01
2.020130626737599300e-01
2.051361405146478467e-01
2.113016281046752320e-01
2.235328019128109966e-01
2.480356705892085012e-01
2.990008032313337116e-01
2.990008032313337116e-01
2.486737731056806733e-01
2.244210367344463275e-01
2.122950382608801145e-01
2.061704563280292446e-01
2.030636926749960214e-01
2.061704563280292446e-01
2.122950382608801145e-01
2.244210367344463275e-01
2.486737731056806733e-01
2.990008032313337116e-01
2.990008032313337116e-01
2.489686420333671601e-01
2.248289824992156516e-01
2.127506258737747180e-01
2.066507971717266023e-01
2.035574629583763173e-01
2.066507971717266023e-01
2.127506258737747180e-01
2.248289824992156516e-01
2.489686420333671601e-01
2.990008032313337116e-01
2.990008032313337116e-01
2.495157210398606384e-01
2.255762885337609380e-01
2.135814971972730125e-01
2.075153106098277522e-01
2.044365480856746298e-01
2.075153106098277522e-01
2.135814971972730125e-01
2.255762885337609380e-01
2.495157210398606384e-01
2.990008032313337116e-01
2.990008032313337116e-01
2.497679146941199357e-01
2.259191081608763196e-01
2.139628656096518311e-01
2.079170278406722583e-01
2.048489449512488070e-01
2.079170278406722583e-01
2.139628656096518311e-01
2.259191081608763196e-01
2.497679146941199357e-01
2.990008032313337116e-01
2.990008032313337116e-01
2.502342590509065157e-01
2.265464905423460185e-01
2.146586965869112518e-01
2.086418525788288902e-01
2.055872261218626984e-01
2.086418525788288902e-01
2.146586965869112518e-01
2.265464905423460185e-01
2.502342590509065157e-01
2.990008032313337116e-01
2.990008032313337116e-01
2.504489612128519838e-01
2.268336000781174255e-01
2.149775252914092050e-01
2.089779241971561063e-01
2.059322574265658179e-01
2.089779241971561063e-01
2.149775252914092050e-01
2.268336000781174533e-01
2.504489612128519838e-01
2.990008032313337116e-01
2.990008032313337116e-01
2.508449146489378223e-01
2.273575385026888607e-01
2.155574589665315843e-01
2.095830151139075892e-01
2.065497753623271593e-01
2.095830151139075892e-01
2.155574589665315843e-01
2.273575385026888607e-01
2.508449146489378223e-01
2.990008032313337116e-01
2.990008032313337116e-01
2.510269564932379183e-01
2.275961028834018463e-01
2.158214557353550223e-01
2.098612814301903939e-01
2.068354090163982972e-01
2.098612814301903939e-01
2.158214557353550223e-01
2.275961028834018740e-01
2.510269564932379183e-01
2.990008032313337116e-01
2.990008032313337116e-01
2.513619620524234488e-01
2.280284785000447900e-01
2.162973529548795903e-01
2.103581432978805232e-01
2.073435452444995497e-01
2.103581432978805232e-01
2.162973529548795903e-01
2.280284785000447900e-01
2.513619620524234488e-01
2.990008032313337116e-01
2.990008032313337116e-01
2.515156392520130346e-01
2.282236126172345059e-01
2.165109828250021962e-01
2.105823391998112026e-01
2.075727221795868327e-01
2.105823391998112026e-01
2.165109828250021962e-01
2.282236126172345059e-01
2.515156392520130346e-01
2.990008032313337116e-01
2.990008032313337116e-01
2.517982552511380812e-01
2.285730042452743804e-01
2.168894464857938631e-01
2.109760832644143047e-01
2.079762294815016566e-01
2.109760832644143047e-01
2.168894464857938631e-01
2.285730042452743804e-01
2.517982552511380812e-01
2.990008032313337116e-01
2.990008032313337116e-01
2.519280682078169908e-01
2.287286327349172810e-01
2.170550794272589346e-01
2.111469890548557382e-01
2.081480691319388954e-01
2.111469890548557382e-01
2.170550794272589623e-01
2.287286327349172810e-01
2.519280682078169908e-01
2.990008032313337116e-01
2.990008032313337116e-01
2.521674333727537132e-01
2.290030260258553996e-01
2.173399867069561453e-01
2.114388763186263454e-01
2.084474959939542626e-01
2.114388763186263454e-01
2.173399867069561453e-01
2.290030260258553996e-01
2.521674333727537132e-01
2.990008032313337116e-01
2.990008032313337116e-01
2.522785618771559157e-01
2.291232143030218771e-01
2.174593958068524735e-01
2.115557329928202390e-01
2.085585778878707719e-01
2.115557329928202390e-01
2.174593958068524735e-01
2.291232143030218771e-01
2.522785618771559157e-01
2.990008032313337116e-01
2.990008032313337116e-01
2.524858147246101248e-01
2.293320763373028481e-01
2.176551745239522773e-01
2.117467155770100806e-01
2.087538395676422076e-01
2.117467155770100806e-01
2.176551745239522773e-01
2.293320763373028481e-01
2.524858147246101248e-01
2.990008032313337116e-01
2.990008032313337116e-01
2.525845459748351507e-01
2.294227608705073362e-01
2.177314588394558825e-01
2.118094761711695195e-01
2.088008234679227526e-01
2.118094761711695195e-01
2.177314588394558825e-01
2.294227608705073362e-01
2.525845459748351507e-01
2.990008032313337116e-01
2.990008032313337116e-01
2.527742910261474574e-01
2.295805085856382488e-01
2.178478862639794955e-01
2.119057297438136922e-01
2.088968046761187636e-01
2.119057297438136922e-01
2.178478862639794955e-01
2.295805085856382211e-01
2.527742910261474574e-01
2.990008032313337116e-01
2.990008032313337116e-01
2.528691431740842099e-01
2.296512185206147083e-01
2.178884408662215555e-01
2.119186419390157727e-01
2.088808082331405636e-01
2.119186419390157727e-01
2.178884408662215555e-01
2.296512185206147083e-01
2.528691431740842099e-01
2.990008032313337116e-01
2.990008032313337116e-01
2.530618975694777784e-01
2.297822521412805907e-01
2.179471565786704756e-01
2.119391786606709127e-01
2.088954110093998173e-01
2.119391786606709405e-01
2.179471565786704756e-01
2.297822521412805907e-01
2.530618975694777784e-01
2.990008032313337116e-01
2.990008032313337116e-01
2.531650027717323170e-01
2.298485868060023418e-01
2.179672298096818617e-01
2.119157913624103717e-01
2.088279875081576198e-01
2.119157913624103717e-01
2.179672298096818617e-01
2.298485868060023418e-01
2.531650027717323170e-01
2.990008032313337116e-01
2.990008032313337116e-01
2.533895785871047024e-01
2.299917590212989804e-01
2.180090905608022545e-01
2.119011569631467917e-01
2.088016531395895659e-01
2.119011569631468195e-01
2.180090905608022545e-01
2.299917590212989804e-01
2.533895785871047024e-01
2.990008032313337116e-01
2.990008032313337116e-01
2.535182741695851671e-01
2.300772323583885337e-01
2.180350553601514974e-01
2.118693970062509868e-01
2.087114986442780706e-01
2.118693970062509868e-01
2.180350553601514974e-01
2.300772323583885337e-01
2.535182741695851671e-01
2.990008032313337116e-01
2.990008032313337116e-01
2.538138014990450331e-01
2.302887924490547578e-01
2.181248377219520973e-01
2.118885791014514797e-01
2.087144014093695321e-01
2.118885791014514797e-01
2.181248377219520973e-01
2.302887924490547578e-01
2.538138014990450331e-01
2.990008032313337116e-01
2.990008032313337116e-01
2.539908839984679201e-01
2.304252596569002220e-01
2.181953971630028744e-01
2.118927661692858455e-01
2.086516852716304715e-01
2.118927661692858455e-01
2.181953971630028744e-01
2.304252596569002220e-01
2.539908839984679201e-01
2.990008032313337116e-01
2.990008032313337116e-01
2.544086994463178319e-01
2.307773818355741413e-01
2.184199871605090049e-01
2.120417591897199860e-01
2.087816186100767690e-01
2.120417591897199860e-01
2.184199871605090049e-01
2.307773818355741413e-01
2.544086994463178319e-01
2.990008032313337116e-01
2.990008032313337116e-01
2.546632183972168395e-01
2.310046091367831678e-01
2.185825762413739493e-01
2.121381706684651036e-01
2.088133720144168537e-01
2.121381706684651036e-01
2.185825762413739493e-01
2.310046091367831678e-01
2.546632183972168395e-01
2.990008032313337116e-01
2.990008032313337116e-01
2.552693181430122915e-01
2.315810353534528410e-01
2.190390097052559160e-01
2.125240159228265757e-01
2.091790418920365935e-01
2.125240159228265757e-01
2.190390097052559160e-01
2.315810353534528410e-01
2.552693181430122915e-01
2.990008032313337116e-01
2.990008032313337116e-01
2.556387857297917621e-01
2.319435340197650020e-01
2.193407800718017164e-01
2.127671928080537567e-01
2.093703468974832671e-01
2.127671928080537567e-01
2.193407800718017164e-01
2.319435340197650297e-01
2.556387857297917621e-01
2.990008032313337116e-01
2.990008032313337116e-01
2.565175867193274506e-01
2.328339247978135629e-01
2.201138543700601469e-01
2.134757140445623091e-01
2.100576277753618271e-01
2.134757140445623091e-01
2.201138543700601469e-01
2.328339247978135629e-01
2.565175867193274506e-01
2.990008032313337116e-01
2.990008032313337116e-01
2.570491753168159255e-01
2.333790202247126300e-01
2.205881765553412144e-01
2.138946678769665100e-01
2.104367477058206315e-01
2.138946678769665100e-01
2.205881765553412144e-01
2.333790202247126300e-01
2.570491753168159255e-01
2.990008032313337116e-01
2.990008032313337116e-01
2.583014236304105871e-01
2.346787579103834509e-01
2.217275777897852740e-01
2.149489534609176355e-01
2.114627019593013080e-01
2.149489534609176355e-01
2.217275777897852740e-01
2.346787579103834509e-01
2.583014236304105871e-01
2.990008032313337116e-01
2.990008032313337116e-01
2.590537098766765856e-01
2.354600882951110308e-01
2.223873071484659958e-01
2.155210225121970968e-01
2.119746248932122823e-01
2.155210225121970968e-01
2.223873071484659958e-01
2.354600882951110308e-01
2.590537098766765856e-01
2.990008032313337116e-01
2.990008032313337116e-01
2.608141999098348984e-01
2.373013493765194770e-01
2.239153202349523086e-01
2.168678594207223143e-01
2.132654781220813256e-01
2.168678594207223143e-01
2.239153202349523086e-01
2.373013493765194770e-01
2.608141999098348984e-01
2.990008032313337116e-01
2.990008032313337116e-01
2.618607762027725383e-01
2.384149336054086077e-01
2.247824015091505756e-01
2.175196383402205891e-01
2.137442786542153583e-01
2.175196383402205891e-01
2.247824015091505756e-01
2.384149336054086077e-01
2.618607762027725383e-01
2.990008032313337116e-01
2.990008032313337116e-01
2.643131289933685624e-01
2.410834496305203634e-01
2.268266923762242426e-01
2.191368755196853035e-01
2.152306638470833089e-01
2.191368755196853035e-01
2.268266923762242426e-01
2.410834496305203634e-01
2.643131289933685624e-01
2.990008032313337116e-01
2.990008032313337116e-01
2.657581149829816858e-01
2.427521202244732057e-01
2.280530408118029428e-01
2.198474794867906479e-01
2.154594846086071436e-01
2.198474794867906479e-01
2.280530408118029428e-01
2.427521202244732057e-01
2.657581149829816858e-01
2.990008032313337116e-01
2.990008032313337116e-01
2.691209929230632958e-01
2.469003713175461356e-01
2.312444334306200111e-01
2.221602234695434219e-01
2.174960062646821568e-01
2.221602234695434219e-01
2.312444334306200111e-01
2.469003713175461356e-01
2.691209929230632958e-01
2.990008032313337116e-01
2.990008032313337116e-01
2.710788313775081004e-01
2.495829704939337423e-01
2.334184614028352311e-01
2.233048823574478314e-01
2.175007747450896090e-01
2.233048823574478314e-01
2.334184614028352311e-01
2.495829704939337423e-01
2.710788313775081004e-01
2.990008032313337116e-01
2.990008032313337116e-01
2.755573958929775080e-01
2.564212499994657501e-01
2.397807988078836938e-01
2.283251509599295570e-01
2.220382299684301730e-01
2.283251509599295570e-01
2.397807988078836938e-01
2.564212499994657501e-01
2.755573958929775080e-01
2.990008032313337116e-01
2.990008032313337116e-01
2.780773218809569070e-01
2.608227001976453630e-01
2.445647126431673979e-01
2.316739678534195934e-01
2.231245997889826915e-01
2.316739678534195934e-01
2.445647126431673979e-01
2.608227001976453630e-01
2.780773218809569070e-01
2.990008032313337116e-01
2.990008032313337116e-01
2.836309413929924972e-01
2.717633419972357856e-01
2.591414783643106179e-01
2.465600524046808462e-01
2.376603541600073588e-01
2.465600524046808462e-01
2.591414783643106179e-01
2.717633419972357856e-01
2.836309413929924972e-01
2.990008032313337116e-01
2.990008032313337116e-01
2.865790352120751172e-01
2.781753857406337183e-01
2.697709072828807786e-01
2.590821483216971810e-01
2.477768559869665821e-01
2.590821483216971810e-01
2.697709072828807786e-01
2.781753857406337183e-01
2.865790352120751172e-01
2.990008032313337116e-01
2.990008032313337116e-01
2.926529594270621537e-01
2.921842543588048513e-01
2.980225333781670316e-01
3.084455499251712030e-01
3.200368987463824699e-01
3.084455499251712030e-01
2.980225333781670316e-01
2.921842543588048513e-01
2.926529594270621537e-01
2.990008032313337116e-01
2.955953023939442703e-01
2.956039143119172929e-01
2.983120555387120398e-01
3.080669546623244770e-01
3.200986301816865498e-01
3.289812756402278326e-01
3.200986301816865498e-01
3.080669546623244770e-01
2.983120555387120953e-01
2.956039143119172929e-01
2.955953023939442148e-01
3.013089214849623554e-01
3.013101913535460863e-01
3.081534781759966979e-01
3.204478464358638812e-01
3.321364863620730468e-01
3.405761392796351483e-01
3.321364863620730468e-01
3.204478464358638812e-01
3.081534781759966979e-01
3.013101913535460863e-01
3.013089214849623554e-01
3.039035574653629057e-01
3.039158834995120961e-01
3.118049701281110919e-01
3.236835658971534690e-01
3.330490653815915136e-01
3.381699385519105205e-01
3.330490653815915136e-01
3.236835658971534690e-01
3.118049701281110919e-01
3.039158834995120961e-01
3.039035574653629057e-01
3.085226087899303193e-01
3.085323943031166305e-01
3.168460553762243448e-01
3.265795012400226627e-01
3.335769503968015748e-01
3.380164517491985321e-01
3.335769503968015748e-01
3.265795012400226627e-01
3.168460553762243448e-01
3.085323943031166305e-01
3.085226087899303193e-01
3.105281236504898734e-01
3.105379696136275625e-01
3.185769626618490391e-01
3.269324072330720421e-01
3.320683427207202221e-01
3.344486541330007889e-01
3.320683427207202221e-01
3.269324072330720421e-01
3.185769626618490391e-01
3.105379696136275625e-01
3.105281236504898734e-01
3.139529415270214674e-01
3.139573009067788689e-01
3.208218429402681093e-01
3.267291333603640213e-01
3.301458654832205020e-01
3.320790361199115193e-01
3.301458654832205020e-01
3.267291333603640213e-01
3.208218429402681093e-01
3.139573009067788689e-01
3.139529415270214674e-01
3.154087801077834485e-01
3.154183606491654523e-01
3.216026218573174167e-01
3.264243085782773668e-01
3.288206206453306302e-01
3.297595447990111506e-01
3.288206206453306302e-01
3.264243085782774223e-01
3.216026218573174167e-01
3.154183606491654523e-01
3.154087801077834485e-01
3.178744392081656045e-01
3.178821736213742755e-01
3.227057804286393439e-01
3.259253271813136732e-01
3.274246400032850834e-01
3.281411636433244072e-01
3.274246400032850834e-01
3.259253271813136732e-01
3.227057804286393439e-01
3.178821736213742755e-01
3.178744392081656045e-01
3.189336949201396210e-01
3.189393863730893286e-01
3.231573124791861096e-01
3.257696019146524291e-01
3.268487214502854288e-01
3.272196642585588622e-01
3.268487214502854288e-01
3.257696019146524291e-01
3.231573124791861096e-01
3.189393863730893286e-01
3.189336949201396210e-01
3.207452258369919984e-01
3.207499557216021979e-01
3.239529277860163647e-01
3.257668362310158772e-01
3.265023907380419921e-01
3.267984871403375458e-01
3.265023907380419921e-01
3.257668362310158772e-01
3.239529277860163647e-01
3.207499557216021979e-01
3.207452258369920539e-01
3.215347190961542201e-01
3.215386197638763210e-01
3.243337764715286120e-01
3.258823348018913824e-01
3.265067129818027825e-01
3.267502319003051103e-01
3.265067129818027825e-01
3.258823348018913824e-01
3.243337764715286120e-01
3.215386197638763210e-01
3.215347190961542201e-01
3.229095146130869787e-01
3.229092707085810532e-01
3.250868643043851591e-01
3.263166232526986121e-01
3.268642410948747745e-01
3.271069390855619874e-01
3.268642410948747745e-01
3.263166232526986121e-01
3.250868643043851591e-01
3.229092707085810532e-01
3.229095146130869787e-01
3.235123147052975656e-01
3.235164521152167350e-01
3.254540168483707752e-01
3.265859329974484249e-01
3.271290327963322642e-01
3.273960619587772403e-01
3.271290327963322642e-01
3.265859329974484249e-01
3.254540168483707752e-01
3.235164521152167350e-01
3.235123147052975656e-01
3.245799298077229333e-01
3.245793393704568541e-01
3.261650344560737547e-01
3.271796617576909760e-01
3.277260196178162222e-01
3.280149947912796571e-01
3.277260196178162222e-01
3.271796617576909760e-01
3.261650344560737547e-01
3.245793393704568541e-01
3.245799298077229333e-01
3.250510109838671835e-01
3.250496429417487620e-01
3.264970062794870787e-01
3.274673136777292437e-01
3.280132974309529770e-01
3.283083506502527116e-01
3.280132974309529770e-01
3.274673136777292437e-01
3.264970062794870787e-01
3.250496429417487620e-01
3.250510109838671835e-01
3.258758654045633141e-01
3.258743299640834423e-01
3.271042289348962684e-01
3.280014741787234400e-01
3.285446466494560958e-01
3.288581976904562110e-01
3.285446466494560958e-01
3.280014741787234400e-01
3.271042289348962684e-01
3.258743299640834423e-01
3.258758654045633141e-01
3.262377321540068653e-01
3.262363071981888574e-01
3.273734368065369660e-01
3.282288516646607590e-01
3.287451388939249264e-01
3.290270739044713899e-01
3.287451388939249264e-01
3.282288516646607590e-01
3.273734368065369660e-01
3.262363071981888574e-01
3.262377321540068653e-01
3.268677506538301136e-01
3.268662952966248647e-01
3.278414441477483510e-01
3.286100693009307849e-01
3.290954506309562433e-01
3.293849390798006538e-01
3.290954506309562433e-01
3.286100693009307849e-01
3.278414441477483510e-01
3.268662952966248647e-01
3.268677506538301136e-01
3.271421496174511390e-01
3.271414476077055267e-01
3.280403494280870191e-01
3.287569755637624880e-01
3.291948100364257002e-01
3.294293199561696972e-01
3.291948100364257002e-01
3.287569755637624880e-01
3.280403494280870191e-01
3.271414476077055267e-01
3.271421496174511390e-01
3.276178552744300476e-01
3.276164327463865211e-01
3.283725218786482380e-01
3.289862253493791022e-01
3.293740806489382500e-01
3.296073791443209222e-01
3.293740806489382500e-01
3.289862253493791022e-01
3.283725218786482380e-01
3.276164327463865211e-01
3.276178552744300476e-01
3.278235540584063523e-01
3.278228255839264471e-01
3.285098650344826510e-01
3.290672554386930848e-01
3.294028423998048294e-01
3.295776585707315132e-01
3.294028423998048294e-01
3.290672554386930848e-01
3.285098650344826510e-01
3.278228255839264471e-01
3.278235540584063523e-01
3.281779569171703326e-01
3.281767954261608500e-01
3.287339207545426634e-01
3.291889906930892118e-01
3.294718342315794968e-01
3.296414107966060825e-01
3.294718342315794968e-01
3.291889906930892118e-01
3.287339207545426634e-01
3.281767954261608500e-01
3.281779569171703326e-01
3.283309384684187093e-01
3.283298298265044379e-01
3.288259314681009626e-01
3.292297059271658277e-01
3.294674222761087012e-01
3.295885586490818198e-01
3.294674222761087012e-01
3.292297059271658277e-01
3.288259314681009626e-01
3.283298298265044379e-01
3.283309384684187093e-01
3.285932115897304273e-01
3.285919106597109951e-01
3.289760847844647729e-01
3.292927056125364849e-01
3.294863891640654185e-01
3.296017005651209475e-01
3.294863891640654185e-01
3.292927056125364849e-01
3.289760847844647729e-01
3.285919106597109951e-01
3.285932115897304273e-01
3.287064077325686506e-01
3.287052053925877404e-01
3.290383817152950918e-01
3.293147043969326671e-01
3.294749255160611123e-01
3.295561444154380681e-01
3.294749255160611123e-01
3.293147043969326671e-01
3.290383817152950918e-01
3.287052053925877404e-01
3.287064077325686506e-01
3.289010244654985149e-01
3.288991873348895423e-01
3.291428894872643895e-01
3.293532390170604285e-01
3.294820368152889811e-01
3.295587440021977010e-01
3.294820368152889811e-01
3.293532390170604285e-01
3.291428894872643895e-01
3.288991873348895423e-01
3.289010244654985149e-01
3.289848355940421798e-01
3.289834024461179562e-01
3.291872181753677795e-01
3.293689118540795158e-01
3.294755304715578093e-01
3.295306487808459250e-01
3.294755304715578093e-01
3.293689118540795158e-01
3.291872181753677795e-01
3.289834024461179562e-01
3.289848355940421798e-01
3.291296260955960951e-01
3.291273789384424053e-01
3.292639230455408073e-01
3.294000671943515535e-01
3.294866191219267271e-01
3.295394189002622820e-01
3.294866191219267271e-01
3.294000671943515535e-01
3.292639230455408073e-01
3.291273789384424053e-01
3.291296260955960951e-01
3.291918988911535227e-01
3.291900110389256451e-01
3.292973165302338634e-01
3.294140894534290376e-01
3.294869700662563239e-01
3.295265339785447001e-01
3.294869700662563239e-01
3.294140894534290376e-01
3.292973165302338634e-01
3.291900110389256451e-01
3.291918988911535227e-01
3.292994336293164070e-01
3.292970019267367765e-01
3.293558534824889694e-01
3.294428268760318801e-01
3.295037354117288375e-01
3.295430276770727751e-01
3.295037354117288375e-01
3.294428268760318801e-01
3.293558534824889694e-01
3.292970019267367765e-01
3.292994336293164070e-01
3.293456648418428556e-01
3.293434251094277121e-01
3.293816456526245107e-01
3.294557988504027701e-01
3.295081257726177326e-01
3.295387443772267999e-01
3.295081257726177326e-01
3.294557988504027701e-01
3.293816456526245107e-01
3.293434251094277121e-01
3.293456648418428556e-01
3.294251455121557370e-01
3.294228206810803639e-01
3.294267939880408114e-01
3.294813893505649793e-01
3.295266844421086416e-01
3.295582573981989394e-01
3.295266844421086416e-01
3.294813893505649793e-01
3.294267939880408114e-01
3.294228206810803639e-01
3.294251455121557370e-01
3.294595136229184207e-01
3.294570964286410164e-01
3.294465798207251162e-01
3.294925573635862359e-01
3.295317168760075188e-01
3.295567673810156362e-01
3.295317168760075188e-01
3.294925573635862359e-01
3.294465798207251162e-01
3.294570964286410164e-01
3.294595136229184207e-01
3.295182780942449985e-01
3.295159193925717434e-01
3.294809562300981542e-01
3.295132300247069490e-01
3.295479351035293658e-01
3.295744077747838618e-01
3.295479351035293658e-01
3.295132300247069490e-01
3.294809562300981542e-01
3.295159193925717434e-01
3.295182780942449985e-01
3.295436536035084019e-01
3.295413025438974630e-01
3.294957403481507119e-01
3.295218082105793034e-01
3.295515054593317061e-01
3.295722347600436586e-01
3.295515054593317061e-01
3.295218082105793034e-01
3.294957403481507119e-01
3.295413025438974630e-01
3.295436536035084019e-01
3.295871731781230274e-01
3.295847382948353110e-01
3.295210871972990008e-01
3.295368589899929646e-01
3.295632994888894052e-01
3.295856751369645177e-01
3.295632994888894052e-01
3.295368589899929646e-01
3.295210871972990008e-01
3.295847382948353110e-01
3.295871731781230274e-01
3.296058520433229333e-01
3.296035053549211669e-01
3.295318400425396588e-01
3.295426435621106043e-01
3.295648092497969750e-01
3.295818062387042002e-01
3.295648092497969750e-01
3.295426435621106043e-01
3.295318400425396588e-01
3.296035053549211669e-01
3.296058520433229333e-01
3.296378972860671830e-01
3.296355159894264197e-01
3.295497474415122197e-01
3.295525367784362114e-01
3.295721415916339492e-01
3.295909994984885238e-01
3.295721415916339492e-01
3.295525367784362114e-01
3.295497474415122197e-01
3.296355159894264752e-01
3.296378972860671830e-01
3.296517234133511387e-01
3.296493015015271588e-01
3.295573122157265389e-01
3.295559722080121934e-01
3.295718936356867301e-01
3.295858342341155822e-01
3.295718936356867301e-01
3.295559722080121934e-01
3.295573122157265389e-01
3.296493015015271588e-01
3.296517234133511387e-01
3.296753131867721232e-01
3.296729232996293835e-01
3.295695397678304328e-01
3.295617424120432237e-01
3.295757560028409472e-01
3.295916791424588488e-01
3.295757560028409472e-01
3.295617424120432237e-01
3.295695397678304328e-01
3.296729232996294390e-01
3.296753131867721232e-01
3.296855377244248819e-01
3.296830570755502898e-01
3.295746078946383828e-01
3.295635347330187481e-01
3.295743309588534675e-01
3.295858739331307685e-01
3.295743309588534675e-01
3.295635347330187481e-01
3.295746078946383828e-01
3.296830570755502898e-01
3.296855377244249374e-01
3.297029323631032738e-01
3.297004581873809181e-01
3.295827430189510743e-01
3.295664496866273496e-01
3.295760422657133537e-01
3.295896238501156428e-01
3.295760422657133537e-01
3.295664496866273496e-01
3.295827430189510743e-01
3.297004581873809181e-01
3.297029323631032738e-01
3.297104505744019032e-01
3.297079462959810470e-01
3.295860165537699560e-01
3.295672273423727039e-01
3.295740305722194008e-01
3.295837471831088439e-01
3.295740305722194008e-01
3.295672273423727039e-01
3.295860165537699560e-01
3.297079462959810470e-01
3.297104505744019032e-01
3.297233348659277530e-01
3.297207641349257923e-01
3.295913177825280371e-01
3.295684623163031568e-01
3.295747186363904291e-01
3.295866051194171198e-01
3.295747186363904291e-01
3.295684623163031568e-01
3.295913177825280371e-01
3.297207641349257923e-01
3.297233348659277530e-01
3.297288731700901976e-01
3.297263718282050782e-01
3.295934396685755163e-01
3.295686324813528190e-01
3.295725572477841703e-01
3.295809722444065226e-01
3.295725572477841703e-01
3.295686324813528190e-01
3.295934396685755163e-01
3.297263718282050782e-01
3.297288731700901976e-01
3.297385922520940094e-01
3.297359760891056535e-01
3.295968368332098941e-01
3.295690078902940856e-01
3.295728272583107188e-01
3.295836085615272415e-01
3.295728272583107188e-01
3.295690078902940856e-01
3.295968368332098941e-01
3.297359760891056535e-01
3.297385922520940094e-01
3.297428156782646891e-01
3.297402475308658931e-01
3.295982514640080074e-01
3.295688161942244010e-01
3.295707012588309226e-01
3.295782328292552465e-01
3.295707012588309226e-01
3.295688161942244010e-01
3.295982514640080074e-01
3.297402475308659486e-01
3.297428156782646891e-01
3.297503319140965283e-01
3.297476748928981904e-01
3.296003889882753168e-01
3.295687236544876386e-01
3.295708507477730365e-01
3.295809050549725616e-01
3.295708507477730365e-01
3.295687236544876386e-01
3.296003889882753168e-01
3.297476748928981904e-01
3.297503319140965283e-01
3.297536646721905274e-01
3.297509960905100068e-01
3.296013220112808395e-01
3.295683641827311106e-01
3.295687727729410543e-01
3.295757697225071836e-01
3.295687727729410543e-01
3.295683641827311106e-01
3.296013220112808395e-01
3.297509960905100068e-01
3.297536646721905274e-01
3.297596027468345792e-01
3.297568656947794663e-01
3.296027254071777213e-01
3.295682054440023934e-01
3.295689612453129858e-01
3.295785953350260922e-01
3.295689612453129858e-01
3.295682054440023934e-01
3.296027254071777213e-01
3.297568656947794663e-01
3.297596027468345792e-01
3.297622433172703871e-01
3.297595172257327678e-01
3.296045495652146218e-01
3.295678022240906557e-01
3.295671846568583030e-01
3.295736803854770192e-01
3.295671846568583030e-01
3.295678022240906557e-01
3.296045495652146218e-01
3.297595172257327678e-01
3.297622433172703871e-01
3.297670243033595794e-01
3.297648157530704838e-01
3.296070810859318967e-01
3.295677760473206819e-01
3.295676851081652536e-01
3.295768957941402344e-01
3.295676851081652536e-01
3.295677760473206819e-01
3.296070810859318967e-01
3.297648157530704838e-01
3.297670243033595794e-01
3.297699748105932804e-01
3.297670506223059905e-01
3.296079284366103535e-01
3.295679071061926591e-01
3.295656062953099541e-01
3.295722469629719376e-01
3.295656062953099541e-01
3.295679071061926591e-01
3.296079284366103535e-01
3.297670506223059905e-01
3.297699748105932804e-01
3.297749291600063359e-01
3.297724612325370064e-01
3.296102141923444306e-01
3.295684146192852659e-01
3.295663242859987463e-01
3.295741221366234597e-01
3.295663242859987463e-01
3.295684146192852659e-01
3.296102141923444306e-01
3.297724612325370064e-01
3.297749291600063359e-01
3.297777817440428749e-01
3.297748146117201462e-01
3.296083718783952565e-01
3.295686218085381314e-01
3.295641803542607717e-01
3.295704016800843350e-01
3.295641803542607717e-01
3.295686218085381314e-01
3.296083718783952565e-01
3.297748146117201462e-01
3.297777817440428749e-01
3.297827012254421764e-01
3.297797853905807819e-01
3.296088489423520951e-01
3.295708956615043261e-01
3.295645674800687930e-01
3.295758872021926633e-01
3.295645674800687930e-01
3.295708956615043261e-01
3.296088489423520951e-01
3.297797853905807819e-01
3.297827012254421764e-01
3.297850285469126619e-01
3.297822330265354762e-01
3.296087278199266724e-01
3.295689354839056451e-01
3.295675297622870925e-01
3.295717133767817053e-01
3.295675297622870925e-01
3.295689354839056451e-01
3.296087278199266724e-01
3.297822330265354762e-01
3.297850285469126619e-01
3.297899570195213514e-01
3.297868291563088028e-01
3.296065039352801818e-01
3.295637592360589063e-01
3.295731587733844448e-01
3.295774123691399549e-01
3.295731587733844448e-01
3.295637592360588508e-01
3.296065039352801818e-01
3.297868291563088028e-01
3.297899570195213514e-01
3.297921454028588384e-01
3.297890486127466603e-01
3.296062224021656384e-01
3.295680103239146397e-01
3.295774758841223395e-01
3.295781804177244645e-01
3.295774758841223395e-01
3.295680103239146397e-01
3.296062224021656384e-01
3.297890486127466603e-01
3.297921454028588384e-01
3.297962547007645129e-01
3.297931250784484347e-01
3.296015432491092856e-01
3.295742629133410762e-01
3.295757776094855318e-01
3.295914063386520820e-01
3.295757776094855318e-01
3.295742629133410762e-01
3.296015432491092856e-01
3.297931250784484347e-01
3.297962547007645129e-01
3.297982890355484198e-01
3.297950180813258303e-01
3.296001900455594047e-01
3.295751788650231884e-01
3.295684244289441844e-01
3.295852058806535978e-01
3.295684244289441844e-01
3.295751788650231884e-01
3.296001900455594047e-01
3.297950180813258303e-01
3.297982890355484198e-01
3.298022678523248041e-01
3.297982890355484198e-01
3.295938584217327771e-01
3.295687239959348425e-01
3.295697191973196993e-01
3.295814684520074200e-01
3.295697191973196993e-01
3.295687239959348425e-01
3.295938584217327771e-01
3.297982890355484198e-01
3.298022678523248041e-01
