2.537308242694504834e-01
2.537657335810946102e-01
2.553974845618294798e-01
2.578780156601436224e-01
2.582884150669409462e-01
2.594302841507484803e-01
2.582884150669408907e-01
2.578780156601436779e-01
2.553974845618294798e-01
2.537657335810946102e-01
2.537308242694504834e-01
2.537657335810946102e-01
2.537807403962592523e-01
2.554892164503185237e-01
2.577450146082102544e-01
2.584268759731866427e-01
2.592897280583388309e-01
2.584268759731866982e-01
2.577450146082101989e-01
2.554892164503185237e-01
2.537807403962592523e-01
2.537657335810946102e-01
2.537656143486448079e-01
2.538020571016063598e-01
2.555621355259895533e-01
2.578382782056579114e-01
2.585629777423992248e-01
2.594752590302327189e-01
2.585629777423992248e-01
2.578382782056579114e-01
2.555621355259895533e-01
2.538020571016063598e-01
2.537656143486448079e-01
2.537925016231087350e-01
2.538114146264487392e-01
2.556789956960394683e-01
2.577628184655972321e-01
2.588730292123675447e-01
2.594329575052964909e-01
2.588730292123675447e-01
2.577628184655971766e-01
2.556789956960394683e-01
2.538114146264487392e-01
2.537925016231087350e-01
2.537893368083978252e-01
2.538286117185779567e-01
2.557320424142517923e-01
2.577156512032247049e-01
2.589840730816982961e-01
2.595115528403824090e-01
2.589840730816982961e-01
2.577156512032247049e-01
2.557320424142517923e-01
2.538286117185779567e-01
2.537893368083978252e-01
2.538090934708516766e-01
2.538340980447217898e-01
2.558156205623996482e-01
2.579430211584184951e-01
2.590390837466859386e-01
2.595906068171092707e-01
2.590390837466859386e-01
2.579430211584184951e-01
2.558156205623996482e-01
2.538340980447217898e-01
2.538090934708516766e-01
2.538105228495031174e-01
2.538447471913663489e-01
2.557994316515054822e-01
2.579847884092218435e-01
2.591004389370609728e-01
2.596926461917775097e-01
2.591004389370609728e-01
2.579847884092218435e-01
2.557994316515054822e-01
2.538447471913664044e-01
2.538105228495031174e-01
2.538209323450413279e-01
2.538525664671822391e-01
2.558738636509198527e-01
2.580500787635407467e-01
2.591817780135219351e-01
2.597273510048678236e-01
2.591817780135219351e-01
2.580500787635407467e-01
2.558738636509197972e-01
2.538525664671822391e-01
2.538209323450413279e-01
2.538260529123956832e-01
2.538572827064678461e-01
2.558763973835082028e-01
2.580971623836077478e-01
2.592316604482546860e-01
2.598285873197805351e-01
2.592316604482546860e-01
2.580971623836077478e-01
2.558763973835082028e-01
2.538572827064678461e-01
2.538260529123956832e-01
2.538333634334188904e-01
2.538669334956237811e-01
2.559231632670638801e-01
2.581627870073182618e-01
2.593069759437385269e-01
2.598738343090557512e-01
2.593069759437385269e-01
2.581627870073183173e-01
2.559231632670638801e-01
2.538669334956237811e-01
2.538333634334188904e-01
2.538384750975949955e-01
2.538712306833286747e-01
2.559421409900013433e-01
2.581979881803828092e-01
2.593669076934241868e-01
2.599713731110289694e-01
2.593669076934241868e-01
2.581979881803828092e-01
2.559421409900013433e-01
2.538712306833286747e-01
2.538384750975949955e-01
2.538485680151278956e-01
2.538822999319835794e-01
2.559772175613453382e-01
2.582722720875513800e-01
2.594384325246175682e-01
2.600186195476000273e-01
2.594384325246175682e-01
2.582722720875513800e-01
2.559772175613453382e-01
2.538822999319835794e-01
2.538485680151278956e-01
2.538544439766964866e-01
2.538882508233916147e-01
2.559965224121328320e-01
2.583058916476122513e-01
2.594986702402151679e-01
2.601165362493718103e-01
2.594986702402151679e-01
2.583058916476122513e-01
2.559965224121328320e-01
2.538882508233916147e-01
2.538544439766964866e-01
2.538675070050403493e-01
2.539019676402181069e-01
2.560340960043130942e-01
2.583807263554129818e-01
2.595719645844310475e-01
2.601657777125016557e-01
2.595719645844310475e-01
2.583807263554129818e-01
2.560340960043130942e-01
2.539019676402181069e-01
2.538675070050403493e-01
2.538751375800751831e-01
2.539094715669997782e-01
2.560539206794267830e-01
2.584155420862045971e-01
2.596320537245493387e-01
2.602633152789592397e-01
2.596320537245493387e-01
2.584155420862045971e-01
2.560539206794267830e-01
2.539094715669998337e-01
2.538751375800751831e-01
2.538916668445378444e-01
2.539271036279911464e-01
2.560940428282818537e-01
2.584904298286870850e-01
2.597055823331778646e-01
2.603128638386975613e-01
2.597055823331778646e-01
2.584904298286870850e-01
2.560940428282818537e-01
2.539271036279911464e-01
2.538916668445378444e-01
2.539017398254371782e-01
2.539364895695391811e-01
2.561150027609946922e-01
2.585258006576726109e-01
2.597647992342910217e-01
2.604082959853419310e-01
2.597647992342910217e-01
2.585258006576726109e-01
2.561150027609946922e-01
2.539364895695391811e-01
2.539017398254371782e-01
2.539229420751936694e-01
2.539592439077891228e-01
2.561577032523297826e-01
2.586006908169869445e-01
2.598379103805370516e-01
2.604579206716984285e-01
2.598379103805370516e-01
2.586006908169870000e-01
2.561577032523297826e-01
2.539592439077891228e-01
2.539229420751936139e-01
2.539359929227440471e-01
2.539713182603086095e-01
2.561804537719134522e-01
2.586364104646852180e-01
2.598959775708692965e-01
2.605505076631022821e-01
2.598959775708692965e-01
2.586364104646851625e-01
2.561804537719134522e-01
2.539713182603085539e-01
2.539359929227440471e-01
2.539636705252771853e-01
2.540006660807797023e-01
2.562263065509755577e-01
2.587113903696075523e-01
2.599685765749104593e-01
2.606003616378197996e-01
2.599685765749104593e-01
2.587113903696075523e-01
2.562263065509755577e-01
2.540006660807797023e-01
2.539636705252771853e-01
2.539804931702975277e-01
2.540165062860525458e-01
2.562513290524581766e-01
2.587475707766026534e-01
2.600250746299717086e-01
2.606891620050718616e-01
2.600250746299717086e-01
2.587475707766026534e-01
2.562513290524581766e-01
2.540165062860525458e-01
2.539804931702975277e-01
2.540169052174836017e-01
2.540545585899680603e-01
2.563015218911030013e-01
2.588228067395068055e-01
2.600971222198337207e-01
2.607394191639026415e-01
2.600971222198336652e-01
2.588228067395068055e-01
2.563015218911030013e-01
2.540545585899680603e-01
2.540169052174836017e-01
2.540387791835780895e-01
2.540754502107235302e-01
2.563294709365393498e-01
2.588596285936108909e-01
2.601516985290229234e-01
2.608232972504229696e-01
2.601516985290229234e-01
2.588596285936108909e-01
2.563294709365393498e-01
2.540754502107235302e-01
2.540387791835780895e-01
2.540868348564468415e-01
2.541251442402890914e-01
2.563857142772436593e-01
2.589357555265764388e-01
2.602235414237629718e-01
2.608745205424070068e-01
2.602235414237629718e-01
2.589357555265764388e-01
2.563857142772436593e-01
2.541251442402890914e-01
2.540868348564468415e-01
2.541154779408891784e-01
2.541527888534715340e-01
2.564175640119930044e-01
2.589737212128959687e-01
2.602762139492703075e-01
2.609529712296073667e-01
2.602762139492703075e-01
2.589737212128959687e-01
2.564175640119930599e-01
2.541527888534715340e-01
2.541154779408891784e-01
2.541791413532610289e-01
2.542180423596433481e-01
2.564821775699635542e-01
2.590518683970101654e-01
2.603487686046930816e-01
2.610061429527573695e-01
2.603487686046931371e-01
2.590518683970102209e-01
2.564821775699635542e-01
2.542180423596433481e-01
2.541791413532610289e-01
2.542167879859761337e-01
2.542547988723743990e-01
2.565192256732404807e-01
2.590917746039516634e-01
2.603998167371200378e-01
2.610791006879825682e-01
2.603998167371200378e-01
2.590917746039516634e-01
2.565192256732404807e-01
2.542547988723743990e-01
2.542167879859761337e-01
2.543014826535661688e-01
2.543408470186090953e-01
2.565952168774234821e-01
2.591734242352805584e-01
2.604742932777496800e-01
2.611354783594067031e-01
2.604742932777496800e-01
2.591734242352805584e-01
2.565952168774234821e-01
2.543408470186091508e-01
2.543014826535661133e-01
2.543511219856965377e-01
2.543899684201564870e-01
2.566390809027391806e-01
2.592160899341461322e-01
2.605240044194020443e-01
2.612028409505669502e-01
2.605240044194020443e-01
2.592160899341461322e-01
2.566390809027391806e-01
2.543899684201564315e-01
2.543511219856965377e-01
2.544642872799830480e-01
2.545039638638111335e-01
2.567301707149516332e-01
2.593025554688595524e-01
2.606010273739065575e-01
2.612630295531491731e-01
2.606010273739065575e-01
2.593025554688595524e-01
2.567301707149516332e-01
2.545039638638111335e-01
2.544642872799829925e-01
2.545300691896352774e-01
2.545699147417722075e-01
2.567828434833649975e-01
2.593485030282938752e-01
2.606489355509972738e-01
2.613235410453008667e-01
2.606489355509972738e-01
2.593485030282938752e-01
2.567828434833649975e-01
2.545699147417721520e-01
2.545300691896352774e-01
2.546819824270187826e-01
2.547218962304670931e-01
2.568936474450403407e-01
2.594402563052169985e-01
2.607273813276162477e-01
2.613861664027863907e-01
2.607273813276162477e-01
2.594402563052169985e-01
2.568936474450402851e-01
2.547218962304670931e-01
2.546819824270187826e-01
2.547698796167414681e-01
2.548108334156991561e-01
2.569577922404333581e-01
2.594894812424700659e-01
2.607714624519131830e-01
2.614359518713407216e-01
2.607714624519131830e-01
2.594894812424700659e-01
2.569577922404334136e-01
2.548108334156991006e-01
2.547698796167415236e-01
2.549749574681233200e-01
2.550150520616192296e-01
2.570946126605913595e-01
2.595862397139797051e-01
2.608479577858001663e-01
2.614971508733123784e-01
2.608479577858001663e-01
2.595862397139797051e-01
2.570946126605913595e-01
2.550150520616192296e-01
2.549749574681232644e-01
2.550934612354076036e-01
2.551356166058125763e-01
2.571741869804768932e-01
2.596385462698036495e-01
2.608846007910601839e-01
2.615289456353889763e-01
2.608846007910601839e-01
2.596385462698036495e-01
2.571741869804768932e-01
2.551356166058125763e-01
2.550934612354076036e-01
2.553720382566477820e-01
2.554122410693567824e-01
2.573468347914647514e-01
2.597410388085860666e-01
2.609551774526878698e-01
2.615840961075789339e-01
2.609551774526878698e-01
2.597410388085860666e-01
2.573468347914647514e-01
2.554122410693567824e-01
2.553720382566477820e-01
2.555331291695069895e-01
2.555765068422815589e-01
2.574482084862618203e-01
2.597975659313606078e-01
2.609807061830282104e-01
2.615888308821739949e-01
2.609807061830282104e-01
2.597975659313606078e-01
2.574482084862618203e-01
2.555765068422815589e-01
2.555331291695069895e-01
2.559134932809645213e-01
2.559538381242211780e-01
2.576728586455466208e-01
2.599115712103335363e-01
2.610457366412084479e-01
2.616375268359654727e-01
2.610457366412084479e-01
2.599115712103335918e-01
2.576728586455466208e-01
2.559538381242211780e-01
2.559134932809644658e-01
2.561339486760516593e-01
2.561783350985207264e-01
2.578063320812834514e-01
2.599774642553535076e-01
2.610600795800987473e-01
2.616094406876027234e-01
2.610600795800987473e-01
2.599774642553535076e-01
2.578063320812834514e-01
2.561783350985207264e-01
2.561339486760517148e-01
2.566546496213462647e-01
2.566951088513519386e-01
2.581086333149092416e-01
2.601194041868844509e-01
2.611315908747954273e-01
2.616630766054950930e-01
2.611315908747954273e-01
2.601194041868844509e-01
2.581086333149092416e-01
2.566951088513519386e-01
2.566546496213462647e-01
2.569570135719567161e-01
2.570021321222533683e-01
2.582896446997178797e-01
2.602064046593410285e-01
2.611431728305516620e-01
2.616070996242195745e-01
2.611431728305517175e-01
2.602064046593410285e-01
2.582896446997179352e-01
2.570021321222533683e-01
2.569570135719567161e-01
2.576694290051462777e-01
2.577098948835216952e-01
2.587063460205688559e-01
2.604071409321656039e-01
2.612503341697017811e-01
2.616947569473407897e-01
2.612503341697017811e-01
2.604071409321656039e-01
2.587063460205688004e-01
2.577098948835216952e-01
2.576694290051462777e-01
2.580833535367329512e-01
2.581288663723695365e-01
2.589556501299248303e-01
2.605338258284335962e-01
2.612783063005361672e-01
2.616313330556529482e-01
2.612783063005361117e-01
2.605338258284335962e-01
2.589556501299248858e-01
2.581288663723695365e-01
2.580833535367329512e-01
2.590546898827881250e-01
2.590950422107833329e-01
2.595329368661780656e-01
2.608352064557771244e-01
2.614635589371586133e-01
2.617955710477862796e-01
2.614635589371586133e-01
2.608352064557771799e-01
2.595329368661780656e-01
2.590950422107833884e-01
2.590546898827880695e-01
2.596188565390873393e-01
2.596643635971521147e-01
2.598748715095087203e-01
2.610223912442757865e-01
2.615322989219014405e-01
2.617551089949163301e-01
2.615322989219014405e-01
2.610223912442757865e-01
2.598748715095087203e-01
2.596643635971520592e-01
2.596188565390873948e-01
2.609368860617714003e-01
2.609769229902350052e-01
2.606632478293630095e-01
2.614623269550503393e-01
2.618316941696878786e-01
2.620310475387063742e-01
2.618316941696878786e-01
2.614623269550503393e-01
2.606632478293630095e-01
2.609769229902350607e-01
2.609368860617714003e-01
2.617021284502154543e-01
2.617473872126596657e-01
2.611226201282885184e-01
2.617230218794186491e-01
2.619541818254996213e-01
2.620308287913336032e-01
2.619541818254996213e-01
2.617230218794186491e-01
2.611226201282885184e-01
2.617473872126596102e-01
2.617021284502155654e-01
2.634842173081564654e-01
2.635241022295690683e-01
2.621719889964898575e-01
2.623120368817569159e-01
2.623634123127071560e-01
2.624100135782300725e-01
2.623634123127071560e-01
2.623120368817569159e-01
2.621719889964898575e-01
2.635241022295691793e-01
2.634842173081563543e-01
2.645202869762138254e-01
2.645647098200595293e-01
2.627736810282773616e-01
2.626396272513120134e-01
2.625162719980636550e-01
2.624148463929312225e-01
2.625162719980637105e-01
2.626396272513119579e-01
2.627736810282773616e-01
2.645647098200594183e-01
2.645202869762138809e-01
2.669291564171726305e-01
2.669691842251841751e-01
2.641376442577867412e-01
2.633437852478560104e-01
2.629576631267300235e-01
2.628086937919526522e-01
2.629576631267299680e-01
2.633437852478560104e-01
2.641376442577867412e-01
2.669691842251842306e-01
2.669291564171725195e-01
2.683344702859601916e-01
2.683775902368468746e-01
2.649143104575308327e-01
2.637094591474300476e-01
2.630637132317656945e-01
2.626941939578773533e-01
2.630637132317656945e-01
2.637094591474300476e-01
2.649143104575308882e-01
2.683775902368468191e-01
2.683344702859601916e-01
2.716036555646484940e-01
2.716436822770456061e-01
2.666776300111119435e-01
2.644688604985779845e-01
2.633932883600299535e-01
2.629382703657491827e-01
2.633932883600298980e-01
2.644688604985779845e-01
2.666776300111119435e-01
2.716436822770456616e-01
2.716036555646484940e-01
2.735194027287489726e-01
2.735616833804582204e-01
2.676910487132276861e-01
2.648466857693119181e-01
2.633415055925601989e-01
2.625008990300758405e-01
2.633415055925601989e-01
2.648466857693119181e-01
2.676910487132276861e-01
2.735616833804581649e-01
2.735194027287490282e-01
2.779878872138376589e-01
2.780274496841955711e-01
2.700290347207112696e-01
2.656637787183230848e-01
2.634504797437994816e-01
2.624590266019595775e-01
2.634504797437994816e-01
2.656637787183230848e-01
2.700290347207112696e-01
2.780274496841955711e-01
2.779878872138376034e-01
2.806165414449886542e-01
2.806583665921754678e-01
2.714051949510373207e-01
2.660960871096500480e-01
2.631841367300544743e-01
2.615264948459635197e-01
2.631841367300544743e-01
2.660960871096500480e-01
2.714051949510373207e-01
2.806583665921754123e-01
2.806165414449887097e-01
2.867636033956508235e-01
2.868020818043563458e-01
2.746594573271456396e-01
2.671971047049989112e-01
2.632147129728611423e-01
2.613204972271516158e-01
2.632147129728611423e-01
2.671971047049989667e-01
2.746594573271455841e-01
2.868020818043564013e-01
2.867636033956507680e-01
2.903855570098554661e-01
2.904274907753630619e-01
2.766200322426888292e-01
2.678845022205779136e-01
2.628857122939147750e-01
2.599751892944380804e-01
2.628857122939147750e-01
2.678845022205779136e-01
2.766200322426888292e-01
2.904274907753630064e-01
2.903855570098555217e-01
2.988614835342682796e-01
2.989010669215660942e-01
2.813347103385409609e-01
2.698802351302955205e-01
2.634872130835328452e-01
2.602671018911729139e-01
2.634872130835328452e-01
2.698802351302955205e-01
2.813347103385409054e-01
2.989010669215661498e-01
2.988614835342682241e-01
3.038532357432199849e-01
3.038948239823568986e-01
2.841856561826220373e-01
2.712333320706799555e-01
2.636079115301733222e-01
2.591137204246967696e-01
2.636079115301733222e-01
2.712333320706799555e-01
2.841856561826220373e-01
3.038948239823568986e-01
3.038532357432200404e-01
3.155110138753693394e-01
3.155516928304196167e-01
2.910008261237182481e-01
2.750936351846393069e-01
2.660234564098144516e-01
2.612252744843743812e-01
2.660234564098144516e-01
2.750936351846393069e-01
2.910008261237182481e-01
3.155516928304196167e-01
3.155110138753693394e-01
3.223577939424386307e-01
3.223979763530246401e-01
2.950159975069158169e-01
2.776136482594931398e-01
2.674565271505903175e-01
2.615315322382664731e-01
2.674565271505903175e-01
2.776136482594930843e-01
2.950159975069158724e-01
3.223979763530246401e-01
3.223577939424386307e-01
3.382985695029697704e-01
3.383449667986389020e-01
3.042864293260212349e-01
2.840975719118151166e-01
2.729965664305479267e-01
2.669424315874732168e-01
2.729965664305479267e-01
2.840975719118151166e-01
3.042864293260212349e-01
3.383449667986389020e-01
3.382985695029697704e-01
3.476536193381822293e-01
3.476999386949846671e-01
3.094392212094224104e-01
2.878473637968818610e-01
2.764322387674769121e-01
2.702391757604239442e-01
2.764322387674769121e-01
2.878473637968818610e-01
3.094392212094224104e-01
3.476999386949846671e-01
3.476536193381822293e-01
3.694500945834675587e-01
3.694979496192119517e-01
3.205695884809331986e-01
2.958107622845304041e-01
2.844009526209037020e-01
2.784541874401749717e-01
2.844009526209037020e-01
2.958107622845304041e-01
3.205695884809331986e-01
3.694979496192119517e-01
3.694500945834675032e-01
3.822967567706400116e-01
3.823448802715656569e-01
3.262169700076903434e-01
2.991878342696168702e-01
2.885125174348092680e-01
2.844590857950111684e-01
2.885125174348092680e-01
2.991878342696168147e-01
3.262169700076903434e-01
3.823448802715656569e-01
3.822967567706400116e-01
4.124326901208456575e-01
4.124855649141986325e-01
3.372604522498407476e-01
3.025045533079112614e-01
2.905960767648575471e-01
2.868413601936572466e-01
2.905960767648575471e-01
3.025045533079112614e-01
3.372604522498407476e-01
4.124855649141986325e-01
4.124326901208456020e-01
4.304514102696866407e-01
4.305095801894470164e-01
3.423699342641011167e-01
3.010059601036008115e-01
2.867158315195333373e-01
2.855136717664983337e-01
2.867158315195333373e-01
3.010059601036008115e-01
3.423699342641011167e-01
4.305095801894470164e-01
4.304514102696866407e-01
9.497991710218596229e-01
4.734416381499559345e-01
3.517486658388159215e-01
2.904258744878316367e-01
2.534344249876977484e-01
2.291500167513981223e-01
2.534344249876977484e-01
2.904258744878316367e-01
3.517486658388159215e-01
4.734416381499559345e-01
9.497991710218596229e-01
9.497991710218596229e-01
4.903704203730925859e-01
3.564345280122277471e-01
2.882304922636211297e-01
2.479225927940745811e-01
2.247844059898752855e-01
2.479225927940745811e-01
2.882304922636211297e-01
3.564345280122277471e-01
4.903704203730925859e-01
9.497991710218596229e-01
9.497991710218596229e-01
5.167381487960029940e-01
3.659562636427053928e-01
2.896591306299577395e-01
2.473331650194501019e-01
2.241852883726378476e-01
2.473331650194500742e-01
2.896591306299577395e-01
3.659562636427053373e-01
5.167381487960029940e-01
9.497991710218596229e-01
9.497991710218596229e-01
5.273328306549789346e-01
3.707289851201476250e-01
2.921589369382629475e-01
2.501511062797483476e-01
2.283378210639120942e-01
2.501511062797483476e-01
2.921589369382629475e-01
3.707289851201476250e-01
5.273328306549788236e-01
9.497991710218596229e-01
9.497991710218596229e-01
5.442073302990660943e-01
3.800811837124268289e-01
2.990352623673712129e-01
2.571297814452854769e-01
2.355179067887557265e-01
2.571297814452854769e-01
2.990352623673712129e-01
3.800811837124267734e-01
5.442073302990660943e-01
9.497991710218596229e-01
9.497991710218596229e-01
5.510958829983028107e-01
3.844689206833417083e-01
3.026881001685884920e-01
2.609972411429586359e-01
2.398415721417253010e-01
2.609972411429586359e-01
3.026881001685884920e-01
3.844689206833417083e-01
5.510958829983028107e-01
9.497991710218596229e-01
9.497991710218596229e-01
5.622514873301377447e-01
3.925083807914258038e-01
3.097382809585461638e-01
2.680355873718069382e-01
2.469454103359862152e-01
2.680355873718068827e-01
3.097382809585461638e-01
3.925083807914258038e-01
5.622514873301377447e-01
9.497991710218596229e-01
9.497991710218596229e-01
5.668486147186528878e-01
3.960717273597756383e-01
3.128857987890956704e-01
2.710604037953308065e-01
2.498858217763766376e-01
2.710604037953308065e-01
3.128857987890956149e-01
3.960717273597756938e-01
5.668486147186527768e-01
9.497991710218596229e-01
9.497991710218596229e-01
5.743620777927110899e-01
4.022490379138461969e-01
3.182989096633976889e-01
2.762039262793229422e-01
2.549978933467825781e-01
2.762039262793229422e-01
3.182989096633977444e-01
4.022490379138461414e-01
5.743620777927110899e-01
9.497991710218596229e-01
9.497991710218596229e-01
5.774656785417533467e-01
4.048726149383027884e-01
3.205164696184469864e-01
2.780949811717828846e-01
2.565436572506749058e-01
2.780949811717828846e-01
3.205164696184469864e-01
4.048726149383027884e-01
5.774656785417533467e-01
9.497991710218596229e-01
9.497991710218596229e-01
5.825402485254145279e-01
4.092225026607196892e-01
3.240820018838947436e-01
2.812496036407949873e-01
2.596225718356183210e-01
2.812496036407949873e-01
3.240820018838947436e-01
4.092225026607196336e-01
5.825402485254145279e-01
9.497991710218596229e-01
9.497991710218596229e-01
5.846295973948102409e-01
4.110103602528211164e-01
3.254495723368577287e-01
2.822251982679317983e-01
2.601787746200366347e-01
2.822251982679317983e-01
3.254495723368576732e-01
4.110103602528211164e-01
5.846295973948102409e-01
9.497991710218596229e-01
9.497991710218596229e-01
5.880306244557518269e-01
4.138640229687648997e-01
3.275328003090114959e-01
2.838751900407412432e-01
2.617452047158978501e-01
2.838751900407412432e-01
3.275328003090115514e-01
4.138640229687648442e-01
5.880306244557518269e-01
9.497991710218596229e-01
9.497991710218596229e-01
5.894209180075962173e-01
4.150060915335581635e-01
3.282806426564377489e-01
2.842557218889033011e-01
2.617379388223146641e-01
2.842557218889033566e-01
3.282806426564377489e-01
4.150060915335581635e-01
5.894209180075961063e-01
9.497991710218596229e-01
9.497991710218596229e-01
5.916681429617834942e-01
4.167671666780937145e-01
3.293579647307438019e-01
2.849528911014602706e-01
2.623636232327890006e-01
2.849528911014602706e-01
3.293579647307438019e-01
4.167671666780936590e-01
5.916681429617834942e-01
9.497991710218596229e-01
9.497991710218596229e-01
5.925783880083630439e-01
4.174560871215114433e-01
3.297134217242728704e-01
2.850079519847263376e-01
2.621070782109034547e-01
2.850079519847263931e-01
3.297134217242728149e-01
4.174560871215114988e-01
5.925783880083630439e-01
9.497991710218596229e-01
9.497991710218596229e-01
5.940373108232327448e-01
4.184846507144858729e-01
3.301868090037798908e-01
2.851846535667742488e-01
2.622315341490644713e-01
2.851846535667741933e-01
3.301868090037799464e-01
4.184846507144858729e-01
5.940373108232327448e-01
9.497991710218596229e-01
9.497991710218596229e-01
5.946232035179493947e-01
4.188787552929584823e-01
3.303211483947681160e-01
2.850937250156195257e-01
2.619107294746406134e-01
2.850937250156195257e-01
3.303211483947680605e-01
4.188787552929584268e-01
5.946232035179493947e-01
9.497991710218596229e-01
9.497991710218596229e-01
5.955539905254839672e-01
4.194493971279475986e-01
3.304701192963026557e-01
2.850290237394558224e-01
2.618126849912590370e-01
2.850290237394558224e-01
3.304701192963026557e-01
4.194493971279475986e-01
5.955539905254839672e-01
9.497991710218596229e-01
9.497991710218596229e-01
5.959257852926204135e-01
4.196634188717975333e-01
3.304939266644418838e-01
2.848930060853119839e-01
2.615149025336974131e-01
2.848930060853120394e-01
3.304939266644418283e-01
4.196634188717975333e-01
5.959257852926204135e-01
9.497991710218596229e-01
9.497991710218596229e-01
5.965109485179457272e-01
4.199650053970285790e-01
3.304900002193169595e-01
2.847440658093612909e-01
2.613485229013941535e-01
2.847440658093612909e-01
3.304900002193169595e-01
4.199650053970285790e-01
5.965109485179457272e-01
9.497991710218596229e-01
9.497991710218596229e-01
5.967447691734645288e-01
4.200752843479777510e-01
3.304671563560778180e-01
2.846109976852297940e-01
2.611033238491024533e-01
2.846109976852297940e-01
3.304671563560777625e-01
4.200752843479777510e-01
5.967447691734645288e-01
9.497991710218596229e-01
9.497991710218596229e-01
5.971099574416248723e-01
4.202283426184070803e-01
3.304050962125321678e-01
2.844553000364601902e-01
2.609426126049957384e-01
2.844553000364601902e-01
3.304050962125322233e-01
4.202283426184070803e-01
5.971099574416248723e-01
9.497991710218596229e-01
9.497991710218596229e-01
5.972571853095457461e-01
4.202822022076514452e-01
3.303686206541275316e-01
2.843427787837128906e-01
2.607508444899204747e-01
2.843427787837128906e-01
3.303686206541274761e-01
4.202822022076515007e-01
5.972571853095457461e-01
9.497991710218596229e-01
9.497991710218596229e-01
5.974864484676828402e-01
4.203590865512694674e-01
3.302948944572110523e-01
2.842107217708109146e-01
2.606229224920486032e-01
2.842107217708109146e-01
3.302948944572110523e-01
4.203590865512694674e-01
5.974864484676828402e-01
9.497991710218596229e-01
9.497991710218596229e-01
5.975812548964776205e-01
4.203842589517832184e-01
3.302594633951366765e-01
2.841213074673517580e-01
2.604740625166690471e-01
2.841213074673517580e-01
3.302594633951366765e-01
4.203842589517832740e-01
5.975812548964776205e-01
9.497991710218596229e-01
9.497991710218596229e-01
5.977292604564878875e-01
4.204263849118693441e-01
3.301939810725623703e-01
2.840195991914903906e-01
2.603826961957018127e-01
2.840195991914903906e-01
3.301939810725623703e-01
4.204263849118693441e-01
5.977292604564878875e-01
9.497991710218596229e-01
9.497991710218596229e-01
5.977938866689866959e-01
4.204387168986247758e-01
3.301651772083841752e-01
2.839502178144386879e-01
2.602647046761974448e-01
2.839502178144386879e-01
3.301651772083842307e-01
4.204387168986247758e-01
5.977938866689866959e-01
9.497991710218596229e-01
9.497991710218596229e-01
5.978958303550314657e-01
4.204696919724313364e-01
3.301158341595166190e-01
2.838776628067891106e-01
2.602064417464237667e-01
2.838776628067891106e-01
3.301158341595165635e-01
4.204696919724313364e-01
5.978958303550314657e-01
9.497991710218596229e-01
9.497991710218596229e-01
5.979444958219710671e-01
4.204782432248078683e-01
3.300961312307459927e-01
2.838250754707561385e-01
2.601107539166319649e-01
2.838250754707561385e-01
3.300961312307459927e-01
4.204782432248078683e-01
5.979444958219710671e-01
9.497991710218596229e-01
9.497991710218596229e-01
5.980229521298500162e-01
4.205123586124995261e-01
3.300673060222686916e-01
2.837808792343653463e-01
2.600832435027277123e-01
2.837808792343653463e-01
3.300673060222686361e-01
4.205123586124995261e-01
5.980229521298500162e-01
9.497991710218596229e-01
9.497991710218596229e-01
5.980645032045248666e-01
4.205229734851356760e-01
3.300589885713348659e-01
2.837443171067881020e-01
2.600066790112524062e-01
2.837443171067881020e-01
3.300589885713348659e-01
4.205229734851356760e-01
5.980645032045248666e-01
9.497991710218596229e-01
9.497991710218596229e-01
5.981338562584866958e-01
4.205698788617614481e-01
3.300560474833211799e-01
2.837315630085643914e-01
2.600121173923462536e-01
2.837315630085643914e-01
3.300560474833212354e-01
4.205698788617614481e-01
5.981338562584866958e-01
9.497991710218596229e-01
9.497991710218596229e-01
5.981736844794480756e-01
4.205870836521830580e-01
3.300621933289207832e-01
2.837137795930570472e-01
2.599573573920078151e-01
2.837137795930570472e-01
3.300621933289207832e-01
4.205870836521830580e-01
5.981736844794480756e-01
9.497991710218596229e-01
9.497991710218596229e-01
5.982425608775685522e-01
4.206539089648795304e-01
3.300926241398597361e-01
2.837398447914105670e-01
2.600030462583071134e-01
2.837398447914105670e-01
3.300926241398597361e-01
4.206539089648795304e-01
5.982425608775685522e-01
9.497991710218596229e-01
9.497991710218596229e-01
5.982837967769679688e-01
4.206810515948153362e-01
3.301168817088472318e-01
2.837464743938716838e-01
2.599775756487066602e-01
2.837464743938716838e-01
3.301168817088472318e-01
4.206810515948152807e-01
5.982837967769680798e-01
9.497991710218596229e-01
9.497991710218596229e-01
5.983564777528755929e-01
4.207723481829935275e-01
3.301880311268201584e-01
2.838201384312626363e-01
2.600724475617297582e-01
2.838201384312626363e-01
3.301880311268201584e-01
4.207723481829935830e-01
5.983564777528754819e-01
9.497991710218596229e-01
9.497991710218596229e-01
5.984000463721210750e-01
4.208111804907929132e-01
3.302331293957397884e-01
2.838565266416042121e-01
2.600849462639240328e-01
2.838565266416042121e-01
3.302331293957397884e-01
4.208111804907929132e-01
5.984000463721211860e-01
9.497991710218596229e-01
9.497991710218596229e-01
5.984772676806737746e-01
4.209275243142174827e-01
3.303474406851349965e-01
2.839816173826751333e-01
2.602323442478642335e-01
2.839816173826751333e-01
3.303474406851349410e-01
4.209275243142175382e-01
5.984772676806737746e-01
9.497991710218596229e-01
9.497991710218596229e-01
5.985221713664473642e-01
4.209773814671733949e-01
3.304127142585469579e-01
2.840481315548138430e-01
2.602856593684141906e-01
2.840481315548138430e-01
3.304127142585470134e-01
4.209773814671733394e-01
5.985221713664474752e-01
9.497991710218596229e-01
9.497991710218596229e-01
5.986010709919461492e-01
4.211146899834263824e-01
3.305633924448276306e-01
2.842163574596844877e-01
2.604759451822741823e-01
2.842163574596844877e-01
3.305633924448275751e-01
4.211146899834264379e-01
5.986010709919461492e-01
9.497991710218596229e-01
9.497991710218596229e-01
5.986447379974961791e-01
4.211725021877535946e-01
3.306432632831644014e-01
2.843046792403642331e-01
2.605596602763674552e-01
2.843046792403642331e-01
3.306432632831644569e-01
4.211725021877535391e-01
5.986447379974962901e-01
9.497991710218596229e-01
9.497991710218596229e-01
5.987188563331979907e-01
4.213236463801016685e-01
3.308155750326117195e-01
2.844951242477112285e-01
2.607698308182752611e-01
2.844951242477112285e-01
3.308155750326116640e-01
4.213236463801017240e-01
5.987188563331978797e-01
9.497991710218596229e-01
9.497991710218596229e-01
5.987568376186518382e-01
4.213866344752317805e-01
3.309020900297658385e-01
2.845901707106563983e-01
2.608603038249570627e-01
2.845901707106563983e-01
3.309020900297658940e-01
4.213866344752317805e-01
5.987568376186518382e-01
9.497991710218596229e-01
9.497991710218596229e-01
5.988153502053896737e-01
4.215475774185463709e-01
3.310854823233340127e-01
2.847835860122079898e-01
2.610692694627034238e-01
2.847835860122079898e-01
3.310854823233339572e-01
4.215475774185464264e-01
5.988153502053896737e-01
9.497991710218596229e-01
9.497991710218596229e-01
5.988406450700181072e-01
4.216169950658032461e-01
3.311778194061294478e-01
2.848768000547313717e-01
2.611457888513590286e-01
2.848768000547313717e-01
3.311778194061295033e-01
4.216169950658032461e-01
5.988406450700182182e-01
9.497991710218596229e-01
9.497991710218596229e-01
5.988650918595773698e-01
4.217962152793827690e-01
3.313894564152692901e-01
2.850884940040784299e-01
2.613693349367994245e-01
2.850884940040784299e-01
3.313894564152692901e-01
4.217962152793828245e-01
5.988650918595773698e-01
9.497991710218596229e-01
9.497991710218596229e-01
5.988644354113397128e-01
4.218807425697919111e-01
3.315086494166545883e-01
2.852020758949631030e-01
2.614499848709081475e-01
2.852020758949631030e-01
3.315086494166545883e-01
4.218807425697918556e-01
5.988644354113398238e-01
9.497991710218596229e-01
9.497991710218596229e-01
5.988201804704530451e-01
4.221026997402415604e-01
3.318197010394884350e-01
2.855246304549036163e-01
2.617867383445012797e-01
2.855246304549036163e-01
3.318197010394884350e-01
4.221026997402415604e-01
5.988201804704529341e-01
9.497991710218596229e-01
9.497991710218596229e-01
5.987672509086751083e-01
4.222171616341043321e-01
3.320184806491357499e-01
2.857377617817026261e-01
2.619737553956340004e-01
2.857377617817026261e-01
3.320184806491357499e-01
4.222171616341043321e-01
5.987672509086752193e-01
9.497991710218596229e-01
9.497991710218596229e-01
5.985841284347711566e-01
4.225073059096531858e-01
3.325581715056599164e-01
2.863605670356532684e-01
2.626298990036508574e-01
2.863605670356532684e-01
3.325581715056599164e-01
4.225073059096531858e-01
5.985841284347711566e-01
9.497991710218596229e-01
9.497991710218596229e-01
5.984289756617486855e-01
4.226567083054744156e-01
3.329096445877640642e-01
2.868122589992685989e-01
2.631282861225370251e-01
2.868122589992685989e-01
3.329096445877640642e-01
4.226567083054744156e-01
5.984289756617486855e-01
9.497991710218596229e-01
9.497991710218596229e-01
5.979698700318467619e-01
4.229943125338744836e-01
3.338074501757195556e-01
2.879639910794574709e-01
2.643609401319431673e-01
2.879639910794574709e-01
3.338074501757195556e-01
4.229943125338744836e-01
5.979698700318467619e-01
9.497991710218596229e-01
9.497991710218596229e-01
5.976198639597859463e-01
4.231411640326801504e-01
3.343549387350358559e-01
2.887926985043006711e-01
2.654145231943996208e-01
2.887926985043006711e-01
3.343549387350358559e-01
4.231411640326802059e-01
5.976198639597859463e-01
9.497991710218596229e-01
9.497991710218596229e-01
5.966397187991558937e-01
4.233804044635112729e-01
3.355966589897240171e-01
2.905596399514301931e-01
2.673379440473379054e-01
2.905596399514301931e-01
3.355966589897240171e-01
4.233804044635112729e-01
5.966397187991558937e-01
9.497991710218596229e-01
9.497991710218596229e-01
5.959355314064328502e-01
4.234054973809665001e-01
3.362644915157527725e-01
2.917616576199114631e-01
2.690371788645528062e-01
2.917616576199114631e-01
3.362644915157528280e-01
4.234054973809665001e-01
5.959355314064328502e-01
9.497991710218596229e-01
9.497991710218596229e-01
5.940305456160186459e-01
4.232071952944865267e-01
3.375067811020072139e-01
2.938109011168918983e-01
2.713209168426091722e-01
2.938109011168918983e-01
3.375067811020072139e-01
4.232071952944864712e-01
5.940305456160186459e-01
9.497991710218596229e-01
9.497991710218596229e-01
5.927161260909925566e-01
4.228952821863565248e-01
3.380218066930968379e-01
2.950598078028903171e-01
2.733034134775557678e-01
2.950598078028903171e-01
3.380218066930968379e-01
4.228952821863565248e-01
5.927161260909925566e-01
9.497991710218596229e-01
9.497991710218596229e-01
5.892595205912903866e-01
4.217615175422367302e-01
3.385383866512852724e-01
2.964657233047184870e-01
2.749633596654524337e-01
2.964657233047184870e-01
3.385383866512852724e-01
4.217615175422367302e-01
5.892595205912902756e-01
9.497991710218596229e-01
9.497991710218596229e-01
5.869410587192211981e-01
4.208712749031561784e-01
3.384928296636676714e-01
2.970650534744291860e-01
2.762109082655969661e-01
2.970650534744291860e-01
3.384928296636676714e-01
4.208712749031561784e-01
5.869410587192213091e-01
9.497991710218596229e-01
9.497991710218596229e-01
5.809742313058020580e-01
4.184049693042194429e-01
3.376051592852509775e-01
2.967014165433416450e-01
2.759766438232419961e-01
2.967014165433416450e-01
3.376051592852509775e-01
4.184049693042194984e-01
5.809742313058020580e-01
9.497991710218596229e-01
9.497991710218596229e-01
5.770391537479294675e-01
4.168624514504277734e-01
3.368893034222710248e-01
2.960419774558126216e-01
2.751974817746488666e-01
2.960419774558126216e-01
3.368893034222710248e-01
4.168624514504277734e-01
5.770391537479295785e-01
9.497991710218596229e-01
9.497991710218596229e-01
5.670029427981650993e-01
4.132499011715979886e-01
3.353878147486961114e-01
2.943580318917362604e-01
2.733397789713026826e-01
2.943580318917362604e-01
3.353878147486961114e-01
4.132499011715980441e-01
5.670029427981650993e-01
9.497991710218596229e-01
9.497991710218596229e-01
5.604176668867504318e-01
4.113564594767370464e-01
3.352546883066931938e-01
2.935127579978792367e-01
2.707577916628963188e-01
2.935127579978791812e-01
3.352546883066932493e-01
4.113564594767370464e-01
5.604176668867505429e-01
9.497991710218596229e-01
9.497991710218596229e-01
5.435785283195077033e-01
4.075415487507743073e-01
3.380903634590061713e-01
2.974965784285481529e-01
2.745332061903321685e-01
2.974965784285481529e-01
3.380903634590061158e-01
4.075415487507743073e-01
5.435785283195077033e-01
9.497991710218596229e-01
9.497991710218596229e-01
5.324539636527874098e-01
4.056374055999331651e-01
3.422480947573823262e-01
3.039841402962524808e-01
2.785655705238354041e-01
3.039841402962524808e-01
3.422480947573823262e-01
4.056374055999331651e-01
5.324539636527874098e-01
9.497991710218596229e-01
9.497991710218596229e-01
5.037451187005393960e-01
4.013986839798962536e-01
3.569886553739520241e-01
3.411431451575220875e-01
3.388316245968873153e-01
3.411431451575220875e-01
3.569886553739520241e-01
4.013986839798962536e-01
5.037451187005392850e-01
9.497991710218596229e-01
4.846100101936591242e-01
4.846285789810274025e-01
3.981569283170879325e-01
3.605589758173179393e-01
3.476171298807371746e-01
3.435730010936060563e-01
3.476171298807371746e-01
3.605589758173179948e-01
3.981569283170879880e-01
4.846285789810274580e-01
4.846100101936591242e-01
4.530267159294072976e-01
4.530672954810566200e-01
3.897465155012616034e-01
3.608345619885797162e-01
3.498162826487423160e-01
3.458196336133422255e-01
3.498162826487423160e-01
3.608345619885797162e-01
3.897465155012616034e-01
4.530672954810566200e-01
4.530267159294073531e-01
4.396919343858241014e-01
4.396936043879596800e-01
3.850615560004254645e-01
3.588650940608577589e-01
3.474906880398332398e-01
3.419665356033496639e-01
3.474906880398332398e-01
3.588650940608578144e-01
3.850615560004254645e-01
4.396936043879597356e-01
4.396919343858241014e-01
4.171625150954070826e-01
4.171953309052616743e-01
3.751603077961731536e-01
3.527224500960045028e-01
3.416400423945662457e-01
3.360844993779378287e-01
3.416400423945662457e-01
3.527224500960045028e-01
3.751603077961730981e-01
4.171953309052616743e-01
4.171625150954071382e-01
4.075362993860567329e-01
4.075338359418409495e-01
3.703598127639319282e-01
3.493939418138155562e-01
3.384798389722791789e-01
3.327533521741407596e-01
3.384798389722791789e-01
3.493939418138155562e-01
3.703598127639319282e-01
4.075338359418409495e-01
4.075362993860567329e-01
3.910883059825590591e-01
3.911159129712334370e-01
3.612815313796031158e-01
3.429511260230176384e-01
3.327947132061486180e-01
3.272674597820746101e-01
3.327947132061486180e-01
3.429511260230176384e-01
3.612815313796031158e-01
3.911159129712333815e-01
3.910883059825590591e-01
3.840324022899922474e-01
3.840227217272341731e-01
3.571912075037463330e-01
3.401228758749499925e-01
3.306484431790014389e-01
3.256810026504073363e-01
3.306484431790014389e-01
3.401228758749499370e-01
3.571912075037463330e-01
3.840227217272341731e-01
3.840324022899922474e-01
3.719188143233115307e-01
3.719358112175625841e-01
3.499234935792612244e-01
3.352790312018213426e-01
3.268956930759279178e-01
3.222456690613147434e-01
3.268956930759279178e-01
3.352790312018213426e-01
3.499234935792612244e-01
3.719358112175625841e-01
3.719188143233115862e-01
3.667175780627829340e-01
3.667087002772393967e-01
3.467758962427017200e-01
3.333184321803888128e-01
3.257807357289795869e-01
3.219020670238187387e-01
3.257807357289795869e-01
3.333184321803888128e-01
3.467758962427017200e-01
3.667087002772393967e-01
3.667175780627829340e-01
3.577922154351014239e-01
3.578010404382693244e-01
3.413670436346446513e-01
3.301054579274821377e-01
3.236774663243387473e-01
3.201269411191859371e-01
3.236774663243387473e-01
3.301054579274821377e-01
3.413670436346446513e-01
3.578010404382693244e-01
3.577922154351014239e-01
3.539613291767222392e-01
3.539545940689938219e-01
3.390668635064147396e-01
3.288403527779991675e-01
3.231856343531779308e-01
3.203376755294516931e-01
3.231856343531779308e-01
3.288403527779991675e-01
3.390668635064147396e-01
3.539545940689938219e-01
3.539613291767222392e-01
3.474001229047408157e-01
3.474046999427423121e-01
3.351631822012455797e-01
3.267634547962915414e-01
3.220463394214383435e-01
3.194769748147799904e-01
3.220463394214383435e-01
3.267634547962915414e-01
3.351631822012455797e-01
3.474046999427423121e-01
3.474001229047408157e-01
3.445858176783905824e-01
3.445776058243376072e-01
3.335083516872732190e-01
3.259330355371406474e-01
3.218201998141261844e-01
3.197853307769612519e-01
3.218201998141261844e-01
3.259330355371406474e-01
3.335083516872732190e-01
3.445776058243376072e-01
3.445858176783905824e-01
3.397634165345294610e-01
3.397655905786960417e-01
3.306934647213665701e-01
3.245205954780892021e-01
3.211138796498805847e-01
3.192881419130831344e-01
3.211138796498805847e-01
3.245205954780892021e-01
3.306934647213665701e-01
3.397655905786960417e-01
3.397634165345294610e-01
3.376946555351272861e-01
3.376867805869303019e-01
3.294918927072727488e-01
3.239310219867284624e-01
3.209536948418035829e-01
3.194956888620086310e-01
3.209536948418035829e-01
3.239310219867284624e-01
3.294918927072726933e-01
3.376867805869303019e-01
3.376946555351272861e-01
3.341457936491047942e-01
3.341453684818213588e-01
3.274293623038699308e-01
3.228825394230036561e-01
3.204005683650520964e-01
3.190868420386416271e-01
3.204005683650521519e-01
3.228825394230036006e-01
3.274293623038699308e-01
3.341453684818213588e-01
3.341457936491047942e-01
3.326204657983946600e-01
3.326138585569706763e-01
3.265391203020415745e-01
3.224273854369519854e-01
3.202353477404025761e-01
3.191638125426471406e-01
3.202353477404025761e-01
3.224273854369520409e-01
3.265391203020415745e-01
3.326138585569706763e-01
3.326204657983946045e-01
3.300009799970604063e-01
3.299974501608991528e-01
3.249984141672229154e-01
3.215963407684231390e-01
3.197419510933794951e-01
3.187664940127639679e-01
3.197419510933795506e-01
3.215963407684231390e-01
3.249984141672229709e-01
3.299974501608990973e-01
3.300009799970604063e-01
3.288704813178465747e-01
3.288664295751235755e-01
3.243268071978933076e-01
3.212299041557009627e-01
3.195703541309231066e-01
3.187554254292549460e-01
3.195703541309231066e-01
3.212299041557009627e-01
3.243268071978932521e-01
3.288664295751236311e-01
3.288704813178465192e-01
3.269314503897009505e-01
3.269251746157465499e-01
3.231618508585585858e-01
3.205599107397462122e-01
3.191328721724825956e-01
3.183835788086543106e-01
3.191328721724825956e-01
3.205599107397462122e-01
3.231618508585586413e-01
3.269251746157465499e-01
3.269314503897010060e-01
3.260901563253534863e-01
3.260882308528779139e-01
3.226512813006324754e-01
3.202657867450128815e-01
3.189744922097664803e-01
3.183368010043474139e-01
3.189744922097664803e-01
3.202657867450128815e-01
3.226512813006324754e-01
3.260882308528779139e-01
3.260901563253534308e-01
3.246519138303664564e-01
3.246444404310957488e-01
3.217689152544982445e-01
3.197350559388862368e-01
3.186099844423172511e-01
3.180193639058467303e-01
3.186099844423172511e-01
3.197350559388861813e-01
3.217689152544983000e-01
3.246444404310957488e-01
3.246519138303664564e-01
3.240254965787917607e-01
3.240242510374121143e-01
3.213818229982087771e-01
3.195057956540651722e-01
3.184794293015913991e-01
3.179715230259564929e-01
3.184794293015913991e-01
3.195057956540652278e-01
3.213818229982087771e-01
3.240242510374121698e-01
3.240254965787917052e-01
3.229586315077951908e-01
3.229504724286640927e-01
3.207183012025000002e-01
3.190984451391439269e-01
3.181963379489790578e-01
3.177236329952262128e-01
3.181963379489791133e-01
3.190984451391438714e-01
3.207183012025000002e-01
3.229504724286640371e-01
3.229586315077951908e-01
3.224924594115847754e-01
3.224916248383831174e-01
3.204273143928745293e-01
3.189262675490465160e-01
3.180982245955089605e-01
3.176893151881490240e-01
3.180982245955089605e-01
3.189262675490465160e-01
3.204273143928745293e-01
3.224916248383831174e-01
3.224924594115847754e-01
3.217033489435699445e-01
3.216946741930067910e-01
3.199343083875383908e-01
3.186239608317598115e-01
3.178915044387015665e-01
3.175098652400031862e-01
3.178915044387015665e-01
3.186239608317597560e-01
3.199343083875383908e-01
3.216946741930067910e-01
3.217033489435700000e-01
3.213573792528620632e-01
3.213564551783614776e-01
3.197182721187400989e-01
3.184987749068771690e-01
3.178229241498122248e-01
3.174909975711851517e-01
3.178229241498122248e-01
3.184987749068771690e-01
3.197182721187400989e-01
3.213564551783615331e-01
3.213573792528620077e-01
3.207760238946502085e-01
3.207672355394707853e-01
3.193562696433314696e-01
3.182806971955767228e-01
3.176787947686715574e-01
3.173681614531265183e-01
3.176787947686715574e-01
3.182806971955767228e-01
3.193562696433314696e-01
3.207672355394707298e-01
3.207760238946502640e-01
3.205204741650666822e-01
3.205188679522896766e-01
3.191978645421764127e-01
3.181916839501218175e-01
3.176331073721834763e-01
3.173609264782970563e-01
3.176331073721834763e-01
3.181916839501218175e-01
3.191978645421763572e-01
3.205188679522897321e-01
3.205204741650666267e-01
3.200938801993888361e-01
3.200851795736053829e-01
3.189345750709532967e-01
3.180371851937152106e-01
3.175350806857215602e-01
3.172790482950941238e-01
3.175350806857215602e-01
3.180371851937151551e-01
3.189345750709532412e-01
3.200851795736053274e-01
3.200938801993888916e-01
3.199059434101780286e-01
3.199033591839496316e-01
3.188193301106042044e-01
3.179746219578025168e-01
3.175055371116970448e-01
3.172790244669293491e-01
3.175055371116970448e-01
3.179746219578025168e-01
3.188193301106042044e-01
3.199033591839496316e-01
3.199059434101780286e-01
3.195937038809377184e-01
3.195854797635627187e-01
3.186289872990352157e-01
3.178659664198709156e-01
3.174391516719207162e-01
3.172241070191653689e-01
3.174391516719207162e-01
3.178659664198709711e-01
3.186289872990352157e-01
3.195854797635627187e-01
3.195937038809377184e-01
3.194562836064480105e-01
3.194523635360786429e-01
3.185454457588250410e-01
3.178220902602771347e-01
3.174203552161178332e-01
3.172282307362201403e-01
3.174203552161178332e-01
3.178220902602771347e-01
3.185454457588250410e-01
3.194523635360786429e-01
3.194562836064480105e-01
3.192277041542362359e-01
3.192201171893754297e-01
3.184080141687499754e-01
3.177457161472261871e-01
3.173750293408164058e-01
3.171903072313590477e-01
3.173750293408163503e-01
3.177457161472261871e-01
3.184080141687500309e-01
3.192201171893754297e-01
3.192277041542362359e-01
3.191275828937578662e-01
3.191224412150644452e-01
3.183474829862047994e-01
3.177146642447599700e-01
3.173633021222310169e-01
3.171966597402327004e-01
3.173633021222310169e-01
3.177146642447599700e-01
3.183474829862047994e-01
3.191224412150643897e-01
3.191275828937578662e-01
3.189600147744315883e-01
3.189529618499633012e-01
3.182479088942516410e-01
3.176609353935939128e-01
3.173317848490612159e-01
3.171695442975223100e-01
3.173317848490612159e-01
3.176609353935939128e-01
3.182479088942516410e-01
3.189529618499633012e-01
3.189600147744315883e-01
3.188871353169032696e-01
3.188810493680706015e-01
3.182040101920857733e-01
3.176384318667253015e-01
3.173247287724322296e-01
3.171767121123308941e-01
3.173247287724322296e-01
3.176384318667253015e-01
3.182040101920857733e-01
3.188810493680706015e-01
3.188871353169032696e-01
3.187638692817820196e-01
3.187573796168510221e-01
3.181312910294697982e-01
3.176005012882193723e-01
3.173021601342053688e-01
3.171566686659673118e-01
3.173021601342053688e-01
3.176005012882193723e-01
3.181312910294697982e-01
3.187573796168510221e-01
3.187638692817820196e-01
3.187109879381662680e-01
3.187041081950496846e-01
3.180993490010262659e-01
3.175837148015775435e-01
3.172979379387443899e-01
3.171634524826148493e-01
3.172979379387443899e-01
3.175837148015774880e-01
3.180993490010262659e-01
3.187041081950496846e-01
3.187109879381662680e-01
3.186199150506819899e-01
3.186138314042192832e-01
3.180457373239262697e-01
3.175565066952139581e-01
3.172811427897799241e-01
3.171481152703701234e-01
3.172811427897799241e-01
3.175565066952139581e-01
3.180457373239262697e-01
3.186138314042193387e-01
3.186199150506819899e-01
3.185815399590643526e-01
3.185742392428226877e-01
3.180222288229026528e-01
3.175437088592878987e-01
3.172782404998223393e-01
3.171534554351457258e-01
3.172782404998223393e-01
3.175437088592878987e-01
3.180222288229026528e-01
3.185742392428226877e-01
3.185815399590643526e-01
3.185142400540776908e-01
3.185082127030423593e-01
3.179824139865595756e-01
3.175235480290335977e-01
3.172651083966845365e-01
3.171412356875551453e-01
3.172651083966844809e-01
3.175235480290335977e-01
3.179824139865595756e-01
3.185082127030423593e-01
3.185142400540776908e-01
3.184862323142114704e-01
3.184789022969088390e-01
3.179648321895052199e-01
3.175136175581437237e-01
3.172625550513576420e-01
3.171444923452967357e-01
3.172625550513576420e-01
3.175136175581437237e-01
3.179648321895052199e-01
3.184789022969088390e-01
3.184862323142114704e-01
3.184366912873196620e-01
3.184305501669590921e-01
3.179351619497166603e-01
3.174981678723672873e-01
3.172517350726280494e-01
3.171343723275770743e-01
3.172517350726280494e-01
3.174981678723672873e-01
3.179351619497167158e-01
3.184305501669590921e-01
3.184366912873196620e-01
3.184162331628010989e-01
3.184090007546699908e-01
3.179218968181632965e-01
3.174903725079314953e-01
3.172491861068640340e-01
3.171355316597113672e-01
3.172491861068640340e-01
3.174903725079314953e-01
3.179218968181632965e-01
3.184090007546699908e-01
3.184162331628010989e-01
3.183800087551834634e-01
3.183737222960488777e-01
3.178999205417980534e-01
3.174784613882204454e-01
3.172401861185606964e-01
3.171270653303381870e-01
3.172401861185606964e-01
3.174784613882204454e-01
3.178999205417979979e-01
3.183737222960488777e-01
3.183800087551834634e-01
3.183651599365763252e-01
3.183580402473796811e-01
3.178900128393846725e-01
3.174725367830151801e-01
3.172379225821212456e-01
3.171271155003618780e-01
3.172379225821212456e-01
3.174725367830151801e-01
3.178900128393846725e-01
3.183580402473796811e-01
3.183651599365763252e-01
3.183390078365186393e-01
3.183325732764382132e-01
3.178741409838263254e-01
3.174640698203050615e-01
3.172312643639185747e-01
3.171207079530810602e-01
3.172312643639185747e-01
3.174640698203050615e-01
3.178741409838263254e-01
3.183325732764382132e-01
3.183390078365186393e-01
3.183283716826248999e-01
3.183213473434141072e-01
3.178671029451377583e-01
3.174600239627952125e-01
3.172302811502451525e-01
3.171216434842262788e-01
3.172302811502451525e-01
3.174600239627952125e-01
3.178671029451377583e-01
3.183213473434141627e-01
3.183283716826248999e-01
3.183098598441077010e-01
3.183033542633025847e-01
3.178561929290829591e-01
3.174554964693938608e-01
3.172269624373241781e-01
3.171184240748764482e-01
3.172269624373241781e-01
3.174554964693938053e-01
3.178561929290829591e-01
3.183033542633025847e-01
3.183098598441077565e-01
3.183024909981304607e-01
3.182954366042279881e-01
3.178517263727143050e-01
3.174531002309263217e-01
3.172279074242410624e-01
3.171214579020349977e-01
3.172279074242410624e-01
3.174531002309263217e-01
3.178517263727142494e-01
3.182954366042279881e-01
3.183024909981304607e-01
3.182896195035624931e-01
3.182832924253334306e-01
3.178446724305374893e-01
3.174523884010124752e-01
3.172275753440541579e-01
3.171208073001763328e-01
3.172275753440541579e-01
3.174523884010124197e-01
3.178446724305374893e-01
3.182832924253334306e-01
3.182896195035624931e-01
3.182849984933538434e-01
3.182776414739272863e-01
3.178424227249816436e-01
3.174518571800477584e-01
3.172304522514884373e-01
3.171262413784382006e-01
3.172304522514884373e-01
3.174518571800478139e-01
3.178424227249815881e-01
3.182776414739273418e-01
3.182849984933538434e-01
3.182760954518270013e-01
3.182702155541236033e-01
3.178415281336494091e-01
3.174523782712833642e-01
3.172335274607763211e-01
3.171270932944658116e-01
3.172335274607763211e-01
3.174523782712833642e-01
3.178415281336494091e-01
3.182702155541236033e-01
3.182760954518270013e-01
3.182738689212111782e-01
3.182665247718611257e-01
3.178371545089755390e-01
3.174553616153191204e-01
3.172354304475946130e-01
3.171349782770178094e-01
3.172354304475946130e-01
3.174553616153191204e-01
3.178371545089755390e-01
3.182665247718611257e-01
3.182738689212111782e-01
3.182690928813646791e-01
3.182626122125300494e-01
3.178450178221045030e-01
3.174583762371032125e-01
3.172404277506380987e-01
3.171341329835062894e-01
3.172404277506380987e-01
3.174583762371032125e-01
3.178450178221045030e-01
3.182626122125300494e-01
3.182690928813646791e-01
3.182678651147283211e-01
3.182616598632964644e-01
3.178378730629347060e-01
3.174601847172656699e-01
3.172456914814905660e-01
3.171420933392996022e-01
3.172456914814905660e-01
3.174601847172656699e-01
3.178378730629347060e-01
3.182616598632964644e-01
3.182678651147283211e-01
3.182678344262414027e-01
3.182602413527999552e-01
3.178498407679909432e-01
3.174928289250593672e-01
3.172472597673242078e-01
3.171497120557978389e-01
3.172472597673242078e-01
3.174928289250593672e-01
3.178498407679909432e-01
3.182602413527999552e-01
3.182678344262414027e-01
3.182669630822408946e-01
3.182618749616585863e-01
3.178558037186127727e-01
3.174817721099132961e-01
3.172615083468222075e-01
3.171560344588550961e-01
3.172615083468222075e-01
3.174817721099132961e-01
3.178558037186127727e-01
3.182618749616585863e-01
3.182669630822408946e-01
3.182706644235529514e-01
3.182634126476609482e-01
3.178753905827678139e-01
3.174686664470570685e-01
3.173146551474094190e-01
3.171599306735063961e-01
3.173146551474094190e-01
3.174686664470570685e-01
3.178753905827678139e-01
3.182634126476609482e-01
3.182706644235529514e-01
3.182713746164653190e-01
3.182669254395205094e-01
3.178857734502539278e-01
3.174823379067334694e-01
3.173430727101674842e-01
3.171799077615751195e-01
3.173430727101674842e-01
3.174823379067334694e-01
3.178857734502539278e-01
3.182669254395205094e-01
3.182713746164653190e-01
3.182784496184182244e-01
3.182713746164653190e-01
3.179036238007557635e-01
3.174650411247940673e-01
3.173601705264239015e-01
3.171561561378252736e-01
3.173601705264239015e-01
3.174650411247940673e-01
3.179036238007557635e-01
3.182713746164653190e-01
3.182784496184182244e-01
