2.318343751385178453e-01
2.318344925093943631e-01
2.318407684823648174e-01
2.319262035939505806e-01
2.319449769136082973e-01
2.319675810635274948e-01
2.319449769136082973e-01
2.319262035939505806e-01
2.318407684823648174e-01
2.318344925093943631e-01
2.318343751385178453e-01
2.318344925093943631e-01
2.318347541903642561e-01
2.318446267644876102e-01
2.319214899119907969e-01
2.319443445893323852e-01
2.319609006112258454e-01
2.319443445893323852e-01
2.319214899119907969e-01
2.318446267644876102e-01
2.318347541903642561e-01
2.318344925093943631e-01
2.318347851474596155e-01
2.318351124233836158e-01
2.318472851600422158e-01
2.319251842469991221e-01
2.319509251476936929e-01
2.319680551759155385e-01
2.319509251476936929e-01
2.319251842469991221e-01
2.318472851600422158e-01
2.318351124233836158e-01
2.318347851474596155e-01
2.318359522167123821e-01
2.318363021354364339e-01
2.318520057754082375e-01
2.319287550564000100e-01
2.319598012000537446e-01
2.319704243177837244e-01
2.319598012000537446e-01
2.319287550564000100e-01
2.318520057754082375e-01
2.318363021354364339e-01
2.318359522167123821e-01
2.318367415988379920e-01
2.318371249982708049e-01
2.318548085902261413e-01
2.319321043613991329e-01
2.319646470989511489e-01
2.319766922840234558e-01
2.319646470989511489e-01
2.319321043613991329e-01
2.318548085902261413e-01
2.318371249982708049e-01
2.318367415988379643e-01
2.318387766084004098e-01
2.318391260868397363e-01
2.318587021424946826e-01
2.319411756330698182e-01
2.319714472864284061e-01
2.319834533513379093e-01
2.319714472864284061e-01
2.319411756330698182e-01
2.318587021424946826e-01
2.318391260868397363e-01
2.318387766084004098e-01
2.318399221905313168e-01
2.318403402947426528e-01
2.318607073627350079e-01
2.319443853141500700e-01
2.319758355347787959e-01
2.319894920907469293e-01
2.319758355347787959e-01
2.319443853141500700e-01
2.318607073627350079e-01
2.318403402947426528e-01
2.318399221905313168e-01
2.318426158589885488e-01
2.318429742539930838e-01
2.318650568365269449e-01
2.319503082504698888e-01
2.319825519781587575e-01
2.319954475782730896e-01
2.319825519781587575e-01
2.319503082504698888e-01
2.318650568365269449e-01
2.318429742539930838e-01
2.318426158589885488e-01
2.318440249994411506e-01
2.318444019107863130e-01
2.318672350800023430e-01
2.319533015996613767e-01
2.319865220440318065e-01
2.320006125848150524e-01
2.319865220440318065e-01
2.319533015996613767e-01
2.318672350800023430e-01
2.318444019107863130e-01
2.318440249994411506e-01
2.318469755475233429e-01
2.318473430795816859e-01
2.318716493987980354e-01
2.319591313747098593e-01
2.319926875638377850e-01
2.320063852846794838e-01
2.319926875638377850e-01
2.319591313747098593e-01
2.318716493987980354e-01
2.318473430795816859e-01
2.318469755475233429e-01
2.318484677480771583e-01
2.318488358028666096e-01
2.318737477867817420e-01
2.319619839512319925e-01
2.319962254796405221e-01
2.320110696749055068e-01
2.319962254796405221e-01
2.319619839512319925e-01
2.318737477867817420e-01
2.318488358028666096e-01
2.318484677480771583e-01
2.318514594883900326e-01
2.318518332763213341e-01
2.318779476272198881e-01
2.319673366388607938e-01
2.320017690641351105e-01
2.320160282451723122e-01
2.320017690641351105e-01
2.319673366388607938e-01
2.318779476272198881e-01
2.318518332763213341e-01
2.318514594883900326e-01
2.318529361768892905e-01
2.318532815027299909e-01
2.318799065184508068e-01
2.319699214160832745e-01
2.320049963365188594e-01
2.320201782913549893e-01
2.320049963365188594e-01
2.319699214160832745e-01
2.318799065184508068e-01
2.318532815027299909e-01
2.318529361768892905e-01
2.318557269266319221e-01
2.318561162327358871e-01
2.318837754488455027e-01
2.319748023825730643e-01
2.320099752262094195e-01
2.320245315614179182e-01
2.320099752262094195e-01
2.319748023825730643e-01
2.318837754488455027e-01
2.318561162327358871e-01
2.318557269266319221e-01
2.318570694677005994e-01
2.318574438782401714e-01
2.318856035685894768e-01
2.319771686503381003e-01
2.320129540451892070e-01
2.320283365443863433e-01
2.320129540451892070e-01
2.319771686503381003e-01
2.318856035685894768e-01
2.318574438782401714e-01
2.318570694677005994e-01
2.318595632295486764e-01
2.318599623131247511e-01
2.318890686098374898e-01
2.319816855471777961e-01
2.320175549151982375e-01
2.320323846470482843e-01
2.320175549151982375e-01
2.319816855471777961e-01
2.318890686098374898e-01
2.318599623131247511e-01
2.318595632295486764e-01
2.318607148294986042e-01
2.318611299274761228e-01
2.318907521956062867e-01
2.319838961667134158e-01
2.320202570054818725e-01
2.320358736075607275e-01
2.320202570054818725e-01
2.319838961667134158e-01
2.318907521956062867e-01
2.318611299274761228e-01
2.318607148294986042e-01
2.318628408050507905e-01
2.318632597341807877e-01
2.318939331227960476e-01
2.319881139954556859e-01
2.320245978502194495e-01
2.320396886629049193e-01
2.320245978502194495e-01
2.319881139954556859e-01
2.318939331227960476e-01
2.318632597341807877e-01
2.318628408050507905e-01
2.318637817114560795e-01
2.318642200285444543e-01
2.318954812268761434e-01
2.319902349948353981e-01
2.320271991986002647e-01
2.320430256545157333e-01
2.320271991986002647e-01
2.319902349948353981e-01
2.318954812268761434e-01
2.318642200285444543e-01
2.318637817114560795e-01
2.318654359582684732e-01
2.318659068540451784e-01
2.318984960959277752e-01
2.319943456317326569e-01
2.320315177427107467e-01
2.320468973426351444e-01
2.320315177427107467e-01
2.319943456317326569e-01
2.318984960959277752e-01
2.318659068540451784e-01
2.318654359582684732e-01
2.318661498478933325e-01
2.318666037194246909e-01
2.318999478564698624e-01
2.319964810010832212e-01
2.320341973197665719e-01
2.320503493845016973e-01
2.320341973197665719e-01
2.319964810010832212e-01
2.318999478564698624e-01
2.318666037194246909e-01
2.318661498478933325e-01
2.318672434328596099e-01
2.318677450807680174e-01
2.319027818439280408e-01
2.320007484663453856e-01
2.320388873841135180e-01
2.320547103699124869e-01
2.320388873841135180e-01
2.320007484663453856e-01
2.319027818439280408e-01
2.318677450807680174e-01
2.318672434328596099e-01
2.318676317597477832e-01
2.318681127908691075e-01
2.319041307771299298e-01
2.320029907567804084e-01
2.320418983265034596e-01
2.320586766955792246e-01
2.320418983265034596e-01
2.320029907567804084e-01
2.319041307771299298e-01
2.318681127908691075e-01
2.318676317597477832e-01
2.318679544348618005e-01
2.318684488239600439e-01
2.319066306883101614e-01
2.320074907451555868e-01
2.320471133893077242e-01
2.320635972473669428e-01
2.320471133893077242e-01
2.320074907451555868e-01
2.319066306883101614e-01
2.318684488239600439e-01
2.318679544348618005e-01
2.318678268921946506e-01
2.318683331064116115e-01
2.319077156803445727e-01
2.320098255419578981e-01
2.320506186830795514e-01
2.320684798784407310e-01
2.320506186830795514e-01
2.320098255419578981e-01
2.319077156803445727e-01
2.318683331064116115e-01
2.318678268921946506e-01
2.318669402136044333e-01
2.318673996625483791e-01
2.319094067206811660e-01
2.320141875412871091e-01
2.320561142189138670e-01
2.320736971953940853e-01
2.320561142189138670e-01
2.320141875412871091e-01
2.319094067206811660e-01
2.318673996625483791e-01
2.318669402136044333e-01
2.318660133424216840e-01
2.318664900558551900e-01
2.319098605756619580e-01
2.320162755248425523e-01
2.320598326925562005e-01
2.320794354086764544e-01
2.320598326925562005e-01
2.320162755248425523e-01
2.319098605756619580e-01
2.318664900558551900e-01
2.318660133424216840e-01
2.318631438832511049e-01
2.318635612589640405e-01
2.319097950542204079e-01
2.320193138674993827e-01
2.320642866631773826e-01
2.320835016043424348e-01
2.320642866631773826e-01
2.320193138674993827e-01
2.319097950542204079e-01
2.318635612589640405e-01
2.318631438832511049e-01
2.318610093119239102e-01
2.318614225634858250e-01
2.319090512962906081e-01
2.320203256946656301e-01
2.320672274278483271e-01
2.320889842880427822e-01
2.320672274278483271e-01
2.320203256946656301e-01
2.319090512962906081e-01
2.318614225634857973e-01
2.318610093119239102e-01
2.318552246197552180e-01
2.318556151124210596e-01
2.319059453973250085e-01
2.320200473085481940e-01
2.320680995480496056e-01
2.320891360127537717e-01
2.320680995480496056e-01
2.320200473085481940e-01
2.319059453973250085e-01
2.318556151124210596e-01
2.318552246197552180e-01
2.318514449123771914e-01
2.318518236766117790e-01
2.319033983649069208e-01
2.320188727500338277e-01
2.320686255974027667e-01
2.320921388211394931e-01
2.320686255974027667e-01
2.320188727500338277e-01
2.319033983649069208e-01
2.318518236766117790e-01
2.318514449123771914e-01
2.318419826516268378e-01
2.318423710102076596e-01
2.318962246108552949e-01
2.320132680298884198e-01
2.320631858416234428e-01
2.320855358289872772e-01
2.320631858416234428e-01
2.320132680298884198e-01
2.318962246108552949e-01
2.318423710102076596e-01
2.318419826516268378e-01
2.318362314277842839e-01
2.318366359970486790e-01
2.318916034113352731e-01
2.320091142732233491e-01
2.320597010886638056e-01
2.320834594582127375e-01
2.320597010886638056e-01
2.320091142732233491e-01
2.318916034113352731e-01
2.318366359970486790e-01
2.318362314277842839e-01
2.318226469100375942e-01
2.318230608637358303e-01
2.318804666453653240e-01
2.319976603913063984e-01
2.320468644185262053e-01
2.320690920956072767e-01
2.320468644185262053e-01
2.319976603913063984e-01
2.318804666453652963e-01
2.318230608637358303e-01
2.318226469100375942e-01
2.318147278829373326e-01
2.318152168318023121e-01
2.318742454839000100e-01
2.319909591904874002e-01
2.320391575547913199e-01
2.320606787729544707e-01
2.320391575547913199e-01
2.319909591904874002e-01
2.318742454839000100e-01
2.318152168318023121e-01
2.318147278829373326e-01
2.317967200025167207e-01
2.317972286613842192e-01
2.318610443885147920e-01
2.319765346219954394e-01
2.320221473180878458e-01
2.320421676292262203e-01
2.320221473180878458e-01
2.319765346219954394e-01
2.318610443885147920e-01
2.317972286613842192e-01
2.317967200025167207e-01
2.317864614393853884e-01
2.317870989833588358e-01
2.318546385313017821e-01
2.319698738392303172e-01
2.320131892335277612e-01
2.320302834876335485e-01
2.320131892335277612e-01
2.319698738392303172e-01
2.318546385313017821e-01
2.317870989833588358e-01
2.317864614393853884e-01
2.317635176639641637e-01
2.317641880080526240e-01
2.318429844537737705e-01
2.319600337989066452e-01
2.320017607399480764e-01
2.320182077613531235e-01
2.320017607399480764e-01
2.319600337989066452e-01
2.318429844537737705e-01
2.317641880080526240e-01
2.317635176639641637e-01
2.317504352677068613e-01
2.317512140000919652e-01
2.318383407464381651e-01
2.319583700150385508e-01
2.319990310408644729e-01
2.320125823312508551e-01
2.319990310408644729e-01
2.319583700150385508e-01
2.318383407464381651e-01
2.317512140000919652e-01
2.317504352677068613e-01
2.317207234492320023e-01
2.317214462579724465e-01
2.318317601596202315e-01
2.319641214565202059e-01
2.320089367605040476e-01
2.320239818938671372e-01
2.320089367605040476e-01
2.319641214565202059e-01
2.318317601596202315e-01
2.317214462579724465e-01
2.317207234492320023e-01
2.317031116648105848e-01
2.317038826189424250e-01
2.318297860765381746e-01
2.319731180968624962e-01
2.320233417220152194e-01
2.320412232208853565e-01
2.320233417220152194e-01
2.319731180968624962e-01
2.318297860765381746e-01
2.317038826189424250e-01
2.317031116648105848e-01
2.316613201441693748e-01
2.316619180916922871e-01
2.318272865981839126e-01
2.320027437183693475e-01
2.320694700728373472e-01
2.320923424076821173e-01
2.320694700728373472e-01
2.320027437183693475e-01
2.318272865981839126e-01
2.316619180916922871e-01
2.316613201441693748e-01
2.316353670819934485e-01
2.316360222783385159e-01
2.318251178486232522e-01
2.320241067092865261e-01
2.321094124217938648e-01
2.321492316117313714e-01
2.321094124217938648e-01
2.320241067092865261e-01
2.318251178486232522e-01
2.316360222783385159e-01
2.316353670819934485e-01
2.315717157850507024e-01
2.315721445108680221e-01
2.318151719359267671e-01
2.320710168182747446e-01
2.321896613593052716e-01
2.322377719854643030e-01
2.321896613593052716e-01
2.320710168182747446e-01
2.318151719359267671e-01
2.315721445108680221e-01
2.315717157850507024e-01
2.315316337227230348e-01
2.315321407448557023e-01
2.318034111704276312e-01
2.320954017199119146e-01
2.322497845542128569e-01
2.323357364703297623e-01
2.322497845542128569e-01
2.320954017199119146e-01
2.318034111704276312e-01
2.315321407448557023e-01
2.315316337227230348e-01
2.314330767780277132e-01
2.314333915408679221e-01
2.317596893261625046e-01
2.321243970996908490e-01
2.323248841886755289e-01
2.324192006273816946e-01
2.323248841886755289e-01
2.321243970996908490e-01
2.317596893261625046e-01
2.314333915408679221e-01
2.314330767780277132e-01
2.313722641394502233e-01
2.313725983978092704e-01
2.317218224262673210e-01
2.321254979206899272e-01
2.323734756943376667e-01
2.325240326838820815e-01
2.323734756943376667e-01
2.321254979206899272e-01
2.317218224262673210e-01
2.313725983978092704e-01
2.313722641394502233e-01
2.312259511650976984e-01
2.312262319891122964e-01
2.316061517971146344e-01
2.320674467549896092e-01
2.323551745994986428e-01
2.325073156070003588e-01
2.323551745994986428e-01
2.320674467549896092e-01
2.316061517971146344e-01
2.312262319891122964e-01
2.312259511650976984e-01
2.311392759005510000e-01
2.311395295361240998e-01
2.315231914929775370e-01
2.320037997805803054e-01
2.323293285195728863e-01
2.325353081977870051e-01
2.323293285195728863e-01
2.320037997805803054e-01
2.315231914929775370e-01
2.311395295361240998e-01
2.311392759005510000e-01
2.309385911806270675e-01
2.309388098471576445e-01
2.313022859396259845e-01
2.317736326727699303e-01
2.320962610869977405e-01
2.322868911694020433e-01
2.320962610869977405e-01
2.317736326727699303e-01
2.313022859396259845e-01
2.309388098471576445e-01
2.309385911806270675e-01
2.308253518537755344e-01
2.308257118620984649e-01
2.311652412344537832e-01
2.316065261413869647e-01
2.319194033494963447e-01
2.321185731223907589e-01
2.319194033494963447e-01
2.316065261413869369e-01
2.311652412344537832e-01
2.308257118620984649e-01
2.308253518537755344e-01
2.305753533995505700e-01
2.305758935321791658e-01
2.308435975117745786e-01
2.311598758911281581e-01
2.313851891929499249e-01
2.315426700280485695e-01
2.313851891929499249e-01
2.311598758911281581e-01
2.308435975117745786e-01
2.305758935321791658e-01
2.305753533995505700e-01
2.304416051850335101e-01
2.304424391777516179e-01
2.306727549138002653e-01
2.308929331334779456e-01
2.310219102701865646e-01
2.310903495115699535e-01
2.310219102701865646e-01
2.308929331334779178e-01
2.306727549138002653e-01
2.304424391777516179e-01
2.304416051850335101e-01
2.301603470208100632e-01
2.301612142295507701e-01
2.303329389120486737e-01
2.303223386728640854e-01
2.302655803728079764e-01
2.302674961610861881e-01
2.302655803728079764e-01
2.303223386728640854e-01
2.303329389120486737e-01
2.301612142295507701e-01
2.301603470208100632e-01
2.300150642155473768e-01
2.300159625192398360e-01
2.301936434380353058e-01
2.300555219067859647e-01
2.298139112376960114e-01
2.296064225805351522e-01
2.298139112376960114e-01
2.300555219067859647e-01
2.301936434380353058e-01
2.300159625192398360e-01
2.300150642155473768e-01
2.297147862977752253e-01
2.297154575637937457e-01
2.300109673606214877e-01
2.296889720230537446e-01
2.292366340188915497e-01
2.289644438186020925e-01
2.292366340188915497e-01
2.296889720230537446e-01
2.300109673606214877e-01
2.297154575637937457e-01
2.297147862977752253e-01
2.295548122526621382e-01
2.295553230137321321e-01
2.300027662014103025e-01
2.296549953824033596e-01
2.290256275839420708e-01
2.284993440043751045e-01
2.290256275839420708e-01
2.296549953824033596e-01
2.300027662014103025e-01
2.295553230137321321e-01
2.295548122526621382e-01
2.292030814937364436e-01
2.292035327809301970e-01
2.301756723121096138e-01
2.300612637455732024e-01
2.294277140819746819e-01
2.289073680539803202e-01
2.294277140819746819e-01
2.300612637455732024e-01
2.301756723121096138e-01
2.292035327809301970e-01
2.292030814937364436e-01
2.289910631038189759e-01
2.289912304276447985e-01
2.303616174819614337e-01
2.305764186033931740e-01
2.300367508273786776e-01
2.294812985721619292e-01
2.300367508273786776e-01
2.305764186033931740e-01
2.303616174819614337e-01
2.289912304276447985e-01
2.289910631038189759e-01
2.284635709394795544e-01
2.284633677618697067e-01
2.308859528704892694e-01
2.323005038648096876e-01
2.323918087385659081e-01
2.320330315862003112e-01
2.323918087385659081e-01
2.323005038648096876e-01
2.308859528704892694e-01
2.284633677618697067e-01
2.284635709394795544e-01
2.281072722885904014e-01
2.281067274920869081e-01
2.311296451240086314e-01
2.335153928166838200e-01
2.344252111014949180e-01
2.347740084566263263e-01
2.344252111014949180e-01
2.335153928166838200e-01
2.311296451240086314e-01
2.281067274920869081e-01
2.281072722885904014e-01
2.271630608816472829e-01
2.271628817719408833e-01
2.313763590269196646e-01
2.362733404489657796e-01
2.389572025656200582e-01
2.398444235441582473e-01
2.389572025656200582e-01
2.362733404489657796e-01
2.313763590269196646e-01
2.271628817719409110e-01
2.271630608816472829e-01
2.265303032801181393e-01
2.265300947143645549e-01
2.311092720696987235e-01
2.375696980742538766e-01
2.422619862294109194e-01
2.452952551252652047e-01
2.422619862294109194e-01
2.375696980742538766e-01
2.311092720696987235e-01
2.265300947143645549e-01
2.265303032801181393e-01
2.249158975698717644e-01
2.249160810609470151e-01
2.293849002731225550e-01
2.386359262390167213e-01
2.462260551695519828e-01
2.501876518544540740e-01
2.462260551695519828e-01
2.386359262390167213e-01
2.293849002731225550e-01
2.249160810609470151e-01
2.249158975698717644e-01
2.239388512700243306e-01
2.239385849683956375e-01
2.275271631049410048e-01
2.376225017572769771e-01
2.480811654173166736e-01
2.559476264077126806e-01
2.480811654173166736e-01
2.376225017572769771e-01
2.275271631049410048e-01
2.239385849683956375e-01
2.239388512700243306e-01
2.217110380712235818e-01
2.217118312148100290e-01
2.214329219821007944e-01
2.297927960867920394e-01
2.413147868941195318e-01
2.499274842168641986e-01
2.413147868941195318e-01
2.297927960867920394e-01
2.214329219821007944e-01
2.217118312148100290e-01
2.217110380712235818e-01
2.206084271625207982e-01
2.206095512289202309e-01
2.171782745569573181e-01
2.219273587814168391e-01
2.323083791185713287e-01
2.442088298838867577e-01
2.323083791185713287e-01
2.219273587814168391e-01
2.171782745569573181e-01
2.206095512289202309e-01
2.206084271625207982e-01
2.498910875521526687e-01
2.186687019254936193e-01
2.068114599003602061e-01
1.974785671701481671e-01
1.868616427533198177e-01
1.759557177199260469e-01
1.868616427533198177e-01
1.974785671701481671e-01
2.068114599003602061e-01
2.186687019254936193e-01
2.498910875521526687e-01
2.498910875521526687e-01
2.175459737795501503e-01
2.021300933040166559e-01
1.884678873181407921e-01
1.755304145019813689e-01
1.663650001972555581e-01
1.755304145019813689e-01
1.884678873181407921e-01
2.021300933040166836e-01
2.175459737795501503e-01
2.498910875521526687e-01
2.498910875521526687e-01
2.152246800750650668e-01
1.944720856134445897e-01
1.769455201812678014e-01
1.634003036827905986e-01
1.545051918885716191e-01
1.634003036827905986e-01
1.769455201812678014e-01
1.944720856134445897e-01
2.152246800750650668e-01
2.498910875521526687e-01
2.498910875521526687e-01
2.141831095647125371e-01
1.916835962877985466e-01
1.737105537944065303e-01
1.614229434645491623e-01
1.545879426486835018e-01
1.614229434645491623e-01
1.737105537944065303e-01
1.916835962877985466e-01
2.141831095647125371e-01
2.498910875521526687e-01
2.498910875521526687e-01
2.124333357114127074e-01
1.880296013780896058e-01
1.706326871745527662e-01
1.597176431264594465e-01
1.533800819944288463e-01
1.597176431264594465e-01
1.706326871745527662e-01
1.880296013780896058e-01
2.124333357114127074e-01
2.498910875521526687e-01
2.498910875521526687e-01
2.117622617238442972e-01
1.869632827433196642e-01
1.702263755458721384e-01
1.604607456993873971e-01
1.554125591101415960e-01
1.604607456993873971e-01
1.702263755458721384e-01
1.869632827433196642e-01
2.117622617238442972e-01
2.498910875521526687e-01
2.498910875521526687e-01
2.108337635018546485e-01
1.860686678935639660e-01
1.707768019612610766e-01
1.621837852599918861e-01
1.574942380144407905e-01
1.621837852599918861e-01
1.707768019612610766e-01
1.860686678935639660e-01
2.108337635018546485e-01
2.498910875521526687e-01
2.498910875521526687e-01
2.105561544104202765e-01
1.860524284502359516e-01
1.715107146986613873e-01
1.637119236211352358e-01
1.598086069906134721e-01
1.637119236211352358e-01
1.715107146986613873e-01
1.860524284502359516e-01
2.105561544104202765e-01
2.498910875521526687e-01
2.498910875521526687e-01
2.103452565486954584e-01
1.866691954841850909e-01
1.734462222692536859e-01
1.664691356763820240e-01
1.628050674584534119e-01
1.664691356763820240e-01
1.734462222692536859e-01
1.866691954841850909e-01
2.103452565486954584e-01
2.498910875521526687e-01
2.498910875521526687e-01
2.103748563639988578e-01
1.871861976498568059e-01
1.745697391719907843e-01
1.681158495014360710e-01
1.649334876903741087e-01
1.681158495014360710e-01
1.745697391719907843e-01
1.871861976498568059e-01
2.103748563639988578e-01
2.498910875521526687e-01
2.498910875521526687e-01
2.106693182972053657e-01
1.885034674585591430e-01
1.769004493712720838e-01
1.709967062311118779e-01
1.679705348840310752e-01
1.709967062311118779e-01
1.769004493712720838e-01
1.885034674585591152e-01
2.106693182972053657e-01
2.498910875521526687e-01
2.498910875521526687e-01
2.108997761341972477e-01
1.892427738187614228e-01
1.780866814491889882e-01
1.725244213958817829e-01
1.697962936060824490e-01
1.725244213958817829e-01
1.780866814491889882e-01
1.892427738187614228e-01
2.108997761341972477e-01
2.498910875521526687e-01
2.498910875521526687e-01
2.114985131101787541e-01
1.908040640079648187e-01
1.803844055043833938e-01
1.751862560459681861e-01
1.725594922975796919e-01
1.751862560459681861e-01
1.803844055043833938e-01
1.908040640079648187e-01
2.114985131101787541e-01
2.498910875521526687e-01
2.498910875521526687e-01
2.118406963021719491e-01
1.915978222065291003e-01
1.814974226520414124e-01
1.765226921106943792e-01
1.740823602888103006e-01
1.765226921106943792e-01
1.814974226520414124e-01
1.915978222065291003e-01
2.118406963021719491e-01
2.498910875521526687e-01
2.498910875521526687e-01
2.125906111222763406e-01
1.931672545621898607e-01
1.835928348818048894e-01
1.788597277253984597e-01
1.764857484009568211e-01
1.788597277253984597e-01
1.835928348818048894e-01
1.931672545621898607e-01
2.125906111222763406e-01
2.498910875521526687e-01
2.498910875521526687e-01
2.129809215686650214e-01
1.939326839828979521e-01
1.845849296158257602e-01
1.799994008409797897e-01
1.777433567522148650e-01
1.799994008409797897e-01
1.845849296158257602e-01
1.939326839828979521e-01
2.129809215686650214e-01
2.498910875521526687e-01
2.498910875521526687e-01
2.137797680968732683e-01
1.954007268381519891e-01
1.864291813738040426e-01
1.820060413114730768e-01
1.797941503969613386e-01
1.820060413114730768e-01
1.864291813738040426e-01
1.954007268381519891e-01
2.137797680968732683e-01
2.498910875521526687e-01
2.498910875521526687e-01
2.141777855284631160e-01
1.961022909730182895e-01
1.872930101855327933e-01
1.829691325414454228e-01
1.808330012206223469e-01
1.829691325414454228e-01
1.872930101855327933e-01
1.961022909730182895e-01
2.141777855284631160e-01
2.498910875521526687e-01
2.498910875521526687e-01
2.149641240305264767e-01
1.974272371798493630e-01
1.888911858983953196e-01
1.846790747803199462e-01
1.825732811429127966e-01
1.846790747803199462e-01
1.888911858983953196e-01
1.974272371798493630e-01
2.149641240305264767e-01
2.498910875521526687e-01
2.498910875521526687e-01
2.153463182922087937e-01
1.980538612887017269e-01
1.896363562177738882e-01
1.854929124115260175e-01
1.834369952054513142e-01
1.854929124115260175e-01
1.896363562177738882e-01
1.980538612887017269e-01
2.153463182922087937e-01
2.498910875521526687e-01
2.498910875521526687e-01
2.160855911728448431e-01
1.992280350035373071e-01
1.910139323872539763e-01
1.869500042829614350e-01
1.849158893688475636e-01
1.869500042829614350e-01
1.910139323872540040e-01
1.992280350035373071e-01
2.160855911728448153e-01
2.498910875521526687e-01
2.498910875521526687e-01
2.164395474901734395e-01
1.997804321412849915e-01
1.916554604462185341e-01
1.876407796623706103e-01
1.856407747184861123e-01
1.876407796623706103e-01
1.916554604462185341e-01
1.997804321412850193e-01
2.164395474901734673e-01
2.498910875521526687e-01
2.498910875521526687e-01
2.171152416628513437e-01
2.008117900230013686e-01
1.928427069596834742e-01
1.888868022114608969e-01
1.869030942503656922e-01
1.888868022114608969e-01
1.928427069596834742e-01
2.008117900230013686e-01
2.171152416628513437e-01
2.498910875521526687e-01
2.498910875521526687e-01
2.174358131197425825e-01
2.012958261549534777e-01
1.933959513026624055e-01
1.894769176867904248e-01
1.875177558841291670e-01
1.894769176867904248e-01
1.933959513026624055e-01
2.012958261549534777e-01
2.174358131197425825e-01
2.498910875521526687e-01
2.498910875521526687e-01
2.180427388365810681e-01
2.021983514080197830e-01
1.944219147289793226e-01
1.905482309124988949e-01
1.886016946003803985e-01
1.905482309124988949e-01
1.944219147289793226e-01
2.021983514080197830e-01
2.180427388365810681e-01
2.498910875521526687e-01
2.498910875521526687e-01
2.183290888655773643e-01
2.026216993430879076e-01
1.949008359016948244e-01
1.910561264482021349e-01
1.891282938646017542e-01
1.910561264482021349e-01
1.949008359016948244e-01
2.026216993430879354e-01
2.183290888655773643e-01
2.498910875521526687e-01
2.498910875521526687e-01
2.188686503093615898e-01
2.034110455199631406e-01
1.957912977064530935e-01
1.919832065955569267e-01
1.900655989273529189e-01
1.919832065955569267e-01
1.957912977064530935e-01
2.034110455199631406e-01
2.188686503093615898e-01
2.498910875521526687e-01
2.498910875521526687e-01
2.191224319820728184e-01
2.037815457043749001e-01
1.962078936862886591e-01
1.924236625515518273e-01
1.905211458735337482e-01
1.924236625515518273e-01
1.962078936862886591e-01
2.037815457043749001e-01
2.191224319820728184e-01
2.498910875521526687e-01
2.498910875521526687e-01
2.195996329863287022e-01
2.044728447532337123e-01
1.969844997225276839e-01
1.932310504352578173e-01
1.913372344893795318e-01
1.932310504352578173e-01
1.969844997225276839e-01
2.044728447532337123e-01
2.195996329863287022e-01
2.498910875521526687e-01
2.498910875521526687e-01
2.198238738244822355e-01
2.047977176133161381e-01
1.973485134748616254e-01
1.936153127200337110e-01
1.917341042118165528e-01
1.936153127200337110e-01
1.973485134748616254e-01
2.047977176133161381e-01
2.198238738244822355e-01
2.498910875521526687e-01
2.498910875521526687e-01
2.202455487123898825e-01
2.054045119386547491e-01
1.980282866878902981e-01
1.943214719741514773e-01
1.924479134009345893e-01
1.943214719741514773e-01
1.980282866878902981e-01
2.054045119386547491e-01
2.202455487123898825e-01
2.498910875521526687e-01
2.498910875521526687e-01
2.204439797879643170e-01
2.056899549263336013e-01
1.983470196660356843e-01
1.946573556225925095e-01
1.927941776491303161e-01
1.946573556225925095e-01
1.983470196660356843e-01
2.056899549263336013e-01
2.204439797879643170e-01
2.498910875521526687e-01
2.498910875521526687e-01
2.208178729817273367e-01
2.062234553676038362e-01
1.989420445741395538e-01
1.952745584874300833e-01
1.934180564982937445e-01
1.952745584874300833e-01
1.989420445741395538e-01
2.062234553676038362e-01
2.208178729817273367e-01
2.498910875521526687e-01
2.498910875521526687e-01
2.209945169987662106e-01
2.064743931273584077e-01
1.992203157318115092e-01
1.955665139663863850e-01
1.937176536130988114e-01
1.955665139663863850e-01
1.992203157318115092e-01
2.064743931273584077e-01
2.209945169987662106e-01
2.498910875521526687e-01
2.498910875521526687e-01
2.213287523252716327e-01
2.069432863201587924e-01
1.997379893716192401e-01
1.961012509622649669e-01
1.942577905197605259e-01
1.961012509622649669e-01
1.997379893716192401e-01
2.069432863201587924e-01
2.213287523252716327e-01
2.498910875521526687e-01
2.498910875521526687e-01
2.214877806448072306e-01
2.071636090989620316e-01
1.999785327989808681e-01
1.963507616246240040e-01
1.945110257929142106e-01
1.963507616246240040e-01
1.999785327989808681e-01
2.071636090989620316e-01
2.214877806448072306e-01
2.498910875521526687e-01
2.498910875521526687e-01
2.217911372231104183e-01
2.075751749985053352e-01
2.004229623693584983e-01
1.968051483876170626e-01
1.949688997918753441e-01
1.968051483876170626e-01
2.004229623693585260e-01
2.075751749985053352e-01
2.217911372231104183e-01
2.498910875521526687e-01
2.498910875521526687e-01
2.219372686031234332e-01
2.077686156205820478e-01
2.006274380694825776e-01
1.970118173686962459e-01
1.951735061920500114e-01
1.970118173686962459e-01
2.006274380694825776e-01
2.077686156205820478e-01
2.219372686031234332e-01
2.498910875521526687e-01
2.498910875521526687e-01
2.222204240316835722e-01
2.081310184776266892e-01
2.010022666979258410e-01
1.973865473000844251e-01
1.955489216497382221e-01
1.973865473000844251e-01
2.010022666979258410e-01
2.081310184776266892e-01
2.222204240316835722e-01
2.498910875521526687e-01
2.498910875521526687e-01
2.223598656588974820e-01
2.083026165544248076e-01
2.011731258999548688e-01
1.975502283240537782e-01
1.957022384887429356e-01
1.975502283240537782e-01
2.011731258999548688e-01
2.083026165544248076e-01
2.223598656588974820e-01
2.498910875521526687e-01
2.498910875521526687e-01
2.226374659560837466e-01
2.086286563278586526e-01
2.014862385645511123e-01
1.978497641536428875e-01
1.959985657473133913e-01
1.978497641536428875e-01
2.014862385645511123e-01
2.086286563278586526e-01
2.226374659560837466e-01
2.498910875521526687e-01
2.498910875521526687e-01
2.227791172799294117e-01
2.087869313896716650e-01
2.016296104014004553e-01
1.979739533157600651e-01
1.961014237649738035e-01
1.979739533157600651e-01
2.016296104014004553e-01
2.087869313896716650e-01
2.227791172799294117e-01
2.498910875521526687e-01
2.498910875521526687e-01
2.230723481573980704e-01
2.090988882121046222e-01
2.018996170820352709e-01
1.982140561062500084e-01
1.963333200892663499e-01
1.982140561062500084e-01
2.018996170820352709e-01
2.090988882121046222e-01
2.230723481573980704e-01
2.498910875521526687e-01
2.498910875521526687e-01
2.232290273554168036e-01
2.092582110644257976e-01
2.020288046569350127e-01
1.983103540939943066e-01
1.963956090930522869e-01
1.983103540939943066e-01
2.020288046569350127e-01
2.092582110644257976e-01
2.232290273554168036e-01
2.498910875521526687e-01
2.498910875521526687e-01
2.235682685150745530e-01
2.095921528527958377e-01
2.022916952641226340e-01
1.985263421976617981e-01
1.965978921385986289e-01
1.985263421976618259e-01
2.022916952641226340e-01
2.095921528527958377e-01
2.235682685150745530e-01
2.498910875521526687e-01
2.498910875521526687e-01
2.237579131490207707e-01
2.097745347954013961e-01
2.024301384678350302e-01
1.986186459546414040e-01
1.966440247212231096e-01
1.986186459546413763e-01
2.024301384678350302e-01
2.097745347954013961e-01
2.237579131490207707e-01
2.498910875521526687e-01
2.498910875521526687e-01
2.241851619535253359e-01
2.101828209896492439e-01
2.027435431657372833e-01
1.988709859003016667e-01
1.968779548624117193e-01
1.988709859003016667e-01
2.027435431657372833e-01
2.101828209896492439e-01
2.241851619535253359e-01
2.498910875521526687e-01
2.498910875521526687e-01
2.244321994843943013e-01
2.104185458745546078e-01
2.029255230568221269e-01
1.989971849378426305e-01
1.969496054388062689e-01
1.989971849378426305e-01
2.029255230568221269e-01
2.104185458745546078e-01
2.244321994843943013e-01
2.498910875521526687e-01
2.498910875521526687e-01
2.250035452371263456e-01
2.109696042672047911e-01
2.033670787698147464e-01
1.993696439123897601e-01
1.973010150229091153e-01
1.993696439123897601e-01
2.033670787698147464e-01
2.109696042672047911e-01
2.250035452371263456e-01
2.498910875521526687e-01
2.498910875521526687e-01
2.253404442685453812e-01
2.112964389550012201e-01
2.036349417475416534e-01
1.995778879148033536e-01
1.974527913673220225e-01
1.995778879148033536e-01
2.036349417475416534e-01
2.112964389550012201e-01
2.253404442685453812e-01
2.498910875521526687e-01
2.498910875521526687e-01
2.261297862210817633e-01
2.120729585584487653e-01
2.042928679228704636e-01
2.001644646998321508e-01
1.980174667388175658e-01
2.001644646998321508e-01
2.042928679228704636e-01
2.120729585584487653e-01
2.261297862210817633e-01
2.498910875521526687e-01
2.498910875521526687e-01
2.265989703478896444e-01
2.125357869619927120e-01
2.046912012453036278e-01
2.005025941776411025e-01
1.983026766375896310e-01
2.005025941776411025e-01
2.046912012453036278e-01
2.125357869619927120e-01
2.265989703478896444e-01
2.498910875521526687e-01
2.498910875521526687e-01
2.277036432327014803e-01
2.136362459451772722e-01
2.056517880652179164e-01
2.013861253374334415e-01
1.991622020633330714e-01
2.013861253374334415e-01
2.056517880652179164e-01
2.136362459451772722e-01
2.277036432327014803e-01
2.498910875521526687e-01
2.498910875521526687e-01
2.283617012341884467e-01
2.142905330247374396e-01
2.062220712439098158e-01
2.018870882615685092e-01
1.996097501704230948e-01
2.018870882615685092e-01
2.062220712439098158e-01
2.142905330247374396e-01
2.283617012341884467e-01
2.498910875521526687e-01
2.498910875521526687e-01
2.299140764089367683e-01
2.158440137824123861e-01
2.075660997273268138e-01
2.031207629820999672e-01
2.008090730785339062e-01
2.031207629820999672e-01
2.075660997273268138e-01
2.158440137824123861e-01
2.299140764089367683e-01
2.498910875521526687e-01
2.498910875521526687e-01
2.308394647137843869e-01
2.167699529439514605e-01
2.083507213327975283e-01
2.037915184258874690e-01
2.013955337651549549e-01
2.037915184258874690e-01
2.083507213327975283e-01
2.167699529439514605e-01
2.308394647137843869e-01
2.498910875521526687e-01
2.498910875521526687e-01
2.330242813395201062e-01
2.189825780283858048e-01
2.101841714554193996e-01
2.054082067878562068e-01
2.029450086298173750e-01
2.054082067878562068e-01
2.101841714554193996e-01
2.189825780283858048e-01
2.330242813395201062e-01
2.498910875521526687e-01
2.498910875521526687e-01
2.343263169056923612e-01
2.203215722578504010e-01
2.112593143282082420e-01
2.062419464199682917e-01
2.035799022486931287e-01
2.062419464199682917e-01
2.112593143282082420e-01
2.203215722578504010e-01
2.343263169056923612e-01
2.498910875521526687e-01
2.498910875521526687e-01
2.373967060826144837e-01
2.235795453088219309e-01
2.138368323934712600e-01
2.083563241340103955e-01
2.055490949319181415e-01
2.083563241340103955e-01
2.138368323934712600e-01
2.235795453088219309e-01
2.373967060826144837e-01
2.498910875521526687e-01
2.498910875521526687e-01
2.392196814688433149e-01
2.256038416538849456e-01
2.154164252618628872e-01
2.094164930688157955e-01
2.061193405622636365e-01
2.094164930688157955e-01
2.154164252618628872e-01
2.256038416538849456e-01
2.392196814688433149e-01
2.498910875521526687e-01
2.498910875521526687e-01
2.434951498653496471e-01
2.306463163614700107e-01
2.194759995184091261e-01
2.125703652676642352e-01
2.089774291412860863e-01
2.125703652676642352e-01
2.194759995184091261e-01
2.306463163614700107e-01
2.434951498653496471e-01
2.498910875521526687e-01
2.498910875521526687e-01
2.460039397061983268e-01
2.338512035407532275e-01
2.221777740336286500e-01
2.142754910186217554e-01
2.095807860999706895e-01
2.142754910186217554e-01
2.221777740336286500e-01
2.338512035407532275e-01
2.460039397061982991e-01
2.498910875521526687e-01
2.498910875521526687e-01
2.518053426736893141e-01
2.419267416234303358e-01
2.297508540803859522e-01
2.204802645754148638e-01
2.152649464884135999e-01
2.204802645754148638e-01
2.297508540803859522e-01
2.419267416234303358e-01
2.518053426736893141e-01
2.498910875521526687e-01
2.498910875521526687e-01
2.551268098537008422e-01
2.470185158442875784e-01
2.352084309803347262e-01
2.245604224225767054e-01
2.171709857789532738e-01
2.245604224225767054e-01
2.352084309803347262e-01
2.470185158442875506e-01
2.551268098537008422e-01
2.498910875521526687e-01
2.498910875521526687e-01
2.626021522194038060e-01
2.595100160508759801e-01
2.512207781548260188e-01
2.408372181156318292e-01
2.330348154422588192e-01
2.408372181156318292e-01
2.512207781548260188e-01
2.595100160508759801e-01
2.626021522194038060e-01
2.498910875521526687e-01
2.498910875521526687e-01
2.667122369335888088e-01
2.667469704370801220e-01
2.625856995688511941e-01
2.541358909600989202e-01
2.440286207152648490e-01
2.541358909600989202e-01
2.625856995688511941e-01
2.667469704370801220e-01
2.667122369335888088e-01
2.498910875521526687e-01
2.498910875521526687e-01
2.755969307265906942e-01
2.825062276024962737e-01
2.922782833318641749e-01
3.048243408559836998e-01
3.175314222443743062e-01
3.048243408559836998e-01
2.922782833318641749e-01
2.825062276024962737e-01
2.755969307265906942e-01
2.498910875521526687e-01
2.802810265919624677e-01
2.802845644862518859e-01
2.895010312758714566e-01
3.029891164245722135e-01
3.170792563497535355e-01
3.270625488361913469e-01
3.170792563497535355e-01
3.029891164245722135e-01
2.895010312758714566e-01
2.802845644862518859e-01
2.802810265919624677e-01
2.889628659585604664e-01
2.889640245712699618e-01
3.010107571680297189e-01
3.165750781608429598e-01
3.301154132248166895e-01
3.395648456572091800e-01
3.301154132248166895e-01
3.165750781608429598e-01
3.010107571680297189e-01
2.889640245712699618e-01
2.889628659585604664e-01
2.928485649188352635e-01
2.928488015659913568e-01
3.054125295916663707e-01
3.203166470250602416e-01
3.313900947410461373e-01
3.374162751439797048e-01
3.313900947410461373e-01
3.203166470250602416e-01
3.054125295916663707e-01
2.928488015659913568e-01
2.928485649188352635e-01
2.996669446676155091e-01
2.996667939582246531e-01
3.117892198748761778e-01
3.240660466918730553e-01
3.325246348370853866e-01
3.377705717587918821e-01
3.325246348370853866e-01
3.240660466918730553e-01
3.117892198748761778e-01
2.996667939582246531e-01
2.996669446676155091e-01
3.026156968121221924e-01
3.026164372031369676e-01
3.140948826892288048e-01
3.247537414952643697e-01
3.311876545472139943e-01
3.342422864372417424e-01
3.311876545472139388e-01
3.247537414952643697e-01
3.140948826892288048e-01
3.026164372031369676e-01
3.026156968121221924e-01
3.076432834183620568e-01
3.076427952032516622e-01
3.173214362946988887e-01
3.250999509153183475e-01
3.295807211725453878e-01
3.320948001005157302e-01
3.295807211725453878e-01
3.250999509153183475e-01
3.173214362946988887e-01
3.076427952032516622e-01
3.076432834183620568e-01
3.097885725122723199e-01
3.097883627177546173e-01
3.185161000621645755e-01
3.250042453575517909e-01
3.283227266984660719e-01
3.297280519293096512e-01
3.283227266984660164e-01
3.250042453575517909e-01
3.185161000621645755e-01
3.097883627177546173e-01
3.097885725122723199e-01
3.134148366257338281e-01
3.134143705539824687e-01
3.203086976307845113e-01
3.248510294577614532e-01
3.270846260180183540e-01
3.281948476910054313e-01
3.270846260180183540e-01
3.248510294577614532e-01
3.203086976307845113e-01
3.134143705539824687e-01
3.134148366257338281e-01
3.149650865553085821e-01
3.149650510060856834e-01
3.210478787289973712e-01
3.248281920907215015e-01
3.265379493296288738e-01
3.272204943745000150e-01
3.265379493296288738e-01
3.248281920907215015e-01
3.210478787289973712e-01
3.149650510060856834e-01
3.149650865553085821e-01
3.176026019532450784e-01
3.176026291947688929e-01
3.223204822291817484e-01
3.250528230693074949e-01
3.262840987052825215e-01
3.268415527819789057e-01
3.262840987052825215e-01
3.250528230693074949e-01
3.223204822291817484e-01
3.176026291947688929e-01
3.176026019532451339e-01
3.187419280825529722e-01
3.187419500413785078e-01
3.229023996617354508e-01
3.252596071779834119e-01
3.263113498042957139e-01
3.267646986992378544e-01
3.263113498042957139e-01
3.252596071779834119e-01
3.229023996617354508e-01
3.187419500413785078e-01
3.187419280825529722e-01
3.207040027634286972e-01
3.207042978912705844e-01
3.239897927769096464e-01
3.258569676344459376e-01
3.267427119374994859e-01
3.271611056348874835e-01
3.267427119374994859e-01
3.258569676344459376e-01
3.239897927769096464e-01
3.207042978912705844e-01
3.207040027634286972e-01
3.215605141589304994e-01
3.215605377015691158e-01
3.245001713338717120e-01
3.261966866087471217e-01
3.270341668897337462e-01
3.274459704231454382e-01
3.270341668897337462e-01
3.261966866087471217e-01
3.245001713338717120e-01
3.215605377015691158e-01
3.215605141589304994e-01
3.230498958590471426e-01
3.230500661890899905e-01
3.254563025679623745e-01
3.269196064223612308e-01
3.277027424500516539e-01
3.281137587768866437e-01
3.277027424500516539e-01
3.269196064223612308e-01
3.254563025679623745e-01
3.230500661890899905e-01
3.230498958590471426e-01
3.237032954596514300e-01
3.237034075084950224e-01
3.258951399592575626e-01
3.272654251430612837e-01
3.280197934173632590e-01
3.284173517216831817e-01
3.280197934173632590e-01
3.272654251430612837e-01
3.258951399592575626e-01
3.237034075084950779e-01
3.237032954596514300e-01
3.248436479930499332e-01
3.248433801400613663e-01
3.266909697293808312e-01
3.279074969612776891e-01
3.286196313186887097e-01
3.290204880848896507e-01
3.286196313186887097e-01
3.279074969612776891e-01
3.266909697293808312e-01
3.248433801400613663e-01
3.248436479930499332e-01
3.253430824884296357e-01
3.253427359596670065e-01
3.270435764524112221e-01
3.281830883982259639e-01
3.288487632102853331e-01
3.292039751435674733e-01
3.288487632102853331e-01
3.281830883982259639e-01
3.270435764524112776e-01
3.253427359596670065e-01
3.253430824884296357e-01
3.262113500027654656e-01
3.262108909259688327e-01
3.276587312050321943e-01
3.286531006671536970e-01
3.292593967802965871e-01
3.296115435837472241e-01
3.292593967802965871e-01
3.286531006671536970e-01
3.276587312050321943e-01
3.262108909259688327e-01
3.262113500027654656e-01
3.265895936176612668e-01
3.265889561033777366e-01
3.279227225573208560e-01
3.288388443986598464e-01
3.293828177567956206e-01
3.296688109258611998e-01
3.293828177567956206e-01
3.288388443986598464e-01
3.279227225573208560e-01
3.265889561033777921e-01
3.265895936176612668e-01
3.272423931346105652e-01
3.272420498297223812e-01
3.283686253441269742e-01
3.291381760911814558e-01
3.296107718334577719e-01
3.298874165326741159e-01
3.296107718334577719e-01
3.291381760911814558e-01
3.283686253441269742e-01
3.272420498297223812e-01
3.272423931346105652e-01
3.275251949801178952e-01
3.275245860199749171e-01
3.285558153082360766e-01
3.292492673031027772e-01
3.296576477306526476e-01
3.298670222581917000e-01
3.296576477306526476e-01
3.292492673031027772e-01
3.285558153082360766e-01
3.275245860199749171e-01
3.275251949801178952e-01
3.280099975350859731e-01
3.280096981626514641e-01
3.288659204700084548e-01
3.294235959568586058e-01
3.297624702463787805e-01
3.299598145502182223e-01
3.297624702463787805e-01
3.294235959568586058e-01
3.288659204700084548e-01
3.280096981626515196e-01
3.280099975350860286e-01
3.282190419676057624e-01
3.282186439753914109e-01
3.289950838877469530e-01
3.294864574905905785e-01
3.297708111825582988e-01
3.299129585372341245e-01
3.297708111825582988e-01
3.294864574905905785e-01
3.289950838877469530e-01
3.282186439753914109e-01
3.282190419676057624e-01
3.285761431571883051e-01
3.285759594633468894e-01
3.292085688400087085e-01
3.295874070290246149e-01
3.298141850374949891e-01
3.299447627204165068e-01
3.298141850374949891e-01
3.295874070290246149e-01
3.292085688400087640e-01
3.285759594633468894e-01
3.285761431571883051e-01
3.287299365625299674e-01
3.287297182466165646e-01
3.292983321331131585e-01
3.296252124857717014e-01
3.298118066385447023e-01
3.299034190271775135e-01
3.298118066385447023e-01
3.296252124857717014e-01
3.292983321331131585e-01
3.287297182466165646e-01
3.287299365625299674e-01
3.289927652988968720e-01
3.289927768528816410e-01
3.294489176809634601e-01
3.296912357895395163e-01
3.298357421622934438e-01
3.299181726556946193e-01
3.298357421622934438e-01
3.296912357895395163e-01
3.294489176809634601e-01
3.289927768528816410e-01
3.289927652988968720e-01
3.291063907578222203e-01
3.291062646263004932e-01
3.295136878470813491e-01
3.297186837872772003e-01
3.298365453810156445e-01
3.298943634963296678e-01
3.298365453810156445e-01
3.297186837872772003e-01
3.295136878470813491e-01
3.291062646263004932e-01
3.291063907578222203e-01
3.293013613211913104e-01
3.293014704782858404e-01
3.296251036294738368e-01
3.297709165872345638e-01
3.298606557071093182e-01
3.299121812625740446e-01
3.298606557071093182e-01
3.297709165872345638e-01
3.296251036294738368e-01
3.293014704782858404e-01
3.293013613211913104e-01
3.293862286785272375e-01
3.293861371462322718e-01
3.296741979516840670e-01
3.297946603306970981e-01
3.298677592626323429e-01
3.299046914810817577e-01
3.298677592626323429e-01
3.297946603306970981e-01
3.296741979516840670e-01
3.293861371462322718e-01
3.293862286785272375e-01
3.295328460557421790e-01
3.295328465133240403e-01
3.297605428574876818e-01
3.298408687941669637e-01
3.298958261122655333e-01
3.299286830913288893e-01
3.298958261122655333e-01
3.298408687941669637e-01
3.297605428574876818e-01
3.295328465133240403e-01
3.295328460557421790e-01
3.295970161465974213e-01
3.295968520816703329e-01
3.297991658309237240e-01
3.298624610833427728e-01
3.299068925476004166e-01
3.299308192152949903e-01
3.299068925476004166e-01
3.298624610833427728e-01
3.297991658309237240e-01
3.295968520816703329e-01
3.295970161465974213e-01
3.297085413337593196e-01
3.297083623306620304e-01
3.298677743907296733e-01
3.299035284760535314e-01
3.299358599902432188e-01
3.299570795982317839e-01
3.299358599902432188e-01
3.299035284760535314e-01
3.298677743907296733e-01
3.297083623306620304e-01
3.297085413337593196e-01
3.297574979395369588e-01
3.297572099848599114e-01
3.298986156843400352e-01
3.299225313525271375e-01
3.299476813603758329e-01
3.299627136154614226e-01
3.299476813603758329e-01
3.299225313525271375e-01
3.298986156843400352e-01
3.297572099848599114e-01
3.297574979395369588e-01
3.298428674060074339e-01
3.298425953029626156e-01
3.299533265508977076e-01
3.299574529277641832e-01
3.299738549401398102e-01
3.299869774806237221e-01
3.299738549401398102e-01
3.299574529277641832e-01
3.299533265508977076e-01
3.298425953029626156e-01
3.298428674060074339e-01
3.298804637945458307e-01
3.298800816813238779e-01
3.299779193843682679e-01
3.299733125576326254e-01
3.299842878441683891e-01
3.299925261933323029e-01
3.299842878441683891e-01
3.299733125576326254e-01
3.299779193843682679e-01
3.298800816813238779e-01
3.298804637945458307e-01
3.299461506074748973e-01
3.299458406124115006e-01
3.300212734582420038e-01
3.300015445072503883e-01
3.300056572964848445e-01
3.300124122595816667e-01
3.300056572964848445e-01
3.300015445072503883e-01
3.300212734582420038e-01
3.299458406124115006e-01
3.299461506074748973e-01
3.299751863924546003e-01
3.299747758705376954e-01
3.300407512609226934e-01
3.300142398159106594e-01
3.300139586243852619e-01
3.300166512546778286e-01
3.300139586243852619e-01
3.300142398159106594e-01
3.300407512609226934e-01
3.299747758705376954e-01
3.299751863924546003e-01
3.300260729669679538e-01
3.300257438753222416e-01
3.300749401119517090e-01
3.300363111988572906e-01
3.300303539679444453e-01
3.300317409930439427e-01
3.300303539679444453e-01
3.300363111988572351e-01
3.300749401119517090e-01
3.300257438753222416e-01
3.300260729669679538e-01
3.300486645432985089e-01
3.300482820212923829e-01
3.300903604737578934e-01
3.300463369669314750e-01
3.300368077375464004e-01
3.300348928553477057e-01
3.300368077375464004e-01
3.300463369669314750e-01
3.300903604737578934e-01
3.300482820212923829e-01
3.300486645432985089e-01
3.300885330790290784e-01
3.300882104606850942e-01
3.301175044856869967e-01
3.300635911830218094e-01
3.300492610718414044e-01
3.300460762406673410e-01
3.300492610718414044e-01
3.300635911830218094e-01
3.301175044856869967e-01
3.300882104606850942e-01
3.300885330790290784e-01
3.301063665809562675e-01
3.301060257222580008e-01
3.301299120956583399e-01
3.300717017461512470e-01
3.300545725594876689e-01
3.300488450940379792e-01
3.300545725594876689e-01
3.300717017461512470e-01
3.301299120956583399e-01
3.301060257222580008e-01
3.301063665809562675e-01
3.301381977473344387e-01
3.301378995479846701e-01
3.301519918509329687e-01
3.300857636888508972e-01
3.300646372639257087e-01
3.300576990385034604e-01
3.300646372639257087e-01
3.300857636888508972e-01
3.301519918509329687e-01
3.301378995479846701e-01
3.301381977473344387e-01
3.301526116694011304e-01
3.301522885422080167e-01
3.301623096074451369e-01
3.300927094204598733e-01
3.300695174171185409e-01
3.300607732659266436e-01
3.300695174171185409e-01
3.300927094204598733e-01
3.301623096074451369e-01
3.301522885422080167e-01
3.301526116694011304e-01
3.301786814819018812e-01
3.301783974726718585e-01
3.301809547902515019e-01
3.301049485700481290e-01
3.300785270401522808e-01
3.300686936149502815e-01
3.300785270401522808e-01
3.301049485700481290e-01
3.301809547902515019e-01
3.301783974726718585e-01
3.301786814819018812e-01
3.301906590908516570e-01
3.301903232620859718e-01
3.301898738129290245e-01
3.301112927413598630e-01
3.300834557395290747e-01
3.300724772632660509e-01
3.300834557395290747e-01
3.301112927413598630e-01
3.301898738129290245e-01
3.301903232620859718e-01
3.301906590908516570e-01
3.302125823514492353e-01
3.302122769849729078e-01
3.302062456899144682e-01
3.301225768634964974e-01
3.300921517243051717e-01
3.300801718719915678e-01
3.300921517243051717e-01
3.301225768634964974e-01
3.302062456899144682e-01
3.302122769849729078e-01
3.302125823514492353e-01
3.302227653376050842e-01
3.302224043407345211e-01
3.302142213134544035e-01
3.301286510197487534e-01
3.300973443703204557e-01
3.300847545228676738e-01
3.300973443703204557e-01
3.301286510197487534e-01
3.302142213134544035e-01
3.302224043407345211e-01
3.302227653376050842e-01
3.302415812392305861e-01
3.302412263636539946e-01
3.302290122655888172e-01
3.301394534356995036e-01
3.301061035848674718e-01
3.300925824605848713e-01
3.301061035848674718e-01
3.301394534356995036e-01
3.302290122655888172e-01
3.302412263636539946e-01
3.302415812392305861e-01
3.302503563272307097e-01
3.302499596080877287e-01
3.302363100515157690e-01
3.301454022739098160e-01
3.301115738597736882e-01
3.300978811380110844e-01
3.301115738597736882e-01
3.301454022739098160e-01
3.302363100515157690e-01
3.302499596080877287e-01
3.302503563272307097e-01
3.302666391022931469e-01
3.302662353310412136e-01
3.302498530116974584e-01
3.301558903418140289e-01
3.301204227746578068e-01
3.301058256530969848e-01
3.301204227746578068e-01
3.301558903418140289e-01
3.302498530116974584e-01
3.302662353310412136e-01
3.302666391022931469e-01
3.302742205706574175e-01
3.302737799319238610e-01
3.302565889000007027e-01
3.301617332288764861e-01
3.301261489053338716e-01
3.301117472094054484e-01
3.301261489053338716e-01
3.301617332288764861e-01
3.302565889000007027e-01
3.302737799319238610e-01
3.302742205706574175e-01
3.302882302754236443e-01
3.302877940852385064e-01
3.302690153604016521e-01
3.301719022616153021e-01
3.301349874088279068e-01
3.301196312754370865e-01
3.301349874088279068e-01
3.301719022616153021e-01
3.302690153604016521e-01
3.302877940852385064e-01
3.302882302754236443e-01
3.302947058595783192e-01
3.302942266917901493e-01
3.302751938399396403e-01
3.301776155335097718e-01
3.301409321549617637e-01
3.301261105930518025e-01
3.301409321549617637e-01
3.301776155335097718e-01
3.302751938399396403e-01
3.302942266917901493e-01
3.302947058595783192e-01
3.303065020035211852e-01
3.303060345415221311e-01
3.302864884350211749e-01
3.301874425449906059e-01
3.301497019317103376e-01
3.301337910284818933e-01
3.301497019317103376e-01
3.301874425449906059e-01
3.302864884350211749e-01
3.303060345415221311e-01
3.303065020035211852e-01
3.303118408590558497e-01
3.303113346379976667e-01
3.302920540192286203e-01
3.301930325525263554e-01
3.301557832725595665e-01
3.301407960091070626e-01
3.301557832725595665e-01
3.301930325525263554e-01
3.302920540192286203e-01
3.303113346379976667e-01
3.303118408590558497e-01
3.303212802910910906e-01
3.303207878933515640e-01
3.303020729522799792e-01
3.302026398529113171e-01
3.301645326915181311e-01
3.301483374389235781e-01
3.301645326915181311e-01
3.302026398529113171e-01
3.303020729522799792e-01
3.303207878933515640e-01
3.303212802910910906e-01
3.303253644604285943e-01
3.303248423869090122e-01
3.303069032154766216e-01
3.302081351835968182e-01
3.301713912569177456e-01
3.301564949319923392e-01
3.301713912569177456e-01
3.302081351835968182e-01
3.303069032154766216e-01
3.303248423869090122e-01
3.303253644604285943e-01
3.303321316994977663e-01
3.303316230221492455e-01
3.303151470568755355e-01
3.302215948680669033e-01
3.301815457094687822e-01
3.301661567588118351e-01
3.301815457094687822e-01
3.302215948680669033e-01
3.303151470568755355e-01
3.303316230221492455e-01
3.303321316994977663e-01
3.303347643806159861e-01
3.303342263254985811e-01
3.303206308885563436e-01
3.302275335877908891e-01
3.301896088130069074e-01
3.301763754521352956e-01
3.301896088130069074e-01
3.302275335877908891e-01
3.303206308885563436e-01
3.303342263254985811e-01
3.303347643806159861e-01
3.303383782677398739e-01
3.303380083670933165e-01
3.303286857187716641e-01
3.302334738895496558e-01
3.302036967714406246e-01
3.301823253855591389e-01
3.302036967714406246e-01
3.302334738895496558e-01
3.303286857187716641e-01
3.303380083670933165e-01
3.303383782677398739e-01
3.303394351229655967e-01
3.303389806365237269e-01
3.303330854040585352e-01
3.302396614708645872e-01
3.302139654724221551e-01
3.301933838469306437e-01
3.302139654724221551e-01
3.302396614708646427e-01
3.303330854040585352e-01
3.303389806365237269e-01
3.303394351229655967e-01
3.303396948391199017e-01
3.303394351229655967e-01
3.303378157396289483e-01
3.302319091698173170e-01
3.302139368385887952e-01
3.301837437372685535e-01
3.302139368385887952e-01
3.302319091698173170e-01
3.303378157396289483e-01
3.303394351229655967e-01
3.303396948391199017e-01
