2.313539586263838599e-01
2.313559678704510958e-01
2.314680571955938793e-01
2.315245285147209120e-01
2.315655406136445937e-01
2.315530145971246012e-01
2.315655406136445937e-01
2.315245285147209120e-01
2.314680571955938793e-01
2.313559678704510958e-01
2.313539586263838876e-01
2.313559678704510958e-01
2.313576304415516649e-01
2.314672908278118113e-01
2.315226111602616821e-01
2.315543480573487856e-01
2.315655567644420987e-01
2.315543480573487856e-01
2.315226111602616821e-01
2.314672908278118113e-01
2.313576304415516649e-01
2.313559678704510958e-01
2.313568126793308366e-01
2.313588176100586646e-01
2.314691720557263688e-01
2.315247334634537302e-01
2.315521253602567386e-01
2.315694877766030224e-01
2.315521253602567386e-01
2.315247334634537302e-01
2.314691720557263688e-01
2.313588176100586646e-01
2.313568126793308366e-01
2.313592201367523638e-01
2.313608373081478542e-01
2.314721277820425693e-01
2.315244389333727670e-01
2.315569400114909915e-01
2.315717366233953078e-01
2.315569400114909915e-01
2.315244389333727670e-01
2.314721277820425416e-01
2.313608373081478542e-01
2.313592201367523638e-01
2.313601402263409101e-01
2.313621734303141220e-01
2.314751573628729131e-01
2.315231627984716822e-01
2.315596617292622617e-01
2.315742188149132463e-01
2.315596617292622617e-01
2.315231627984716822e-01
2.314751573628729131e-01
2.313621734303141220e-01
2.313601402263409101e-01
2.313626261469435286e-01
2.313644402227177654e-01
2.314805738294722637e-01
2.315253505739645612e-01
2.315606784915794081e-01
2.315781718159403979e-01
2.315606784915794081e-01
2.315253505739645612e-01
2.314805738294722637e-01
2.313644402227177654e-01
2.313626261469435286e-01
2.313637257504427835e-01
2.313658162363585180e-01
2.314823209469138721e-01
2.315259112070662817e-01
2.315629910339208064e-01
2.315807599229197378e-01
2.315629910339208064e-01
2.315259112070662817e-01
2.314823209469138721e-01
2.313658162363585180e-01
2.313637257504427835e-01
2.313663174668721678e-01
2.313683121452601021e-01
2.314864634193527781e-01
2.315292825351843997e-01
2.315659749449753835e-01
2.315823324330439359e-01
2.315659749449753835e-01
2.315292825351843997e-01
2.314864634193527781e-01
2.313683121452601021e-01
2.313663174668721678e-01
2.313676600827410945e-01
2.313697095671860549e-01
2.314876253675479389e-01
2.315316197773156504e-01
2.315676215326486209e-01
2.315839341266617835e-01
2.315676215326486209e-01
2.315316197773156504e-01
2.314876253675479389e-01
2.313697095671860549e-01
2.313676600827410945e-01
2.313706095610390256e-01
2.313725632482636629e-01
2.314897438477039882e-01
2.315337171611279166e-01
2.315694360360347481e-01
2.315858634365290103e-01
2.315694360360347481e-01
2.315337171611279166e-01
2.314897438477039882e-01
2.313725632482636629e-01
2.313706095610390256e-01
2.313720721393291990e-01
2.313740827963960967e-01
2.314909573718305635e-01
2.315351629776231657e-01
2.315710030393098307e-01
2.315872574154823338e-01
2.315710030393098307e-01
2.315351629776231657e-01
2.314909573718305635e-01
2.313740827963960967e-01
2.313720721393291990e-01
2.313751554948129119e-01
2.313770683082116975e-01
2.314930655426886696e-01
2.315371503375354689e-01
2.315725933288171334e-01
2.315889861057427168e-01
2.315725933288171334e-01
2.315371503375354689e-01
2.314930655426886419e-01
2.313770683082116975e-01
2.313751554948129119e-01
2.313766332892796540e-01
2.313786026981513866e-01
2.314942406402695496e-01
2.315384976247019944e-01
2.315739725946393546e-01
2.315900762939364366e-01
2.315739725946393546e-01
2.315384976247019944e-01
2.314942406402695496e-01
2.313786026981513866e-01
2.313766332892796540e-01
2.313796456234006871e-01
2.313815151171089157e-01
2.314962234547484621e-01
2.315402912119229328e-01
2.315753467600675242e-01
2.315916298058802170e-01
2.315753467600675242e-01
2.315402912119229328e-01
2.314962234547484621e-01
2.313815151171089157e-01
2.313796456234006871e-01
2.313810360070585048e-01
2.313829584305409082e-01
2.314973080187753829e-01
2.315415258586171199e-01
2.315765563944967576e-01
2.315924641212310231e-01
2.315765563944967576e-01
2.315415258586171199e-01
2.314973080187753829e-01
2.313829584305409082e-01
2.313810360070585048e-01
2.313837574685163878e-01
2.313855780324186318e-01
2.314990916340908256e-01
2.315431269792669056e-01
2.315777672486443728e-01
2.315939076670531782e-01
2.315777672486443728e-01
2.315431269792669056e-01
2.314990916340908256e-01
2.313855780324186318e-01
2.313837574685163878e-01
2.313849378028647874e-01
2.313868065476734626e-01
2.315000467912871895e-01
2.315442549900798286e-01
2.315788496982247868e-01
2.315945596675562101e-01
2.315788496982247868e-01
2.315442549900798286e-01
2.315000467912871895e-01
2.313868065476734626e-01
2.313849378028647874e-01
2.313870888464483744e-01
2.313888511014598470e-01
2.315015312070076159e-01
2.315456944011088092e-01
2.315799412618297637e-01
2.315959073035728510e-01
2.315799412618297637e-01
2.315456944011088092e-01
2.315015312070076159e-01
2.313888511014598193e-01
2.313870888464483744e-01
2.313878922503086466e-01
2.313896982219622034e-01
2.315023071023305234e-01
2.315467599972410584e-01
2.315810158442835887e-01
2.315965736405671827e-01
2.315810158442835887e-01
2.315467599972410584e-01
2.315023071023305234e-01
2.313896982219622034e-01
2.313878922503086466e-01
2.313890787765047474e-01
2.313907727022673222e-01
2.315033551747922858e-01
2.315481501840626621e-01
2.315822397973956448e-01
2.315980975026674660e-01
2.315822397973956448e-01
2.315481501840626621e-01
2.315033551747922580e-01
2.313907727022673222e-01
2.313890787765047474e-01
2.313892674673667105e-01
2.313910013350026218e-01
2.315038562434441893e-01
2.315492232887012003e-01
2.315835362260736663e-01
2.315991932116193142e-01
2.315835362260736663e-01
2.315492232887012003e-01
2.315038562434441893e-01
2.313910013350026218e-01
2.313892674673667105e-01
2.313889247964975304e-01
2.313905504858007889e-01
2.315041979675731554e-01
2.315506119446829048e-01
2.315851418015108243e-01
2.316011613679408165e-01
2.315851418015108243e-01
2.315506119446829048e-01
2.315041979675731554e-01
2.313905504858007889e-01
2.313889247964975304e-01
2.313881762022704791e-01
2.313898424216010163e-01
2.315042321147577631e-01
2.315516719583671779e-01
2.315868479024842386e-01
2.316031281666461050e-01
2.315868479024842386e-01
2.315516719583671779e-01
2.315042321147577631e-01
2.313898424216010163e-01
2.313881762022704791e-01
2.313855819376539891e-01
2.313871471717093564e-01
2.315033589756423094e-01
2.315527993409393914e-01
2.315887197713281387e-01
2.316053970274137008e-01
2.315887197713281387e-01
2.315527993409393914e-01
2.315033589756422816e-01
2.313871471717093564e-01
2.313855819376539891e-01
2.313834928334447261e-01
2.313851082873134013e-01
2.315025963564214528e-01
2.315536071616468849e-01
2.315907705141813100e-01
2.316084055407088282e-01
2.315907705141813100e-01
2.315536071616468849e-01
2.315025963564214528e-01
2.313851082873134013e-01
2.313834928334447261e-01
2.313777770695006064e-01
2.313793010424374519e-01
2.314996920744221143e-01
2.315536872596724305e-01
2.315921596204782718e-01
2.316101700128857521e-01
2.315921596204782718e-01
2.315536872596724305e-01
2.314996920744221143e-01
2.313793010424374519e-01
2.313777770695006064e-01
2.313738791313804388e-01
2.313754526671154832e-01
2.314976358426629743e-01
2.315536854105826325e-01
2.315940249269055062e-01
2.316137995576953434e-01
2.315940249269055062e-01
2.315536854105826325e-01
2.314976358426629743e-01
2.313754526671154832e-01
2.313738791313804388e-01
2.313640044170576782e-01
2.313655108475695943e-01
2.314915413336734451e-01
2.315512300778268251e-01
2.315932518625547498e-01
2.316132770580632272e-01
2.315932518625547498e-01
2.315512300778267973e-01
2.314915413336734451e-01
2.313655108475695943e-01
2.313640044170576782e-01
2.313577517349389434e-01
2.313592836154356736e-01
2.314875432424046420e-01
2.315494934137911631e-01
2.315937419333068681e-01
2.316161011491351118e-01
2.315937419333068681e-01
2.315494934137911631e-01
2.314875432424046420e-01
2.313592836154356736e-01
2.313577517349389434e-01
2.313425040683417810e-01
2.313439963417765477e-01
2.314768695442345481e-01
2.315424424134533143e-01
2.315882479405175220e-01
2.316106043372257450e-01
2.315882479405175220e-01
2.315424424134533143e-01
2.314768695442345481e-01
2.313439963417765477e-01
2.313425040683417810e-01
2.313332380747951666e-01
2.313347456999365337e-01
2.314702611226616691e-01
2.315378834604060465e-01
2.315856770831732081e-01
2.316101996938501051e-01
2.315856770831732081e-01
2.315378834604060465e-01
2.314702611226616691e-01
2.313347456999365337e-01
2.313332380747951666e-01
2.313112419786947649e-01
2.313127185420028320e-01
2.314538389212000280e-01
2.315244360981399685e-01
2.315730766290743370e-01
2.315973507758506966e-01
2.315730766290743370e-01
2.315244360981399685e-01
2.314538389212000280e-01
2.313127185420028320e-01
2.313112419786947649e-01
2.312982114417490576e-01
2.312997212434883543e-01
2.314442263623279761e-01
2.315164436027634665e-01
2.315661092578140678e-01
2.315913251665331629e-01
2.315661092578140678e-01
2.315164436027634942e-01
2.314442263623280038e-01
2.312997212434883543e-01
2.312982114417490576e-01
2.312679008468859210e-01
2.312693820960282365e-01
2.314218172796607964e-01
2.314966257684610840e-01
2.315462823438980411e-01
2.315712732798265727e-01
2.315462823438980411e-01
2.314966257684610840e-01
2.314218172796607964e-01
2.312693820960282365e-01
2.312679008468859210e-01
2.312502377473309445e-01
2.312517197441767425e-01
2.314094342736428833e-01
2.314859888949192257e-01
2.315354422011261515e-01
2.315594006006151673e-01
2.315354422011261515e-01
2.314859888949192257e-01
2.314094342736428833e-01
2.312517197441767425e-01
2.312502377473309445e-01
2.312094729103511270e-01
2.312109170318673301e-01
2.313822162772034008e-01
2.314633928025757459e-01
2.315130690798180568e-01
2.315374676493474060e-01
2.315130690798180568e-01
2.314633928025757459e-01
2.313822162772034008e-01
2.312109170318673301e-01
2.312094729103511270e-01
2.311857653224987652e-01
2.311871158613169608e-01
2.313679384291662811e-01
2.314529977894777546e-01
2.315023985085500613e-01
2.315244791986622586e-01
2.315023985085500613e-01
2.314529977894777546e-01
2.313679384291662811e-01
2.311871158613169608e-01
2.311857653224987652e-01
2.311306787590524103e-01
2.311319894277274745e-01
2.313378569691037501e-01
2.314352536405539784e-01
2.314881271980102073e-01
2.315122336376043144e-01
2.314881271980102073e-01
2.314352536405539784e-01
2.313378569691037501e-01
2.311319894277274745e-01
2.311306787590524103e-01
2.310982665473974573e-01
2.310994797939431022e-01
2.313224464969166616e-01
2.314297616662267243e-01
2.314857874884741762e-01
2.315097292527149853e-01
2.314857874884741762e-01
2.314297616662267243e-01
2.313224464969166616e-01
2.310994797939430745e-01
2.310982665473974573e-01
2.310221180106719341e-01
2.310232941148920860e-01
2.312899056903409689e-01
2.314260581988914489e-01
2.314940856475946052e-01
2.315225727631081976e-01
2.314940856475946052e-01
2.314260581988914489e-01
2.312899056903409689e-01
2.310232941148920860e-01
2.310221180106719341e-01
2.309766667385158567e-01
2.309778241508173013e-01
2.312723879552309736e-01
2.314296859016254093e-01
2.315102923771060472e-01
2.315476304284288522e-01
2.315102923771060472e-01
2.314296859016254093e-01
2.312723879552309736e-01
2.309778241508173013e-01
2.309766667385158567e-01
2.308688626408534061e-01
2.308699523270655307e-01
2.312321254814454774e-01
2.314438205951203364e-01
2.315512726991236780e-01
2.315961393269277413e-01
2.315512726991236780e-01
2.314438205951203364e-01
2.312321254814454774e-01
2.308699523270655307e-01
2.308688626408534061e-01
2.308038592888065343e-01
2.308049424864400401e-01
2.312072634568682616e-01
2.314554786217360993e-01
2.315917860272292406e-01
2.316634978871897621e-01
2.315917860272292406e-01
2.314554786217360993e-01
2.312072634568682616e-01
2.308049424864400401e-01
2.308038592888065343e-01
2.306486396110059844e-01
2.306497541643673099e-01
2.311425276734331014e-01
2.314740270485775298e-01
2.316555904469505545e-01
2.317369622872278156e-01
2.316555904469505545e-01
2.314740270485775298e-01
2.311425276734331014e-01
2.306497541643673099e-01
2.306486396110059844e-01
2.305550781313992492e-01
2.305560854899497691e-01
2.310981725178059276e-01
2.314804710249518394e-01
2.317104518791627543e-01
2.318428889443136243e-01
2.317104518791627543e-01
2.314804710249518394e-01
2.310981725178059276e-01
2.305560854899497691e-01
2.305550781313992492e-01
2.303320619457228380e-01
2.303330838894442900e-01
2.309767505975905133e-01
2.314600717544085251e-01
2.317486873046128715e-01
2.318896443798720564e-01
2.317486873046128715e-01
2.314600717544085251e-01
2.309767505975905133e-01
2.303330838894442900e-01
2.303320619457228380e-01
2.301988106029859149e-01
2.301997322427771497e-01
2.308932684790438727e-01
2.314308580791690217e-01
2.317804883499468283e-01
2.319921267787128372e-01
2.317804883499468283e-01
2.314308580791690217e-01
2.308932684790438727e-01
2.301997322427771497e-01
2.301988106029859149e-01
2.298847978972810013e-01
2.298858948279991488e-01
2.306707004227747937e-01
2.312953515960843309e-01
2.316977913338313377e-01
2.319109331814840913e-01
2.316977913338313377e-01
2.312953515960843309e-01
2.306707004227747937e-01
2.298858948279991488e-01
2.298847978972810013e-01
2.297008583476678745e-01
2.297020728632964692e-01
2.305258903657087799e-01
2.311865470398036249e-01
2.316396843131008354e-01
2.319194353362230565e-01
2.316396843131008354e-01
2.311865470398036249e-01
2.305258903657087799e-01
2.297020728632964692e-01
2.297008583476678745e-01
2.292765451896589812e-01
2.292779997145671655e-01
2.301631369928743842e-01
2.308499921260657450e-01
2.313166012972887597e-01
2.315836300456047825e-01
2.313166012972887597e-01
2.308499921260657450e-01
2.301631369928743842e-01
2.292779997145671378e-01
2.292765451896589812e-01
2.290342111110069134e-01
2.290357498570746442e-01
2.299453790147705512e-01
2.306247236631588926e-01
2.310947164044076518e-01
2.313798923028309584e-01
2.310947164044076518e-01
2.306247236631588926e-01
2.299453790147705512e-01
2.290357498570746442e-01
2.290342111110069134e-01
2.284875495456400452e-01
2.284890238634217918e-01
2.294422021278726409e-01
2.300527056136506543e-01
2.304623387894123576e-01
2.307160581080077433e-01
2.304623387894123576e-01
2.300527056136506543e-01
2.294422021278726409e-01
2.284890238634217918e-01
2.284875495456400452e-01
2.281814114481099109e-01
2.281828512329097391e-01
2.291685291800628910e-01
2.297217405157108427e-01
2.300543311539563207e-01
2.302289144267991305e-01
2.300543311539563207e-01
2.297217405157108427e-01
2.291685291800628910e-01
2.281828512329097391e-01
2.281814114481099109e-01
2.275008161071102597e-01
2.275020468812754271e-01
2.285986470077547850e-01
2.290244748694707511e-01
2.292221678677533181e-01
2.293532837610875730e-01
2.292221678677533181e-01
2.290244748694707511e-01
2.285986470077547850e-01
2.275020468812754271e-01
2.275008161071102597e-01
2.271217163373139836e-01
2.271229906004280930e-01
2.283277832089720683e-01
2.286968283996290707e-01
2.287467872374880640e-01
2.286899752273008068e-01
2.287467872374880640e-01
2.286968283996290707e-01
2.283277832089720683e-01
2.271229906004280930e-01
2.271217163373139836e-01
2.262775882534305283e-01
2.262781355445551146e-01
2.278481061846910904e-01
2.282150668940806093e-01
2.281427148438094077e-01
2.280574692393018132e-01
2.281427148438094077e-01
2.282150668940806093e-01
2.278481061846910904e-01
2.262781355445551146e-01
2.262775882534305283e-01
2.257973871920492537e-01
2.257982881902281802e-01
2.276667717794859658e-01
2.281266843453028381e-01
2.279482161205782509e-01
2.276611208694262201e-01
2.279482161205782509e-01
2.281266843453028381e-01
2.276667717794859658e-01
2.257982881902281524e-01
2.257973871920492537e-01
2.246988383430737479e-01
2.246988405449735771e-01
2.274401490023562067e-01
2.284185620266292460e-01
2.283726445671348804e-01
2.281360769601684935e-01
2.283726445671348804e-01
2.284185620266292460e-01
2.274401490023562067e-01
2.246988405449735771e-01
2.246988383430737479e-01
2.240457488467693659e-01
2.240464773023273792e-01
2.273880280450134850e-01
2.288719630132035332e-01
2.290405537413161552e-01
2.288746055867746654e-01
2.290405537413161552e-01
2.288719630132035332e-01
2.273880280450134850e-01
2.240464773023273792e-01
2.240457488467693659e-01
2.224883938182162235e-01
2.224882614108106837e-01
2.273487038933774129e-01
2.304248580614501607e-01
2.314128938441145367e-01
2.314894565144403060e-01
2.314128938441145367e-01
2.304248580614501607e-01
2.273487038933774129e-01
2.224882614108106560e-01
2.224883938182162235e-01
2.215249308699294151e-01
2.215257938054036035e-01
2.272513896127630328e-01
2.315263981708803875e-01
2.335097171594995857e-01
2.344666908237059977e-01
2.335097171594995857e-01
2.315263981708803875e-01
2.272513896127630328e-01
2.215257938054036035e-01
2.215249308699294151e-01
2.191658501084133293e-01
2.191659045555619245e-01
2.266794481311348586e-01
2.339287767522759687e-01
2.379164163022345346e-01
2.394552748878660819e-01
2.379164163022345346e-01
2.339287767522759687e-01
2.266794481311348586e-01
2.191659045555619245e-01
2.191658501084133293e-01
2.177010960577605847e-01
2.177028901361800495e-01
2.259158793242708463e-01
2.349768647757943807e-01
2.411842436044562832e-01
2.450900622734823175e-01
2.411842436044562832e-01
2.349768647757943807e-01
2.259158793242708463e-01
2.177028901361800495e-01
2.177010960577605847e-01
2.141536079603873488e-01
2.141539989780079090e-01
2.230084447088447608e-01
2.353111521433103315e-01
2.446417017723273857e-01
2.495165790132359285e-01
2.446417017723273857e-01
2.353111521433103315e-01
2.230084447088447608e-01
2.141539989780078812e-01
2.141536079603873488e-01
2.120446285261405883e-01
2.120472462482008158e-01
2.204493788336664983e-01
2.338117833760183228e-01
2.461819102960343952e-01
2.551407111942785577e-01
2.461819102960343952e-01
2.338117833760183228e-01
2.204493788336664983e-01
2.120472462482008158e-01
2.120446285261405883e-01
2.071977170215287545e-01
2.071990315765732116e-01
2.127419214239210099e-01
2.247192961676297562e-01
2.382785997712258963e-01
2.479946920951772715e-01
2.382785997712258963e-01
2.247192961676297562e-01
2.127419214239210099e-01
2.071990315765732116e-01
2.071977170215287545e-01
2.045667179094997068e-01
2.045712098628915954e-01
2.075848982819948618e-01
2.161019900996908605e-01
2.285749739057932883e-01
2.416058628558976074e-01
2.285749739057932883e-01
2.161019900996908605e-01
2.075848982819948618e-01
2.045712098628915954e-01
2.045667179094997346e-01
1.998910875232995099e-01
1.990946725996439182e-01
1.952806123110195635e-01
1.899677313904049869e-01
1.814678023778453497e-01
1.716735049857958106e-01
1.814678023778453497e-01
1.899677313904049869e-01
1.952806123110195635e-01
1.990946725996439182e-01
1.998910875232995099e-01
1.998910875232995099e-01
1.964983348578008826e-01
1.896251374756712793e-01
1.800713372092406783e-01
1.692616504206186367e-01
1.611961771563055201e-01
1.692616504206186367e-01
1.800713372092406783e-01
1.896251374756712793e-01
1.964983348578008826e-01
1.998910875232995099e-01
1.998910875232995099e-01
1.917139412507938290e-01
1.800719854485986482e-01
1.667623694285972069e-01
1.553245673138548277e-01
1.475020850217137192e-01
1.553245673138548277e-01
1.667623694285972069e-01
1.800719854485986482e-01
1.917139412507938290e-01
1.998910875232995099e-01
1.998910875232995099e-01
1.896201064129472424e-01
1.763691539964025445e-01
1.626425123470888745e-01
1.524583879155289035e-01
1.466750424775225270e-01
1.524583879155289035e-01
1.626425123470888745e-01
1.763691539964025445e-01
1.896201064129472424e-01
1.998910875232995099e-01
1.998910875232995099e-01
1.860621003732464418e-01
1.709918059055189343e-01
1.578607648719634882e-01
1.490125284248726423e-01
1.437046595845657138e-01
1.490125284248726423e-01
1.578607648719634882e-01
1.709918059055189343e-01
1.860621003732464418e-01
1.998910875232995099e-01
1.998910875232995099e-01
1.846035645989417828e-01
1.691057254645856323e-01
1.566291492803895125e-01
1.489177290587760105e-01
1.448757007536319030e-01
1.489177290587760105e-01
1.566291492803895125e-01
1.691057254645856323e-01
1.846035645989417828e-01
1.998910875232995099e-01
1.998910875232995099e-01
1.822941550685100165e-01
1.666937488480472740e-01
1.556197931971678161e-01
1.490388978259693520e-01
1.453386198828494069e-01
1.490388978259693520e-01
1.556197931971678161e-01
1.666937488480472740e-01
1.822941550685100165e-01
1.998910875232995099e-01
1.998910875232995099e-01
1.814071591733785460e-01
1.659628945212203999e-01
1.556129216690465833e-01
1.498058032596275291e-01
1.468714459303870901e-01
1.498058032596275291e-01
1.556129216690465833e-01
1.659628945212203999e-01
1.814071591733785460e-01
1.998910875232995099e-01
1.998910875232995099e-01
1.801137665974435476e-01
1.652806019665352399e-01
1.561700559593101612e-01
1.511454741160809800e-01
1.484348930851023540e-01
1.511454741160809800e-01
1.561700559593101612e-01
1.652806019665352399e-01
1.801137665974435476e-01
1.998910875232995099e-01
1.998910875232995099e-01
1.796624283342218853e-01
1.651922069868614340e-01
1.566539779603753346e-01
1.521297775822396114e-01
1.498868071851205686e-01
1.521297775822396114e-01
1.566539779603753346e-01
1.651922069868614340e-01
1.796624283342218853e-01
1.998910875232995099e-01
1.998910875232995099e-01
1.790976347245706035e-01
1.654259898767863612e-01
1.578135882288690395e-01
1.538086119198146806e-01
1.517088150152225701e-01
1.538086119198146806e-01
1.578135882288690672e-01
1.654259898767863612e-01
1.790976347245706035e-01
1.998910875232995099e-01
1.998910875232995099e-01
1.789452508487630322e-01
1.656650484916587507e-01
1.584667398541406425e-01
1.547834054856822572e-01
1.529741102254874308e-01
1.547834054856822572e-01
1.584667398541406425e-01
1.656650484916587507e-01
1.789452508487630322e-01
1.998910875232995099e-01
1.998910875232995099e-01
1.788585058942752382e-01
1.663398555562863035e-01
1.598001930607672594e-01
1.564592027383714112e-01
1.547408692832762944e-01
1.564592027383714112e-01
1.598001930607672594e-01
1.663398555562863035e-01
1.788585058942752382e-01
1.998910875232995099e-01
1.998910875232995099e-01
1.788950451653693596e-01
1.667276250807572802e-01
1.604803490279821665e-01
1.573482033381673750e-01
1.558143403499913093e-01
1.573482033381673750e-01
1.604803490279821665e-01
1.667276250807572802e-01
1.788950451653693596e-01
1.998910875232995099e-01
1.998910875232995099e-01
1.790980603758401679e-01
1.675823145798915337e-01
1.617998256609141927e-01
1.588957878033557258e-01
1.574202984545218231e-01
1.588957878033557258e-01
1.617998256609141927e-01
1.675823145798915337e-01
1.790980603758401957e-01
1.998910875232995099e-01
1.998910875232995099e-01
1.792447533805388848e-01
1.680226002131915697e-01
1.624471289017758724e-01
1.596816704894517824e-01
1.583262485293185917e-01
1.596816704894517824e-01
1.624471289017758724e-01
1.680226002131915697e-01
1.792447533805388848e-01
1.998910875232995099e-01
1.998910875232995099e-01
1.796086396728579226e-01
1.689211000728529366e-01
1.636775307157493087e-01
1.610673609606225187e-01
1.597505092102530777e-01
1.610673609606225187e-01
1.636775307157493087e-01
1.689211000728529366e-01
1.796086396728579226e-01
1.998910875232995099e-01
1.998910875232995099e-01
1.798132448048991305e-01
1.693648773905061800e-01
1.642704673191877351e-01
1.617548831413827826e-01
1.605186427072257949e-01
1.617548831413827826e-01
1.642704673191877351e-01
1.693648773905061800e-01
1.798132448048991305e-01
1.998910875232995099e-01
1.998910875232995099e-01
1.802550063992405804e-01
1.702405733842635716e-01
1.653883841329510662e-01
1.629816302962784902e-01
1.617717369934130178e-01
1.629816302962784902e-01
1.653883841329510662e-01
1.702405733842635716e-01
1.802550063992405527e-01
1.998910875232995099e-01
1.998910875232995099e-01
1.804849211742969861e-01
1.706652025537922779e-01
1.659231715790691342e-01
1.635831733432111246e-01
1.624294855443204622e-01
1.635831733432110968e-01
1.659231715790691342e-01
1.706652025537922779e-01
1.804849211742969861e-01
1.998910875232995099e-01
1.998910875232995099e-01
1.809548621496207543e-01
1.714902282619830132e-01
1.669300810670838742e-01
1.646691936340782536e-01
1.635343835037967597e-01
1.646691936340782536e-01
1.669300810670838742e-01
1.714902282619830132e-01
1.809548621496207543e-01
1.998910875232995099e-01
1.998910875232995099e-01
1.811911856774360285e-01
1.718871241444663578e-01
1.674110459215089330e-01
1.651993395969288958e-01
1.641055560333447849e-01
1.651993395969288958e-01
1.674110459215089330e-01
1.718871241444663578e-01
1.811911856774360285e-01
1.998910875232995099e-01
1.998910875232995099e-01
1.816617158081236250e-01
1.726528934160234952e-01
1.683186681103453486e-01
1.661672895443835341e-01
1.650878407437619266e-01
1.661672895443835341e-01
1.683186681103453486e-01
1.726528934160234952e-01
1.816617158081236250e-01
1.998910875232995099e-01
1.998910875232995099e-01
1.818941733896542734e-01
1.730202858603981653e-01
1.687529309430110536e-01
1.666395844809902549e-01
1.655916098754572352e-01
1.666395844809902549e-01
1.687529309430110536e-01
1.730202858603981653e-01
1.818941733896542734e-01
1.998910875232995099e-01
1.998910875232995099e-01
1.823506153909161265e-01
1.737279054571441717e-01
1.695756505563014715e-01
1.675104971671468324e-01
1.664739070635870566e-01
1.675104971671468324e-01
1.695756505563014715e-01
1.737279054571441717e-01
1.823506153909161265e-01
1.998910875232995099e-01
1.998910875232995099e-01
1.825742839893083058e-01
1.740675886904285985e-01
1.699707114998438018e-01
1.679364014851965070e-01
1.669251178561473037e-01
1.679364014851965070e-01
1.699707114998438018e-01
1.740675886904285985e-01
1.825742839893083058e-01
1.998910875232995099e-01
1.998910875232995099e-01
1.830108724823044930e-01
1.747229737180818754e-01
1.707229216697798702e-01
1.687288026179322165e-01
1.677268487350906112e-01
1.687288026179322165e-01
1.707229216697798702e-01
1.747229737180818754e-01
1.830108724823044930e-01
1.998910875232995099e-01
1.998910875232995099e-01
1.832243051091951291e-01
1.750385339143261942e-01
1.710858660628854222e-01
1.691178690015538166e-01
1.681371939247725544e-01
1.691178690015538166e-01
1.710858660628854222e-01
1.750385339143261942e-01
1.832243051091951291e-01
1.998910875232995099e-01
1.998910875232995099e-01
1.836405226688163084e-01
1.756496223223101560e-01
1.717808978495517225e-01
1.698475734582969576e-01
1.688747561579589385e-01
1.698475734582969576e-01
1.717808978495517225e-01
1.756496223223101560e-01
1.836405226688163084e-01
1.998910875232995099e-01
1.998910875232995099e-01
1.838442918344110055e-01
1.759452543161800775e-01
1.721179848853817140e-01
1.702074546796978893e-01
1.692531350800005330e-01
1.702074546796978893e-01
1.721179848853817140e-01
1.759452543161800775e-01
1.838442918344110055e-01
1.998910875232995099e-01
1.998910875232995099e-01
1.842427530396447966e-01
1.765204591386093647e-01
1.727671966735558895e-01
1.708871510739621846e-01
1.699396886960298780e-01
1.708871510739621846e-01
1.727671966735558895e-01
1.765204591386093647e-01
1.842427530396447966e-01
1.998910875232995099e-01
1.998910875232995099e-01
1.844387218413812979e-01
1.768001947636621829e-01
1.730835703343938103e-01
1.712236821516699703e-01
1.702924630605834877e-01
1.712236821516699703e-01
1.730835703343938103e-01
1.768001947636621829e-01
1.844387218413812979e-01
1.998910875232995099e-01
1.998910875232995099e-01
1.848240301395057406e-01
1.773473532903051542e-01
1.736960878879708903e-01
1.718630205653316756e-01
1.709380072182772881e-01
1.718630205653316756e-01
1.736960878879708903e-01
1.773473532903051542e-01
1.848240301395057406e-01
1.998910875232995099e-01
1.998910875232995099e-01
1.850148753326388285e-01
1.776150239829507593e-01
1.739958287821914973e-01
1.721803269142767323e-01
1.712691893117866404e-01
1.721803269142767323e-01
1.739958287821914973e-01
1.776150239829507593e-01
1.850148753326388285e-01
1.998910875232995099e-01
1.998910875232995099e-01
1.853932439645023522e-01
1.781417968996296397e-01
1.745790755003348571e-01
1.727863302568704573e-01
1.718807658508741676e-01
1.727863302568704573e-01
1.745790755003348571e-01
1.781417968996296397e-01
1.853932439645023522e-01
1.998910875232995099e-01
1.998910875232995099e-01
1.855825167723564872e-01
1.784014836377732505e-01
1.748656012400617854e-01
1.730871230033828034e-01
1.721923863230221952e-01
1.730871230033828034e-01
1.748656012400617854e-01
1.784014836377732505e-01
1.855825167723564872e-01
1.998910875232995099e-01
1.998910875232995099e-01
1.859623153639459736e-01
1.789164512244789396e-01
1.754263427166650180e-01
1.736652503977720585e-01
1.727750208561540379e-01
1.736652503977720585e-01
1.754263427166650180e-01
1.789164512244789396e-01
1.859623153639459736e-01
1.998910875232995099e-01
1.998910875232995099e-01
1.861549465082186217e-01
1.791730396546778736e-01
1.757032312178724853e-01
1.739516901876167754e-01
1.730679819404425945e-01
1.739516901876167754e-01
1.757032312178724853e-01
1.791730396546778736e-01
1.861549465082186217e-01
1.998910875232995099e-01
1.998910875232995099e-01
1.865475752907014284e-01
1.796873931937180424e-01
1.762497601317795926e-01
1.745082207224634141e-01
1.736271731353120074e-01
1.745082207224634141e-01
1.762497601317795926e-01
1.796873931937180424e-01
1.865475752907014284e-01
1.998910875232995099e-01
1.998910875232995099e-01
1.867504500286615021e-01
1.799474865064381313e-01
1.765220593877814270e-01
1.747835566879281377e-01
1.739029245165584769e-01
1.747835566879281377e-01
1.765220593877814270e-01
1.799474865064381313e-01
1.867504500286615021e-01
1.998910875232995099e-01
1.998910875232995099e-01
1.871720638709935824e-01
1.804771587177549375e-01
1.770673088840475917e-01
1.753292002835986352e-01
1.744485273123254909e-01
1.753292002835986352e-01
1.770673088840476195e-01
1.804771587177549375e-01
1.871720638709935547e-01
1.998910875232995099e-01
1.998910875232995099e-01
1.873948203446807181e-01
1.807505306893373576e-01
1.773433235022961185e-01
1.755999402818649024e-01
1.747115236611290201e-01
1.755999402818649024e-01
1.773433235022961185e-01
1.807505306893373853e-01
1.873948203446807181e-01
1.998910875232995099e-01
1.998910875232995099e-01
1.878685981299704766e-01
1.813193643833685420e-01
1.779088721426841657e-01
1.761543534985943738e-01
1.752625156842031462e-01
1.761543534985943738e-01
1.779088721426841657e-01
1.813193643833685420e-01
1.878685981299704766e-01
1.998910875232995099e-01
1.998910875232995099e-01
1.881249130277862780e-01
1.816208281054140505e-01
1.782024752976942850e-01
1.764329387362336132e-01
1.755235781517572313e-01
1.764329387362336132e-01
1.782024752976942850e-01
1.816208281054140505e-01
1.881249130277862780e-01
1.998910875232995099e-01
1.998910875232995099e-01
1.886833569030954560e-01
1.822645309008985859e-01
1.788234197740939391e-01
1.770301868323778671e-01
1.761137595014709567e-01
1.770301868323778671e-01
1.788234197740939391e-01
1.822645309008985859e-01
1.886833569030955116e-01
1.998910875232995099e-01
1.998910875232995099e-01
1.889926058681519749e-01
1.826155966828925670e-01
1.791562500772982680e-01
1.773378313648219240e-01
1.763935972768897187e-01
1.773378313648219240e-01
1.791562500772982680e-01
1.826155966828925670e-01
1.889926058681519749e-01
1.998910875232995099e-01
1.998910875232995099e-01
1.896808582871301330e-01
1.833848957918564337e-01
1.798845680260854341e-01
1.780303110903395380e-01
1.770757231896898931e-01
1.780303110903395380e-01
1.798845680260854618e-01
1.833848957918564615e-01
1.896808582871301330e-01
1.998910875232995099e-01
1.998910875232995099e-01
1.900696870538955974e-01
1.838152005837687952e-01
1.802868872184820448e-01
1.783979938917542585e-01
1.774060863383375430e-01
1.783979938917542585e-01
1.802868872184820448e-01
1.838152005837687952e-01
1.900696870538955974e-01
1.998910875232995099e-01
1.998910875232995099e-01
1.909492436348265987e-01
1.847780480571580564e-01
1.811914381782057382e-01
1.792553166283818999e-01
1.782501672753434296e-01
1.792553166283818999e-01
1.811914381782057382e-01
1.847780480571580564e-01
1.909492436348265987e-01
1.998910875232995099e-01
1.998910875232995099e-01
1.914535776172337500e-01
1.853265995630409835e-01
1.817017343486180547e-01
1.797222448263596783e-01
1.786717506907595787e-01
1.797222448263596783e-01
1.817017343486180547e-01
1.853265995630409835e-01
1.914535776172337500e-01
1.998910875232995099e-01
1.998910875232995099e-01
1.926084644613188512e-01
1.865711421201326492e-01
1.828673504225157009e-01
1.808278531982958626e-01
1.797609160390365446e-01
1.808278531982958626e-01
1.828673504225157009e-01
1.865711421201326492e-01
1.926084644613188512e-01
1.998910875232995099e-01
1.998910875232995099e-01
1.932775771006953469e-01
1.872890926176324633e-01
1.835320279262858123e-01
1.814384872520596881e-01
1.803174776878883057e-01
1.814384872520596881e-01
1.835320279262858123e-01
1.872890926176324911e-01
1.932775771006953747e-01
1.998910875232995099e-01
1.998910875232995099e-01
1.948239497431688838e-01
1.889326490704002492e-01
1.850599226426700439e-01
1.828846098124098096e-01
1.817417994035795126e-01
1.828846098124098096e-01
1.850599226426700439e-01
1.889326490704002492e-01
1.948239497431688838e-01
1.998910875232995099e-01
1.998910875232995099e-01
1.957267056235539870e-01
1.898901535779504712e-01
1.859335094557805768e-01
1.836819598101070983e-01
1.824670280077870799e-01
1.836819598101070983e-01
1.859335094557805768e-01
1.898901535779504712e-01
1.957267056235539870e-01
1.998910875232995099e-01
1.998910875232995099e-01
1.978263426951960002e-01
1.920997453169482616e-01
1.879451210183711585e-01
1.855614663914461615e-01
1.843110359998089975e-01
1.855614663914461615e-01
1.879451210183711585e-01
1.920997453169482616e-01
1.978263426951960002e-01
1.998910875232995099e-01
1.998910875232995099e-01
1.990589615900302811e-01
1.934018357514118991e-01
1.890974224792019431e-01
1.865809628047094548e-01
1.852098632737793349e-01
1.865809628047094548e-01
1.890974224792019431e-01
1.934018357514118991e-01
1.990589615900302811e-01
1.998910875232995099e-01
1.998910875232995099e-01
2.019385808102201474e-01
1.964411768426858051e-01
1.917663234509780767e-01
1.890023702484981416e-01
1.875614996426074044e-01
1.890023702484981416e-01
1.917663234509780767e-01
1.964411768426858051e-01
2.019385808102201751e-01
1.998910875232995099e-01
1.998910875232995099e-01
2.036344623515441710e-01
1.982612972748813429e-01
1.933124927014079619e-01
1.902831174108044754e-01
1.885983555533667644e-01
1.902831174108044754e-01
1.933124927014079619e-01
1.982612972748813429e-01
2.036344623515441987e-01
1.998910875232995099e-01
1.998910875232995099e-01
2.076040443247694767e-01
2.025822026747540749e-01
1.969679978145335852e-01
1.934548191304563125e-01
1.916245890492058179e-01
1.934548191304563125e-01
1.969679978145335852e-01
2.025822026747540749e-01
2.076040443247694767e-01
1.998910875232995099e-01
1.998910875232995099e-01
2.099393368518877034e-01
2.052196592679348952e-01
1.991554323538076154e-01
1.951022693149455367e-01
1.927471887746759482e-01
1.951022693149455367e-01
1.991554323538076154e-01
2.052196592679348952e-01
2.099393368518877034e-01
1.998910875232995099e-01
1.998910875232995099e-01
2.153918713960006337e-01
2.116049410986490520e-01
2.045727265201710832e-01
1.996210847033781099e-01
1.969746611065178177e-01
1.996210847033781099e-01
2.045727265201710832e-01
2.116049410986490520e-01
2.153918713960006337e-01
1.998910875232995099e-01
1.998910875232995099e-01
2.185753993761483382e-01
2.155633512648497951e-01
2.080290620142525027e-01
2.020722184014544232e-01
1.983191890117617096e-01
2.020722184014544232e-01
2.080290620142525027e-01
2.155633512648497951e-01
2.185753993761483382e-01
1.998910875232995099e-01
1.998910875232995099e-01
2.259358834342207467e-01
2.252620733543355125e-01
2.172347487689534618e-01
2.099533040914869364e-01
2.057004778389250332e-01
2.099533040914869364e-01
2.172347487689534618e-01
2.252620733543355125e-01
2.259358834342207745e-01
1.998910875232995099e-01
1.998910875232995099e-01
2.301617429909424972e-01
2.312368013626896757e-01
2.235807100502267553e-01
2.149434872770886462e-01
2.085546007755227915e-01
2.149434872770886462e-01
2.235807100502267553e-01
2.312368013626896479e-01
2.301617429909424972e-01
1.998910875232995099e-01
1.998910875232995099e-01
2.397476794518142440e-01
2.455916369609883743e-01
2.414546563211497354e-01
2.331668148785493166e-01
2.264166461217332338e-01
2.331668148785493166e-01
2.414546563211497354e-01
2.455916369609883743e-01
2.397476794518142440e-01
1.998910875232995099e-01
1.998910875232995099e-01
2.451063209428384904e-01
2.538070705897889079e-01
2.537783384070155801e-01
2.474734993797083893e-01
2.384981703482730309e-01
2.474734993797083893e-01
2.537783384070155801e-01
2.538070705897889079e-01
2.451063209428384904e-01
1.998910875232995099e-01
1.998910875232995099e-01
2.569570083919102688e-01
2.715595396615970714e-01
2.853438672208568061e-01
3.000818901592769983e-01
3.139724341643364003e-01
3.000818901592769983e-01
2.853438672208568061e-01
2.715595396615970714e-01
2.569570083919102688e-01
1.998910875232995099e-01
2.634446831480498075e-01
2.634484986483576763e-01
2.795373100697722268e-01
2.969216042037959302e-01
3.131648752718976803e-01
3.243014662576174101e-01
3.131648752718976803e-01
2.969216042037959302e-01
2.795373100697722268e-01
2.634484986483576763e-01
2.634446831480498630e-01
2.752288966278194082e-01
2.752338260340247977e-01
2.928839968092710744e-01
3.120429295193886676e-01
3.276491109750181985e-01
3.382614635632706368e-01
3.276491109750181985e-01
3.120429295193886676e-01
2.928839968092710744e-01
2.752338260340247977e-01
2.752288966278194082e-01
2.804604309560052577e-01
2.804615996693470836e-01
2.981114851949933087e-01
3.164172506408820529e-01
3.294111702731049030e-01
3.364467694412019982e-01
3.294111702731049030e-01
3.164172506408820529e-01
2.981114851949933087e-01
2.804615996693470836e-01
2.804604309560052577e-01
2.895903794601283332e-01
2.895928741883156965e-01
3.059238842076606457e-01
3.211916483371142217e-01
3.313714752290335408e-01
3.375941419944011312e-01
3.313714752290335408e-01
3.211916483371142217e-01
3.059238842076606457e-01
2.895928741883156965e-01
2.895903794601283332e-01
2.935401140636718642e-01
2.935410895615505056e-01
3.088482116197415195e-01
3.222661115189348613e-01
3.302274220941968097e-01
3.340581773279897582e-01
3.302274220941968097e-01
3.222661115189348613e-01
3.088482116197415195e-01
2.935410895615505056e-01
2.935401140636718642e-01
3.002815190910839149e-01
3.002829561228593236e-01
3.131179663433278360e-01
3.232131708417401161e-01
3.289957272059755300e-01
3.322400505625062728e-01
3.289957272059755300e-01
3.232131708417401161e-01
3.131179663433278360e-01
3.002829561228593236e-01
3.002815190910839149e-01
3.031672791078498519e-01
3.031668114988091967e-01
3.147552890824898975e-01
3.233361734847743918e-01
3.277782719259973443e-01
3.297380952531029363e-01
3.277782719259973443e-01
3.233361734847743918e-01
3.147552890824898975e-01
3.031668114988091967e-01
3.031672791078498519e-01
3.080573905692631231e-01
3.080578413361937939e-01
3.172892084104714794e-01
3.235298602069096585e-01
3.266936740611350865e-01
3.283156208654747221e-01
3.266936740611350865e-01
3.235298602069096585e-01
3.172892084104714794e-01
3.080578413361937939e-01
3.080573905692631231e-01
3.101524114117735209e-01
3.101516924400260500e-01
3.183429958677524430e-01
3.236376038150078349e-01
3.261428020359392610e-01
3.272121203949824864e-01
3.261428020359392610e-01
3.236376038150078349e-01
3.183429958677524430e-01
3.101516924400260500e-01
3.101524114117735209e-01
3.137176113242298170e-01
3.137174016520003494e-01
3.201443256442171870e-01
3.240847266865758414e-01
3.259651690314966377e-01
3.268721076245134083e-01
3.259651690314966377e-01
3.240847266865758414e-01
3.201443256442171870e-01
3.137174016520003494e-01
3.137176113242298170e-01
3.152555053728613998e-01
3.152548811264072603e-01
3.209524320602604730e-01
3.243827183066927411e-01
3.259925812185122118e-01
3.267172289404896568e-01
3.259925812185122118e-01
3.243827183066927411e-01
3.209524320602604730e-01
3.152548811264072603e-01
3.152555053728613998e-01
3.178959907001187579e-01
3.178958704972167926e-01
3.224230833465477342e-01
3.251474692050429494e-01
3.264884288043413130e-01
3.271473019438314589e-01
3.264884288043413130e-01
3.251474692050429494e-01
3.224230833465477342e-01
3.178958704972167926e-01
3.178959907001188134e-01
3.190438176205723786e-01
3.190433486420715115e-01
3.230991865196205515e-01
3.255612822687702357e-01
3.267963136487922471e-01
3.274029385452571494e-01
3.267963136487922471e-01
3.255612822687702357e-01
3.230991865196205515e-01
3.190433486420715115e-01
3.190438176205723786e-01
3.210294328833127042e-01
3.210294709105128153e-01
3.243389424111718933e-01
3.264250759881348052e-01
3.275369096710606942e-01
3.281193011418272465e-01
3.275369096710606942e-01
3.264250759881348052e-01
3.243389424111718933e-01
3.210294709105128153e-01
3.210294328833127042e-01
3.218963907313146522e-01
3.218960565505309401e-01
3.249014784457163740e-01
3.268352791267790658e-01
3.278824028204972985e-01
3.284243889482550971e-01
3.278824028204972985e-01
3.268352791267790658e-01
3.249014784457163740e-01
3.218960565505309401e-01
3.218963907313146522e-01
3.234006559014293014e-01
3.234006309945420821e-01
3.259110052218428533e-01
3.275996272169244827e-01
3.285601918692628853e-01
3.290902459201445196e-01
3.285601918692628853e-01
3.275996272169244827e-01
3.259110052218428533e-01
3.234006309945420821e-01
3.234006559014293014e-01
3.240572826608727475e-01
3.240570627779597035e-01
3.263570760655362113e-01
3.279305032154865018e-01
3.288209003315721857e-01
3.292874540744901157e-01
3.288209003315721857e-01
3.279305032154865018e-01
3.263570760655362113e-01
3.240570627779597035e-01
3.240572826608727475e-01
3.251949639520685942e-01
3.251946005092566372e-01
3.271347173582824230e-01
3.285028835417659887e-01
3.293050305221424945e-01
3.297598058414633604e-01
3.293050305221424945e-01
3.285028835417659887e-01
3.271347173582824230e-01
3.251946005092566372e-01
3.251949639520685387e-01
3.256895003201409899e-01
3.256892807805868983e-01
3.274693169404839233e-01
3.287330901522123594e-01
3.294554445771311069e-01
3.298297319238631120e-01
3.294554445771311069e-01
3.287330901522123594e-01
3.274693169404839233e-01
3.256892807805868983e-01
3.256895003201409899e-01
3.265425776734272589e-01
3.265419768923235599e-01
3.280374521115781428e-01
3.291119751044162545e-01
3.297425197863531054e-01
3.301024154450889481e-01
3.297425197863531054e-01
3.291119751044162545e-01
3.280374521115781428e-01
3.265419768923235599e-01
3.265425776734272589e-01
3.269113522474753619e-01
3.269108152939508849e-01
3.282770971929890869e-01
3.292559349063383101e-01
3.298081294837119093e-01
3.300881207255938476e-01
3.298081294837119093e-01
3.292559349063383101e-01
3.282770971929890869e-01
3.269108152939508849e-01
3.269113522474753619e-01
3.275433573328679904e-01
3.275428454290939539e-01
3.286770199701546380e-01
3.294873657146427104e-01
3.299544608298404791e-01
3.302190121706192194e-01
3.299544608298404791e-01
3.294873657146427104e-01
3.286770199701546380e-01
3.275428454290939539e-01
3.275433573328679904e-01
3.278154274087557440e-01
3.278148962116563259e-01
3.288441631763653339e-01
3.295727439554525517e-01
3.299734465614090340e-01
3.301720191985668684e-01
3.299734465614090340e-01
3.295727439554525517e-01
3.288441631763653339e-01
3.278148962116563259e-01
3.278154274087556885e-01
3.282795690655583298e-01
3.282791266407904529e-01
3.291220609288457721e-01
3.297118765615163483e-01
3.300427068204977443e-01
3.302268538782396901e-01
3.300427068204977443e-01
3.297118765615163483e-01
3.291220609288457721e-01
3.282791266407904529e-01
3.282795690655583298e-01
3.284788151463014505e-01
3.284784350488398341e-01
3.292384263577248782e-01
3.297640120570401456e-01
3.300451431418433001e-01
3.301819902538745133e-01
3.300451431418433001e-01
3.297640120570401456e-01
3.292384263577248782e-01
3.284784350488398341e-01
3.284788151463014505e-01
3.288180803709065958e-01
3.288175846649267209e-01
3.294335302878721450e-01
3.298537399224732436e-01
3.300830398198482674e-01
3.302080089056560475e-01
3.300830398198482674e-01
3.298537399224732436e-01
3.294335302878721450e-01
3.288175846649267209e-01
3.288180803709065958e-01
3.289633655269052492e-01
3.289631316700240560e-01
3.295160901399009634e-01
3.298894021642374552e-01
3.300849529829337770e-01
3.301794825148942070e-01
3.300849529829337770e-01
3.298894021642374552e-01
3.295160901399009634e-01
3.289631316700240560e-01
3.289633655269051937e-01
3.292107636183609354e-01
3.292103663758534360e-01
3.296565914023388277e-01
3.299550522811726672e-01
3.301149959681016766e-01
3.302005649929180553e-01
3.301149959681016766e-01
3.299550522811726672e-01
3.296565914023388277e-01
3.292103663758534360e-01
3.292107636183609354e-01
3.293166703454032951e-01
3.293165002838123190e-01
3.297168568269885358e-01
3.299828694917934513e-01
3.301212980135866948e-01
3.301887137360071112e-01
3.301212980135866948e-01
3.299828694917934513e-01
3.297168568269885358e-01
3.293165002838123190e-01
3.293166703454032951e-01
3.294970478997686358e-01
3.294968606340459294e-01
3.298208788756247234e-01
3.300358812439881939e-01
3.301509180124271303e-01
3.302118094202667886e-01
3.301509180124271303e-01
3.300358812439881939e-01
3.298208788756247234e-01
3.294968606340459294e-01
3.294970478997686358e-01
3.295744014817852952e-01
3.295743040561516790e-01
3.298659089155204227e-01
3.300590696871245067e-01
3.301605235443609287e-01
3.302107783031719146e-01
3.301605235443609287e-01
3.300590696871245067e-01
3.298659089155204227e-01
3.295743040561516790e-01
3.295744014817852952e-01
3.297061712431517133e-01
3.297061166234410701e-01
3.299443507612027648e-01
3.301030647961153974e-01
3.301891789910550434e-01
3.302347245771099504e-01
3.301891789910550434e-01
3.301030647961153974e-01
3.299443507612027648e-01
3.297061166234410701e-01
3.297061712431517133e-01
3.297627127088568755e-01
3.297627703841848890e-01
3.299783332696840099e-01
3.301222029139334602e-01
3.301993454223405289e-01
3.302382456768258590e-01
3.301993454223405289e-01
3.301222029139334602e-01
3.299783332696840099e-01
3.297627703841848890e-01
3.297627127088568755e-01
3.298591882259483410e-01
3.298591734304546219e-01
3.300376222984518493e-01
3.301576850760948867e-01
3.302242812367334746e-01
3.302596581073616311e-01
3.302242812367334746e-01
3.301576850760948867e-01
3.300376222984518493e-01
3.298591734304546219e-01
3.298591882259483410e-01
3.299004693920863929e-01
3.299006030993110739e-01
3.300631221960517170e-01
3.301726542862575831e-01
3.302328951458238238e-01
3.302636442038456854e-01
3.302328951458238238e-01
3.301726542862575831e-01
3.300631221960517170e-01
3.299006030993110739e-01
3.299004693920863929e-01
3.299708057691794205e-01
3.299708699154759173e-01
3.301073035161175007e-01
3.301997015109515154e-01
3.302521438467426740e-01
3.302800305546648718e-01
3.302521438467426740e-01
3.301997015109515154e-01
3.301073035161175007e-01
3.299708699154759173e-01
3.299708057691794205e-01
3.300008012138530566e-01
3.300009264341788318e-01
3.301260798179147526e-01
3.302106410500081357e-01
3.302582672638014749e-01
3.302827026141892941e-01
3.302582672638014749e-01
3.302106410500081357e-01
3.301260798179147526e-01
3.300009264341788318e-01
3.300008012138530566e-01
3.300515233085043465e-01
3.300516824295344764e-01
3.301582652354727587e-01
3.302300102215783850e-01
3.302715697684547314e-01
3.302934440386758319e-01
3.302715697684547314e-01
3.302300102215783850e-01
3.301582652354727587e-01
3.300516824295344764e-01
3.300515233085043465e-01
3.300730617014407398e-01
3.300732082741794637e-01
3.301717394532486249e-01
3.302375272029761666e-01
3.302753490131142278e-01
3.302947725829329939e-01
3.302753490131142278e-01
3.302375272029761666e-01
3.301717394532486249e-01
3.300732082741794637e-01
3.300730617014407398e-01
3.301091008428699292e-01
3.301093078026601235e-01
3.301946463968935541e-01
3.302506720040511157e-01
3.302837151698140850e-01
3.303006756007103029e-01
3.302837151698140850e-01
3.302506720040511157e-01
3.301946463968935541e-01
3.301093078026601235e-01
3.301091008428699292e-01
3.301242451495935426e-01
3.301244723246952728e-01
3.302040704274568084e-01
3.302555768894973598e-01
3.302858543998640206e-01
3.303013551604009335e-01
3.302858543998640206e-01
3.302555768894973598e-01
3.302040704274568084e-01
3.301244723246952728e-01
3.301242451495935426e-01
3.301493083756138480e-01
3.301495644886323078e-01
3.302199964945043975e-01
3.302642194194757574e-01
3.302908311546989273e-01
3.303039971277391129e-01
3.302908311546989273e-01
3.302642194194757574e-01
3.302199964945043975e-01
3.301495644886323078e-01
3.301493083756138480e-01
3.301596662698192963e-01
3.301599498122100851e-01
3.302264472922101235e-01
3.302672844055355439e-01
3.302921120379910258e-01
3.303047645546995370e-01
3.302921120379910258e-01
3.302672844055355439e-01
3.302264472922101235e-01
3.301599498122100851e-01
3.301596662698192963e-01
3.301764433834111778e-01
3.301768188611022836e-01
3.302372918993131679e-01
3.302729530611155373e-01
3.302950342330835398e-01
3.303054548533311263e-01
3.302950342330835398e-01
3.302729530611155373e-01
3.302372918993131679e-01
3.301768188611022836e-01
3.301764433834111778e-01
3.301832750616073842e-01
3.301836135708220432e-01
3.302415975415515792e-01
3.302748411341959733e-01
3.302959991746601265e-01
3.303067676099338268e-01
3.302959991746601265e-01
3.302748411341959733e-01
3.302415975415515792e-01
3.301836135708220432e-01
3.301832750616073842e-01
3.301939292907910550e-01
3.301944386315459057e-01
3.302488514445897638e-01
3.302786154623209569e-01
3.302977890881875767e-01
3.303063357135929690e-01
3.302977890881875767e-01
3.302786154623209569e-01
3.302488514445897638e-01
3.301944386315459057e-01
3.301939292907910550e-01
3.301981934881722536e-01
3.301986227915122973e-01
3.302515982129920480e-01
3.302798121832544176e-01
3.302987045691546664e-01
3.303083827509898929e-01
3.302987045691546664e-01
3.302798121832544176e-01
3.302515982129920480e-01
3.301986227915122973e-01
3.301981934881722536e-01
3.302044892743038473e-01
3.302050785107266129e-01
3.302563235517403384e-01
3.302823348189182218e-01
3.302999667182372479e-01
3.303075025216538618e-01
3.302999667182372479e-01
3.302823348189182218e-01
3.302563235517403384e-01
3.302050785107266129e-01
3.302044892743038473e-01
3.302068805506791493e-01
3.302074279287530167e-01
3.302580263306310604e-01
3.302830864261143140e-01
3.303009622932346900e-01
3.303102004518171375e-01
3.303009622932346900e-01
3.302830864261143140e-01
3.302580263306310604e-01
3.302074279287530167e-01
3.302068805506791493e-01
3.302101050641720326e-01
3.302107975841661602e-01
3.302610256679255896e-01
3.302848080292816735e-01
3.303018738288759915e-01
3.303088408587193103e-01
3.303018738288759915e-01
3.302848080292816735e-01
3.302610256679255896e-01
3.302107975841661602e-01
3.302101050641720326e-01
3.302112293413446142e-01
3.302118801534161263e-01
3.302620933311131157e-01
3.302852281010548730e-01
3.303028967423766726e-01
3.303119426971232730e-01
3.303028967423766726e-01
3.302852281010548730e-01
3.302620933311131157e-01
3.302118801534161263e-01
3.302112293413446142e-01
3.302124249668620948e-01
3.302132211038818488e-01
3.302639868980291049e-01
3.302863907928790255e-01
3.303033819311935182e-01
3.303100441143387300e-01
3.303033819311935182e-01
3.302863907928790255e-01
3.302639868980291049e-01
3.302132211038818488e-01
3.302124249668620948e-01
3.302127565249875496e-01
3.302134947051582614e-01
3.302646347109880476e-01
3.302865924886612681e-01
3.303042891650025403e-01
3.303132943060313464e-01
3.303042891650025403e-01
3.302865924886612681e-01
3.302646347109880476e-01
3.302134947051582614e-01
3.302127565249875496e-01
3.302127243041856897e-01
3.302136228120798878e-01
3.302659703390972701e-01
3.302872183993361688e-01
3.303042954627278260e-01
3.303109481633771938e-01
3.303042954627278260e-01
3.302872183993361688e-01
3.302659703390972701e-01
3.302136228120798878e-01
3.302127243041856897e-01
3.302126100414697896e-01
3.302134758439820850e-01
3.302663434403284026e-01
3.302867178083808697e-01
3.303046371239875545e-01
3.303135153541447711e-01
3.303046371239875545e-01
3.302867178083808697e-01
3.302663434403284026e-01
3.302134758439820850e-01
3.302126100414697896e-01
3.302120723874752417e-01
3.302130535219918173e-01
3.302662609296598828e-01
3.302863471189546041e-01
3.303030396246018352e-01
3.303100108550624525e-01
3.303030396246018352e-01
3.302863471189546041e-01
3.302662609296598828e-01
3.302130535219918173e-01
3.302120723874752417e-01
3.302118229118304327e-01
3.302126501882051146e-01
3.302662767099586172e-01
3.302868787092466119e-01
3.303035988564301806e-01
3.303126660479210330e-01
3.303035988564301806e-01
3.302868787092466119e-01
3.302662767099586172e-01
3.302126501882051146e-01
3.302118229118304327e-01
3.302109565936558466e-01
3.302119609847448123e-01
3.302655041099092359e-01
3.302881667037796953e-01
3.303056035889374020e-01
3.303116364187591580e-01
3.303056035889374020e-01
3.302881667037796953e-01
3.302655041099092359e-01
3.302119609847448123e-01
3.302109565936558466e-01
3.302106495452589163e-01
3.302114299700402156e-01
3.302648147131931888e-01
3.302899294789559681e-01
3.303065722340675636e-01
3.303149070782894769e-01
3.303065722340675636e-01
3.302899294789559681e-01
3.302648147131931888e-01
3.302114299700402156e-01
3.302106495452589163e-01
3.302095949351660509e-01
3.302106423041347716e-01
3.302649405303328956e-01
3.302929312802979078e-01
3.303080292726947587e-01
3.303175644505908504e-01
3.303080292726947587e-01
3.302929312802979078e-01
3.302649405303328956e-01
3.302106423041347716e-01
3.302095949351660509e-01
3.302092384437995132e-01
3.302100779747823012e-01
3.302644609353018734e-01
3.302927771139946844e-01
3.303120191466583644e-01
3.303219821715244753e-01
3.303120191466583644e-01
3.302927771139946844e-01
3.302644609353018734e-01
3.302100779747823012e-01
3.302092384437995132e-01
3.302082027582680657e-01
3.302092384437995132e-01
3.302652906683442580e-01
3.302934986961371666e-01
3.303183459515499076e-01
3.303155862501405693e-01
3.303183459515499076e-01
3.302934986961371666e-01
3.302652906683442580e-01
3.302092384437995132e-01
3.302082027582680657e-01
