2.471658233229014345e-01
2.471691315655371868e-01
2.472821201047147865e-01
2.478590116164330337e-01
2.485064103337536467e-01
2.486789518506301588e-01
2.485064103337536467e-01
2.478590116164330337e-01
2.472821201047147865e-01
2.471691315655371868e-01
2.471658233229014345e-01
2.471691315655371868e-01
2.471713885259124721e-01
2.473052815198290566e-01
2.479733917975037449e-01
2.485301006454797568e-01
2.486795662349629565e-01
2.485301006454797568e-01
2.479733917975037449e-01
2.473052815198290566e-01
2.471713885259124444e-01
2.471691315655371868e-01
2.471697880771117350e-01
2.471735621214863066e-01
2.473230472093208288e-01
2.479440599543067947e-01
2.484858491009531989e-01
2.486859241674727050e-01
2.484858491009531989e-01
2.479440599543067947e-01
2.473230472093208288e-01
2.471735621214863343e-01
2.471697880771117073e-01
2.471736494090878977e-01
2.471756308895703691e-01
2.473259839335714694e-01
2.480547689844881110e-01
2.484756416001709101e-01
2.487476839888154989e-01
2.484756416001709101e-01
2.480547689844881110e-01
2.473259839335714971e-01
2.471756308895703413e-01
2.471736494090879255e-01
2.471742338320204735e-01
2.471779414732318547e-01
2.473272356886205003e-01
2.480512475741997735e-01
2.484878690472537011e-01
2.487366779406142148e-01
2.484878690472537011e-01
2.480512475741997735e-01
2.473272356886204726e-01
2.471779414732318547e-01
2.471742338320204457e-01
2.471780478598492869e-01
2.471801528113534985e-01
2.473293336979370816e-01
2.480493190649386281e-01
2.484856901495998971e-01
2.487371472077853918e-01
2.484856901495998971e-01
2.480493190649386281e-01
2.473293336979370816e-01
2.471801528113534985e-01
2.471780478598492869e-01
2.471789576746806771e-01
2.471823933763222514e-01
2.473292734280231331e-01
2.480462608363410981e-01
2.484780480925205537e-01
2.487265879989294659e-01
2.484780480925205537e-01
2.480462608363410981e-01
2.473292734280231331e-01
2.471823933763222791e-01
2.471789576746806494e-01
2.471828852422190970e-01
2.471846920249399504e-01
2.473293520669070933e-01
2.480383128912556634e-01
2.484657427852285938e-01
2.487095877395665289e-01
2.484657427852285938e-01
2.480383128912556634e-01
2.473293520669070933e-01
2.471846920249399226e-01
2.471828852422190970e-01
2.471836271175740507e-01
2.471872561243254052e-01
2.473294467051007639e-01
2.480348596531532779e-01
2.484589820917149083e-01
2.486992811988363028e-01
2.484589820917148806e-01
2.480348596531532779e-01
2.473294467051007639e-01
2.471872561243254329e-01
2.471836271175740507e-01
2.471883226263708599e-01
2.471900377135337334e-01
2.473298054958069647e-01
2.480306105183444354e-01
2.484547056116352404e-01
2.486983781615157707e-01
2.484547056116352404e-01
2.480306105183444354e-01
2.473298054958069647e-01
2.471900377135337334e-01
2.471883226263708599e-01
2.471894806481546303e-01
2.471929863911843384e-01
2.473295578156630425e-01
2.480281226172385556e-01
2.484500135755380590e-01
2.486893114444359287e-01
2.484500135755380590e-01
2.480281226172385556e-01
2.473295578156630425e-01
2.471929863911843661e-01
2.471894806481546303e-01
2.471948833955505131e-01
2.471970424645486275e-01
2.473313500750339566e-01
2.480252676708961379e-01
2.484456868200148050e-01
2.486868169427056408e-01
2.484456868200148050e-01
2.480252676708961379e-01
2.473313500750339566e-01
2.471970424645486275e-01
2.471948833955505131e-01
2.471972516469648218e-01
2.472002997169952809e-01
2.473311588954772156e-01
2.480236901007581152e-01
2.484414595481710952e-01
2.486788250533950861e-01
2.484414595481710952e-01
2.480236901007581152e-01
2.473311588954772156e-01
2.472002997169952809e-01
2.471972516469648218e-01
2.472040760754987687e-01
2.472061653349384436e-01
2.473344762150589682e-01
2.480218017524717100e-01
2.484379521782259792e-01
2.486762691914281564e-01
2.484379521782259792e-01
2.480218017524717100e-01
2.473344762150589682e-01
2.472061653349384436e-01
2.472040760754987687e-01
2.472072513770987578e-01
2.472104983655216415e-01
2.473355443939167231e-01
2.480207972693606600e-01
2.484341304592246891e-01
2.486693703307599201e-01
2.484341304592246891e-01
2.480207972693606600e-01
2.473355443939167231e-01
2.472104983655216415e-01
2.472072513770987578e-01
2.472167394433016918e-01
2.472187834310994869e-01
2.473399863546331123e-01
2.480201942229653955e-01
2.484315925602677277e-01
2.486675116500352001e-01
2.484315925602677277e-01
2.480201942229653955e-01
2.473399863546331123e-01
2.472187834310994869e-01
2.472167394433016918e-01
2.472214185428935618e-01
2.472245693847515691e-01
2.473428053415439587e-01
2.480195523179426487e-01
2.484285534688369101e-01
2.486612177281232738e-01
2.484285534688369101e-01
2.480195523179426487e-01
2.473428053415439865e-01
2.472245693847515691e-01
2.472214185428935618e-01
2.472342048811440318e-01
2.472364530179917141e-01
2.473490969075114176e-01
2.480206064679232048e-01
2.484268638792109518e-01
2.486602425734245059e-01
2.484268638792109518e-01
2.480206064679232048e-01
2.473490969075113899e-01
2.472364530179917141e-01
2.472342048811440318e-01
2.472411633934582798e-01
2.472441118948816297e-01
2.473531938684602194e-01
2.480207299331274873e-01
2.484244842509319984e-01
2.486543308652859330e-01
2.484244842509319984e-01
2.480207299331274873e-01
2.473531938684602194e-01
2.472441118948816297e-01
2.472411633934582798e-01
2.472585851449974892e-01
2.472609102257483371e-01
2.473627149854526475e-01
2.480235666545387851e-01
2.484239461704539631e-01
2.486542160443760974e-01
2.484239461704539631e-01
2.480235666545387574e-01
2.473627149854526197e-01
2.472609102257483371e-01
2.472585851449974892e-01
2.472683933053359262e-01
2.472713132673375613e-01
2.473682806042875326e-01
2.480247722245104702e-01
2.484220440405682517e-01
2.486484115743131385e-01
2.484220440405682517e-01
2.480247722245104702e-01
2.473682806042875326e-01
2.472713132673375613e-01
2.472683933053359262e-01
2.472923126647175729e-01
2.472945480302845278e-01
2.473819845958430408e-01
2.480301265126462762e-01
2.484230678211093168e-01
2.486495965694348609e-01
2.484230678211093168e-01
2.480301265126463039e-01
2.473819845958430408e-01
2.472945480302845278e-01
2.472923126647175451e-01
2.473057700289876537e-01
2.473088301608821760e-01
2.473899460288023489e-01
2.480326077500688564e-01
2.484219715503574455e-01
2.486437963538822848e-01
2.484219715503574455e-01
2.480326077500688564e-01
2.473899460288023766e-01
2.473088301608821482e-01
2.473057700289876537e-01
2.473385858454593134e-01
2.473407114994364830e-01
2.474092118218410297e-01
2.480414939435786059e-01
2.484254356618755544e-01
2.486470923064607597e-01
2.484254356618755544e-01
2.480414939435786059e-01
2.474092118218410019e-01
2.473407114994365108e-01
2.473385858454592856e-01
2.473570337747186543e-01
2.473602277882468448e-01
2.474203378919714313e-01
2.480461350782716123e-01
2.484255226313400178e-01
2.486420588286868960e-01
2.484255226313400178e-01
2.480461350782716123e-01
2.474203378919714313e-01
2.473602277882468170e-01
2.473570337747186820e-01
2.474017907672707572e-01
2.474038463882937966e-01
2.474471602573669049e-01
2.480596710675164185e-01
2.484327063813786540e-01
2.486483932653325568e-01
2.484327063813786540e-01
2.480596710675164462e-01
2.474471602573669049e-01
2.474038463882938244e-01
2.474017907672707295e-01
2.474270482649708058e-01
2.474303103360663558e-01
2.474625250595901549e-01
2.480672384514398532e-01
2.484345623266568104e-01
2.486447617369079433e-01
2.484345623266568104e-01
2.480672384514398532e-01
2.474625250595901549e-01
2.474303103360663281e-01
2.474270482649708336e-01
2.474877181846099616e-01
2.474898036865147699e-01
2.474990668572699948e-01
2.480869122927673309e-01
2.484463855185309322e-01
2.486551907582589260e-01
2.484463855185309322e-01
2.480869122927673309e-01
2.474990668572699670e-01
2.474898036865147699e-01
2.474877181846099339e-01
2.475222564013959681e-01
2.475255017919993639e-01
2.475200189685321239e-01
2.480977030072209766e-01
2.484504778036033534e-01
2.486528670600839652e-01
2.484504778036033534e-01
2.480977030072209488e-01
2.475200189685321239e-01
2.475255017919993361e-01
2.475222564013959958e-01
2.476042777250457294e-01
2.476066640627088422e-01
2.475689612545255158e-01
2.481246195611955252e-01
2.484670291846247381e-01
2.486674425358658680e-01
2.484670291846247381e-01
2.481246195611955252e-01
2.475689612545254881e-01
2.476066640627088422e-01
2.476042777250457294e-01
2.476517140363498903e-01
2.476548540275895771e-01
2.475970705959198437e-01
2.481389372536338678e-01
2.484728631714736846e-01
2.486654216973152032e-01
2.484728631714736846e-01
2.481389372536338400e-01
2.475970705959198437e-01
2.476548540275895771e-01
2.476517140363498903e-01
2.477631633176786974e-01
2.477662267981242117e-01
2.476621323869547808e-01
2.481735524215845923e-01
2.484929757094733738e-01
2.486823755431887273e-01
2.484929757094733738e-01
2.481735524215845923e-01
2.476621323869547808e-01
2.477662267981242117e-01
2.477631633176786974e-01
2.478288190340764141e-01
2.478318147342953581e-01
2.477000180147487796e-01
2.481915464600230048e-01
2.484990808422437025e-01
2.486777987439812154e-01
2.484990808422437025e-01
2.481915464600230048e-01
2.477000180147487796e-01
2.478318147342953581e-01
2.478288190340764141e-01
2.479818836891261591e-01
2.479856789500569092e-01
2.477870092188697027e-01
2.482348329843814816e-01
2.485206342643335453e-01
2.486942993806781355e-01
2.485206342643335453e-01
2.482348329843814816e-01
2.477870092188697027e-01
2.479856789500569092e-01
2.479818836891261591e-01
2.480729831995373003e-01
2.480760912228137383e-01
2.478386599312702721e-01
2.482570759527464865e-01
2.485251851992674177e-01
2.486824390818468677e-01
2.485251851992674177e-01
2.482570759527464588e-01
2.478386599312702998e-01
2.480760912228137105e-01
2.480729831995373280e-01
2.482852780684010885e-01
2.482896199705100226e-01
2.479574652974102233e-01
2.483122700963980301e-01
2.485475354489642408e-01
2.486968645401632372e-01
2.485475354489642408e-01
2.483122700963980301e-01
2.479574652974101956e-01
2.482896199705100226e-01
2.482852780684010885e-01
2.484118491216769364e-01
2.484151597505820375e-01
2.480287633862623131e-01
2.483415523195911523e-01
2.485497597996059460e-01
2.486735522642982976e-01
2.485497597996059460e-01
2.483415523195911523e-01
2.480287633862623409e-01
2.484151597505820097e-01
2.484118491216769642e-01
2.487069619106910268e-01
2.487120085122584978e-01
2.481949303689128528e-01
2.484171533107263352e-01
2.485780823077271828e-01
2.486898829368580088e-01
2.485780823077271828e-01
2.484171533107263352e-01
2.481949303689128528e-01
2.487120085122585256e-01
2.487069619106909990e-01
2.488829864357494648e-01
2.488857846087988157e-01
2.482951650037020785e-01
2.484599420586191820e-01
2.485812609112505733e-01
2.486558792376361571e-01
2.485812609112505733e-01
2.484599420586191820e-01
2.482951650037021063e-01
2.488857846087987880e-01
2.488829864357494925e-01
2.492908768768293537e-01
2.492961075533331183e-01
2.485306187331303984e-01
2.485735322072487319e-01
2.486311047767567062e-01
2.486894710392868468e-01
2.486311047767567062e-01
2.485735322072487596e-01
2.485306187331303707e-01
2.492961075533331461e-01
2.492908768768293537e-01
2.495329031293182787e-01
2.495354232556040441e-01
2.486725779846518380e-01
2.486406838344706882e-01
2.486458065482969326e-01
2.486544762417244592e-01
2.486458065482969326e-01
2.486406838344706882e-01
2.486725779846518380e-01
2.495354232556040441e-01
2.495329031293183064e-01
2.500924407750548806e-01
2.500970435285753690e-01
2.490059363143900251e-01
2.488194200280529067e-01
2.487444982902379809e-01
2.487333975022925081e-01
2.487444982902379809e-01
2.488194200280529345e-01
2.490059363143899973e-01
2.500970435285754245e-01
2.500924407750548806e-01
2.504215757398574604e-01
2.504242036911229485e-01
2.492050901545961594e-01
2.489257890757927694e-01
2.487879984553248991e-01
2.487172374700413746e-01
2.487879984553248991e-01
2.489257890757927694e-01
2.492050901545961594e-01
2.504242036911229485e-01
2.504215757398575160e-01
2.511824445122422533e-01
2.511870589958127842e-01
2.496694579328356534e-01
2.492002344939269198e-01
2.489681719250586844e-01
2.488740029838031886e-01
2.489681719250586844e-01
2.492002344939269198e-01
2.496694579328356534e-01
2.511870589958127842e-01
2.511824445122421978e-01
2.516283018032231533e-01
2.516302860585853951e-01
2.499427527314047048e-01
2.493599775294033094e-01
2.490572868966909326e-01
2.488995815105940479e-01
2.490572868966909326e-01
2.493599775294033094e-01
2.499427527314047048e-01
2.516302860585853951e-01
2.516283018032231533e-01
2.526559878379964763e-01
2.526601243118590245e-01
2.505710599828541163e-01
2.497502967685983621e-01
2.493375282322055631e-01
2.491515700173396186e-01
2.493375282322055631e-01
2.497502967685983621e-01
2.505710599828541163e-01
2.526601243118590245e-01
2.526559878379964763e-01
2.532561011502580950e-01
2.532581716326811616e-01
2.509339224615991237e-01
2.499673903149598753e-01
2.494736959112367480e-01
2.492220763136837325e-01
2.494736959112367480e-01
2.499673903149598753e-01
2.509339224615991237e-01
2.532581716326811616e-01
2.532561011502580950e-01
2.546406067798956951e-01
2.546435189802781496e-01
2.517570210977753686e-01
2.504655080070610218e-01
2.498291236782199387e-01
2.495399463640257942e-01
2.498291236782199387e-01
2.504655080070610218e-01
2.517570210977753686e-01
2.546435189802781496e-01
2.546406067798956951e-01
2.554474488599113302e-01
2.554497678786520898e-01
2.522247636722426134e-01
2.507259209133190780e-01
2.499793775985124367e-01
2.496076518004240463e-01
2.499793775985124367e-01
2.507259209133190780e-01
2.522247636722426134e-01
2.554497678786520898e-01
2.554474488599113302e-01
2.573142470274246696e-01
2.573177453159118944e-01
2.532780540747217590e-01
2.512882466609474008e-01
2.503232027249151503e-01
2.498921646288156939e-01
2.503232027249151503e-01
2.512882466609474008e-01
2.532780540747217590e-01
2.573177453159118944e-01
2.573142470274246696e-01
2.584068308693577287e-01
2.584093038289885236e-01
2.538761674549963043e-01
2.515637055702739655e-01
2.504131174907350266e-01
2.498388853222236194e-01
2.504131174907350266e-01
2.515637055702739655e-01
2.538761674549963043e-01
2.584093038289885236e-01
2.584068308693577287e-01
2.609447818207676906e-01
2.609503391900744873e-01
2.552312153138592832e-01
2.521408455868640042e-01
2.506209769468759618e-01
2.499445494488575781e-01
2.506209769468759618e-01
2.521408455868640042e-01
2.552312153138592832e-01
2.609503391900744873e-01
2.609447818207676906e-01
2.624396884943608899e-01
2.624427235535920500e-01
2.560167337652708985e-01
2.524169030688505622e-01
2.505634652860406764e-01
2.496051539229073024e-01
2.505634652860406764e-01
2.524169030688505622e-01
2.560167337652708985e-01
2.624427235535920500e-01
2.624396884943608899e-01
2.659274728038676372e-01
2.659350087160303744e-01
2.578387697906290299e-01
2.530433055407155796e-01
2.505777392027485062e-01
2.494506403059013333e-01
2.505777392027485062e-01
2.530433055407155796e-01
2.578387697906290299e-01
2.659350087160303744e-01
2.659274728038676372e-01
2.679901341008368854e-01
2.679949926887716938e-01
2.589307015981495153e-01
2.533795015804623518e-01
2.503572917233166106e-01
2.487195876490265745e-01
2.503572917233166106e-01
2.533795015804623518e-01
2.589307015981495153e-01
2.679949926887716938e-01
2.679901341008368854e-01
2.728186099837283662e-01
2.728300558710306523e-01
2.615377819335488185e-01
2.543134611623260044e-01
2.503812700192794005e-01
2.484949181812941554e-01
2.503812700192794005e-01
2.543134611623260599e-01
2.615377819335488185e-01
2.728300558710307078e-01
2.728186099837283662e-01
2.756785490048412335e-01
2.756875066180022316e-01
2.631380598465100085e-01
2.549189244578521363e-01
2.501880806595625506e-01
2.475228629901497224e-01
2.501880806595625506e-01
2.549189244578521363e-01
2.631380598465100085e-01
2.756875066180021761e-01
2.756785490048412335e-01
2.823780855059106476e-01
2.823898283009742549e-01
2.670148354104546207e-01
2.567647339722378685e-01
2.509002110688699494e-01
2.479282017705865537e-01
2.509002110688699494e-01
2.567647339722378685e-01
2.670148354104546207e-01
2.823898283009742549e-01
2.823780855059106476e-01
2.863287263561419826e-01
2.863365283771081571e-01
2.693832103269591105e-01
2.580275887805012491e-01
2.512533490958381299e-01
2.473528990682682671e-01
2.512533490958381299e-01
2.580275887805012491e-01
2.693832103269591660e-01
2.863365283771081571e-01
2.863287263561419826e-01
2.955397985738242306e-01
2.955514544285241518e-01
2.750409081749048412e-01
2.616630598800634977e-01
2.538389808660215796e-01
2.496645121960386071e-01
2.538389808660215796e-01
2.616630598800634977e-01
2.750409081749048412e-01
2.955514544285241518e-01
2.955397985738242306e-01
3.009404476654405913e-01
3.009493165807624604e-01
2.783658096271663940e-01
2.640075473351209401e-01
2.555403972347560781e-01
2.507041869611156271e-01
2.555403972347560781e-01
2.640075473351209401e-01
2.783658096271664495e-01
3.009493165807624049e-01
3.009404476654406468e-01
3.134810154253203640e-01
3.134892931597147436e-01
2.859540632038940489e-01
2.699755782460478426e-01
2.610958724882242454e-01
2.561907611023876985e-01
2.610958724882242454e-01
2.699755782460478426e-01
2.859540632038940489e-01
3.134892931597147991e-01
3.134810154253203640e-01
3.208072063309057587e-01
3.208132251649816746e-01
2.900946320872840878e-01
2.733297741103580258e-01
2.646716233518319195e-01
2.601784065730632367e-01
2.646716233518319195e-01
2.733297741103580258e-01
2.900946320872840878e-01
3.208132251649816746e-01
3.208072063309058142e-01
3.378055815574203535e-01
3.378162638383027105e-01
2.987926902605288482e-01
2.801872278866444077e-01
2.721210347932638274e-01
2.679408207887862270e-01
2.721210347932638274e-01
2.801872278866444077e-01
2.987926902605288482e-01
3.378162638383027661e-01
3.378055815574202980e-01
3.477985332149897135e-01
3.478200314285565531e-01
3.030150874651662551e-01
2.828028965372558212e-01
2.759977990126528669e-01
2.742124729810417327e-01
2.759977990126528669e-01
2.828028965372558212e-01
3.030150874651663107e-01
3.478200314285564976e-01
3.477985332149897690e-01
3.712434448146266219e-01
3.712634125898052750e-01
3.107886619828281738e-01
2.842419321689184097e-01
2.767089409949597401e-01
2.752521607586506103e-01
2.767089409949597401e-01
2.842419321689184097e-01
3.107886619828281738e-01
3.712634125898053306e-01
3.712434448146266219e-01
3.852868303956099583e-01
3.853024832179851034e-01
3.141169071823936010e-01
2.816338360340646108e-01
2.721109233809119177e-01
2.734678403812905167e-01
2.721109233809119177e-01
2.816338360340646108e-01
3.141169071823936010e-01
3.853024832179851034e-01
3.852868303956100138e-01
7.989603406873632130e-01
4.188186488979550037e-01
3.197618893495129955e-01
2.687540095435492771e-01
2.369516469788157109e-01
2.152437976096725214e-01
2.369516469788157109e-01
2.687540095435492771e-01
3.197618893495129955e-01
4.188186488979550592e-01
7.989603406873632130e-01
7.989603406873632130e-01
4.320046503042678232e-01
3.227120716345076024e-01
2.654325336893432197e-01
2.306775555005489420e-01
2.103660560516386890e-01
2.306775555005489420e-01
2.654325336893432197e-01
3.227120716345076024e-01
4.320046503042678232e-01
7.989603406873632130e-01
7.989603406873632130e-01
4.525106022696286923e-01
3.291398638646730324e-01
2.649000886091286699e-01
2.285116358067313669e-01
2.082371181056915654e-01
2.285116358067313669e-01
2.649000886091286699e-01
3.291398638646730324e-01
4.525106022696286923e-01
7.989603406873632130e-01
7.989603406873632130e-01
4.607676513483291436e-01
3.326032187125027573e-01
2.665721011291421472e-01
2.308530581876558074e-01
2.121963741552618521e-01
2.308530581876557797e-01
2.665721011291421472e-01
3.326032187125027573e-01
4.607676513483290881e-01
7.989603406873632130e-01
7.989603406873632130e-01
4.739631835034763263e-01
3.398111551830523824e-01
2.722067731399890889e-01
2.369558569129830428e-01
2.185705920945941738e-01
2.369558569129830428e-01
2.722067731399890889e-01
3.398111551830523824e-01
4.739631835034763263e-01
7.989603406873632130e-01
7.989603406873632130e-01
4.793970739037655693e-01
3.433540267072504037e-01
2.754131178382976386e-01
2.407117891444660318e-01
2.230776548149845107e-01
2.407117891444660318e-01
2.754131178382976386e-01
3.433540267072504037e-01
4.793970739037655693e-01
7.989603406873632130e-01
7.989603406873632130e-01
4.882927611671849522e-01
3.501071058177650519e-01
2.819348245305505207e-01
2.475626013352623667e-01
2.300728407286568578e-01
2.475626013352623667e-01
2.819348245305505207e-01
3.501071058177650519e-01
4.882927611671849522e-01
7.989603406873632130e-01
7.989603406873632130e-01
4.920058401240647861e-01
3.532010698698177520e-01
2.849533061530124534e-01
2.507593453074375422e-01
2.334609649862027236e-01
2.507593453074375422e-01
2.849533061530123978e-01
3.532010698698178075e-01
4.920058401240647861e-01
7.989603406873632130e-01
7.989603406873632130e-01
4.981515230515460857e-01
3.587296484127016072e-01
2.903523549427253769e-01
2.561828981143514095e-01
2.389238148208030488e-01
2.561828981143513539e-01
2.903523549427253769e-01
3.587296484127016072e-01
4.981515230515460857e-01
7.989603406873632130e-01
7.989603406873632130e-01
5.007265659778880051e-01
3.611409499049257898e-01
2.926416798928397900e-01
2.583925231520051158e-01
2.410178627320110900e-01
2.583925231520051158e-01
2.926416798928397900e-01
3.611409499049258454e-01
5.007265659778880051e-01
7.989603406873632130e-01
7.989603406873632130e-01
5.049963014517085957e-01
3.652486106489098439e-01
2.964720678540011534e-01
2.620458476367527600e-01
2.446511596043152714e-01
2.620458476367527600e-01
2.964720678540012089e-01
3.652486106489097883e-01
5.049963014517085957e-01
7.989603406873632130e-01
7.989603406873632130e-01
5.067786645859435612e-01
3.669748241034088698e-01
2.980029825030388047e-01
2.633689523174337910e-01
2.457264809483387380e-01
2.633689523174338465e-01
2.980029825030387491e-01
3.669748241034089253e-01
5.067786645859435612e-01
7.989603406873632130e-01
7.989603406873632130e-01
5.097154422091690895e-01
3.698067799944637635e-01
3.004447654629923692e-01
2.655477009131381738e-01
2.478600609540720645e-01
2.655477009131381738e-01
3.004447654629923692e-01
3.698067799944637635e-01
5.097154422091690895e-01
7.989603406873632130e-01
7.989603406873632130e-01
5.109327786359229018e-01
3.709618255355774386e-01
3.013716545449302009e-01
2.662317203478185013e-01
2.482725788188045457e-01
2.662317203478185013e-01
3.013716545449302009e-01
3.709618255355774386e-01
5.109327786359229018e-01
7.989603406873632130e-01
7.989603406873632130e-01
5.129229943439316264e-01
3.727981817359435346e-01
3.027878663410174531e-01
2.673787075389585932e-01
2.493685132218548262e-01
2.673787075389585932e-01
3.027878663410174531e-01
3.727981817359435346e-01
5.129229943439316264e-01
7.989603406873632130e-01
7.989603406873632130e-01
5.137406668908492957e-01
3.735273900262086055e-01
3.032975384399811403e-01
2.676645842756782412e-01
2.494152166995034225e-01
2.676645842756782412e-01
3.032975384399811403e-01
3.735273900262086055e-01
5.137406668908492957e-01
7.989603406873632130e-01
7.989603406873632130e-01
5.150638665575909547e-01
3.746557118628743854e-01
3.040412023086212501e-01
2.681751434322126593e-01
2.498796109208434868e-01
2.681751434322126593e-01
3.040412023086212501e-01
3.746557118628743299e-01
5.150638665575909547e-01
7.989603406873632130e-01
7.989603406873632130e-01
5.156031564195749928e-01
3.750928773785669468e-01
3.042917556166301329e-01
2.682453015688651132e-01
2.497639452412898642e-01
2.682453015688651132e-01
3.042917556166301885e-01
3.750928773785669468e-01
5.156031564195749928e-01
7.989603406873632130e-01
7.989603406873632130e-01
5.164660934018814320e-01
3.757542576271222790e-01
3.046367516239546491e-01
2.684077135863429109e-01
2.498889853166835207e-01
2.684077135863429109e-01
3.046367516239546491e-01
3.757542576271222790e-01
5.164660934018814320e-01
7.989603406873632130e-01
7.989603406873632130e-01
5.168161472157725145e-01
3.760048110526884035e-01
3.047417913605249273e-01
2.683802791917457853e-01
2.497295653532973503e-01
2.683802791917457853e-01
3.047417913605249273e-01
3.760048110526884035e-01
5.168161472157725145e-01
7.989603406873632130e-01
7.989603406873632130e-01
5.173714326831557742e-01
3.763763500040931964e-01
3.048736733520123754e-01
2.683795325309656365e-01
2.497000698877986369e-01
2.683795325309656365e-01
3.048736733520123754e-01
3.763763500040931964e-01
5.173714326831557742e-01
7.989603406873632130e-01
7.989603406873632130e-01
5.175956206720705444e-01
3.765152548170274671e-01
3.049061266684008897e-01
2.683216503088093341e-01
2.495552015698803139e-01
2.683216503088093341e-01
3.049061266684008897e-01
3.765152548170274671e-01
5.175956206720705444e-01
7.989603406873632130e-01
7.989603406873632130e-01
5.179500193139512376e-01
3.767180269835659345e-01
3.049392148736504438e-01
2.682638331351052674e-01
2.494761328639227838e-01
2.682638331351052674e-01
3.049392148736504438e-01
3.767180269835659345e-01
5.179500193139512376e-01
7.989603406873632130e-01
7.989603406873632130e-01
5.180926929031910433e-01
3.767941300377570246e-01
3.049419319548091201e-01
2.682086017853695936e-01
2.493671012122155306e-01
2.682086017853695936e-01
3.049419319548091201e-01
3.767941300377570246e-01
5.180926929031910433e-01
7.989603406873632130e-01
7.989603406873632130e-01
5.183198267330410003e-01
3.769070866426494915e-01
3.049404740834642524e-01
2.681473987428630301e-01
2.492909406509905001e-01
2.681473987428630301e-01
3.049404740834642524e-01
3.769070866426494915e-01
5.183198267330410003e-01
7.989603406873632130e-01
7.989603406873632130e-01
5.184122603764762527e-01
3.769509550790678398e-01
3.049363232705636917e-01
2.681079550535653278e-01
2.492202367712400835e-01
2.681079550535653278e-01
3.049363232705636917e-01
3.769509550790678398e-01
5.184122603764763637e-01
7.989603406873632130e-01
7.989603406873632130e-01
5.185625039263951352e-01
3.770213665874542208e-01
3.049330735353821265e-01
2.680666510626236176e-01
2.491683003401686525e-01
2.680666510626236176e-01
3.049330735353821265e-01
3.770213665874542208e-01
5.185625039263950242e-01
7.989603406873632130e-01
7.989603406873632130e-01
5.186249311148753982e-01
3.770520772269859155e-01
3.049330666405746793e-01
2.680461083391669219e-01
2.491308973701282237e-01
2.680461083391669219e-01
3.049330666405747348e-01
3.770520772269859155e-01
5.186249311148753982e-01
7.989603406873632130e-01
7.989603406873632130e-01
5.187317392922297099e-01
3.771076548367863768e-01
3.049437412627964972e-01
2.680325485359851267e-01
2.491092004414279526e-01
2.680325485359851267e-01
3.049437412627964417e-01
3.771076548367863768e-01
5.187317392922297099e-01
7.989603406873632130e-01
7.989603406873632130e-01
5.187774594517504667e-01
3.771358696183515491e-01
3.049529919181155901e-01
2.680308547481645154e-01
2.490986172473853011e-01
2.680308547481645154e-01
3.049529919181155901e-01
3.771358696183514936e-01
5.187774594517504667e-01
7.989603406873632130e-01
7.989603406873632130e-01
5.188617710324865406e-01
3.771929159206646176e-01
3.049859149582147544e-01
2.680482336815349642e-01
2.491101241274930600e-01
2.680482336815349642e-01
3.049859149582146989e-01
3.771929159206646176e-01
5.188617710324865406e-01
7.989603406873632130e-01
7.989603406873632130e-01
5.188994283816100728e-01
3.772251470593378508e-01
3.050073040815347580e-01
2.680657346031941057e-01
2.491233407880586448e-01
2.680657346031941057e-01
3.050073040815347580e-01
3.772251470593378508e-01
5.188994283816100728e-01
7.989603406873632130e-01
7.989603406873632130e-01
5.189744500481873191e-01
3.772934536073996314e-01
3.050685071097592460e-01
2.681178577678109964e-01
2.491719726321640904e-01
2.681178577678109964e-01
3.050685071097592460e-01
3.772934536073996314e-01
5.189744500481873191e-01
7.989603406873632130e-01
7.989603406873632130e-01
5.190095244825094767e-01
3.773340335747491503e-01
3.051046253455575452e-01
2.681561925428849191e-01
2.492101319961103900e-01
2.681561925428849191e-01
3.051046253455575452e-01
3.773340335747491503e-01
5.190095244825094767e-01
7.989603406873632130e-01
7.989603406873632130e-01
5.190836427686341681e-01
3.774204831144857830e-01
3.051986737804610605e-01
2.682476267165384565e-01
2.493004288165180937e-01
2.682476267165384565e-01
3.051986737804610605e-01
3.774204831144857830e-01
5.190836427686341681e-01
7.989603406873632130e-01
7.989603406873632130e-01
5.191201665854828784e-01
3.774709190112663926e-01
3.052519912810431890e-01
2.683089946438625972e-01
2.493666040150307184e-01
2.683089946438625972e-01
3.052519912810431890e-01
3.774709190112663926e-01
5.191201665854828784e-01
7.989603406873632130e-01
7.989603406873632130e-01
5.191985971464909699e-01
3.775794442034660081e-01
3.053806418273802281e-01
2.684425836191052794e-01
2.495008436100505933e-01
2.684425836191052794e-01
3.053806418273802281e-01
3.775794442034660081e-01
5.191985971464909699e-01
7.989603406873632130e-01
7.989603406873632130e-01
5.192381400290888571e-01
3.776402683061588772e-01
3.054519713311862894e-01
2.685270184145405192e-01
2.495968079689227515e-01
2.685270184145405192e-01
3.054519713311862894e-01
3.776402683061588217e-01
5.192381400290888571e-01
7.989603406873632130e-01
7.989603406873632130e-01
5.193245552446389413e-01
3.777707240793048982e-01
3.056124662148021476e-01
2.686994295185521908e-01
2.497700079057971756e-01
2.686994295185521908e-01
3.056124662148021476e-01
3.777707240793049537e-01
5.193245552446389413e-01
7.989603406873632130e-01
7.989603406873632130e-01
5.193684031805073653e-01
3.778420943943033850e-01
3.056989872566876487e-01
2.688025070867982036e-01
2.498907157507807564e-01
2.688025070867981481e-01
3.056989872566876487e-01
3.778420943943033850e-01
5.193684031805073653e-01
7.989603406873632130e-01
7.989603406873632130e-01
5.194639212067827527e-01
3.779931471977659441e-01
3.058836857690481748e-01
2.690012829164155073e-01
2.500894929248746457e-01
2.690012829164155073e-01
3.058836857690481748e-01
3.779931471977659441e-01
5.194639212067827527e-01
7.989603406873632130e-01
7.989603406873632130e-01
5.195141827562210768e-01
3.780736240990786312e-01
3.059801956477079532e-01
2.691140779097458968e-01
2.502196672048482839e-01
2.691140779097458968e-01
3.059801956477079532e-01
3.780736240990786312e-01
5.195141827562210768e-01
7.989603406873632130e-01
7.989603406873632130e-01
5.196195240325081066e-01
3.782458340470456482e-01
3.061807606025672701e-01
2.693232180343014814e-01
2.504272838266757839e-01
2.693232180343014814e-01
3.061807606025672701e-01
3.782458340470456482e-01
5.196195240325081066e-01
7.989603406873632130e-01
7.989603406873632130e-01
5.196751720940977481e-01
3.783379371773130107e-01
3.062848213190113023e-01
2.694360326170526787e-01
2.505485891439812596e-01
2.694360326170526787e-01
3.062848213190113023e-01
3.783379371773130107e-01
5.196751720940977481e-01
7.989603406873632130e-01
7.989603406873632130e-01
5.197906641028180452e-01
3.785389284377026486e-01
3.065055529008561819e-01
2.696532040381808826e-01
2.507603578328221339e-01
2.696532040381808826e-01
3.065055529008561819e-01
3.785389284377026486e-01
5.197906641028180452e-01
7.989603406873632130e-01
7.989603406873632130e-01
5.198507979785755850e-01
3.786518641599097568e-01
3.066260097049651190e-01
2.697691376143614983e-01
2.508684785846541088e-01
2.697691376143614983e-01
3.066260097049650635e-01
3.786518641599097013e-01
5.198507979785755850e-01
7.989603406873632130e-01
7.989603406873632130e-01
5.199713514605184272e-01
3.789068453850589213e-01
3.069043439502940895e-01
2.700342074806609816e-01
2.511249474972934714e-01
2.700342074806609816e-01
3.069043439502940895e-01
3.789068453850589213e-01
5.199713514605184272e-01
7.989603406873632130e-01
7.989603406873632130e-01
5.200330311696290675e-01
3.790548276644082337e-01
3.070722328786749111e-01
2.701902659734740086e-01
2.512576976544303453e-01
2.701902659734740086e-01
3.070722328786749111e-01
3.790548276644082337e-01
5.200330311696290675e-01
7.989603406873632130e-01
7.989603406873632130e-01
5.201440866652895512e-01
3.794049951706310320e-01
3.074956509696004647e-01
2.706147910027054682e-01
2.516775359263012657e-01
2.706147910027054682e-01
3.074956509696004647e-01
3.794049951706309765e-01
5.201440866652895512e-01
7.989603406873632130e-01
7.989603406873632130e-01
5.201917047058689514e-01
3.796098479911860779e-01
3.077675063394537114e-01
2.708968208388154442e-01
2.519479692943338844e-01
2.708968208388154442e-01
3.077675063394537114e-01
3.796098479911860779e-01
5.201917047058689514e-01
7.989603406873632130e-01
7.989603406873632130e-01
5.202510737228975835e-01
3.800913074891794641e-01
3.084642236446631935e-01
2.716637760317295869e-01
2.527288280897542760e-01
2.716637760317295869e-01
3.084642236446631935e-01
3.800913074891794641e-01
5.202510737228975835e-01
7.989603406873632130e-01
7.989603406873632130e-01
5.202497149015383737e-01
3.803639344472296568e-01
3.089060718590831423e-01
2.721964637372445428e-01
2.533231077742761905e-01
2.721964637372445428e-01
3.089060718590831423e-01
3.803639344472296568e-01
5.202497149015383737e-01
7.989603406873632130e-01
7.989603406873632130e-01
5.201607168982873564e-01
3.809647621913916926e-01
3.099821171472136871e-01
2.734914244168321074e-01
2.546728932106296917e-01
2.734914244168321074e-01
3.099821171472136871e-01
3.809647621913916926e-01
5.201607168982873564e-01
7.989603406873632130e-01
7.989603406873632130e-01
5.200425753731130474e-01
3.812752158600035690e-01
3.106216361657675451e-01
2.743767769932489164e-01
2.557759835403670134e-01
2.743767769932489164e-01
3.106216361657675451e-01
3.812752158600035690e-01
5.200425753731130474e-01
7.989603406873632130e-01
7.989603406873632130e-01
5.196244712586037817e-01
3.818750394146949723e-01
3.120380884377747521e-01
2.762272605410050486e-01
2.577422190208332187e-01
2.762272605410050486e-01
3.120380884377747521e-01
3.818750394146949723e-01
5.196244712586037817e-01
7.989603406873632130e-01
7.989603406873632130e-01
5.192731828296669461e-01
3.821264058908561689e-01
3.127941672458330880e-01
2.774237860139509015e-01
2.593676127370806439e-01
2.774237860139509015e-01
3.127941672458330880e-01
3.821264058908561689e-01
5.192731828296669461e-01
7.989603406873632130e-01
7.989603406873632130e-01
5.182258002378825612e-01
3.824593573799447976e-01
3.142313532969802092e-01
2.794874334717917241e-01
2.616041902965784427e-01
2.794874334717917241e-01
3.142313532969802092e-01
3.824593573799447976e-01
5.182258002378825612e-01
7.989603406873632130e-01
7.989603406873632130e-01
5.174544388191580913e-01
3.824895054226616908e-01
3.148687367781143331e-01
2.806757568781843570e-01
2.633611262630978223e-01
2.806757568781843570e-01
3.148687367781143331e-01
3.824895054226616908e-01
5.174544388191580913e-01
7.989603406873632130e-01
7.989603406873632130e-01
5.153286716349185781e-01
3.822098469109813657e-01
3.157359945511527544e-01
2.821535292088418467e-01
2.650078767495992471e-01
2.821535292088418467e-01
3.157359945511527544e-01
3.822098469109813657e-01
5.153286716349185781e-01
7.989603406873632130e-01
7.989603406873632130e-01
5.138601932555653118e-01
3.818772092776719917e-01
3.159541622618343704e-01
2.827454141026446988e-01
2.659908256648796931e-01
2.827454141026446988e-01
3.159541622618343704e-01
3.818772092776719917e-01
5.138601932555653118e-01
7.989603406873632130e-01
7.989603406873632130e-01
5.099742921373288107e-01
3.808271646176871195e-01
3.158464374912846595e-01
2.828220762772193919e-01
2.660990141012266608e-01
2.828220762772193919e-01
3.158464374912846595e-01
3.808271646176871750e-01
5.099742921373288107e-01
7.989603406873632130e-01
7.989603406873632130e-01
5.073756546931198486e-01
3.801849911510721824e-01
3.156998809898151070e-01
2.824213612221038172e-01
2.652946771493380762e-01
2.824213612221038727e-01
3.156998809898151070e-01
3.801849911510721824e-01
5.073756546931198486e-01
7.989603406873632130e-01
7.989603406873632130e-01
5.006151658436218677e-01
3.788147772526583301e-01
3.157178545787016066e-01
2.819321415047998380e-01
2.645485597732158967e-01
2.819321415047998380e-01
3.157178545787016066e-01
3.788147772526583301e-01
5.006151658436218677e-01
7.989603406873632130e-01
7.989603406873632130e-01
4.961164049947704990e-01
3.782780403636053501e-01
3.165749700281068058e-01
2.818073128721693132e-01
2.624794551747774984e-01
2.818073128721693132e-01
3.165749700281068058e-01
3.782780403636053501e-01
4.961164049947704990e-01
7.989603406873632130e-01
7.989603406873632130e-01
4.843922786344322939e-01
3.776886131161076854e-01
3.217548730303846360e-01
2.878620286052286925e-01
2.682803658006041592e-01
2.878620286052286925e-01
3.217548730303846360e-01
3.776886131161076854e-01
4.843922786344322384e-01
7.989603406873632130e-01
7.989603406873632130e-01
4.765271725530294544e-01
3.776083167309307598e-01
3.272479255997888803e-01
2.954747334493982303e-01
2.733567386176596892e-01
2.954747334493982303e-01
3.272479255997889358e-01
3.776083167309307598e-01
4.765271725530295099e-01
7.989603406873632130e-01
7.989603406873632130e-01
4.558545569779537954e-01
3.774294086695265671e-01
3.447524900589828412e-01
3.350249826862134461e-01
3.359510472969586270e-01
3.350249826862134461e-01
3.447524900589828412e-01
3.774294086695265671e-01
4.558545569779538509e-01
7.989603406873632130e-01
4.418792791151289201e-01
4.418783321345637338e-01
3.762729997414616112e-01
3.496861779507431933e-01
3.424783278332608760e-01
3.413680083581058788e-01
3.424783278332608760e-01
3.496861779507431933e-01
3.762729997414616112e-01
4.418783321345637338e-01
4.418792791151289201e-01
4.189335510303610066e-01
4.189389194909594605e-01
3.719692581484132510e-01
3.524958947140457433e-01
3.466499506328855063e-01
3.454610901655484900e-01
3.466499506328855063e-01
3.524958947140457433e-01
3.719692581484133065e-01
4.189389194909594605e-01
4.189335510303610066e-01
4.092462044549793898e-01
4.092774887556325236e-01
3.691522267562089565e-01
3.516562356640441922e-01
3.449571598767037228e-01
3.417914207151585004e-01
3.449571598767037228e-01
3.516562356640441922e-01
3.691522267562089565e-01
4.092774887556325236e-01
4.092462044549793898e-01
3.930032969164990453e-01
3.930135240366899874e-01
3.626381771064610127e-01
3.474706502561207833e-01
3.404529237879694858e-01
3.371087629640297512e-01
3.404529237879694858e-01
3.474706502561207833e-01
3.626381771064610127e-01
3.930135240366899874e-01
3.930032969164990453e-01
3.860464102655827845e-01
3.860488125903166479e-01
3.593130182196308531e-01
3.449790830210524017e-01
3.376538747450705258e-01
3.337043169902413897e-01
3.376538747450705258e-01
3.449790830210524017e-01
3.593130182196308531e-01
3.860488125903166479e-01
3.860464102655827845e-01
3.741623646276420745e-01
3.741677571615474873e-01
3.528243643078560754e-01
3.399549138693644945e-01
3.328484699146891934e-01
3.289656134225636963e-01
3.328484699146891934e-01
3.399549138693644945e-01
3.528243643078560754e-01
3.741677571615474873e-01
3.741623646276420745e-01
3.690359069491395139e-01
3.690426816133987042e-01
3.498462137835866570e-01
3.377331608555540488e-01
3.309269070338846097e-01
3.272608058435652612e-01
3.309269070338846097e-01
3.377331608555540488e-01
3.498462137835866570e-01
3.690426816133986487e-01
3.690359069491395694e-01
3.602561671560220447e-01
3.602665482265787755e-01
3.445177755010549459e-01
3.339321890707387386e-01
3.277977222359877985e-01
3.243451221939281925e-01
3.277977222359877985e-01
3.339321890707387386e-01
3.445177755010549459e-01
3.602665482265787755e-01
3.602561671560219891e-01
3.564775647171004591e-01
3.564811108112688753e-01
3.422053967183896761e-01
3.324259020257005481e-01
3.268592552171770138e-01
3.239339665710622707e-01
3.268592552171770138e-01
3.324259020257005481e-01
3.422053967183896761e-01
3.564811108112688753e-01
3.564775647171004591e-01
3.500109607546048607e-01
3.500209340634495847e-01
3.382561924914620488e-01
3.300151976695884781e-01
3.252543743705676449e-01
3.225825673006691985e-01
3.252543743705676449e-01
3.300151976695885336e-01
3.382561924914619933e-01
3.500209340634495847e-01
3.500109607546048607e-01
3.472372923608744166e-01
3.472424950302962499e-01
3.365885488361591849e-01
3.291055370138080693e-01
3.249223841561937887e-01
3.227834738376234025e-01
3.249223841561937887e-01
3.291055370138080693e-01
3.365885488361591849e-01
3.472424950302962499e-01
3.472372923608744166e-01
3.425111079969809791e-01
3.425195551861447418e-01
3.337980671123511045e-01
3.276653094143688882e-01
3.242023704131180017e-01
3.222884025743135705e-01
3.242023704131179462e-01
3.276653094143688882e-01
3.337980671123511045e-01
3.425195551861447973e-01
3.425111079969809791e-01
3.404898941557080727e-01
3.404918545680552522e-01
3.326278528764397557e-01
3.271177195089643441e-01
3.241187088041687092e-01
3.226188556182064127e-01
3.241187088041687092e-01
3.271177195089642886e-01
3.326278528764397557e-01
3.404918545680552522e-01
3.404898941557080727e-01
3.370473076578077709e-01
3.370531109311805662e-01
3.306656108052891674e-01
3.262101182486805695e-01
3.237600725453543271e-01
3.224297172921448129e-01
3.237600725453543271e-01
3.262101182486805695e-01
3.306656108052891674e-01
3.370531109311805662e-01
3.370473076578077154e-01
3.355755700379656759e-01
3.355739996311652984e-01
3.298343510115701038e-01
3.258437918223318075e-01
3.237176416584272576e-01
3.226654444122642462e-01
3.237176416584272576e-01
3.258437918223318075e-01
3.298343510115701038e-01
3.355739996311652984e-01
3.355755700379656759e-01
3.330604234307399381e-01
3.330631879623094926e-01
3.284214131478129239e-01
3.251876396154314008e-01
3.234416358296136607e-01
3.225057988742062731e-01
3.234416358296136607e-01
3.251876396154314008e-01
3.284214131478129239e-01
3.330631879623095482e-01
3.330604234307398825e-01
3.319819078487661335e-01
3.319807410096017875e-01
3.278121830978975582e-01
3.249034826245487673e-01
3.233669468853055950e-01
3.226029986991748588e-01
3.233669468853055950e-01
3.249034826245487673e-01
3.278121830978975582e-01
3.319807410096017319e-01
3.319819078487661890e-01
3.301353518034156886e-01
3.301355193833732660e-01
3.267598702738663263e-01
3.243693546992862387e-01
3.230827664393275955e-01
3.223957211858837213e-01
3.230827664393275955e-01
3.243693546992862387e-01
3.267598702738663263e-01
3.301355193833732660e-01
3.301353518034156331e-01
3.293392447711958604e-01
3.293380625191952848e-01
3.262995547823006048e-01
3.241290192077976862e-01
3.229768043166790781e-01
3.223936351562012304e-01
3.229768043166790781e-01
3.241290192077976862e-01
3.262995547823006048e-01
3.293380625191952848e-01
3.293392447711959159e-01
3.279717618583767313e-01
3.279715589837459699e-01
3.254959637856976173e-01
3.236780513656480895e-01
3.226895401820152887e-01
3.221578420765992545e-01
3.226895401820152887e-01
3.236780513656480895e-01
3.254959637856976173e-01
3.279715589837459699e-01
3.279717618583767313e-01
3.273805011602172188e-01
3.273786491774239860e-01
3.251437651843222532e-01
3.234750195706049269e-01
3.225768409289810901e-01
3.221130128549383742e-01
3.225768409289810901e-01
3.234750195706049269e-01
3.251437651843222532e-01
3.273786491774239860e-01
3.273805011602172188e-01
3.263599602694325919e-01
3.263625478654275103e-01
3.245255565332063608e-01
3.231038494695211982e-01
3.223180580869112744e-01
3.218899749815716249e-01
3.223180580869112744e-01
3.231038494695211982e-01
3.245255565332063608e-01
3.263625478654275103e-01
3.263599602694325919e-01
3.259221576044236679e-01
3.259184932967115200e-01
3.242576062726900132e-01
3.229397710159698232e-01
3.222197530440444879e-01
3.218419631918728041e-01
3.222197530440444879e-01
3.229397710159698232e-01
3.242576062726900132e-01
3.259184932967115200e-01
3.259221576044236679e-01
3.251598490509755024e-01
3.251622761078845070e-01
3.237864615586689698e-01
3.226496601623529137e-01
3.220121088718230773e-01
3.216615871649396996e-01
3.220121088718230773e-01
3.226496601623529137e-01
3.237864615586689698e-01
3.251622761078845070e-01
3.251598490509755024e-01
3.248335249823277593e-01
3.248310111168356551e-01
3.235843432733627734e-01
3.225237136677329697e-01
3.219382645913826946e-01
3.216269267171787960e-01
3.219382645913826946e-01
3.225237136677329697e-01
3.235843432733627734e-01
3.248310111168356551e-01
3.248335249823277593e-01
3.242663669032153084e-01
3.242692424622746206e-01
3.232316638222376137e-01
3.223087581429590620e-01
3.217867877496892737e-01
3.214973439709620240e-01
3.217867877496892737e-01
3.223087581429590620e-01
3.232316638222376137e-01
3.242692424622746206e-01
3.242663669032153084e-01
3.240255696580242040e-01
3.240224299368285599e-01
3.230824622680281144e-01
3.222168929345751720e-01
3.217367666520589142e-01
3.214793861703890698e-01
3.217367666520589142e-01
3.222168929345751720e-01
3.230824622680281144e-01
3.240224299368285599e-01
3.240255696580242040e-01
3.236045319148023180e-01
3.236087316095409006e-01
3.228231876218194407e-01
3.220641156551560802e-01
3.216339774694965126e-01
3.213933893564596689e-01
3.216339774694965126e-01
3.220641156551560802e-01
3.228231876218193852e-01
3.236087316095409006e-01
3.236045319148023180e-01
3.234293205207469657e-01
3.234257536775951292e-01
3.227153501063315666e-01
3.219997582566035410e-01
3.216023245432907962e-01
3.213877789295411236e-01
3.216023245432907962e-01
3.219997582566035410e-01
3.227153501063315666e-01
3.234257536775951292e-01
3.234293205207469657e-01
3.231209084357978267e-01
3.231239640997675688e-01
3.225285401708014033e-01
3.218945388661302864e-01
3.215351974015320802e-01
3.213338636588025654e-01
3.215351974015320802e-01
3.218945388661302864e-01
3.225285401708014033e-01
3.231239640997675688e-01
3.231209084357978267e-01
3.229931426791599058e-01
3.229910271640459851e-01
3.224518663613289426e-01
3.218497371266619833e-01
3.215161259956053064e-01
3.213338486660480831e-01
3.215161259956053064e-01
3.218497371266619833e-01
3.224518663613289426e-01
3.229910271640459851e-01
3.229931426791599058e-01
3.227710488915573883e-01
3.227732547428083798e-01
3.223193305158413291e-01
3.217787896908237966e-01
3.214721615849810421e-01
3.213003262486591738e-01
3.214721615849810421e-01
3.217787896908237966e-01
3.223193305158413291e-01
3.227732547428083798e-01
3.227710488915573883e-01
3.226797981472307453e-01
3.226775467398230735e-01
3.222660768510204332e-01
3.217473625186159647e-01
3.214604274956511798e-01
3.213018184718131054e-01
3.214604274956511798e-01
3.217473625186159647e-01
3.222660768510204332e-01
3.226775467398230735e-01
3.226797981472307453e-01
3.225206614732933907e-01
3.225224091516463720e-01
3.221728023373393590e-01
3.216993116828741339e-01
3.214309293548784918e-01
3.212795970898394970e-01
3.214309293548784918e-01
3.216993116828741339e-01
3.221728023373393590e-01
3.225224091516463720e-01
3.225206614732933907e-01
3.224562661316170420e-01
3.224538628304318699e-01
3.221358474057981480e-01
3.216774360509158659e-01
3.214228625564573005e-01
3.212808879326632394e-01
3.214228625564573005e-01
3.216774360509158659e-01
3.221358474057981480e-01
3.224538628304318699e-01
3.224562661316170420e-01
3.223432390843752327e-01
3.223435993160080337e-01
3.220709528101903252e-01
3.216441108342720789e-01
3.214024049671701522e-01
3.212649977641382493e-01
3.214024049671701522e-01
3.216441108342720234e-01
3.220709528101903252e-01
3.223435993160080337e-01
3.223432390843752327e-01
3.222969462223398973e-01
3.222954184013975265e-01
3.220448200523502447e-01
3.216288168565457628e-01
3.213964024965889621e-01
3.212655450921050870e-01
3.213964024965889066e-01
3.216288168565457628e-01
3.220448200523502447e-01
3.222954184013975265e-01
3.222969462223398973e-01
3.222175534955303289e-01
3.222166853907862949e-01
3.220000601156081665e-01
3.216055211889984888e-01
3.213817681788621594e-01
3.212538697831323065e-01
3.213817681788621594e-01
3.216055211889984333e-01
3.220000601156081665e-01
3.222166853907862949e-01
3.222175534955303289e-01
3.221841296066614846e-01
3.221831913952694082e-01
3.219816996028275757e-01
3.215945158694847872e-01
3.213773264391500684e-01
3.212537685788852126e-01
3.213773264391500684e-01
3.215945158694847872e-01
3.219816996028275757e-01
3.221831913952694082e-01
3.221841296066614846e-01
3.221284696713138662e-01
3.221271887097684195e-01
3.219509951067694997e-01
3.215785865830790291e-01
3.213668689195817718e-01
3.212453431896777900e-01
3.213668689195817718e-01
3.215785865830790291e-01
3.219509951067695552e-01
3.221271887097684195e-01
3.221284696713138107e-01
3.221047532871088581e-01
3.221039124807736909e-01
3.219384690667911886e-01
3.215706281651457554e-01
3.213637047206339137e-01
3.212449770945070004e-01
3.213637047206339137e-01
3.215706281651457554e-01
3.219384690667911886e-01
3.221039124807736909e-01
3.221047532871089136e-01
3.220660359264646000e-01
3.220647303216219171e-01
3.219179895122709634e-01
3.215602493951075225e-01
3.213565505893551943e-01
3.212391904734875903e-01
3.213565505893551943e-01
3.215602493951075225e-01
3.219179895122709634e-01
3.220647303216219171e-01
3.220660359264646000e-01
3.220496272575030239e-01
3.220487759030475905e-01
3.219098060755050672e-01
3.215546516274302991e-01
3.213544410614164182e-01
3.212388178462460275e-01
3.213544410614164182e-01
3.215546516274303546e-01
3.219098060755050672e-01
3.220487759030475905e-01
3.220496272575030239e-01
3.220234568740304448e-01
3.220220690286249576e-01
3.218969320513282995e-01
3.215485571800826836e-01
3.213499149931091647e-01
3.212352021214575637e-01
3.213499149931091647e-01
3.215485571800826836e-01
3.218969320513282995e-01
3.220220690286249576e-01
3.220234568740304448e-01
3.220123640723374092e-01
3.220116023355956703e-01
3.218921929062277254e-01
3.215447372744357213e-01
3.213486742790292450e-01
3.212348685708236729e-01
3.213486742790292450e-01
3.215447372744357768e-01
3.218921929062277254e-01
3.220116023355956703e-01
3.220123640723374092e-01
3.219956001535260737e-01
3.219940675024274834e-01
3.218849452127572897e-01
3.215419695278757262e-01
3.213462816484256579e-01
3.212330233234397259e-01
3.213462816484256579e-01
3.215419695278757262e-01
3.218849452127572897e-01
3.219940675024274834e-01
3.219956001535260737e-01
3.219883742169570850e-01
3.219877271306393896e-01
3.218827400714009968e-01
3.215395920852361367e-01
3.213456773691055757e-01
3.212327394963348515e-01
3.213456773691055757e-01
3.215395920852361367e-01
3.218827400714009968e-01
3.219877271306393896e-01
3.219883742169570850e-01
3.219785752223862652e-01
3.219769876536074382e-01
3.218800436215830674e-01
3.215393913256049396e-01
3.213451478573862152e-01
3.212323982096035868e-01
3.213451478573862152e-01
3.215393913256049396e-01
3.218800436215830674e-01
3.219769876536074382e-01
3.219785752223862652e-01
3.219742924730805145e-01
3.219736318346035908e-01
3.218793007434327946e-01
3.215383129926407402e-01
3.213451604908110770e-01
3.212323511135211085e-01
3.213451604908110770e-01
3.215383129926407402e-01
3.218793007434327946e-01
3.219736318346035908e-01
3.219742924730805145e-01
3.219694712112330937e-01
3.219679251826453315e-01
3.218802249674364568e-01
3.215402634355968847e-01
3.213462888716015486e-01
3.212334475722580795e-01
3.213462888716015486e-01
3.215402634355968847e-01
3.218802249674364568e-01
3.219679251826453315e-01
3.219694712112330937e-01
3.219673808659929137e-01
3.219667424021656066e-01
3.218806518177538822e-01
3.215402186890281566e-01
3.213470496562316758e-01
3.212338541978696504e-01
3.213470496562316758e-01
3.215402186890281566e-01
3.218806518177538822e-01
3.219667424021656621e-01
3.219673808659929137e-01
3.219663349667334362e-01
3.219645444869604356e-01
3.218838444871541249e-01
3.215439871635754621e-01
3.213497512102631570e-01
3.212366183778988526e-01
3.213497512102631570e-01
3.215439871635754621e-01
3.218838444871541249e-01
3.219645444869604356e-01
3.219663349667334362e-01
3.219654717281101863e-01
3.219650543238150586e-01
3.218855734772821386e-01
3.215445808808519712e-01
3.213512102712506868e-01
3.212375270901182689e-01
3.213512102712506868e-01
3.215445808808519157e-01
3.218855734772821942e-01
3.219650543238150586e-01
3.219654717281101863e-01
3.219670108596635050e-01
3.219651936550653737e-01
3.218902994830840636e-01
3.215494241161090949e-01
3.213556680758102857e-01
3.212424552863289429e-01
3.213556680758102857e-01
3.215494241161090949e-01
3.218902994830840081e-01
3.219651936550653737e-01
3.219670108596635050e-01
3.219671427875492320e-01
3.219666438636619166e-01
3.218926910186219459e-01
3.215503801883832224e-01
3.213568834769024996e-01
3.212440097857419685e-01
3.213568834769024996e-01
3.215503801883832224e-01
3.218926910186220014e-01
3.219666438636619166e-01
3.219671427875492320e-01
3.219699635167537211e-01
3.219682379121823756e-01
3.218985521235904201e-01
3.215545177000501686e-01
3.213584931436871406e-01
3.212426412088946193e-01
3.213584931436871406e-01
3.215545177000501686e-01
3.218985521235904201e-01
3.219682379121824312e-01
3.219699635167537211e-01
3.219707053486760007e-01
3.219700976350776123e-01
3.219011055046417935e-01
3.215557990781919284e-01
3.213595818141654070e-01
3.212437103855483311e-01
3.213595818141654625e-01
3.215557990781918729e-01
3.219011055046417935e-01
3.219700976350775568e-01
3.219707053486760007e-01
3.219740686084790471e-01
3.219722217144008192e-01
3.219075877421409548e-01
3.215627213165437870e-01
3.213661584896601031e-01
3.212504095802520276e-01
3.213661584896601031e-01
3.215627213165437870e-01
3.219075877421408993e-01
3.219722217144008192e-01
3.219740686084790471e-01
3.219747123862746196e-01
3.219741340970940224e-01
3.219105296452860476e-01
3.215641111399404894e-01
3.213776283436529102e-01
3.212525620878971533e-01
3.213776283436529102e-01
3.215641111399404339e-01
3.219105296452860476e-01
3.219741340970940224e-01
3.219747123862746196e-01
3.219776615046108237e-01
3.219758143222034019e-01
3.219155834910176761e-01
3.216252672817017100e-01
3.213805706181495636e-01
3.212905117471149818e-01
3.213805706181495636e-01
3.216252672817017100e-01
3.219155834910176761e-01
3.219758143222034019e-01
3.219776615046108237e-01
3.219779775994042192e-01
3.219772473480089769e-01
3.219253655515285639e-01
3.216124553606294900e-01
3.213608364091536940e-01
3.213019924947502215e-01
3.213608364091536940e-01
3.216124553606295455e-01
3.219253655515285639e-01
3.219772473480089769e-01
3.219779775994042192e-01
3.219795733205889632e-01
3.219779775994042192e-01
3.219369171175392452e-01
3.216661418993495003e-01
3.213745726397267966e-01
3.213056588155580040e-01
3.213745726397267966e-01
3.216661418993495003e-01
3.219369171175392452e-01
3.219779775994042192e-01
3.219795733205889632e-01
