2.329782413390275864e-01
2.329852157739277230e-01
2.332873716362917627e-01
2.335178309825140797e-01
2.336535334176794154e-01
2.336662000777206538e-01
2.336535334176794154e-01
2.335178309825140797e-01
2.332873716362917627e-01
2.329852157739277230e-01
2.329782413390275864e-01
2.329852157739277230e-01
2.329914873796776476e-01
2.332879105603128389e-01
2.335136139056745164e-01
2.336399108064012020e-01
2.336898774279662361e-01
2.336399108064012020e-01
2.335136139056745164e-01
2.332879105603128389e-01
2.329914873796776476e-01
2.329852157739277230e-01
2.329880099207242983e-01
2.329950176829927722e-01
2.332923169021472454e-01
2.335178681413337676e-01
2.336304296408213965e-01
2.337004497129410996e-01
2.336304296408213965e-01
2.335178681413337676e-01
2.332923169021472454e-01
2.329950176829927722e-01
2.329880099207242983e-01
2.329945075458006165e-01
2.330007426497535117e-01
2.332990361723577821e-01
2.335202406136853981e-01
2.336361005998094653e-01
2.337007366635820427e-01
2.336361005998094653e-01
2.335202406136853981e-01
2.332990361723577821e-01
2.330007426497535117e-01
2.329945075458006165e-01
2.329970770509844358e-01
2.330039780129221083e-01
2.333039506304616095e-01
2.335131955404481097e-01
2.336394246821417997e-01
2.336965739446826007e-01
2.336394246821417997e-01
2.335131955404481097e-01
2.333039506304616095e-01
2.330039780129221083e-01
2.329970770509844358e-01
2.330028635715528096e-01
2.330095352301853329e-01
2.333154375276366710e-01
2.335193090579295305e-01
2.336408757586760643e-01
2.337079142624924610e-01
2.336408757586760643e-01
2.335193090579295305e-01
2.333154375276366710e-01
2.330095352301853329e-01
2.330028635715528096e-01
2.330056555638757576e-01
2.330124229250670753e-01
2.333164706501521246e-01
2.335183237658060573e-01
2.336422356959517443e-01
2.337073204455932529e-01
2.336422356959517443e-01
2.335183237658060573e-01
2.333164706501521246e-01
2.330124229250670753e-01
2.330056555638757576e-01
2.330110537474976984e-01
2.330180467248470499e-01
2.333252188513366132e-01
2.335210423908116728e-01
2.336462032090908802e-01
2.337095374443496909e-01
2.336462032090908802e-01
2.335210423908116728e-01
2.333252188513366132e-01
2.330180467248470499e-01
2.330110537474976984e-01
2.330140795316137381e-01
2.330206886171969916e-01
2.333264906093025226e-01
2.335242278623980983e-01
2.336457534138055014e-01
2.337075271915770580e-01
2.336457534138055014e-01
2.335242278623980983e-01
2.333264906093025226e-01
2.330206886171969916e-01
2.330140795316137381e-01
2.330195924191556245e-01
2.330265428990815624e-01
2.333298384909043566e-01
2.335260945630439622e-01
2.336490699608684829e-01
2.337126750479628645e-01
2.336490699608684829e-01
2.335260945630439622e-01
2.333298384909043566e-01
2.330265428990815624e-01
2.330195924191556245e-01
2.330225780752079312e-01
2.330293490479890262e-01
2.333322942526558363e-01
2.335270762963424784e-01
2.336490246084588496e-01
2.337104280139242762e-01
2.336490246084588496e-01
2.335270762963424784e-01
2.333322942526558363e-01
2.330293490479890262e-01
2.330225780752079312e-01
2.330284999983876781e-01
2.330352045402921679e-01
2.333345626101072379e-01
2.335294134363339880e-01
2.336512520854572561e-01
2.337146404179067938e-01
2.336512520854572561e-01
2.335294134363339880e-01
2.333345626101072379e-01
2.330352045402921679e-01
2.330284999983876781e-01
2.330313718225467956e-01
2.330382697268131853e-01
2.333364863766150543e-01
2.335303616463419996e-01
2.336511897814699534e-01
2.337123271850470307e-01
2.336511897814699534e-01
2.335303616463419996e-01
2.333364863766150543e-01
2.330382697268131853e-01
2.330313718225467956e-01
2.330375998927842196e-01
2.330443108637256511e-01
2.333396110487970798e-01
2.335323407660715167e-01
2.336535039277981562e-01
2.337163826057696847e-01
2.336535039277981562e-01
2.335323407660715167e-01
2.333396110487970798e-01
2.330443108637256511e-01
2.330375998927842196e-01
2.330407285798433148e-01
2.330474398779508183e-01
2.333409991494059255e-01
2.335336434548599960e-01
2.336534632686556590e-01
2.337142709701065524e-01
2.336534632686556590e-01
2.335336434548599960e-01
2.333409991494059255e-01
2.330474398779508183e-01
2.330407285798433148e-01
2.330470529490404896e-01
2.330538115036689950e-01
2.333447231482898843e-01
2.335358868812228983e-01
2.336559085248707812e-01
2.337183173545211989e-01
2.336559085248707812e-01
2.335358868812228983e-01
2.333447231482898843e-01
2.330538115036689950e-01
2.330470529490404896e-01
2.330503844945838177e-01
2.330570188611959248e-01
2.333464592789477599e-01
2.335371445965743475e-01
2.336561427806478353e-01
2.337163511143417471e-01
2.336561427806478353e-01
2.335371445965743475e-01
2.333464592789477599e-01
2.330570188611959248e-01
2.330503844945838177e-01
2.330570671769559288e-01
2.330636266580858040e-01
2.333504358113636101e-01
2.335398860041137947e-01
2.336586480664130105e-01
2.337203787485452045e-01
2.336586480664130105e-01
2.335398860041137947e-01
2.333504358113636101e-01
2.330636266580858040e-01
2.330570671769559288e-01
2.330603578188358838e-01
2.330671873532489669e-01
2.333526134434279198e-01
2.335412980838788843e-01
2.336589948418484053e-01
2.337185879491107121e-01
2.336589948418484053e-01
2.335412980838788843e-01
2.333526134434279198e-01
2.330671873532489669e-01
2.330603578188358838e-01
2.330677193492493304e-01
2.330741353173443053e-01
2.333571254787214777e-01
2.335444194038301113e-01
2.336619283876381625e-01
2.337229032877953805e-01
2.336619283876381625e-01
2.335444194038301113e-01
2.333571254787214777e-01
2.330741353173443053e-01
2.330677193492493304e-01
2.330712186834876798e-01
2.330781444657579193e-01
2.333595194166064313e-01
2.335462151075840265e-01
2.336625208794915753e-01
2.337214896041643342e-01
2.336625208794915753e-01
2.335462151075840265e-01
2.333595194166064313e-01
2.330781444657579193e-01
2.330712186834876798e-01
2.330794622169567176e-01
2.330858552059123789e-01
2.333648544134460934e-01
2.335499965897044616e-01
2.336661906531759259e-01
2.337263950863107953e-01
2.336661906531759259e-01
2.335499965897044616e-01
2.333648544134460934e-01
2.330858552059123789e-01
2.330794622169567176e-01
2.330834610162119125e-01
2.330903567708849378e-01
2.333676012410960676e-01
2.335522742232450377e-01
2.336672994083341393e-01
2.337256328687251639e-01
2.336672994083341393e-01
2.335522742232450377e-01
2.333676012410960676e-01
2.330903567708849378e-01
2.330834610162119125e-01
2.330928034885151878e-01
2.330991430416315124e-01
2.333739365208817029e-01
2.335570990248082845e-01
2.336720374569693504e-01
2.337315504869263982e-01
2.336720374569693504e-01
2.335570990248082845e-01
2.333739365208817029e-01
2.330991430416315124e-01
2.330928034885151878e-01
2.330973726785363631e-01
2.331042968094006740e-01
2.333771702301134787e-01
2.335599066692434223e-01
2.336738921258888768e-01
2.337317452710593046e-01
2.336738921258888768e-01
2.335599066692434223e-01
2.333771702301134787e-01
2.331042968094006740e-01
2.330973726785363631e-01
2.331081553186858668e-01
2.331143635482012533e-01
2.333845411537784353e-01
2.335658234170543968e-01
2.336798019344779875e-01
2.337387917478410404e-01
2.336798019344779875e-01
2.335658234170543968e-01
2.333845411537784353e-01
2.331143635482012533e-01
2.331081553186858668e-01
2.331133669431318389e-01
2.331203493215807110e-01
2.333882054512866344e-01
2.335690937364132136e-01
2.336823574468935016e-01
2.337400923069817282e-01
2.336823574468935016e-01
2.335690937364132136e-01
2.333882054512866344e-01
2.331203493215807110e-01
2.331133669431318389e-01
2.331258775689438734e-01
2.331320138498077787e-01
2.333964184090556726e-01
2.335754787073226202e-01
2.336887296106806011e-01
2.337473683497937604e-01
2.336887296106806011e-01
2.335754787073226202e-01
2.333964184090556726e-01
2.331320138498077787e-01
2.331258775689438734e-01
2.331320125438900437e-01
2.331389397885863246e-01
2.334003557134702866e-01
2.335788026045114429e-01
2.336913336281045972e-01
2.337491230514697482e-01
2.336913336281045972e-01
2.335788026045114429e-01
2.334003557134703144e-01
2.331389397885863246e-01
2.331320125438900437e-01
2.331465858804980806e-01
2.331527057464553576e-01
2.334089960296105437e-01
2.335843714801397186e-01
2.336963612573359772e-01
2.337545933471877890e-01
2.336963612573359772e-01
2.335843714801397186e-01
2.334089960296105437e-01
2.331527057464553576e-01
2.331465858804980806e-01
2.331539895339433122e-01
2.331608515591198083e-01
2.334130768637338871e-01
2.335869355835963057e-01
2.336977355107791310e-01
2.337549844544072608e-01
2.336977355107791310e-01
2.335869355835963057e-01
2.334130768637338871e-01
2.331608515591198083e-01
2.331539895339433122e-01
2.331715079187956785e-01
2.331775307810144415e-01
2.334219420256399002e-01
2.335901953163608546e-01
2.336989398990100553e-01
2.337559805333799534e-01
2.336989398990100553e-01
2.335901953163608546e-01
2.334219420256399002e-01
2.331775307810144415e-01
2.331715079187956785e-01
2.331806489490178547e-01
2.331875594154379783e-01
2.334262799901399288e-01
2.335912734752735587e-01
2.336975335163742062e-01
2.337524185509120001e-01
2.336975335163742062e-01
2.335912734752735587e-01
2.334262799901399288e-01
2.331875594154379783e-01
2.331806489490178547e-01
2.332027397950708625e-01
2.332087138594742814e-01
2.334361824216538706e-01
2.335916197245376524e-01
2.336932732176819905e-01
2.337471055826785549e-01
2.336932732176820182e-01
2.335916197245376524e-01
2.334361824216538706e-01
2.332087138594742814e-01
2.332027397950708625e-01
2.332147021067302317e-01
2.332216126791319122e-01
2.334416078792790061e-01
2.335914929867778933e-01
2.336883528197297721e-01
2.337376694307930769e-01
2.336883528197297721e-01
2.335914929867778933e-01
2.334416078792790061e-01
2.332216126791319122e-01
2.332147021067302317e-01
2.332437958771803876e-01
2.332498738921286452e-01
2.334553183091230832e-01
2.335912296605246463e-01
2.336804323476553702e-01
2.337278207423865717e-01
2.336804323476553702e-01
2.335912296605246463e-01
2.334553183091230832e-01
2.332498738921286452e-01
2.332437958771803876e-01
2.332602189397837422e-01
2.332670464773219376e-01
2.334638479550891765e-01
2.335921835284935910e-01
2.336739358775300479e-01
2.337137399625974221e-01
2.336739358775300479e-01
2.335921835284935910e-01
2.334638479550892043e-01
2.332670464773219376e-01
2.332602189397837422e-01
2.332996751780489764e-01
2.333058244811747339e-01
2.334866145218042199e-01
2.335985715658541184e-01
2.336705114232659475e-01
2.337079641235355609e-01
2.336705114232659475e-01
2.335985715658541184e-01
2.334866145218042199e-01
2.333058244811747339e-01
2.332996751780489764e-01
2.333222790049276352e-01
2.333291027811629503e-01
2.335013926751352276e-01
2.336055532172893190e-01
2.336687819378416575e-01
2.336965527821641964e-01
2.336687819378416575e-01
2.336055532172893190e-01
2.335013926751352276e-01
2.333291027811629503e-01
2.333222790049276352e-01
2.333758517501167418e-01
2.333820702303987527e-01
2.335400834653555968e-01
2.336308099866390708e-01
2.336854574792428529e-01
2.337115535205351036e-01
2.336854574792428529e-01
2.336308099866390708e-01
2.335400834653555968e-01
2.333820702303987527e-01
2.333758517501167418e-01
2.334064186839180099e-01
2.334132591956861458e-01
2.335644357877740551e-01
2.336506455045528341e-01
2.336991872262863257e-01
2.337175789932627867e-01
2.336991872262863257e-01
2.336506455045528341e-01
2.335644357877740551e-01
2.334132591956861458e-01
2.334064186839180099e-01
2.334774406992874418e-01
2.334839346436752561e-01
2.336245174653880374e-01
2.337074717981647287e-01
2.337542914915335390e-01
2.337730669084221724e-01
2.337542914915335390e-01
2.337074717981647287e-01
2.336245174653880374e-01
2.334839346436752561e-01
2.334774406992874418e-01
2.335177273855488234e-01
2.335245359894798645e-01
2.336598677633699439e-01
2.337451037592985226e-01
2.337941351706678550e-01
2.338141983051858219e-01
2.337941351706678550e-01
2.337451037592985226e-01
2.336598677633699439e-01
2.335245359894798645e-01
2.335177273855488234e-01
2.336091296188421984e-01
2.336158906916719347e-01
2.337402952767076436e-01
2.338361137966903092e-01
2.338948146503320169e-01
2.339178643271288549e-01
2.338948146503320169e-01
2.338361137966903092e-01
2.337402952767076436e-01
2.336158906916719347e-01
2.336091296188421984e-01
2.336605313499612868e-01
2.336673590441468162e-01
2.337833835427280127e-01
2.338878526968072302e-01
2.339611044448224875e-01
2.340008905603519485e-01
2.339611044448224875e-01
2.338878526968072302e-01
2.337833835427280127e-01
2.336673590441468162e-01
2.336605313499612868e-01
2.337755098216960647e-01
2.337824699773725368e-01
2.338715340298139489e-01
2.339911271343768084e-01
2.340827632368207012e-01
2.341262025710993400e-01
2.340827632368207012e-01
2.339911271343768084e-01
2.338715340298139489e-01
2.337824699773725368e-01
2.337755098216960647e-01
2.338402624535935170e-01
2.338472766970245698e-01
2.339129348640324180e-01
2.340376967822734022e-01
2.341518893985779504e-01
2.342264903234862472e-01
2.341518893985779504e-01
2.340376967822734022e-01
2.339129348640324180e-01
2.338472766970245698e-01
2.338402624535935170e-01
2.339862150767065274e-01
2.339937894610832070e-01
2.339849855672689050e-01
2.340970594351504397e-01
2.342205199238304447e-01
2.342929854942781276e-01
2.342205199238304447e-01
2.340970594351504397e-01
2.339849855672689050e-01
2.339937894610832070e-01
2.339862150767065274e-01
2.340710774629783109e-01
2.340784346085567624e-01
2.340125750370093405e-01
2.341024960621972684e-01
2.342363479436495866e-01
2.343362911050503594e-01
2.342363479436495866e-01
2.341024960621972684e-01
2.340125750370093405e-01
2.340784346085567624e-01
2.340710774629783109e-01
2.342682747479316596e-01
2.342765554721824017e-01
2.340477198506693557e-01
2.340391096903603474e-01
2.341348674275374186e-01
2.342152077416418399e-01
2.341348674275374186e-01
2.340391096903603474e-01
2.340477198506693557e-01
2.342765554721824017e-01
2.342682747479316596e-01
2.343881908339217335e-01
2.343957891467280397e-01
2.340579991596756226e-01
2.339650649304808039e-01
2.340202283367242009e-01
2.340825887681335371e-01
2.340202283367242009e-01
2.339650649304808039e-01
2.340579991596756226e-01
2.343957891467280397e-01
2.343881908339217335e-01
2.346769056829043354e-01
2.346859677353889118e-01
2.340701044788958962e-01
2.337285594636891450e-01
2.336475672281403682e-01
2.336593444541931186e-01
2.336475672281403682e-01
2.337285594636891450e-01
2.340701044788958962e-01
2.346859677353889118e-01
2.346769056829043354e-01
2.348584385199360969e-01
2.348664300383559445e-01
2.340874825669206905e-01
2.335720175548561817e-01
2.333535063755824701e-01
2.332450656145458878e-01
2.333535063755824701e-01
2.335720175548561817e-01
2.340874825669206905e-01
2.348664300383559722e-01
2.348584385199360969e-01
2.353050378700425882e-01
2.353147970736107764e-01
2.341689218978649234e-01
2.332364170819634097e-01
2.327517550868857532e-01
2.325554346607859313e-01
2.327517550868857532e-01
2.332364170819634097e-01
2.341689218978649234e-01
2.353147970736107764e-01
2.353050378700425882e-01
2.355866098816681853e-01
2.355948508326257407e-01
2.342657591729354616e-01
2.330865124726891058e-01
2.323491051815622654e-01
2.318928182810845173e-01
2.323491051815622654e-01
2.330865124726891058e-01
2.342657591729354616e-01
2.355948508326257407e-01
2.355866098816681853e-01
2.362755157507522019e-01
2.362858194474282136e-01
2.346154673236640897e-01
2.329624748729294259e-01
2.318744275599012583e-01
2.313103473948001088e-01
2.318744275599012583e-01
2.329624748729294259e-01
2.346154673236640897e-01
2.362858194474282136e-01
2.362755157507522019e-01
2.366986843068046853e-01
2.367076606824736751e-01
2.349111931108822104e-01
2.330474404210923500e-01
2.316620384410698064e-01
2.307467884845376682e-01
2.316620384410698064e-01
2.330474404210923500e-01
2.349111931108822104e-01
2.367076606824736751e-01
2.366986843068046853e-01
2.377077759842490812e-01
2.377199653796469581e-01
2.357878395651142878e-01
2.337182105753357886e-01
2.320987092565006127e-01
2.311176150813109564e-01
2.320987092565006127e-01
2.337182105753357886e-01
2.357878395651142878e-01
2.377199653796469581e-01
2.377077759842490812e-01
2.383033477633249297e-01
2.383132843302030734e-01
2.363910609587347722e-01
2.343749961828718031e-01
2.326478317096182802e-01
2.314536054667485354e-01
2.326478317096182802e-01
2.343749961828718031e-01
2.363910609587347722e-01
2.383132843302031012e-01
2.383033477633249297e-01
2.396686294774809933e-01
2.396811371411615987e-01
2.379121101675818473e-01
2.364726301358876237e-01
2.350352661425451906e-01
2.339351332051564925e-01
2.350352661425451906e-01
2.364726301358876237e-01
2.379121101675818473e-01
2.396811371411615987e-01
2.396686294774810211e-01
2.404357625721621206e-01
2.404462592772145524e-01
2.387645196894072896e-01
2.379197353721810848e-01
2.370009887288118400e-01
2.363246837142919388e-01
2.370009887288118400e-01
2.379197353721810848e-01
2.387645196894072896e-01
2.404462592772145524e-01
2.404357625721621206e-01
2.421259623573502329e-01
2.421420706045391835e-01
2.404890083660207734e-01
2.413569537705781698e-01
2.417708792497241244e-01
2.415039494003219933e-01
2.417708792497241244e-01
2.413569537705781698e-01
2.404890083660207734e-01
2.421420706045391835e-01
2.421259623573502329e-01
2.430558683042056689e-01
2.430695916816058288e-01
2.411243766408327494e-01
2.431058553125974020e-01
2.451610480743518228e-01
2.466794317251794766e-01
2.451610480743518228e-01
2.431058553125974020e-01
2.411243766408327494e-01
2.430695916816058288e-01
2.430558683042056689e-01
2.450999523378393774e-01
2.451143705128024652e-01
2.415716171064521689e-01
2.454622751035794581e-01
2.499579899416750906e-01
2.522774590472560141e-01
2.499579899416750906e-01
2.454622751035794581e-01
2.415716171064521689e-01
2.451143705128024652e-01
2.450999523378393774e-01
2.462751754674649129e-01
2.462877589549731239e-01
2.409962890336323216e-01
2.452792146322179123e-01
2.523275353278895405e-01
2.582526055708267432e-01
2.523275353278895405e-01
2.452792146322179123e-01
2.409962890336323216e-01
2.462877589549731239e-01
2.462751754674649129e-01
2.490587955532708730e-01
2.490791156810366058e-01
2.378725993697343444e-01
2.395951643541301690e-01
2.473745558312344384e-01
2.539652194376395000e-01
2.473745558312344384e-01
2.395951643541301690e-01
2.378725993697343444e-01
2.490791156810366058e-01
2.490587955532708730e-01
2.509030118842452972e-01
2.509190424681915776e-01
2.352611086282823394e-01
2.329818854640421377e-01
2.394902814244266875e-01
2.493117201774919245e-01
2.394902814244266875e-01
2.329818854640421377e-01
2.352611086282823394e-01
2.509190424681915776e-01
2.509030118842452972e-01
3.497993232606350089e-01
2.558337164613295744e-01
2.284313099768507938e-01
2.113588893814217495e-01
1.966784791182437930e-01
1.836512191537509886e-01
1.966784791182437930e-01
2.113588893814217495e-01
2.284313099768507938e-01
2.558337164613295744e-01
3.497993232606350089e-01
3.497993232606350089e-01
2.575273111621204092e-01
2.254825447788625925e-01
2.038076671964129671e-01
1.867551960528560095e-01
1.754728875906911567e-01
1.867551960528560095e-01
2.038076671964129671e-01
2.254825447788625925e-01
2.575273111621204092e-01
3.497993232606350089e-01
3.497993232606350089e-01
2.598126149380889371e-01
2.211557730619522211e-01
1.952439007227131096e-01
1.774830741132845113e-01
1.664382634262574490e-01
1.774830741132845113e-01
1.952439007227131096e-01
2.211557730619522211e-01
2.598126149380889371e-01
3.497993232606350089e-01
3.497993232606350089e-01
2.606972721681188876e-01
2.199049957919415321e-01
1.934249867426544311e-01
1.769106888560570967e-01
1.679387185648400505e-01
1.769106888560570967e-01
1.934249867426544311e-01
2.199049957919415321e-01
2.606972721681188876e-01
3.497993232606350089e-01
3.497993232606350089e-01
2.621554727795196160e-01
2.190774750609437438e-01
1.930433696435565338e-01
1.778577047005422407e-01
1.693641869120201537e-01
1.778577047005422407e-01
1.930433696435565061e-01
2.190774750609437438e-01
2.621554727795196160e-01
3.497993232606350089e-01
3.497993232606350089e-01
2.628397477859033549e-01
2.192725418837340179e-01
1.938638779300075332e-01
1.798320103404003611e-01
1.726376618760811499e-01
1.798320103404003334e-01
1.938638779300075332e-01
2.192725418837340179e-01
2.628397477859033549e-01
3.497993232606350089e-01
3.497993232606350089e-01
2.641907067682687238e-01
2.206357494581057399e-01
1.966454840832222717e-01
1.837686540205577534e-01
1.769240947230075189e-01
1.837686540205577534e-01
1.966454840832222717e-01
2.206357494581057399e-01
2.641907067682687238e-01
3.497993232606350089e-01
3.497993232606350089e-01
2.648801158033969316e-01
2.216015951075173684e-01
1.983564256514451785e-01
1.862716748654160148e-01
1.802126611978610848e-01
1.862716748654160148e-01
1.983564256514451785e-01
2.216015951075173684e-01
2.648801158033969316e-01
3.497993232606350089e-01
3.497993232606350089e-01
2.663047541151404296e-01
2.239413082461111648e-01
2.020007599631298001e-01
1.907210710631442874e-01
1.848924764839697255e-01
1.907210710631442874e-01
2.020007599631298001e-01
2.239413082461111648e-01
2.663047541151404296e-01
3.497993232606350089e-01
3.497993232606350089e-01
2.670268434362427223e-01
2.251913541660365836e-01
2.038481537972868241e-01
1.930739815737520237e-01
1.877105786254165687e-01
1.930739815737520237e-01
2.038481537972868241e-01
2.251913541660366114e-01
2.670268434362427223e-01
3.497993232606350089e-01
3.497993232606350089e-01
2.684912539305107648e-01
2.277680720283362104e-01
2.074016758368914526e-01
1.971492266441563224e-01
1.919313148318574358e-01
1.971492266441563224e-01
2.074016758368914526e-01
2.277680720283362104e-01
2.684912539305107648e-01
3.497993232606350089e-01
3.497993232606350089e-01
2.692132873831563078e-01
2.290317843520957575e-01
2.090875617423276489e-01
1.991437299394065441e-01
1.941919594079510314e-01
1.991437299394065441e-01
2.090875617423276489e-01
2.290317843520957575e-01
2.692132873831563078e-01
3.497993232606350089e-01
3.497993232606350089e-01
2.706374317799589702e-01
2.314706744152895124e-01
2.121979316799890436e-01
2.025766507679638839e-01
1.977139713642819263e-01
2.025766507679638839e-01
2.121979316799890436e-01
2.314706744152895401e-01
2.706374317799589702e-01
3.497993232606350089e-01
3.497993232606350089e-01
2.713214532970913417e-01
2.326198427418313397e-01
2.136265077394576273e-01
2.041847700526418508e-01
1.994653002930091290e-01
2.041847700526418508e-01
2.136265077394576273e-01
2.326198427418313397e-01
2.713214532970913417e-01
3.497993232606350089e-01
3.497993232606350089e-01
2.726385139819453296e-01
2.347617017334799328e-01
2.162070008383908948e-01
2.069561008987796380e-01
2.022904841279450638e-01
2.069561008987796380e-01
2.162070008383908948e-01
2.347617017334799605e-01
2.726385139819453296e-01
3.497993232606350089e-01
3.497993232606350089e-01
2.732577851555500481e-01
2.357489362417330425e-01
2.173707191734426947e-01
2.082179677622985614e-01
2.036208501395626314e-01
2.082179677622985614e-01
2.173707191734426947e-01
2.357489362417330703e-01
2.732577851555500481e-01
3.497993232606350089e-01
3.497993232606350089e-01
2.744279748847656131e-01
2.375521075268521853e-01
2.194497730040336492e-01
2.104042005307026342e-01
2.058399363497405155e-01
2.104042005307026342e-01
2.194497730040336492e-01
2.375521075268521853e-01
2.744279748847656131e-01
3.497993232606350089e-01
3.497993232606350089e-01
2.749697431798681091e-01
2.383728061307287260e-01
2.203774082362284503e-01
2.113808527988142727e-01
2.068414177212253846e-01
2.113808527988142727e-01
2.203774082362284503e-01
2.383728061307287260e-01
2.749697431798681091e-01
3.497993232606350089e-01
3.497993232606350089e-01
2.759797390486161683e-01
2.398537937172353918e-01
2.220266836403376187e-01
2.130867385147786064e-01
2.085679285649289505e-01
2.130867385147786064e-01
2.220266836403376187e-01
2.398537937172353918e-01
2.759797390486161683e-01
3.497993232606350089e-01
3.497993232606350089e-01
2.764422675085413950e-01
2.405231976344810452e-01
2.227583446434202585e-01
2.138391896907307910e-01
2.093214096537331093e-01
2.138391896907307910e-01
2.227583446434202585e-01
2.405231976344810452e-01
2.764422675085413950e-01
3.497993232606350089e-01
3.497993232606350089e-01
2.772959557905609884e-01
2.417230910253220788e-01
2.240581344674678066e-01
2.151664399632843561e-01
2.106623086048512727e-01
2.151664399632843561e-01
2.240581344674677788e-01
2.417230910253220788e-01
2.772959557905609884e-01
3.497993232606350089e-01
3.497993232606350089e-01
2.776840695241982737e-01
2.422635953643019202e-01
2.246333623140888414e-01
2.157471626249336527e-01
2.112325143469566957e-01
2.157471626249336527e-01
2.246333623140888414e-01
2.422635953643019202e-01
2.776840695241982737e-01
3.497993232606350089e-01
3.497993232606350089e-01
2.783953761775788127e-01
2.432290558055900664e-01
2.256566904190749900e-01
2.167822485480729311e-01
2.122774567589051919e-01
2.167822485480729311e-01
2.256566904190749900e-01
2.432290558055900664e-01
2.783953761775788127e-01
3.497993232606350089e-01
3.497993232606350089e-01
2.787170237144512286e-01
2.436631180221732473e-01
2.261092922679688311e-01
2.172328521679566526e-01
2.127131390555963286e-01
2.172328521679566526e-01
2.261092922679688311e-01
2.436631180221732473e-01
2.787170237144512286e-01
3.497993232606350089e-01
3.497993232606350089e-01
2.793030210591578855e-01
2.444368424418823238e-01
2.269160207283706931e-01
2.180438422919197261e-01
2.135322161858232426e-01
2.180438422919197261e-01
2.269160207283706931e-01
2.444368424418823238e-01
2.793030210591578855e-01
3.497993232606350089e-01
3.497993232606350089e-01
2.795668833532509723e-01
2.447839266991383711e-01
2.272726787874321530e-01
2.183953724119525319e-01
2.138680804456304374e-01
2.183953724119525319e-01
2.272726787874321530e-01
2.447839266991383711e-01
2.795668833532509723e-01
3.497993232606350089e-01
3.497993232606350089e-01
2.800447008665244431e-01
2.454016914474532740e-01
2.279087876799724133e-01
2.190325987086044757e-01
2.145125905069421857e-01
2.190325987086044757e-01
2.279087876799724133e-01
2.454016914474532740e-01
2.800447008665244431e-01
3.497993232606350089e-01
3.497993232606350089e-01
2.802590432804946130e-01
2.456778117248830939e-01
2.281893557859891453e-01
2.193069757913676532e-01
2.147722142388464872e-01
2.193069757913676532e-01
2.281893557859891453e-01
2.456778117248830939e-01
2.802590432804946685e-01
3.497993232606350089e-01
3.497993232606350089e-01
2.806448486829627997e-01
2.461675126545780634e-01
2.286883196438070642e-01
2.198057612097965019e-01
2.152776472901373750e-01
2.198057612097965019e-01
2.286883196438070642e-01
2.461675126545780634e-01
2.806448486829627997e-01
3.497993232606350089e-01
3.497993232606350089e-01
2.808169822351857525e-01
2.463850712971613899e-01
2.289068377624824402e-01
2.200177595896350702e-01
2.154762654590053894e-01
2.200177595896350702e-01
2.289068377624824402e-01
2.463850712971613899e-01
2.808169822351857525e-01
3.497993232606350089e-01
3.497993232606350089e-01
2.811247036819453093e-01
2.467676638110152254e-01
2.292919267074458312e-01
2.204017016925032268e-01
2.158661333722865505e-01
2.204017016925032268e-01
2.292919267074458312e-01
2.467676638110152254e-01
2.811247036819452538e-01
3.497993232606350089e-01
3.497993232606350089e-01
2.812611002729920595e-01
2.469355322893861671e-01
2.294579219019547700e-01
2.205608279181090481e-01
2.160129098714327900e-01
2.205608279181090481e-01
2.294579219019547700e-01
2.469355322893861671e-01
2.812611002729920595e-01
3.497993232606350089e-01
3.497993232606350089e-01
2.815025089105614997e-01
2.472264738171671694e-01
2.297445238081221863e-01
2.208446921625421833e-01
2.163017883770493865e-01
2.208446921625421833e-01
2.297445238081221863e-01
2.472264738171671694e-01
2.815025089105614997e-01
3.497993232606350089e-01
3.497993232606350089e-01
2.816087853987216949e-01
2.473511993138372000e-01
2.298641034794951798e-01
2.209563876736061194e-01
2.164014087531390684e-01
2.209563876736061194e-01
2.298641034794951798e-01
2.473511993138372000e-01
2.816087853987216949e-01
3.497993232606350089e-01
3.497993232606350089e-01
2.817946656840540354e-01
2.475617907183069455e-01
2.300619094213236515e-01
2.211483772358682209e-01
2.165969369598333139e-01
2.211483772358682209e-01
2.300619094213236515e-01
2.475617907183069455e-01
2.817946656840540354e-01
3.497993232606350089e-01
3.497993232606350089e-01
2.818759031864745412e-01
2.476488883547618147e-01
2.301388334255543566e-01
2.212150320875545528e-01
2.166505720672972923e-01
2.212150320875545806e-01
2.301388334255543566e-01
2.476488883547618147e-01
2.818759031864745412e-01
3.497993232606350089e-01
3.497993232606350089e-01
2.820171483556093706e-01
2.477886930711396540e-01
2.302541956785820743e-01
2.213190602933225448e-01
2.167557653626830672e-01
2.213190602933225448e-01
2.302541956785820743e-01
2.477886930711396540e-01
2.820171483556094261e-01
3.497993232606350089e-01
3.497993232606350089e-01
2.820790554013626328e-01
2.478432837237440900e-01
2.302913209608293266e-01
2.213413568052805258e-01
2.167619578121121326e-01
2.213413568052805258e-01
2.302913209608293266e-01
2.478432837237440900e-01
2.820790554013626328e-01
3.497993232606350089e-01
3.497993232606350089e-01
2.821880229955712749e-01
2.479235422437989500e-01
2.303306486369715023e-01
2.213604966758660197e-01
2.167788273775058672e-01
2.213604966758660197e-01
2.303306486369715023e-01
2.479235422437989500e-01
2.821880229955712749e-01
3.497993232606350089e-01
3.497993232606350089e-01
2.822377417225424012e-01
2.479520618093623840e-01
2.303321055440793463e-01
2.213396377734565545e-01
2.167357324620832193e-01
2.213396377734565545e-01
2.303321055440793463e-01
2.479520618093623840e-01
2.822377417225424012e-01
3.497993232606350089e-01
3.497993232606350089e-01
2.823303966261440090e-01
2.479891982857538035e-01
2.303070973662495469e-01
2.212819547220140626e-01
2.166711035218294445e-01
2.212819547220140626e-01
2.303070973662495469e-01
2.479891982857538313e-01
2.823303966261440090e-01
3.497993232606350089e-01
3.497993232606350089e-01
2.823771028803327976e-01
2.480021025125997147e-01
2.302813050567668884e-01
2.212233549168374502e-01
2.165810324409242205e-01
2.212233549168374502e-01
2.302813050567668884e-01
2.480021025125997147e-01
2.823771028803327976e-01
3.497993232606350089e-01
3.497993232606350089e-01
2.824748702531336142e-01
2.480220313089587236e-01
2.302159702989572398e-01
2.211102805379846770e-01
2.164552125685358375e-01
2.211102805379846770e-01
2.302159702989572398e-01
2.480220313089586959e-01
2.824748702531336142e-01
3.497993232606350089e-01
3.497993232606350089e-01
2.825310889200382536e-01
2.480357247015334554e-01
2.301794800748682146e-01
2.210288927418330718e-01
2.163312214380760101e-01
2.210288927418330995e-01
2.301794800748681868e-01
2.480357247015334554e-01
2.825310889200382536e-01
3.497993232606350089e-01
3.497993232606350089e-01
2.826623941961278752e-01
2.480784449962888383e-01
2.301175940210373472e-01
2.209048357310891553e-01
2.161884006447185036e-01
2.209048357310891553e-01
2.301175940210373472e-01
2.480784449962888383e-01
2.826623941961278752e-01
3.497993232606350089e-01
3.497993232606350089e-01
2.827447383746372611e-01
2.481166381200395621e-01
2.300986160578781525e-01
2.208308161136459669e-01
2.160620218156039107e-01
2.208308161136459669e-01
2.300986160578781248e-01
2.481166381200395621e-01
2.827447383746372611e-01
3.497993232606350089e-01
3.497993232606350089e-01
2.829460146065612691e-01
2.482379873444337526e-01
2.301087780220653911e-01
2.207706401626054471e-01
2.159784131463746149e-01
2.207706401626054471e-01
2.301087780220653911e-01
2.482379873444337526e-01
2.829460146065612691e-01
3.497993232606350089e-01
3.497993232606350089e-01
2.830744362602569675e-01
2.483319899494049188e-01
2.301479376212051953e-01
2.207523610272287551e-01
2.159053372720974029e-01
2.207523610272287551e-01
2.301479376212051953e-01
2.483319899494049188e-01
2.830744362602569675e-01
3.497993232606350089e-01
3.497993232606350089e-01
2.833892468612898563e-01
2.485999835557246851e-01
2.303208348691034024e-01
2.208600355571566920e-01
2.159885870392782847e-01
2.208600355571566642e-01
2.303208348691034024e-01
2.485999835557246851e-01
2.833892468612898563e-01
3.497993232606350089e-01
3.497993232606350089e-01
2.835869230483348269e-01
2.487856763091106094e-01
2.304667718925861031e-01
2.209600028315066300e-01
2.160451995472949804e-01
2.209600028315066300e-01
2.304667718925861031e-01
2.487856763091106094e-01
2.835869230483348269e-01
3.497993232606350089e-01
3.497993232606350089e-01
2.840653178837679871e-01
2.492729201869620659e-01
2.308994080336554122e-01
2.213498441111023673e-01
2.164154362476830018e-01
2.213498441111023396e-01
2.308994080336554122e-01
2.492729201869620659e-01
2.840653178837680426e-01
3.497993232606350089e-01
3.497993232606350089e-01
2.843590129478302808e-01
2.495856913202195160e-01
2.311976414467923902e-01
2.216281760727475125e-01
2.166783573916109262e-01
2.216281760727475125e-01
2.311976414467923902e-01
2.495856913202195160e-01
2.843590129478302253e-01
3.497993232606350089e-01
3.497993232606350089e-01
2.850584065873256190e-01
2.503609970352912439e-01
2.319650927588643718e-01
2.223849867354627530e-01
2.174245708625472395e-01
2.223849867354627530e-01
2.319650927588643718e-01
2.503609970352912439e-01
2.850584065873256190e-01
3.497993232606350089e-01
3.497993232606350089e-01
2.854798340113997024e-01
2.508336503744549306e-01
2.324420918508964262e-01
2.228699640936335491e-01
2.179293582805397200e-01
2.228699640936335491e-01
2.324420918508964262e-01
2.508336503744549306e-01
2.854798340113997024e-01
3.497993232606350089e-01
3.497993232606350089e-01
2.864702738112764324e-01
2.519617527519401046e-01
2.335681462158709920e-01
2.239978183756980157e-01
2.190509791462245393e-01
2.239978183756980157e-01
2.335681462158709643e-01
2.519617527519401046e-01
2.864702738112764324e-01
3.497993232606350089e-01
3.497993232606350089e-01
2.870596968853155184e-01
2.526323972256109274e-01
2.342207743252133489e-01
2.246530318880557431e-01
2.197340454109617258e-01
2.246530318880557431e-01
2.342207743252133489e-01
2.526323972256109274e-01
2.870596968853155184e-01
3.497993232606350089e-01
3.497993232606350089e-01
2.884328217606276779e-01
2.542069095714811211e-01
2.356810304135739387e-01
2.260466384606772405e-01
2.211018713175218198e-01
2.260466384606772405e-01
2.356810304135739109e-01
2.542069095714811211e-01
2.884328217606276779e-01
3.497993232606350089e-01
3.497993232606350089e-01
2.892426445562045201e-01
2.551498167951850027e-01
2.364981445416487194e-01
2.267624228898670879e-01
2.217549101011309642e-01
2.267624228898670879e-01
2.364981445416487194e-01
2.551498167951850027e-01
2.892426445562044646e-01
3.497993232606350089e-01
3.497993232606350089e-01
2.911192612843435112e-01
2.573950996194507845e-01
2.383315491872662895e-01
2.282913084417539373e-01
2.231830642994732661e-01
2.282913084417539373e-01
2.383315491872662617e-01
2.573950996194507845e-01
2.911192612843435112e-01
3.497993232606350089e-01
3.497993232606350089e-01
2.922150375256881150e-01
2.587935273594012542e-01
2.394067293135699048e-01
2.289710657611893074e-01
2.234971180961989878e-01
2.289710657611893074e-01
2.394067293135699048e-01
2.587935273594012542e-01
2.922150375256881150e-01
3.497993232606350089e-01
3.497993232606350089e-01
2.947333281705004637e-01
2.622668845133523940e-01
2.421004610464660423e-01
2.308813094075548578e-01
2.251434131254863302e-01
2.308813094075548578e-01
2.421004610464660423e-01
2.622668845133523940e-01
2.947333281705004637e-01
3.497993232606350089e-01
3.497993232606350089e-01
2.961728334118566841e-01
2.645292845543827376e-01
2.439450114119484092e-01
2.317899745562775893e-01
2.250138726970203618e-01
2.317899745562775893e-01
2.439450114119484092e-01
2.645292845543826821e-01
2.961728334118566841e-01
3.497993232606350089e-01
3.497993232606350089e-01
2.993978780064621703e-01
2.703433838276996792e-01
2.493910065816082600e-01
2.359186898472744875e-01
2.286366118474874032e-01
2.359186898472744875e-01
2.493910065816082600e-01
2.703433838276996792e-01
2.993978780064621703e-01
3.497993232606350089e-01
3.497993232606350089e-01
3.011534016866667107e-01
2.741362623766704920e-01
2.536259625429893028e-01
2.387574328350219321e-01
2.292646051268447671e-01
2.387574328350219321e-01
2.536259625429893028e-01
2.741362623766704920e-01
3.011534016866667107e-01
3.497993232606350089e-01
3.497993232606350089e-01
3.048539723116465705e-01
2.836737083742766896e-01
2.668868863100254396e-01
2.522840023512745167e-01
2.423761286853617913e-01
2.522840023512745167e-01
2.668868863100254396e-01
2.836737083742766896e-01
3.048539723116465705e-01
3.497993232606350089e-01
3.497993232606350089e-01
3.066531952828707719e-01
2.893079438752969024e-01
2.768167393720403768e-01
2.640955334623129036e-01
2.517622654398197213e-01
2.640955334623129036e-01
2.768167393720403768e-01
2.893079438752969024e-01
3.066531952828707719e-01
3.497993232606350089e-01
3.497993232606350089e-01
3.099225125893022015e-01
3.016426158070422692e-01
3.036194244248329732e-01
3.119980208730465665e-01
3.224876712880244689e-01
3.119980208730465665e-01
3.036194244248329177e-01
3.016426158070422692e-01
3.099225125893021460e-01
3.497993232606350089e-01
3.111085251825278508e-01
3.111171897176334133e-01
3.069250601470637774e-01
3.129918201041856363e-01
3.230374942316970310e-01
3.308807085296220363e-01
3.230374942316970310e-01
3.129918201041856363e-01
3.069250601470637774e-01
3.111171897176334133e-01
3.111085251825278508e-01
3.138329661094795831e-01
3.138407898113779737e-01
3.151471306568633945e-01
3.241411429370515962e-01
3.339416909895761565e-01
3.413089177594465506e-01
3.339416909895761565e-01
3.241411429370515407e-01
3.151471306568633945e-01
3.138407898113779737e-01
3.138329661094795831e-01
3.151550017052081598e-01
3.151654224465700871e-01
3.180696938438943855e-01
3.268686392402307406e-01
3.344902947727270703e-01
3.386987648216117641e-01
3.344902947727270703e-01
3.268686392402307406e-01
3.180696938438943855e-01
3.151654224465700871e-01
3.151550017052081598e-01
3.176052881089504454e-01
3.176097773705032767e-01
3.218331375417460283e-01
3.289135912496314873e-01
3.343448113024873880e-01
3.378800959673468607e-01
3.343448113024873880e-01
3.289135912496314873e-01
3.218331375417460283e-01
3.176097773705032767e-01
3.176052881089504454e-01
3.186747427269586708e-01
3.186833224235765538e-01
3.230158705179589362e-01
3.289398362167387235e-01
3.326863757479227024e-01
3.343523093796206824e-01
3.326863757479227024e-01
3.289398362167387235e-01
3.230158705179589362e-01
3.186833224235765538e-01
3.186747427269586708e-01
3.205064887339678648e-01
3.205104842290595890e-01
3.243398660508909348e-01
3.282146843714399687e-01
3.304382332115887166e-01
3.316868045461141556e-01
3.304382332115887166e-01
3.282146843714399687e-01
3.243398660508909348e-01
3.205104842290595890e-01
3.205064887339678648e-01
3.212813098546832835e-01
3.212878063948054197e-01
3.247323759444129543e-01
3.277141462992726462e-01
3.290751929042122215e-01
3.294935486512444722e-01
3.290751929042121660e-01
3.277141462992726462e-01
3.247323759444129543e-01
3.212878063948054752e-01
3.212813098546832835e-01
3.225856248275988380e-01
3.225877784391299463e-01
3.251858287640478351e-01
3.268960093123698396e-01
3.275288845127065640e-01
3.277587821936513435e-01
3.275288845127065640e-01
3.268960093123698396e-01
3.251858287640478351e-01
3.225877784391299463e-01
3.225856248275988380e-01
3.231410831480564516e-01
3.231446131028401503e-01
3.253606409112698716e-01
3.266156139545979831e-01
3.269476369288822348e-01
3.269491630910951185e-01
3.269476369288822348e-01
3.266156139545979831e-01
3.253606409112698716e-01
3.231446131028401503e-01
3.231410831480564516e-01
3.240918882104031895e-01
3.240925203213382844e-01
3.256845013176836723e-01
3.263940558749732768e-01
3.265084583576978172e-01
3.264643623895257529e-01
3.265084583576978172e-01
3.263940558749732768e-01
3.256845013176836723e-01
3.240925203213382844e-01
3.240918882104031895e-01
3.245068665041856426e-01
3.245099190400687617e-01
3.258617314300572554e-01
3.264167433871057455e-01
3.265019705674120920e-01
3.264814335657778566e-01
3.265019705674120365e-01
3.264167433871057455e-01
3.258617314300572554e-01
3.245099190400687617e-01
3.245068665041856426e-01
3.252416936608198972e-01
3.252411645130776630e-01
3.262565856893285265e-01
3.266771669486274732e-01
3.267741721435489799e-01
3.267734599988828537e-01
3.267741721435489244e-01
3.266771669486274732e-01
3.262565856893285265e-01
3.252411645130776630e-01
3.252416936608198972e-01
3.255690926819099218e-01
3.255700946213553326e-01
3.264668033120763924e-01
3.268695247667874892e-01
3.270154934581971373e-01
3.270867479538510647e-01
3.270154934581971373e-01
3.268695247667874892e-01
3.264668033120763924e-01
3.255700946213553326e-01
3.255690926819099218e-01
3.261576000350822069e-01
3.261568253819295826e-01
3.269010591157584522e-01
3.273160300933702915e-01
3.275241893026961670e-01
3.276294968651657924e-01
3.275241893026961670e-01
3.273160300933702915e-01
3.269010591157584522e-01
3.261568253819295826e-01
3.261576000350822069e-01
3.264219520806662111e-01
3.264219437449394356e-01
3.271113704564766467e-01
3.275383151810561944e-01
3.277812270801347405e-01
3.279234598993017169e-01
3.277812270801347405e-01
3.275383151810561944e-01
3.271113704564766467e-01
3.264219437449394356e-01
3.264219520806662111e-01
3.268974429626003708e-01
3.268963678928988870e-01
3.275078418823491599e-01
3.279505821664609466e-01
3.282279678947074286e-01
3.283944943131933969e-01
3.282279678947074286e-01
3.279505821664609466e-01
3.275078418823491599e-01
3.268963678928988870e-01
3.268974429626003708e-01
3.271099829919171254e-01
3.271089389755050814e-01
3.276854392960295570e-01
3.281246509232451647e-01
3.283997051159032177e-01
3.285567890432508076e-01
3.283997051159032177e-01
3.281246509232451647e-01
3.276854392960295570e-01
3.271089389755050814e-01
3.271099829919171254e-01
3.274874092829034300e-01
3.274858511261948268e-01
3.279962658171365897e-01
3.284102314591214045e-01
3.286790823705729170e-01
3.288457800270142006e-01
3.286790823705729170e-01
3.284102314591214045e-01
3.279962658171365897e-01
3.274858511261948268e-01
3.274874092829034300e-01
3.276540754746242179e-01
3.276524407894905178e-01
3.281276803589491253e-01
3.285168331506767014e-01
3.287567370297912461e-01
3.288867085422794156e-01
3.287567370297912461e-01
3.285168331506767014e-01
3.281276803589491253e-01
3.276524407894905178e-01
3.276540754746242179e-01
3.279457059263582996e-01
3.279433954616315372e-01
3.283454036052563252e-01
3.286760004489118758e-01
3.288841669222768993e-01
3.290131842410728424e-01
3.288841669222768993e-01
3.286760004489118758e-01
3.283454036052563252e-01
3.279433954616315927e-01
3.279457059263582996e-01
3.280724539112205296e-01
3.280704903462537958e-01
3.284339669597428069e-01
3.287286875256130725e-01
3.288992258114963874e-01
3.289855143653722114e-01
3.288992258114963874e-01
3.287286875256130725e-01
3.284339669597428069e-01
3.280704903462537958e-01
3.280724539112205296e-01
3.282917448545177308e-01
3.282889664029749466e-01
3.285761010054256692e-01
3.288021224632970974e-01
3.289344159416274227e-01
3.290152979056907290e-01
3.289344159416274227e-01
3.288021224632970974e-01
3.285761010054256692e-01
3.282889664029749466e-01
3.282917448545177308e-01
3.283859884572026822e-01
3.283835882000497586e-01
3.286332193424666981e-01
3.288238360830281204e-01
3.289230043061755482e-01
3.289687509747193372e-01
3.289230043061755482e-01
3.288238360830281204e-01
3.286332193424666981e-01
3.283835882000497586e-01
3.283859884572026822e-01
3.285476298994288169e-01
3.285447722928526715e-01
3.287248229240615216e-01
3.288547078529644452e-01
3.289213475991550339e-01
3.289611106943902685e-01
3.289213475991550339e-01
3.288547078529644452e-01
3.287248229240615216e-01
3.285447722928526715e-01
3.285476298994288169e-01
3.286170294920230939e-01
3.286143849748991430e-01
3.287623629711368678e-01
3.288641802215694909e-01
3.289073026458235738e-01
3.289239973178319509e-01
3.289073026458235738e-01
3.288641802215694909e-01
3.287623629711368678e-01
3.286143849748991430e-01
3.286170294920230939e-01
3.287360505128705812e-01
3.287327719243108293e-01
3.288248163563476378e-01
3.288815645167504909e-01
3.289023130556353314e-01
3.289143745924088535e-01
3.289023130556353314e-01
3.288815645167504909e-01
3.288248163563476378e-01
3.287327719243108293e-01
3.287360505128705812e-01
3.287868828432728430e-01
3.287843543384947886e-01
3.288513477312488553e-01
3.288890501296648505e-01
3.288955280287623739e-01
3.288947468517082751e-01
3.288955280287623739e-01
3.288890501296648505e-01
3.288513477312488553e-01
3.287843543384947886e-01
3.287868828432728430e-01
3.288753480767586668e-01
3.288716673921143752e-01
3.288981770341221633e-01
3.289063517897730105e-01
3.288996757341247079e-01
3.288961019577339440e-01
3.288996757341247079e-01
3.289063517897730105e-01
3.288981770341220523e-01
3.288716673921143752e-01
3.288753480767586668e-01
3.289128205985445974e-01
3.289103254197678350e-01
3.289186387370714448e-01
3.289153079055497919e-01
3.289009761928876063e-01
3.288912668656571170e-01
3.289009761928876063e-01
3.289153079055497919e-01
3.289186387370714448e-01
3.289103254197678350e-01
3.289128205985445974e-01
3.289791735676143025e-01
3.289754418507686573e-01
3.289565220760784503e-01
3.289351595550620844e-01
3.289137920088146538e-01
3.289024344842064740e-01
3.289137920088146538e-01
3.289351595550620844e-01
3.289565220760784503e-01
3.289754418507686573e-01
3.289791735676143025e-01
3.290072652754410520e-01
3.290046879119890577e-01
3.289732037124261099e-01
3.289453246391836339e-01
3.289198467844026141e-01
3.289058325254246018e-01
3.289198467844026141e-01
3.289453246391836894e-01
3.289732037124261099e-01
3.290046879119890577e-01
3.290072652754410520e-01
3.290576657159248741e-01
3.290537654326980421e-01
3.290046835704388828e-01
3.289657111944133683e-01
3.289364154203763824e-01
3.289212507190867329e-01
3.289364154203763824e-01
3.289657111944133683e-01
3.290046835704388828e-01
3.290537654326980421e-01
3.290576657159248741e-01
3.290786861244165973e-01
3.290762704337321098e-01
3.290183753654133403e-01
3.289755920819974477e-01
3.289437081468004065e-01
3.289271140045811892e-01
3.289437081468004065e-01
3.289755920819974477e-01
3.290183753654133403e-01
3.290762704337321098e-01
3.290786861244165973e-01
3.291174584266073899e-01
3.291133446178458599e-01
3.290442385959020943e-01
3.289940241555319167e-01
3.289596467268861013e-01
3.289421313154529125e-01
3.289596467268861013e-01
3.289940241555319167e-01
3.290442385959020943e-01
3.291133446178458599e-01
3.291174584266073899e-01
3.291331136321138384e-01
3.291308090476550707e-01
3.290552086744658045e-01
3.290024953756891524e-01
3.289661542566489905e-01
3.289475214316249230e-01
3.289661542566489905e-01
3.290024953756891524e-01
3.290552086744658045e-01
3.291308090476550707e-01
3.291331136321138384e-01
3.291628425285209048e-01
3.291588630804926918e-01
3.290759271530768193e-01
3.290175637479020865e-01
3.289792070141291380e-01
3.289596025979255600e-01
3.289792070141291380e-01
3.290175637479021420e-01
3.290759271530768193e-01
3.291588630804926918e-01
3.291628425285209048e-01
3.291747161930801413e-01
3.291722627539866441e-01
3.290844557816842708e-01
3.290243717425638259e-01
3.289842789880887408e-01
3.289638537660167783e-01
3.289842789880887408e-01
3.290243717425638259e-01
3.290844557816842708e-01
3.291722627539866441e-01
3.291747161930801413e-01
3.291973723607174995e-01
3.291935348647693771e-01
3.291007664932185106e-01
3.290359769931012757e-01
3.289941543280170411e-01
3.289725221704659641e-01
3.289941543280170411e-01
3.290359769931012757e-01
3.291007664932185106e-01
3.291935348647693771e-01
3.291973723607174995e-01
3.292063081038024697e-01
3.292038699209265395e-01
3.291073037701958692e-01
3.290413342423902376e-01
3.289980069600082491e-01
3.289759644622318735e-01
3.289980069600082491e-01
3.290413342423902376e-01
3.291073037701958692e-01
3.292038699209265395e-01
3.292063081038024697e-01
3.292238330310233718e-01
3.292199766107805070e-01
3.291201453337995186e-01
3.290503213077928257e-01
3.290054682441042044e-01
3.289820693733138679e-01
3.290054682441041489e-01
3.290503213077928257e-01
3.291201453337995186e-01
3.292199766107805070e-01
3.292238330310233718e-01
3.292304550350708126e-01
3.292281330072127643e-01
3.291252775968594446e-01
3.290545753468389067e-01
3.290087087359964135e-01
3.289853030552759572e-01
3.290087087359964135e-01
3.290545753468389067e-01
3.291252775968594446e-01
3.292281330072127643e-01
3.292304550350708126e-01
3.292442244860740441e-01
3.292405107382719853e-01
3.291355972062102730e-01
3.290620153377593060e-01
3.290148156631693133e-01
3.289900329220856734e-01
3.290148156631693133e-01
3.290620153377593060e-01
3.291355972062102730e-01
3.292405107382719853e-01
3.292442244860740441e-01
3.292493925195234539e-01
3.292469619769913813e-01
3.291398617887841271e-01
3.290656403149852527e-01
3.290179605091791415e-01
3.289936262769642683e-01
3.290179605091791415e-01
3.290656403149852527e-01
3.291398617887841271e-01
3.292469619769913813e-01
3.292493925195234539e-01
3.292602974662904303e-01
3.292568573134093124e-01
3.291485480377544515e-01
3.290723578311999797e-01
3.290236474008490508e-01
3.289979116456575037e-01
3.290236474008490508e-01
3.290723578311999797e-01
3.291485480377544515e-01
3.292568573134093124e-01
3.292602974662904303e-01
3.292645920994424769e-01
3.292619954421173722e-01
3.291522676213657350e-01
3.290757684751499101e-01
3.290269676452431402e-01
3.290021505595579487e-01
3.290269676452431402e-01
3.290757684751499101e-01
3.291522676213657350e-01
3.292619954421173722e-01
3.292645920994424769e-01
3.292734989677976731e-01
3.292702434425255342e-01
3.291600148612237597e-01
3.290822589659509467e-01
3.290327446427927516e-01
3.290064840209681596e-01
3.290327446427927516e-01
3.290822589659509467e-01
3.291600148612237597e-01
3.292702434425255342e-01
3.292734989677976731e-01
3.292771674553718886e-01
3.292745039549483943e-01
3.291632611413361498e-01
3.290856594035175275e-01
3.290363520611777060e-01
3.290113444561879597e-01
3.290363520611777060e-01
3.290856594035175275e-01
3.291632611413361498e-01
3.292745039549483943e-01
3.292771674553718886e-01
3.292847707738633667e-01
3.292815508769251220e-01
3.291704699821027535e-01
3.290920457948378619e-01
3.290424189974730518e-01
3.290159414858134235e-01
3.290424189974730518e-01
3.290920457948378619e-01
3.291704699821027535e-01
3.292815508769251220e-01
3.292847707738633667e-01
3.292878982267211097e-01
3.292852563604045102e-01
3.291734691586715167e-01
3.290955160313747130e-01
3.290462154733133082e-01
3.290213113827666902e-01
3.290462154733133082e-01
3.290955160313747130e-01
3.291734691586715167e-01
3.292852563604045102e-01
3.292878982267211097e-01
3.292945601986964066e-01
3.292913988486407817e-01
3.291800822294579931e-01
3.291019863689030323e-01
3.290525024907043905e-01
3.290261410336982051e-01
3.290525024907043905e-01
3.291019863689030323e-01
3.291800822294579931e-01
3.292913988486407817e-01
3.292945601986964066e-01
3.292973182416223388e-01
3.292946251094830967e-01
3.291833699144161018e-01
3.291053200871519313e-01
3.290565541083288470e-01
3.290318844231630568e-01
3.290565541083288470e-01
3.291053200871519313e-01
3.291833699144161018e-01
3.292946251094830967e-01
3.292973182416223388e-01
3.293031142272568323e-01
3.293001651324287682e-01
3.291893815073406171e-01
3.291121831497043626e-01
3.290630431410223600e-01
3.290369394405653902e-01
3.290630431410223600e-01
3.291121831497043626e-01
3.291893815073406171e-01
3.293001651324287682e-01
3.293031142272568323e-01
3.293057477688271506e-01
3.293029066819155304e-01
3.291929607561132065e-01
3.291156325015126005e-01
3.290672921038625409e-01
3.290431317917490439e-01
3.290672921038625409e-01
3.291156325015126005e-01
3.291929607561132065e-01
3.293029066819155304e-01
3.293057477688271506e-01
3.293107756899897876e-01
3.293080481624355293e-01
3.291996556902367921e-01
3.291224176373659938e-01
3.290744439725942772e-01
3.290485241690822571e-01
3.290744439725942772e-01
3.291224176373659938e-01
3.291996556902367921e-01
3.293080481624355293e-01
3.293107756899897876e-01
3.293132735355912555e-01
3.293104513304304093e-01
3.292026269310454056e-01
3.291265814293893865e-01
3.290787728919234989e-01
3.290552176058885170e-01
3.290787728919234989e-01
3.291265814293893865e-01
3.292026269310454056e-01
3.293104513304304093e-01
3.293132735355912555e-01
3.293178590224236091e-01
3.293151533712275203e-01
3.292108529293322206e-01
3.291338162180926230e-01
3.290860416024729007e-01
3.290598693362027372e-01
3.290860416024729007e-01
3.291338162180926230e-01
3.292108529293322206e-01
3.293151533712275203e-01
3.293178590224236091e-01
3.293200929250986730e-01
3.293173319986956726e-01
3.292136004866513255e-01
3.291368777473939744e-01
3.290917538716429669e-01
3.290673308994999657e-01
3.290917538716429669e-01
3.291368777473939744e-01
3.292136004866513255e-01
3.293173319986956726e-01
3.293200929250986730e-01
3.293241503007343085e-01
3.293214646552449221e-01
3.292221407130527244e-01
3.291464503203364589e-01
3.291006748338858312e-01
3.290773606670557294e-01
3.291006748338858312e-01
3.291464503203364589e-01
3.292221407130527244e-01
3.293214646552449221e-01
3.293241503007343085e-01
3.293260200602473042e-01
3.293233725392160083e-01
3.292257076824786632e-01
3.291480345962549126e-01
3.291074524292909032e-01
3.290852876235006441e-01
3.291074524292909032e-01
3.291480345962549126e-01
3.292257076824786632e-01
3.293233725392160083e-01
3.293260200602473042e-01
3.293295102116354234e-01
3.293267937397785783e-01
3.292311966734947637e-01
3.291552961325331372e-01
3.291167401089282185e-01
3.290942991467990519e-01
3.291167401089282185e-01
3.291552961325331372e-01
3.292311966734947637e-01
3.293267937397785783e-01
3.293295102116354234e-01
3.293309940077445708e-01
3.293283445684653810e-01
3.292336032582828254e-01
3.291593477485085240e-01
3.291207273773582576e-01
3.291097531913146357e-01
3.291207273773582576e-01
3.291593477485085240e-01
3.292336032582828254e-01
3.293283445684653810e-01
3.293309940077445708e-01
3.293336443857503015e-01
3.293309940077445708e-01
3.292340618807731989e-01
3.291570771111463900e-01
3.291188299064858880e-01
3.291164343869583675e-01
3.291188299064859435e-01
3.291570771111463900e-01
3.292340618807731989e-01
3.293309940077445708e-01
3.293336443857503015e-01
