2.308567794245244831e-01
2.308574496507701523e-01
2.309235225808768111e-01
2.309453897867597416e-01
2.309482554582018565e-01
2.309439610555799327e-01
2.309482554582018565e-01
2.309453897867597416e-01
2.309235225808768111e-01
2.308574496507701523e-01
2.308567794245244831e-01
2.308574496507701523e-01
2.308580862631117725e-01
2.309225287868356680e-01
2.309451715762364243e-01
2.309492599424809167e-01
2.309451423785267854e-01
2.309492599424809167e-01
2.309451715762364243e-01
2.309225287868356680e-01
2.308580862631117725e-01
2.308574496507701523e-01
2.308571269248222979e-01
2.308578610770003758e-01
2.309221203211049567e-01
2.309470843696246056e-01
2.309555202508053739e-01
2.309595969261475923e-01
2.309555202508053739e-01
2.309470843696246056e-01
2.309221203211049567e-01
2.308578610770003758e-01
2.308571269248222979e-01
2.308555357020324050e-01
2.308561521048120846e-01
2.309199403187830457e-01
2.309477249579764968e-01
2.309578384799387263e-01
2.309635954011753645e-01
2.309578384799387263e-01
2.309477249579764968e-01
2.309199403187830457e-01
2.308561521048120846e-01
2.308555357020324050e-01
2.308540802876385689e-01
2.308547532037043548e-01
2.309184895312851593e-01
2.309468089974815175e-01
2.309555087902283588e-01
2.309591277874550597e-01
2.309555087902283588e-01
2.309468089974815175e-01
2.309184895312851593e-01
2.308547532037043548e-01
2.308540802876385689e-01
2.308500401867644714e-01
2.308506973231934933e-01
2.309139641975218316e-01
2.309417180060760744e-01
2.309506874896695150e-01
2.309535176461674499e-01
2.309506874896695150e-01
2.309417180060760744e-01
2.309139641975218316e-01
2.308506973231934933e-01
2.308500401867644714e-01
2.308474539624610911e-01
2.308481439582447392e-01
2.309114344539145436e-01
2.309388655025210180e-01
2.309476298436776154e-01
2.309489909153572273e-01
2.309476298436776154e-01
2.309388655025210180e-01
2.309114344539145436e-01
2.308481439582447392e-01
2.308474539624610911e-01
2.308412835551548747e-01
2.308419652093094965e-01
2.309057302655803112e-01
2.309336764159441446e-01
2.309416182729650546e-01
2.309435011149508776e-01
2.309416182729650546e-01
2.309336764159441169e-01
2.309057302655803112e-01
2.308419652093094965e-01
2.308412835551548747e-01
2.308377001119817085e-01
2.308383587254144442e-01
2.309022838669271549e-01
2.309307442324729509e-01
2.309382752043151743e-01
2.309399910451533922e-01
2.309382752043151743e-01
2.309307442324729509e-01
2.309022838669271549e-01
2.308383587254144442e-01
2.308377001119817085e-01
2.308294235456893329e-01
2.308302494787345116e-01
2.308961334988753333e-01
2.309252488109097001e-01
2.309332923050674835e-01
2.309351213649921408e-01
2.309332923050674835e-01
2.309252488109097001e-01
2.308961334988753333e-01
2.308302494787345116e-01
2.308294235456893329e-01
2.308249528473813317e-01
2.308256185651177961e-01
2.308926390873899670e-01
2.309223904149934059e-01
2.309303488256408410e-01
2.309324565490444570e-01
2.309303488256408410e-01
2.309223904149934059e-01
2.308926390873899670e-01
2.308256185651177961e-01
2.308249528473813317e-01
2.308147926879829392e-01
2.308156891885845274e-01
2.308856574232452663e-01
2.309165583596521909e-01
2.309251997360907138e-01
2.309272002070419383e-01
2.309251997360907138e-01
2.309165583596521909e-01
2.308856574232452663e-01
2.308156891885845274e-01
2.308147926879829392e-01
2.308093679419468414e-01
2.308102332845572979e-01
2.308820054921918996e-01
2.309135135912601389e-01
2.309224955516328004e-01
2.309249502643706820e-01
2.309224955516328004e-01
2.309135135912601389e-01
2.308820054921918996e-01
2.308102332845572979e-01
2.308093679419468414e-01
2.307976385111445983e-01
2.307986106216221023e-01
2.308741114998456023e-01
2.309076833629458703e-01
2.309176040905982774e-01
2.309200300113194715e-01
2.309176040905982774e-01
2.309076833629458703e-01
2.308741114998456023e-01
2.307986106216221023e-01
2.307976385111445983e-01
2.307913799765662910e-01
2.307923696228690313e-01
2.308699207636047968e-01
2.309046553253962242e-01
2.309152664363439411e-01
2.309185230552028845e-01
2.309152664363439411e-01
2.309046553253962242e-01
2.308699207636047968e-01
2.307923696228690313e-01
2.307913799765662910e-01
2.307779922939828532e-01
2.307790697871109908e-01
2.308612762049784550e-01
2.308988276169994802e-01
2.309109150541593936e-01
2.309144659256924248e-01
2.309109150541593658e-01
2.308988276169994802e-01
2.308612762049784550e-01
2.307790697871109908e-01
2.307779922939828532e-01
2.307708441879831318e-01
2.307719125794311932e-01
2.308565869163338169e-01
2.308957227423946157e-01
2.309087406396933551e-01
2.309132619422110955e-01
2.309087406396933273e-01
2.308957227423946157e-01
2.308565869163338169e-01
2.307719125794311932e-01
2.307708441879831318e-01
2.307554350537963372e-01
2.307565570535338728e-01
2.308468171836711713e-01
2.308894687319988648e-01
2.309041107011329252e-01
2.309088940284957092e-01
2.309041107011329252e-01
2.308894687319988648e-01
2.308468171836711713e-01
2.307565570535339006e-01
2.307554350537963372e-01
2.307470627153362652e-01
2.307482187821519870e-01
2.308415157825793596e-01
2.308860764298502066e-01
2.309019148282695499e-01
2.309078428976872044e-01
2.309019148282695499e-01
2.308860764298502066e-01
2.308415157825793596e-01
2.307482187821519870e-01
2.307470627153362652e-01
2.307288631789319311e-01
2.307300423367562581e-01
2.308301545811612954e-01
2.308791550877615506e-01
2.308969998655084899e-01
2.309032488383948589e-01
2.308969998655085176e-01
2.308791550877615506e-01
2.308301545811612954e-01
2.307300423367562581e-01
2.307288631789319311e-01
2.307188207930744306e-01
2.307200548366257209e-01
2.308238966562239092e-01
2.308753839291188825e-01
2.308948850751881277e-01
2.309027457431988284e-01
2.308948850751881277e-01
2.308753839291188825e-01
2.308238966562239092e-01
2.307200548366257209e-01
2.307188207930744306e-01
2.306967348994621858e-01
2.306979999561714900e-01
2.308102786523336947e-01
2.308673717548121451e-01
2.308896834340404269e-01
2.308981521242761681e-01
2.308896834340404269e-01
2.308673717548121451e-01
2.308102786523336947e-01
2.306979999561714900e-01
2.306967348994621858e-01
2.306844242192767069e-01
2.306857393171846404e-01
2.308025904649727567e-01
2.308628965517200704e-01
2.308873465940689818e-01
2.308979533470722212e-01
2.308873465940689818e-01
2.308628965517200704e-01
2.308025904649727567e-01
2.306857393171846404e-01
2.306844242192767069e-01
2.306570745136795886e-01
2.306584206058902575e-01
2.307856301383425235e-01
2.308527906625311710e-01
2.308807053261580644e-01
2.308920430528744461e-01
2.308807053261580644e-01
2.308527906625311710e-01
2.307856301383425235e-01
2.306584206058902575e-01
2.306570745136795886e-01
2.306417079203467169e-01
2.306431400488971328e-01
2.307759472753689312e-01
2.308469987277727842e-01
2.308774957512335357e-01
2.308913334645985027e-01
2.308774957512335357e-01
2.308469987277727842e-01
2.307759472753689034e-01
2.306431400488971328e-01
2.306417079203467169e-01
2.306074456431977393e-01
2.306088440919890625e-01
2.307543211462906030e-01
2.308336552605472491e-01
2.308682309835512481e-01
2.308830296962806616e-01
2.308682309835512481e-01
2.308336552605472491e-01
2.307543211462906030e-01
2.306088440919890625e-01
2.306074456431977393e-01
2.305880508839136533e-01
2.305894993469194132e-01
2.307419735890986479e-01
2.308259565747476649e-01
2.308635631921707176e-01
2.308810751314237242e-01
2.308635631921707176e-01
2.308259565747476649e-01
2.307419735890986479e-01
2.305894993469194132e-01
2.305880508839136533e-01
2.305443873640440344e-01
2.305457876285065821e-01
2.307142266320013901e-01
2.308082969235538962e-01
2.308508870887568676e-01
2.308699408668066777e-01
2.308508870887568676e-01
2.308082969235538962e-01
2.307142266320013901e-01
2.305457876285065821e-01
2.305443873640440344e-01
2.305194742806419561e-01
2.305208836114434334e-01
2.306984116873061486e-01
2.307981970557176910e-01
2.308442132579322792e-01
2.308660098505501135e-01
2.308442132579322792e-01
2.307981970557176910e-01
2.306984116873061486e-01
2.305208836114434334e-01
2.305194742806419561e-01
2.304628527348812628e-01
2.304642458877055600e-01
2.306628416610648491e-01
2.307752916295027212e-01
2.308275064838958002e-01
2.308515851331580104e-01
2.308275064838958002e-01
2.307752916295027212e-01
2.306628416610648491e-01
2.304642458877055600e-01
2.304628527348812628e-01
2.304303553769243285e-01
2.304317585219898268e-01
2.306426535269473221e-01
2.307624660167922337e-01
2.308186398502696524e-01
2.308454610876841673e-01
2.308186398502696524e-01
2.307624660167922337e-01
2.306426535269473221e-01
2.304317585219898268e-01
2.304303553769243285e-01
2.303561150593401718e-01
2.303575112794315483e-01
2.305973812795984179e-01
2.307340459663354271e-01
2.307981625532586067e-01
2.308279991581966839e-01
2.307981625532586067e-01
2.307340459663354271e-01
2.305973812795984179e-01
2.303575112794315483e-01
2.303561150593401718e-01
2.303133062520157925e-01
2.303146857319334495e-01
2.305718617667978920e-01
2.307186888690263282e-01
2.307880886651751673e-01
2.308213748549635402e-01
2.307880886651751673e-01
2.307186888690263282e-01
2.305718617667978920e-01
2.303146857319334495e-01
2.303133062520157925e-01
2.302149935237135514e-01
2.302163094918646680e-01
2.305147387159926786e-01
2.306857098108796578e-01
2.307661123685831039e-01
2.308031711597793023e-01
2.307661123685831039e-01
2.306857098108796578e-01
2.305147387159926786e-01
2.302163094918646680e-01
2.302149935237135514e-01
2.301578792321509470e-01
2.301592355460031769e-01
2.304825585743393579e-01
2.306686960670053521e-01
2.307576092218614761e-01
2.308009329226836104e-01
2.307576092218614761e-01
2.306686960670053521e-01
2.304825585743393579e-01
2.301592355460031769e-01
2.301578792321509470e-01
2.300260097916883850e-01
2.300272841178991334e-01
2.304101829664270407e-01
2.306328144436556316e-01
2.307381999717619259e-01
2.307859465873175475e-01
2.307381999717619259e-01
2.306328144436556316e-01
2.304101829664270407e-01
2.300272841178991334e-01
2.300260097916883850e-01
2.299489104593114563e-01
2.299502386685399191e-01
2.303689208479209605e-01
2.306149672776706128e-01
2.307353573092154886e-01
2.307960763443927810e-01
2.307353573092154886e-01
2.306149672776706128e-01
2.303689208479209605e-01
2.299502386685399191e-01
2.299489104593114563e-01
2.297698573606254124e-01
2.297711985825139913e-01
2.302743995850346226e-01
2.305760309844143430e-01
2.307216855996225280e-01
2.307869439953895707e-01
2.307216855996225280e-01
2.305760309844143430e-01
2.302743995850346226e-01
2.297711985825139913e-01
2.297698573606253847e-01
2.296647471969785748e-01
2.296660760480405405e-01
2.302191672564050939e-01
2.305563557436564603e-01
2.307278831403120900e-01
2.308181649742038211e-01
2.307278831403120900e-01
2.305563557436564603e-01
2.302191672564050939e-01
2.296660760480405405e-01
2.296647471969785748e-01
2.294195693004017766e-01
2.294208769297291228e-01
2.300891432473961828e-01
2.305081586845980357e-01
2.307176162146076237e-01
2.308120905741942452e-01
2.307176162146076237e-01
2.305081586845980357e-01
2.300891432473961828e-01
2.294208769297291228e-01
2.294195693004017766e-01
2.292751384222546096e-01
2.292763627954499672e-01
2.300109346976117464e-01
2.304813016558788508e-01
2.307319168683064081e-01
2.308689012713689981e-01
2.307319168683064081e-01
2.304813016558788508e-01
2.300109346976117464e-01
2.292763627954499672e-01
2.292751384222546096e-01
2.289373545393415532e-01
2.289384088450468757e-01
2.298224617439817152e-01
2.304061999434554309e-01
2.307109731977814993e-01
2.308524715291141727e-01
2.307109731977814993e-01
2.304061999434554309e-01
2.298224617439816875e-01
2.289384088450468757e-01
2.289373545393415532e-01
2.287381016365701569e-01
2.287389722773425782e-01
2.297068143863662537e-01
2.303593797084658445e-01
2.307226753482151393e-01
2.309265997500176970e-01
2.307226753482151393e-01
2.303593797084658445e-01
2.297068143863662537e-01
2.287389722773425782e-01
2.287381016365701569e-01
2.282719820766921093e-01
2.282727525694922543e-01
2.294252784905833620e-01
2.302227760281386759e-01
2.306577247847479695e-01
2.308688116786605238e-01
2.306577247847479695e-01
2.302227760281386759e-01
2.294252784905833620e-01
2.282727525694922543e-01
2.282719820766921093e-01
2.279979638148603993e-01
2.279985390896744069e-01
2.292521904793269893e-01
2.301335428121188686e-01
2.306406589152901754e-01
2.309286091064225444e-01
2.306406589152901754e-01
2.301335428121188686e-01
2.292521904793269893e-01
2.279985390896744069e-01
2.279979638148603993e-01
2.273597307344489282e-01
2.273602502480647214e-01
2.288337011493375983e-01
2.298831002776208776e-01
2.304756652040212128e-01
2.307771385683426435e-01
2.304756652040212128e-01
2.298831002776208776e-01
2.288337011493375983e-01
2.273602502480647214e-01
2.273597307344489282e-01
2.269870868984511514e-01
2.269871572379690283e-01
2.285805663814888256e-01
2.297215805925410248e-01
2.303879069081558595e-01
2.307635429344787603e-01
2.303879069081558595e-01
2.297215805925410248e-01
2.285805663814888256e-01
2.269871572379690283e-01
2.269870868984511514e-01
2.261242428220366640e-01
2.261242247767427105e-01
2.279810162478573821e-01
2.292992925481058264e-01
2.300561737514107696e-01
2.304575612639551407e-01
2.300561737514107696e-01
2.292992925481058264e-01
2.279810162478573821e-01
2.261242247767427105e-01
2.261242428220366640e-01
2.256238860500231203e-01
2.256231038344791995e-01
2.276288008088770409e-01
2.290385783609776016e-01
2.298524015074311366e-01
2.302982308469527228e-01
2.298524015074311366e-01
2.290385783609776016e-01
2.276288008088770409e-01
2.256231038344791717e-01
2.256238860500231203e-01
2.244715778289565755e-01
2.244708257505835247e-01
2.268188820578470599e-01
2.284098504421306075e-01
2.293114176835757689e-01
2.298029382148765176e-01
2.293114176835757689e-01
2.284098504421306075e-01
2.268188820578470599e-01
2.244708257505835247e-01
2.244715778289565755e-01
2.238065810894792618e-01
2.238054913807493440e-01
2.263602512174387182e-01
2.280452484628246457e-01
2.289723285778135775e-01
2.294532613192059589e-01
2.289723285778135775e-01
2.280452484628246457e-01
2.263602512174387182e-01
2.238054913807493440e-01
2.238065810894792618e-01
2.222820022693683117e-01
2.222812687731218484e-01
2.253415498277859530e-01
2.272418657475621107e-01
2.282585973188620276e-01
2.288099366849767613e-01
2.282585973188620276e-01
2.272418657475621107e-01
2.253415498277859530e-01
2.222812687731218484e-01
2.222820022693683117e-01
2.214035841280103944e-01
2.214029103310362900e-01
2.247865242078207759e-01
2.268157162036746888e-01
2.278365137685440245e-01
2.283240510005416501e-01
2.278365137685440245e-01
2.268157162036746888e-01
2.247865242078207759e-01
2.214029103310362900e-01
2.214035841280103944e-01
2.193899225442760836e-01
2.193895508598340816e-01
2.235939699361513544e-01
2.259803255721847537e-01
2.271316713976476720e-01
2.277129488957847780e-01
2.271316713976476720e-01
2.259803255721847537e-01
2.235939699361513544e-01
2.193895508598340816e-01
2.193899225442760836e-01
2.182237418092737580e-01
2.182247115857593456e-01
2.229629967849270367e-01
2.256013876455244538e-01
2.268011965812129493e-01
2.273325477541874029e-01
2.268011965812129493e-01
2.256013876455244538e-01
2.229629967849270367e-01
2.182247115857593178e-01
2.182237418092737580e-01
2.155360707002736131e-01
2.155381726412615995e-01
2.216325061385803763e-01
2.250021126353926038e-01
2.264794488800443428e-01
2.271227106666582618e-01
2.264794488800443428e-01
2.250021126353926038e-01
2.216325061385803763e-01
2.155381726412615995e-01
2.155360707002736131e-01
2.139647083508320335e-01
2.139673630724753250e-01
2.209267481109050690e-01
2.248377303503059366e-01
2.265643886939672225e-01
2.273442673443403783e-01
2.265643886939672225e-01
2.248377303503059366e-01
2.209267481109050690e-01
2.139673630724753250e-01
2.139647083508320335e-01
2.103029370030209122e-01
2.103056424515643563e-01
2.194006479380096464e-01
2.247989754346829960e-01
2.271596444006779292e-01
2.280704492927073390e-01
2.271596444006779292e-01
2.247989754346829960e-01
2.194006479380096464e-01
2.103056424515643286e-01
2.103029370030209122e-01
2.081315146929202664e-01
2.081340999880228748e-01
2.185275376847495565e-01
2.250003628971350700e-01
2.280904911899717391e-01
2.296379566613236667e-01
2.280904911899717391e-01
2.250003628971350700e-01
2.185275376847495565e-01
2.081340999880228748e-01
2.081315146929202664e-01
2.030091388130261520e-01
2.030142203813151414e-01
2.164354973379446212e-01
2.256389487397589544e-01
2.300760192887688627e-01
2.318249233325491154e-01
2.300760192887688627e-01
2.256389487397589544e-01
2.164354973379446212e-01
2.030142203813151414e-01
2.030091388130261520e-01
1.999474097667829353e-01
1.999531895159549766e-01
2.150554458137847180e-01
2.261120691645784331e-01
2.321702460490740194e-01
2.355390938018357971e-01
2.321702460490740194e-01
2.261120691645784331e-01
2.150554458137847180e-01
1.999531895159549766e-01
1.999474097667829353e-01
1.926981836724493413e-01
1.927036286880198235e-01
2.113342224633331934e-01
2.266226995845287140e-01
2.352254302562605259e-01
2.390616432321509555e-01
2.352254302562605259e-01
2.266226995845287140e-01
2.113342224633331934e-01
1.927036286880198235e-01
1.926981836724493413e-01
1.883768367720159431e-01
1.883821154728969327e-01
2.086540336674659046e-01
2.264614886018401219e-01
2.379652628251741064e-01
2.449728455579908426e-01
2.379652628251741064e-01
2.264614886018401219e-01
2.086540336674659046e-01
1.883821154728969327e-01
1.883768367720159154e-01
1.782165057253247420e-01
1.782273798399076903e-01
2.011685184102512125e-01
2.235359087055066030e-01
2.388230674328667980e-01
2.468507450280944815e-01
2.388230674328667980e-01
2.235359087055066030e-01
2.011685184102512125e-01
1.782273798399076903e-01
1.782165057253247420e-01
1.722853677848675824e-01
1.722950850116310162e-01
1.959074686091737405e-01
2.199873664826781650e-01
2.388874789712751856e-01
2.516247799183429779e-01
2.388874789712751856e-01
2.199873664826781372e-01
1.959074686091737405e-01
1.722950850116310162e-01
1.722853677848675824e-01
1.586670843755886851e-01
1.586746162434519158e-01
1.819545909765623859e-01
2.057079722748832995e-01
2.263324791120765456e-01
2.400515776914322608e-01
2.263324791120765456e-01
2.057079722748832995e-01
1.819545909765623859e-01
1.586746162434519158e-01
1.586670843755886851e-01
1.509891461150763003e-01
1.509975820362192689e-01
1.732840522711475428e-01
1.939405578115102335e-01
2.135106569204484050e-01
2.304475550047775101e-01
2.135106569204484050e-01
1.939405578115102335e-01
1.732840522711475428e-01
1.509975820362192689e-01
1.509891461150763003e-01
4.904145000000000726e-02
1.339923025049127026e-01
1.533041306665570702e-01
1.605567945007208841e-01
1.591052287113695618e-01
1.532089383404570959e-01
1.591052287113695618e-01
1.605567945007208841e-01
1.533041306665570702e-01
1.339923025049127026e-01
4.904145000000000726e-02
4.904145000000000726e-02
1.264464590712051362e-01
1.437065882182446130e-01
1.466989627690562514e-01
1.426562533536784028e-01
1.381230583947178903e-01
1.426562533536784028e-01
1.466989627690562514e-01
1.437065882182446130e-01
1.264464590712051362e-01
4.904145000000000726e-02
4.904145000000000726e-02
1.131361701430287359e-01
1.262284670625319627e-01
1.251015279593394314e-01
1.200454365422749109e-01
1.156274028633030027e-01
1.200454365422749248e-01
1.251015279593394314e-01
1.262284670625319627e-01
1.131361701430287359e-01
4.904145000000000726e-02
4.904145000000000726e-02
1.072692301008250082e-01
1.186390654280882195e-01
1.167836016491367451e-01
1.126327667777078934e-01
1.098912648120116409e-01
1.126327667777078934e-01
1.167836016491367451e-01
1.186390654280882195e-01
1.072692301008250082e-01
4.904145000000000726e-02
4.904145000000000726e-02
9.701836969225523244e-02
1.057231223860227443e-01
1.037103567431825468e-01
1.004464081199626657e-01
9.805913875034499849e-02
1.004464081199626657e-01
1.037103567431825468e-01
1.057231223860227443e-01
9.701836969225523244e-02
4.904145000000000726e-02
4.904145000000000726e-02
9.253785438295843158e-02
1.002277094489045783e-01
9.845065732179070217e-02
9.598615812043101436e-02
9.453626925969325911e-02
9.598615812043101436e-02
9.845065732179070217e-02
1.002277094489045783e-01
9.253785438295843158e-02
4.904145000000000726e-02
4.904145000000000726e-02
8.477612497751839393e-02
9.095187718453645598e-02
8.973113911539014331e-02
8.796590636029151533e-02
8.674968391023775427e-02
8.796590636029151533e-02
8.973113911539014331e-02
9.095187718453645598e-02
8.477612497751839393e-02
4.904145000000000726e-02
4.904145000000000726e-02
8.139887443123372535e-02
8.698419857067851702e-02
8.606161339209614236e-02
8.476765878746210514e-02
8.402733342782865711e-02
8.476765878746210514e-02
8.606161339209614236e-02
8.698419857067851702e-02
8.139887443123372535e-02
4.904145000000000726e-02
4.904145000000000726e-02
7.556890757767238676e-02
8.022233917226717637e-02
7.973293428729588683e-02
7.883332771980806897e-02
7.821957884781469139e-02
7.883332771980806897e-02
7.973293428729588683e-02
8.022233917226717637e-02
7.556890757767238676e-02
4.904145000000000726e-02
4.904145000000000726e-02
7.303512046770578581e-02
7.729703622558091458e-02
7.699065719817670128e-02
7.633462804263202450e-02
7.595176121078801856e-02
7.633462804263202450e-02
7.699065719817671516e-02
7.729703622558091458e-02
7.303512046770578581e-02
4.904145000000000726e-02
4.904145000000000726e-02
6.866749651092093898e-02
7.225472398550389364e-02
7.216322484500808931e-02
7.169849953824736222e-02
7.137571643909876307e-02
7.169849953824736222e-02
7.216322484500808931e-02
7.225472398550390751e-02
6.866749651092093898e-02
4.904145000000000726e-02
4.904145000000000726e-02
6.676757233349911447e-02
7.005358671810281435e-02
7.004350571173655060e-02
6.969652278044342897e-02
6.948295775324796197e-02
6.969652278044342897e-02
7.004350571173655060e-02
7.005358671810281435e-02
6.676757233349911447e-02
4.904145000000000726e-02
4.904145000000000726e-02
6.349018069400273745e-02
6.623269184136773569e-02
6.629479099996708757e-02
6.603125945253499052e-02
6.584571731454771926e-02
6.603125945253499052e-02
6.629479099996708757e-02
6.623269184136773569e-02
6.349018069400273745e-02
4.904145000000000726e-02
4.904145000000000726e-02
6.206373649761259825e-02
6.455957040408527581e-02
6.464343958597253137e-02
6.443654619734495714e-02
6.430231758055768299e-02
6.443654619734494327e-02
6.464343958597253137e-02
6.455957040408527581e-02
6.206373649761259825e-02
4.904145000000000726e-02
4.904145000000000726e-02
5.960337540951710089e-02
6.164776516768934872e-02
6.173345510967685745e-02
6.155994367391794814e-02
6.144003798622601348e-02
6.155994367391794814e-02
6.173345510967685745e-02
6.164776516768934872e-02
5.960337540951710089e-02
4.904145000000000726e-02
4.904145000000000726e-02
5.853231142738812148e-02
6.037382797427179315e-02
6.045326387433652693e-02
6.030787300594684514e-02
6.021260002036776110e-02
6.030787300594684514e-02
6.045326387433652693e-02
6.037382797427179315e-02
5.853231142738812148e-02
4.904145000000000726e-02
4.904145000000000726e-02
5.668631906615126392e-02
5.815711461292587259e-02
5.821026812538979134e-02
5.807690245094963150e-02
5.798978513817740210e-02
5.807690245094963150e-02
5.821026812538979134e-02
5.815711461292587259e-02
5.668631906615126392e-02
4.904145000000000726e-02
4.904145000000000726e-02
5.588344047830772626e-02
5.719014205456926514e-02
5.722694308950077025e-02
5.710806312322000422e-02
5.703353658627518391e-02
5.710806312322001116e-02
5.722694308950077025e-02
5.719014205456926514e-02
5.588344047830772626e-02
4.904145000000000726e-02
4.904145000000000726e-02
5.450183149090570556e-02
5.551229050207762833e-02
5.551528559189879142e-02
5.539973375519187393e-02
5.533011827377546515e-02
5.539973375519187393e-02
5.551528559189879142e-02
5.551229050207763527e-02
5.450183149090570556e-02
4.904145000000000726e-02
4.904145000000000726e-02
5.390300931550440211e-02
5.478412016420277503e-02
5.476931304040465187e-02
5.466138557696696709e-02
5.459899009984094109e-02
5.466138557696696709e-02
5.476931304040465187e-02
5.478412016420277503e-02
5.390300931550440211e-02
4.904145000000000726e-02
4.904145000000000726e-02
5.287771876101404755e-02
5.352885699925603868e-02
5.348190878762939388e-02
5.337407421243868522e-02
5.331458301600608407e-02
5.337407421243868522e-02
5.348190878762939388e-02
5.352885699925604562e-02
5.287771876101404755e-02
4.904145000000000726e-02
4.904145000000000726e-02
5.243699691552505815e-02
5.298930267649555603e-02
5.292689227487447357e-02
5.282316883543894392e-02
5.276838913607188875e-02
5.282316883543894392e-02
5.292689227487447357e-02
5.298930267649555603e-02
5.243699691552505121e-02
4.904145000000000726e-02
4.904145000000000726e-02
5.169119330092131204e-02
5.207181940024543237e-02
5.198304008279713145e-02
5.187839869463553577e-02
5.182531218806303575e-02
5.187839869463553577e-02
5.198304008279713145e-02
5.207181940024543931e-02
5.169119330092131204e-02
4.904145000000000726e-02
4.904145000000000726e-02
5.137645356182510975e-02
5.168508443148185638e-02
5.158448460583612422e-02
5.148231394138042677e-02
5.143253054157776588e-02
5.148231394138042677e-02
5.158448460583612422e-02
5.168508443148185638e-02
5.137645356182510975e-02
4.904145000000000726e-02
4.904145000000000726e-02
5.085738794664169254e-02
5.104565875202470016e-02
5.092599697868456510e-02
5.082302808335645294e-02
5.077438689934791333e-02
5.082302808335645294e-02
5.092599697868456510e-02
5.104565875202469322e-02
5.085738794664169254e-02
4.904145000000000726e-02
4.904145000000000726e-02
5.064667149790602618e-02
5.078681383156260359e-02
5.065942533094346806e-02
5.055833464980052927e-02
5.051225301691943809e-02
5.055833464980052927e-02
5.065942533094346806e-02
5.078681383156261053e-02
5.064667149790602618e-02
4.904145000000000726e-02
4.904145000000000726e-02
5.031871680395968993e-02
5.038428106079120145e-02
5.024591788170230250e-02
5.014487243618589302e-02
5.009967984648581313e-02
5.014487243618589996e-02
5.024591788170230250e-02
5.038428106079120145e-02
5.031871680395968993e-02
4.904145000000000726e-02
4.904145000000000726e-02
5.019735813762968291e-02
5.023662464790022014e-02
5.009474603695921596e-02
4.999554251250249576e-02
4.995251607573159003e-02
4.999554251250249576e-02
5.009474603695921596e-02
5.023662464790022014e-02
5.019735813762968291e-02
4.904145000000000726e-02
4.904145000000000726e-02
5.003728700700980914e-02
5.004431583846927906e-02
4.989997733368701366e-02
4.980202648450051534e-02
4.975976558409867662e-02
4.980202648450050840e-02
4.989997733368701366e-02
5.004431583846927906e-02
5.003728700700980914e-02
4.904145000000000726e-02
4.904145000000000726e-02
4.999631183189094663e-02
4.999764552296492165e-02
4.985421676728329227e-02
4.975843027670400626e-02
4.971812371940020903e-02
4.975843027670400626e-02
4.985421676728329227e-02
4.999764552296492165e-02
4.999631183189094663e-02
4.904145000000000726e-02
4.904145000000000726e-02
4.999149726619868395e-02
5.000135814869843126e-02
4.986412738985129128e-02
4.977112000468157660e-02
4.973159776030282309e-02
4.977112000468157660e-02
4.986412738985129128e-02
5.000135814869843126e-02
4.999149726619868395e-02
4.904145000000000726e-02
4.904145000000000726e-02
5.002690726575501068e-02
5.005130873500492072e-02
4.991960056267179258e-02
4.982935263530456627e-02
4.979171317045495704e-02
4.982935263530456627e-02
4.991960056267179258e-02
5.005130873500492766e-02
5.002690726575501068e-02
4.904145000000000726e-02
4.904145000000000726e-02
5.017374128297927283e-02
5.024764770363292915e-02
5.013151642452146756e-02
5.004590732343301707e-02
5.000927019783488192e-02
5.004590732343301707e-02
5.013151642452146756e-02
5.024764770363292915e-02
5.017374128297927283e-02
4.904145000000000726e-02
4.904145000000000726e-02
5.028594108748488112e-02
5.039524132541452900e-02
5.028955541700400045e-02
5.020763881299348391e-02
5.017274265304814268e-02
5.020763881299348391e-02
5.028955541700400045e-02
5.039524132541452900e-02
5.028594108748488112e-02
4.904145000000000726e-02
4.904145000000000726e-02
5.058928007914130498e-02
5.079128944678128893e-02
5.071164299060279546e-02
5.063650909013927420e-02
5.060299033383731243e-02
5.063650909013927420e-02
5.071164299060279546e-02
5.079128944678128893e-02
5.058928007914131192e-02
4.904145000000000726e-02
4.904145000000000726e-02
5.078278742022504511e-02
5.104271799059324072e-02
5.097900405239898236e-02
5.090865961684006014e-02
5.087678635449643938e-02
5.090865961684006014e-02
5.097900405239898236e-02
5.104271799059324072e-02
5.078278742022504511e-02
4.904145000000000726e-02
4.904145000000000726e-02
5.125643270051009892e-02
5.165623881341977613e-02
5.163008832293283085e-02
5.156891399208223675e-02
5.153872624021001853e-02
5.156891399208223675e-02
5.163008832293283779e-02
5.165623881341977613e-02
5.125643270051009892e-02
4.904145000000000726e-02
4.904145000000000726e-02
5.154029562272233883e-02
5.202325501845198041e-02
5.201898535725494460e-02
5.196373889391404238e-02
5.193526256508631395e-02
5.196373889391404238e-02
5.201898535725493766e-02
5.202325501845198041e-02
5.154029562272233883e-02
4.904145000000000726e-02
4.904145000000000726e-02
5.220716046655192455e-02
5.288335451842206963e-02
5.292935176701207139e-02
5.288581674641375935e-02
5.285924039026646676e-02
5.288581674641375935e-02
5.292935176701207833e-02
5.288335451842206963e-02
5.220716046655192455e-02
4.904145000000000726e-02
4.904145000000000726e-02
5.259539138369141720e-02
5.338342654143310440e-02
5.345811217449625286e-02
5.342173406158479132e-02
5.339693369812981150e-02
5.342173406158479132e-02
5.345811217449625286e-02
5.338342654143310440e-02
5.259539138369141720e-02
4.904145000000000726e-02
4.904145000000000726e-02
5.348839621595973676e-02
5.453167560484074861e-02
5.467101282611895596e-02
5.464912834795489921e-02
5.462641854603606656e-02
5.464912834795489921e-02
5.467101282611895596e-02
5.453167560484074861e-02
5.348839621595973676e-02
4.904145000000000726e-02
4.904145000000000726e-02
5.400039547600475609e-02
5.518903289804669154e-02
5.536492154857924897e-02
5.535156792611201082e-02
5.533065679870662057e-02
5.535156792611201082e-02
5.536492154857924897e-02
5.518903289804669154e-02
5.400039547600475609e-02
4.904145000000000726e-02
4.904145000000000726e-02
5.516438420672678533e-02
5.668109615019484987e-02
5.693851260819755844e-02
5.694282154868094553e-02
5.692437504548021610e-02
5.694282154868094553e-02
5.693851260819755844e-02
5.668109615019484987e-02
5.516438420672679227e-02
4.904145000000000726e-02
4.904145000000000726e-02
5.582606993587083816e-02
5.752780155863255335e-02
5.783076994324243270e-02
5.784534809031847968e-02
5.782839131767847363e-02
5.784534809031847968e-02
5.783076994324243270e-02
5.752780155863255335e-02
5.582606993587083816e-02
4.904145000000000726e-02
4.904145000000000726e-02
5.732004734421010383e-02
5.943605738676685513e-02
5.984025868749261179e-02
5.987598851730988048e-02
5.986196756317273965e-02
5.987598851730988048e-02
5.984025868749261179e-02
5.943605738676685513e-02
5.732004734421010383e-02
4.904145000000000726e-02
4.904145000000000726e-02
5.816508148468468864e-02
6.051297844438327522e-02
6.097342676273371370e-02
6.102122756327998943e-02
6.100822045463748927e-02
6.102122756327998943e-02
6.097342676273371370e-02
6.051297844438327522e-02
5.816508148468468864e-02
4.904145000000000726e-02
4.904145000000000726e-02
6.006602342318500404e-02
6.293089325532771894e-02
6.351400426010569977e-02
6.358639657222030228e-02
6.357597070764978153e-02
6.358639657222030228e-02
6.351400426010569977e-02
6.293089325532771894e-02
6.006602342318500404e-02
4.904145000000000726e-02
4.904145000000000726e-02
6.113870905044255233e-02
6.429121645774682481e-02
6.494278904916543638e-02
6.502759209283122399e-02
6.501827167718628175e-02
6.502759209283122399e-02
6.494278904916543638e-02
6.429121645774683869e-02
6.113870905044255233e-02
4.904145000000000726e-02
4.904145000000000726e-02
6.354839270905555948e-02
6.734293508704829179e-02
6.813756880254190351e-02
6.824978359413964857e-02
6.824112389965718284e-02
6.824978359413964857e-02
6.813756880254190351e-02
6.734293508704829179e-02
6.354839270905555948e-02
4.904145000000000726e-02
4.904145000000000726e-02
6.490879446264104236e-02
6.905919189007736492e-02
6.993463209435177297e-02
7.005667131271015036e-02
7.004945261139633450e-02
7.005667131271015036e-02
6.993463209435178685e-02
6.905919189007736492e-02
6.490879446264105623e-02
4.904145000000000726e-02
4.904145000000000726e-02
6.796427241733869751e-02
7.291268019895748298e-02
7.395203204689132503e-02
7.410215770803789403e-02
7.409313521277990922e-02
7.410215770803789403e-02
7.395203204689132503e-02
7.291268019895748298e-02
6.796427241733869751e-02
4.904145000000000726e-02
4.904145000000000726e-02
6.969263057807047190e-02
7.508319947535657679e-02
7.621481166026158882e-02
7.637171728148942074e-02
7.636037802262378438e-02
7.637171728148942074e-02
7.621481166026158882e-02
7.508319947535656291e-02
6.969263057807047190e-02
4.904145000000000726e-02
4.904145000000000726e-02
7.357894575675114068e-02
7.995845031103827882e-02
8.127828521450221333e-02
8.145901645405888292e-02
8.144339801061797890e-02
8.145901645405886904e-02
8.127828521450221333e-02
7.995845031103827882e-02
7.357894575675114068e-02
4.904145000000000726e-02
4.904145000000000726e-02
7.578198341932558535e-02
8.270862945991691584e-02
8.412678594761634210e-02
8.431008431908375289e-02
8.427984330392515600e-02
8.431008431908375289e-02
8.412678594761632822e-02
8.270862945991691584e-02
7.578198341932558535e-02
4.904145000000000726e-02
4.904145000000000726e-02
8.074387889458618794e-02
8.888300921712626035e-02
9.049907080608050880e-02
9.068979164869528375e-02
9.065056372020074971e-02
9.068979164869528375e-02
9.049907080608050880e-02
8.888300921712626035e-02
8.074387889458618794e-02
4.904145000000000726e-02
4.904145000000000726e-02
8.356145968136668989e-02
9.236944305644494146e-02
9.406950123197847791e-02
9.423891848923579562e-02
9.415738610586979473e-02
9.423891848923579562e-02
9.406950123197847791e-02
9.236944305644494146e-02
8.356145968136667601e-02
4.904145000000000726e-02
4.904145000000000726e-02
8.992009098618733431e-02
1.002039122334113241e-01
1.020495225744205425e-01
1.021754842589698425e-01
1.020736700764575955e-01
1.021754842589698425e-01
1.020495225744205425e-01
1.002039122334113241e-01
8.992009098618733431e-02
4.904145000000000726e-02
4.904145000000000726e-02
9.353469483244704341e-02
1.046442957281830954e-01
1.065135749645810259e-01
1.065291067352284737e-01
1.063085415362882424e-01
1.065291067352284737e-01
1.065135749645810259e-01
1.046442957281830954e-01
9.353469483244704341e-02
4.904145000000000726e-02
4.904145000000000726e-02
1.017139807377818589e-01
1.146795364998992595e-01
1.165495806466351064e-01
1.163800297305488396e-01
1.160945826139618831e-01
1.163800297305488396e-01
1.165495806466351064e-01
1.146795364998992595e-01
1.017139807377818728e-01
4.904145000000000726e-02
4.904145000000000726e-02
1.063699033711533043e-01
1.204182596095814961e-01
1.222227386185505693e-01
1.217378654817885958e-01
1.211342522673427430e-01
1.217378654817885958e-01
1.222227386185505693e-01
1.204182596095814961e-01
1.063699033711533043e-01
4.904145000000000726e-02
4.904145000000000726e-02
1.169125058035045683e-01
1.335199268302880993e-01
1.352357067555005343e-01
1.342816836512597534e-01
1.335016411979281503e-01
1.342816836512597534e-01
1.352357067555005343e-01
1.335199268302880993e-01
1.169125058035045683e-01
4.904145000000000726e-02
4.904145000000000726e-02
1.229114952846052378e-01
1.410850208786820215e-01
1.428076185029854839e-01
1.412108382798334671e-01
1.396635396049544786e-01
1.412108382798334671e-01
1.428076185029854561e-01
1.410850208786820215e-01
1.229114952846052378e-01
4.904145000000000726e-02
4.904145000000000726e-02
1.364745841574551977e-01
1.584776087157624136e-01
1.608180706906313928e-01
1.585130145224956655e-01
1.566351333046298033e-01
1.585130145224956932e-01
1.608180706906313928e-01
1.584776087157624136e-01
1.364745841574551977e-01
4.904145000000000726e-02
4.904145000000000726e-02
1.441578309874085861e-01
1.684923655916782115e-01
1.717946779892277620e-01
1.686807454876228796e-01
1.651995282011273214e-01
1.686807454876228796e-01
1.717946779892277620e-01
1.684923655916782115e-01
1.441578309874085861e-01
4.904145000000000726e-02
4.904145000000000726e-02
1.614488968827048065e-01
1.912148563003468471e-01
1.991150697440896566e-01
1.971293941253713100e-01
1.935352345718389655e-01
1.971293941253713100e-01
1.991150697440896566e-01
1.912148563003468471e-01
1.614488968827048065e-01
4.904145000000000726e-02
4.904145000000000726e-02
1.711905776796757706e-01
2.036530932754730405e-01
2.160938754584320609e-01
2.167573736052519351e-01
2.117129319781185515e-01
2.167573736052519351e-01
2.160938754584320609e-01
2.036530932754730405e-01
1.711905776796757983e-01
4.904145000000000726e-02
4.904145000000000726e-02
1.930283032903089835e-01
2.297546140655340186e-01
2.563185358329789776e-01
2.784829766167047915e-01
2.964447155965073133e-01
2.784829766167047915e-01
2.563185358329789776e-01
2.297546140655340186e-01
1.930283032903089835e-01
4.904145000000000726e-02
2.053769885272880569e-01
2.053901730601923326e-01
2.416967289897762605e-01
2.717358205864929266e-01
2.956064442379298107e-01
3.111416330059684210e-01
2.956064442379298107e-01
2.717358205864929266e-01
2.416967289897762605e-01
2.053901730601923326e-01
2.053769885272880569e-01
2.273921519152330983e-01
2.273988939653417141e-01
2.622834877865087289e-01
2.932584839148369427e-01
3.160769848305074459e-01
3.308214969025866092e-01
3.160769848305074459e-01
2.932584839148369427e-01
2.622834877865087289e-01
2.273988939653417141e-01
2.273921519152330983e-01
2.370895233424256121e-01
2.371022843761370069e-01
2.706945487917904458e-01
3.002118330368320764e-01
3.199691793124751493e-01
3.307316634469499306e-01
3.199691793124751493e-01
3.002118330368320764e-01
2.706945487917904458e-01
2.371022843761370069e-01
2.370895233424256121e-01
2.539802597501273351e-01
2.539896567316369258e-01
2.839781341070247711e-01
3.090487121837057205e-01
3.251397911348715697e-01
3.347489469466484735e-01
3.251397911348715697e-01
3.090487121837057205e-01
2.839781341070247711e-01
2.539896567316369258e-01
2.539802597501273351e-01
2.613054472912800241e-01
2.613134620584877665e-01
2.892292821025668759e-01
3.116937423391907824e-01
3.249062017780371958e-01
3.314543568438682586e-01
3.249062017780371958e-01
3.116937423391907824e-01
2.892292821025668759e-01
2.613134620584877665e-01
2.613054472912800241e-01
2.738685678505727861e-01
2.738737555643860899e-01
2.973968712405163362e-01
3.151292257564158872e-01
3.254113788514854666e-01
3.312184196221784616e-01
3.254113788514854666e-01
3.151292257564158872e-01
2.973968712405163362e-01
2.738737555643860899e-01
2.738685678505728416e-01
2.792687368907844636e-01
2.792759356800152415e-01
3.006666463535143108e-01
3.161940542553796085e-01
3.245464975957385589e-01
3.284563681588217321e-01
3.245464975957385589e-01
3.161940542553796085e-01
3.006666463535143108e-01
2.792759356800152415e-01
2.792687368907844636e-01
2.884736139537129596e-01
2.884785778418850200e-01
3.059067947123262354e-01
3.178930963484262184e-01
3.243709829064692629e-01
3.278664450258076957e-01
3.243709829064692629e-01
3.178930963484262184e-01
3.059067947123262354e-01
2.884785778418850200e-01
2.884736139537129596e-01
2.924252590285991160e-01
2.924288214362052996e-01
3.080868919392859562e-01
3.185553267312282721e-01
3.239068653752572025e-01
3.263755706329606321e-01
3.239068653752572025e-01
3.185553267312282721e-01
3.080868919392859562e-01
2.924288214362052996e-01
2.924252590285991160e-01
2.991568770845667857e-01
2.991616247188096933e-01
3.117459307925877776e-01
3.198859138795633883e-01
3.241203884012098246e-01
3.263314284003795418e-01
3.241203884012098246e-01
3.198859138795633883e-01
3.117459307925877776e-01
2.991616247188096933e-01
2.991568770845667857e-01
3.020552018396759908e-01
3.020576554806136960e-01
3.133279704440612434e-01
3.205090171168950008e-01
3.241310923900118657e-01
3.258395805466867134e-01
3.241310923900118657e-01
3.205090171168950008e-01
3.133279704440612989e-01
3.020576554806136960e-01
3.020552018396759908e-01
3.070096462884996935e-01
3.070118004329335237e-01
3.160814907217550096e-01
3.218028315553449481e-01
3.247619636440049473e-01
3.262847860782076559e-01
3.247619636440049473e-01
3.218028315553449481e-01
3.160814907217550096e-01
3.070118004329335237e-01
3.070096462884996935e-01
3.091489179703156842e-01
3.091526268029152202e-01
3.172981624979648307e-01
3.224258635694675634e-01
3.250541968286079775e-01
3.263425197498457941e-01
3.250541968286079775e-01
3.224258635694675634e-01
3.172981624979648307e-01
3.091526268029152202e-01
3.091489179703156842e-01
3.128262885257295789e-01
3.128276355021276101e-01
3.194489456679287520e-01
3.236547791581897426e-01
3.258693438370395268e-01
3.270150446921105125e-01
3.258693438370395268e-01
3.236547791581897426e-01
3.194489456679287520e-01
3.128276355021276101e-01
3.128262885257295789e-01
3.144187593953604587e-01
3.144200904184589196e-01
3.204040435126014885e-01
3.242282584312254357e-01
3.262445221643906490e-01
3.272649487026249027e-01
3.262445221643906490e-01
3.242282584312254357e-01
3.204040435126014885e-01
3.144200904184589196e-01
3.144187593953604587e-01
3.171596672246948523e-01
3.171607307558677036e-01
3.220909138581110054e-01
3.252973897629858335e-01
3.270290943777557358e-01
3.279401997828447213e-01
3.270290943777557358e-01
3.252973897629858335e-01
3.220909138581110054e-01
3.171607307558677036e-01
3.171596672246948523e-01
3.183477660541450538e-01
3.183492853565518810e-01
3.228353445117965737e-01
3.257750854642827432e-01
3.273616380626269695e-01
3.281759868549671277e-01
3.273616380626269695e-01
3.257750854642827432e-01
3.228353445117965737e-01
3.183492853565518810e-01
3.183477660541450538e-01
3.203944288596640710e-01
3.203958340586836040e-01
3.241368001175591873e-01
3.266255795280813556e-01
3.279961064802828785e-01
3.287298365609125361e-01
3.279961064802828785e-01
3.266255795280813556e-01
3.241368001175591873e-01
3.203958340586836040e-01
3.203944288596640710e-01
3.212811365822927367e-01
3.212826717792801046e-01
3.247045220918731157e-01
3.269898241937970185e-01
3.282361747087441661e-01
3.288742940679948989e-01
3.282361747087441661e-01
3.269898241937970185e-01
3.247045220918731157e-01
3.212826717792801046e-01
3.212811365822927367e-01
3.228059577758313203e-01
3.228079417958802932e-01
3.256832270268302243e-01
3.276163750398780605e-01
3.286893121898114001e-01
3.292706171938952209e-01
3.286893121898114001e-01
3.276163750398780605e-01
3.256832270268302243e-01
3.228079417958802932e-01
3.228059577758313203e-01
3.234654926466631331e-01
3.234676780014111852e-01
3.261047934291984585e-01
3.278750218154633522e-01
3.288375204204089797e-01
3.293238898527123815e-01
3.288375204204089797e-01
3.278750218154633522e-01
3.261047934291984585e-01
3.234676780014111852e-01
3.234654926466631331e-01
3.245975488295751998e-01
3.245997112344070623e-01
3.268225459792940546e-01
3.283101523587248494e-01
3.291320314276692249e-01
3.295790418121591903e-01
3.291320314276692249e-01
3.283101523587248494e-01
3.268225459792940546e-01
3.245997112344070623e-01
3.245975488295752553e-01
3.250857485487953502e-01
3.250883814630160518e-01
3.271285446468308877e-01
3.284849179503905314e-01
3.292121696274904474e-01
3.295727328301151227e-01
3.292121696274904474e-01
3.284849179503905314e-01
3.271285446468308877e-01
3.250883814630160518e-01
3.250857485487953502e-01
3.259218154120487876e-01
3.259242226923352304e-01
3.276450232565172316e-01
3.287768445277298723e-01
3.293927178631158026e-01
3.297258902647319800e-01
3.293927178631158026e-01
3.287768445277298723e-01
3.276450232565172316e-01
3.259242226923352304e-01
3.259218154120487876e-01
3.262814774194424117e-01
3.262840879645813041e-01
3.278640876482049604e-01
3.288925766774590254e-01
3.294325403664144503e-01
3.296945758142876826e-01
3.294325403664144503e-01
3.288925766774590254e-01
3.278640876482049604e-01
3.262840879645813041e-01
3.262814774194424672e-01
3.268953910346327207e-01
3.268980666835406002e-01
3.282324373226908065e-01
3.290877924838774837e-01
3.295428954232594299e-01
3.297858794190112186e-01
3.295428954232594299e-01
3.290877924838774837e-01
3.282324373226908065e-01
3.268980666835406002e-01
3.268953910346327207e-01
3.271590727073903082e-01
3.271619206298565508e-01
3.283886573284845456e-01
3.291655204612182195e-01
3.295634869540755574e-01
3.297529328917081504e-01
3.295634869540755574e-01
3.291655204612182195e-01
3.283886573284845456e-01
3.271619206298565508e-01
3.271590727073903082e-01
3.276086040193244564e-01
3.276115766225276560e-01
3.286519462417802351e-01
3.292994205540928920e-01
3.296350103401509690e-01
3.298109371443386784e-01
3.296350103401509690e-01
3.292994205540928920e-01
3.286519462417802351e-01
3.276115766225276560e-01
3.276086040193244564e-01
3.278017141769956067e-01
3.278046701274823782e-01
3.287640237643920105e-01
3.293537237552642827e-01
3.296482466108086595e-01
3.297864083590102413e-01
3.296482466108086595e-01
3.293537237552642827e-01
3.287640237643920105e-01
3.278046701274823782e-01
3.278017141769956067e-01
3.281307164493871276e-01
3.281338348532276128e-01
3.289539934827246936e-01
3.294493813952936723e-01
3.296991380513902836e-01
3.298272869413770292e-01
3.296991380513902836e-01
3.294493813952936723e-01
3.289539934827246936e-01
3.281338348532276128e-01
3.281307164493871276e-01
3.282721432658065597e-01
3.282751260413153127e-01
3.290353132950522563e-01
3.294890426595838417e-01
3.297100961337167124e-01
3.298124306895953706e-01
3.297100961337167124e-01
3.294890426595838417e-01
3.290353132950522563e-01
3.282751260413153127e-01
3.282721432658065597e-01
3.285129801018437656e-01
3.285160709945513791e-01
3.291740512631007309e-01
3.295601355598604121e-01
3.297494616534829559e-01
3.298444543314305033e-01
3.297494616534829559e-01
3.295601355598604121e-01
3.291740512631007309e-01
3.285160709945513791e-01
3.285129801018437101e-01
3.286164315755077392e-01
3.286195658166022882e-01
3.292336763916416942e-01
3.295900420329491709e-01
3.297593424892265590e-01
3.298364640895817268e-01
3.297593424892265590e-01
3.295900420329491709e-01
3.292336763916416942e-01
3.286195658166022882e-01
3.286164315755077392e-01
3.287928328428684210e-01
3.287960679974005762e-01
3.293359481987045423e-01
3.296440750366230188e-01
3.297910282749841882e-01
3.298631495513957845e-01
3.297910282749841882e-01
3.296440750366230188e-01
3.293359481987045423e-01
3.287960679974005762e-01
3.287928328428684210e-01
3.288687239758154024e-01
3.288719223807465841e-01
3.293800486781747749e-01
3.296668448050660283e-01
3.297994165991177118e-01
3.298585598110786998e-01
3.297994165991177118e-01
3.296668448050660283e-01
3.293800486781747749e-01
3.288719223807465841e-01
3.288687239758154024e-01
3.289981532293675959e-01
3.290014655163422397e-01
3.294556580306725047e-01
3.297078797322668398e-01
3.298247729224876301e-01
3.298809502524220338e-01
3.298247729224876856e-01
3.297078797322668398e-01
3.294556580306725047e-01
3.290014655163422397e-01
3.289981532293675959e-01
3.290538680643773084e-01
3.290571558663646923e-01
3.294882543423688359e-01
3.297250067903754189e-01
3.298311250460231325e-01
3.298771402670983566e-01
3.298311250460231325e-01
3.297250067903754189e-01
3.294882543423688359e-01
3.290571558663646923e-01
3.290538680643773084e-01
3.291489408222775248e-01
3.291523172896119176e-01
3.295440182771454118e-01
3.297556219622465035e-01
3.298507211257712401e-01
3.298954522591249772e-01
3.298507211257712401e-01
3.297556219622465035e-01
3.295440182771454118e-01
3.291523172896119176e-01
3.291489408222775248e-01
3.291898958276470721e-01
3.291931590711466571e-01
3.295679709727760143e-01
3.297681479517255987e-01
3.298548938736866054e-01
3.298911839467466023e-01
3.298548938736866054e-01
3.297681479517255987e-01
3.295679709727760143e-01
3.291931590711466571e-01
3.291898958276470721e-01
3.292595456268252452e-01
3.292629476426387480e-01
3.296087315302219101e-01
3.297903720646572223e-01
3.298691961889207436e-01
3.299052611713820249e-01
3.298691961889207436e-01
3.297903720646572223e-01
3.296087315302219101e-01
3.292629476426387480e-01
3.292595456268252452e-01
3.292895214756950129e-01
3.292928821249718196e-01
3.296262178114363617e-01
3.297992379309885869e-01
3.298714482864713582e-01
3.299004023699201871e-01
3.298714482864713582e-01
3.297992379309885869e-01
3.296262178114363617e-01
3.292928821249718196e-01
3.292895214756950129e-01
3.293405740330711540e-01
3.293439417143396164e-01
3.296557357995940629e-01
3.298149593271740287e-01
3.298815872913481440e-01
3.299110380509454599e-01
3.298815872913481440e-01
3.298149593271740287e-01
3.296557357995940629e-01
3.293439417143396164e-01
3.293405740330711540e-01
3.293624457098102143e-01
3.293659235864970780e-01
3.296682379384056061e-01
3.298210698853618061e-01
3.298825725070227421e-01
3.299062863954713709e-01
3.298825725070227421e-01
3.298210698853618061e-01
3.296682379384056061e-01
3.293659235864970780e-01
3.293624457098102143e-01
3.293999096586069930e-01
3.294032932617524390e-01
3.296892253644387316e-01
3.298316680852742544e-01
3.298895263588198512e-01
3.299143061759147177e-01
3.298895263588198512e-01
3.298316680852741989e-01
3.296892253644387316e-01
3.294032932617524390e-01
3.293999096586069930e-01
3.294159620527961074e-01
3.294192924993669669e-01
3.296978799414728156e-01
3.298354496170786687e-01
3.298893545897343405e-01
3.299096961327058208e-01
3.298893545897343405e-01
3.298354496170786687e-01
3.296978799414728156e-01
3.294192924993669669e-01
3.294159620527961074e-01
3.294430844488154264e-01
3.294463856368931021e-01
3.297120290298269918e-01
3.298412661163161452e-01
3.298921132335601025e-01
3.299131330501585690e-01
3.298921132335601025e-01
3.298412661163161452e-01
3.297120290298269918e-01
3.294463856368931021e-01
3.294430844488154264e-01
3.294545952304277492e-01
3.294579047898776314e-01
3.297176960233883514e-01
3.298428789998453237e-01
3.298903313966050632e-01
3.299075649984556935e-01
3.298903313966050632e-01
3.298428789998453237e-01
3.297176960233883514e-01
3.294579047898776314e-01
3.294545952304277492e-01
3.294739820085759163e-01
3.294772098055906984e-01
3.297264713071259012e-01
3.298446713659557994e-01
3.298889934184721096e-01
3.299062606051211821e-01
3.298889934184721096e-01
3.298446713659557994e-01
3.297264713071259012e-01
3.294772098055906984e-01
3.294739820085759163e-01
3.294821305128585731e-01
3.294854145895457775e-01
3.297297895824435332e-01
3.298447878477344108e-01
3.298862640039724736e-01
3.299001904008826425e-01
3.298862640039724736e-01
3.298447878477344108e-01
3.297297895824435332e-01
3.294854145895457775e-01
3.294821305128585731e-01
3.294958707179526103e-01
3.294990179198009073e-01
3.297346128536592924e-01
3.298443792529617835e-01
3.298842593935190082e-01
3.298991972989750443e-01
3.298842593935190082e-01
3.298443792529617835e-01
3.297346128536592924e-01
3.294990179198009073e-01
3.294958707179526103e-01
3.295015818423999709e-01
3.295048329321734193e-01
3.297355481890778539e-01
3.298434733849583411e-01
3.298812801478031020e-01
3.298936761306478505e-01
3.298812801478030465e-01
3.298434733849583411e-01
3.297355481890778539e-01
3.295048329321734193e-01
3.295015818423999709e-01
3.295112974817124840e-01
3.295139409963009913e-01
3.297362925596118988e-01
3.298411333162603043e-01
3.298783026501126980e-01
3.298926187030482571e-01
3.298783026501126980e-01
3.298411333162603043e-01
3.297362925596118988e-01
3.295139409963009913e-01
3.295112974817124840e-01
3.295147028187588312e-01
3.295179037968019031e-01
3.297366005926594679e-01
3.298385908894277962e-01
3.298741819179463186e-01
3.298854030781211977e-01
3.298741819179463186e-01
3.298385908894277962e-01
3.297366005926594679e-01
3.295179037968019031e-01
3.295147028187588312e-01
3.295205772239457875e-01
3.295233833719729555e-01
3.297354165400345205e-01
3.298329682242842065e-01
3.298665692752870138e-01
3.298789588453308053e-01
3.298665692752870138e-01
3.298329682242842065e-01
3.297354165400345205e-01
3.295233833719729555e-01
3.295205772239457875e-01
3.295226419649834870e-01
3.295255456076524592e-01
3.297367333115999721e-01
3.298298608035724055e-01
3.298601938752802054e-01
3.298675180003139973e-01
3.298601938752802054e-01
3.298298608035724055e-01
3.297367333115999721e-01
3.295255456076524592e-01
3.295226419649834870e-01
3.295255660656118968e-01
3.295286265859250219e-01
3.297380660286099441e-01
3.298241959225407527e-01
3.298538463816410027e-01
3.298594116190081693e-01
3.298538463816410027e-01
3.298241959225407527e-01
3.297380660286099441e-01
3.295286265859250219e-01
3.295255660656118968e-01
3.295267019807721631e-01
3.295296323830178564e-01
3.297389987323471328e-01
3.298238530213730701e-01
3.298472184444403155e-01
3.298495961566557666e-01
3.298472184444403155e-01
3.298238530213730701e-01
3.297389987323471328e-01
3.295296323830178564e-01
3.295267019807721631e-01
3.295278422342340918e-01
3.295309421134942074e-01
3.297441321690536831e-01
3.298314262951505538e-01
3.298533900804138663e-01
3.298644313026358188e-01
3.298533900804138663e-01
3.298314262951505538e-01
3.297441321690536831e-01
3.295309421134942074e-01
3.295278422342340918e-01
3.295280162347857811e-01
3.295310132637118139e-01
3.297459720396632710e-01
3.298321590368290535e-01
3.298556260095061310e-01
3.298662931177825941e-01
3.298556260095061310e-01
3.298321590368290535e-01
3.297459720396632710e-01
3.295310132637118139e-01
3.295280162347857811e-01
3.295270861037731258e-01
3.295303472111678067e-01
3.297517293142327444e-01
3.298380775323728753e-01
3.298731660080545525e-01
3.298929816925220693e-01
3.298731660080545525e-01
3.298380775323728753e-01
3.297517293142327444e-01
3.295303472111678067e-01
3.295270861037731258e-01
3.295262323844096453e-01
3.295292919928212161e-01
3.297528552229582188e-01
3.298359301227524742e-01
3.298637861496389601e-01
3.298645355609352015e-01
3.298637861496389601e-01
3.298359301227524742e-01
3.297528552229582188e-01
3.295292919928212161e-01
3.295262323844096453e-01
3.295228110240312480e-01
3.295262323844096453e-01
3.297560809040795959e-01
3.298382573176573684e-01
3.298588999774898500e-01
3.298621113849279363e-01
3.298588999774898500e-01
3.298382573176573684e-01
3.297560809040795959e-01
3.295262323844096453e-01
3.295228110240312480e-01
