2.382716390142129437e-01
2.382844549421131441e-01
2.389152954910516435e-01
2.391417525867292060e-01
2.392890725189283085e-01
2.393955910491962769e-01
2.392890725189283085e-01
2.391417525867292060e-01
2.389152954910516435e-01
2.382844549421131441e-01
2.382716390142129437e-01
2.382844549421131441e-01
2.382982431384677025e-01
2.389097884769584568e-01
2.391347743948927240e-01
2.392928681139683822e-01
2.393739089529233754e-01
2.392928681139683822e-01
2.391347743948927240e-01
2.389097884769584568e-01
2.382982431384677025e-01
2.382844549421131441e-01
2.382909727065121441e-01
2.383034129396837675e-01
2.389122669271008526e-01
2.391470673416038473e-01
2.392948851950188471e-01
2.393559984355142500e-01
2.392948851950188471e-01
2.391470673416038473e-01
2.389122669271008526e-01
2.383034129396837675e-01
2.382909727065121441e-01
2.383006325753601606e-01
2.383141112862809663e-01
2.389045396508367725e-01
2.391581779688078946e-01
2.392971367292315577e-01
2.393655864189985216e-01
2.392971367292315577e-01
2.391581779688078946e-01
2.389045396508367725e-01
2.383141112862809663e-01
2.383006325753601606e-01
2.383054972760597079e-01
2.383177137582755123e-01
2.389063439764757268e-01
2.391655778346911121e-01
2.392943345960583668e-01
2.393602230304924527e-01
2.392943345960583668e-01
2.391655778346911121e-01
2.389063439764757268e-01
2.383177137582755123e-01
2.383054972760597079e-01
2.383117738174939104e-01
2.383249964989290481e-01
2.389035067270943169e-01
2.391677129687410086e-01
2.392857875033594928e-01
2.393514506699802868e-01
2.392857875033594928e-01
2.391677129687410086e-01
2.389035067270943169e-01
2.383249964989290481e-01
2.383117738174939104e-01
2.383148384788392748e-01
2.383267834398479501e-01
2.389038770886962038e-01
2.391632254430682281e-01
2.392794205655266460e-01
2.393421311997754874e-01
2.392794205655266460e-01
2.391632254430682281e-01
2.389038770886962038e-01
2.383267834398479501e-01
2.383148384788392748e-01
2.383168039001510308e-01
2.383306621078189746e-01
2.389092219938956096e-01
2.391585932539333492e-01
2.392728063823747198e-01
2.393358232049525580e-01
2.392728063823747198e-01
2.391585932539333492e-01
2.389092219938956096e-01
2.383306621078189746e-01
2.383168039001510308e-01
2.383186572116635649e-01
2.383304155380456535e-01
2.389080085796218555e-01
2.391556123107922149e-01
2.392670123788238068e-01
2.393308789652077440e-01
2.392670123788238068e-01
2.391556123107922149e-01
2.389080085796218555e-01
2.383304155380456535e-01
2.383186572116635649e-01
2.383175754683793390e-01
2.383317977311300573e-01
2.389107590318786667e-01
2.391512587169458415e-01
2.392627748881617222e-01
2.393251308303802338e-01
2.392627748881617222e-01
2.391512587169458415e-01
2.389107590318786667e-01
2.383317977311300573e-01
2.383175754683793390e-01
2.383184741099773907e-01
2.383303911711262546e-01
2.389087533678400654e-01
2.391492813374126725e-01
2.392583173834954280e-01
2.393195565014703818e-01
2.392583173834954280e-01
2.391492813374126725e-01
2.389087533678400654e-01
2.383303911711262268e-01
2.383184741099774184e-01
2.383162428903207730e-01
2.383308506924760595e-01
2.389063846376155709e-01
2.391437369795542389e-01
2.392527640182515181e-01
2.393135138886119950e-01
2.392527640182515181e-01
2.391437369795542389e-01
2.389063846376155431e-01
2.383308506924760872e-01
2.383162428903207453e-01
2.383173573400711176e-01
2.383289834810887742e-01
2.389033142016505074e-01
2.391409917369897997e-01
2.392482049122015564e-01
2.393086652658295566e-01
2.392482049122015564e-01
2.391409917369897997e-01
2.389033142016505074e-01
2.383289834810887464e-01
2.383173573400711176e-01
2.383150794544630635e-01
2.383294925942051057e-01
2.389006841982355134e-01
2.391363604590390768e-01
2.392429541711312280e-01
2.393029076478331851e-01
2.392429541711312280e-01
2.391363604590390768e-01
2.389006841982355134e-01
2.383294925942051334e-01
2.383150794544630358e-01
2.383160503940748298e-01
2.383280179362841922e-01
2.388993539709720892e-01
2.391331944782816021e-01
2.392391932325089177e-01
2.392982011595308767e-01
2.392391932325089177e-01
2.391331944782816021e-01
2.388993539709720892e-01
2.383280179362841922e-01
2.383160503940748576e-01
2.383149356557182352e-01
2.383286139966951378e-01
2.388973949377377060e-01
2.391299395466473798e-01
2.392341723020466604e-01
2.392927179194779541e-01
2.392341723020466604e-01
2.391299395466473798e-01
2.388973949377377060e-01
2.383286139966951378e-01
2.383149356557182352e-01
2.383155304107910100e-01
2.383282482318338225e-01
2.388970326445526149e-01
2.391272430612096656e-01
2.392304073915342832e-01
2.392882354027876801e-01
2.392304073915342832e-01
2.391272430612096656e-01
2.388970326445526149e-01
2.383282482318338225e-01
2.383155304107910100e-01
2.383162310780164439e-01
2.383296299830532095e-01
2.388964394404904656e-01
2.391241658175536910e-01
2.392259375947073941e-01
2.392830017101366946e-01
2.392259375947073941e-01
2.391241658175537188e-01
2.388964394404904656e-01
2.383296299830532095e-01
2.383162310780164439e-01
2.383174885500869700e-01
2.383304872385987039e-01
2.388961602734369638e-01
2.391221222120345491e-01
2.392222527884060312e-01
2.392786768313008572e-01
2.392222527884060312e-01
2.391221222120345491e-01
2.388961602734369638e-01
2.383304872385987039e-01
2.383174885500869700e-01
2.383207215915160160e-01
2.383341471354104013e-01
2.388972476965076919e-01
2.391197324347788533e-01
2.392185225301136642e-01
2.392740633662502059e-01
2.392185225301136642e-01
2.391197324347788533e-01
2.388972476965076919e-01
2.383341471354104013e-01
2.383207215915160160e-01
2.383235087622817550e-01
2.383364727768674252e-01
2.388977093381095262e-01
2.391183344284421308e-01
2.392151791687350815e-01
2.392698074131534569e-01
2.392151791687350815e-01
2.391183344284421308e-01
2.388977093381095262e-01
2.383364727768674252e-01
2.383235087622817550e-01
2.383301820688057959e-01
2.383436698673734033e-01
2.389010106496552988e-01
2.391174169509534542e-01
2.392125456795704541e-01
2.392662396493175636e-01
2.392125456795704541e-01
2.391174169509534819e-01
2.389010106496552988e-01
2.383436698673734033e-01
2.383301820688057959e-01
2.383350672613685772e-01
2.383480100087951858e-01
2.389028538570940330e-01
2.391168956421439451e-01
2.392098232509026756e-01
2.392622782960859840e-01
2.392098232509026756e-01
2.391168956421439451e-01
2.389028538570940330e-01
2.383480100087951858e-01
2.383350672613685772e-01
2.383464942954929000e-01
2.383600239593938186e-01
2.389091866609676929e-01
2.391181167447899159e-01
2.392088162027289078e-01
2.392602414860096616e-01
2.392088162027289078e-01
2.391181167447899159e-01
2.389091866609676929e-01
2.383600239593937908e-01
2.383464942954929278e-01
2.383541883167377695e-01
2.383671640305763673e-01
2.389128562163851388e-01
2.391188134584970593e-01
2.392070704363581934e-01
2.392569727517719069e-01
2.392070704363581934e-01
2.391188134584970315e-01
2.389128562163851388e-01
2.383671640305763950e-01
2.383541883167377695e-01
2.383721459110935414e-01
2.383856850797234361e-01
2.389232579444960647e-01
2.391228441240273450e-01
2.392083216182214478e-01
2.392570774717313331e-01
2.392083216182214478e-01
2.391228441240273728e-01
2.389232579444960647e-01
2.383856850797234361e-01
2.383721459110935414e-01
2.383836128336169480e-01
2.383966820358948413e-01
2.389292362767979905e-01
2.391250931332500329e-01
2.392077767105290076e-01
2.392547856727814670e-01
2.392077767105290076e-01
2.391250931332500329e-01
2.389292362767979905e-01
2.383966820358948413e-01
2.383836128336169480e-01
2.384104905411006115e-01
2.384240358999462628e-01
2.389448606560773958e-01
2.391323057513083938e-01
2.392114539640618764e-01
2.392570735821737404e-01
2.392114539640618764e-01
2.391323057513083938e-01
2.389448606560773958e-01
2.384240358999462628e-01
2.384104905411006115e-01
2.384271072026184768e-01
2.384402814570516227e-01
2.389537260034305111e-01
2.391362125902425362e-01
2.392118975071952647e-01
2.392554230216498157e-01
2.392118975071952647e-01
2.391362125902425362e-01
2.389537260034305111e-01
2.384402814570516227e-01
2.384271072026185045e-01
2.384661216199039091e-01
2.384797138961036178e-01
2.389758493267875872e-01
2.391464982325388344e-01
2.392171761222850745e-01
2.392588138431658296e-01
2.392171761222850745e-01
2.391464982325388344e-01
2.389758493267875872e-01
2.384797138961036456e-01
2.384661216199039091e-01
2.384898443798695589e-01
2.385030581462289356e-01
2.389884026512610893e-01
2.391518266060978781e-01
2.392177340981358202e-01
2.392563176743607856e-01
2.392177340981358202e-01
2.391518266060978781e-01
2.389884026512610893e-01
2.385030581462289079e-01
2.384898443798695589e-01
2.385453703088755983e-01
2.385590641218310881e-01
2.390187462130347607e-01
2.391647506589000272e-01
2.392228146945686862e-01
2.392586664045181499e-01
2.392228146945686862e-01
2.391647506589000272e-01
2.390187462130347607e-01
2.385590641218310881e-01
2.385453703088755983e-01
2.385788962600494945e-01
2.385920656369100723e-01
2.390362270763443653e-01
2.391712018031958431e-01
2.392220322557224166e-01
2.392526057516947136e-01
2.392220322557224166e-01
2.391712018031958431e-01
2.390362270763443653e-01
2.385920656369100723e-01
2.385788962600494945e-01
2.386570463356228466e-01
2.386708703249743324e-01
2.390778168440759743e-01
2.391868590084718638e-01
2.392251523211263442e-01
2.392517388481782969e-01
2.392251523211263442e-01
2.391868590084718638e-01
2.390778168440759743e-01
2.386708703249743047e-01
2.386570463356228466e-01
2.387040740165881081e-01
2.387171672027808833e-01
2.391023371107031670e-01
2.391948785317486725e-01
2.392218295214412760e-01
2.392391053914969534e-01
2.392218295214412760e-01
2.391948785317486725e-01
2.391023371107031670e-01
2.387171672027808833e-01
2.387040740165881081e-01
2.388134719133540029e-01
2.388274704632881718e-01
2.391608396200270714e-01
2.392158944424682132e-01
2.392237459634197760e-01
2.392353838926886411e-01
2.392237459634197760e-01
2.392158944424682132e-01
2.391608396200270714e-01
2.388274704632881718e-01
2.388134719133540029e-01
2.388791582626094145e-01
2.388921950556577856e-01
2.391961458070825663e-01
2.392279406626853788e-01
2.392187653712148643e-01
2.392152729581102366e-01
2.392187653712148643e-01
2.392279406626853788e-01
2.391961458070825663e-01
2.388921950556577856e-01
2.388791582626094145e-01
2.390318476887522969e-01
2.390460969714584549e-01
2.392812613416661904e-01
2.392622724013605540e-01
2.392264184986066800e-01
2.392154360694255799e-01
2.392264184986066800e-01
2.392622724013605540e-01
2.392812613416661904e-01
2.390460969714584549e-01
2.390318476887522969e-01
2.391232657489640590e-01
2.391362648640322219e-01
2.393333879169741996e-01
2.392840811131586032e-01
2.392250767099215747e-01
2.391925203867299732e-01
2.392250767099215747e-01
2.392840811131586309e-01
2.393333879169741996e-01
2.391362648640322219e-01
2.391232657489640590e-01
2.393354065585910906e-01
2.393498815248142064e-01
2.394593998790843226e-01
2.393468370381538479e-01
2.392544827433877586e-01
2.392128955388657940e-01
2.392544827433877586e-01
2.393468370381538479e-01
2.394593998790843503e-01
2.393498815248141787e-01
2.393354065585911183e-01
2.394616535259904699e-01
2.394745853398834168e-01
2.395363883240751446e-01
2.393875645416345121e-01
2.392677325803538591e-01
2.392000781893712513e-01
2.392677325803538591e-01
2.393875645416345399e-01
2.395363883240751446e-01
2.394745853398834445e-01
2.394616535259904699e-01
2.397535219861416378e-01
2.397681521670099736e-01
2.397204157584877371e-01
2.394988205546275672e-01
2.393422047810815911e-01
2.392649050038925806e-01
2.393422047810815911e-01
2.394988205546275395e-01
2.397204157584877371e-01
2.397681521670099458e-01
2.397535219861416378e-01
2.399258331584391835e-01
2.399387470588053295e-01
2.398306880542233899e-01
2.395684205855975746e-01
2.393839012371878627e-01
2.392810509911533490e-01
2.393839012371878627e-01
2.395684205855975746e-01
2.398306880542233899e-01
2.399387470588053295e-01
2.399258331584391835e-01
2.403226748619708697e-01
2.403375182343303607e-01
2.400883385022491434e-01
2.397443784633065955e-01
2.395229055444204336e-01
2.394103723309026488e-01
2.395229055444204336e-01
2.397443784633065955e-01
2.400883385022491434e-01
2.403375182343303607e-01
2.403226748619708697e-01
2.405554401431956590e-01
2.405685243427535258e-01
2.402382105976463011e-01
2.398475122749841593e-01
2.396008958668331690e-01
2.394690455875142232e-01
2.396008958668331690e-01
2.398475122749841593e-01
2.402382105976463011e-01
2.405685243427535536e-01
2.405554401431956590e-01
2.410906001571981039e-01
2.411058248788322256e-01
2.405786890690101987e-01
2.400861100363712863e-01
2.397996251491230635e-01
2.396564403671450627e-01
2.397996251491230635e-01
2.400861100363712863e-01
2.405786890690101987e-01
2.411058248788322256e-01
2.410906001571981039e-01
2.414036668414006881e-01
2.414169508438328837e-01
2.407707028617957767e-01
2.402144458414676165e-01
2.399018586902033345e-01
2.397454179634221638e-01
2.399018586902033345e-01
2.402144458414676165e-01
2.407707028617957767e-01
2.414169508438328837e-01
2.414036668414006881e-01
2.421240633719705382e-01
2.421397219477360863e-01
2.411958307285950454e-01
2.404824616590621189e-01
2.401098696625887929e-01
2.399348478713625998e-01
2.401098696625887929e-01
2.404824616590621189e-01
2.411958307285950454e-01
2.421397219477360863e-01
2.421240633719705382e-01
2.425462422664036999e-01
2.425596942764045028e-01
2.414307553364366810e-01
2.406105262659444244e-01
2.401914520167900413e-01
2.399927538478932587e-01
2.401914520167900413e-01
2.406105262659444244e-01
2.414307553364366810e-01
2.425596942764045028e-01
2.425462422664036999e-01
2.435220573658644638e-01
2.435381531863842763e-01
2.419455553994209474e-01
2.408459446603721521e-01
2.403068879221562648e-01
2.400707524087098976e-01
2.403068879221562371e-01
2.408459446603721521e-01
2.419455553994209474e-01
2.435381531863842763e-01
2.435220573658644638e-01
2.440972232708536749e-01
2.441111853911226981e-01
2.422323262593556736e-01
2.409400083558317085e-01
2.402924348926888387e-01
2.399801511523750874e-01
2.402924348926888387e-01
2.409400083558317085e-01
2.422323262593556736e-01
2.441111853911226981e-01
2.440972232708536749e-01
2.454373916060437755e-01
2.454537821069890380e-01
2.428755757398597392e-01
2.410912618344914216e-01
2.402023144949000377e-01
2.398166986539427836e-01
2.402023144949000377e-01
2.410912618344914216e-01
2.428755757398597392e-01
2.454537821069890380e-01
2.454373916060437755e-01
2.462324757161195310e-01
2.462469875622151361e-01
2.432518874981430546e-01
2.411421331851242300e-01
2.400245389283876540e-01
2.394449759318561799e-01
2.400245389283876540e-01
2.411421331851242300e-01
2.432518874981430546e-01
2.462469875622151361e-01
2.462324757161195310e-01
2.480984385831508932e-01
2.481150421257587446e-01
2.441455681840082603e-01
2.412605472607416979e-01
2.397208572671167548e-01
2.390167259190381088e-01
2.397208572671167548e-01
2.412605472607416979e-01
2.441455681840082603e-01
2.481150421257587446e-01
2.480984385831509209e-01
2.492091642521244710e-01
2.492239766627137865e-01
2.447036134943543217e-01
2.413418662893746514e-01
2.394086695021800382e-01
2.383315424062136811e-01
2.394086695021800382e-01
2.413418662893746514e-01
2.447036134943543217e-01
2.492239766627137865e-01
2.492091642521244710e-01
2.518221957434951808e-01
2.518394442228951702e-01
2.460986439855701868e-01
2.417089181688234223e-01
2.391714838211810301e-01
2.379207532830371064e-01
2.391714838211810301e-01
2.417089181688233945e-01
2.460986439855701868e-01
2.518394442228951702e-01
2.518221957434951808e-01
2.533740914079786188e-01
2.533905447817551559e-01
2.469964582651528462e-01
2.420385020792968633e-01
2.389706848441076059e-01
2.371735146589366294e-01
2.389706848441076059e-01
2.420385020792968633e-01
2.469964582651528462e-01
2.533905447817551559e-01
2.533740914079786188e-01
2.570154957371188487e-01
2.570345036989856724e-01
2.492597512573628826e-01
2.432462795935728117e-01
2.395320631480404583e-01
2.375558165680090317e-01
2.395320631480404583e-01
2.432462795935728117e-01
2.492597512573628826e-01
2.570345036989856724e-01
2.570154957371188487e-01
2.591608178516144889e-01
2.591796738603511230e-01
2.506804822338897787e-01
2.441871799417421607e-01
2.399886554225043322e-01
2.374651148703876835e-01
2.399886554225043322e-01
2.441871799417421607e-01
2.506804822338897787e-01
2.591796738603511230e-01
2.591608178516144889e-01
2.641548193816959933e-01
2.641753259136805920e-01
2.541277114617110366e-01
2.469936854641928414e-01
2.424659685694477707e-01
2.398658894314120715e-01
2.424659685694477707e-01
2.469936854641928414e-01
2.541277114617110366e-01
2.641753259136805920e-01
2.641548193816959933e-01
2.670641166072013628e-01
2.670848088533385734e-01
2.561381156594395025e-01
2.488711285478100443e-01
2.443112928561751718e-01
2.416184831113588061e-01
2.443112928561751718e-01
2.488711285478100443e-01
2.561381156594395025e-01
2.670848088533385734e-01
2.670641166072013628e-01
2.737758031492659727e-01
2.737986442114538899e-01
2.606270147659079384e-01
2.535164897802394957e-01
2.494802263398123721e-01
2.469784972860413763e-01
2.494802263398123721e-01
2.535164897802394957e-01
2.606270147659079384e-01
2.737986442114538899e-01
2.737758031492659727e-01
2.776651819996385773e-01
2.776872374611026317e-01
2.629254544491387291e-01
2.560579563722089613e-01
2.529893770848021251e-01
2.516147060651718337e-01
2.529893770848021251e-01
2.560579563722089613e-01
2.629254544491387291e-01
2.776872374611026317e-01
2.776651819996385773e-01
2.866291100877395026e-01
2.866524999630865600e-01
2.673046799635874216e-01
2.606286433121871582e-01
2.591540189993444265e-01
2.583615156117204936e-01
2.591540189993444265e-01
2.606286433121871582e-01
2.673046799635874216e-01
2.866524999630865600e-01
2.866291100877395026e-01
2.918787990828363155e-01
2.919028084385967281e-01
2.690305402285210756e-01
2.618553216596777311e-01
2.623327859209622637e-01
2.645742104905873249e-01
2.623327859209622637e-01
2.618553216596777311e-01
2.690305402285210756e-01
2.919028084385967281e-01
2.918787990828363155e-01
3.041830878612161171e-01
3.042080641149717546e-01
2.711451529763568846e-01
2.597432830689039296e-01
2.603206672291772938e-01
2.630870562061476958e-01
2.603206672291772938e-01
2.597432830689039296e-01
2.711451529763568846e-01
3.042080641149717546e-01
3.041830878612161171e-01
3.116248950538046403e-01
3.116482868470382694e-01
2.714077892247448998e-01
2.551798472027954068e-01
2.541788952696465986e-01
2.600031873308122354e-01
2.541788952696465986e-01
2.551798472027954068e-01
2.714077892247448998e-01
3.116482868470382694e-01
3.116248950538046403e-01
5.497991640445716310e-01
3.296445580850184132e-01
2.706305330411065690e-01
2.380314352865042227e-01
2.154214708851127646e-01
1.983258510667097185e-01
2.154214708851127646e-01
2.380314352865042227e-01
2.706305330411065690e-01
3.296445580850183577e-01
5.497991640445716310e-01
5.497991640445716310e-01
3.366319125526410216e-01
2.705843986527841638e-01
2.327057126915094420e-01
2.075048668397621032e-01
1.920365083482713509e-01
2.075048668397621032e-01
2.327057126915094420e-01
2.705843986527841638e-01
3.366319125526410216e-01
5.497991640445716310e-01
5.497991640445716310e-01
3.473833487015974830e-01
2.716090575093544901e-01
2.284062141657000611e-01
2.021794239861922360e-01
1.868968848977157760e-01
2.021794239861922360e-01
2.284062141657000611e-01
2.716090575093544901e-01
3.473833487015974830e-01
5.497991640445716310e-01
5.497991640445716310e-01
3.517250888510797813e-01
2.727484741989097405e-01
2.285149172315718014e-01
2.033332988576640188e-01
1.899742250265343824e-01
2.033332988576640188e-01
2.285149172315718014e-01
2.727484741989097405e-01
3.517250888510797813e-01
5.497991640445716310e-01
5.497991640445716310e-01
3.587465462493374946e-01
2.760571564707570147e-01
2.315171561604310868e-01
2.073854904058330395e-01
1.944503551727428947e-01
2.073854904058330395e-01
2.315171561604310868e-01
2.760571564707570147e-01
3.587465462493374946e-01
5.497991640445716310e-01
5.497991640445716310e-01
3.617060496058998043e-01
2.780130594325126991e-01
2.337568515175048600e-01
2.105702392756347852e-01
1.987474909449009342e-01
2.105702392756347852e-01
2.337568515175048600e-01
2.780130594325126991e-01
3.617060496058998043e-01
5.497991640445716310e-01
5.497991640445716310e-01
3.667078441280526846e-01
2.822648425804760164e-01
2.388384268280548395e-01
2.165346698412452253e-01
2.050033271816023017e-01
2.165346698412452253e-01
2.388384268280548395e-01
2.822648425804760164e-01
3.667078441280526846e-01
5.497991640445716310e-01
5.497991640445716310e-01
3.688786353794309969e-01
2.843982761035451778e-01
2.414305284477420988e-01
2.196979182115480767e-01
2.087365095211928256e-01
2.196979182115480767e-01
2.414305284477420988e-01
2.843982761035451778e-01
3.688786353794309969e-01
5.497991640445716310e-01
5.497991640445716310e-01
3.726396532797866534e-01
2.885315370742859153e-01
2.463515926156452374e-01
2.251516525270443880e-01
2.143639606439314560e-01
2.251516525270443880e-01
2.463515926156452374e-01
2.885315370742859153e-01
3.726396532797866534e-01
5.497991640445716310e-01
5.497991640445716310e-01
3.742910715582433157e-01
2.904527886410544490e-01
2.486104141949282420e-01
2.276888981872715600e-01
2.171388281305032253e-01
2.276888981872715600e-01
2.486104141949282420e-01
2.904527886410544490e-01
3.742910715582433157e-01
5.497991640445716310e-01
5.497991640445716310e-01
3.771743616687772693e-01
2.939524331628706744e-01
2.526062824406750118e-01
2.319431726946570016e-01
2.214868978938074051e-01
2.319431726946570294e-01
2.526062824406749563e-01
2.939524331628706744e-01
3.771743616687772693e-01
5.497991640445716310e-01
5.497991640445716310e-01
3.784394267537921630e-01
2.955072223743100968e-01
2.543427340742643317e-01
2.337681058981699034e-01
2.233569848016982995e-01
2.337681058981699034e-01
2.543427340742643317e-01
2.955072223743100968e-01
3.784394267537921630e-01
5.497991640445716310e-01
5.497991640445716310e-01
3.806430485648643058e-01
2.982281177704987907e-01
2.572900543452601996e-01
2.367961352398508246e-01
2.264301504606472115e-01
2.367961352398508246e-01
2.572900543452601996e-01
2.982281177704987907e-01
3.806430485648643058e-01
5.497991640445716310e-01
5.497991640445716310e-01
3.816023330402016356e-01
2.993993671640340359e-01
2.585223484440424269e-01
2.380088788048291271e-01
2.275870994444890993e-01
2.380088788048291271e-01
2.585223484440424269e-01
2.993993671640340359e-01
3.816023330402016356e-01
5.497991640445716310e-01
5.497991640445716310e-01
3.832601248842209540e-01
3.013878048351015249e-01
2.605518541486517292e-01
2.400185482310472906e-01
2.296145324928405285e-01
2.400185482310472906e-01
2.605518541486517292e-01
3.013878048351015249e-01
3.832601248842209540e-01
5.497991640445716310e-01
5.497991640445716310e-01
3.839735251613080602e-01
3.022228967006634903e-01
2.613726773585847707e-01
2.407686492712017567e-01
2.302663575121046691e-01
2.407686492712017567e-01
2.613726773585847707e-01
3.022228967006634903e-01
3.839735251613080602e-01
5.497991640445716310e-01
5.497991640445716310e-01
3.851925160765000133e-01
3.036048298013046542e-01
2.626907512172813597e-01
2.420194931863988430e-01
2.315203034135175086e-01
2.420194931863988430e-01
2.626907512172813597e-01
3.036048298013046542e-01
3.851925160765000133e-01
5.497991640445716310e-01
5.497991640445716310e-01
3.857103647160347037e-01
3.041734263250477355e-01
2.632068157465620728e-01
2.424488201244077989e-01
2.318437937274069605e-01
2.424488201244077989e-01
2.632068157465620728e-01
3.041734263250477355e-01
3.857103647160347037e-01
5.497991640445716310e-01
5.497991640445716310e-01
3.865850306646540502e-01
3.050930725111625774e-01
2.640160304396244606e-01
2.431765158995749798e-01
2.325676017928038075e-01
2.431765158995749798e-01
2.640160304396244606e-01
3.050930725111625774e-01
3.865850306646540502e-01
5.497991640445716310e-01
5.497991640445716310e-01
3.869518028000842325e-01
3.054645432864531718e-01
2.643219447470645522e-01
2.433991440290385611e-01
2.326950780718410050e-01
2.433991440290385611e-01
2.643219447470645522e-01
3.054645432864531718e-01
3.869518028000842325e-01
5.497991640445716310e-01
5.497991640445716310e-01
3.875644407697698690e-01
3.060525229775474254e-01
2.647895964338076724e-01
2.437893433042875035e-01
2.330789109447268248e-01
2.437893433042875035e-01
2.647895964338076724e-01
3.060525229775474254e-01
3.875644407697698690e-01
5.497991640445716310e-01
5.497991640445716310e-01
3.878181125559301279e-01
3.062858009495164624e-01
2.649588886686349287e-01
2.438878661580108353e-01
2.331000324443706639e-01
2.438878661580108353e-01
2.649588886686349287e-01
3.062858009495164624e-01
3.878181125559301279e-01
5.497991640445716310e-01
5.497991640445716310e-01
3.882372072071201274e-01
3.066471623049370487e-01
2.652097707619550659e-01
2.440731715653284284e-01
2.332785896227127509e-01
2.440731715653284284e-01
2.652097707619550659e-01
3.066471623049370487e-01
3.882372072071201274e-01
5.497991640445716310e-01
5.497991640445716310e-01
3.884087499050260517e-01
3.067880194289832607e-01
2.652950230471395332e-01
2.441026095058587420e-01
2.332489691694542566e-01
2.441026095058587420e-01
2.652950230471395332e-01
3.067880194289832607e-01
3.884087499050260517e-01
5.497991640445716310e-01
5.497991640445716310e-01
3.886895968196432682e-01
3.070016005522713809e-01
2.654158061627791554e-01
2.441711270705678727e-01
2.333109363811781134e-01
2.441711270705678727e-01
2.654158061627791554e-01
3.070016005522713809e-01
3.886895968196432682e-01
5.497991640445716310e-01
5.497991640445716310e-01
3.888035116612442721e-01
3.070835347358520928e-01
2.654526334450582614e-01
2.441659234094482323e-01
2.332626952306777468e-01
2.441659234094482323e-01
2.654526334450582614e-01
3.070835347358520928e-01
3.888035116612442721e-01
5.497991640445716310e-01
5.497991640445716310e-01
3.889890516921571395e-01
3.072057487934443110e-01
2.655010026862287265e-01
2.441740517201725635e-01
2.332643612011195688e-01
2.441740517201725635e-01
2.655010026862287265e-01
3.072057487934443110e-01
3.889890516921571395e-01
5.497991640445716310e-01
5.497991640445716310e-01
3.890640290015532909e-01
3.072523603743672060e-01
2.655128717278577577e-01
2.441552658560822708e-01
2.332155010456588295e-01
2.441552658560822708e-01
2.655128717278577577e-01
3.072523603743672060e-01
3.890640290015532909e-01
5.497991640445716310e-01
5.497991640445716310e-01
3.891864548973971716e-01
3.073224269177157741e-01
2.655268288712678837e-01
2.441392607765529021e-01
2.331931283366588392e-01
2.441392607765529021e-01
2.655268288712678282e-01
3.073224269177157741e-01
3.891864548973971716e-01
5.497991640445716310e-01
5.497991640445716310e-01
3.892364007971476081e-01
3.073500801193674858e-01
2.655291176826284905e-01
2.441200499996388218e-01
2.331540561484183038e-01
2.441200499996388218e-01
2.655291176826284905e-01
3.073500801193674858e-01
3.892364007971476081e-01
5.497991640445716310e-01
5.497991640445716310e-01
3.893196862839822248e-01
3.073949247528218187e-01
2.655336813219635328e-01
2.441032870385395348e-01
2.331312194144220806e-01
2.441032870385395348e-01
2.655336813219635328e-01
3.073949247528218187e-01
3.893196862839822248e-01
5.497991640445716310e-01
5.497991640445716310e-01
3.893549143361009213e-01
3.074148636392514122e-01
2.655362860344762654e-01
2.440919773418835925e-01
2.331081854941671472e-01
2.440919773418835925e-01
2.655362860344763209e-01
3.074148636392514122e-01
3.893549143361009213e-01
5.497991640445716310e-01
5.497991640445716310e-01
3.894169043447276435e-01
3.074525252239114215e-01
2.655474400864284434e-01
2.440889047798451839e-01
2.330994727363959462e-01
2.440889047798451839e-01
2.655474400864283879e-01
3.074525252239114215e-01
3.894169043447276435e-01
5.497991640445716310e-01
5.497991640445716310e-01
3.894450438660065350e-01
3.074721705014466511e-01
2.655562934243984596e-01
2.440903405401741444e-01
2.330958689154334906e-01
2.440903405401741444e-01
2.655562934243984596e-01
3.074721705014466511e-01
3.894450438660065350e-01
5.497991640445716310e-01
5.497991640445716310e-01
3.894988005537605713e-01
3.075141285048852424e-01
2.655829765156638156e-01
2.441084285278209143e-01
2.331087462950430234e-01
2.441084285278209420e-01
2.655829765156638156e-01
3.075141285048852424e-01
3.894988005537605713e-01
5.497991640445716310e-01
5.497991640445716310e-01
3.895253944142363367e-01
3.075379183089706481e-01
2.656009075466012614e-01
2.441242231526480899e-01
2.331249593430969047e-01
2.441242231526480622e-01
2.656009075466012614e-01
3.075379183089706481e-01
3.895253944142363367e-01
5.497991640445716310e-01
5.497991640445716310e-01
3.895806131967815555e-01
3.075909235698082167e-01
2.656460013288896027e-01
2.441644158783626284e-01
2.331600359857499138e-01
2.441644158783626284e-01
2.656460013288896027e-01
3.075909235698082167e-01
3.895806131967815555e-01
5.497991640445716310e-01
5.497991640445716310e-01
3.896098739145108514e-01
3.076213809644899877e-01
2.656730993663428131e-01
2.441924980728090999e-01
2.331921605533552044e-01
2.441924980728090999e-01
2.656730993663428131e-01
3.076213809644899877e-01
3.896098739145108514e-01
5.497991640445716310e-01
5.497991640445716310e-01
3.896745678695089365e-01
3.076894835756633917e-01
2.657347728034536449e-01
2.442496318799223520e-01
2.332434028206059884e-01
2.442496318799223520e-01
2.657347728034536449e-01
3.076894835756633917e-01
3.896745678695089365e-01
5.497991640445716310e-01
5.497991640445716310e-01
3.897104505256094309e-01
3.077285704627781837e-01
2.657694094847106170e-01
2.442845989166404774e-01
2.332824094968479200e-01
2.442845989166404774e-01
2.657694094847106170e-01
3.077285704627781837e-01
3.897104505256094309e-01
5.497991640445716310e-01
5.497991640445716310e-01
3.897929850384561634e-01
3.078167085871905684e-01
2.658448626452785679e-01
2.443507119553019191e-01
2.333404272617763675e-01
2.443507119553019191e-01
2.658448626452785679e-01
3.078167085871905684e-01
3.897929850384561634e-01
5.497991640445716310e-01
5.497991640445716310e-01
3.898402329979450132e-01
3.078680992584407750e-01
2.658867246889242697e-01
2.443869077162227899e-01
2.333749539457654065e-01
2.443869077162227899e-01
2.658867246889242697e-01
3.078680992584407750e-01
3.898402329979450132e-01
5.497991640445716310e-01
5.497991640445716310e-01
3.899510772708573159e-01
3.079876499993542405e-01
2.659806032748689431e-01
2.444610693543185498e-01
2.334372020010000159e-01
2.444610693543185220e-01
2.659806032748689431e-01
3.079876499993542405e-01
3.899510772708572603e-01
5.497991640445716310e-01
5.497991640445716310e-01
3.900158250387649184e-01
3.080598259985349863e-01
2.660361469136623969e-01
2.444998945588055528e-01
2.334626497856228944e-01
2.444998945588055528e-01
2.660361469136623969e-01
3.080598259985349863e-01
3.900158250387649184e-01
5.497991640445716310e-01
5.497991640445716310e-01
3.901681088561895772e-01
3.082349140487277150e-01
2.661733117887646327e-01
2.446050004096924635e-01
2.335514314059582985e-01
2.446050004096924635e-01
2.661733117887646327e-01
3.082349140487277150e-01
3.901681088561895772e-01
5.497991640445716310e-01
5.497991640445716310e-01
3.902575407477030245e-01
3.083438451465002617e-01
2.662626706670446763e-01
2.446661530833566522e-01
2.335854645896966175e-01
2.446661530833566522e-01
2.662626706670446763e-01
3.083438451465002617e-01
3.902575407477030245e-01
5.497991640445716310e-01
5.497991640445716310e-01
3.904659511510843450e-01
3.086151652119063504e-01
2.665005359220299908e-01
2.448668796751668764e-01
2.337674306788002088e-01
2.448668796751668764e-01
2.665005359220299908e-01
3.086151652119063504e-01
3.904659511510843450e-01
5.497991640445716310e-01
5.497991640445716310e-01
3.905871545095454533e-01
3.087849700561718924e-01
2.666620346798048713e-01
2.449986638367230296e-01
2.338666035582208647e-01
2.449986638367230296e-01
2.666620346798048713e-01
3.087849700561718924e-01
3.905871545095454533e-01
5.497991640445716310e-01
5.497991640445716310e-01
3.908639264108234035e-01
3.092062956516583028e-01
2.670933979385787249e-01
2.454094749063338576e-01
2.342621374636339460e-01
2.454094749063338576e-01
2.670933979385787249e-01
3.092062956516583028e-01
3.908639264108234035e-01
5.497991640445716310e-01
5.497991640445716310e-01
3.910210674262832309e-01
3.094644799852532824e-01
2.673801108243635261e-01
2.456897127572951200e-01
2.345285580641472689e-01
2.456897127572951200e-01
2.673801108243635261e-01
3.094644799852532824e-01
3.910210674262832309e-01
5.497991640445716310e-01
5.497991640445716310e-01
3.913675668741090075e-01
3.100864606812191449e-01
2.681137171539044184e-01
2.464562500882744867e-01
2.352934028785229059e-01
2.464562500882744867e-01
2.681137171539044184e-01
3.100864606812190893e-01
3.913675668741090075e-01
5.497991640445716310e-01
5.497991640445716310e-01
3.915567975640584231e-01
3.104522528158900618e-01
2.685762006703013571e-01
2.469727035779621938e-01
2.358549303458686019e-01
2.469727035779621938e-01
2.685762006703013571e-01
3.104522528158900618e-01
3.915567975640584231e-01
5.497991640445716310e-01
5.497991640445716310e-01
3.919533379674866036e-01
3.112934950926313782e-01
2.696848910562256729e-01
2.482091484243574842e-01
2.371148380531233335e-01
2.482091484243574842e-01
2.696848910562256729e-01
3.112934950926313782e-01
3.919533379674866036e-01
5.497991640445716310e-01
5.497991640445716310e-01
3.921567957007268679e-01
3.117623178132402639e-01
2.703373845508229012e-01
2.490088309460381788e-01
2.380593519942094671e-01
2.490088309460381788e-01
2.703373845508229012e-01
3.117623178132402639e-01
3.921567957007268679e-01
5.497991640445716310e-01
5.497991640445716310e-01
3.925528588664215501e-01
3.127806802470577408e-01
2.717806493123911538e-01
2.506886860883140167e-01
2.397924372137072990e-01
2.506886860883140167e-01
2.717806493123911538e-01
3.127806802470577408e-01
3.925528588664215501e-01
5.497991640445716310e-01
5.497991640445716310e-01
3.927346867707206535e-01
3.133152844322368846e-01
2.725614989991177461e-01
2.517009256904909620e-01
2.410522280247233695e-01
2.517009256904909620e-01
2.725614989991177461e-01
3.133152844322368846e-01
3.927346867707206535e-01
5.497991640445716310e-01
5.497991640445716310e-01
3.930374908703569425e-01
3.144103234913505629e-01
2.741269887411814654e-01
2.535445848765423005e-01
2.429606882802023970e-01
2.535445848765423005e-01
2.741269887411814654e-01
3.144103234913505629e-01
3.930374908703569425e-01
5.497991640445716310e-01
5.497991640445716310e-01
3.931388064619780187e-01
3.149593199498954554e-01
2.748927066071630287e-01
2.545201619853689756e-01
2.441863314890385106e-01
2.545201619853689756e-01
2.748927066071630287e-01
3.149593199498954554e-01
3.931388064619780187e-01
5.497991640445716310e-01
5.497991640445716310e-01
3.932014594754958958e-01
3.160621163431027170e-01
2.762762495716183375e-01
2.560188800658798058e-01
2.457003092568992575e-01
2.560188800658798058e-01
2.762762495716183375e-01
3.160621163431027170e-01
3.932014594754958958e-01
5.497991640445716310e-01
5.497991640445716310e-01
3.931280679569716385e-01
3.166429561938490234e-01
2.769150677013254569e-01
2.565999717731952678e-01
2.462587645442379791e-01
2.565999717731952678e-01
2.769150677013254569e-01
3.166429561938490234e-01
3.931280679569716385e-01
5.497991640445716310e-01
5.497991640445716310e-01
3.927134660378652775e-01
3.179593915699326923e-01
2.781682186897918574e-01
2.574739590777288534e-01
2.469854801441342673e-01
2.574739590777288534e-01
2.781682186897918574e-01
3.179593915699326923e-01
3.927134660378652775e-01
5.497991640445716310e-01
5.497991640445716310e-01
3.922996081616372810e-01
3.188168893131189119e-01
2.789787606395065511e-01
2.576217168697798598e-01
2.463538103909664045e-01
2.576217168697798598e-01
2.789787606395065511e-01
3.188168893131189119e-01
3.922996081616372810e-01
5.497991640445716310e-01
5.497991640445716310e-01
3.909460258923546094e-01
3.211683058127322576e-01
2.816557675905244640e-01
2.592798874802058062e-01
2.475868080139897454e-01
2.592798874802058062e-01
2.816557675905244640e-01
3.211683058127322576e-01
3.909460258923546094e-01
5.497991640445716310e-01
5.497991640445716310e-01
3.898364513473842052e-01
3.228716222706456973e-01
2.841701360588327341e-01
2.605353167708363005e-01
2.467076014530603933e-01
2.605353167708363005e-01
2.841701360588327341e-01
3.228716222706456973e-01
3.898364513473842052e-01
5.497991640445716310e-01
5.497991640445716310e-01
3.865031915706436116e-01
3.275614301874020251e-01
2.933857063280511102e-01
2.702090349562421556e-01
2.560011365497827374e-01
2.702090349562421556e-01
2.933857063280511102e-01
3.275614301874020251e-01
3.865031915706436116e-01
5.497991640445716310e-01
5.497991640445716310e-01
3.839067281182996227e-01
3.304699537608568605e-01
3.010971093698764922e-01
2.798587065609643432e-01
2.631289854273609063e-01
2.798587065609643432e-01
3.010971093698764367e-01
3.304699537608568605e-01
3.839067281182996227e-01
5.497991640445716310e-01
5.497991640445716310e-01
3.763438069339294367e-01
3.368866876216976003e-01
3.233119611785497116e-01
3.235224649568120281e-01
3.296840822702846729e-01
3.235224649568120281e-01
3.233119611785497116e-01
3.368866876216976003e-01
3.763438069339294367e-01
5.497991640445716310e-01
3.706933047738704134e-01
3.706992787464433170e-01
3.391332930114953070e-01
3.304916599516841136e-01
3.327189964992459670e-01
3.364807572255524848e-01
3.327189964992459670e-01
3.304916599516841136e-01
3.391332930114953070e-01
3.706992787464433170e-01
3.706933047738704134e-01
3.618169441833897770e-01
3.618283966776183469e-01
3.414827770464663459e-01
3.375768143338047089e-01
3.402377956535282966e-01
3.436795578212408775e-01
3.402377956535282966e-01
3.375768143338047089e-01
3.414827770464663459e-01
3.618283966776183469e-01
3.618169441833897770e-01
3.581625714894465240e-01
3.581751494182073836e-01
3.417184728639685587e-01
3.385682543250448373e-01
3.396441210998119020e-01
3.404664336392762558e-01
3.396441210998119020e-01
3.385682543250448373e-01
3.417184728639685587e-01
3.581751494182073836e-01
3.581625714894465240e-01
3.521302597603355733e-01
3.521404738823714631e-01
3.406950554804033526e-01
3.376343546184128463e-01
3.373590209212993796e-01
3.377196671393617455e-01
3.373590209212993796e-01
3.376343546184128463e-01
3.406950554804033526e-01
3.521404738823714631e-01
3.521302597603355733e-01
3.495591366707168635e-01
3.495670230600546047e-01
3.397843732978573228e-01
3.364665580642611786e-01
3.351463330785524053e-01
3.342356131894083093e-01
3.351463330785524053e-01
3.364665580642611786e-01
3.397843732978573228e-01
3.495670230600546047e-01
3.495591366707168635e-01
3.451737438085701326e-01
3.451790118529908247e-01
3.375073731024420542e-01
3.337505467837623141e-01
3.317119170562248809e-01
3.306008178043312040e-01
3.317119170562248809e-01
3.337505467837623141e-01
3.375073731024420542e-01
3.451790118529908247e-01
3.451737438085701326e-01
3.432760151567063600e-01
3.432845954768518060e-01
3.363520680130728802e-01
3.324634869908119073e-01
3.301107795325318728e-01
3.286720543879264600e-01
3.301107795325318728e-01
3.324634869908119073e-01
3.363520680130728802e-01
3.432845954768518060e-01
3.432760151567063600e-01
3.400243901246471911e-01
3.400264904579489711e-01
3.341759429519172153e-01
3.303144895660558022e-01
3.278884626974629679e-01
3.264456142604226785e-01
3.278884626974629679e-01
3.303144895660558022e-01
3.341759429519172153e-01
3.400264904579489711e-01
3.400243901246471911e-01
3.386201814374570906e-01
3.386257902362295180e-01
3.332212959045397493e-01
3.294929958206610499e-01
3.271758875981346515e-01
3.258667186264715965e-01
3.271758875981345960e-01
3.294929958206610499e-01
3.332212959045397493e-01
3.386257902362294625e-01
3.386201814374570906e-01
3.362314784669007128e-01
3.362309204242288074e-01
3.316239634818071158e-01
3.283175545155327391e-01
3.262627723160781423e-01
3.250466734368083199e-01
3.262627723160781423e-01
3.283175545155327391e-01
3.316239634818070603e-01
3.362309204242288074e-01
3.362314784669006573e-01
3.352079233381557444e-01
3.352107163966051573e-01
3.309697839686934762e-01
3.279340132080968973e-01
3.261333398946560380e-01
3.251821495141911655e-01
3.261333398946560380e-01
3.279340132080968973e-01
3.309697839686934762e-01
3.352107163966051573e-01
3.352079233381557444e-01
3.334845665479015953e-01
3.334828404847769989e-01
3.299377950345513955e-01
3.274524923246122099e-01
3.259941995535732273e-01
3.251576857140471843e-01
3.259941995535732273e-01
3.274524923246122099e-01
3.299377950345513955e-01
3.334828404847770544e-01
3.334845665479015953e-01
3.327518685884539584e-01
3.327509017007682091e-01
3.295258001419041349e-01
3.273192809708347917e-01
3.261002964848085939e-01
3.254941063407977286e-01
3.261002964848085939e-01
3.273192809708347917e-01
3.295258001419041349e-01
3.327509017007682091e-01
3.327518685884540139e-01
3.315225034724488817e-01
3.315198217055513874e-01
3.288828135103892270e-01
3.271650440786583736e-01
3.262326677977090417e-01
3.257229444599509804e-01
3.262326677977090417e-01
3.271650440786583736e-01
3.288828135103892270e-01
3.315198217055513874e-01
3.315225034724488817e-01
3.310012116642099822e-01
3.309989449294643560e-01
3.286217530747554960e-01
3.271227388922550161e-01
3.263563638407940282e-01
3.259920935510517981e-01
3.263563638407940282e-01
3.271227388922550161e-01
3.286217530747554960e-01
3.309989449294643560e-01
3.310012116642099822e-01
3.301269569789295200e-01
3.301239754102762713e-01
3.281989288506639291e-01
3.270520566061557721e-01
3.264766872208580417e-01
3.261790705861196682e-01
3.264766872208580417e-01
3.270520566061557721e-01
3.281989288506639291e-01
3.301239754102762713e-01
3.301269569789295200e-01
3.297559264652956124e-01
3.297521698756749053e-01
3.280189217218003606e-01
3.270160298985195779e-01
3.265342100389840851e-01
3.263075677596555257e-01
3.265342100389840851e-01
3.270160298985195779e-01
3.280189217218003606e-01
3.297521698756749053e-01
3.297559264652956124e-01
3.291291834746513101e-01
3.291261038514551873e-01
3.277084510293188924e-01
3.269258531585905181e-01
3.265526894562679194e-01
3.263666020826860303e-01
3.265526894562679194e-01
3.269258531585905181e-01
3.277084510293188924e-01
3.291261038514551873e-01
3.291291834746513101e-01
3.288625149001321302e-01
3.288573089373475478e-01
3.275702579656872837e-01
3.268718454902776460e-01
3.265432289893310247e-01
3.263829165555945933e-01
3.265432289893309692e-01
3.268718454902776460e-01
3.275702579656872837e-01
3.288573089373475478e-01
3.288625149001321302e-01
3.284063231934219451e-01
3.284028644247887208e-01
3.273210592672918251e-01
3.267493679326025080e-01
3.264772449973252222e-01
3.263402262111952390e-01
3.264772449973252222e-01
3.267493679326025080e-01
3.273210592672918251e-01
3.284028644247887208e-01
3.284063231934219451e-01
3.282115874033101344e-01
3.282056162186727799e-01
3.272083874117159841e-01
3.266836209253490275e-01
3.264312996438596959e-01
3.263009067585396772e-01
3.264312996438596959e-01
3.266836209253490275e-01
3.272083874117159286e-01
3.282056162186727799e-01
3.282115874033101344e-01
3.278748762341931466e-01
3.278709857911643044e-01
3.270031814627554212e-01
3.265515928879939023e-01
3.263298487056254249e-01
3.262135512724756436e-01
3.263298487056254249e-01
3.265515928879939023e-01
3.270031814627554212e-01
3.278709857911643044e-01
3.278748762341931466e-01
3.277310624673530626e-01
3.277244724413690413e-01
3.269114467001087432e-01
3.264875147409030953e-01
3.262768140100814063e-01
3.261630680902928847e-01
3.262768140100814063e-01
3.264875147409030953e-01
3.269114467001087432e-01
3.277244724413690413e-01
3.277310624673530626e-01
3.274802899280815915e-01
3.274761271672440022e-01
3.267461745156049480e-01
3.263700404803421828e-01
3.261799148388025427e-01
3.260762567585105964e-01
3.261799148388025427e-01
3.263700404803421828e-01
3.267461745156049480e-01
3.274761271672440577e-01
3.274802899280815915e-01
3.273737633287873705e-01
3.273665671879933403e-01
3.266741803519394027e-01
3.263172464070602796e-01
3.261370002613466768e-01
3.260376651990513630e-01
3.261370002613466768e-01
3.263172464070602796e-01
3.266741803519394027e-01
3.273665671879933403e-01
3.273737633287873705e-01
3.271865344648735574e-01
3.271821285159481896e-01
3.265467021196375996e-01
3.262269938039679684e-01
3.260643782538983904e-01
3.259735970550451389e-01
3.260643782538983904e-01
3.262269938039679684e-01
3.265467021196375996e-01
3.271821285159481896e-01
3.271865344648735574e-01
3.271078018196971193e-01
3.271003739589666282e-01
3.264927210997007889e-01
3.261887421015516875e-01
3.260365740119274824e-01
3.259522186909744601e-01
3.260365740119274824e-01
3.261887421015517430e-01
3.264927210997007889e-01
3.271003739589666282e-01
3.271078018196971193e-01
3.269689957870595687e-01
3.269642143179519733e-01
3.263987621315401211e-01
3.261266808684286644e-01
3.259909102601349362e-01
3.259143956458488423e-01
3.259909102601349362e-01
3.261266808684286644e-01
3.263987621315401211e-01
3.269642143179519733e-01
3.269689957870595687e-01
3.269112261650634621e-01
3.269038249815571784e-01
3.263598942827534155e-01
3.261013378173392985e-01
3.259756818740447426e-01
3.259059106069755463e-01
3.259756818740447426e-01
3.261013378173392985e-01
3.263598942827534710e-01
3.269038249815571784e-01
3.269112261650634621e-01
3.268095707612633238e-01
3.268042726469638781e-01
3.262928473558528442e-01
3.260614421138521291e-01
3.259502730152429861e-01
3.258876025782783126e-01
3.259502730152429861e-01
3.260614421138521291e-01
3.262928473558528442e-01
3.268042726469638781e-01
3.268095707612633238e-01
3.267675392817752655e-01
3.267602064377317372e-01
3.262655358818504769e-01
3.260452493113777939e-01
3.259426471458256036e-01
3.258853611886537438e-01
3.259426471458256036e-01
3.260452493113777939e-01
3.262655358818504769e-01
3.267602064377317372e-01
3.267675392817752655e-01
3.266937996254902776e-01
3.266879895889836516e-01
3.262181782772385907e-01
3.260197802921667165e-01
3.259289137251266122e-01
3.258777918932104223e-01
3.259289137251266122e-01
3.260197802921667165e-01
3.262181782772385907e-01
3.266879895889836516e-01
3.266937996254902776e-01
3.266633879039803068e-01
3.266561285081494570e-01
3.261990472076933822e-01
3.260091290734656311e-01
3.259246596633528781e-01
3.258769460699136311e-01
3.259246596633528781e-01
3.260091290734656311e-01
3.261990472076933822e-01
3.266561285081495125e-01
3.266633879039803068e-01
3.266102485031152636e-01
3.266040320403166830e-01
3.261653036562834895e-01
3.259918586845285682e-01
3.259162474764836781e-01
3.258736514197120293e-01
3.259162474764836781e-01
3.259918586845285682e-01
3.261653036562834895e-01
3.266040320403166830e-01
3.266102485031152636e-01
3.265883620680001820e-01
3.265811918112646595e-01
3.261516531419944576e-01
3.259843283658900859e-01
3.259129101829303377e-01
3.258719460692773850e-01
3.259129101829303377e-01
3.259843283658900859e-01
3.261516531419944576e-01
3.265811918112646595e-01
3.265883620680001820e-01
3.265504448844874785e-01
3.265438560876713914e-01
3.261272357907113451e-01
3.259714078097486478e-01
3.259063657035607409e-01
3.258694963792038712e-01
3.259063657035607409e-01
3.259714078097486478e-01
3.261272357907113451e-01
3.265438560876713914e-01
3.265504448844874785e-01
3.265347786794812746e-01
3.265276887208782286e-01
3.261172026923818690e-01
3.259656728177539597e-01
3.259030440706026654e-01
3.258665011488300900e-01
3.259030440706026654e-01
3.259656728177539042e-01
3.261172026923818690e-01
3.265276887208782286e-01
3.265347786794812746e-01
3.265080725018285057e-01
3.265012196524517130e-01
3.260992163152147127e-01
3.259552685261970506e-01
3.258970911645341362e-01
3.258638356072349751e-01
3.258970911645341362e-01
3.259552685261970506e-01
3.260992163152147127e-01
3.265012196524517130e-01
3.265080725018285057e-01
3.264970471095020588e-01
3.264898827138197901e-01
3.260917631922728988e-01
3.259506384254672318e-01
3.258937348775995391e-01
3.258599269021794087e-01
3.258937348775995391e-01
3.259506384254672318e-01
3.260917631922728988e-01
3.264898827138197901e-01
3.264970471095020588e-01
3.264784299289351654e-01
3.264714573641465112e-01
3.260782162625659453e-01
3.259420911842612067e-01
3.258882372649923864e-01
3.258572416954028661e-01
3.258882372649923864e-01
3.259420911842612067e-01
3.260782162625658898e-01
3.264714573641465112e-01
3.264784299289351654e-01
3.264709043877226935e-01
3.264635351152240794e-01
3.260727511285524405e-01
3.259382356127998315e-01
3.258850875039884798e-01
3.258529643237988993e-01
3.258850875039884798e-01
3.259382356127998315e-01
3.260727511285524405e-01
3.264635351152240794e-01
3.264709043877226935e-01
3.264580693904575170e-01
3.264510068147161714e-01
3.260623649224362319e-01
3.259312978676829342e-01
3.258802570399027543e-01
3.258507342911535765e-01
3.258802570399026988e-01
3.259312978676829342e-01
3.260623649224362319e-01
3.264510068147161714e-01
3.264580693904575726e-01
3.264530830479762669e-01
3.264455415763176660e-01
3.260584008980986770e-01
3.259281127870689021e-01
3.258774933702087706e-01
3.258465034506630720e-01
3.258774933702087706e-01
3.259281127870689021e-01
3.260584008980986770e-01
3.264455415763176660e-01
3.264530830479762669e-01
3.264444611341765778e-01
3.264372339879871299e-01
3.260504163044857240e-01
3.259225562043296387e-01
3.258734865753170062e-01
3.258449542473114136e-01
3.258734865753169507e-01
3.259225562043296387e-01
3.260504163044857240e-01
3.264372339879871299e-01
3.264444611341765778e-01
3.264412190009800541e-01
3.264336279116089590e-01
3.260475998529848152e-01
3.259200207054789855e-01
3.258711275353736170e-01
3.258409432504261738e-01
3.258711275353736170e-01
3.259200207054789855e-01
3.260475998529848152e-01
3.264336279116089590e-01
3.264412190009799986e-01
3.264357603610073544e-01
3.264283728371920601e-01
3.260415170122841211e-01
3.259156887525244128e-01
3.258679787917408976e-01
3.258401588722767417e-01
3.258679787917408976e-01
3.259156887525244128e-01
3.260415170122841211e-01
3.264283728371920601e-01
3.264357603610073544e-01
3.264338074962222502e-01
3.264261843633305960e-01
3.260396296026032426e-01
3.259136986697132587e-01
3.258660146146195036e-01
3.258363191602864917e-01
3.258660146146195036e-01
3.259136986697132587e-01
3.260396296026032426e-01
3.264261843633305960e-01
3.264338074962222502e-01
3.264307665750736942e-01
3.264233309730387167e-01
3.260350140197384450e-01
3.259104557568113236e-01
3.258636529370919632e-01
3.258363340024264532e-01
3.258636529370919632e-01
3.259104557568113236e-01
3.260350140197384450e-01
3.264233309730387167e-01
3.264307665750736942e-01
3.264299460727857483e-01
3.264221611616312524e-01
3.260335303884377423e-01
3.259089438111151815e-01
3.258620870822548365e-01
3.258326775360578242e-01
3.258620870822548365e-01
3.259089438111151815e-01
3.260335303884377423e-01
3.264221611616312524e-01
3.264299460727857483e-01
3.264286958188056254e-01
3.264211594060743016e-01
3.260301318395831260e-01
3.259062611286563937e-01
3.258605142117548814e-01
3.258334247275485596e-01
3.258605142117548814e-01
3.259062611286563937e-01
3.260301318395831260e-01
3.264211594060743016e-01
3.264286958188056254e-01
3.264286662654305449e-01
3.264207966664048333e-01
3.260287294454154439e-01
3.259053948677322898e-01
3.258591314839872632e-01
3.258300539372020466e-01
3.258591314839872632e-01
3.259053948677322898e-01
3.260287294454154439e-01
3.264207966664048333e-01
3.264286662654305449e-01
3.264288286437814213e-01
3.264211130076860590e-01
3.260265017604551674e-01
3.259034088809479868e-01
3.258583330013414270e-01
3.258315915475228919e-01
3.258583330013414825e-01
3.259034088809479868e-01
3.260265017604551674e-01
3.264211130076860035e-01
3.264288286437814213e-01
3.264292928873273048e-01
3.264214460733979029e-01
3.260259745240920992e-01
3.259039893244116692e-01
3.258574831932321558e-01
3.258284432617430948e-01
3.258574831932322113e-01
3.259039893244116692e-01
3.260259745240920992e-01
3.264214460733979029e-01
3.264292928873273048e-01
3.264306431506016626e-01
3.264229127337244241e-01
3.260294603184847873e-01
3.259036073533606581e-01
3.258594373800569044e-01
3.258311363235696922e-01
3.258594373800569044e-01
3.259036073533606581e-01
3.260294603184847873e-01
3.264229127337244241e-01
3.264306431506016626e-01
3.264317233180953348e-01
3.264244058280794669e-01
3.260291223040236996e-01
3.259039748746048182e-01
3.258584708976922650e-01
3.258299127325652300e-01
3.258584708976922650e-01
3.259039748746048182e-01
3.260291223040236996e-01
3.264244058280794669e-01
3.264317233180953348e-01
3.264356829595579934e-01
3.264274830486985080e-01
3.260355527325501934e-01
3.259046999798279054e-01
3.258583859405375094e-01
3.258341553410195601e-01
3.258583859405375094e-01
3.259046999798279054e-01
3.260355527325501934e-01
3.264274830486985080e-01
3.264356829595579934e-01
3.264371569481128166e-01
3.264305792877745249e-01
3.260371391110691297e-01
3.259017845626762666e-01
3.258594678629946895e-01
3.258291486522655878e-01
3.258594678629946895e-01
3.259017845626762666e-01
3.260371391110691297e-01
3.264305792877745249e-01
3.264371569481128166e-01
3.264439292093639366e-01
3.264353916452607529e-01
3.260348749592710260e-01
3.259084571705759825e-01
3.258569359363829854e-01
3.258310170187560528e-01
3.258569359363829854e-01
3.259084571705759825e-01
3.260348749592709705e-01
3.264353916452607529e-01
3.264439292093639366e-01
3.264463399328589310e-01
3.264394034580815340e-01
3.260381751226005820e-01
3.259159968302777766e-01
3.258582401827612718e-01
3.258308311566347482e-01
3.258582401827612718e-01
3.259159968302777766e-01
3.260381751226005820e-01
3.264394034580815340e-01
3.264463399328589310e-01
3.264544250117167867e-01
3.264456186389756986e-01
3.260301647637035005e-01
3.259265658086241135e-01
3.258574941270400704e-01
3.258406717734200209e-01
3.258574941270400704e-01
3.259265658086241135e-01
3.260301647637035005e-01
3.264456186389756986e-01
3.264544250117167867e-01
3.264573127547297782e-01
3.264501903140041850e-01
3.260327953033148041e-01
3.259402269912384797e-01
3.258658329268570020e-01
3.258305906580389877e-01
3.258658329268570020e-01
3.259402269912384797e-01
3.260327953033148041e-01
3.264501903140041850e-01
3.264573127547297782e-01
3.264665251564902171e-01
3.264573127547297782e-01
3.260211840724005494e-01
3.259345533995574584e-01
3.258634960245800349e-01
3.258056823733361251e-01
3.258634960245800349e-01
3.259345533995574584e-01
3.260211840724005494e-01
3.264573127547297782e-01
3.264665251564902171e-01
