2.457410881389310020e-01
2.457542155620723312e-01
2.465444886857950380e-01
2.465348378126846207e-01
2.466644241354034595e-01
2.468011706358563540e-01
2.466644241354034595e-01
2.465348378126846207e-01
2.465444886857950380e-01
2.457542155620723034e-01
2.457410881389310298e-01
2.457542155620723312e-01
2.457690751544862329e-01
2.465325910918339525e-01
2.465695200785790187e-01
2.467060915988277814e-01
2.467790508564388086e-01
2.467060915988277814e-01
2.465695200785790187e-01
2.465325910918339525e-01
2.457690751544862606e-01
2.457542155620723034e-01
2.457621266654494707e-01
2.457765388613100122e-01
2.465255889186034333e-01
2.465960965690639772e-01
2.467673698826461370e-01
2.468108794385953098e-01
2.467673698826461370e-01
2.465960965690639772e-01
2.465255889186034333e-01
2.457765388613100122e-01
2.457621266654494707e-01
2.457798015587627227e-01
2.457931145226752989e-01
2.464989128445067845e-01
2.466507017364807652e-01
2.468192186989631720e-01
2.468575234495708204e-01
2.468192186989631720e-01
2.466507017364807652e-01
2.464989128445067845e-01
2.457931145226752989e-01
2.457798015587627227e-01
2.457890446040640331e-01
2.458013380729091313e-01
2.464786958216950707e-01
2.466371842589654140e-01
2.468289750881381417e-01
2.468509503050424492e-01
2.468289750881381417e-01
2.466371842589654140e-01
2.464786958216950707e-01
2.458013380729091313e-01
2.457890446040640331e-01
2.458068001000337788e-01
2.458191881936901690e-01
2.464567667147768981e-01
2.466955233272829229e-01
2.468134438754738258e-01
2.468590797241011492e-01
2.468134438754738258e-01
2.466955233272829229e-01
2.464567667147768981e-01
2.458191881936901690e-01
2.458068001000337510e-01
2.458175518169347651e-01
2.458270204644051049e-01
2.464293942806412840e-01
2.466892183374469472e-01
2.468041599187389690e-01
2.468551445091843877e-01
2.468041599187389690e-01
2.466892183374469472e-01
2.464293942806412840e-01
2.458270204644051049e-01
2.458175518169347651e-01
2.458337352345064952e-01
2.458452441823176793e-01
2.464318022375075468e-01
2.466810891884725909e-01
2.467978413218383238e-01
2.468357315305001465e-01
2.467978413218383238e-01
2.466810891884725909e-01
2.464318022375075468e-01
2.458452441823177070e-01
2.458337352345064952e-01
2.458431142823369331e-01
2.458509695715109800e-01
2.464366883011001041e-01
2.466829307269149396e-01
2.467862030720820166e-01
2.468349084044409170e-01
2.467862030720820166e-01
2.466829307269149396e-01
2.464366883011001041e-01
2.458509695715109800e-01
2.458431142823369331e-01
2.458537596539935033e-01
2.458626605811795596e-01
2.464467864532788599e-01
2.466822124494526813e-01
2.467929143444564377e-01
2.468431966841815040e-01
2.467929143444564377e-01
2.466822124494526813e-01
2.464467864532788599e-01
2.458626605811795596e-01
2.458537596539935033e-01
2.458558882691557479e-01
2.458688327919471839e-01
2.464637443009999873e-01
2.466813046703976164e-01
2.467980159339411006e-01
2.468393703175706111e-01
2.467980159339411006e-01
2.466813046703976164e-01
2.464637443010000151e-01
2.458688327919472116e-01
2.458558882691557201e-01
2.458665560769266734e-01
2.458754431243773131e-01
2.464653434422263700e-01
2.466880390203285423e-01
2.467979925141612074e-01
2.468413393621001206e-01
2.467979925141611797e-01
2.466880390203285423e-01
2.464653434422263700e-01
2.458754431243773131e-01
2.458665560769266734e-01
2.458690436778597499e-01
2.458808286455875514e-01
2.464662423372318001e-01
2.466902952157412898e-01
2.467974162871428845e-01
2.468389210514053134e-01
2.467974162871428845e-01
2.466902952157412898e-01
2.464662423372318001e-01
2.458808286455875514e-01
2.458690436778597499e-01
2.458770561789468401e-01
2.458878559357829952e-01
2.464737894857507161e-01
2.466919336924026374e-01
2.467985734132739362e-01
2.468405657271811604e-01
2.467985734132739362e-01
2.466919336924026374e-01
2.464737894857507161e-01
2.458878559357830229e-01
2.458770561789468401e-01
2.458812254160747668e-01
2.458919126736874572e-01
2.464750524791319009e-01
2.466934333923763156e-01
2.467984830160746823e-01
2.468383067939562969e-01
2.467984830160746823e-01
2.466934333923763156e-01
2.464750524791319009e-01
2.458919126736874849e-01
2.458812254160747945e-01
2.458896039582530724e-01
2.459008589905845032e-01
2.464812170321233342e-01
2.466957345002417090e-01
2.467995841028666759e-01
2.468403339567701582e-01
2.467995841028666759e-01
2.466957345002417090e-01
2.464812170321233342e-01
2.459008589905845032e-01
2.458896039582531001e-01
2.458947968708325160e-01
2.459056651369788959e-01
2.464841577555637597e-01
2.466971086714855876e-01
2.467996697499220959e-01
2.468384486053284976e-01
2.467996697499220959e-01
2.466971086714855876e-01
2.464841577555637597e-01
2.459056651369788959e-01
2.458947968708325160e-01
2.459062125130647702e-01
2.459175835682690103e-01
2.464908175913048116e-01
2.467002383591861414e-01
2.468014785383816356e-01
2.468406232473651096e-01
2.468014785383816356e-01
2.467002383591861414e-01
2.464908175913048116e-01
2.459175835682690103e-01
2.459062125130647702e-01
2.459133775551558265e-01
2.459240126858363573e-01
2.464943855157484820e-01
2.467023972775672647e-01
2.468018960446046461e-01
2.468391170509592336e-01
2.468018960446046461e-01
2.467023972775672647e-01
2.464943855157484820e-01
2.459240126858363573e-01
2.459133775551558265e-01
2.459286219121762929e-01
2.459402359477023403e-01
2.465039272246065949e-01
2.467070132295425267e-01
2.468042897680812475e-01
2.468417796302182776e-01
2.468042897680812475e-01
2.467070132295425267e-01
2.465039272246065949e-01
2.459402359477023403e-01
2.459286219121762651e-01
2.459384229103961927e-01
2.459489140504369786e-01
2.465091742888839144e-01
2.467096464755025864e-01
2.468053103621925815e-01
2.468400861185386930e-01
2.468053103621925537e-01
2.467096464755026142e-01
2.465091742888839144e-01
2.459489140504369509e-01
2.459384229103961927e-01
2.459592910314507552e-01
2.459708337301904357e-01
2.465221620014567960e-01
2.467165875781737738e-01
2.468086515808156911e-01
2.468436716385755680e-01
2.468086515808156911e-01
2.467165875781737738e-01
2.465221620014567960e-01
2.459708337301904357e-01
2.459592910314507552e-01
2.459722645834180599e-01
2.459829571857886921e-01
2.465297930951894922e-01
2.467202886574383636e-01
2.468104334145522494e-01
2.468421643079370120e-01
2.468104334145522494e-01
2.467202886574383636e-01
2.465297930951894922e-01
2.459829571857887198e-01
2.459722645834180599e-01
2.460011230325858389e-01
2.460126672427573047e-01
2.465477040832820821e-01
2.467303680978038261e-01
2.468159550168855243e-01
2.468474774045964215e-01
2.468159550168855243e-01
2.467303680978038538e-01
2.465477040832820821e-01
2.460126672427573047e-01
2.460011230325858389e-01
2.460187181718348215e-01
2.460294816806186113e-01
2.465583945453119208e-01
2.467360703825025037e-01
2.468188710314951628e-01
2.468468460886601712e-01
2.468188710314951628e-01
2.467360703825025037e-01
2.465583945453119208e-01
2.460294816806186113e-01
2.460187181718348215e-01
2.460584182546653453e-01
2.460703381659922195e-01
2.465831871259011598e-01
2.467506191492818690e-01
2.468278115384122395e-01
2.468550368394997474e-01
2.468278115384122118e-01
2.467506191492818690e-01
2.465831871259011598e-01
2.460703381659922195e-01
2.460584182546653453e-01
2.460828407869069256e-01
2.460934563696041133e-01
2.465980697510135045e-01
2.467588545748689022e-01
2.468325578555175259e-01
2.468556931966808810e-01
2.468325578555175537e-01
2.467588545748689022e-01
2.465980697510135045e-01
2.460934563696041133e-01
2.460828407869069256e-01
2.461376205775684389e-01
2.461499069376372473e-01
2.466321104577686718e-01
2.467793754971944198e-01
2.468456713268994407e-01
2.468675930713703504e-01
2.468456713268994407e-01
2.467793754971943920e-01
2.466321104577686718e-01
2.461499069376372473e-01
2.461376205775684389e-01
2.461712898745478939e-01
2.461819731571502634e-01
2.466524102961786813e-01
2.467906469698814553e-01
2.468525975358224489e-01
2.468695793788468762e-01
2.468525975358224489e-01
2.467906469698814553e-01
2.466524102961786813e-01
2.461819731571502912e-01
2.461712898745478939e-01
2.462473488456075055e-01
2.462597179064474617e-01
2.466986528706832660e-01
2.468180098688291524e-01
2.468699999591538186e-01
2.468849316451360854e-01
2.468699999591538186e-01
2.468180098688291524e-01
2.466986528706832660e-01
2.462597179064474617e-01
2.462473488456075055e-01
2.462934076350636881e-01
2.463043226925236695e-01
2.467257526347788055e-01
2.468328121550433796e-01
2.468784404376449526e-01
2.468872077660730635e-01
2.468784404376449526e-01
2.468328121550433796e-01
2.467257526347788055e-01
2.463043226925236973e-01
2.462934076350636603e-01
2.463985891870066058e-01
2.464111160937939027e-01
2.467877338079325911e-01
2.468672284552442808e-01
2.468990547732774488e-01
2.469042161372179689e-01
2.468990547732774488e-01
2.468672284552443086e-01
2.467877338079325633e-01
2.464111160937939027e-01
2.463985891870066058e-01
2.464617585288043367e-01
2.464725910842137657e-01
2.468237340042245265e-01
2.468856749063964573e-01
2.469074248720154463e-01
2.469038877946961030e-01
2.469074248720154463e-01
2.468856749063964573e-01
2.468237340042245265e-01
2.464725910842137657e-01
2.464617585288043367e-01
2.466061210673934911e-01
2.466187065582213789e-01
2.469062496441911669e-01
2.469276473972554231e-01
2.469290849833871704e-01
2.469198147440528901e-01
2.469290849833871704e-01
2.469276473972554231e-01
2.469062496441911669e-01
2.466187065582213789e-01
2.466061210673934911e-01
2.466922510652410916e-01
2.467030768253171413e-01
2.469543710338151787e-01
2.469499550091731332e-01
2.469356211860569694e-01
2.469123808638662987e-01
2.469356211860569694e-01
2.469499550091731332e-01
2.469543710338152065e-01
2.467030768253171413e-01
2.466922510652410916e-01
2.468898985611268360e-01
2.469021026308320099e-01
2.470653558287091711e-01
2.470021282271244178e-01
2.469574080636426916e-01
2.469258776131916799e-01
2.469574080636426916e-01
2.470021282271244178e-01
2.470653558287091989e-01
2.469021026308320099e-01
2.468898985611268082e-01
2.470066875209563084e-01
2.470178170461356237e-01
2.471307331824113551e-01
2.470304617069838393e-01
2.469615847374865836e-01
2.469075392078813880e-01
2.469615847374865836e-01
2.470304617069838671e-01
2.471307331824113551e-01
2.470178170461356237e-01
2.470066875209563362e-01
2.472768112327655421e-01
2.472889622953830524e-01
2.472834970641092089e-01
2.471006824849043548e-01
2.469884542866123411e-01
2.469228907518750127e-01
2.469884542866123689e-01
2.471006824849043548e-01
2.472834970641092089e-01
2.472889622953830524e-01
2.472768112327655698e-01
2.474360163794885881e-01
2.474472932224850152e-01
2.473745068228743182e-01
2.471411866088564224e-01
2.469937346725443739e-01
2.468948563858654743e-01
2.469937346725443739e-01
2.471411866088564502e-01
2.473745068228743182e-01
2.474472932224850152e-01
2.474360163794885881e-01
2.478052432381658565e-01
2.478176831724980544e-01
2.475897209712004110e-01
2.472461744338707579e-01
2.470411627050320136e-01
2.469271979541725615e-01
2.470411627050320136e-01
2.472461744338707579e-01
2.475897209712004388e-01
2.478176831724980544e-01
2.478052432381658565e-01
2.480227608356204427e-01
2.480346012575597447e-01
2.477184876276200542e-01
2.473099034067589852e-01
2.470582179895036978e-01
2.468999129859396346e-01
2.470582179895036978e-01
2.473099034067589852e-01
2.477184876276200542e-01
2.480346012575597447e-01
2.480227608356204427e-01
2.485285309655673736e-01
2.485409771373375543e-01
2.480244250972428455e-01
2.474762620750342035e-01
2.471536709325532211e-01
2.469773853141994657e-01
2.471536709325532211e-01
2.474762620750342035e-01
2.480244250972428455e-01
2.485409771373375543e-01
2.485285309655673736e-01
2.488252108952532238e-01
2.488381274274593102e-01
2.482060873110040200e-01
2.475780152774207932e-01
2.471997770193535837e-01
2.469713453100974843e-01
2.471997770193535837e-01
2.475780152774208209e-01
2.482060873110039922e-01
2.488381274274593102e-01
2.488252108952532515e-01
2.495163617022016223e-01
2.495292989885090906e-01
2.486346109559547934e-01
2.478355877734357005e-01
2.473754756617591588e-01
2.471267471851140429e-01
2.473754756617591866e-01
2.478355877734357005e-01
2.486346109559547934e-01
2.495292989885090906e-01
2.495163617022016223e-01
2.499207676418946089e-01
2.499341934599068615e-01
2.488851289601567429e-01
2.479884608763456011e-01
2.474665763025546694e-01
2.471638526824262994e-01
2.474665763025546694e-01
2.479884608763456288e-01
2.488851289601567429e-01
2.499341934599068615e-01
2.499207676418946644e-01
2.508605040175053702e-01
2.508740552803567780e-01
2.494656207037419804e-01
2.483545648039541254e-01
2.477376374623095900e-01
2.474107907718970933e-01
2.477376374623095900e-01
2.483545648039541254e-01
2.494656207037419526e-01
2.508740552803567780e-01
2.508605040175053702e-01
2.514095819308312385e-01
2.514227412002256745e-01
2.497985885143059470e-01
2.485602639676584569e-01
2.478728880443368254e-01
2.474914061111675168e-01
2.478728880443368254e-01
2.485602639676584569e-01
2.497985885143059470e-01
2.514227412002256745e-01
2.514095819308312385e-01
2.526814178155983304e-01
2.526944951258179861e-01
2.505546496400586354e-01
2.490216485490526210e-01
2.482088221970225328e-01
2.477937940836861808e-01
2.482088221970225328e-01
2.490216485490526210e-01
2.505546496400586354e-01
2.526944951258179861e-01
2.526814178155983304e-01
2.534234857565834664e-01
2.534358855808465094e-01
2.509817946527121424e-01
2.492630350901549885e-01
2.483526412169305420e-01
2.478670187741733866e-01
2.483526412169305420e-01
2.492630350901549885e-01
2.509817946527121979e-01
2.534358855808465094e-01
2.534234857565834664e-01
2.551417878681336293e-01
2.551541573795833573e-01
2.519396393318096838e-01
2.497711620343515404e-01
2.486629890224626160e-01
2.481224365149067024e-01
2.486629890224625883e-01
2.497711620343515404e-01
2.519396393318096838e-01
2.551541573795833573e-01
2.551417878681335738e-01
2.561466040569206348e-01
2.561579286437727365e-01
2.524811530306145246e-01
2.500179024464281308e-01
2.487401441602381247e-01
2.480695319393268483e-01
2.487401441602381247e-01
2.500179024464281308e-01
2.524811530306145246e-01
2.561579286437727365e-01
2.561466040569205793e-01
2.584795584960133397e-01
2.584926407235514922e-01
2.537027870395262563e-01
2.505212827582127266e-01
2.489019779952930667e-01
2.481352873198241493e-01
2.489019779952930389e-01
2.505212827582127266e-01
2.537027870395262563e-01
2.584926407235514922e-01
2.584795584960133397e-01
2.598522474778388047e-01
2.598630040643435390e-01
2.544105759239987385e-01
2.507596251661633469e-01
2.488282751151210115e-01
2.477965328802647638e-01
2.488282751151210115e-01
2.507596251661633469e-01
2.544105759239987385e-01
2.598630040643435390e-01
2.598522474778388047e-01
2.630533489984916984e-01
2.630680037726890741e-01
2.560530071476989078e-01
2.512942425187557616e-01
2.487923400758912107e-01
2.476007199886419707e-01
2.487923400758912107e-01
2.512942425187557061e-01
2.560530071476989078e-01
2.630680037726890741e-01
2.630533489984916984e-01
2.649464537588904767e-01
2.649579510062293197e-01
2.570423260424095635e-01
2.515867002602297786e-01
2.485595373917607043e-01
2.468820909837068367e-01
2.485595373917607043e-01
2.515867002602297786e-01
2.570423260424095635e-01
2.649579510062293752e-01
2.649464537588904767e-01
2.693766255286890177e-01
2.693929594428025598e-01
2.594199079517113815e-01
2.524154058705798676e-01
2.485415943166849329e-01
2.466301931050037810e-01
2.485415943166849329e-01
2.524154058705798676e-01
2.594199079517113815e-01
2.693929594428025598e-01
2.693766255286890177e-01
2.719985068696877395e-01
2.720150629019533195e-01
2.608894941215516017e-01
2.529735010253550964e-01
2.483496731003981273e-01
2.456981636981767636e-01
2.483496731003981273e-01
2.529735010253550964e-01
2.608894941215516017e-01
2.720150629019533195e-01
2.719985068696877395e-01
2.781439593422509460e-01
2.781662270609787102e-01
2.644783325265557261e-01
2.546996409668142447e-01
2.490351132108587495e-01
2.461037351085836600e-01
2.490351132108587495e-01
2.546996409668141892e-01
2.644783325265557816e-01
2.781662270609787102e-01
2.781439593422509460e-01
2.817729766073013842e-01
2.817938784963682775e-01
2.666812417392567802e-01
2.559091829787630834e-01
2.494075157771162565e-01
2.456075827229629027e-01
2.494075157771162565e-01
2.559091829787630834e-01
2.666812417392567802e-01
2.817938784963682775e-01
2.817729766073013842e-01
2.902470739955158030e-01
2.902650842075947257e-01
2.719699754018622406e-01
2.593926681036169413e-01
2.519666041993279260e-01
2.479381928697029225e-01
2.519666041993279815e-01
2.593926681036169413e-01
2.719699754018622406e-01
2.902650842075947257e-01
2.902470739955158030e-01
2.952075367316684962e-01
2.952254690483865351e-01
2.750755634632214286e-01
2.616651475088760948e-01
2.536941480459330434e-01
2.490904658564811469e-01
2.536941480459330434e-01
2.616651475088761503e-01
2.750755634632213731e-01
2.952254690483865351e-01
2.952075367316684407e-01
3.067153651165756001e-01
3.067348149585271688e-01
2.821560369686541003e-01
2.674034219742268959e-01
2.591740064964408452e-01
2.545653567941618123e-01
2.591740064964408452e-01
2.674034219742268959e-01
2.821560369686541003e-01
3.067348149585271688e-01
3.067153651165756001e-01
3.134323520379684869e-01
3.134534411050369229e-01
2.859875530771615604e-01
2.706360748108778136e-01
2.627464052985794551e-01
2.586557034687987366e-01
2.627464052985794551e-01
2.706360748108778136e-01
2.859875530771615604e-01
3.134534411050369229e-01
3.134323520379684869e-01
3.290154056816463890e-01
3.290280203057323050e-01
2.939651635534499263e-01
2.771108869678402531e-01
2.699847101551278716e-01
2.662761012136481420e-01
2.699847101551278716e-01
2.771108869678401976e-01
2.939651635534499263e-01
3.290280203057323050e-01
3.290154056816463890e-01
3.381554422296071949e-01
3.381755354639891520e-01
2.977614684899069220e-01
2.795187762731725645e-01
2.737687660319948479e-01
2.725440447486592865e-01
2.737687660319948479e-01
2.795187762731725645e-01
2.977614684899069775e-01
3.381755354639891520e-01
3.381554422296071949e-01
3.595607556920561443e-01
3.595870764428905630e-01
3.045757395127441369e-01
2.803802406382078227e-01
2.740616005772922303e-01
2.732189140649793901e-01
2.740616005772922303e-01
2.803802406382077672e-01
3.045757395127441369e-01
3.595870764428905630e-01
3.595607556920561443e-01
3.723888492337670830e-01
3.724109170707101124e-01
3.073739254273273325e-01
2.774786014664100686e-01
2.692418490996056901e-01
2.712393432801004090e-01
2.692418490996056901e-01
2.774786014664100686e-01
3.073739254273273325e-01
3.724109170707101124e-01
3.723888492337670830e-01
7.497991640445708095e-01
4.030421876709592843e-01
3.119189616943711663e-01
2.639130296238897389e-01
2.335424299879437227e-01
2.125201424429081776e-01
2.335424299879437227e-01
2.639130296238897389e-01
3.119189616943711663e-01
4.030421876709593398e-01
7.497991640445708095e-01
7.497991640445708095e-01
4.150876080871158114e-01
3.143545876214963730e-01
2.602938686732467755e-01
2.270293985083934596e-01
2.074349509601660368e-01
2.270293985083934596e-01
2.602938686732467199e-01
3.143545876214963730e-01
4.150876080871158114e-01
7.497991640445708095e-01
7.497991640445708095e-01
4.338226358711838038e-01
3.198843108773708477e-01
2.591676134693194911e-01
2.243990029335389824e-01
2.048878683180747617e-01
2.243990029335389824e-01
2.591676134693195466e-01
3.198843108773707922e-01
4.338226358711838038e-01
7.497991640445708095e-01
7.497991640445708095e-01
4.413803505752687539e-01
3.229616587439901321e-01
2.606150893649418765e-01
2.265725580736130118e-01
2.087299188270826666e-01
2.265725580736130118e-01
2.606150893649418765e-01
3.229616587439901321e-01
4.413803505752687539e-01
7.497991640445708095e-01
7.497991640445708095e-01
4.535005932271549689e-01
3.295506082475472831e-01
2.658528425107595239e-01
2.323974803297720326e-01
2.148665326225470407e-01
2.323974803297720604e-01
2.658528425107595239e-01
3.295506082475472276e-01
4.535005932271549689e-01
7.497991640445708095e-01
7.497991640445708095e-01
4.585081206145864563e-01
3.328398375384180596e-01
2.689313733559692832e-01
2.360859211433982696e-01
2.193692984801233758e-01
2.360859211433982974e-01
2.689313733559692832e-01
3.328398375384180596e-01
4.585081206145864563e-01
7.497991640445708095e-01
7.497991640445708095e-01
4.667352532320626635e-01
3.392112312046279832e-01
2.752582060444798140e-01
2.428491522836239147e-01
2.263067643453793854e-01
2.428491522836239425e-01
2.752582060444797585e-01
3.392112312046279832e-01
4.667352532320626635e-01
7.497991640445708095e-01
7.497991640445708095e-01
4.701846684032850443e-01
3.421524396021911052e-01
2.782306923002559329e-01
2.460604986906557989e-01
2.297766233560147309e-01
2.460604986906557989e-01
2.782306923002559329e-01
3.421524396021911052e-01
4.701846684032849888e-01
7.497991640445708095e-01
7.497991640445708095e-01
4.759263776687000513e-01
3.474553266470205570e-01
2.835768856622436496e-01
2.515292376411001896e-01
2.353107743686921327e-01
2.515292376411001896e-01
2.835768856622436496e-01
3.474553266470205570e-01
4.759263776687001068e-01
7.497991640445708095e-01
7.497991640445708095e-01
4.783410318501146175e-01
3.497787053023294623e-01
2.858708649604989049e-01
2.538009701577630395e-01
2.375284703610589798e-01
2.538009701577630395e-01
2.858708649604989049e-01
3.497787053023294623e-01
4.783410318501146175e-01
7.497991640445708095e-01
7.497991640445708095e-01
4.823595482406489721e-01
3.537561975212065168e-01
2.897289790311983193e-01
2.575669881249080806e-01
2.412993070752433855e-01
2.575669881249081361e-01
2.897289790311983193e-01
3.537561975212065168e-01
4.823595482406489721e-01
7.497991640445708095e-01
7.497991640445708095e-01
4.840442128508986586e-01
3.554360445151545367e-01
2.912888230619287144e-01
2.589678060203153831e-01
2.425015107379683565e-01
2.589678060203153831e-01
2.912888230619287144e-01
3.554360445151545367e-01
4.840442128508986586e-01
7.497991640445708095e-01
7.497991640445708095e-01
4.868341225101988634e-01
3.581997677804785174e-01
2.937921549613379257e-01
2.612759229235986913e-01
2.447876807639524921e-01
2.612759229235986913e-01
2.937921549613379812e-01
3.581997677804785174e-01
4.868341225101988634e-01
7.497991640445708095e-01
7.497991640445708095e-01
4.879963472217485609e-01
3.593331150136737651e-01
2.947536998574430411e-01
2.620322205918533820e-01
2.453062498295138782e-01
2.620322205918533820e-01
2.947536998574430411e-01
3.593331150136737651e-01
4.879963472217485609e-01
7.497991640445708095e-01
7.497991640445708095e-01
4.899071345660764853e-01
3.611357772823722279e-01
2.962349341448372586e-01
2.632944878763007202e-01
2.465384833894770367e-01
2.632944878763007202e-01
2.962349341448372586e-01
3.611357772823722279e-01
4.899071345660764853e-01
7.497991640445708095e-01
7.497991640445708095e-01
4.906962515509460387e-01
3.618556569029990344e-01
2.967742487564014042e-01
2.636366815389464824e-01
2.466611624668520464e-01
2.636366815389464824e-01
2.967742487564014042e-01
3.618556569029990344e-01
4.906962515509460387e-01
7.497991640445708095e-01
7.497991640445708095e-01
4.919798487921943630e-01
3.629670041460646979e-01
2.975705672427803039e-01
2.642345518155181927e-01
2.472300345682134082e-01
2.642345518155181927e-01
2.975705672427803039e-01
3.629670041460646979e-01
4.919798487921943630e-01
7.497991640445708095e-01
7.497991640445708095e-01
4.925056461244995964e-01
3.633996480146786112e-01
2.978417531761290427e-01
2.643420652422409645e-01
2.471609546100689281e-01
2.643420652422409645e-01
2.978417531761290427e-01
3.633996480146786112e-01
4.925056461244995964e-01
7.497991640445708095e-01
7.497991640445708095e-01
4.933513085403417042e-01
3.640487001458154181e-01
2.982209086661229414e-01
2.645624145012366313e-01
2.473573198818694308e-01
2.645624145012366313e-01
2.982209086661229414e-01
3.640487001458154181e-01
4.933513085403416487e-01
7.497991640445708095e-01
7.497991640445708095e-01
4.936948517959360294e-01
3.642950554285899756e-01
2.983373885232517564e-01
2.645554087751697536e-01
2.472212385234389687e-01
2.645554087751697536e-01
2.983373885232517564e-01
3.642950554285899756e-01
4.936948517959360849e-01
7.497991640445708095e-01
7.497991640445708095e-01
4.942407167044481353e-01
3.646538166109307144e-01
2.984855333841784364e-01
2.645872851284139515e-01
2.472352091324732382e-01
2.645872851284139515e-01
2.984855333841784364e-01
3.646538166109307144e-01
4.942407167044481353e-01
7.497991640445708095e-01
7.497991640445708095e-01
4.944604888728079684e-01
3.647866081086703072e-01
2.985216050806814292e-01
2.645365731613178450e-01
2.470969709849707430e-01
2.645365731613178450e-01
2.985216050806814292e-01
3.647866081086703072e-01
4.944604888728079684e-01
7.497991640445708095e-01
7.497991640445708095e-01
4.948056605091323279e-01
3.649743351004843817e-01
2.985558102791950885e-01
2.644911074082295643e-01
2.470389143409574551e-01
2.644911074082295643e-01
2.985558102791950885e-01
3.649743351004843817e-01
4.948056605091323279e-01
7.497991640445708095e-01
7.497991640445708095e-01
4.949439292044869876e-01
3.650423870455700714e-01
2.985558764967128909e-01
2.644334737342708408e-01
2.469251065900315845e-01
2.644334737342708408e-01
2.985558764967128909e-01
3.650423870455700714e-01
4.949439292044870431e-01
7.497991640445708095e-01
7.497991640445708095e-01
4.951595431415504178e-01
3.651371933954528082e-01
2.985442027539421117e-01
2.643691197522095582e-01
2.468518652818320336e-01
2.643691197522095582e-01
2.985442027539421117e-01
3.651371933954528082e-01
4.951595431415504178e-01
7.497991640445708095e-01
7.497991640445708095e-01
4.952464555559811799e-01
3.651721993792705345e-01
2.985329960890157341e-01
2.643212746432520577e-01
2.467693312253438354e-01
2.643212746432520577e-01
2.985329960890157341e-01
3.651721993792705345e-01
4.952464555559811799e-01
7.497991640445708095e-01
7.497991640445708095e-01
4.953831234057938238e-01
3.652227098681953832e-01
2.985129153713197980e-01
2.642669334272938486e-01
2.467084634700095480e-01
2.642669334272938486e-01
2.985129153713197980e-01
3.652227098681953832e-01
4.953831234057938238e-01
7.497991640445708095e-01
7.497991640445708095e-01
4.954396277348244171e-01
3.652442868895335870e-01
2.985036734019351212e-01
2.642352438450824015e-01
2.466560898898307874e-01
2.642352438450824015e-01
2.985036734019351212e-01
3.652442868895335315e-01
4.954396277348244171e-01
7.497991640445708095e-01
7.497991640445708095e-01
4.955317497082283307e-01
3.652806084654869889e-01
2.984950901284451064e-01
2.642048640002794269e-01
2.466207722333270125e-01
2.642048640002794269e-01
2.984950901284451064e-01
3.652806084654869889e-01
4.955317497082283307e-01
7.497991640445708095e-01
7.497991640445708095e-01
4.955723002385236109e-01
3.652999587788912650e-01
2.984951607091652082e-01
2.641913812409198981e-01
2.465953615801185494e-01
2.641913812409198981e-01
2.984951607091652082e-01
3.652999587788912650e-01
4.955723002385236109e-01
7.497991640445708095e-01
7.497991640445708095e-01
4.956429528749505264e-01
3.653407756644830862e-01
2.985086691398843861e-01
2.641919990054388268e-01
2.465919866027502239e-01
2.641919990054388268e-01
2.985086691398843861e-01
3.653407756644830862e-01
4.956429528749505264e-01
7.497991640445708095e-01
7.497991640445708095e-01
4.956766867065646731e-01
3.653649230062409603e-01
2.985224271764380655e-01
2.641976896346842629e-01
2.465919890387188729e-01
2.641976896346842629e-01
2.985224271764380655e-01
3.653649230062409603e-01
4.956766867065646731e-01
7.497991640445708095e-01
7.497991640445708095e-01
4.957412436771406195e-01
3.654209391851103161e-01
2.985646943598472824e-01
2.642342406694679902e-01
2.466248967471433018e-01
2.642342406694679902e-01
2.985646943598472824e-01
3.654209391851103161e-01
4.957412436771406195e-01
7.497991640445708095e-01
7.497991640445708095e-01
4.957740471967708729e-01
3.654545659472808738e-01
2.985947729449096588e-01
2.642608687774420928e-01
2.466513344145000453e-01
2.642608687774420928e-01
2.985947729449097143e-01
3.654545659472808738e-01
4.957740471967708729e-01
7.497991640445708095e-01
7.497991640445708095e-01
4.958416492335681047e-01
3.655322036340331593e-01
2.986707106549907897e-01
2.643371643766159185e-01
2.467247558189909207e-01
2.643371643766159740e-01
2.986707106549907897e-01
3.655322036340331593e-01
4.958416492335681047e-01
7.497991640445708095e-01
7.497991640445708095e-01
4.958781076255511788e-01
3.655773553737372561e-01
2.987185108006211176e-01
2.643871542091935090e-01
2.467796411825478320e-01
2.643871542091935090e-01
2.987185108006211176e-01
3.655773553737372561e-01
4.958781076255512343e-01
7.497991640445708095e-01
7.497991640445708095e-01
4.959542250526492446e-01
3.656796998966685974e-01
2.988300369536299739e-01
2.645044774475924232e-01
2.468953438220749252e-01
2.645044774475924232e-01
2.988300369536299739e-01
3.656796998966685974e-01
4.959542250526493001e-01
7.497991640445708095e-01
7.497991640445708095e-01
4.959963913231645871e-01
3.657372677151705664e-01
2.988952178499658663e-01
2.645776602901279140e-01
2.469791402170361527e-01
2.645776602901279140e-01
2.988952178499658663e-01
3.657372677151705109e-01
4.959963913231645871e-01
7.497991640445708095e-01
7.497991640445708095e-01
4.960845937852450538e-01
3.658633615775362946e-01
2.990389619602424887e-01
2.647316419596701387e-01
2.471316305001575175e-01
2.647316419596701387e-01
2.990389619602424887e-01
3.658633615775362946e-01
4.960845937852450538e-01
7.497991640445708095e-01
7.497991640445708095e-01
4.961329552490275629e-01
3.659328762733942142e-01
2.991185388656950606e-01
2.648227872310661146e-01
2.472386129803173238e-01
2.648227872310660591e-01
2.991185388656950606e-01
3.659328762733942142e-01
4.961329552490275074e-01
7.497991640445708095e-01
7.497991640445708095e-01
4.962340876897248787e-01
3.660802747691779269e-01
2.992854889818342690e-01
2.650007456957500507e-01
2.474135540713159609e-01
2.650007456957500507e-01
2.992854889818342135e-01
3.660802747691779269e-01
4.962340876897248787e-01
7.497991640445708095e-01
7.497991640445708095e-01
4.962893565805001073e-01
3.661596560607592310e-01
2.993747061740357762e-01
2.651000039567514288e-01
2.475285318094422315e-01
2.651000039567514288e-01
2.993747061740357762e-01
3.661596560607592310e-01
4.962893565805001073e-01
7.497991640445708095e-01
7.497991640445708095e-01
4.964030186548230583e-01
3.663285243164910443e-01
2.995561621226298099e-01
2.652865750093846842e-01
2.477085699570908961e-01
2.652865750093846842e-01
2.995561621226298099e-01
3.663285243164910443e-01
4.964030186548230583e-01
7.497991640445708095e-01
7.497991640445708095e-01
4.964644806395475118e-01
3.664198717954390006e-01
2.996530586402337271e-01
2.653845472273669293e-01
2.478137454727355471e-01
2.653845472273669293e-01
2.996530586402337271e-01
3.664198717954390006e-01
4.964644806395474563e-01
7.497991640445708095e-01
7.497991640445708095e-01
4.965905293417424704e-01
3.666193950907509214e-01
2.998556857242258289e-01
2.655802280851290442e-01
2.479973644423061896e-01
2.655802280851290442e-01
2.998556857242258289e-01
3.666193950907509214e-01
4.965905293417424704e-01
7.497991640445708095e-01
7.497991640445708095e-01
4.966566458800932282e-01
3.667331334790324693e-01
2.999706042995644029e-01
2.656831309334908298e-01
2.480917169778604492e-01
2.656831309334908298e-01
2.999706042995644029e-01
3.667331334790324693e-01
4.966566458800932282e-01
7.497991640445708095e-01
7.497991640445708095e-01
4.967927112481490548e-01
3.669907325589510938e-01
3.002368637005837226e-01
2.659330219139552920e-01
2.483261433186645384e-01
2.659330219139552920e-01
3.002368637005837226e-01
3.669907325589510938e-01
4.967927112481490548e-01
7.497991640445708095e-01
7.497991640445708095e-01
4.968610697884100480e-01
3.671453780196042294e-01
3.004028782824043620e-01
2.660820807890974526e-01
2.484531916279918151e-01
2.660820807890974526e-01
3.004028782824043620e-01
3.671453780196042294e-01
4.968610697884100480e-01
7.497991640445708095e-01
7.497991640445708095e-01
4.969970216927360740e-01
3.675067655987090953e-01
3.008248619018944470e-01
2.665018324973311703e-01
2.488625254851305757e-01
2.665018324973311703e-01
3.008248619018944470e-01
3.675067655987090398e-01
4.969970216927360740e-01
7.497991640445708095e-01
7.497991640445708095e-01
4.970575867693818317e-01
3.677253370581784475e-01
3.010997441526910290e-01
2.667838190051821656e-01
2.491354976685680456e-01
2.667838190051821656e-01
3.010997441526910290e-01
3.677253370581784475e-01
4.970575867693818317e-01
7.497991640445708095e-01
7.497991640445708095e-01
4.971613112741545271e-01
3.682330364075248608e-01
3.018050691985694201e-01
2.675539545495228544e-01
2.499147076341837470e-01
2.675539545495228544e-01
3.018050691985694756e-01
3.682330364075248608e-01
4.971613112741545271e-01
7.497991640445708095e-01
7.497991640445708095e-01
4.971860695067871760e-01
3.685272633426010525e-01
3.022539652034263447e-01
2.680885552894595736e-01
2.505117585561265070e-01
2.680885552894595736e-01
3.022539652034263447e-01
3.685272633426010525e-01
4.971860695067871760e-01
7.497991640445708095e-01
7.497991640445708095e-01
4.971768861710483267e-01
3.691755227024467456e-01
3.033424076067047226e-01
2.693841810692093053e-01
2.518555474163525765e-01
2.693841810692093053e-01
3.033424076067047226e-01
3.691755227024467456e-01
4.971768861710483267e-01
7.497991640445708095e-01
7.497991640445708095e-01
4.971077885037069044e-01
3.695180676995624136e-01
3.039909422917871362e-01
2.702631395826284311e-01
2.529458556946948544e-01
2.702631395826284311e-01
3.039909422917871362e-01
3.695180676995624136e-01
4.971077885037069044e-01
7.497991640445708095e-01
7.497991640445708095e-01
4.968272863707057230e-01
3.701946421255398745e-01
3.054177093597038040e-01
2.721001751771348620e-01
2.548874500022326739e-01
2.721001751771348620e-01
3.054177093597038040e-01
3.701946421255398745e-01
4.968272863707057785e-01
7.497991640445708095e-01
7.497991640445708095e-01
4.965624148806925819e-01
3.704946551391398168e-01
3.061841412996346712e-01
2.732736062657644127e-01
2.564679380798302044e-01
2.732736062657644127e-01
3.061841412996346712e-01
3.704946551391398724e-01
4.965624148806925819e-01
7.497991640445708095e-01
7.497991640445708095e-01
4.957429989561611405e-01
3.709491472171075888e-01
3.076385827646352933e-01
2.753102402318151065e-01
2.586612973018401207e-01
2.753102402318151065e-01
3.076385827646352933e-01
3.709491472171075888e-01
4.957429989561611405e-01
7.497991640445708095e-01
7.497991640445708095e-01
4.951158140886485759e-01
3.710582984689578812e-01
3.082958465055581354e-01
2.764661969894977589e-01
2.603417430912879915e-01
2.764661969894977589e-01
3.082958465055581354e-01
3.710582984689578812e-01
4.951158140886485759e-01
7.497991640445708095e-01
7.497991640445708095e-01
4.933503655166388557e-01
3.709759645239917303e-01
3.092287278708552023e-01
2.779410380713827622e-01
2.619642681479066870e-01
2.779410380713827622e-01
3.092287278708552023e-01
3.709759645239917303e-01
4.933503655166388002e-01
7.497991640445708095e-01
7.497991640445708095e-01
4.921119715717240384e-01
3.707750198217889537e-01
3.095058657366279720e-01
2.785267882749359325e-01
2.628805120540019802e-01
2.785267882749359325e-01
3.095058657366279720e-01
3.707750198217889537e-01
4.921119715717240384e-01
7.497991640445708095e-01
7.497991640445708095e-01
4.888047839508908865e-01
3.700634857984613224e-01
3.095950558603556280e-01
2.787184625289553241e-01
2.630724557720531820e-01
2.787184625289553241e-01
3.095950558603555725e-01
3.700634857984613224e-01
4.888047839508908865e-01
7.497991640445708095e-01
7.497991640445708095e-01
4.865763717524492216e-01
3.696482772869683076e-01
3.095888707569942055e-01
2.784025557142851826e-01
2.622999019961170797e-01
2.784025557142851826e-01
3.095888707569942055e-01
3.696482772869683076e-01
4.865763717524492216e-01
7.497991640445708095e-01
7.497991640445708095e-01
4.807380316519009877e-01
3.688541322960101621e-01
3.100215636397261609e-01
2.782487310746106779e-01
2.618489413088758155e-01
2.782487310746106779e-01
3.100215636397261609e-01
3.688541322960101621e-01
4.807380316519009322e-01
7.497991640445708095e-01
7.497991640445708095e-01
4.768348275705313055e-01
3.686783054824399053e-01
3.111314018914179691e-01
2.783450345766959044e-01
2.599805692599611029e-01
2.783450345766959044e-01
3.111314018914179691e-01
3.686783054824399053e-01
4.768348275705313610e-01
7.497991640445708095e-01
7.497991640445708095e-01
4.666037619337091158e-01
3.689571504079665054e-01
3.169542660956865543e-01
2.849663524412781035e-01
2.663101110540560534e-01
2.849663524412781035e-01
3.169542660956865543e-01
3.689571504079665054e-01
4.666037619337091158e-01
7.497991640445708095e-01
7.497991640445708095e-01
4.596898579029839449e-01
3.693816652137211776e-01
3.227936651573814486e-01
2.928956161994065721e-01
2.717218054744076072e-01
2.928956161994065721e-01
3.227936651573814486e-01
3.693816652137211776e-01
4.596898579029839449e-01
7.497991640445708095e-01
7.497991640445708095e-01
4.414221753095736722e-01
3.703267194766312609e-01
3.410610581721605916e-01
3.330864250760531831e-01
3.349167479417586302e-01
3.330864250760531831e-01
3.410610581721605916e-01
3.703267194766312609e-01
4.414221753095736722e-01
7.497991640445708095e-01
4.289967869871661454e-01
4.289988375658846942e-01
3.697564707523238736e-01
3.463509993615985216e-01
3.408005673245633194e-01
3.405535426754941475e-01
3.408005673245633194e-01
3.463509993615985216e-01
3.697564707523238736e-01
4.289988375658846942e-01
4.289967869871661454e-01
4.086394721832731225e-01
4.086467676570292862e-01
3.665946160016897992e-01
3.498647602913896315e-01
3.455009920375490817e-01
3.451200313310837098e-01
3.455009920375490817e-01
3.498647602913896315e-01
3.665946160016897992e-01
4.086467676570292862e-01
4.086394721832731225e-01
4.000589192021353768e-01
4.000768594138421896e-01
3.642998775715358684e-01
3.493175263877948966e-01
3.439733793261831041e-01
3.415278667531126966e-01
3.439733793261831041e-01
3.493175263877948966e-01
3.642998775715358684e-01
4.000768594138421896e-01
4.000589192021353213e-01
3.856520192256900903e-01
3.856565322624973535e-01
3.587136792423569198e-01
3.456743202462407294e-01
3.398358188307162853e-01
3.371470654316822135e-01
3.398358188307162853e-01
3.456743202462407849e-01
3.587136792423569198e-01
3.856565322624972980e-01
3.856520192256900903e-01
3.794706807909249413e-01
3.794782800562990221e-01
3.557910667983590347e-01
3.433947033412769190e-01
3.371280678936954267e-01
3.337403983327930090e-01
3.371280678936954822e-01
3.433947033412769190e-01
3.557910667983590347e-01
3.794782800562990221e-01
3.794706807909248858e-01
3.689147372840542727e-01
3.689209276572526508e-01
3.499996129870999728e-01
3.387601833129909590e-01
3.325634260358250605e-01
3.291827224553837139e-01
3.325634260358250605e-01
3.387601833129909590e-01
3.499996129870999728e-01
3.689209276572526508e-01
3.689147372840542727e-01
3.643582132568950471e-01
3.643653597272392131e-01
3.473212073925654453e-01
3.366895534344466756e-01
3.306944328620077256e-01
3.274552457044397347e-01
3.306944328620077256e-01
3.366895534344466756e-01
3.473212073925654453e-01
3.643653597272392131e-01
3.643582132568950471e-01
3.565494098640825116e-01
3.565603368847249377e-01
3.425097034605549817e-01
3.331720000698808470e-01
3.277328771475247482e-01
3.246600043016600878e-01
3.277328771475247482e-01
3.331720000698808470e-01
3.425097034605549817e-01
3.565603368847249932e-01
3.565494098640825116e-01
3.531895431771263083e-01
3.531934151791537024e-01
3.404221036217640606e-01
3.317795891004253761e-01
3.268332735658506238e-01
3.242331921669604489e-01
3.268332735658506238e-01
3.317795891004253761e-01
3.404221036217641161e-01
3.531934151791537024e-01
3.531895431771263638e-01
3.474412276346025008e-01
3.474509459666315081e-01
3.368671190450715502e-01
3.295850992109559119e-01
3.253576007466393305e-01
3.229768044770982560e-01
3.253576007466393305e-01
3.295850992109558564e-01
3.368671190450715502e-01
3.474509459666315081e-01
3.474412276346025008e-01
3.449788682669912010e-01
3.449835892607406862e-01
3.353724575817952913e-01
3.287646245679825552e-01
3.250601714137398845e-01
3.231755691173634482e-01
3.250601714137398290e-01
3.287646245679825552e-01
3.353724575817952358e-01
3.449835892607406862e-01
3.449788682669911455e-01
3.407893163722799379e-01
3.407956762734333234e-01
3.328826770506580490e-01
3.274919773073778906e-01
3.244458405222637731e-01
3.227628175537182731e-01
3.244458405222637731e-01
3.274919773073778906e-01
3.328826770506580490e-01
3.407956762734333234e-01
3.407893163722799379e-01
3.390000098476970702e-01
3.389964405463731234e-01
3.318434529132552879e-01
3.270144252367840343e-01
3.243931174540575224e-01
3.230990095304747123e-01
3.243931174540575224e-01
3.270144252367840343e-01
3.318434529132552324e-01
3.389964405463731234e-01
3.390000098476970702e-01
3.359454716003321684e-01
3.359492509039182506e-01
3.301058990100146917e-01
3.262359434918901679e-01
3.241201602714754992e-01
3.229804402080455605e-01
3.241201602714754992e-01
3.262359434918901679e-01
3.301058990100146917e-01
3.359492509039182506e-01
3.359454716003321684e-01
3.346415136926978451e-01
3.346365409385747003e-01
3.293724157359202986e-01
3.259225062513380622e-01
3.241040770984464081e-01
3.232238206055746965e-01
3.241040770984464081e-01
3.259225062513380622e-01
3.293724157359202986e-01
3.346365409385747003e-01
3.346415136926978451e-01
3.324103997760910478e-01
3.324106953527414809e-01
3.281236599749169369e-01
3.253641389713993748e-01
3.238939165030942924e-01
3.231201900259239590e-01
3.238939165030942924e-01
3.253641389713993748e-01
3.281236599749169369e-01
3.324106953527414809e-01
3.324103997760910478e-01
3.314540603102619776e-01
3.314498400055185257e-01
3.275858117328317443e-01
3.251185093930752945e-01
3.238392609563433000e-01
3.232227359339515660e-01
3.238392609563433000e-01
3.251185093930752945e-01
3.275858117328317443e-01
3.314498400055185812e-01
3.314540603102619776e-01
3.298143984230463288e-01
3.298122100631553089e-01
3.266522060114009918e-01
3.246560633277702501e-01
3.236034786687140841e-01
3.230567844012552925e-01
3.236034786687141396e-01
3.246560633277701946e-01
3.266522060114009918e-01
3.298122100631553089e-01
3.298143984230463288e-01
3.291073827436036270e-01
3.291044314794033254e-01
3.262435117610519297e-01
3.244442312841578357e-01
3.235110203632452497e-01
3.230576809124336979e-01
3.235110203632452497e-01
3.244442312841578357e-01
3.262435117610519297e-01
3.291044314794033254e-01
3.291073827436036270e-01
3.278942061506470163e-01
3.278916610310785851e-01
3.255272608905108167e-01
3.240441028387396338e-01
3.232583309309264852e-01
3.228499390463874796e-01
3.232583309309264852e-01
3.240441028387396338e-01
3.255272608905108167e-01
3.278916610310786406e-01
3.278942061506470163e-01
3.273698142357740482e-01
3.273674637002333965e-01
3.252120042819536261e-01
3.238627882619182774e-01
3.231540026489466699e-01
3.228060792434276349e-01
3.231540026489466699e-01
3.238627882619182774e-01
3.252120042819536261e-01
3.273674637002333965e-01
3.273698142357740482e-01
3.264701925230422130e-01
3.264672188317377377e-01
3.246606529058861934e-01
3.235276071805598397e-01
3.229200342782946320e-01
3.226015622197592747e-01
3.229200342782946320e-01
3.235276071805598397e-01
3.246606529058861379e-01
3.264672188317377377e-01
3.264701925230422130e-01
3.260807904515135025e-01
3.260789639564506959e-01
3.244186587483673390e-01
3.233804664635896442e-01
3.228267907941373416e-01
3.225529810645246243e-01
3.228267907941373416e-01
3.233804664635896442e-01
3.244186587483673390e-01
3.260789639564506959e-01
3.260807904515135025e-01
3.254152322466666303e-01
3.254107270886720804e-01
3.239997813951560612e-01
3.231167064049814686e-01
3.226378514566655697e-01
3.223856462365484177e-01
3.226378514566655697e-01
3.231167064049814686e-01
3.239997813951560057e-01
3.254107270886720804e-01
3.254152322466665748e-01
3.251255886221574021e-01
3.251239059393574715e-01
3.238168377280311594e-01
3.230044143513541854e-01
3.225677311489892896e-01
3.223512811730988026e-01
3.225677311489892896e-01
3.230044143513541854e-01
3.238168377280311594e-01
3.251239059393574715e-01
3.251255886221574021e-01
3.246331750890616430e-01
3.246285924657590916e-01
3.235039951947188408e-01
3.228090720679619996e-01
3.224308962071313345e-01
3.222320699555022983e-01
3.224308962071313345e-01
3.228090720679619996e-01
3.235039951947188408e-01
3.246285924657591471e-01
3.246331750890616430e-01
3.244191787214437128e-01
3.244158850014131623e-01
3.233685675575734830e-01
3.227277746967229799e-01
3.223840559407898931e-01
3.222150940551943288e-01
3.223840559407898931e-01
3.227277746967229799e-01
3.233685675575734830e-01
3.244158850014131623e-01
3.244191787214437128e-01
3.240536571006783495e-01
3.240495849426348607e-01
3.231378134253341528e-01
3.225889386254655045e-01
3.222920255015778168e-01
3.221373879336683066e-01
3.222920255015778168e-01
3.225889386254655045e-01
3.231378134253341528e-01
3.240495849426348607e-01
3.240536571006783495e-01
3.238958496062634973e-01
3.238914263051583253e-01
3.230390561421790374e-01
3.225316516263010969e-01
3.222624927276149243e-01
3.221321777882633075e-01
3.222624927276149243e-01
3.225316516263010969e-01
3.230390561421790374e-01
3.238914263051583253e-01
3.238958496062634973e-01
3.236248122707608421e-01
3.236202154323384872e-01
3.228700485398984799e-01
3.224347394738293349e-01
3.222021525481571502e-01
3.220835506665460923e-01
3.222021525481570947e-01
3.224347394738293349e-01
3.228700485398984799e-01
3.236202154323384872e-01
3.236248122707608421e-01
3.235074536455187499e-01
3.235030702264004021e-01
3.227981684524212080e-01
3.223942426979009013e-01
3.221837498405021316e-01
3.220834127331700936e-01
3.221837498405021316e-01
3.223942426979008458e-01
3.227981684524212080e-01
3.235030702264004576e-01
3.235074536455187499e-01
3.233065020245072807e-01
3.233023189097722350e-01
3.226745877895751957e-01
3.223262543692691495e-01
3.221433879913091491e-01
3.220523766139867239e-01
3.221433879913091491e-01
3.223262543692691495e-01
3.226745877895751957e-01
3.233023189097722350e-01
3.233065020245072807e-01
3.232203088375909528e-01
3.232151200992257056e-01
3.226223125757427534e-01
3.222973974169152100e-01
3.221309586279036963e-01
3.220534252661351182e-01
3.221309586279036963e-01
3.222973974169152100e-01
3.226223125757426979e-01
3.232151200992257056e-01
3.232203088375909528e-01
3.230710356622140123e-01
3.230675857536747242e-01
3.225318492306263884e-01
3.222484804425274074e-01
3.221028747177772100e-01
3.220319402935526432e-01
3.221028747177772100e-01
3.222484804425273519e-01
3.225318492306264440e-01
3.230675857536747242e-01
3.230710356622140123e-01
3.230084204658070779e-01
3.230027497261166447e-01
3.224937176423822716e-01
3.222277681195693244e-01
3.220933835422015723e-01
3.220324699648435818e-01
3.220933835422015723e-01
3.222277681195693244e-01
3.224937176423822716e-01
3.230027497261166447e-01
3.230084204658070224e-01
3.228987232141257158e-01
3.228949264255782103e-01
3.224275343910120162e-01
3.221917894311779884e-01
3.220727636552289663e-01
3.220163152988150257e-01
3.220727636552289663e-01
3.221917894311779884e-01
3.224275343910120162e-01
3.228949264255782103e-01
3.228987232141257158e-01
3.228528864308961577e-01
3.228475666325462679e-01
3.223997374421838091e-01
3.221764171984090597e-01
3.220652985251986622e-01
3.220158534275081585e-01
3.220652985251986622e-01
3.221764171984090597e-01
3.223997374421838091e-01
3.228475666325462679e-01
3.228528864308961577e-01
3.227733122119044729e-01
3.227692688815707034e-01
3.223511675043008173e-01
3.221499273485485260e-01
3.220493734104699080e-01
3.220031926950096546e-01
3.220493734104699080e-01
3.221499273485485260e-01
3.223511675043007618e-01
3.227692688815707034e-01
3.227733122119044173e-01
3.227403464392465393e-01
3.227347818888594566e-01
3.223312626649986190e-01
3.221380874550772155e-01
3.220435576650765852e-01
3.220020280711467509e-01
3.220435576650765852e-01
3.221380874550772155e-01
3.223312626649986190e-01
3.227347818888594566e-01
3.227403464392465393e-01
3.226825477101000761e-01
3.226786319450563600e-01
3.222954394175770454e-01
3.221186347031289587e-01
3.220311087162160968e-01
3.219920414883781778e-01
3.220311087162160968e-01
3.221186347031289587e-01
3.222954394175770454e-01
3.226786319450563600e-01
3.226825477101000761e-01
3.226593563270601095e-01
3.226533265857507438e-01
3.222812088620883308e-01
3.221095512387610049e-01
3.220264950498215595e-01
3.219905639939062425e-01
3.220264950498215595e-01
3.221095512387610049e-01
3.222812088620883308e-01
3.226533265857506882e-01
3.226593563270600540e-01
3.226173882698072926e-01
3.226132152489920579e-01
3.222549789528324493e-01
3.220950760556082204e-01
3.220170171425375538e-01
3.219828317560480269e-01
3.220170171425375538e-01
3.220950760556082204e-01
3.222549789528324493e-01
3.226132152489920024e-01
3.226173882698072926e-01
3.226008010514276325e-01
3.225948609739552886e-01
3.222444200148357196e-01
3.220884430316893199e-01
3.220132206864405600e-01
3.219813711510994270e-01
3.220132206864405044e-01
3.220884430316893199e-01
3.222444200148357751e-01
3.225948609739553441e-01
3.226008010514276325e-01
3.225706531678819156e-01
3.225658715631125606e-01
3.222254132668809778e-01
3.220774506152102035e-01
3.220063134826415818e-01
3.219755372402753890e-01
3.220063134826415818e-01
3.220774506152101480e-01
3.222254132668809778e-01
3.225658715631125606e-01
3.225706531678819156e-01
3.225584028757871313e-01
3.225528324341703224e-01
3.222174963800456537e-01
3.220727684907319088e-01
3.220031070283139729e-01
3.219742204610328562e-01
3.220031070283139729e-01
3.220727684907319088e-01
3.222174963800456537e-01
3.225528324341703224e-01
3.225584028757871313e-01
3.225368693004050935e-01
3.225316956755931441e-01
3.222034564118190225e-01
3.220645470430705259e-01
3.219981850902917664e-01
3.219700194016663630e-01
3.219981850902917664e-01
3.220645470430705259e-01
3.222034564118190225e-01
3.225316956755931441e-01
3.225368693004050935e-01
3.225278632601278339e-01
3.225223916377796263e-01
3.221979456393355701e-01
3.220609999530975598e-01
3.219955784403241150e-01
3.219685818048179660e-01
3.219955784403241150e-01
3.220609999530975598e-01
3.221979456393355146e-01
3.225223916377796263e-01
3.225278632601278339e-01
3.225122939113270748e-01
3.225071922144129299e-01
3.221884802667351333e-01
3.220551578133736270e-01
3.219921070239467054e-01
3.219658955736479644e-01
3.219921070239467054e-01
3.220551578133736270e-01
3.221884802667351888e-01
3.225071922144129299e-01
3.225122939113270748e-01
3.225060402855423058e-01
3.225007687407848156e-01
3.221840503035893755e-01
3.220529240755287126e-01
3.219901662460587510e-01
3.219645535237303791e-01
3.219901662460587510e-01
3.220529240755287126e-01
3.221840503035893200e-01
3.225007687407848156e-01
3.225060402855423058e-01
3.224959195664117151e-01
3.224901971375536136e-01
3.221790329362653749e-01
3.220490137217114079e-01
3.219883185840372586e-01
3.219630445045283951e-01
3.219883185840372586e-01
3.220490137217113524e-01
3.221790329362653749e-01
3.224901971375536136e-01
3.224959195664117151e-01
3.224912042975227044e-01
3.224869732739705230e-01
3.221760046523591825e-01
3.220482049698815685e-01
3.219868382713741428e-01
3.219620463934680377e-01
3.219868382713741428e-01
3.220482049698815685e-01
3.221760046523591825e-01
3.224869732739705230e-01
3.224912042975227044e-01
3.224868325416725967e-01
3.224804973775107775e-01
3.221702507826546547e-01
3.220486449162232589e-01
3.219857170511514211e-01
3.219620109506685091e-01
3.219857170511514211e-01
3.220486449162232589e-01
3.221702507826546547e-01
3.224804973775107775e-01
3.224868325416725967e-01
3.224838510618776577e-01
3.224795161780331099e-01
3.221762039471163797e-01
3.220467264084881376e-01
3.219876253998830151e-01
3.219606886092316600e-01
3.219876253998830151e-01
3.220467264084880821e-01
3.221762039471163797e-01
3.224795161780331099e-01
3.224838510618776577e-01
3.224826137504793189e-01
3.224786906065704728e-01
3.221752848771513578e-01
3.220450722404817334e-01
3.219910672273817998e-01
3.219643521480956005e-01
3.219910672273817998e-01
3.220450722404816779e-01
3.221752848771513578e-01
3.224786906065704173e-01
3.224826137504793744e-01
3.224845262547601510e-01
3.224786582734920359e-01
3.221763295411126382e-01
3.220450713745481308e-01
3.219850334494979149e-01
3.219648294174685121e-01
3.219850334494978594e-01
3.220450713745480753e-01
3.221763295411126382e-01
3.224786582734920359e-01
3.224845262547600955e-01
3.224877315984749915e-01
3.224831227434517555e-01
3.221743097490085694e-01
3.220416391323772665e-01
3.219827900112620656e-01
3.219570886285428868e-01
3.219827900112620656e-01
3.220416391323772665e-01
3.221743097490085694e-01
3.224831227434517555e-01
3.224877315984749915e-01
3.224912260334437675e-01
3.224849211064580445e-01
3.221618861494954245e-01
3.220376552318396368e-01
3.219796039593665338e-01
3.219560283592522443e-01
3.219796039593665338e-01
3.220376552318396368e-01
3.221618861494954245e-01
3.224849211064581000e-01
3.224912260334437120e-01
3.224967545103313293e-01
3.224909632445466245e-01
3.221519614288506084e-01
3.220633659664454695e-01
3.219741509220842568e-01
3.219607942316089488e-01
3.219741509220842568e-01
3.220633659664454695e-01
3.221519614288506084e-01
3.224909632445466245e-01
3.224967545103313293e-01
3.225003683186520309e-01
3.224936416671059236e-01
3.221444959473344083e-01
3.220559601271810735e-01
3.219789734006935911e-01
3.219585943445042453e-01
3.219789734006935911e-01
3.220559601271810735e-01
3.221444959473344083e-01
3.224936416671059236e-01
3.225003683186520309e-01
3.225071533956297976e-01
3.225005909315857289e-01
3.221344255387927347e-01
3.220779303593452325e-01
3.220050674952364966e-01
3.219858022979356083e-01
3.220050674952364966e-01
3.220779303593452325e-01
3.221344255387927347e-01
3.225005909315857289e-01
3.225071533956297976e-01
3.225109067819785791e-01
3.225035440708713397e-01
3.221333247313091785e-01
3.220889756199160070e-01
3.220345042604959573e-01
3.220022694179611178e-01
3.220345042604959573e-01
3.220889756199160070e-01
3.221333247313091785e-01
3.225035440708713397e-01
3.225109067819785791e-01
3.225169337817124782e-01
3.225109067819785791e-01
3.221298802722084020e-01
3.220983651023117122e-01
3.220548206704578753e-01
3.219977084256871458e-01
3.220548206704578753e-01
3.220983651023116567e-01
3.221298802722084020e-01
3.225109067819785791e-01
3.225169337817124782e-01
