2.414382714385121531e-01
2.414520976863496760e-01
2.421446842229068308e-01
2.422841013427980139e-01
2.424204675483559168e-01
2.425530221096571792e-01
2.424204675483559168e-01
2.422841013427980139e-01
2.421446842229068308e-01
2.414520976863496760e-01
2.414382714385121531e-01
2.414520976863496760e-01
2.414645768900458844e-01
2.421361293770344092e-01
2.422868046424052901e-01
2.424308292251488584e-01
2.424891694153346877e-01
2.424308292251488584e-01
2.422868046424052901e-01
2.421361293770344092e-01
2.414645768900458567e-01
2.414520976863496760e-01
2.414579764436346476e-01
2.414711250985476787e-01
2.421347880969317301e-01
2.423084782456853270e-01
2.424564388634916079e-01
2.424916869112556383e-01
2.424564388634916079e-01
2.423084782456853270e-01
2.421347880969317301e-01
2.414711250985476787e-01
2.414579764436346476e-01
2.414704740777016689e-01
2.414827747396909863e-01
2.421298491231027028e-01
2.423324909882976497e-01
2.424482803499934114e-01
2.424970239779884185e-01
2.424482803499934114e-01
2.423324909882976497e-01
2.421298491231027028e-01
2.414827747396909863e-01
2.414704740777016689e-01
2.414759082519895017e-01
2.414887608803159558e-01
2.421305735096876133e-01
2.423496707070428302e-01
2.424520015421819386e-01
2.425057373970016250e-01
2.424520015421819386e-01
2.423496707070428302e-01
2.421305735096876133e-01
2.414887608803159558e-01
2.414759082519895017e-01
2.414872219065865300e-01
2.414989227966392593e-01
2.421330511107590011e-01
2.423644586039224447e-01
2.424544962102543333e-01
2.425065068316381578e-01
2.424544962102543333e-01
2.423644586039224447e-01
2.421330511107590011e-01
2.414989227966392593e-01
2.414872219065865300e-01
2.414916217080432526e-01
2.415039453412006210e-01
2.421362113964033724e-01
2.423666767392439469e-01
2.424620558610529053e-01
2.425137577839633907e-01
2.424620558610529053e-01
2.423666767392439469e-01
2.421362113964033724e-01
2.415039453412006210e-01
2.414916217080432526e-01
2.414997362893091803e-01
2.415122368137202491e-01
2.421520093572072374e-01
2.423732879057227951e-01
2.424666804886747018e-01
2.425175492605000094e-01
2.424666804886747018e-01
2.423732879057227951e-01
2.421520093572072374e-01
2.415122368137202491e-01
2.414997362893091803e-01
2.415035228455743310e-01
2.415157523446555821e-01
2.421577149693729392e-01
2.423781220142779413e-01
2.424710092874776124e-01
2.425291096333275220e-01
2.424710092874776124e-01
2.423781220142779413e-01
2.421577149693729392e-01
2.415157523446555821e-01
2.415035228455743310e-01
2.415092935421869202e-01
2.415219737126578226e-01
2.421704635718935350e-01
2.423882304818896771e-01
2.424813348116068579e-01
2.425335433858472611e-01
2.424813348116068579e-01
2.423882304818896771e-01
2.421704635718935350e-01
2.415219737126578226e-01
2.415092935421869202e-01
2.415117805648896721e-01
2.415251760881187149e-01
2.421782597812874582e-01
2.423934082553618197e-01
2.424878453835260517e-01
2.425426104404915795e-01
2.424878453835260517e-01
2.423934082553618197e-01
2.421782597812874582e-01
2.415251760881187149e-01
2.415117805648896721e-01
2.415182240190542617e-01
2.415305075781317423e-01
2.421840358479408761e-01
2.424019910937504907e-01
2.424949837589508439e-01
2.425469247387217475e-01
2.424949837589508439e-01
2.424019910937504907e-01
2.421840358479408761e-01
2.415305075781317423e-01
2.415182240190542895e-01
2.415203839341566183e-01
2.415342294853107252e-01
2.421893061080807874e-01
2.424068929652369864e-01
2.425002772950025642e-01
2.425557041405158321e-01
2.425002772950025642e-01
2.424068929652369864e-01
2.421893061080807874e-01
2.415342294853107252e-01
2.415203839341566183e-01
2.415272797831840290e-01
2.415401069810688139e-01
2.421969868632767864e-01
2.424142845041213357e-01
2.425080373342046736e-01
2.425597505267726717e-01
2.425080373342046736e-01
2.424142845041213357e-01
2.421969868632767864e-01
2.415401069810688139e-01
2.415272797831840568e-01
2.415304448975817142e-01
2.415437715947621466e-01
2.422013302656877975e-01
2.424199683468325206e-01
2.425128595468114823e-01
2.425680778221642742e-01
2.425128595468114823e-01
2.424199683468325206e-01
2.422013302656877975e-01
2.415437715947621466e-01
2.415304448975817420e-01
2.415376552516582398e-01
2.415511631813381521e-01
2.422101720294689287e-01
2.424273209600117107e-01
2.425204686556121925e-01
2.425721247823103277e-01
2.425204686556121925e-01
2.424273209600117107e-01
2.422101720294689287e-01
2.415511631813381521e-01
2.415376552516582120e-01
2.415419466022404316e-01
2.415550845229206822e-01
2.422153949755158353e-01
2.424328374295535160e-01
2.425251503309336643e-01
2.425798858444976891e-01
2.425251503309336643e-01
2.424328374295535160e-01
2.422153949755158353e-01
2.415550845229206822e-01
2.415419466022404316e-01
2.415507832254194798e-01
2.415645900175029948e-01
2.422245230697154250e-01
2.424403527675919878e-01
2.425325985384437222e-01
2.425838916066797579e-01
2.425325985384437222e-01
2.424403527675919878e-01
2.422245230697154250e-01
2.415645900175029948e-01
2.415507832254194798e-01
2.415563401342499805e-01
2.415696055720447932e-01
2.422305187252250802e-01
2.424459958510340185e-01
2.425369667350218139e-01
2.425909754456130052e-01
2.425369667350218139e-01
2.424459958510340185e-01
2.422305187252250802e-01
2.415696055720447932e-01
2.415563401342499805e-01
2.415681532059700820e-01
2.415820841706102506e-01
2.422408923725645480e-01
2.424539920960755435e-01
2.425445734637379780e-01
2.425950903110863921e-01
2.425445734637379780e-01
2.424539920960755435e-01
2.422408923725645480e-01
2.415820841706102229e-01
2.415681532059700820e-01
2.415754685924298706e-01
2.415889151258720502e-01
2.422478273181860042e-01
2.424600182296254292e-01
2.425488751694077905e-01
2.426015815624414373e-01
2.425488751694077905e-01
2.424600182296254292e-01
2.422478273181860042e-01
2.415889151258720502e-01
2.415754685924298706e-01
2.415915707146296942e-01
2.416055704009881788e-01
2.422605404145617980e-01
2.424692097722149220e-01
2.425569341851678273e-01
2.426061322911410856e-01
2.425569341851678273e-01
2.424692097722149220e-01
2.422605404145617980e-01
2.416055704009881511e-01
2.415915707146296942e-01
2.416013148006855571e-01
2.416150377152376238e-01
2.422689830490006024e-01
2.424758646425106134e-01
2.425615577650658827e-01
2.426122887345066315e-01
2.425615577650658827e-01
2.424758646425106134e-01
2.422689830490006024e-01
2.416150377152376238e-01
2.416013148006855571e-01
2.416235550152303069e-01
2.416375442801603768e-01
2.422852449109842987e-01
2.424872249705743443e-01
2.425709643346759536e-01
2.426182223272181082e-01
2.425709643346759536e-01
2.424872249705743443e-01
2.422852449109842987e-01
2.416375442801603768e-01
2.416235550152303069e-01
2.416366657159775277e-01
2.416507387586585287e-01
2.422957701992641544e-01
2.424951096715601551e-01
2.425763449195911803e-01
2.426245559000101415e-01
2.425763449195911803e-01
2.424951096715601551e-01
2.422957701992641544e-01
2.416507387586585287e-01
2.416366657159775277e-01
2.416674246144893956e-01
2.416814609435425087e-01
2.423171763435727488e-01
2.425095764846985913e-01
2.425881544133355883e-01
2.426327429065083530e-01
2.425881544133355883e-01
2.425095764846985913e-01
2.423171763435727488e-01
2.416814609435425087e-01
2.416674246144893956e-01
2.416853563823955775e-01
2.416996977884169340e-01
2.423304728962317744e-01
2.425193660271031670e-01
2.425946439574301894e-01
2.426397965722952299e-01
2.425946439574301894e-01
2.425193660271031393e-01
2.423304728962317744e-01
2.416996977884169340e-01
2.416853563823955775e-01
2.417276875604946196e-01
2.417419695390566337e-01
2.423587345445541164e-01
2.425377382524235015e-01
2.426094103691457671e-01
2.426505251173245170e-01
2.426094103691457671e-01
2.425377382524235015e-01
2.423587345445541164e-01
2.417419695390566337e-01
2.417276875604946196e-01
2.417525168390103341e-01
2.417670015329445588e-01
2.423758273530638163e-01
2.425497057399067236e-01
2.426170397209436169e-01
2.426581716777885811e-01
2.426170397209436169e-01
2.425497057399067236e-01
2.423758273530637886e-01
2.417670015329445588e-01
2.417525168390103341e-01
2.418107737627826770e-01
2.418253678860428080e-01
2.424128180565905399e-01
2.425724905015455846e-01
2.426342847574767814e-01
2.426708247090877679e-01
2.426342847574767814e-01
2.425724905015455846e-01
2.424128180565905399e-01
2.418253678860428080e-01
2.418107737627827047e-01
2.418451512522111768e-01
2.418598235465902468e-01
2.424350102625828784e-01
2.425864931152991177e-01
2.426424407954049511e-01
2.426776682279984387e-01
2.426424407954049511e-01
2.425864931152991177e-01
2.424350102625828507e-01
2.418598235465902468e-01
2.418451512522111768e-01
2.419256361026728697e-01
2.419403823938618692e-01
2.424833769599586963e-01
2.426137357654900295e-01
2.426605557235544941e-01
2.426903267312449097e-01
2.426605557235544941e-01
2.426137357654900295e-01
2.424833769599586963e-01
2.419403823938618692e-01
2.419256361026728697e-01
2.419730290764804392e-01
2.419880502406099587e-01
2.425122646658944003e-01
2.426297142024373688e-01
2.426677596647038304e-01
2.426935108995141588e-01
2.426677596647038304e-01
2.426297142024373688e-01
2.425122646658944003e-01
2.419880502406099587e-01
2.419730290764804392e-01
2.420844330227588381e-01
2.420991823573387103e-01
2.425763526766459288e-01
2.426616707440874821e-01
2.426849346557295173e-01
2.427036552917768986e-01
2.426849346557295173e-01
2.426616707440874821e-01
2.425763526766459288e-01
2.420991823573387103e-01
2.420844330227588381e-01
2.421497579454204574e-01
2.421651924872236517e-01
2.426144716912318477e-01
2.426803522603177277e-01
2.426895725790597369e-01
2.426995920732476497e-01
2.426895725790597369e-01
2.426803522603177277e-01
2.426144716912318477e-01
2.421651924872236517e-01
2.421497579454204574e-01
2.423038691735665273e-01
2.423186778703856070e-01
2.427015237185099206e-01
2.427197057965201632e-01
2.427061656424693292e-01
2.427068710820337594e-01
2.427061656424693292e-01
2.427197057965201632e-01
2.427015237185099206e-01
2.423186778703856070e-01
2.423038691735665273e-01
2.423941660261303699e-01
2.424099175360860947e-01
2.427534732812263729e-01
2.427436204005165299e-01
2.427085269962541980e-01
2.426934769014980064e-01
2.427085269962541980e-01
2.427436204005165299e-01
2.427534732812263729e-01
2.424099175360860947e-01
2.423941660261303699e-01
2.426070602155564471e-01
2.426220852141394713e-01
2.428751520762406080e-01
2.427987257571488922e-01
2.427308125395055138e-01
2.427039795047774839e-01
2.427308125395055138e-01
2.427987257571488922e-01
2.428751520762406080e-01
2.426220852141394713e-01
2.426070602155564471e-01
2.427319228362524728e-01
2.427479437194114686e-01
2.429484625027459044e-01
2.428336215073535753e-01
2.427356609189329772e-01
2.426842701740055119e-01
2.427356609189329772e-01
2.428336215073535753e-01
2.429484625027459044e-01
2.427479437194114686e-01
2.427319228362524728e-01
2.430254612843101292e-01
2.430405875970490237e-01
2.431221552177309231e-01
2.429208780111510591e-01
2.427793560188437616e-01
2.427139524551992222e-01
2.427793560188437616e-01
2.429208780111510591e-01
2.431221552177309231e-01
2.430405875970490237e-01
2.430254612843101292e-01
2.431972270219389110e-01
2.432136805051748341e-01
2.432270672254536192e-01
2.429766981846952500e-01
2.427975992716389642e-01
2.426995410289328747e-01
2.427975992716389642e-01
2.429766981846952500e-01
2.432270672254536192e-01
2.432136805051748341e-01
2.431972270219389110e-01
2.435999386817150891e-01
2.436149162486291875e-01
2.434753056827466122e-01
2.431193841114512588e-01
2.428879351923838026e-01
2.427740377038619390e-01
2.428879351923838026e-01
2.431193841114512588e-01
2.434753056827466122e-01
2.436149162486291875e-01
2.435999386817150891e-01
2.438344160149892303e-01
2.438514087555296306e-01
2.436233452895967266e-01
2.432086915277165140e-01
2.429350018009980017e-01
2.427847486396386700e-01
2.429350018009980017e-01
2.432086915277165140e-01
2.436233452895967266e-01
2.438514087555296306e-01
2.438344160149892303e-01
2.443823919986837512e-01
2.443974330969078679e-01
2.439699275622241037e-01
2.434294804127126455e-01
2.430980003579841231e-01
2.429305176410274381e-01
2.430980003579841231e-01
2.434294804127126455e-01
2.439699275622241037e-01
2.443974330969078679e-01
2.443823919986837512e-01
2.447005157909651618e-01
2.447180086113870390e-01
2.441718999938636003e-01
2.435613266348400363e-01
2.431856877235690217e-01
2.429840906185599392e-01
2.431856877235690217e-01
2.435613266348400363e-01
2.441718999938636003e-01
2.447180086113870390e-01
2.447005157909651618e-01
2.454413867974213348e-01
2.454567489275827075e-01
2.446365238796318620e-01
2.438677587820011761e-01
2.434266570026734078e-01
2.432052931136887697e-01
2.434266570026734078e-01
2.438677587820011761e-01
2.446365238796318620e-01
2.454567489275827075e-01
2.454413867974213348e-01
2.458713557234963321e-01
2.458893108251797854e-01
2.449007781681840357e-01
2.440387578744839803e-01
2.435482999722501929e-01
2.432952999347069989e-01
2.435482999722501929e-01
2.440387578744839803e-01
2.449007781681840357e-01
2.458893108251797854e-01
2.458713557234963043e-01
2.468708960524114704e-01
2.468863999318751945e-01
2.454971336758567657e-01
2.444079388473160697e-01
2.438263263996251207e-01
2.435454444012808417e-01
2.438263263996251207e-01
2.444079388473160697e-01
2.454971336758567657e-01
2.468863999318751945e-01
2.468708960524114704e-01
2.474520232614777215e-01
2.474703635393728229e-01
2.458308196996768225e-01
2.445968932149554798e-01
2.439417248410787609e-01
2.436154717813465431e-01
2.439417248410787609e-01
2.445968932149554520e-01
2.458308196996768225e-01
2.474703635393728229e-01
2.474520232614777215e-01
2.488044714811554758e-01
2.488201997526264531e-01
2.465760807085333461e-01
2.449743550825420613e-01
2.441604278541209261e-01
2.437861930416438949e-01
2.441604278541209261e-01
2.449743550825420613e-01
2.465760807085333461e-01
2.488201997526264808e-01
2.488044714811554758e-01
2.495948207627619320e-01
2.496135372585913392e-01
2.469945090410228805e-01
2.451494734164094136e-01
2.441946096422392687e-01
2.437182143383073984e-01
2.441946096422392687e-01
2.451494734164094136e-01
2.469945090410228805e-01
2.496135372585913392e-01
2.495948207627619597e-01
2.514411654036968757e-01
2.514575965755385112e-01
2.479399109544694890e-01
2.454843085452213525e-01
2.442365911038884008e-01
2.436742112856081777e-01
2.442365911038884008e-01
2.454843085452213525e-01
2.479399109544694890e-01
2.514575965755385112e-01
2.514411654036968757e-01
2.525277236329883657e-01
2.525463979344595433e-01
2.484876337075327679e-01
2.456339882508628003e-01
2.441141818414283848e-01
2.433225606264428909e-01
2.441141818414283848e-01
2.456339882508628003e-01
2.484876337075327679e-01
2.525463979344595433e-01
2.525277236329884212e-01
2.550752761278529679e-01
2.550920883437268194e-01
2.497707111583956918e-01
2.459691799610053686e-01
2.439507392299495592e-01
2.430170530458866940e-01
2.439507392299495592e-01
2.459691799610053686e-01
2.497707111583956918e-01
2.550920883437268194e-01
2.550752761278529679e-01
2.565810789452366847e-01
2.565998732214188616e-01
2.505494668348295373e-01
2.461606153856461532e-01
2.436819168938968716e-01
2.423186804532123095e-01
2.436819168938968716e-01
2.461606153856461532e-01
2.505494668348295373e-01
2.565998732214188616e-01
2.565810789452366847e-01
2.601177313308151717e-01
2.601344692576685880e-01
2.524470062160797390e-01
2.467658348983876870e-01
2.435593895481414084e-01
2.419940337978369604e-01
2.435593895481414084e-01
2.467658348983876870e-01
2.524470062160797390e-01
2.601344692576685880e-01
2.601177313308151717e-01
2.622072034823130782e-01
2.622286440578034949e-01
2.536320588180642210e-01
2.472123691993744765e-01
2.433658563216775927e-01
2.411566418907682419e-01
2.433658563216775927e-01
2.472123691993744488e-01
2.536320588180642210e-01
2.622286440578034949e-01
2.622072034823130782e-01
2.671111958176427548e-01
2.671296749842612117e-01
2.565600254725536877e-01
2.486832893651511611e-01
2.439924631355306350e-01
2.415561175262475047e-01
2.439924631355306350e-01
2.486832893651511611e-01
2.565600254725536322e-01
2.671296749842612117e-01
2.671111958176427548e-01
2.699957542272356514e-01
2.700206839098118206e-01
2.583677278084417495e-01
2.497589279440522170e-01
2.444082035978870360e-01
2.412623036144847521e-01
2.444082035978870360e-01
2.497589279440522170e-01
2.583677278084417495e-01
2.700206839098118206e-01
2.699957542272356514e-01
2.767310308122180595e-01
2.767510602513226226e-01
2.627296959497174011e-01
2.529061082251181647e-01
2.469316471824693771e-01
2.436349266362898836e-01
2.469316471824693771e-01
2.529061082251181647e-01
2.627296959497174011e-01
2.767510602513226781e-01
2.767310308122180595e-01
2.806636916089448319e-01
2.806882517613427108e-01
2.652817138069901159e-01
2.549811989898000952e-01
2.487191209199980380e-01
2.450842775445181143e-01
2.487191209199980380e-01
2.549811989898000952e-01
2.652817138069901159e-01
2.806882517613427108e-01
2.806636916089448319e-01
2.897770596779725705e-01
2.898005961331643343e-01
2.710654178259989111e-01
2.601817276555569158e-01
2.540598744926471086e-01
2.505193121803224177e-01
2.540598744926471086e-01
2.601817276555569158e-01
2.710654178259989111e-01
2.898005961331643343e-01
2.897770596779725705e-01
2.950818701482836870e-01
2.951079056145297086e-01
2.741311885306902951e-01
2.630744164260234719e-01
2.576059868824004950e-01
2.548815074545458526e-01
2.576059868824004950e-01
2.630744164260234719e-01
2.741311885306902951e-01
2.951079056145296531e-01
2.950818701482836870e-01
3.073648490630295771e-01
3.073892960760489790e-01
2.803290041525600684e-01
2.686255256175852923e-01
2.643457126157637282e-01
2.621062681397868799e-01
2.643457126157637838e-01
2.686255256175852923e-01
2.803290041525600684e-01
3.073892960760489790e-01
3.073648490630295771e-01
3.145708366102114018e-01
3.145989075311357297e-01
2.831032507402533871e-01
2.704616177681332667e-01
2.678438963416716057e-01
2.683593812091007447e-01
2.678438963416716612e-01
2.704616177681332667e-01
2.831032507402533871e-01
3.145989075311357297e-01
3.145708366102114018e-01
3.314584004591472066e-01
3.314817593370519844e-01
2.876144409110257816e-01
2.698921772463123148e-01
2.670544903282192073e-01
2.680319676832330078e-01
2.670544903282192073e-01
2.698921772463123148e-01
2.876144409110257816e-01
3.314817593370519844e-01
3.314584004591472066e-01
3.416011622674585135e-01
3.416321496372989874e-01
2.891701525976613230e-01
2.661947140988162874e-01
2.616085674376879555e-01
2.655348917699859035e-01
2.616085674376879555e-01
2.661947140988162874e-01
2.891701525976613230e-01
3.416321496372989874e-01
3.416011622674585135e-01
6.497991640445707207e-01
3.659803097424776386e-01
2.911230660467886699e-01
2.509194353660456622e-01
2.244823127986262656e-01
2.054515674153020444e-01
2.244823127986262656e-01
2.509194353660456622e-01
2.911230660467886699e-01
3.659803097424776386e-01
6.497991640445707207e-01
6.497991640445707207e-01
3.755164571743430102e-01
2.923498912544993944e-01
2.464946309048655360e-01
2.173192257518871684e-01
1.998159635559906000e-01
2.173192257518871684e-01
2.464946309048655360e-01
2.923498912544994499e-01
3.755164571743430102e-01
6.497991640445707207e-01
6.497991640445707207e-01
3.902915532908827756e-01
2.957005390049964322e-01
2.438769037655716676e-01
2.134632682960378725e-01
1.961081891247564712e-01
2.134632682960378725e-01
2.438769037655716954e-01
2.957005390049964322e-01
3.902915532908827756e-01
6.497991640445707207e-01
6.497991640445707207e-01
3.962562087222818441e-01
2.978393695839212651e-01
2.447070475370305975e-01
2.151870938460976879e-01
1.996295870068086342e-01
2.151870938460976879e-01
2.447070475370305975e-01
2.978393695839212651e-01
3.962562087222818441e-01
6.497991640445707207e-01
6.497991640445707207e-01
4.058534782604126256e-01
3.028495138589200608e-01
2.489176461766617332e-01
2.202434723890683010e-01
2.050671768996671640e-01
2.202434723890683010e-01
2.489176461766617332e-01
3.028495138589200608e-01
4.058534782604126256e-01
6.497991640445707207e-01
6.497991640445707207e-01
4.098477910161181237e-01
3.054950414416492399e-01
2.516228539822690791e-01
2.237359140609936903e-01
2.095259356640631621e-01
2.237359140609936903e-01
2.516228539822690791e-01
3.054950414416492399e-01
4.098477910161180682e-01
6.497991640445707207e-01
6.497991640445707207e-01
4.164832161514970266e-01
3.108495992272390374e-01
2.573977467975180899e-01
2.301931213112275443e-01
2.162296443781507038e-01
2.301931213112275443e-01
2.573977467975180899e-01
3.108495992272390374e-01
4.164832161514970266e-01
6.497991640445707207e-01
6.497991640445707207e-01
4.193035660686527111e-01
3.134020059660400648e-01
2.602136644433721835e-01
2.334233658211909979e-01
2.198760317441765533e-01
2.334233658211909979e-01
2.602136644433721835e-01
3.134020059660400648e-01
4.193035660686527111e-01
6.497991640445707207e-01
6.497991640445707207e-01
4.240718489915343836e-01
3.181499773976864121e-01
2.653957743475974795e-01
2.389471546416215841e-01
2.255311760771719631e-01
2.389471546416215841e-01
2.653957743475974795e-01
3.181499773976864121e-01
4.240718489915343836e-01
6.497991640445707207e-01
6.497991640445707207e-01
4.261166080520449873e-01
3.202829874210234018e-01
2.676926659424146426e-01
2.413784126343370140e-01
2.280531025678410040e-01
2.413784126343370140e-01
2.676926659424146426e-01
3.202829874210234018e-01
4.261166080520449873e-01
6.497991640445707207e-01
6.497991640445707207e-01
4.295867647338497686e-01
3.240432168988878203e-01
2.716472433094158645e-01
2.454209081378871671e-01
2.321531835241917308e-01
2.454209081378871671e-01
2.716472433094158645e-01
3.240432168988878203e-01
4.295867647338497686e-01
6.497991640445707207e-01
6.497991640445707207e-01
4.310745176318119820e-01
3.256679491930661308e-01
2.733041452146936501e-01
2.470444655020906100e-01
2.336954812066578957e-01
2.470444655020906100e-01
2.733041452146936501e-01
3.256679491930661308e-01
4.310745176318119820e-01
6.497991640445707207e-01
6.497991640445707207e-01
4.335917600911621261e-01
3.284229354426387304e-01
2.760375956446676771e-01
2.497182028870853499e-01
2.363852956076600842e-01
2.497182028870853499e-01
2.760375956446676771e-01
3.284229354426387304e-01
4.335917600911621261e-01
6.497991640445707207e-01
6.497991640445707207e-01
4.346643245954615598e-01
3.295783156954936177e-01
2.771335840004735540e-01
2.506995539274115004e-01
2.372132407888511152e-01
2.506995539274115004e-01
2.771335840004735540e-01
3.295783156954936177e-01
4.346643245954615598e-01
6.497991640445707207e-01
6.497991640445707207e-01
4.364648198883028241e-01
3.314771965697735356e-01
2.788805025012210392e-01
2.523199748461035785e-01
2.388287229555819124e-01
2.523199748461036340e-01
2.788805025012210392e-01
3.314771965697735356e-01
4.364648198883028241e-01
6.497991640445707207e-01
6.497991640445707207e-01
4.372248628652102842e-01
3.322531412341280244e-01
2.795526451110197930e-01
2.528533826654826844e-01
2.391958799399393210e-01
2.528533826654826844e-01
2.795526451110197930e-01
3.322531412341280244e-01
4.372248628652102842e-01
6.497991640445707207e-01
6.497991640445707207e-01
4.384853723982398699e-01
3.334952935410786523e-01
2.805903377239871710e-01
2.537493146811712341e-01
2.400783219677509461e-01
2.537493146811712341e-01
2.805903377239871155e-01
3.334952935410786523e-01
4.384853723982398699e-01
6.497991640445707207e-01
6.497991640445707207e-01
4.390123886308928136e-01
3.339909512766478517e-01
2.809724039327956557e-01
2.540008153489424214e-01
2.401819761456761848e-01
2.540008153489424214e-01
2.809724039327956557e-01
3.339909512766478517e-01
4.390123886308928136e-01
6.497991640445707207e-01
6.497991640445707207e-01
4.398749284055474829e-01
3.347663839221944881e-01
2.815427178767327954e-01
2.544425506834416262e-01
2.406088063779306119e-01
2.544425506834416262e-01
2.815427178767327399e-01
3.347663839221944881e-01
4.398749284055474829e-01
6.497991640445707207e-01
6.497991640445707207e-01
4.402321699446168912e-01
3.350688214994340663e-01
2.817417411608073574e-01
2.545335750139267605e-01
2.405827234084348676e-01
2.545335750139267605e-01
2.817417411608073574e-01
3.350688214994340663e-01
4.402321699446168912e-01
6.497991640445707207e-01
6.497991640445707207e-01
4.408096121236678711e-01
3.355320147962515542e-01
2.820266341965341761e-01
2.547145681622128288e-01
2.407505146593356404e-01
2.547145681622128288e-01
2.820266341965341206e-01
3.355320147962515542e-01
4.408096121236678711e-01
6.497991640445707207e-01
6.497991640445707207e-01
4.410466891743404227e-01
3.357086293372208430e-01
2.821183896984706951e-01
2.547244311201899980e-01
2.406742746096711960e-01
2.547244311201899980e-01
2.821183896984706951e-01
3.357086293372208430e-01
4.410466891743404227e-01
6.497991640445707207e-01
6.497991640445707207e-01
4.414253751285324712e-01
3.359739462695918166e-01
2.822420053397594608e-01
2.547694039163201918e-01
2.407086437990549610e-01
2.547694039163201918e-01
2.822420053397594053e-01
3.359739462695918166e-01
4.414253751285324712e-01
6.497991640445707207e-01
6.497991640445707207e-01
4.415801349132116860e-01
3.360729803241297997e-01
2.822758999321979267e-01
2.547450596173361781e-01
2.406238947295471498e-01
2.547450596173361781e-01
2.822758999321979267e-01
3.360729803241297997e-01
4.415801349132116860e-01
6.497991640445707207e-01
6.497991640445707207e-01
4.418250550441739088e-01
3.362202576547652089e-01
2.823167865922583952e-01
2.547285353288149534e-01
2.405991408085748351e-01
2.547285353288149534e-01
2.823167865922583397e-01
3.362202576547652089e-01
4.418250550441739644e-01
6.497991640445707207e-01
6.497991640445707207e-01
4.419253911431452742e-01
3.362744757787759498e-01
2.823234094462686583e-01
2.546953583677288302e-01
2.405251238771760613e-01
2.546953583677288302e-01
2.823234094462686583e-01
3.362744757787759498e-01
4.419253911431452742e-01
6.497991640445707207e-01
6.497991640445707207e-01
4.420841814724624230e-01
3.363566449130009350e-01
2.823288372990527817e-01
2.546602721891646492e-01
2.404835795595088588e-01
2.546602721891646492e-01
2.823288372990527817e-01
3.363566449130009350e-01
4.420841814724624785e-01
6.497991640445707207e-01
6.497991640445707207e-01
4.421497890887602367e-01
3.363875398012182161e-01
2.823264793421323415e-01
2.546313217766065784e-01
2.404280819047432960e-01
2.546313217766065784e-01
2.823264793421323415e-01
3.363875398012182161e-01
4.421497890887602367e-01
6.497991640445707207e-01
6.497991640445707207e-01
4.422558698556280365e-01
3.364385107339837866e-01
2.823244910396462415e-01
2.546017752534507905e-01
2.403934505922149800e-01
2.546017752534507905e-01
2.823244910396462415e-01
3.364385107339837866e-01
4.422558698556280365e-01
6.497991640445707207e-01
6.497991640445707207e-01
4.423007206325054730e-01
3.364598826179063251e-01
2.823237223719060607e-01
2.545839970416751696e-01
2.403589230617135530e-01
2.545839970416751696e-01
2.823237223719060607e-01
3.364598826179063251e-01
4.423007206325054730e-01
6.497991640445707207e-01
6.497991640445707207e-01
4.423769630333608260e-01
3.365013966916903798e-01
2.823312591173841590e-01
2.545733158814379449e-01
2.403445113894280005e-01
2.545733158814379449e-01
2.823312591173841590e-01
3.365013966916903798e-01
4.423769630333608260e-01
6.497991640445707207e-01
6.497991640445707207e-01
4.424111300862071383e-01
3.365220365496090493e-01
2.823382573875533041e-01
2.545708413666663561e-01
2.403319422060027077e-01
2.545708413666663561e-01
2.823382573875533041e-01
3.365220365496091048e-01
4.424111300862070828e-01
6.497991640445707207e-01
6.497991640445707207e-01
4.424732963109553330e-01
3.365680668243272722e-01
2.823656902212244302e-01
2.545871806534392157e-01
2.403459513969493089e-01
2.545871806534391601e-01
2.823656902212244302e-01
3.365680668243272722e-01
4.424732963109553330e-01
6.497991640445707207e-01
6.497991640445707207e-01
4.425035706843919447e-01
3.365934047893750503e-01
2.823844091811265611e-01
2.546026120964512973e-01
2.403568929800132259e-01
2.546026120964512973e-01
2.823844091811265611e-01
3.365934047893750503e-01
4.425035706843919447e-01
6.497991640445707207e-01
6.497991640445707207e-01
4.425626969235446628e-01
3.366526001004149782e-01
2.824373532885802729e-01
2.546509092787823669e-01
2.404038245186086442e-01
2.546509092787823669e-01
2.824373532885802729e-01
3.366526001004149782e-01
4.425626969235446628e-01
6.497991640445707207e-01
6.497991640445707207e-01
4.425933515438306709e-01
3.366856102040001741e-01
2.824699381749614657e-01
2.546851429714334647e-01
2.404394081399207073e-01
2.546851429714334647e-01
2.824699381749614657e-01
3.366856102040001186e-01
4.425933515438306709e-01
6.497991640445707207e-01
6.497991640445707207e-01
4.426571254857824544e-01
3.367624644610330842e-01
2.825495100234566292e-01
2.547656834846202534e-01
2.405186780433327398e-01
2.547656834846202534e-01
2.825495100234566292e-01
3.367624644610330842e-01
4.426571254857824544e-01
6.497991640445707207e-01
6.497991640445707207e-01
4.426911326289837412e-01
3.368044661292886044e-01
2.825954759891143309e-01
2.548168675755777546e-01
2.405764983091783493e-01
2.548168675755777546e-01
2.825954759891143309e-01
3.368044661292886044e-01
4.426911326289837412e-01
6.497991640445707207e-01
6.497991640445707207e-01
4.427648709543866579e-01
3.369003035329016238e-01
2.826983608042519247e-01
2.549233323524932038e-01
2.406810112058619389e-01
2.549233323524932038e-01
2.826983608042519247e-01
3.369003035329016793e-01
4.427648709543866579e-01
6.497991640445707207e-01
6.497991640445707207e-01
4.428051043660314323e-01
3.369519146096736639e-01
2.827544562889583446e-01
2.549859704003324401e-01
2.407523820705716744e-01
2.549859704003324401e-01
2.827544562889583446e-01
3.369519146096736639e-01
4.428051043660314323e-01
6.497991640445707207e-01
6.497991640445707207e-01
4.428933676453372659e-01
3.370676319423711598e-01
2.828745976005689888e-01
2.551065665560974804e-01
2.408695140972360038e-01
2.551065665560974804e-01
2.828745976005690443e-01
3.370676319423711598e-01
4.428933676453372659e-01
6.497991640445707207e-01
6.497991640445707207e-01
4.429429078658548846e-01
3.371303294193544464e-01
2.829375234334037814e-01
2.551726488822388950e-01
2.409403617358293614e-01
2.551726488822388950e-01
2.829375234334037814e-01
3.371303294193544464e-01
4.429429078658549401e-01
6.497991640445707207e-01
6.497991640445707207e-01
4.430516196514079907e-01
3.372716237319063337e-01
2.830726484965732093e-01
2.552984029707245917e-01
2.410592564219829481e-01
2.552984029707245917e-01
2.830726484965732093e-01
3.372716237319062782e-01
4.430516196514079907e-01
6.497991640445707207e-01
6.497991640445707207e-01
4.431133529871473797e-01
3.373508623049535915e-01
2.831449723111170158e-01
2.553636691532535918e-01
2.411183182455898522e-01
2.553636691532535918e-01
2.831449723111170158e-01
3.373508623049535915e-01
4.431133529871473797e-01
6.497991640445707207e-01
6.497991640445707207e-01
4.432499522560940930e-01
3.375350496393048072e-01
2.833107373642325122e-01
2.555066450733051719e-01
2.412490756250525725e-01
2.555066450733051719e-01
2.833107373642325122e-01
3.375350496393048072e-01
4.432499522560940930e-01
6.497991640445707207e-01
6.497991640445707207e-01
4.433268322951073315e-01
3.376436521698096271e-01
2.834085939199734172e-01
2.555842231545729093e-01
2.413052227676729111e-01
2.555842231545729093e-01
2.834085939199734172e-01
3.376436521698096271e-01
4.433268322951072760e-01
6.497991640445707207e-01
6.497991640445707207e-01
4.434978613757967758e-01
3.379054635374865168e-01
2.836563016108583080e-01
2.558015778978853794e-01
2.415068995306581812e-01
2.558015778978853794e-01
2.836563016108583080e-01
3.379054635374865168e-01
4.434978613757968313e-01
6.497991640445707207e-01
6.497991640445707207e-01
4.435918984103350282e-01
3.380648972415225550e-01
2.838162627733208376e-01
2.559380652561216163e-01
2.416123408295031694e-01
2.559380652561216163e-01
2.838162627733208931e-01
3.380648972415225550e-01
4.435918984103350282e-01
6.497991640445707207e-01
6.497991640445707207e-01
4.437979424531892647e-01
3.384545306770385120e-01
2.842412237506958816e-01
2.563484617126842169e-01
2.420117616454572906e-01
2.563484617126842169e-01
2.842412237506958816e-01
3.384545306770385120e-01
4.437979424531892647e-01
6.497991640445707207e-01
6.497991640445707207e-01
4.439056483521609531e-01
3.386905947956768692e-01
2.845198758777980896e-01
2.566294539560985410e-01
2.422780380765721109e-01
2.566294539560985410e-01
2.845198758777980896e-01
3.386905947956768692e-01
4.439056483521610086e-01
6.497991640445707207e-01
6.497991640445707207e-01
4.441302349361067603e-01
3.392556034485247340e-01
2.852430880910906130e-01
2.573999150191400020e-01
2.430552402432801795e-01
2.573999150191400020e-01
2.852430880910906130e-01
3.392556034485247340e-01
4.441302349361067603e-01
6.497991640445707207e-01
6.497991640445707207e-01
4.442350147032106955e-01
3.395840580288140842e-01
2.856995822684695319e-01
2.579308428318912161e-01
2.436386108365716785e-01
2.579308428318912161e-01
2.856995822684695319e-01
3.395840580288140842e-01
4.442350147032107510e-01
6.497991640445707207e-01
6.497991640445707207e-01
4.444279223564778225e-01
3.403321036765609153e-01
2.868083038012232966e-01
2.592076838193573818e-01
2.449542961751900449e-01
2.592076838193573818e-01
2.868083038012232966e-01
3.403321036765609153e-01
4.444279223564778225e-01
6.497991640445707207e-01
6.497991640445707207e-01
4.444921527975706499e-01
3.407378889789918208e-01
2.874629539454777172e-01
2.600573285932125667e-01
2.459839482863793170e-01
2.600573285932125667e-01
2.874629539454777172e-01
3.407378889789918208e-01
4.444921527975706499e-01
6.497991640445707207e-01
6.497991640445707207e-01
4.445502159822757315e-01
3.415929436103882222e-01
2.889133498574574799e-01
2.618319991126956681e-01
2.478390365653563576e-01
2.618319991126956681e-01
2.889133498574574799e-01
3.415929436103882222e-01
4.445502159822757315e-01
6.497991640445707207e-01
6.497991640445707207e-01
4.445074261414513894e-01
3.420133626456181020e-01
2.896925602685984646e-01
2.629372637286864212e-01
2.492752993388280269e-01
2.629372637286864212e-01
2.896925602685984646e-01
3.420133626456181020e-01
4.445074261414513894e-01
6.497991640445707207e-01
6.497991640445707207e-01
4.442536925984395535e-01
3.428006610651121999e-01
2.912192343502484349e-01
2.648914027662597759e-01
2.513393183045977142e-01
2.648914027662597759e-01
2.912192343502484349e-01
3.428006610651121999e-01
4.442536925984395535e-01
6.497991640445707207e-01
6.497991640445707207e-01
4.439937031156907521e-01
3.431359383112086991e-01
2.919333778347985575e-01
2.659655435193557516e-01
2.528041524677600571e-01
2.659655435193557516e-01
2.919333778347985575e-01
3.431359383112086991e-01
4.439937031156907521e-01
6.497991640445707207e-01
6.497991640445707207e-01
4.431542689232123577e-01
3.436612776272874870e-01
2.930999738878517502e-01
2.674519790384176088e-01
2.543674207203821536e-01
2.674519790384176643e-01
2.930999738878517502e-01
3.436612776272874870e-01
4.431542689232123022e-01
6.497991640445707207e-01
6.497991640445707207e-01
4.425044637354602073e-01
3.438573911755069545e-01
2.935521579198931974e-01
2.680314492253903502e-01
2.551032300415823628e-01
2.680314492253903502e-01
2.935521579198931974e-01
3.438573911755069545e-01
4.425044637354602073e-01
6.497991640445707207e-01
6.497991640445707207e-01
4.406616266686980143e-01
3.441657126002563016e-01
2.942103960062605328e-01
2.685348211922088946e-01
2.555245615909836343e-01
2.685348211922088946e-01
2.942103960062605328e-01
3.441657126002563016e-01
4.406616266686980143e-01
6.497991640445707207e-01
6.497991640445707207e-01
4.393432014464866420e-01
3.443875857567531562e-01
2.945955171125198002e-01
2.684294024777381660e-01
2.548027897777310757e-01
2.684294024777381660e-01
2.945955171125198002e-01
3.443875857567531007e-01
4.393432014464866420e-01
6.497991640445707207e-01
6.497991640445707207e-01
4.357661644305493853e-01
3.451491302875627776e-01
2.961127344173205556e-01
2.691209180583646332e-01
2.551202150067834462e-01
2.691209180583646332e-01
2.961127344173205556e-01
3.451491302875627776e-01
4.357661644305493853e-01
6.497991640445707207e-01
6.497991640445707207e-01
4.332602191244929735e-01
3.459058348466299559e-01
2.978985935366263438e-01
2.697633347066293319e-01
2.537146406690818368e-01
2.697633347066293319e-01
2.978985935366263438e-01
3.459058348466299559e-01
4.332602191244929735e-01
6.497991640445707207e-01
6.497991640445707207e-01
4.264913325324917182e-01
3.483540469582359078e-01
3.053672296429674748e-01
2.778365788952401605e-01
2.614375460828239905e-01
2.778365788952401605e-01
3.053672296429674748e-01
3.483540469582359078e-01
4.264913325324917182e-01
6.497991640445707207e-01
6.497991640445707207e-01
4.217396627804818054e-01
3.500079863714823936e-01
3.121127956475067688e-01
2.865935036107229994e-01
2.676711456947339363e-01
2.865935036107229994e-01
3.121127956475067688e-01
3.500079863714823936e-01
4.217396627804818054e-01
6.497991640445707207e-01
6.497991640445707207e-01
4.088358461553679435e-01
3.536496893678544029e-01
3.323043666786233419e-01
3.284537619363730454e-01
3.324659166771456453e-01
3.284537619363729899e-01
3.323043666786233419e-01
3.536496893678544029e-01
4.088358461553679435e-01
6.497991640445707207e-01
3.997944375064417244e-01
3.998100907660777636e-01
3.544768614816823926e-01
3.385145183557508597e-01
3.368855101889094428e-01
3.386539273044049114e-01
3.368855101889094428e-01
3.385145183557508597e-01
3.544768614816823926e-01
3.998100907660777636e-01
3.997944375064417244e-01
3.852028112407901994e-01
3.852152483474336475e-01
3.540444741692751474e-01
3.437785262798093155e-01
3.429491951287758633e-01
3.444796182531816298e-01
3.429491951287758633e-01
3.437785262798093155e-01
3.540444741692751474e-01
3.852152483474336475e-01
3.852028112407901994e-01
3.791022173864155298e-01
3.791113592140965549e-01
3.530117191506543795e-01
3.439892230028471776e-01
3.418782415640506667e-01
3.410675389493686982e-01
3.418782415640506667e-01
3.439892230028471776e-01
3.530117191506543795e-01
3.791113592140965549e-01
3.791022173864155298e-01
3.688967603777515425e-01
3.689108664378231706e-01
3.497024360799433351e-01
3.416877073404060994e-01
3.386459343633991814e-01
3.374752317413715619e-01
3.386459343633991814e-01
3.416877073404060994e-01
3.497024360799433351e-01
3.689108664378231150e-01
3.688967603777515425e-01
3.645387741047358965e-01
3.645423504148843641e-01
3.477933130369723624e-01
3.399658555435567941e-01
3.361884547769946607e-01
3.340378768145744748e-01
3.361884547769946607e-01
3.399658555435567941e-01
3.477933130369723624e-01
3.645423504148843641e-01
3.645387741047358965e-01
3.570944176066390141e-01
3.571055545263899234e-01
3.437754003035868866e-01
3.362981465865511610e-01
3.321891686416274525e-01
3.299368693121249030e-01
3.321891686416274525e-01
3.362981465865511610e-01
3.437754003035869421e-01
3.571055545263899234e-01
3.570944176066390141e-01
3.538899892839096339e-01
3.538920266247099211e-01
3.418716932461879354e-01
3.346286506720823062e-01
3.304646558519963584e-01
3.281241313144148686e-01
3.304646558519963584e-01
3.346286506720823062e-01
3.418716932461879354e-01
3.538920266247099766e-01
3.538899892839096339e-01
3.483900747311528545e-01
3.483946819113376003e-01
3.384041537117290499e-01
3.318131227008610518e-01
3.278843586646191244e-01
3.256216219603648154e-01
3.278843586646191244e-01
3.318131227008609963e-01
3.384041537117290499e-01
3.483946819113376003e-01
3.483900747311528545e-01
3.460218160359212480e-01
3.460255571802257624e-01
3.368960061262972761e-01
3.307160389603244766e-01
3.270905444383940264e-01
3.251344142828723749e-01
3.270905444383940264e-01
3.307160389603244766e-01
3.368960061262972761e-01
3.460255571802257624e-01
3.460218160359212480e-01
3.419809526304426472e-01
3.419816803646811842e-01
3.343414997919048059e-01
3.290482593313230897e-01
3.259091691653868694e-01
3.241069576620447812e-01
3.259091691653868694e-01
3.290482593313230897e-01
3.343414997919048059e-01
3.419816803646811842e-01
3.419809526304426472e-01
3.402474609178395282e-01
3.402486341406509296e-01
3.332759943061187613e-01
3.284532285391330020e-01
3.257054544528366069e-01
3.242855096774054369e-01
3.257054544528366069e-01
3.284532285391330020e-01
3.332759943061187613e-01
3.402486341406509851e-01
3.402474609178395282e-01
3.373053316489196263e-01
3.373046671325408141e-01
3.315276745896253985e-01
3.275878239789577484e-01
3.253376525319159329e-01
3.240740937329478211e-01
3.253376525319159329e-01
3.275878239789577484e-01
3.315276745896253985e-01
3.373046671325408141e-01
3.373053316489196263e-01
3.360485584162955508e-01
3.360451855066536875e-01
3.308064103842163206e-01
3.272867069320036237e-01
3.253706814126100522e-01
3.244177949433298958e-01
3.253706814126100522e-01
3.272867069320036237e-01
3.308064103842163206e-01
3.360451855066536875e-01
3.360485584162954953e-01
3.339150777446882601e-01
3.339132088993433389e-01
3.296232985823802641e-01
3.268268856997288974e-01
3.253051437161648685e-01
3.244757675479648107e-01
3.253051437161648685e-01
3.268268856997288418e-01
3.296232985823802641e-01
3.339132088993433389e-01
3.339150777446882601e-01
3.330046575724886493e-01
3.330009924732044713e-01
3.291276488334921035e-01
3.266518883770809789e-01
3.253627326681522991e-01
3.247369831605022572e-01
3.253627326681522991e-01
3.266518883770809789e-01
3.291276488334920480e-01
3.330009924732044713e-01
3.330046575724886493e-01
3.314597642663063559e-01
3.314553702620344766e-01
3.282979382720978556e-01
3.263414589316409598e-01
3.253207967001390810e-01
3.247797465817474638e-01
3.253207967001390810e-01
3.263414589316409598e-01
3.282979382720978556e-01
3.314553702620344766e-01
3.314597642663063559e-01
3.307970496483768619e-01
3.307944395858922748e-01
3.279399625864576895e-01
3.262032109094579191e-01
3.253251076716543455e-01
3.248993481018718765e-01
3.253251076716543455e-01
3.262032109094579191e-01
3.279399625864576895e-01
3.307944395858922748e-01
3.307970496483768619e-01
3.296735642766511210e-01
3.296673977325479954e-01
3.273249806148976759e-01
3.259306653879214810e-01
3.252191652043831538e-01
3.248467801242624908e-01
3.252191652043831538e-01
3.259306653879214810e-01
3.273249806148976204e-01
3.296673977325479954e-01
3.296735642766511210e-01
3.291880293048456974e-01
3.291853355416116678e-01
3.270526995347570187e-01
3.258004724092275484e-01
3.251709971140879230e-01
3.248593949582439522e-01
3.251709971140879230e-01
3.258004724092275484e-01
3.270526995347570187e-01
3.291853355416116678e-01
3.291880293048456974e-01
3.283637583594250509e-01
3.283568013489052140e-01
3.265779509363253563e-01
3.255432787610760270e-01
3.250145898719584703e-01
3.247352590491118240e-01
3.250145898719584703e-01
3.255432787610760270e-01
3.265779509363253563e-01
3.283568013489052140e-01
3.283637583594250509e-01
3.280052643949789015e-01
3.280022733165520177e-01
3.263650630294185340e-01
3.254224538810390754e-01
3.249419860671752258e-01
3.246971184870232618e-01
3.249419860671752258e-01
3.254224538810390754e-01
3.263650630294185340e-01
3.280022733165520177e-01
3.280052643949789015e-01
3.273965180466650859e-01
3.273889912778705225e-01
3.259947484515924865e-01
3.251931477439878315e-01
3.247772735148780066e-01
3.245525578454029336e-01
3.247772735148780066e-01
3.251931477439878315e-01
3.259947484515925420e-01
3.273889912778704669e-01
3.273965180466650859e-01
3.271303319907165053e-01
3.271270451005747759e-01
3.258288171440466563e-01
3.250900074640243886e-01
3.247069858567216416e-01
3.245069115441087115e-01
3.247069858567216416e-01
3.250900074640243886e-01
3.258288171440466563e-01
3.271270451005747759e-01
3.271303319907165053e-01
3.266795844295541373e-01
3.266714408090426458e-01
3.255437294049505770e-01
3.249038030926640896e-01
3.245669503617050755e-01
3.243814032367328681e-01
3.245669503617050755e-01
3.249038030926640896e-01
3.255437294049505770e-01
3.266714408090426458e-01
3.266795844295541373e-01
3.264813631975913011e-01
3.264777564174241586e-01
3.254172950171236312e-01
3.248232055778188521e-01
3.245136186520054533e-01
3.243492554062049615e-01
3.245136186520054533e-01
3.248232055778188521e-01
3.254172950171236312e-01
3.264777564174241586e-01
3.264813631975913011e-01
3.261475897248618527e-01
3.261394519072128295e-01
3.252032766691392296e-01
3.246851132581172195e-01
3.244118132440518276e-01
3.242595639453265122e-01
3.244118132440518276e-01
3.246851132581172195e-01
3.252032766691391741e-01
3.261394519072128295e-01
3.261475897248618527e-01
3.260006107094305383e-01
3.259963372485935595e-01
3.251095294316456163e-01
3.246269682464407724e-01
3.243776720376774225e-01
3.242444161921444468e-01
3.243776720376774225e-01
3.246269682464407724e-01
3.251095294316456163e-01
3.259963372485935040e-01
3.260006107094305383e-01
3.257542782961505012e-01
3.257464811486537881e-01
3.249535138225295716e-01
3.245312428692728179e-01
3.243117838528320473e-01
3.241884879246026419e-01
3.243117838528320473e-01
3.245312428692728179e-01
3.249535138225295716e-01
3.257464811486537881e-01
3.257542782961505012e-01
3.256461654277491569e-01
3.256412292745100578e-01
3.248852898167419179e-01
3.244920076230719541e-01
3.242924099030477514e-01
3.241857547204320955e-01
3.242924099030477514e-01
3.244920076230719541e-01
3.248852898167419179e-01
3.256412292745100578e-01
3.256461654277491569e-01
3.254657970721196447e-01
3.254579590723676308e-01
3.247744062516521035e-01
3.244280728461338970e-01
3.242527964530776408e-01
3.241537072950135823e-01
3.242527964530776408e-01
3.244280728461338970e-01
3.247744062516521035e-01
3.254579590723676308e-01
3.254657970721196447e-01
3.253865629428674966e-01
3.253813217116417467e-01
3.247253353970988576e-01
3.244024050102029544e-01
3.242426060965001300e-01
3.241571203117895039e-01
3.242426060965001300e-01
3.244024050102029544e-01
3.247253353970988576e-01
3.253813217116417467e-01
3.253865629428674966e-01
3.252556348740644476e-01
3.252477155944732412e-01
3.246474814082888072e-01
3.243603189129133924e-01
3.242191824458383609e-01
3.241393373162438363e-01
3.242191824458383609e-01
3.243603189129134479e-01
3.246474814082888072e-01
3.252477155944732412e-01
3.252556348740645031e-01
3.251979380624651639e-01
3.251923523141101446e-01
3.246126920075178002e-01
3.243431133132114175e-01
3.242139388689442847e-01
3.241441862568990029e-01
3.242139388689443402e-01
3.243431133132114175e-01
3.246126920075178002e-01
3.251923523141101446e-01
3.251979380624651084e-01
3.251034747553447346e-01
3.250957204813691437e-01
3.245580339963662908e-01
3.243153413290580378e-01
3.241991868189617598e-01
3.241336420065838997e-01
3.241991868189617598e-01
3.243153413290580378e-01
3.245580339963662908e-01
3.250957204813691437e-01
3.251034747553447346e-01
3.250619708608779579e-01
3.250558879860255268e-01
3.245336115220807671e-01
3.243031924915713571e-01
3.241962967730635525e-01
3.241376526634380251e-01
3.241962967730636080e-01
3.243031924915713571e-01
3.245336115220808226e-01
3.250558879860255268e-01
3.250619708608779024e-01
3.249942314715525971e-01
3.249866764619124826e-01
3.244952854365380501e-01
3.242845044983393432e-01
3.241859601786133416e-01
3.241302376004477348e-01
3.241859601786133416e-01
3.242845044983393432e-01
3.244952854365380501e-01
3.249866764619124826e-01
3.249942314715525971e-01
3.249647117469657287e-01
3.249582112897494990e-01
3.244780317500440825e-01
3.242757039410260611e-01
3.241841007263425167e-01
3.241331006705902573e-01
3.241841007263425167e-01
3.242757039410260611e-01
3.244780317500440825e-01
3.249582112897494990e-01
3.249647117469657287e-01
3.249166284738521648e-01
3.249090330466070653e-01
3.244515060260862449e-01
3.242628582280293603e-01
3.241764392832756636e-01
3.241271705912217027e-01
3.241764392832756636e-01
3.242628582280293603e-01
3.244515060260862449e-01
3.249090330466070653e-01
3.249166284738521648e-01
3.248956626959947358e-01
3.248890146754404573e-01
3.244391213285064968e-01
3.242565530169708721e-01
3.241751971290179335e-01
3.241294043287752946e-01
3.241751971290179335e-01
3.242565530169708721e-01
3.244391213285064968e-01
3.248890146754404573e-01
3.248956626959947358e-01
3.248620446024135799e-01
3.248542152483518963e-01
3.244212294136604724e-01
3.242478702565322890e-01
3.241696523994979096e-01
3.241246992394084536e-01
3.241696523994979096e-01
3.242478702565322890e-01
3.244212294136604724e-01
3.248542152483518963e-01
3.248620446024135799e-01
3.248470877958626879e-01
3.248404270799557514e-01
3.244123456575482844e-01
3.242434438044320966e-01
3.241691192737943816e-01
3.241268587120159084e-01
3.241691192737943816e-01
3.242434438044320966e-01
3.244123456575482844e-01
3.248404270799557514e-01
3.248470877958626879e-01
3.248238779924081387e-01
3.248159920502182163e-01
3.244006924259615898e-01
3.242381765309511610e-01
3.241654826985714832e-01
3.241235586147703795e-01
3.241654826985714832e-01
3.242381765309511610e-01
3.244006924259615898e-01
3.248159920502182163e-01
3.248238779924081387e-01
3.248134109719691409e-01
3.248065447174195430e-01
3.243946011346452440e-01
3.242351106029104924e-01
3.241658289886281130e-01
3.241260059541547500e-01
3.241658289886281130e-01
3.242351106029104924e-01
3.243946011346452440e-01
3.248065447174195430e-01
3.248134109719691409e-01
3.247974325184146971e-01
3.247898022923857986e-01
3.243874217025088935e-01
3.242328215482881970e-01
3.241639233268348019e-01
3.241242135555719717e-01
3.241639233268348019e-01
3.242328215482881970e-01
3.243874217025088935e-01
3.247898022923857986e-01
3.247974325184146971e-01
3.247905051935650600e-01
3.247832342409168738e-01
3.243835843561404531e-01
3.242307772995234316e-01
3.241652150316154390e-01
3.241271724965944512e-01
3.241652150316154390e-01
3.242307772995234316e-01
3.243835843561404531e-01
3.247832342409168738e-01
3.247905051935650600e-01
3.247795574183407474e-01
3.247722248187034366e-01
3.243800384422617644e-01
3.242309268915469778e-01
3.241648650666550391e-01
3.241267729329265213e-01
3.241648650666550391e-01
3.242309268915469778e-01
3.243800384422617644e-01
3.247722248187034366e-01
3.247795574183407474e-01
3.247752501700527650e-01
3.247678073971198565e-01
3.243775923821308194e-01
3.242299716188973835e-01
3.241669070174438283e-01
3.241302987150311288e-01
3.241669070174438283e-01
3.242299716188973835e-01
3.243775923821308194e-01
3.247678073971198009e-01
3.247752501700527650e-01
3.247683790364705447e-01
3.247608762236040558e-01
3.243773556396142288e-01
3.242318543770244532e-01
3.241681106224965636e-01
3.241309820264240971e-01
3.241681106224965636e-01
3.242318543770244532e-01
3.243773556396142288e-01
3.247608762236040558e-01
3.247683790364705447e-01
3.247655902612189283e-01
3.247585685822470536e-01
3.243754851527160810e-01
3.242321255262165525e-01
3.241705658705283377e-01
3.241351532468185193e-01
3.241705658705283377e-01
3.242321255262165525e-01
3.243754851527160810e-01
3.247585685822470536e-01
3.247655902612189283e-01
3.247625151322420800e-01
3.247543532747060868e-01
3.243767669648945362e-01
3.242353644461455353e-01
3.241730389791633860e-01
3.241366844386361357e-01
3.241730389791633860e-01
3.242353644461455353e-01
3.243767669648945362e-01
3.247543532747060868e-01
3.247625151322420800e-01
3.247604287543099377e-01
3.247539168978241797e-01
3.243768834307071414e-01
3.242356889298140254e-01
3.241761975267791196e-01
3.241413258577836021e-01
3.241761975267791196e-01
3.242356889298140254e-01
3.243768834307071414e-01
3.247539168978241797e-01
3.247604287543099377e-01
3.247599936773177265e-01
3.247519820945355407e-01
3.243781113335341137e-01
3.242411094753652745e-01
3.241790704584054938e-01
3.241440167928779092e-01
3.241790704584054938e-01
3.242411094753652745e-01
3.243781113335341137e-01
3.247519820945355407e-01
3.247599936773176710e-01
3.247592599418430703e-01
3.247524211412270434e-01
3.243816561713368518e-01
3.242413988109121292e-01
3.241835214656403896e-01
3.241489017133082906e-01
3.241835214656403896e-01
3.242413988109121292e-01
3.243816561713368518e-01
3.247524211412270434e-01
3.247592599418430703e-01
3.247603172923416714e-01
3.247532547633167899e-01
3.243867558770728299e-01
3.242486406999269821e-01
3.241886665722641947e-01
3.241523651994541733e-01
3.241886665722641947e-01
3.242486406999269821e-01
3.243867558770728299e-01
3.247532547633167899e-01
3.247603172923416714e-01
3.247616056655183159e-01
3.247542742402918514e-01
3.243894232565693869e-01
3.242503333854422909e-01
3.241917048918276922e-01
3.241590258848504602e-01
3.241917048918276922e-01
3.242503333854422909e-01
3.243894232565693869e-01
3.247542742402918514e-01
3.247616056655183159e-01
3.247646946447132477e-01
3.247578107747637888e-01
3.243980930411893837e-01
3.242550419434791498e-01
3.241960345560870316e-01
3.241620867956731544e-01
3.241960345560870316e-01
3.242550419434791498e-01
3.243980930411893837e-01
3.247578107747637888e-01
3.247646946447132477e-01
3.247670909637184189e-01
3.247599531158978370e-01
3.243971051057623622e-01
3.242577366025974350e-01
3.241998873063208220e-01
3.241682830182163744e-01
3.241998873063208220e-01
3.242577366025974350e-01
3.243971051057623622e-01
3.247599531158978370e-01
3.247670909637184189e-01
3.247726371531093337e-01
3.247652942834264866e-01
3.244032782245848123e-01
3.242673912455980023e-01
3.242031079309813379e-01
3.241711498569161409e-01
3.242031079309813379e-01
3.242673912455980023e-01
3.244032782245848123e-01
3.247652942834264866e-01
3.247726371531093337e-01
3.247756181643333129e-01
3.247684899522332302e-01
3.243997716194218506e-01
3.242726989082977962e-01
3.242083980642606056e-01
3.241767849253094913e-01
3.242083980642606056e-01
3.242726989082977962e-01
3.243997716194218506e-01
3.247684899522332302e-01
3.247756181643333129e-01
3.247825673962118076e-01
3.247750135890924983e-01
3.244031397472511014e-01
3.242921938675758509e-01
3.242037399696698907e-01
3.241834405636780936e-01
3.242037399696698907e-01
3.242921938675758509e-01
3.244031397472511014e-01
3.247750135890924983e-01
3.247825673962118076e-01
3.247859578748750753e-01
3.247788048446836884e-01
3.243991850847252612e-01
3.242923342618436178e-01
3.242217205496297772e-01
3.241891419453092338e-01
3.242217205496297772e-01
3.242923342618436178e-01
3.243991850847252612e-01
3.247788048446836884e-01
3.247859578748750753e-01
3.247938658226499631e-01
3.247859578748750753e-01
3.244021935608910057e-01
3.243042858349462487e-01
3.242211767321585558e-01
3.241674188689702141e-01
3.242211767321585558e-01
3.243042858349462487e-01
3.244021935608910057e-01
3.247859578748750753e-01
3.247938658226499631e-01
