2.351915594460332048e-01
2.352025075419091893e-01
2.357188503671538982e-01
2.360761164239327248e-01
2.362855849569427125e-01
2.363226088443853568e-01
2.362855849569427125e-01
2.360761164239327248e-01
2.357188503671538982e-01
2.352025075419091893e-01
2.351915594460332048e-01
2.352025075419091893e-01
2.352125800277018730e-01
2.357203276331062414e-01
2.360802608844309869e-01
2.362665669695335202e-01
2.363447049967913605e-01
2.362665669695335202e-01
2.360802608844309869e-01
2.357203276331062414e-01
2.352125800277018730e-01
2.352025075419091893e-01
2.352067142516386100e-01
2.352174531878638564e-01
2.357247623432635608e-01
2.360740837337176046e-01
2.362343627255870659e-01
2.363384097481854851e-01
2.362343627255870659e-01
2.360740837337176046e-01
2.357247623432635608e-01
2.352174531878638564e-01
2.352067142516386100e-01
2.352148200741515927e-01
2.352249508353336793e-01
2.357310743804026387e-01
2.360682091108660674e-01
2.362333804121515002e-01
2.363205220657007832e-01
2.362333804121515002e-01
2.360682091108660674e-01
2.357310743804026387e-01
2.352249508353336793e-01
2.352148200741515927e-01
2.352178650957939265e-01
2.352285639744018941e-01
2.357355498547968053e-01
2.360527883722386422e-01
2.362328700956550509e-01
2.363120512391346795e-01
2.362328700956550509e-01
2.360527883722386422e-01
2.357355498547968053e-01
2.352285639744018941e-01
2.352178650957939265e-01
2.352235287708694389e-01
2.352343244196393457e-01
2.357453827543783687e-01
2.360481980621154108e-01
2.362222936056479483e-01
2.363112908040783944e-01
2.362222936056479483e-01
2.360481980621154108e-01
2.357453827543783687e-01
2.352343244196393457e-01
2.352235287708694389e-01
2.352261196100428609e-01
2.352368629963260405e-01
2.357458134747271727e-01
2.360454116780587586e-01
2.362173558098052684e-01
2.363076257479417852e-01
2.362173558098052684e-01
2.360454116780587586e-01
2.357458134747271727e-01
2.352368629963260405e-01
2.352261196100428609e-01
2.352302238040377969e-01
2.352413992230250328e-01
2.357500633740821638e-01
2.360438964369713233e-01
2.362201636255394088e-01
2.363082280850431205e-01
2.362201636255394088e-01
2.360438964369713233e-01
2.357500633740821638e-01
2.352413992230250328e-01
2.352302238040377969e-01
2.352324455966716132e-01
2.352433961644246896e-01
2.357503186049219046e-01
2.360452252542024898e-01
2.362173509852510955e-01
2.363025545079441292e-01
2.362173509852510955e-01
2.360452252542024898e-01
2.357503186049219046e-01
2.352433961644246896e-01
2.352324455966716132e-01
2.352366866638866960e-01
2.352477638077301314e-01
2.357472783525308702e-01
2.360422744412770668e-01
2.362143511698684417e-01
2.363024179880086895e-01
2.362143511698684417e-01
2.360422744412770668e-01
2.357472783525308702e-01
2.352477638077301314e-01
2.352366866638866960e-01
2.352390404225374876e-01
2.352496774489592490e-01
2.357462880243394177e-01
2.360405797380070725e-01
2.362112558680373453e-01
2.362961025066384335e-01
2.362112558680373453e-01
2.360405797380070725e-01
2.357462880243394177e-01
2.352496774489592490e-01
2.352390404225374876e-01
2.352430078578888750e-01
2.352542361498119738e-01
2.357448913081242048e-01
2.360372719168082611e-01
2.362084024714263264e-01
2.362955793868017074e-01
2.362084024714263264e-01
2.360372719168082611e-01
2.357448913081242048e-01
2.352542361498119738e-01
2.352430078578888750e-01
2.352456608039987240e-01
2.352559902986800511e-01
2.357438909187685172e-01
2.360359249929585845e-01
2.362051807088877686e-01
2.362893384728058099e-01
2.362051807088877686e-01
2.360359249929585845e-01
2.357438909187685172e-01
2.352559902986800511e-01
2.352456608039987240e-01
2.352496875999920689e-01
2.352608396930292722e-01
2.357429943707905207e-01
2.360331005382635960e-01
2.362023646855801740e-01
2.362888162643419498e-01
2.362023646855801740e-01
2.360331005382635960e-01
2.357429943707904929e-01
2.352608396930292722e-01
2.352496875999920689e-01
2.352524310314962619e-01
2.352627409308545858e-01
2.357428584704676366e-01
2.360315513809128907e-01
2.361993449127740563e-01
2.362824559844824146e-01
2.361993449127740563e-01
2.360315513809128907e-01
2.357428584704676366e-01
2.352627409308545858e-01
2.352524310314962619e-01
2.352569658534070796e-01
2.352678308659326145e-01
2.357421352848988461e-01
2.360291872333054319e-01
2.361965032594204594e-01
2.362819881297089364e-01
2.361965032594204872e-01
2.360291872333054319e-01
2.357421352848988461e-01
2.352678308659326145e-01
2.352569658534070796e-01
2.352597101548708214e-01
2.352702198201530592e-01
2.357424650763421670e-01
2.360277347584632257e-01
2.361934473083923958e-01
2.362756359253405103e-01
2.361934473083923958e-01
2.360277347584632257e-01
2.357424650763421670e-01
2.352702198201530592e-01
2.352597101548708491e-01
2.352652182787793311e-01
2.352758778693794794e-01
2.357423361511378768e-01
2.360254819067610921e-01
2.361907502755166699e-01
2.362750921851772823e-01
2.361907502755166699e-01
2.360254819067610921e-01
2.357423361511378768e-01
2.352758778693794794e-01
2.352652182787793311e-01
2.352683389134584691e-01
2.352789365698557122e-01
2.357428399315141809e-01
2.360243685669957681e-01
2.361876943408907914e-01
2.362688255790411085e-01
2.361876943408907914e-01
2.360243685669957403e-01
2.357428399315141809e-01
2.352789365698557122e-01
2.352683389134584691e-01
2.352752715933219829e-01
2.352858635643849672e-01
2.357437522737787505e-01
2.360225923101881562e-01
2.361854859195748335e-01
2.362685669858467785e-01
2.361854859195748335e-01
2.360225923101881562e-01
2.357437522737787505e-01
2.352858635643849672e-01
2.352752715933219829e-01
2.352792282720766737e-01
2.352897668286406396e-01
2.357447332987699651e-01
2.360219533825041183e-01
2.361827047383240064e-01
2.362625581191737101e-01
2.361827047383240341e-01
2.360219533825041183e-01
2.357447332987699651e-01
2.352897668286406396e-01
2.352792282720766737e-01
2.352881202118100312e-01
2.352986846203595217e-01
2.357471530022602346e-01
2.360212763360108879e-01
2.361813980204797714e-01
2.362630717949744941e-01
2.361813980204797714e-01
2.360212763360108879e-01
2.357471530022602346e-01
2.352986846203595217e-01
2.352881202118100312e-01
2.352932698010233581e-01
2.353037548298176629e-01
2.357489932494533924e-01
2.360212796474487340e-01
2.361792448145799694e-01
2.362576450295532093e-01
2.361792448145799694e-01
2.360212796474487340e-01
2.357489932494533924e-01
2.353037548298176629e-01
2.352932698010233581e-01
2.353049221924179146e-01
2.353154210290925308e-01
2.357534240225083733e-01
2.360222688921901346e-01
2.361793146977905489e-01
2.362594248945866504e-01
2.361793146977905489e-01
2.360222688921901346e-01
2.357534240225083733e-01
2.353154210290925308e-01
2.353049221924179146e-01
2.353116485650795231e-01
2.353221506549525721e-01
2.357564129467661640e-01
2.360231413336127682e-01
2.361780844227362453e-01
2.362549603117719554e-01
2.361780844227362453e-01
2.360231413336127682e-01
2.357564129467661640e-01
2.353221506549525721e-01
2.353116485650795231e-01
2.353271411843847472e-01
2.353375782096512048e-01
2.357634227496683554e-01
2.360261450500273916e-01
2.361799102123690874e-01
2.362583271683278419e-01
2.361799102123690874e-01
2.360261450500273916e-01
2.357634227496683554e-01
2.353375782096512048e-01
2.353271411843847472e-01
2.353360577472582427e-01
2.353465844731507661e-01
2.357678030452428353e-01
2.360280605537450616e-01
2.361796618437037032e-01
2.362550129153495326e-01
2.361796618437037032e-01
2.360280605537450616e-01
2.357678030452428353e-01
2.353465844731507661e-01
2.353360577472582427e-01
2.353568006744186369e-01
2.353672438887886020e-01
2.357779550224795850e-01
2.360330085488371865e-01
2.361830410245936984e-01
2.362596061566762384e-01
2.361830410245936984e-01
2.360330085488371865e-01
2.357779550224795850e-01
2.353672438887886020e-01
2.353568006744186369e-01
2.353688303376087476e-01
2.353793153149353612e-01
2.357840021224934801e-01
2.360358488803253330e-01
2.361833876882370731e-01
2.362569786191521248e-01
2.361833876882370731e-01
2.360358488803253330e-01
2.357840021224934801e-01
2.353793153149353612e-01
2.353688303376087476e-01
2.353967383387348122e-01
2.354072053619839788e-01
2.357978446848434662e-01
2.360421663881922261e-01
2.361871139437074774e-01
2.362613836277404067e-01
2.361871139437074774e-01
2.360421663881922261e-01
2.357978446848434662e-01
2.354072053619839788e-01
2.353967383387348122e-01
2.354130535808630631e-01
2.354234814521660168e-01
2.358059419759288289e-01
2.360454459187938392e-01
2.361870569191087954e-01
2.362578689724878223e-01
2.361870569191087954e-01
2.360454459187938392e-01
2.358059419759288289e-01
2.354234814521660168e-01
2.354130535808630631e-01
2.354508583709388203e-01
2.354612872174708660e-01
2.358243359383543625e-01
2.360522525677679062e-01
2.361890745930278479e-01
2.362597729645493638e-01
2.361890745930278479e-01
2.360522525677679062e-01
2.358243359383543625e-01
2.354612872174708660e-01
2.354508583709388203e-01
2.354730187069196401e-01
2.354834542855674118e-01
2.358351668720731209e-01
2.360554973101453569e-01
2.361871539761533079e-01
2.362527813707790136e-01
2.361871539761533079e-01
2.360554973101453569e-01
2.358351668720731209e-01
2.354834542855674118e-01
2.354730187069196401e-01
2.355246828288229399e-01
2.355350794774805356e-01
2.358600889721533256e-01
2.360625342753009948e-01
2.361857870061471187e-01
2.362501628629995187e-01
2.361857870061471187e-01
2.360625342753009948e-01
2.358600889721533256e-01
2.355350794774805356e-01
2.355246828288229399e-01
2.355550817751762560e-01
2.355655375957802222e-01
2.358751162693992487e-01
2.360661350473535758e-01
2.361809900637804049e-01
2.362372367459253386e-01
2.361809900637804049e-01
2.360661350473535758e-01
2.358751162693992487e-01
2.355655375957802222e-01
2.355550817751762560e-01
2.356263069140829280e-01
2.356367215646336388e-01
2.359108264567737479e-01
2.360757745513897554e-01
2.361774032386809996e-01
2.362309039986766890e-01
2.361774032386809996e-01
2.360757745513897554e-01
2.359108264567737479e-01
2.356367215646336388e-01
2.356263069140829280e-01
2.356683701951409193e-01
2.356788226165293931e-01
2.359329172590753643e-01
2.360821158247533025e-01
2.361710598349699708e-01
2.362121627738463236e-01
2.361710598349699708e-01
2.360821158247533025e-01
2.359329172590753643e-01
2.356788226165293931e-01
2.356683701951409193e-01
2.357669721802994611e-01
2.357773597025086265e-01
2.359869336256903982e-01
2.361019617775100277e-01
2.361727514603455813e-01
2.362096940566010550e-01
2.361727514603455813e-01
2.361019617775100277e-01
2.359869336256903982e-01
2.357773597025086265e-01
2.357669721802994611e-01
2.358250581348445007e-01
2.358355356125577118e-01
2.360206531730872082e-01
2.361163598421349152e-01
2.361707835393617450e-01
2.361912589443519728e-01
2.361707835393617450e-01
2.361163598421349152e-01
2.360206531730872082e-01
2.358355356125577118e-01
2.358250581348445007e-01
2.359608716725073441e-01
2.359712545161776753e-01
2.361034754047063311e-01
2.361601737589023309e-01
2.361936694463561137e-01
2.362094638634757160e-01
2.361936694463561137e-01
2.361601737589023309e-01
2.361034754047063311e-01
2.359712545161776753e-01
2.359608716725073441e-01
2.360404135726697494e-01
2.360509473206394149e-01
2.361544573890938803e-01
2.361905018012657176e-01
2.362068947186861945e-01
2.362050986656984430e-01
2.362068947186861945e-01
2.361905018012657176e-01
2.361544573890938803e-01
2.360509473206394149e-01
2.360404135726697494e-01
2.362253446258787415e-01
2.362357542883991857e-01
2.362772329945384830e-01
2.362744988170447646e-01
2.362713950741751889e-01
2.362654497680121701e-01
2.362713950741751889e-01
2.362744988170447646e-01
2.362772329945384830e-01
2.362357542883991857e-01
2.362253446258787415e-01
2.363328429489802152e-01
2.363434160810458096e-01
2.363503114623685675e-01
2.363281347000450727e-01
2.363117376261744396e-01
2.362929144976470552e-01
2.363117376261744396e-01
2.363281347000450727e-01
2.363503114623685675e-01
2.363434160810458096e-01
2.363328429489802152e-01
2.365809646595787852e-01
2.365914194981527108e-01
2.365202293983615645e-01
2.364616516433429294e-01
2.364310912047688229e-01
2.364090976363859009e-01
2.364310912047688229e-01
2.364616516433429294e-01
2.365202293983615645e-01
2.365914194981527108e-01
2.365809646595787852e-01
2.367243106887452209e-01
2.367349721699598120e-01
2.366169156230886195e-01
2.365392382169430319e-01
2.365027327650023881e-01
2.364786227853080958e-01
2.365027327650023881e-01
2.365392382169430319e-01
2.366169156230886195e-01
2.367349721699598120e-01
2.367243106887452209e-01
2.370537111996318391e-01
2.370643969127976536e-01
2.368322731136662807e-01
2.367108140806273020e-01
2.366633578571637475e-01
2.366357122671924607e-01
2.366633578571637475e-01
2.367108140806273020e-01
2.368322731136662807e-01
2.370643969127976536e-01
2.370537111996318391e-01
2.372440704054958605e-01
2.372548734755634547e-01
2.369493353146333581e-01
2.367987889454842565e-01
2.367490940969540492e-01
2.367295386348156894e-01
2.367490940969540492e-01
2.367987889454842565e-01
2.369493353146333581e-01
2.372548734755634547e-01
2.372440704054958605e-01
2.376820061692879738e-01
2.376930559506641449e-01
2.371995643359207373e-01
2.369642705177082143e-01
2.368896935742663690e-01
2.368605111555152354e-01
2.368896935742663690e-01
2.369642705177082143e-01
2.371995643359207373e-01
2.376930559506641449e-01
2.376820061692879738e-01
2.379370174319577202e-01
2.379480428644583923e-01
2.373315555771066954e-01
2.370320502835840670e-01
2.369393814802676357e-01
2.369113841274538557e-01
2.369393814802676357e-01
2.370320502835840670e-01
2.373315555771066954e-01
2.379480428644583923e-01
2.379370174319577202e-01
2.385283759446781560e-01
2.385399157817407190e-01
2.376092010339858895e-01
2.371208566677494578e-01
2.369504632515161691e-01
2.368950604287268225e-01
2.369504632515161691e-01
2.371208566677494578e-01
2.376092010339858895e-01
2.385399157817407190e-01
2.385283759446781560e-01
2.388773611842431310e-01
2.388889365466999037e-01
2.377590168753545841e-01
2.371322658288599061e-01
2.368876032361233452e-01
2.367849108063588837e-01
2.368876032361233452e-01
2.371322658288599061e-01
2.377590168753545841e-01
2.388889365466999037e-01
2.388773611842431310e-01
2.396971054310760019e-01
2.397091186729487788e-01
2.380908242076109071e-01
2.370924781821924232e-01
2.366606482174001824e-01
2.364967862994541703e-01
2.366606482174001824e-01
2.370924781821924232e-01
2.380908242076109071e-01
2.397091186729487788e-01
2.396971054310760019e-01
2.401869667739908176e-01
2.401991398833373537e-01
2.382898117804165272e-01
2.370409437496690808e-01
2.364263774714858712e-01
2.361058854523663542e-01
2.364263774714858712e-01
2.370409437496690808e-01
2.382898117804165272e-01
2.401991398833373537e-01
2.401869667739908176e-01
2.413490703391952263e-01
2.413622561640555719e-01
2.387831458518289429e-01
2.369342539112286317e-01
2.359766154721137932e-01
2.355497646711736115e-01
2.359766154721137932e-01
2.369342539112286317e-01
2.387831458518289429e-01
2.413622561640555719e-01
2.413490703391952263e-01
2.420480969647314518e-01
2.420608251065013983e-01
2.391137550014729718e-01
2.369005273285327284e-01
2.356196064752781594e-01
2.348772342452598583e-01
2.356196064752781594e-01
2.369005273285327284e-01
2.391137550014729718e-01
2.420608251065013983e-01
2.420480969647314795e-01
2.437084196142173254e-01
2.437228007126164553e-01
2.399933885235021047e-01
2.370226404925366293e-01
2.352632375049725222e-01
2.343783917367328606e-01
2.352632375049725222e-01
2.370226404925366293e-01
2.399933885235021047e-01
2.437228007126164830e-01
2.437084196142172976e-01
2.447016690396216776e-01
2.447146288986875584e-01
2.405939181097552504e-01
2.372295745703541237e-01
2.350546731498356912e-01
2.337215065321752716e-01
2.350546731498356912e-01
2.372295745703541237e-01
2.405939181097552504e-01
2.447146288986875307e-01
2.447016690396216776e-01
2.470394346216217007e-01
2.470535175892660529e-01
2.421721060423909222e-01
2.381702297830310955e-01
2.355505171417588417e-01
2.340917311915545196e-01
2.355505171417588417e-01
2.381702297830310955e-01
2.421721060423909222e-01
2.470535175892660529e-01
2.470394346216217007e-01
2.484141281125972489e-01
2.484284778548683514e-01
2.431870381258240121e-01
2.389687476661825349e-01
2.360493140984638583e-01
2.342089715545912498e-01
2.360493140984638860e-01
2.389687476661825349e-01
2.431870381258240121e-01
2.484284778548683514e-01
2.484141281125972489e-01
2.516029556695256741e-01
2.516207042076253342e-01
2.456799536831127395e-01
2.414275106936767390e-01
2.384805187170293272e-01
2.366454850256248799e-01
2.384805187170293272e-01
2.414275106936767668e-01
2.456799536831127395e-01
2.516207042076253342e-01
2.516029556695256741e-01
2.534484378356082757e-01
2.534660844560664428e-01
2.471152229591695448e-01
2.430919514347503196e-01
2.403824573978506907e-01
2.387086341553642244e-01
2.403824573978506907e-01
2.430919514347503196e-01
2.471152229591695726e-01
2.534660844560664428e-01
2.534484378356082757e-01
2.576719979683430584e-01
2.576906152887074586e-01
2.502397463074228501e-01
2.471527676942552876e-01
2.453616228848592429e-01
2.439835956518133231e-01
2.453616228848592151e-01
2.471527676942552876e-01
2.502397463074228501e-01
2.576906152887074586e-01
2.576719979683430584e-01
2.600927707066636452e-01
2.601106870047678599e-01
2.517176065588273559e-01
2.493082131087612230e-01
2.488153653506915974e-01
2.488884261912857609e-01
2.488153653506915974e-01
2.493082131087612230e-01
2.517176065588273559e-01
2.601106870047678599e-01
2.600927707066636452e-01
2.656213577318711772e-01
2.656444419653214428e-01
2.541700034749615478e-01
2.528166202934043483e-01
2.543349311562356219e-01
2.550949288369054324e-01
2.543349311562356219e-01
2.528166202934043483e-01
2.541700034749615478e-01
2.656444419653214428e-01
2.656213577318711772e-01
2.688535412856969398e-01
2.688748117191288589e-01
2.547688593951094038e-01
2.533650563738188422e-01
2.571336010621755874e-01
2.612155819647072330e-01
2.571336010621755874e-01
2.533650563738188422e-01
2.547688593951094038e-01
2.688748117191288589e-01
2.688535412856969398e-01
2.764475538572336855e-01
2.764670409424658803e-01
2.543347106957786208e-01
2.495526158316652698e-01
2.537402703327569786e-01
2.584149233608060148e-01
2.537402703327569786e-01
2.495526158316652698e-01
2.543347106957786208e-01
2.764670409424658803e-01
2.764475538572336855e-01
2.811105600833398444e-01
2.811309638579477799e-01
2.531996717118425999e-01
2.440147694475305884e-01
2.467850868184614799e-01
2.546196304830068424e-01
2.467850868184614799e-01
2.440147694475305606e-01
2.531996717118425999e-01
2.811309638579477799e-01
2.811105600833398444e-01
4.497991640575454975e-01
2.926366014624717793e-01
2.495008280241786391e-01
2.247671999185845704e-01
2.061519427829396900e-01
1.911012179087589469e-01
2.061519427829396900e-01
2.247671999185845704e-01
2.495008280241786114e-01
2.926366014624718348e-01
4.497991640575454975e-01
4.497991640575454975e-01
2.970067401519929651e-01
2.480585047416994371e-01
2.184055137579423433e-01
1.973249302127228766e-01
1.839843453790158401e-01
1.973249302127228766e-01
2.184055137579423433e-01
2.480585047416994371e-01
2.970067401519929651e-01
4.497991640575454975e-01
4.497991640575454975e-01
3.035932435379319339e-01
2.465410508344406115e-01
2.121612414216414444e-01
1.902351510279529090e-01
1.771067637454831478e-01
1.902351510279529090e-01
2.121612414216414444e-01
2.465410508344406115e-01
3.035932435379319894e-01
4.497991640575454975e-01
4.497991640575454975e-01
3.062422896826297869e-01
2.465528127349162768e-01
2.114031425493486382e-01
1.906449363318790391e-01
1.795427778410913777e-01
1.906449363318790391e-01
2.114031425493486382e-01
2.465528127349162768e-01
3.062422896826297869e-01
4.497991640575454975e-01
4.497991640575454975e-01
3.105586665031175864e-01
2.479458392541554201e-01
2.129268833105660008e-01
1.933848051440111848e-01
1.827355946972224754e-01
1.933848051440111848e-01
2.129268833105660008e-01
2.479458392541554201e-01
3.105586665031175864e-01
4.497991640575454975e-01
4.497991640575454975e-01
3.124202317110703064e-01
2.490973253938158494e-01
2.145630161237619127e-01
1.960930843918270161e-01
1.866785103038486604e-01
1.960930843918270161e-01
2.145630161237619127e-01
2.490973253938158494e-01
3.124202317110703064e-01
4.497991640575454975e-01
4.497991640575454975e-01
3.156817874628035647e-01
2.520670348636834812e-01
2.187099368176320113e-01
2.012873372808667571e-01
1.921955901809300205e-01
2.012873372808667571e-01
2.187099368176320113e-01
2.520670348636834812e-01
3.156817874628035647e-01
4.497991640575454975e-01
4.497991640575454975e-01
3.171540192618931830e-01
2.536977579357342916e-01
2.209661174339698775e-01
2.042462607954804166e-01
1.958567162139023543e-01
2.042462607954804166e-01
2.209661174339698497e-01
2.536977579357342361e-01
3.171540192618931830e-01
4.497991640575454975e-01
4.497991640575454975e-01
3.198306931484012905e-01
2.570966647868719313e-01
2.254512563775477041e-01
2.094246043935941992e-01
2.012404696746857846e-01
2.094246043935941992e-01
2.254512563775476763e-01
2.570966647868719313e-01
3.198306931484012905e-01
4.497991640575454975e-01
4.497991640575454975e-01
3.210589847893040583e-01
2.587622290174088069e-01
2.275991586193721328e-01
2.119809369121468667e-01
2.041652160727191745e-01
2.119809369121468667e-01
2.275991586193721328e-01
2.587622290174088069e-01
3.210589847893040583e-01
4.497991640575454975e-01
4.497991640575454975e-01
3.233155181898417219e-01
2.619499892649240769e-01
2.315471231326893531e-01
2.163358876212815585e-01
2.086430436744575734e-01
2.163358876212815585e-01
2.315471231326893531e-01
2.619499892649240769e-01
3.233155181898417219e-01
4.497991640575454975e-01
4.497991640575454975e-01
3.243479781183521982e-01
2.634287808994641433e-01
2.333347252855779153e-01
2.183315285741196377e-01
2.108023984884224156e-01
2.183315285741196377e-01
2.333347252855779153e-01
2.634287808994641433e-01
3.243479781183521982e-01
4.497991640575454975e-01
4.497991640575454975e-01
3.262348929104562090e-01
2.661295200122337778e-01
2.364928542921045651e-01
2.217001518271286276e-01
2.142411089754400755e-01
2.217001518271286276e-01
2.364928542921045651e-01
2.661295200122337778e-01
3.262348929104562090e-01
4.497991640575454975e-01
4.497991640575454975e-01
3.270888498411780865e-01
2.673420017422135642e-01
2.378754229552930421e-01
2.231649246767440919e-01
2.157485055328433321e-01
2.231649246767440919e-01
2.378754229552930421e-01
2.673420017422135642e-01
3.270888498411780865e-01
4.497991640575454975e-01
4.497991640575454975e-01
3.286320010975629091e-01
2.694911352394092074e-01
2.402590710241853666e-01
2.256352346110392926e-01
2.182573410605129771e-01
2.256352346110392926e-01
2.402590710241853666e-01
2.694911352394092074e-01
3.286320010975629091e-01
4.497991640575454975e-01
4.497991640575454975e-01
3.293222471262192697e-01
2.704352350913725167e-01
2.412775364149414570e-01
2.266629856617010108e-01
2.192613945592511715e-01
2.266629856617010108e-01
2.412775364149414570e-01
2.704352350913725167e-01
3.293222471262192697e-01
4.497991640575454975e-01
4.497991640575454975e-01
3.305545559447180537e-01
2.720731229287758346e-01
2.430043728995757435e-01
2.284049135563732125e-01
2.210238234693535364e-01
2.284049135563732125e-01
2.430043728995757435e-01
2.720731229287758346e-01
3.305545559447180537e-01
4.497991640575454975e-01
4.497991640575454975e-01
3.310993865375538858e-01
2.727816812242622735e-01
2.437279295865555917e-01
2.290998305537438606e-01
2.216639105288786826e-01
2.290998305537438606e-01
2.437279295865555917e-01
2.727816812242622735e-01
3.310993865375538858e-01
4.497991640575454975e-01
4.497991640575454975e-01
3.320609915318917804e-01
2.739907825312256628e-01
2.449398270077302320e-01
2.302898084427781322e-01
2.228645383376806899e-01
2.302898084427781322e-01
2.449398270077302320e-01
2.739907825312256628e-01
3.320609915318917804e-01
4.497991640575454975e-01
4.497991640575454975e-01
3.324816296584016118e-01
2.745077426887724825e-01
2.454391732874514065e-01
2.307444016848541057e-01
2.232543088901522144e-01
2.307444016848541057e-01
2.454391732874514065e-01
2.745077426887724825e-01
3.324816296584016118e-01
4.497991640575454975e-01
4.497991640575454975e-01
3.332164666618216975e-01
2.753783947944438149e-01
2.462676795342650105e-01
2.315356544515051740e-01
2.240514677405593680e-01
2.315356544515051740e-01
2.462676795342650105e-01
2.753783947944438149e-01
3.332164666618216975e-01
4.497991640575454975e-01
4.497991640575454975e-01
3.335349229264981119e-01
2.757469518525014207e-01
2.466038135467268078e-01
2.318237327414995608e-01
2.242763380277499330e-01
2.318237327414995608e-01
2.466038135467268078e-01
2.757469518525014207e-01
3.335349229264981119e-01
4.497991640575454975e-01
4.497991640575454975e-01
3.340858301325335677e-01
2.763609017969388404e-01
2.471571429054656988e-01
2.323369753876715904e-01
2.247936563302325719e-01
2.323369753876715904e-01
2.471571429054656988e-01
2.763609017969388404e-01
3.340858301325335677e-01
4.497991640575454975e-01
4.497991640575454975e-01
3.343226167282324357e-01
2.766183950574262473e-01
2.473780232591942241e-01
2.325130979952306221e-01
2.249135774466259063e-01
2.325130979952306221e-01
2.473780232591942241e-01
2.766183950574262473e-01
3.343226167282324357e-01
4.497991640575454975e-01
4.497991640575454975e-01
3.347283536271814519e-01
2.770429611377374091e-01
2.477386643362943230e-01
2.328368225881592979e-01
2.252407691654480237e-01
2.328368225881592979e-01
2.477386643362943230e-01
2.770429611377374646e-01
3.347283536271814519e-01
4.497991640575454975e-01
4.497991640575454975e-01
3.349014106428045978e-01
2.772192684609257052e-01
2.478798054764494163e-01
2.329391890408594179e-01
2.252956956875511729e-01
2.329391890408594179e-01
2.478798054764494163e-01
2.772192684609257052e-01
3.349014106428045978e-01
4.497991640575454975e-01
4.497991640575454975e-01
3.351950748670298186e-01
2.775066718936068377e-01
2.481077061313464727e-01
2.331355541251431407e-01
2.254951120976070034e-01
2.331355541251431407e-01
2.481077061313464727e-01
2.775066718936068377e-01
3.351950748670298186e-01
4.497991640575454975e-01
4.497991640575454975e-01
3.353193053288759384e-01
2.776246808581175896e-01
2.481945428072944715e-01
2.331901019046125623e-01
2.255110371371935596e-01
2.331901019046125623e-01
2.481945428072944715e-01
2.776246808581175896e-01
3.353193053288759384e-01
4.497991640575454975e-01
4.497991640575454975e-01
3.355281110679340095e-01
2.778142949606183243e-01
2.483323464808617764e-01
2.333019422759093908e-01
2.256251942767152630e-01
2.333019422759093908e-01
2.483323464808617764e-01
2.778142949606183243e-01
3.355281110679339540e-01
4.497991640575454975e-01
4.497991640575454975e-01
3.356156487438242131e-01
2.778911413837066302e-01
2.483828158077354409e-01
2.333263181312451862e-01
2.256191555120372061e-01
2.333263181312451862e-01
2.483828158077354409e-01
2.778911413837066302e-01
3.356156487438242131e-01
4.497991640575454975e-01
4.497991640575454975e-01
3.357615672075729973e-01
2.780121596114767391e-01
2.484605808882297540e-01
2.333831336341370410e-01
2.256773263396973095e-01
2.333831336341370410e-01
2.484605808882297540e-01
2.780121596114767946e-01
3.357615672075729973e-01
4.497991640575454975e-01
4.497991640575454975e-01
3.358222941048480958e-01
2.780602592459086031e-01
2.484871989100480572e-01
2.333894342654675158e-01
2.256606149019077800e-01
2.333894342654675158e-01
2.484871989100480572e-01
2.780602592459086031e-01
3.358222941048480958e-01
4.497991640575454975e-01
4.497991640575454975e-01
3.359227792083112063e-01
2.781339652621465097e-01
2.485257047025061505e-01
2.334112505767867995e-01
2.256827236411830251e-01
2.334112505767867995e-01
2.485257047025061228e-01
2.781339652621465097e-01
3.359227792083112063e-01
4.497991640575454975e-01
4.497991640575454975e-01
3.359646290186771855e-01
2.781623103775643369e-01
2.485369017995056884e-01
2.334072508201306684e-01
2.256623405306340535e-01
2.334072508201306684e-01
2.485369017995056884e-01
2.781623103775643369e-01
3.359646290186772410e-01
4.497991640575454975e-01
4.497991640575454975e-01
3.360339690385481526e-01
2.782039312686366284e-01
2.485496293836447212e-01
2.334063464636570717e-01
2.256603036000021101e-01
2.334063464636570717e-01
2.485496293836446935e-01
2.782039312686366284e-01
3.360339690385481526e-01
4.497991640575454975e-01
4.497991640575454975e-01
3.360634443707870012e-01
2.782192523066231438e-01
2.485505947698790907e-01
2.333959363533998355e-01
2.256390859040389163e-01
2.333959363533998077e-01
2.485505947698790907e-01
2.782192523066231438e-01
3.360634443707870012e-01
4.497991640575454975e-01
4.497991640575454975e-01
3.361140904016335917e-01
2.782400784747435241e-01
2.485452931969599766e-01
2.333779160284350507e-01
2.256177716757407914e-01
2.333779160284350784e-01
2.485452931969599766e-01
2.782400784747435241e-01
3.361140904016335917e-01
4.497991640575454975e-01
4.497991640575454975e-01
3.361372170603052489e-01
2.782476149939014931e-01
2.485389047593515588e-01
2.333615912246034263e-01
2.255940746906778260e-01
2.333615912246034263e-01
2.485389047593515588e-01
2.782476149939014931e-01
3.361372170603052489e-01
4.497991640575454975e-01
4.497991640575454975e-01
3.361812360648973597e-01
2.782578902545672084e-01
2.485201773382091917e-01
2.333274910682794911e-01
2.255535322688525801e-01
2.333274910682794911e-01
2.485201773382091917e-01
2.782578902545672084e-01
3.361812360648973597e-01
4.497991640575454975e-01
4.497991640575454975e-01
3.362044219140630785e-01
2.782629856761112963e-01
2.485086845674040479e-01
2.333040217125865456e-01
2.255223356142479485e-01
2.333040217125865456e-01
2.485086845674040479e-01
2.782629856761112963e-01
3.362044219140631340e-01
4.497991640575454975e-01
4.497991640575454975e-01
3.362553985116797928e-01
2.782754588226465375e-01
2.484829401081061206e-01
2.332555652653746370e-01
2.254632587262772603e-01
2.332555652653746370e-01
2.484829401081061206e-01
2.782754588226465375e-01
3.362553985116797928e-01
4.497991640575454975e-01
4.497991640575454975e-01
3.362862640670237213e-01
2.782861030509917732e-01
2.484711712310098408e-01
2.332257435616888752e-01
2.254204110919780513e-01
2.332257435616888752e-01
2.484711712310098408e-01
2.782861030509917732e-01
3.362862640670237213e-01
4.497991640575454975e-01
4.497991640575454975e-01
3.363612070754074534e-01
2.783209292650941080e-01
2.484544617982024362e-01
2.331750345951932868e-01
2.253540264430062001e-01
2.331750345951932868e-01
2.484544617982024362e-01
2.783209292650941080e-01
3.363612070754074534e-01
4.497991640575454975e-01
4.497991640575454975e-01
3.364094307727173994e-01
2.783502384166441912e-01
2.484546102611260854e-01
2.331478552542101124e-01
2.253044137994079377e-01
2.331478552542101124e-01
2.484546102611260854e-01
2.783502384166441912e-01
3.364094307727174549e-01
4.497991640575454975e-01
4.497991640575454975e-01
3.365298176747779091e-01
2.784403061096838994e-01
2.484824685302582103e-01
2.331301571456711186e-01
2.252659065007769912e-01
2.331301571456711186e-01
2.484824685302582103e-01
2.784403061096838994e-01
3.365298176747779091e-01
4.497991640575454975e-01
4.497991640575454975e-01
3.366072221359944217e-01
2.785084527246950437e-01
2.485189933054611777e-01
2.331310759242170572e-01
2.252348708574703762e-01
2.331310759242170572e-01
2.485189933054611777e-01
2.785084527246950437e-01
3.366072221359944217e-01
4.497991640575454975e-01
4.497991640575454975e-01
3.367984821213134139e-01
2.787016467843260181e-01
2.486545022345473810e-01
2.332165864421014700e-01
2.252964140652177205e-01
2.332165864421014700e-01
2.486545022345473810e-01
2.787016467843260181e-01
3.367984821213134139e-01
4.497991640575454975e-01
4.497991640575454975e-01
3.369183813687212092e-01
2.788358408868960581e-01
2.487664754579277104e-01
2.332937845984678071e-01
2.253402386484317232e-01
2.332937845984678071e-01
2.487664754579277104e-01
2.788358408868960581e-01
3.369183813687212092e-01
4.497991640575454975e-01
4.497991640575454975e-01
3.372074518785422859e-01
2.791913494633024850e-01
2.490994992747543046e-01
2.335901474775590181e-01
2.256142721842656629e-01
2.335901474775590181e-01
2.490994992747543046e-01
2.791913494633024850e-01
3.372074518785422859e-01
4.497991640575454975e-01
4.497991640575454975e-01
3.373830472328522290e-01
2.794217117899575054e-01
2.493363991194817997e-01
2.338121641207615287e-01
2.258211045945300033e-01
2.338121641207615287e-01
2.493363991194817997e-01
2.794217117899575054e-01
3.373830472328522290e-01
4.497991640575454975e-01
4.497991640575454975e-01
3.377938285706065802e-01
2.799974983492401481e-01
2.499652532889954371e-01
2.344449798947488284e-01
2.264409284379180765e-01
2.344449798947488284e-01
2.499652532889954371e-01
2.799974983492401481e-01
3.377938285706065802e-01
4.497991640575454975e-01
4.497991640575454975e-01
3.380355855940212484e-01
2.803485556136061652e-01
2.503719428949724435e-01
2.348820786732676025e-01
2.269091841746794236e-01
2.348820786732676025e-01
2.503719428949724435e-01
2.803485556136061652e-01
3.380355855940212484e-01
4.497991640575454975e-01
4.497991640575454975e-01
3.385846477856500059e-01
2.811814320570499293e-01
2.513621192639501345e-01
2.359419502633965937e-01
2.279734968840158582e-01
2.359419502633965937e-01
2.513621192639501345e-01
2.811814320570499293e-01
3.385846477856500059e-01
4.497991640575454975e-01
4.497991640575454975e-01
3.388974499168230237e-01
2.816629516945474698e-01
2.519532139442786645e-01
2.366248924915981267e-01
2.287562523585006391e-01
2.366248924915981267e-01
2.519532139442786645e-01
2.816629516945474698e-01
3.388974499168230237e-01
4.497991640575454975e-01
4.497991640575454975e-01
3.395908215261403407e-01
2.827548207209370501e-01
2.532833757268491137e-01
2.380854272747343070e-01
2.302386877780022989e-01
2.380854272747343070e-01
2.532833757268491137e-01
2.827548207209370501e-01
3.395908215261403407e-01
4.497991640575454975e-01
4.497991640575454975e-01
3.399745642661574085e-01
2.833622697888554809e-01
2.540193405567272578e-01
2.389505088031625701e-01
2.312568581747906082e-01
2.389505088031625701e-01
2.540193405567272578e-01
2.833622697888554809e-01
3.399745642661574085e-01
4.497991640575454975e-01
4.497991640575454975e-01
3.408088855334637235e-01
2.847017372774806598e-01
2.555572974141956943e-01
2.406014281256390608e-01
2.329256923983369643e-01
2.406014281256390608e-01
2.555572974141956943e-01
2.847017372774806598e-01
3.408088855334637235e-01
4.497991640575454975e-01
4.497991640575454975e-01
3.412618621328322721e-01
2.854447572708639358e-01
2.563548301485057967e-01
2.414595170917578082e-01
2.338857141846622245e-01
2.414595170917578082e-01
2.563548301485057967e-01
2.854447572708639358e-01
3.412618621328322721e-01
4.497991640575454975e-01
4.497991640575454975e-01
3.422254391559544917e-01
2.871087559940189160e-01
2.579589056556478854e-01
2.429672829635379228e-01
2.353495412369785156e-01
2.429672829635379228e-01
2.579589056556478854e-01
2.871087559940189160e-01
3.422254391559544917e-01
4.497991640575454975e-01
4.497991640575454975e-01
3.427345734550064638e-01
2.880896085669967244e-01
2.588048869738650559e-01
2.435855730872730218e-01
2.357696895288483585e-01
2.435855730872730218e-01
2.588048869738650559e-01
2.880896085669967244e-01
3.427345734550064638e-01
4.497991640575454975e-01
4.497991640575454975e-01
3.437766971984710929e-01
2.904604720740065482e-01
2.607369278597519990e-01
2.449248023397187779e-01
2.369022647469304355e-01
2.449248023397187779e-01
2.607369278597519990e-01
2.904604720740065482e-01
3.437766971984710929e-01
4.497991640575454975e-01
4.497991640575454975e-01
3.442860233003730008e-01
2.920064357265224064e-01
2.620354769197729694e-01
2.454136260842338380e-01
2.364679569735128606e-01
2.454136260842338380e-01
2.620354769197729694e-01
2.920064357265224064e-01
3.442860233003730008e-01
4.497991640575454975e-01
4.497991640575454975e-01
3.452111143711113495e-01
2.960492963131227118e-01
2.660172880956058750e-01
2.482094713989358437e-01
2.387957309036625175e-01
2.482094713989358437e-01
2.660172880956058750e-01
2.960492963131227118e-01
3.452111143711113495e-01
4.497991640575454975e-01
4.497991640575454975e-01
3.455304147775914991e-01
2.987777887690557521e-01
2.693508451589926023e-01
2.501978657980501453e-01
2.385920401950108460e-01
2.501978657980501453e-01
2.693508451589926023e-01
2.987777887690557521e-01
3.455304147775914991e-01
4.497991640575454975e-01
4.497991640575454975e-01
3.457035048749573791e-01
3.058415358522569294e-01
2.804928963504785266e-01
2.616796568166869230e-01
2.496717591178832241e-01
2.616796568166869230e-01
2.804928963504785266e-01
3.058415358522569294e-01
3.457035048749573791e-01
4.497991640575454975e-01
4.497991640575454975e-01
3.453047108389070696e-01
3.100908104831088252e-01
2.892716370658395819e-01
2.723504031734397257e-01
2.578467284059310360e-01
2.723504031734397257e-01
2.892716370658395819e-01
3.100908104831088252e-01
3.453047108389070696e-01
4.497991640575454975e-01
4.497991640575454975e-01
3.431549637161569466e-01
3.194199226221709487e-01
3.136944016839672833e-01
3.180216468401642627e-01
3.263682635222958095e-01
3.180216468401642627e-01
3.136944016839672833e-01
3.194199226221709487e-01
3.431549637161569466e-01
4.497991640575454975e-01
3.409177436871245748e-01
3.409351058694012893e-01
3.231659372368289040e-01
3.219376995025727273e-01
3.280918218437053335e-01
3.338961648068842769e-01
3.280918218437053335e-01
3.219376995025727273e-01
3.231659372368289040e-01
3.409351058694012893e-01
3.409177436871245748e-01
3.378556609883368589e-01
3.378637766631469308e-01
3.284200880821561142e-01
3.309943317162458154e-01
3.372209285539363166e-01
3.426222675101929793e-01
3.372209285539363166e-01
3.309943317162458709e-01
3.284200880821561142e-01
3.378637766631469308e-01
3.378556609883368589e-01
3.366921423330047625e-01
3.367044392146819054e-01
3.299889196925398505e-01
3.328354673544030029e-01
3.371712307793182095e-01
3.396744459554106865e-01
3.371712307793182095e-01
3.328354673544030029e-01
3.299889196925398505e-01
3.367044392146819054e-01
3.366921423330047625e-01
3.349061110366516325e-01
3.349136742578390225e-01
3.313470435199399877e-01
3.333603936578201088e-01
3.359159122687770394e-01
3.378505943615104923e-01
3.359159122687770394e-01
3.333603936578201088e-01
3.313470435199399877e-01
3.349136742578390225e-01
3.349061110366516325e-01
3.341574587302525989e-01
3.341688006057496052e-01
3.314825648236732758e-01
3.327854857512559938e-01
3.339740931638196519e-01
3.343381499841860949e-01
3.339740931638196519e-01
3.327854857512559938e-01
3.314825648236732203e-01
3.341688006057496052e-01
3.341574587302525989e-01
3.328935347021806934e-01
3.328977457420801422e-01
3.310106890401696700e-01
3.310587976787709996e-01
3.311272127103617735e-01
3.311839729725415404e-01
3.311272127103617735e-01
3.310587976787709996e-01
3.310106890401696700e-01
3.328977457420801422e-01
3.328935347021806934e-01
3.323375571146616192e-01
3.323462587721088268e-01
3.306352105696177546e-01
3.301697406271155155e-01
3.296514099830641364e-01
3.291315935145874838e-01
3.296514099830641364e-01
3.301697406271155155e-01
3.306352105696177546e-01
3.323462587721088268e-01
3.323375571146616192e-01
3.313778006757731598e-01
3.313784387272578624e-01
3.297863984055822151e-01
3.286937954991369648e-01
3.277781588588083994e-01
3.271642111353865179e-01
3.277781588588083994e-01
3.286937954991369648e-01
3.297863984055822151e-01
3.313784387272578624e-01
3.313778006757731598e-01
3.309576962990666837e-01
3.309644222454836138e-01
3.294038618586047074e-01
3.281505235285480104e-01
3.271408700401511882e-01
3.264810406153452749e-01
3.271408700401511882e-01
3.281505235285480104e-01
3.294038618586047074e-01
3.309644222454836138e-01
3.309576962990666837e-01
3.302530365370613397e-01
3.302520064803865507e-01
3.287791356978962964e-01
3.274636249547615008e-01
3.264792242855910631e-01
3.258445785151931062e-01
3.264792242855910631e-01
3.274636249547615008e-01
3.287791356978962964e-01
3.302520064803865507e-01
3.302530365370613397e-01
3.299537446801742435e-01
3.299558750748866620e-01
3.285465964179157261e-01
3.272907282962633224e-01
3.264195230469068010e-01
3.259294582626637293e-01
3.264195230469068010e-01
3.272907282962633224e-01
3.285465964179157261e-01
3.299558750748866620e-01
3.299537446801742435e-01
3.294660288076131094e-01
3.294652424816210678e-01
3.282380132988012011e-01
3.271911360909544597e-01
3.264983569754487669e-01
3.260760634782082779e-01
3.264983569754487669e-01
3.271911360909544597e-01
3.282380132988012011e-01
3.294652424816210678e-01
3.294660288076131094e-01
3.292666310318844158e-01
3.292676127251565332e-01
3.281414414416811698e-01
3.272268716092797680e-01
3.266776657546282547e-01
3.264062537032337286e-01
3.266776657546282547e-01
3.272268716092797680e-01
3.281414414416811143e-01
3.292676127251565332e-01
3.292666310318844158e-01
3.289543981165131137e-01
3.289520347091833830e-01
3.280461678436911166e-01
3.273813338570469855e-01
3.270059669438819538e-01
3.267991845994934197e-01
3.270059669438819538e-01
3.273813338570469855e-01
3.280461678436911166e-01
3.289520347091833830e-01
3.289543981165131137e-01
3.288284331835795160e-01
3.288285890207388595e-01
3.280240929095866731e-01
3.274756364425461808e-01
3.271994828107188669e-01
3.270833708800949813e-01
3.271994828107188669e-01
3.274756364425461808e-01
3.280240929095866731e-01
3.288285890207388595e-01
3.288284331835795715e-01
3.286366690334210361e-01
3.286334033448214398e-01
3.280184510508454832e-01
3.276517294965853866e-01
3.274867614962475582e-01
3.274148488222844988e-01
3.274867614962475582e-01
3.276517294965853866e-01
3.280184510508454832e-01
3.286334033448214398e-01
3.286366690334210361e-01
3.285587436779681125e-01
3.285576484489987070e-01
3.280197519990026844e-01
3.277235521252262473e-01
3.276030732192182771e-01
3.275618609414947535e-01
3.276030732192182771e-01
3.277235521252262473e-01
3.280197519990026844e-01
3.285576484489987070e-01
3.285587436779681125e-01
3.284394576797435850e-01
3.284360213064710377e-01
3.280257793022621216e-01
3.278243875542715680e-01
3.277534095068799225e-01
3.277356421171150891e-01
3.277534095068799225e-01
3.278243875542715680e-01
3.280257793022621216e-01
3.284360213064710377e-01
3.284394576797435850e-01
3.283898435310912411e-01
3.283876445735844918e-01
3.280242966404137150e-01
3.278525940102254843e-01
3.277886007570214866e-01
3.277658037065626639e-01
3.277886007570214866e-01
3.278525940102254843e-01
3.280242966404137150e-01
3.283876445735844918e-01
3.283898435310912411e-01
3.283108795479037223e-01
3.283070940458538978e-01
3.280131183676754936e-01
3.278731571670539524e-01
3.278202428478176889e-01
3.278070075949989226e-01
3.278202428478176889e-01
3.278731571670539524e-01
3.280131183676754936e-01
3.283070940458538978e-01
3.283108795479037223e-01
3.282765668263670777e-01
3.282737963883488597e-01
3.280024793018980755e-01
3.278682935120452169e-01
3.278061459088766894e-01
3.277758339010973798e-01
3.278061459088766894e-01
3.278682935120452169e-01
3.280024793018980755e-01
3.282737963883488597e-01
3.282765668263670777e-01
3.282196592803775514e-01
3.282155217031939021e-01
3.279747955943804749e-01
3.278412098255700236e-01
3.277747394609857312e-01
3.277473734811259809e-01
3.277747394609857312e-01
3.278412098255700236e-01
3.279747955943804749e-01
3.282155217031939021e-01
3.282196592803775514e-01
3.281939068224561384e-01
3.281907884671158571e-01
3.279584250673377444e-01
3.278217484955396888e-01
3.277442668458225850e-01
3.277020112210262681e-01
3.277442668458225850e-01
3.278217484955396888e-01
3.279584250673377444e-01
3.281907884671158571e-01
3.281939068224561384e-01
3.281502659687516865e-01
3.281459860465392731e-01
3.279249205378295673e-01
3.277808716393033062e-01
3.276974742951517250e-01
3.276560432343655349e-01
3.276974742951517250e-01
3.277808716393033062e-01
3.279249205378295673e-01
3.281459860465392731e-01
3.281502659687516865e-01
3.281302686399910074e-01
3.281268253295671622e-01
3.279082748025074490e-01
3.277608057481727344e-01
3.276709699503356776e-01
3.276216599619412029e-01
3.276709699503356776e-01
3.277608057481727344e-01
3.279082748025074490e-01
3.281268253295671622e-01
3.281302686399910074e-01
3.280962666144142115e-01
3.280919229786891100e-01
3.278785247154349380e-01
3.277267671608234956e-01
3.276344777299020072e-01
3.275858389123083581e-01
3.276344777299020072e-01
3.277267671608234956e-01
3.278785247154349380e-01
3.280919229786891100e-01
3.280962666144142115e-01
3.280807924447171620e-01
3.280772154791676276e-01
3.278652135564100734e-01
3.277127524814619774e-01
3.276190918055998935e-01
3.275687891304355226e-01
3.276190918055998935e-01
3.277127524814619774e-01
3.278652135564100734e-01
3.280772154791676276e-01
3.280807924447171620e-01
3.280551065219642903e-01
3.280506653225165881e-01
3.278440067721342666e-01
3.276925133450612759e-01
3.276002789317205011e-01
3.275509565339021489e-01
3.276002789317205011e-01
3.276925133450612759e-01
3.278440067721342666e-01
3.280506653225165881e-01
3.280551065219642903e-01
3.280434721850313817e-01
3.280397988320864489e-01
3.278351343295741738e-01
3.276856381904609261e-01
3.275949527533575933e-01
3.275476213703773509e-01
3.275949527533575933e-01
3.276856381904609261e-01
3.278351343295741738e-01
3.280397988320864489e-01
3.280434721850313817e-01
3.280247880814055605e-01
3.280204019299042262e-01
3.278226713748989551e-01
3.276776525905922277e-01
3.275907859102918374e-01
3.275445829819569332e-01
3.275907859102918374e-01
3.276776525905922277e-01
3.278226713748989551e-01
3.280204019299042262e-01
3.280247880814055605e-01
3.280164823423049603e-01
3.280126463354838817e-01
3.278177423584505146e-01
3.276759406319678103e-01
3.275916097839995378e-01
3.275486229787670789e-01
3.275916097839995378e-01
3.276759406319678103e-01
3.278177423584505146e-01
3.280126463354838817e-01
3.280164823423049048e-01
3.280033810560222252e-01
3.279990252766006864e-01
3.278117511057434541e-01
3.276755192436282549e-01
3.275951991408597719e-01
3.275531019649024489e-01
3.275951991408597719e-01
3.276755192436282549e-01
3.278117511057434541e-01
3.279990252766006864e-01
3.280033810560222252e-01
3.279975960562928616e-01
3.279937146695676708e-01
3.278095477216689257e-01
3.276762854158986604e-01
3.275984388502670708e-01
3.275592134915569220e-01
3.275984388502670708e-01
3.276762854158986604e-01
3.278095477216689257e-01
3.279937146695676708e-01
3.279975960562928061e-01
3.279887572686759900e-01
3.279843645021063292e-01
3.278074331694362797e-01
3.276790757029550694e-01
3.276041220904199469e-01
3.275652986712892512e-01
3.276041220904199469e-01
3.276790757029550694e-01
3.278074331694362797e-01
3.279843645021063292e-01
3.279887572686759900e-01
3.279847407625722799e-01
3.279808345708520312e-01
3.278067006019823593e-01
3.276805617511117097e-01
3.276074932585152366e-01
3.275707956508212559e-01
3.276074932585152366e-01
3.276805617511117097e-01
3.278067006019823593e-01
3.279808345708520312e-01
3.279847407625722799e-01
3.279787979990360092e-01
3.279744811729633502e-01
3.278066232427294668e-01
3.276839406495192786e-01
3.276125991812533500e-01
3.275757292858205161e-01
3.276125991812534055e-01
3.276839406495192786e-01
3.278066232427294668e-01
3.279744811729633502e-01
3.279787979990360092e-01
3.279760973025210857e-01
3.279721099644598570e-01
3.278065592048214905e-01
3.276854617505684519e-01
3.276153089896602366e-01
3.275800995281794581e-01
3.276153089896602366e-01
3.276854617505684519e-01
3.278065592048214905e-01
3.279721099644598570e-01
3.279760973025210857e-01
3.279720997701053298e-01
3.279678421824528400e-01
3.278075230476881208e-01
3.276884882695712542e-01
3.276192319530598640e-01
3.275833188683944242e-01
3.276192319530598640e-01
3.276884882695712542e-01
3.278075230476881208e-01
3.279678421824528400e-01
3.279720997701053298e-01
3.279702769858879319e-01
3.279662899559194766e-01
3.278078035595873851e-01
3.276898719794278381e-01
3.276213783354576248e-01
3.275869379829099426e-01
3.276213783354576248e-01
3.276898719794278381e-01
3.278078035595873851e-01
3.279662899559194766e-01
3.279702769858879319e-01
3.279677147047537766e-01
3.279634528064642729e-01
3.278093524161545536e-01
3.276925988206761398e-01
3.276244471162931271e-01
3.275889550635011638e-01
3.276244471162931271e-01
3.276925988206761398e-01
3.278093524161545536e-01
3.279634528064642729e-01
3.279677147047537766e-01
3.279664706292581000e-01
3.279624972098307278e-01
3.278099150315818555e-01
3.276938945453828356e-01
3.276264017173884935e-01
3.275923758431658617e-01
3.276264017173884935e-01
3.276938945453828356e-01
3.278099150315818555e-01
3.279624972098307834e-01
3.279664706292581000e-01
3.279648706535708280e-01
3.279606618829607467e-01
3.278118619364905340e-01
3.276966561430149638e-01
3.276292178864005367e-01
3.275939233219014035e-01
3.276292178864005367e-01
3.276966561430149638e-01
3.278118619364905340e-01
3.279606618829607467e-01
3.279648706535708280e-01
3.279640917947497791e-01
3.279600523228606290e-01
3.278127184114559833e-01
3.276980238529236811e-01
3.276312842211602794e-01
3.275976169981125175e-01
3.276312842211602794e-01
3.276980238529236811e-01
3.278127184114559278e-01
3.279600523228606290e-01
3.279640917947497791e-01
3.279630372419570783e-01
3.279589273083107770e-01
3.278150278071616519e-01
3.277011241779032580e-01
3.276343275364143048e-01
3.275992162778529337e-01
3.276343275364143048e-01
3.277011241779032580e-01
3.278150278071616519e-01
3.279589273083107770e-01
3.279630372419570783e-01
3.279626005123723043e-01
3.279584955612407371e-01
3.278162296358064776e-01
3.277026798245588068e-01
3.276367231756736054e-01
3.276034302282446187e-01
3.276367231756736609e-01
3.277026798245588068e-01
3.278162296358064776e-01
3.279584955612407371e-01
3.279626005123723043e-01
3.279618674794120836e-01
3.279579348412042794e-01
3.278189743376554444e-01
3.277064153102089428e-01
3.276402584905112603e-01
3.276054491085746423e-01
3.276402584905112603e-01
3.277064153102089428e-01
3.278189743376554444e-01
3.279579348412042794e-01
3.279618674794120836e-01
3.279617774896358973e-01
3.279575825403810985e-01
3.278205729539220292e-01
3.277081778816278712e-01
3.276431151367774630e-01
3.276101814991114192e-01
3.276431151367774630e-01
3.277081778816278712e-01
3.278205729539220292e-01
3.279575825403810985e-01
3.279617774896358973e-01
3.279612970974816744e-01
3.279576649876641548e-01
3.278238554999601817e-01
3.277126837648386415e-01
3.276472840183615176e-01
3.276128468440561159e-01
3.276472840183615176e-01
3.277126837648386415e-01
3.278238554999601817e-01
3.279576649876641548e-01
3.279612970974816744e-01
3.279616997099102926e-01
3.279573365676744512e-01
3.278255510500554526e-01
3.277147417370277482e-01
3.276505749910300080e-01
3.276180709558193516e-01
3.276505749910300080e-01
3.277147417370277482e-01
3.278255510500554526e-01
3.279573365676745067e-01
3.279616997099102926e-01
3.279615163442044512e-01
3.279580797080942633e-01
3.278295041404556964e-01
3.277196466846992728e-01
3.276553569190412962e-01
3.276211688657999499e-01
3.276553569190412962e-01
3.277196466846992728e-01
3.278295041404556964e-01
3.279580797080942633e-01
3.279615163442044512e-01
3.279622844178935459e-01
3.279578999316560273e-01
3.278309791734957956e-01
3.277221495012929142e-01
3.276588545834853150e-01
3.276268727684187310e-01
3.276588545834853150e-01
3.277221495012929142e-01
3.278309791734957956e-01
3.279578999316560273e-01
3.279622844178934904e-01
3.279625849970398965e-01
3.279591216716618574e-01
3.278352706242373960e-01
3.277274096219850441e-01
3.276641193330669943e-01
3.276304098738826998e-01
3.276641193330669943e-01
3.277274096219850441e-01
3.278352706242373960e-01
3.279591216716618574e-01
3.279625849970398965e-01
3.279634725885072211e-01
3.279593059815971712e-01
3.278371727892219756e-01
3.277299261509429851e-01
3.276680469557179953e-01
3.276363483387306208e-01
3.276680469557179953e-01
3.277299261509429851e-01
3.278371727892219756e-01
3.279593059815971712e-01
3.279634725885072211e-01
3.279645299733784936e-01
3.279609972430197473e-01
3.278409401670805967e-01
3.277361896086156134e-01
3.276737832102231129e-01
3.276406511789795029e-01
3.276737832102231129e-01
3.277361896086156134e-01
3.278409401670805967e-01
3.279609972430197473e-01
3.279645299733784936e-01
3.279656129376508078e-01
3.279615252445172713e-01
3.278442053200597006e-01
3.277391422234471330e-01
3.276783574797123011e-01
3.276475265383096414e-01
3.276783574797123011e-01
3.277391422234471330e-01
3.278442053200597006e-01
3.279615252445172713e-01
3.279656129376508078e-01
3.279671480439220188e-01
3.279639537045934694e-01
3.278484506836195633e-01
3.277455993159816283e-01
3.276861537676517000e-01
3.276536172194546293e-01
3.276861537676517000e-01
3.277455993159816283e-01
3.278484506836195633e-01
3.279639537045934694e-01
3.279671480439220188e-01
3.279688263388954583e-01
3.279646036443822354e-01
3.278518463876126110e-01
3.277494535372914020e-01
3.276898841175601707e-01
3.276614032973756419e-01
3.276898841175601707e-01
3.277494535372914020e-01
3.278518463876126110e-01
3.279646036443822354e-01
3.279688263388954028e-01
3.279707988129665908e-01
3.279678017014757696e-01
3.278566605305238135e-01
3.277539191614388114e-01
3.276967419886652744e-01
3.276652968064324711e-01
3.276967419886652744e-01
3.277539191614388114e-01
3.278566605305238135e-01
3.279678017014757696e-01
3.279707988129666463e-01
3.279728600109433345e-01
3.279686072615142223e-01
3.278590604647083628e-01
3.277568896587299552e-01
3.277012130428052505e-01
3.276746711974139470e-01
3.277012130428052505e-01
3.277568896587299552e-01
3.278590604647083628e-01
3.279686072615142223e-01
3.279728600109433345e-01
3.279752518620527857e-01
3.279722090324401207e-01
3.278636488932736848e-01
3.277614662820859670e-01
3.277066761088401892e-01
3.276784852214905674e-01
3.277066761088401892e-01
3.277614662820860225e-01
3.278636488932736848e-01
3.279722090324401207e-01
3.279752518620527857e-01
3.279774061263738827e-01
3.279733134165771502e-01
3.278647538268748551e-01
3.277606812580061701e-01
3.277090249676848921e-01
3.276826540587091663e-01
3.277090249676848921e-01
3.277606812580061701e-01
3.278647538268748551e-01
3.279733134165771502e-01
3.279774061263738827e-01
3.279805396593702960e-01
3.279774061263738827e-01
3.278666952350253738e-01
3.277648620979749516e-01
3.277056053857275719e-01
3.276804180522448484e-01
3.277056053857275164e-01
3.277648620979750071e-01
3.278666952350253738e-01
3.279774061263738827e-01
3.279805396593702960e-01
