2.290865464330867907e-01
2.290885277256389796e-01
2.291737213575373855e-01
2.293271454872925497e-01
2.297535582903886264e-01
2.299105148808959775e-01
2.297535582903886542e-01
2.293271454872925497e-01
2.291737213575373855e-01
2.290885277256389796e-01
2.290865464330867907e-01
2.290885277256389796e-01
2.290897989160193549e-01
2.291837829826364192e-01
2.293681795801098544e-01
2.297481021316538086e-01
2.299659315275574267e-01
2.297481021316538086e-01
2.293681795801098544e-01
2.291837829826364192e-01
2.290897989160193549e-01
2.290885277256389796e-01
2.290887469247014918e-01
2.290909257391327558e-01
2.291814635118515353e-01
2.294151703081506177e-01
2.297610969548128101e-01
2.300178406512576046e-01
2.297610969548128379e-01
2.294151703081506177e-01
2.291814635118515353e-01
2.290909257391327558e-01
2.290887469247014918e-01
2.290901400184748027e-01
2.290915779646900963e-01
2.291863751148906225e-01
2.294149525436230130e-01
2.297937097198171630e-01
2.300202388222483130e-01
2.297937097198171630e-01
2.294149525436230130e-01
2.291863751148906225e-01
2.290915779646900963e-01
2.290901400184748027e-01
2.290902556146777180e-01
2.290919791819397144e-01
2.291851876951906952e-01
2.294207472300393014e-01
2.297913180376593145e-01
2.300202732857589139e-01
2.297913180376593145e-01
2.294207472300393014e-01
2.291851876951906952e-01
2.290919791819397144e-01
2.290902556146777180e-01
2.290901470006169172e-01
2.290919409320804623e-01
2.291857189857836319e-01
2.294186289053969374e-01
2.297928880578324895e-01
2.300185571120690886e-01
2.297928880578324895e-01
2.294186289053969374e-01
2.291857189857836319e-01
2.290919409320804623e-01
2.290901470006169172e-01
2.290900615057267498e-01
2.290917101495140995e-01
2.291852456714757458e-01
2.294188732096990591e-01
2.297926294060183006e-01
2.300185008439681322e-01
2.297926294060183006e-01
2.294188732096990591e-01
2.291852456714757458e-01
2.290917101495140995e-01
2.290900615057267498e-01
2.290894263076468373e-01
2.290911659446913662e-01
2.291835035925942621e-01
2.294172594831306589e-01
2.297919037409170973e-01
2.300176741056915442e-01
2.297919037409170973e-01
2.294172594831306866e-01
2.291835035925942621e-01
2.290911659446913662e-01
2.290894263076468373e-01
2.290890707500634338e-01
2.290906592325580027e-01
2.291827988991905762e-01
2.294165391182510783e-01
2.297917151052153717e-01
2.300178445610451816e-01
2.297917151052153717e-01
2.294165391182510783e-01
2.291827988991905762e-01
2.290906592325580027e-01
2.290890707500634338e-01
2.290878751452609108e-01
2.290894915527709741e-01
2.291806789729001759e-01
2.294155514443442512e-01
2.297918219652062555e-01
2.300184295101190268e-01
2.297918219652062555e-01
2.294155514443442789e-01
2.291806789729001481e-01
2.290894915527709741e-01
2.290878751452609108e-01
2.290871094895002014e-01
2.290885930414279237e-01
2.291797630335650759e-01
2.294149677517597630e-01
2.297919017890644455e-01
2.300190218122086239e-01
2.297919017890644455e-01
2.294149677517597630e-01
2.291797630335650759e-01
2.290885930414279237e-01
2.290871094895002014e-01
2.290848619281272147e-01
2.290863576899225540e-01
2.291774305982723636e-01
2.294138623466476512e-01
2.297912286980110241e-01
2.300182967774038467e-01
2.297912286980110241e-01
2.294138623466476512e-01
2.291774305982723636e-01
2.290863576899225540e-01
2.290848619281272147e-01
2.290833991010658988e-01
2.290849098518692728e-01
2.291762239638778509e-01
2.294133863493864611e-01
2.297913406577709039e-01
2.300192660549646717e-01
2.297913406577709039e-01
2.294133863493864611e-01
2.291762239638778509e-01
2.290849098518692450e-01
2.290833991010658988e-01
2.290798200574317711e-01
2.290812025310895450e-01
2.291736642780575484e-01
2.294122316672744799e-01
2.297909570694875447e-01
2.300186634947670172e-01
2.297909570694875447e-01
2.294122316672744799e-01
2.291736642780575484e-01
2.290812025310895450e-01
2.290798200574317711e-01
2.290774612044317593e-01
2.290790574814265679e-01
2.291721061283436833e-01
2.294118360439446336e-01
2.297914442343220176e-01
2.300203646335917951e-01
2.297914442343220176e-01
2.294118360439446336e-01
2.291721061283436833e-01
2.290790574814265401e-01
2.290774612044317593e-01
2.290721800060883662e-01
2.290734778777559488e-01
2.291689115498929397e-01
2.294106210929370004e-01
2.297916019427853618e-01
2.300205814170358243e-01
2.297916019427853618e-01
2.294106210929370004e-01
2.291689115498929397e-01
2.290734778777559488e-01
2.290721800060883662e-01
2.290687107356615404e-01
2.290703268562905293e-01
2.291668286438462432e-01
2.294099809169199977e-01
2.297921884313423591e-01
2.300226096085516980e-01
2.297921884313423591e-01
2.294099809169199977e-01
2.291668286438462432e-01
2.290703268562905293e-01
2.290687107356615404e-01
2.290609680543789495e-01
2.290622105154821453e-01
2.291622517025112549e-01
2.294079797694396350e-01
2.297915395434685648e-01
2.300219514623341732e-01
2.297915395434685648e-01
2.294079797694396350e-01
2.291622517025112549e-01
2.290622105154821453e-01
2.290609680543789495e-01
2.290560045277531820e-01
2.290575841103495991e-01
2.291594057973491694e-01
2.294067832627071923e-01
2.297918471452284339e-01
2.300238031879350831e-01
2.297918471452284339e-01
2.294067832627071923e-01
2.291594057973491694e-01
2.290575841103495991e-01
2.290560045277531820e-01
2.290447668502588185e-01
2.290459560316354115e-01
2.291528043825272198e-01
2.294037862827715823e-01
2.297905825729048279e-01
2.300227425150768168e-01
2.297905825729048279e-01
2.294037862827715823e-01
2.291528043825272198e-01
2.290459560316354115e-01
2.290447668502588185e-01
2.290377254363131221e-01
2.290392399467475748e-01
2.291488446538309798e-01
2.294019810536873927e-01
2.297907214539391396e-01
2.300247038455958959e-01
2.297907214539391396e-01
2.294019810536873649e-01
2.291488446538309798e-01
2.290392399467475748e-01
2.290377254363131221e-01
2.290215784506531849e-01
2.290227816728460375e-01
2.291394660464877997e-01
2.293977011822099787e-01
2.297890728449181741e-01
2.300237494706191821e-01
2.297890728449181741e-01
2.293977011822099787e-01
2.291394660464877997e-01
2.290227816728460375e-01
2.290215784506531849e-01
2.290117446677489565e-01
2.290131539869550981e-01
2.291338396494171370e-01
2.293950246002468274e-01
2.297887841034832457e-01
2.300255971262173127e-01
2.297887841034832457e-01
2.293950246002468274e-01
2.291338396494171370e-01
2.290131539869550981e-01
2.290117446677489565e-01
2.289888788445453849e-01
2.289901684230506995e-01
2.291205230995912168e-01
2.293884109959801187e-01
2.297855720017280001e-01
2.300233293021853587e-01
2.297855720017280001e-01
2.293884109959801187e-01
2.291205230995912168e-01
2.289901684230506995e-01
2.289888788445453849e-01
2.289753074645845543e-01
2.289766333614790261e-01
2.291125589489645120e-01
2.293843428155518671e-01
2.297842701177864877e-01
2.300244393783835717e-01
2.297842701177864877e-01
2.293843428155518671e-01
2.291125589489645120e-01
2.289766333614790261e-01
2.289753074645845543e-01
2.289435693388031101e-01
2.289448946934388440e-01
2.290938600212598930e-01
2.293742936077041994e-01
2.297784295398788423e-01
2.300198354911306697e-01
2.297784295398788423e-01
2.293742936077041994e-01
2.290938600212598930e-01
2.289448946934388440e-01
2.289435693388031101e-01
2.289249138196225997e-01
2.289262119611369384e-01
2.290828072810436877e-01
2.293683330918402097e-01
2.297756994096311622e-01
2.300197566727655574e-01
2.297756994096311622e-01
2.293683330918402097e-01
2.290828072810436877e-01
2.289262119611369384e-01
2.289249138196225997e-01
2.288813659863468408e-01
2.288826258339044517e-01
2.290570662270471070e-01
2.293540081659475316e-01
2.297667538734065873e-01
2.300126181453022167e-01
2.297667538734065873e-01
2.293540081659475316e-01
2.290570662270471070e-01
2.288826258339044517e-01
2.288813659863468408e-01
2.288557436155107261e-01
2.288570102126608330e-01
2.290419925259723211e-01
2.293457702245605412e-01
2.297624289096480421e-01
2.300112275392630634e-01
2.297624289096480421e-01
2.293457702245605412e-01
2.290419925259723211e-01
2.288570102126608330e-01
2.288557436155107261e-01
2.287960216706219352e-01
2.287971772343236065e-01
2.290070877050502107e-01
2.293264316198067310e-01
2.297502216142706111e-01
2.300015544259186029e-01
2.297502216142706111e-01
2.293264316198067310e-01
2.290070877050502107e-01
2.287971772343236065e-01
2.287960216706219352e-01
2.287608106090618931e-01
2.287619931531209294e-01
2.289867459441228270e-01
2.293156441018308067e-01
2.297446215077910137e-01
2.299996715558267901e-01
2.297446215077910137e-01
2.293156441018308067e-01
2.289867459441228270e-01
2.287619931531209294e-01
2.287608106090618931e-01
2.286786395070139200e-01
2.286797363178713627e-01
2.289397530101943967e-01
2.292906615084397415e-01
2.297295959746527838e-01
2.299880375891526496e-01
2.297295959746528116e-01
2.292906615084397415e-01
2.289397530101943967e-01
2.286797363178713627e-01
2.286786395070139200e-01
2.286302087713371067e-01
2.286313157019710940e-01
2.289124061806511179e-01
2.292770823033199457e-01
2.297237836503479014e-01
2.299880321902104119e-01
2.297237836503479014e-01
2.292770823033199457e-01
2.289124061806511179e-01
2.286313157019710940e-01
2.286302087713371067e-01
2.285170799136951036e-01
2.285182067388048799e-01
2.288491234306931077e-01
2.292456921270112635e-01
2.297069517643074710e-01
2.299755840465113055e-01
2.297069517643074987e-01
2.292456921270112635e-01
2.288491234306931077e-01
2.285182067388048799e-01
2.285170799136951036e-01
2.284505111262307153e-01
2.284516548060783470e-01
2.288122120444719965e-01
2.292288191440412515e-01
2.297026668901777091e-01
2.299815841743292899e-01
2.297026668901777091e-01
2.292288191440412515e-01
2.288122120444719965e-01
2.284516548060783470e-01
2.284505111262307153e-01
2.282951564774227671e-01
2.282963892502729852e-01
2.287263008864767744e-01
2.291892556352993215e-01
2.296848012447205989e-01
2.299692018844985142e-01
2.296848012447205989e-01
2.291892556352993215e-01
2.287263008864767744e-01
2.282963892502729852e-01
2.282951564774227671e-01
2.282038581670693400e-01
2.282051326714553685e-01
2.286758683434896300e-01
2.291676570612056485e-01
2.296837809841989486e-01
2.299864379285670446e-01
2.296837809841989486e-01
2.291676570612056485e-01
2.286758683434896300e-01
2.282051326714553685e-01
2.282038581670693400e-01
2.279910447107984794e-01
2.279923866935437415e-01
2.285573953558592275e-01
2.291153947837086535e-01
2.296635474935519450e-01
2.299730017015275407e-01
2.296635474935519450e-01
2.291153947837086535e-01
2.285573953558592553e-01
2.279923866935437415e-01
2.279910447107984794e-01
2.278660401051373907e-01
2.278673749580050478e-01
2.284872249581093584e-01
2.290855210435615297e-01
2.296658103412250462e-01
2.300054204274107894e-01
2.296658103412250462e-01
2.290855210435615297e-01
2.284872249581093584e-01
2.278673749580050478e-01
2.278660401051373907e-01
2.275746699882263413e-01
2.275760040000532336e-01
2.283207270047844517e-01
2.290105334043169572e-01
2.296365780470451534e-01
2.299849762342105752e-01
2.296365780470451534e-01
2.290105334043169572e-01
2.283207270047844517e-01
2.275760040000532336e-01
2.275746699882263413e-01
2.274035645859745491e-01
2.274047447435038616e-01
2.282213386459822912e-01
2.289651357959268385e-01
2.296375370442943764e-01
2.300306836357493001e-01
2.296375370442943764e-01
2.289651357959268385e-01
2.282213386459822912e-01
2.274047447435038893e-01
2.274035645859745491e-01
2.270046479471883594e-01
2.270057476688975562e-01
2.279840437973034983e-01
2.288487380697130091e-01
2.295833086978656956e-01
2.299889751306315455e-01
2.295833086978656956e-01
2.288487380697130091e-01
2.279840437973034983e-01
2.270057476688975562e-01
2.270046479471883594e-01
2.267706086558033685e-01
2.267714358403571939e-01
2.278420290122533387e-01
2.287754072837466790e-01
2.295702128589272861e-01
2.300339852206246816e-01
2.295702128589272861e-01
2.287754072837466790e-01
2.278420290122533387e-01
2.267714358403571939e-01
2.267706086558033685e-01
2.262256363216929578e-01
2.262263284695480436e-01
2.275033343893178295e-01
2.285882262731154246e-01
2.294620053862873876e-01
2.299452022971060217e-01
2.294620053862873876e-01
2.285882262731154246e-01
2.275033343893178295e-01
2.262263284695480436e-01
2.262256363216929578e-01
2.259067299473917489e-01
2.259071739668295498e-01
2.273017228153298708e-01
2.284692792987272347e-01
2.294114812405767811e-01
2.299578372215982935e-01
2.294114812405767811e-01
2.284692792987272347e-01
2.273017228153298708e-01
2.259071739668295498e-01
2.259067299473917489e-01
2.251665314033496068e-01
2.251669350367211109e-01
2.268253958221078115e-01
2.281735508544922020e-01
2.292083127401615128e-01
2.297852467066614224e-01
2.292083127401615128e-01
2.281735508544922020e-01
2.268253958221078115e-01
2.251669350367211109e-01
2.251665314033496068e-01
2.247352329871980525e-01
2.247354770242637745e-01
2.265456243924125479e-01
2.279893822644011303e-01
2.290891235540777615e-01
2.297176694812576303e-01
2.290891235540777615e-01
2.279893822644011303e-01
2.265456243924125479e-01
2.247354770242637745e-01
2.247352329871980525e-01
2.237383394845873785e-01
2.237388744590837475e-01
2.258955762784345955e-01
2.275496145131441494e-01
2.287506896760780617e-01
2.294258687976660771e-01
2.287506896760780617e-01
2.275496145131441494e-01
2.258955762784345955e-01
2.237388744590837475e-01
2.237383394845874063e-01
2.231600503574812100e-01
2.231604106625388051e-01
2.255208393800404165e-01
2.272869446136688565e-01
2.285362429986615707e-01
2.292312138359221818e-01
2.285362429986615707e-01
2.272869446136688565e-01
2.255208393800404165e-01
2.231604106625388051e-01
2.231600503574811822e-01
2.218277693813581475e-01
2.218287397632562608e-01
2.246684051832074647e-01
2.266895533223180770e-01
2.280495587745942077e-01
2.288121864068432543e-01
2.280495587745942077e-01
2.266895533223180770e-01
2.246684051832074647e-01
2.218287397632562608e-01
2.218277693813581752e-01
2.210564411139804841e-01
2.210571058112688614e-01
2.241867267489324189e-01
2.263534676814377977e-01
2.277416138250553668e-01
2.284822070731793442e-01
2.277416138250553668e-01
2.263534676814377977e-01
2.241867267489324189e-01
2.210571058112688614e-01
2.210564411139804564e-01
2.192802899564749719e-01
2.192815244726892265e-01
2.231140598925605845e-01
2.256307084766681348e-01
2.271562679953810504e-01
2.279879668295268225e-01
2.271562679953810504e-01
2.256307084766681348e-01
2.231140598925605845e-01
2.192815244726892265e-01
2.192802899564749719e-01
2.182495393500029079e-01
2.182503295879714422e-01
2.225178356910509359e-01
2.252571796415419880e-01
2.268169731074966000e-01
2.276085874451244107e-01
2.268169731074966000e-01
2.252571796415420158e-01
2.225178356910509359e-01
2.182503295879714700e-01
2.182495393500029079e-01
2.158680667173033252e-01
2.158691599244347281e-01
2.212095227668269548e-01
2.245072905535950847e-01
2.262827075724683223e-01
2.271859721067653326e-01
2.262827075724683223e-01
2.245072905535950847e-01
2.212095227668269548e-01
2.158691599244347281e-01
2.158680667173033252e-01
2.144770516354452539e-01
2.144776042269732896e-01
2.204858628763287642e-01
2.241698256234939679e-01
2.260659007680839161e-01
2.269979772356492953e-01
2.260659007680839161e-01
2.241698256234939679e-01
2.204858628763287642e-01
2.144776042269732896e-01
2.144770516354452539e-01
2.112419232838428640e-01
2.112426477042553818e-01
2.188945139001269302e-01
2.235553725466166153e-01
2.258543276087270901e-01
2.269123896607762592e-01
2.258543276087270901e-01
2.235553725466166153e-01
2.188945139001269302e-01
2.112426477042553818e-01
2.112419232838428640e-01
2.093358208771329276e-01
2.093360921836547317e-01
2.179966188648702341e-01
2.233518598258452670e-01
2.260167112369585452e-01
2.273499233190065250e-01
2.260167112369585452e-01
2.233518598258452947e-01
2.179966188648702341e-01
2.093360921836547317e-01
2.093358208771329276e-01
2.048685596728390679e-01
2.048691703025654620e-01
2.159570355703223921e-01
2.230378950824672135e-01
2.264865110645300772e-01
2.279604016658229315e-01
2.264865110645300772e-01
2.230378950824672135e-01
2.159570355703224198e-01
2.048691703025654620e-01
2.048685596728390679e-01
2.022161238062553656e-01
2.022165597326414654e-01
2.147404783061456768e-01
2.230309333926588367e-01
2.273487610609118414e-01
2.296334659025626723e-01
2.273487610609118414e-01
2.230309333926588367e-01
2.147404783061456768e-01
2.022165597326414654e-01
2.022161238062553379e-01
1.959643545657975827e-01
1.959651962367778832e-01
2.117927143958305836e-01
2.229857110202602133e-01
2.287864555500819796e-01
2.312734904697595351e-01
2.287864555500819796e-01
2.229857110202602133e-01
2.117927143958305836e-01
1.959651962367778832e-01
1.959643545657975550e-01
1.922408151338441673e-01
1.922418459020725501e-01
2.098936867055008759e-01
2.230297491783040376e-01
2.305700451857050082e-01
2.348254434484927655e-01
2.305700451857050082e-01
2.230297491783040376e-01
2.098936867055008759e-01
1.922418459020725223e-01
1.922408151338441673e-01
1.834611425944240315e-01
1.834625080233494021e-01
2.049711288446726398e-01
2.224656209653928518e-01
2.326418026403783423e-01
2.373567194696263316e-01
2.326418026403783423e-01
2.224656209653928518e-01
2.049711288446726398e-01
1.834625080233494021e-01
1.834611425944240315e-01
1.782597677403112146e-01
1.782616297987448806e-01
2.016230907213823753e-01
2.217297047736135618e-01
2.348788518924676827e-01
2.428360277116499710e-01
2.348788518924676827e-01
2.217297047736135618e-01
2.016230907213823753e-01
1.782616297987448806e-01
1.782597677403112146e-01
1.660955217575798559e-01
1.660972244102215944e-01
1.926841670112404703e-01
2.176357976230464397e-01
2.347172880466369405e-01
2.437856483644318117e-01
2.347172880466369405e-01
2.176357976230464397e-01
1.926841670112404425e-01
1.660972244102215944e-01
1.660955217575798282e-01
1.590103275770495539e-01
1.590126730034080726e-01
1.866460718378545047e-01
2.135180774341660925e-01
2.343173092645198519e-01
2.481363821720920237e-01
2.343173092645198519e-01
2.135180774341660925e-01
1.866460718378545047e-01
1.590126730034080726e-01
1.590103275770495539e-01
1.427564584238999734e-01
1.427579621340908100e-01
1.710213292055831336e-01
1.981489321242865254e-01
2.210696469352383675e-01
2.362361885798706651e-01
2.210696469352383675e-01
1.981489321242865254e-01
1.710213292055831336e-01
1.427579621340908378e-01
1.427564584238999457e-01
1.335621246763835368e-01
1.335642018130335784e-01
1.614283391163618686e-01
1.857018406321182258e-01
2.076135877974860933e-01
2.258300838648601705e-01
2.076135877974860933e-01
1.857018406321182258e-01
1.614283391163618686e-01
1.335642018130335784e-01
1.335621246763835368e-01
0.000000000000000000e+00
1.130711359211751532e-01
1.394047840079057077e-01
1.507455491910420498e-01
1.518346864645760130e-01
1.475002643790689350e-01
1.518346864645760130e-01
1.507455491910420498e-01
1.394047840079057077e-01
1.130711359211751532e-01
0.000000000000000000e+00
0.000000000000000000e+00
1.040266301133408178e-01
1.287110519722864665e-01
1.358010826672044757e-01
1.341192265899707192e-01
1.307144040232693094e-01
1.341192265899707192e-01
1.358010826672044757e-01
1.287110519722864665e-01
1.040266301133408039e-01
0.000000000000000000e+00
0.000000000000000000e+00
8.811286732861824122e-02
1.088911245969306635e-01
1.117733667285875920e-01
1.088562159566405785e-01
1.056328749805528072e-01
1.088562159566405785e-01
1.117733667285875920e-01
1.088911245969306635e-01
8.811286732861825510e-02
0.000000000000000000e+00
0.000000000000000000e+00
8.108252838666359097e-02
1.000951468938568734e-01
1.020327849292863714e-01
9.976527432872489554e-02
9.781623172838654900e-02
9.976527432872489554e-02
1.020327849292863714e-01
1.000951468938568734e-01
8.108252838666357709e-02
0.000000000000000000e+00
0.000000000000000000e+00
6.873429444012499334e-02
8.471498083091587306e-02
8.607372170214112883e-02
8.437099064306087526e-02
8.274940459967021489e-02
8.437099064306087526e-02
8.607372170214112883e-02
8.471498083091587306e-02
6.873429444012499334e-02
0.000000000000000000e+00
0.000000000000000000e+00
6.329208292235065370e-02
7.800431933280460584e-02
7.932147873339424893e-02
7.818505511096328353e-02
7.723289719959601507e-02
7.818505511096328353e-02
7.932147873339424893e-02
7.800431933280460584e-02
6.329208292235065370e-02
0.000000000000000000e+00
0.000000000000000000e+00
5.375548176394422811e-02
6.635620135535021114e-02
6.776604004718425611e-02
6.706582491093683596e-02
6.629923036981710815e-02
6.706582491093683596e-02
6.776604004718425611e-02
6.635620135535021114e-02
5.375548176394422811e-02
0.000000000000000000e+00
0.000000000000000000e+00
4.955642649556095403e-02
6.125796085884752107e-02
6.272795476577353035e-02
6.233285839091495806e-02
6.189433059271951670e-02
6.233285839091495806e-02
6.272795476577353035e-02
6.125796085884752107e-02
4.955642649556094709e-02
0.000000000000000000e+00
0.000000000000000000e+00
4.220146629581405379e-02
5.236050387750516844e-02
5.389548184178766244e-02
5.372713484011001212e-02
5.337863343332591853e-02
5.372713484011001212e-02
5.389548184178766244e-02
5.236050387750516844e-02
4.220146629581405379e-02
0.000000000000000000e+00
0.000000000000000000e+00
3.896091847946368120e-02
4.844155055181208203e-02
4.998830284965381787e-02
4.996296038453722915e-02
4.977052903146728796e-02
4.996296038453722915e-02
4.998830284965381787e-02
4.844155055181208203e-02
3.896091847946368120e-02
0.000000000000000000e+00
0.000000000000000000e+00
3.327934168693734429e-02
4.155840263984615646e-02
4.306697945640340641e-02
4.313908337233621909e-02
4.298689281151936437e-02
4.313908337233621909e-02
4.306697945640340641e-02
4.155840263984615646e-02
3.327934168693734429e-02
0.000000000000000000e+00
0.000000000000000000e+00
3.077238506838570267e-02
3.851169542501953202e-02
3.998638960394847869e-02
4.011758709051602839e-02
4.003884476130858266e-02
4.011758709051602839e-02
3.998638960394847175e-02
3.851169542501953202e-02
3.077238506838570267e-02
0.000000000000000000e+00
0.000000000000000000e+00
2.637057173497701218e-02
3.313623195580001068e-02
3.450878600444057254e-02
3.466975115279774533e-02
3.460708686777810850e-02
3.466975115279774533e-02
3.450878600444057254e-02
3.313623195580001068e-02
2.637057173497701218e-02
0.000000000000000000e+00
0.000000000000000000e+00
2.442559585853782897e-02
3.075079313070995871e-02
3.206661643130197248e-02
3.224677541721358842e-02
3.221830808837766041e-02
3.224677541721358842e-02
3.206661643130197248e-02
3.075079313070995871e-02
2.442559585853782550e-02
0.000000000000000000e+00
0.000000000000000000e+00
2.100720105546089941e-02
2.653384628896747824e-02
2.772481287938540970e-02
2.790298428157412386e-02
2.787940150652390772e-02
2.790298428157412386e-02
2.772481287938541317e-02
2.653384628896747824e-02
2.100720105546089941e-02
0.000000000000000000e+00
0.000000000000000000e+00
1.949619850137955177e-02
2.466254559991500755e-02
2.579168287566259085e-02
2.597169994396768961e-02
2.596396509206379960e-02
2.597169994396768961e-02
2.579168287566259085e-02
2.466254559991500755e-02
1.949619850137954830e-02
0.000000000000000000e+00
0.000000000000000000e+00
1.684171513700953929e-02
2.135753926883361339e-02
2.236479013074260322e-02
2.253133818048511094e-02
2.252416008841780226e-02
2.253133818048511094e-02
2.236479013074260322e-02
2.135753926883361339e-02
1.684171513700953929e-02
0.000000000000000000e+00
0.000000000000000000e+00
1.567008814411981546e-02
1.989447490101303034e-02
2.084471458494462429e-02
2.100674577539782262e-02
2.100724155719646200e-02
2.100674577539782262e-02
2.084471458494462429e-02
1.989447490101303034e-02
1.567008814411981546e-02
0.000000000000000000e+00
0.000000000000000000e+00
1.361694796698878322e-02
1.731999901283058640e-02
1.816336395913557486e-02
1.831018296102383466e-02
1.830981575101113534e-02
1.831018296102383466e-02
1.816336395913557486e-02
1.731999901283058640e-02
1.361694796698878322e-02
0.000000000000000000e+00
0.000000000000000000e+00
1.271433358696825999e-02
1.618570931456291689e-02
1.698079759651657458e-02
1.712158349368749638e-02
1.712526664094309384e-02
1.712158349368749638e-02
1.698079759651657458e-02
1.618570931456291689e-02
1.271433358696825999e-02
0.000000000000000000e+00
0.000000000000000000e+00
1.114082425234597107e-02
1.420277859609145842e-02
1.490945110736409222e-02
1.503643594624688891e-02
1.503888154167797725e-02
1.503643594624688891e-02
1.490945110736409396e-02
1.420277859609145842e-02
1.114082425234597107e-02
0.000000000000000000e+00
0.000000000000000000e+00
1.045433761232993086e-02
1.333594451591462067e-02
1.400356390560338060e-02
1.412476228295501610e-02
1.412933118239069474e-02
1.412476228295501610e-02
1.400356390560338060e-02
1.333594451591462067e-02
1.045433761232993086e-02
0.000000000000000000e+00
0.000000000000000000e+00
9.268952145457318506e-03
1.183674398756500400e-02
1.243399448908413633e-02
1.254324275052202259e-02
1.254660796730963646e-02
1.254324275052202259e-02
1.243399448908413633e-02
1.183674398756500400e-02
9.268952145457318506e-03
0.000000000000000000e+00
0.000000000000000000e+00
8.758953002035347463e-03
1.119039192229591938e-02
1.175733380319994754e-02
1.186163945246645340e-02
1.186610399950974171e-02
1.186163945246645340e-02
1.175733380319994754e-02
1.119039192229591938e-02
8.758953002035347463e-03
0.000000000000000000e+00
0.000000000000000000e+00
7.893902566354861830e-03
1.009377487221265780e-02
1.060755861752404015e-02
1.070232445964844001e-02
1.070572292657084520e-02
1.070232445964844001e-02
1.060755861752404015e-02
1.009377487221265780e-02
7.893902566354861830e-03
0.000000000000000000e+00
0.000000000000000000e+00
7.531305657506745521e-03
9.633209389672124645e-03
1.012519143246930209e-02
1.021613220949721401e-02
1.022032489798931944e-02
1.021613220949721401e-02
1.012519143246930209e-02
9.633209389672124645e-03
7.531305657506745521e-03
0.000000000000000000e+00
0.000000000000000000e+00
6.937868793075768932e-03
8.880698780699162673e-03
9.336151864027947278e-03
9.420807867674465055e-03
9.424127144335067360e-03
9.420807867674465055e-03
9.336151864027947278e-03
8.880698780699162673e-03
6.937868793075769799e-03
0.000000000000000000e+00
0.000000000000000000e+00
6.702187191434739663e-03
8.581392531337227875e-03
9.023281779645477702e-03
9.105466779279820788e-03
9.109669937265692935e-03
9.105466779279820788e-03
9.023281779645477702e-03
8.581392531337227875e-03
6.702187191434739663e-03
0.000000000000000000e+00
0.000000000000000000e+00
6.347150954950735863e-03
8.132773367803727838e-03
8.553840111309567520e-03
8.633181433813258074e-03
8.636757184829041076e-03
8.633181433813258074e-03
8.553840111309567520e-03
8.132773367803727838e-03
6.347150954950735863e-03
0.000000000000000000e+00
0.000000000000000000e+00
6.225090150653223367e-03
7.978557691868125995e-03
8.393743906641932054e-03
8.471955758512368997e-03
8.476581188684119070e-03
8.471955758512368997e-03
8.393743906641932054e-03
7.978557691868125995e-03
6.225090150653223367e-03
0.000000000000000000e+00
0.000000000000000000e+00
6.088441408898239912e-03
7.809035449333384497e-03
8.217884333741085068e-03
8.296380276544768756e-03
8.300574913574085972e-03
8.296380276544768756e-03
8.217884333741085068e-03
7.809035449333384497e-03
6.088441408898240780e-03
0.000000000000000000e+00
0.000000000000000000e+00
6.073000238572630674e-03
7.791152955418573223e-03
8.201233387295300478e-03
8.279786702685009922e-03
8.285269981631990591e-03
8.279786702685009922e-03
8.201233387295300478e-03
7.791152955418573223e-03
6.073000238572630674e-03
0.000000000000000000e+00
0.000000000000000000e+00
6.146618251285710516e-03
7.890259694474995034e-03
8.307650339761983929e-03
8.389326921246404584e-03
8.394509484871946065e-03
8.389326921246404584e-03
8.307650339761983929e-03
7.890259694474995034e-03
6.146618251285710516e-03
0.000000000000000000e+00
0.000000000000000000e+00
6.236547336739461239e-03
8.007066579575200516e-03
8.432516147461195308e-03
8.515381530015169592e-03
8.522091648392944238e-03
8.515381530015169592e-03
8.432516147461195308e-03
8.007066579575198781e-03
6.236547336739461239e-03
0.000000000000000000e+00
0.000000000000000000e+00
6.523473015720293242e-03
8.378512521378807601e-03
8.824962546835686539e-03
8.913670321543679109e-03
8.920248241099557399e-03
8.913670321543679109e-03
8.824962546835686539e-03
8.378512521378807601e-03
6.523473015720293242e-03
0.000000000000000000e+00
0.000000000000000000e+00
6.723027532006781853e-03
8.635510965838148062e-03
9.097046975490186149e-03
9.188213434978180841e-03
9.196480882290093348e-03
9.188213434978180841e-03
9.097046975490186149e-03
8.635510965838146327e-03
6.723027532006781853e-03
0.000000000000000000e+00
0.000000000000000000e+00
7.237335666684869759e-03
9.297591194820559873e-03
9.794953778729508301e-03
9.894830842058889922e-03
9.903275693051027603e-03
9.894830842058889922e-03
9.794953778729508301e-03
9.297591194820559873e-03
7.237335666684869759e-03
0.000000000000000000e+00
0.000000000000000000e+00
7.556409151716120612e-03
9.707738599337989438e-03
1.022805206742675652e-02
1.033197158365904006e-02
1.034222007611193712e-02
1.033197158365904006e-02
1.022805206742675652e-02
9.707738599337989438e-03
7.556409151716120612e-03
0.000000000000000000e+00
0.000000000000000000e+00
8.323883803061869410e-03
1.069422247200932374e-02
1.126756624630396129e-02
1.138366454238106534e-02
1.139457622680190539e-02
1.138366454238106534e-02
1.126756624630396129e-02
1.069422247200932374e-02
8.323883803061871145e-03
0.000000000000000000e+00
0.000000000000000000e+00
8.778575098878138583e-03
1.127850831790421296e-02
1.188416627822212919e-02
1.200635138500508528e-02
1.201927690866544558e-02
1.200635138500508528e-02
1.188416627822212919e-02
1.127850831790421296e-02
8.778575098878138583e-03
0.000000000000000000e+00
0.000000000000000000e+00
9.838123962271339701e-03
1.263993672860057663e-02
1.331930250386655946e-02
1.345816518317927320e-02
1.347238605377447732e-02
1.345816518317927320e-02
1.331930250386655946e-02
1.263993672860057836e-02
9.838123962271339701e-03
0.000000000000000000e+00
0.000000000000000000e+00
1.045167969393081750e-02
1.342821690980390038e-02
1.415116949327532327e-02
1.429861625906965819e-02
1.431521284281721783e-02
1.429861625906965819e-02
1.415116949327532327e-02
1.342821690980390038e-02
1.045167969393081750e-02
0.000000000000000000e+00
0.000000000000000000e+00
1.185745055664143809e-02
1.523392976688925544e-02
1.605524285867263729e-02
1.622476918594616124e-02
1.624342246884427979e-02
1.622476918594616124e-02
1.605524285867263729e-02
1.523392976688925718e-02
1.185745055664143809e-02
0.000000000000000000e+00
0.000000000000000000e+00
1.266158133359259787e-02
1.626633150624506863e-02
1.714447145309225956e-02
1.732552393280029079e-02
1.734694848734551209e-02
1.732552393280029079e-02
1.714447145309225956e-02
1.626633150624506863e-02
1.266158133359259960e-02
0.000000000000000000e+00
0.000000000000000000e+00
1.448614743279049225e-02
1.860831723985308106e-02
1.961361469536505864e-02
1.982242836397992564e-02
1.984685577997251024e-02
1.982242836397992564e-02
1.961361469536506211e-02
1.860831723985308453e-02
1.448614743279049225e-02
0.000000000000000000e+00
0.000000000000000000e+00
1.552285648546178169e-02
1.993771532383457890e-02
2.101533529792687718e-02
2.123915238063518382e-02
2.126656802043312700e-02
2.123915238063518382e-02
2.101533529792688065e-02
1.993771532383457890e-02
1.552285648546178343e-02
0.000000000000000000e+00
0.000000000000000000e+00
1.786175271884087729e-02
2.293690469024724926e-02
2.417575910698442285e-02
2.443374633295995746e-02
2.446537947755338810e-02
2.443374633295995746e-02
2.417575910698442285e-02
2.293690469024725273e-02
1.786175271884087729e-02
0.000000000000000000e+00
0.000000000000000000e+00
1.918574266609049742e-02
2.463223218521429919e-02
2.596230148074671340e-02
2.623976776150283019e-02
2.627492921917416388e-02
2.623976776150283019e-02
2.596230148074671340e-02
2.463223218521430266e-02
1.918574266609049742e-02
0.000000000000000000e+00
0.000000000000000000e+00
2.216298086734358463e-02
2.844508799587754100e-02
2.997801552738283207e-02
3.029850892347443064e-02
3.033952099797590507e-02
3.029850892347443064e-02
2.997801552738283207e-02
2.844508799587754100e-02
2.216298086734358463e-02
0.000000000000000000e+00
0.000000000000000000e+00
2.384459691959646410e-02
3.059437062961566089e-02
3.224163828782215108e-02
3.258751092689235462e-02
3.263351925925275787e-02
3.258751092689235462e-02
3.224163828782215108e-02
3.059437062961566089e-02
2.384459691959646757e-02
0.000000000000000000e+00
0.000000000000000000e+00
2.761916771936717696e-02
3.541794122509694248e-02
3.731739850249285451e-02
3.771790781620719402e-02
3.777182268142723065e-02
3.771790781620719402e-02
3.731739850249285451e-02
3.541794122509694248e-02
2.761916771936718043e-02
0.000000000000000000e+00
0.000000000000000000e+00
2.974832827750738609e-02
3.813145668525948218e-02
4.017117897033282981e-02
4.060316576775840208e-02
4.066390656251513136e-02
4.060316576775840902e-02
4.017117897033282981e-02
3.813145668525948911e-02
2.974832827750738956e-02
0.000000000000000000e+00
0.000000000000000000e+00
3.452370396680182890e-02
4.421164984592448888e-02
4.655476075715711537e-02
4.705127007670788231e-02
4.712139039307538385e-02
4.705127007670788231e-02
4.655476075715712231e-02
4.421164984592448888e-02
3.452370396680183584e-02
0.000000000000000000e+00
0.000000000000000000e+00
3.721601859706829413e-02
4.762855796065074837e-02
5.013532179859454818e-02
5.066427715724333702e-02
5.073913406519197505e-02
5.066427715724333702e-02
5.013532179859455512e-02
4.762855796065075531e-02
3.721601859706830107e-02
0.000000000000000000e+00
0.000000000000000000e+00
4.325515223624107342e-02
5.527997918441486525e-02
5.812908775411072815e-02
5.871903825670946042e-02
5.879964457799998628e-02
5.871903825670946042e-02
5.812908775411072815e-02
5.527997918441487218e-02
4.325515223624108035e-02
0.000000000000000000e+00
0.000000000000000000e+00
4.666091130237076667e-02
5.958247701904553773e-02
6.260722031070682647e-02
6.321191700529166235e-02
6.327877137397808216e-02
6.321191700529166235e-02
6.260722031070682647e-02
5.958247701904554466e-02
4.666091130237077361e-02
0.000000000000000000e+00
0.000000000000000000e+00
5.430637149320957646e-02
6.922703365761352645e-02
7.260242338413304408e-02
7.323190860950090642e-02
7.328744944853103627e-02
7.323190860950090642e-02
7.260242338413305796e-02
6.922703365761354033e-02
5.430637149320957646e-02
0.000000000000000000e+00
0.000000000000000000e+00
5.862112524451972700e-02
7.466480148971792186e-02
7.821132434782325504e-02
7.879084928993004833e-02
7.877193145047335643e-02
7.879084928993004833e-02
7.821132434782325504e-02
7.466480148971793573e-02
5.862112524451974088e-02
0.000000000000000000e+00
0.000000000000000000e+00
6.831597445992707018e-02
8.689222254317693905e-02
9.076947345003232026e-02
9.127336878572431256e-02
9.119099765302993155e-02
9.127336878572431256e-02
9.076947345003233414e-02
8.689222254317693905e-02
6.831597445992707018e-02
0.000000000000000000e+00
0.000000000000000000e+00
7.378984718887554584e-02
9.381594921673215570e-02
9.786999921671971081e-02
9.816346471350297087e-02
9.782937912811189018e-02
9.816346471350298475e-02
9.786999921671971081e-02
9.381594921673216958e-02
7.378984718887554584e-02
0.000000000000000000e+00
0.000000000000000000e+00
8.609276788042470596e-02
1.094540169805705565e-01
1.139312269496884217e-01
1.139929983407854119e-01
1.134958223137460809e-01
1.139929983407854119e-01
1.139312269496884217e-01
1.094540169805705565e-01
8.609276788042470596e-02
0.000000000000000000e+00
0.000000000000000000e+00
9.303490913410053520e-02
1.183390360538099512e-01
1.231760764168408906e-01
1.228036867680913358e-01
1.217656129314745594e-01
1.228036867680913358e-01
1.231760764168408906e-01
1.183390360538099512e-01
9.303490913410054908e-02
0.000000000000000000e+00
0.000000000000000000e+00
1.086225392865569628e-01
1.384421331199638672e-01
1.445239835205541779e-01
1.438640398132888798e-01
1.425212808767226946e-01
1.438640398132888798e-01
1.445239835205542056e-01
1.384421331199638672e-01
1.086225392865569767e-01
0.000000000000000000e+00
0.000000000000000000e+00
1.173999361295410826e-01
1.497879095445803777e-01
1.572205895784560548e-01
1.560593065010027758e-01
1.535969997062036629e-01
1.560593065010027758e-01
1.572205895784560548e-01
1.497879095445804054e-01
1.173999361295410826e-01
0.000000000000000000e+00
0.000000000000000000e+00
1.370674190211549626e-01
1.750971155141049507e-01
1.875511216463744135e-01
1.879664571742305501e-01
1.853500363488629343e-01
1.879664571742305501e-01
1.875511216463744135e-01
1.750971155141049507e-01
1.370674190211549903e-01
0.000000000000000000e+00
0.000000000000000000e+00
1.481267896108824922e-01
1.887213697843811988e-01
2.059190691370446913e-01
2.092828247766422844e-01
2.058609904368854659e-01
2.092828247766422844e-01
2.059190691370446913e-01
1.887213697843811988e-01
1.481267896108824922e-01
0.000000000000000000e+00
0.000000000000000000e+00
1.729313688145817929e-01
2.169868026835027330e-01
2.480757940509392134e-01
2.729494218712091302e-01
2.922651364634183957e-01
2.729494218712091302e-01
2.480757940509392134e-01
2.169868026835027330e-01
1.729313688145817929e-01
0.000000000000000000e+00
1.870264291878316332e-01
1.870293563252043989e-01
2.298751749094817831e-01
2.642672104315095249e-01
2.908610565005382842e-01
3.080814716043855928e-01
2.908610565005382842e-01
2.642672104315095249e-01
2.298751749094817831e-01
1.870293563252043989e-01
1.870264291878316332e-01
2.119847668509690919e-01
2.119877458400221959e-01
2.520955829125710035e-01
2.866978227679979341e-01
3.118022016903982396e-01
3.277884135565670154e-01
3.118022016903982396e-01
2.866978227679979341e-01
2.520955829125710035e-01
2.119877458400222237e-01
2.119847668509690641e-01
2.229503067064983746e-01
2.229536566246765883e-01
2.612143450491558605e-01
2.940499238670651883e-01
3.159526700022718959e-01
3.279783980356100748e-01
3.159526700022718959e-01
2.940499238670651883e-01
2.612143450491558605e-01
2.229536566246765605e-01
2.229503067064983746e-01
2.419956445893143571e-01
2.419984208224454925e-01
2.757399502737293284e-01
3.035367805771370109e-01
3.214754921884555583e-01
3.321088291005552251e-01
3.214754921884555583e-01
3.035367805771370109e-01
2.757399502737293284e-01
2.419984208224455202e-01
2.419956445893143571e-01
2.502461303521760216e-01
2.502491477957179411e-01
2.815462213457900487e-01
3.065262754686061686e-01
3.215073627866351091e-01
3.290712592006050374e-01
3.215073627866351091e-01
3.065262754686061686e-01
2.815462213457900487e-01
2.502491477957179411e-01
2.502461303521760216e-01
2.643886832811810916e-01
2.643906390659295780e-01
2.907033317175420351e-01
3.106257336833503913e-01
3.225365284589278847e-01
3.292797056027698122e-01
3.225365284589278847e-01
3.106257336833504468e-01
2.907033317175420351e-01
2.643906390659295780e-01
2.643886832811810361e-01
2.704679328750664302e-01
2.704703184357847845e-01
2.944089297848252462e-01
3.119976162878049242e-01
3.219158987182528242e-01
3.267262176544220575e-01
3.219158987182528242e-01
3.119976162878049242e-01
2.944089297848252462e-01
2.704703184357847290e-01
2.704679328750664302e-01
2.808234250812129962e-01
2.808246854491766031e-01
3.003903217582943874e-01
3.142207666341761962e-01
3.221485394170885419e-01
3.264950979938265885e-01
3.221485394170885419e-01
3.142207666341761962e-01
3.003903217582943874e-01
2.808246854491766031e-01
2.808234250812129407e-01
2.852634466401596236e-01
2.852652997154955794e-01
3.028803998528711849e-01
3.150816721377835972e-01
3.218132627083964414e-01
3.250708562742814500e-01
3.218132627083964414e-01
3.150816721377835972e-01
3.028803998528711849e-01
2.852652997154955239e-01
2.852634466401596236e-01
2.928175868006873128e-01
2.928186156650841032e-01
3.070326700798429731e-01
3.167021576923812476e-01
3.221986473423753550e-01
3.251521501493261912e-01
3.221986473423753550e-01
3.167021576923811921e-01
3.070326700798429731e-01
2.928186156650841587e-01
2.928175868006873128e-01
2.960591828832274675e-01
2.960608443047086924e-01
3.088104864507189573e-01
3.174098512012326623e-01
3.222303516320803030e-01
3.246238334093612399e-01
3.222303516320803030e-01
3.174098512012326623e-01
3.088104864507189573e-01
2.960608443047086924e-01
2.960591828832274675e-01
3.015843876233854082e-01
3.015855384060494582e-01
3.118551861111493184e-01
3.188002453786924484e-01
3.228537204721404485e-01
3.250196519696258446e-01
3.228537204721404485e-01
3.188002453786924484e-01
3.118551861111493184e-01
3.015855384060495137e-01
3.015843876233854082e-01
3.039611607319044340e-01
3.039630963062309732e-01
3.131835067558199626e-01
3.194352220903965978e-01
3.231137780875031895e-01
3.250114234332365237e-01
3.231137780875031895e-01
3.194352220903966533e-01
3.131835067558199626e-01
3.039630963062310287e-01
3.039611607319044340e-01
3.080251163384815083e-01
3.080265461735801069e-01
3.154928489493670773e-01
3.206561941188243448e-01
3.238430915005620636e-01
3.255619311480903444e-01
3.238430915005620636e-01
3.206561941188243448e-01
3.154928489493670773e-01
3.080265461735801069e-01
3.080251163384815083e-01
3.097780646663426674e-01
3.097803076359363361e-01
3.165081747917946609e-01
3.212135182130094746e-01
3.241801680345300918e-01
3.257659629364735854e-01
3.241801680345300918e-01
3.212135182130094746e-01
3.165081747917946609e-01
3.097803076359363361e-01
3.097780646663426118e-01
3.127845516131851356e-01
3.127860993522493249e-01
3.182809728143155548e-01
3.222444564238454712e-01
3.248756505498708314e-01
3.263212234553045654e-01
3.248756505498708314e-01
3.222444564238454712e-01
3.182809728143156103e-01
3.127860993522493249e-01
3.127845516131851356e-01
3.140838922193848193e-01
3.140860158491410870e-01
3.190596322438099541e-01
3.227068159760363431e-01
3.251875347889038315e-01
3.265472432547829040e-01
3.251875347889038315e-01
3.227068159760363431e-01
3.190596322438099541e-01
3.140860158491410870e-01
3.140838922193848193e-01
3.163162180858943850e-01
3.163177154861590012e-01
3.204152455473401329e-01
3.235305065794139012e-01
3.257650572904596253e-01
3.270178178502993194e-01
3.257650572904596253e-01
3.235305065794139012e-01
3.204152455473401329e-01
3.163177154861590012e-01
3.163162180858944406e-01
3.172815744254680603e-01
3.172832414159622028e-01
3.210069131368723516e-01
3.238917357742000513e-01
3.260051829527418898e-01
3.271810513449449065e-01
3.260051829527418898e-01
3.238917357742000513e-01
3.210069131368723516e-01
3.172832414159622583e-01
3.172815744254680603e-01
3.189396230376593255e-01
3.189411028467227793e-01
3.220300466859942201e-01
3.245152600548448785e-01
3.264376932073768667e-01
3.275343893353058755e-01
3.264376932073768667e-01
3.245152600548448785e-01
3.220300466859942201e-01
3.189411028467227793e-01
3.189396230376593810e-01
3.196561294682885301e-01
3.196575262665843908e-01
3.224728690084601168e-01
3.247827312990235193e-01
3.265996542368549416e-01
3.276194862392114993e-01
3.265996542368549416e-01
3.247827312990235193e-01
3.224728690084601168e-01
3.196575262665844464e-01
3.196561294682885301e-01
3.208845797596149851e-01
3.208862330259402151e-01
3.232326238593742351e-01
3.252336988178441968e-01
3.268986057715123072e-01
3.278609666207086271e-01
3.268986057715122517e-01
3.252336988178441968e-01
3.232326238593742351e-01
3.208862330259402151e-01
3.208845797596149851e-01
3.214146576012629208e-01
3.214162837545057605e-01
3.235589726365153407e-01
3.254237268817906648e-01
3.269971797250201817e-01
3.278863483207474228e-01
3.269971797250201817e-01
3.254237268817906648e-01
3.235589726365153407e-01
3.214162837545057605e-01
3.214146576012629208e-01
3.223218102603898072e-01
3.223238198779495578e-01
3.241153547300930082e-01
3.257401595584136778e-01
3.271934649242325133e-01
3.280416420146177181e-01
3.271934649242325133e-01
3.257401595584136778e-01
3.241153547300930082e-01
3.223238198779495578e-01
3.223218102603898072e-01
3.227127259555035987e-01
3.227148712172716594e-01
3.243532053179362662e-01
3.258721852623961412e-01
3.272498366748907150e-01
3.280343349855975865e-01
3.272498366748907150e-01
3.258721852623961412e-01
3.243532053179362662e-01
3.227148712172716594e-01
3.227127259555035987e-01
3.233811903656521047e-01
3.233836216491312032e-01
3.247575467713181840e-01
3.260921140189001477e-01
3.273772838770671600e-01
3.281329113228448335e-01
3.273772838770671600e-01
3.260921140189001477e-01
3.247575467713181840e-01
3.233836216491312032e-01
3.233811903656521047e-01
3.236691610269077368e-01
3.236717471929703160e-01
3.249301907830379754e-01
3.261838401991150049e-01
3.274098089506399800e-01
3.281146196354239875e-01
3.274098089506399800e-01
3.261838401991150049e-01
3.249301907830379754e-01
3.236717471929703160e-01
3.236691610269077368e-01
3.241617533356663250e-01
3.241645353876505542e-01
3.252239575888148937e-01
3.263383346316025002e-01
3.274950245143044558e-01
3.281793753164248817e-01
3.274950245143044558e-01
3.263383346316025002e-01
3.252239575888148937e-01
3.241645353876505542e-01
3.241617533356663250e-01
3.243742041353180339e-01
3.243769574393691180e-01
3.253496760951145594e-01
3.264032665054579785e-01
3.275156955854409135e-01
3.281620115044852626e-01
3.275156955854409135e-01
3.264032665054579785e-01
3.253496760951145039e-01
3.243769574393691180e-01
3.243742041353180339e-01
3.247378790371013291e-01
3.247408346005236646e-01
3.255643903378834247e-01
3.265145356073361760e-01
3.275760428125887858e-01
3.282076137153323581e-01
3.275760428125887858e-01
3.265145356073361760e-01
3.255643903378834247e-01
3.247408346005236646e-01
3.247378790371013291e-01
3.248950649471724073e-01
3.248977599840762731e-01
3.256567389119158218e-01
3.265619169034882918e-01
3.275912804663229649e-01
3.281954722683346204e-01
3.275912804663229649e-01
3.265619169034882918e-01
3.256567389119158218e-01
3.248977599840762731e-01
3.248950649471724073e-01
3.251642399636717196e-01
3.251671528012168855e-01
3.258152798174098752e-01
3.266446241832267616e-01
3.276369724516844939e-01
3.282304531065820541e-01
3.276369724516844939e-01
3.266446241832267061e-01
3.258152798174098752e-01
3.251671528012168855e-01
3.251642399636717196e-01
3.252807661735737654e-01
3.252833902520707587e-01
3.258838969293877952e-01
3.266804185685239781e-01
3.276496008109368585e-01
3.282234909741882367e-01
3.276496008109368585e-01
3.266804185685239781e-01
3.258838969293877952e-01
3.252833902520707587e-01
3.252807661735737654e-01
3.254804383337083218e-01
3.254831745683588462e-01
3.260024203461605041e-01
3.267439053632027468e-01
3.276863198445884029e-01
3.282525461381839982e-01
3.276863198445884029e-01
3.267439053632027468e-01
3.260024203461605041e-01
3.254831745683588462e-01
3.254804383337083218e-01
3.255668377654937218e-01
3.255695356860277001e-01
3.260540573340967585e-01
3.267718569498385128e-01
3.276973764328622307e-01
3.282491496540231868e-01
3.276973764328622307e-01
3.267718569498385128e-01
3.260540573340967585e-01
3.255695356860277001e-01
3.255668377654937218e-01
3.257152829962932650e-01
3.257179014653536764e-01
3.261438346693320001e-01
3.268220841539190569e-01
3.277283496146610742e-01
3.282750049870017950e-01
3.277283496146610742e-01
3.268220841539190569e-01
3.261438346693320001e-01
3.257179014653536764e-01
3.257152829962932650e-01
3.257794264521949867e-01
3.257822301434666890e-01
3.261832227183030786e-01
3.268444951039337076e-01
3.277381853134036516e-01
3.282736771301972833e-01
3.277381853134036516e-01
3.268444951039337076e-01
3.261832227183030786e-01
3.257822301434666890e-01
3.257794264521949867e-01
3.258900154134069527e-01
3.258927487597760853e-01
3.262520113885703510e-01
3.268849907597778381e-01
3.277647825587432506e-01
3.282971098722746728e-01
3.277647825587432506e-01
3.268849907597778381e-01
3.262520113885703510e-01
3.258927487597760853e-01
3.258900154134069527e-01
3.259379238822167624e-01
3.259406430062651849e-01
3.262823726828388837e-01
3.269032396280932562e-01
3.277733522182810777e-01
3.282968308057406803e-01
3.277733522182810777e-01
3.269032396280932562e-01
3.262823726828388837e-01
3.259406430062651849e-01
3.259379238822167624e-01
3.260202723250743007e-01
3.260233457074322994e-01
3.263354947375444737e-01
3.269357942800505956e-01
3.277954391803880041e-01
3.283165769298450054e-01
3.277954391803880041e-01
3.269357942800505956e-01
3.263354947375444737e-01
3.260233457074322994e-01
3.260202723250743007e-01
3.260563476685728879e-01
3.260588590246455976e-01
3.263589823814598834e-01
3.269508181125844737e-01
3.278026550879300505e-01
3.283167271673766430e-01
3.278026550879300505e-01
3.269508181125844737e-01
3.263589823814598834e-01
3.260588590246455976e-01
3.260563476685728879e-01
3.261175062707444283e-01
3.261209316547907244e-01
3.264002541368603016e-01
3.269769360715805151e-01
3.278208246706383333e-01
3.283328360249064826e-01
3.278208246706383333e-01
3.269769360715805151e-01
3.264002541368603016e-01
3.261209316547907244e-01
3.261175062707444283e-01
3.261447280141000493e-01
3.261472040327251798e-01
3.264184386242267033e-01
3.269893951875307847e-01
3.278271578260322228e-01
3.283338298134966804e-01
3.278271578260322228e-01
3.269893951875307847e-01
3.264184386242267033e-01
3.261472040327251798e-01
3.261447280141000493e-01
3.261901754628001582e-01
3.261938030690769152e-01
3.264503874925052118e-01
3.270102207750147927e-01
3.278422121613041584e-01
3.283473547566217454e-01
3.278422121613041584e-01
3.270102207750147927e-01
3.264503874925052118e-01
3.261938030690769152e-01
3.261901754628001582e-01
3.262106557625909509e-01
3.262132449115623944e-01
3.264644434676435836e-01
3.270199709776178132e-01
3.278472524114856013e-01
3.283484530760455433e-01
3.278472524114856013e-01
3.270199709776178132e-01
3.264644434676435836e-01
3.262132449115623944e-01
3.262106557625909509e-01
3.262444150386187847e-01
3.262481452888897349e-01
3.264885105442206781e-01
3.270350562571362474e-01
3.278569492239732375e-01
3.283563797265628970e-01
3.278569492239732375e-01
3.270350562571362474e-01
3.264885105442206781e-01
3.262481452888897349e-01
3.262444150386187847e-01
3.262598027049052885e-01
3.262625024550716013e-01
3.264992596886738818e-01
3.270417104836001454e-01
3.278595766898069752e-01
3.283555203505550968e-01
3.278595766898069752e-01
3.270417104836001454e-01
3.264992596886738818e-01
3.262625024550716013e-01
3.262598027049052885e-01
3.262848234589421637e-01
3.262884915720724033e-01
3.265171534488036098e-01
3.270514936108995796e-01
3.278632005477060130e-01
3.283566356988200097e-01
3.278632005477060130e-01
3.270514936108995796e-01
3.265171534488036098e-01
3.262884915720724033e-01
3.262848234589421637e-01
3.262962426147291151e-01
3.262991896364368927e-01
3.265254215789216152e-01
3.270560888769807883e-01
3.278643899105006532e-01
3.283545224383198624e-01
3.278643899105006532e-01
3.270560888769807883e-01
3.265254215789216152e-01
3.262991896364368927e-01
3.262962426147291151e-01
3.263149717810490680e-01
3.263183729939864164e-01
3.265398219834183546e-01
3.270638513216221344e-01
3.278677713261708981e-01
3.283567307602386354e-01
3.278677713261708981e-01
3.270638513216221344e-01
3.265398219834183546e-01
3.263183729939864164e-01
3.263149717810490680e-01
3.263231642412457445e-01
3.263265387776578264e-01
3.265464401124197336e-01
3.270678456271792212e-01
3.278688127781632655e-01
3.283547458343518133e-01
3.278688127781632655e-01
3.270678456271792212e-01
3.265464401124197336e-01
3.263265387776578264e-01
3.263231642412457445e-01
3.263372281248430040e-01
3.263404861346735353e-01
3.265592553067248605e-01
3.270745002995980588e-01
3.278729215260434704e-01
3.283590290722517846e-01
3.278729215260434704e-01
3.270745002995980588e-01
3.265592553067248605e-01
3.263404861346735353e-01
3.263372281248430040e-01
3.263429693908623808e-01
3.263468514857744696e-01
3.265647526707389781e-01
3.270777123689871391e-01
3.278719792928183052e-01
3.283545686001971831e-01
3.278719792928183052e-01
3.270777123689871391e-01
3.265647526707389781e-01
3.263468514857744696e-01
3.263429693908623808e-01
3.263537492362466597e-01
3.263572216094449696e-01
3.265768229420163982e-01
3.270816869861020715e-01
3.278697322133748981e-01
3.283508110710709471e-01
3.278697322133748981e-01
3.270816869861020715e-01
3.265768229420163982e-01
3.263572216094449696e-01
3.263537492362466597e-01
3.263581219063396710e-01
3.263624475704989814e-01
3.265822719646228611e-01
3.270843126412078528e-01
3.278651448296392434e-01
3.283388395196532028e-01
3.278651448296392434e-01
3.270843126412078528e-01
3.265822719646228611e-01
3.263624475704989814e-01
3.263581219063396710e-01
3.263673036300830943e-01
3.263710013120083575e-01
3.265959616856746184e-01
3.270918062009178229e-01
3.278633707564627131e-01
3.283347851501442483e-01
3.278633707564627131e-01
3.270918062009178229e-01
3.265959616856746184e-01
3.263710013120083575e-01
3.263673036300830943e-01
3.263709623288447714e-01
3.263754093808399759e-01
3.266031391301972842e-01
3.270967936115832808e-01
3.278622315396810816e-01
3.283232807040049606e-01
3.278622315396810816e-01
3.270967936115832808e-01
3.266031391301972842e-01
3.263754093808399759e-01
3.263709623288447714e-01
3.263784063854149320e-01
3.263824925517370690e-01
3.266177370112608447e-01
3.271232331955973294e-01
3.278815919642602550e-01
3.283537763436312762e-01
3.278815919642602550e-01
3.271232331955973294e-01
3.266177370112608447e-01
3.263824925517370135e-01
3.263784063854149320e-01
3.263812423353290026e-01
3.263845279818253786e-01
3.266293657054044619e-01
3.271256981022621080e-01
3.279035694867471484e-01
3.283652878170911782e-01
3.279035694867471484e-01
3.271256981022621080e-01
3.266293657054044619e-01
3.263845279818253786e-01
3.263812423353289471e-01
3.263823639524107700e-01
3.263879815516664284e-01
3.266353610294598364e-01
3.271639514833030171e-01
3.278972761496036781e-01
3.284427173847088155e-01
3.278972761496036781e-01
3.271639514833030171e-01
3.266353610294598364e-01
3.263879815516664284e-01
3.263823639524108255e-01
3.263835181056565227e-01
3.263861880713028185e-01
3.266461692609355372e-01
3.270798070906091870e-01
3.278908762635752150e-01
3.283641749174395774e-01
3.278908762635752150e-01
3.270798070906091870e-01
3.266461692609354817e-01
3.263861880713028185e-01
3.263835181056565227e-01
3.263783942677671024e-01
3.263835181056565227e-01
3.266254408878534465e-01
3.269987892261773110e-01
3.278898752105049996e-01
3.282563840535365762e-01
3.278898752105049996e-01
3.269987892261773110e-01
3.266254408878534465e-01
3.263835181056565227e-01
3.263783942677671579e-01
