2.365572738360941507e-01
2.365643370651236699e-01
2.369114375924532556e-01
2.369785168199813608e-01
2.370019402070191461e-01
2.370585958259778248e-01
2.370019402070191461e-01
2.369785168199813608e-01
2.369114375924532556e-01
2.365643370651236699e-01
2.365572738360941507e-01
2.365643370651236699e-01
2.365694285471493241e-01
2.369032305508091407e-01
2.369708489839695564e-01
2.370119408102460967e-01
2.370341564778356835e-01
2.370119408102460967e-01
2.369708489839695564e-01
2.369032305508091407e-01
2.365694285471493241e-01
2.365643370651236699e-01
2.365661118589077738e-01
2.365728190869481606e-01
2.369046585769703228e-01
2.369770460291488190e-01
2.370208306136074305e-01
2.370337805043118695e-01
2.370208306136074305e-01
2.369770460291488190e-01
2.369046585769703228e-01
2.365728190869481606e-01
2.365661118589077738e-01
2.365714634498826408e-01
2.365766511045363507e-01
2.369020035367924992e-01
2.369758142846943583e-01
2.370081528256048065e-01
2.370247598872395056e-01
2.370081528256048065e-01
2.369758142846943583e-01
2.369020035367924992e-01
2.365766511045363507e-01
2.365714634498826408e-01
2.365727589476842585e-01
2.365793157108025679e-01
2.369052282288780786e-01
2.369788563854910435e-01
2.370077732531868098e-01
2.370278394009719958e-01
2.370077732531868098e-01
2.369788563854910435e-01
2.369052282288780786e-01
2.365793157108025679e-01
2.365727589476842585e-01
2.365769278098535655e-01
2.365821211044344674e-01
2.369091156370899953e-01
2.369858831453807435e-01
2.370070175051634254e-01
2.370270049911330223e-01
2.370070175051634254e-01
2.369858831453807435e-01
2.369091156370899953e-01
2.365821211044344674e-01
2.365769278098535655e-01
2.365777338929683504e-01
2.365840831206079131e-01
2.369119094330306985e-01
2.369854993574092017e-01
2.370123552398766265e-01
2.370315338080455358e-01
2.370123552398766265e-01
2.369854993574092017e-01
2.369119094330306985e-01
2.365840831206079131e-01
2.365777338929683504e-01
2.365801165400992778e-01
2.365861091614314127e-01
2.369229105993363727e-01
2.369918900539421669e-01
2.370161192278271156e-01
2.370344983957218266e-01
2.370161192278271156e-01
2.369918900539421669e-01
2.369229105993363727e-01
2.365861091614314127e-01
2.365801165400992778e-01
2.365810081588294311e-01
2.365870890367886559e-01
2.369245641161297489e-01
2.369950104389218493e-01
2.370192030440469999e-01
2.370418075259708712e-01
2.370192030440469999e-01
2.369950104389218493e-01
2.369245641161297489e-01
2.365870890367886559e-01
2.365810081588294311e-01
2.365820889502455171e-01
2.365888011692535153e-01
2.369338635127576365e-01
2.370008593169538325e-01
2.370251981881944803e-01
2.370435829522820614e-01
2.370251981881944803e-01
2.370008593169538325e-01
2.369338635127576365e-01
2.365888011692535153e-01
2.365820889502455171e-01
2.365831520200361582e-01
2.365892896113963029e-01
2.369363967816381922e-01
2.370042249451091709e-01
2.370285747803839715e-01
2.370494540165446473e-01
2.370285747803839715e-01
2.370042249451091709e-01
2.369363967816381922e-01
2.365892896113963029e-01
2.365831520200361582e-01
2.365844870529651145e-01
2.365913540893611056e-01
2.369417625127493154e-01
2.370097967039708209e-01
2.370328586090287293e-01
2.370512027326301396e-01
2.370328586090287293e-01
2.370097967039708209e-01
2.369417625127493154e-01
2.365913540893611056e-01
2.365844870529651145e-01
2.365857913124829182e-01
2.365920628890695598e-01
2.369444906792390337e-01
2.370122241845601663e-01
2.370361207705234119e-01
2.370568077158080600e-01
2.370361207705234119e-01
2.370122241845601663e-01
2.369444906792390337e-01
2.365920628890695598e-01
2.365857913124829182e-01
2.365877881437189467e-01
2.365947268281543836e-01
2.369499535104396537e-01
2.370176591947615041e-01
2.370402855564439637e-01
2.370585167856199826e-01
2.370402855564439637e-01
2.370176591947615041e-01
2.369499535104396815e-01
2.365947268281543836e-01
2.365877881437189467e-01
2.365894355070356503e-01
2.365958564972930334e-01
2.369528000795540490e-01
2.370201321511102299e-01
2.370433978915569839e-01
2.370638480621029553e-01
2.370433978915569839e-01
2.370201321511102299e-01
2.369528000795540490e-01
2.365958564972930334e-01
2.365894355070356503e-01
2.365924034135718501e-01
2.365994173593490846e-01
2.369586726771186203e-01
2.370255188950113612e-01
2.370474595706803522e-01
2.370654628086361071e-01
2.370474595706803522e-01
2.370255188950113612e-01
2.369586726771186203e-01
2.365994173593490846e-01
2.365924034135718501e-01
2.365945834262929981e-01
2.366010965046292380e-01
2.369617352977062552e-01
2.370280782507721284e-01
2.370503974318138307e-01
2.370704198021627573e-01
2.370503974318138307e-01
2.370280782507721284e-01
2.369617352977062830e-01
2.366010965046292380e-01
2.365945834262929981e-01
2.365987872040551943e-01
2.366059285661466505e-01
2.369681894993455884e-01
2.370335905230485929e-01
2.370544060322361812e-01
2.370720011748689293e-01
2.370544060322361812e-01
2.370335905230485929e-01
2.369681894993455884e-01
2.366059285661466505e-01
2.365987872040551943e-01
2.366017461890828899e-01
2.366083370795532270e-01
2.369716435968658719e-01
2.370362800367960543e-01
2.370572850491554640e-01
2.370765973522573900e-01
2.370572850491554640e-01
2.370362800367960543e-01
2.369716435968658719e-01
2.366083370795532270e-01
2.366017461890828899e-01
2.366077066090146452e-01
2.366150231650808455e-01
2.369790056912070841e-01
2.370422327822757913e-01
2.370614581891648254e-01
2.370783808536368331e-01
2.370614581891648254e-01
2.370422327822757913e-01
2.369790056912070841e-01
2.366150231650808455e-01
2.366077066090146452e-01
2.366118191055149034e-01
2.366184728083249589e-01
2.369830865314450641e-01
2.370452027582897747e-01
2.370644270121818331e-01
2.370827091174317891e-01
2.370644270121818331e-01
2.370452027582897747e-01
2.369830865314450641e-01
2.366184728083249589e-01
2.366118191055149034e-01
2.366203346621269521e-01
2.366278442775382185e-01
2.369919323159302982e-01
2.370520986527844265e-01
2.370692513671204260e-01
2.370852094073215288e-01
2.370692513671204260e-01
2.370520986527844265e-01
2.369919323159302982e-01
2.366278442775382185e-01
2.366203346621269521e-01
2.366260827984731641e-01
2.366328573973620897e-01
2.369969837620808373e-01
2.370556287396449469e-01
2.370725681617874558e-01
2.370895707323137924e-01
2.370725681617874558e-01
2.370556287396449469e-01
2.369969837620808373e-01
2.366328573973620897e-01
2.366260827984731918e-01
2.366384120400507884e-01
2.366461106353657251e-01
2.370081128422988903e-01
2.370641089427217296e-01
2.370786367814408935e-01
2.370933616626437201e-01
2.370786367814408935e-01
2.370641089427217296e-01
2.370081128422988626e-01
2.366461106353657251e-01
2.366384120400507884e-01
2.366464927626465986e-01
2.366534234811900894e-01
2.370146020548190013e-01
2.370685596131504036e-01
2.370827030564724158e-01
2.370982293507558625e-01
2.370827030564724158e-01
2.370685596131504036e-01
2.370146020548190013e-01
2.366534234811900894e-01
2.366464927626465986e-01
2.366643053886268722e-01
2.366721425706959092e-01
2.370289845715964905e-01
2.370792417262760632e-01
2.370905265086860891e-01
2.371037129633878915e-01
2.370905265086860891e-01
2.370792417262760632e-01
2.370289845715964905e-01
2.366721425706959092e-01
2.366643053886268722e-01
2.366755825730942897e-01
2.366826961651910255e-01
2.370373661080090733e-01
2.370849133965148292e-01
2.370955170422092140e-01
2.371093226429836776e-01
2.370955170422092140e-01
2.370849133965148292e-01
2.370373661080090733e-01
2.366826961651910255e-01
2.366755825730942897e-01
2.367009241081202697e-01
2.367088504134056137e-01
2.370559979697871855e-01
2.370980480438163729e-01
2.371051256305406474e-01
2.371163290048410588e-01
2.371051256305406474e-01
2.370980480438163729e-01
2.370559979697871855e-01
2.367088504134056137e-01
2.367009241081202697e-01
2.367165043051231432e-01
2.367237808921055509e-01
2.370666728942737167e-01
2.371049579423321063e-01
2.371107139712401723e-01
2.371222511753875994e-01
2.371107139712401723e-01
2.371049579423321063e-01
2.370666728942737167e-01
2.367237808921055509e-01
2.367165043051231710e-01
2.367518853157862535e-01
2.367599383733731688e-01
2.370904673361627635e-01
2.371201427407513829e-01
2.371210986389405140e-01
2.371295107541031011e-01
2.371210986389405140e-01
2.371201427407513829e-01
2.370904673361627635e-01
2.367599383733731688e-01
2.367518853157862535e-01
2.367733226567481919e-01
2.367806900016324878e-01
2.371039473596753266e-01
2.371279287573145045e-01
2.371263071494447705e-01
2.371342425062024362e-01
2.371263071494447705e-01
2.371279287573145045e-01
2.371039473596753266e-01
2.367806900016324878e-01
2.367733226567481919e-01
2.368221946275519685e-01
2.368303815226797115e-01
2.371340782562030014e-01
2.371443970741746177e-01
2.371354625610406497e-01
2.371394679785023829e-01
2.371354625610406497e-01
2.371443970741746177e-01
2.371340782562030014e-01
2.368303815226797115e-01
2.368221946275519685e-01
2.368516001435795881e-01
2.368591037797592724e-01
2.371513216274857283e-01
2.371526201516801213e-01
2.371388823265273282e-01
2.371403725057735778e-01
2.371388823265273282e-01
2.371526201516801213e-01
2.371513216274857283e-01
2.368591037797592724e-01
2.368516001435795881e-01
2.369191704002762688e-01
2.369273792704739423e-01
2.371902763157022753e-01
2.371704001350014579e-01
2.371451003331288554e-01
2.371415137090208403e-01
2.371451003331288554e-01
2.371704001350014579e-01
2.371902763157022753e-01
2.369273792704739423e-01
2.369191704002762688e-01
2.369595049960532551e-01
2.369671718887850498e-01
2.372131548005688151e-01
2.371794943858883953e-01
2.371457630607244904e-01
2.371359692641598349e-01
2.371457630607244904e-01
2.371794943858883953e-01
2.372131548005688151e-01
2.369671718887850498e-01
2.369595049960532551e-01
2.370529345729306403e-01
2.370610104953732311e-01
2.372659940188805161e-01
2.372012988947350132e-01
2.371503088551559502e-01
2.371339372182262595e-01
2.371503088551559502e-01
2.372012988947350132e-01
2.372659940188805161e-01
2.370610104953732311e-01
2.370529345729306403e-01
2.371081857607642285e-01
2.371159374000851860e-01
2.372976781024057902e-01
2.372138245322543137e-01
2.371494480964870810e-01
2.371218791462350872e-01
2.371494480964870810e-01
2.372138245322543137e-01
2.372976781024057902e-01
2.371159374000851860e-01
2.371081857607642285e-01
2.372365680895756335e-01
2.372445610601114641e-01
2.373728088051209051e-01
2.372472894703402946e-01
2.371597537586597471e-01
2.371241418789064026e-01
2.371597537586597471e-01
2.372472894703402946e-01
2.373728088051209051e-01
2.372445610601114641e-01
2.372365680895756335e-01
2.373120790920856538e-01
2.373199006458996951e-01
2.374182159076949628e-01
2.372687580218096060e-01
2.371629693263873351e-01
2.371111360459882134e-01
2.371629693263873351e-01
2.372687580218096060e-01
2.374182159076949905e-01
2.373199006458996951e-01
2.373120790920856538e-01
2.374874906446876599e-01
2.374954992969151024e-01
2.375273872169311185e-01
2.373277548476642462e-01
2.371945432722279978e-01
2.371337459437296569e-01
2.371945432722279978e-01
2.373277548476642462e-01
2.375273872169311185e-01
2.374954992969151024e-01
2.374874906446876599e-01
2.375902018092223289e-01
2.375981138031968698e-01
2.375931217279165786e-01
2.373663206502689693e-01
2.372124011861800885e-01
2.371327712351878059e-01
2.372124011861800885e-01
2.373663206502689693e-01
2.375931217279165786e-01
2.375981138031968698e-01
2.375902018092223289e-01
2.378281333787860830e-01
2.378359009977923655e-01
2.377497626182873414e-01
2.374684716027863074e-01
2.372864158640965726e-01
2.371977512549528211e-01
2.372864158640965726e-01
2.374684716027863074e-01
2.377497626182873414e-01
2.378359009977923655e-01
2.378281333787860830e-01
2.379662374557695304e-01
2.379744366868200012e-01
2.378422940210320469e-01
2.375324709881135032e-01
2.373315510063046807e-01
2.372267770690359434e-01
2.373315510063046807e-01
2.375324709881135032e-01
2.378422940210320469e-01
2.379744366868200012e-01
2.379662374557695304e-01
2.382855322976787371e-01
2.382930447497427773e-01
2.380575428590884779e-01
2.376902561593960406e-01
2.374640455032531461e-01
2.373508135599777802e-01
2.374640455032531461e-01
2.376902561593960406e-01
2.380575428590884779e-01
2.382930447497427773e-01
2.382855322976787371e-01
2.384696660028167159e-01
2.384786742856911390e-01
2.381805923301256178e-01
2.377823938224990219e-01
2.375424739413586617e-01
2.374218268684870070e-01
2.375424739413586617e-01
2.377823938224990219e-01
2.381805923301256178e-01
2.384786742856911390e-01
2.384696660028167159e-01
2.388961495100277999e-01
2.389038923070203879e-01
2.384585434338388210e-01
2.379887307897221582e-01
2.377240609086540002e-01
2.375941439224527330e-01
2.377240609086539724e-01
2.379887307897221582e-01
2.384585434338388210e-01
2.389038923070203879e-01
2.388961495100277999e-01
2.391423087407885673e-01
2.391526625043307042e-01
2.386117543508495809e-01
2.380982142893532938e-01
2.378208162542728710e-01
2.376919552944168068e-01
2.378208162542728710e-01
2.380982142893532938e-01
2.386117543508495809e-01
2.391526625043307042e-01
2.391423087407885673e-01
2.397155330246747984e-01
2.397237738098181303e-01
2.389488715696033716e-01
2.383143878697613349e-01
2.379952516705493293e-01
2.378502692810817165e-01
2.379952516705493293e-01
2.383143878697613349e-01
2.389488715696033716e-01
2.397237738098181303e-01
2.397155330246747984e-01
2.400484373746352984e-01
2.400596558342924514e-01
2.391304503193083242e-01
2.384133091767423607e-01
2.380626864736807846e-01
2.379101457854645996e-01
2.380626864736807846e-01
2.384133091767423329e-01
2.391304503193083242e-01
2.400596558342924514e-01
2.400484373746352984e-01
2.408274155455004117e-01
2.408363920388241763e-01
2.395262930475405005e-01
2.385739466995717983e-01
2.381243320942605379e-01
2.379364012688161001e-01
2.381243320942605379e-01
2.385739466995717983e-01
2.395262930475405005e-01
2.408363920388241763e-01
2.408274155455004117e-01
2.412846513378499314e-01
2.412962162059165416e-01
2.397429395676877462e-01
2.386275962755585178e-01
2.380873599905693472e-01
2.378412004365057786e-01
2.380873599905693749e-01
2.386275962755584901e-01
2.397429395676877462e-01
2.412962162059165416e-01
2.412846513378499314e-01
2.423606442588962795e-01
2.423694022020084771e-01
2.402301424740630187e-01
2.386823034408911415e-01
2.379264000226744280e-01
2.376089599953965514e-01
2.379264000226744280e-01
2.386823034408911415e-01
2.402301424740630187e-01
2.423694022020084771e-01
2.423606442588962795e-01
2.429973760897433943e-01
2.430090831897389614e-01
2.405161201427921114e-01
2.386832283302730007e-01
2.377233086714309329e-01
2.372345212085783528e-01
2.377233086714309329e-01
2.386832283302730007e-01
2.405161201427921114e-01
2.430090831897389614e-01
2.429973760897433943e-01
2.445036352081955133e-01
2.445117433117690586e-01
2.412079876455863470e-01
2.386893965664522721e-01
2.373452210612370383e-01
2.367361956976931636e-01
2.373452210612370383e-01
2.386893965664522721e-01
2.412079876455863470e-01
2.445117433117690586e-01
2.445036352081955133e-01
2.453982524290014566e-01
2.454106166962815305e-01
2.416492734145546939e-01
2.387154843303521401e-01
2.370167943292765256e-01
2.360695499921118268e-01
2.370167943292765256e-01
2.387154843303521401e-01
2.416492734145546939e-01
2.454106166962815305e-01
2.453982524290014566e-01
2.475174901766906688e-01
2.475265461251184573e-01
2.427812716164769458e-01
2.389622273336649283e-01
2.367230180959690733e-01
2.356125998948040978e-01
2.367230180959690733e-01
2.389622273336649283e-01
2.427812716164769458e-01
2.475265461251184573e-01
2.475174901766906688e-01
2.487741716338238984e-01
2.487884930694047037e-01
2.435252798720124179e-01
2.392347564453199127e-01
2.365301519300578581e-01
2.349323608169751609e-01
2.365301519300578581e-01
2.392347564453199127e-01
2.435252798720124179e-01
2.487884930694047037e-01
2.487741716338238984e-01
2.517363437272744364e-01
2.517500650999308087e-01
2.454360125929244685e-01
2.403139393577826965e-01
2.370689045483526380e-01
2.353126515442830746e-01
2.370689045483526380e-01
2.403139393577826965e-01
2.454360125929244685e-01
2.517500650999308087e-01
2.517363437272744364e-01
2.534804731395415289e-01
2.534967951588167345e-01
2.466475100927633668e-01
2.411900467201637532e-01
2.375654613905814616e-01
2.353607177207443224e-01
2.375654613905814616e-01
2.411900467201637532e-01
2.466475100927633946e-01
2.534967951588167345e-01
2.534804731395415289e-01
2.575428801895232600e-01
2.575583964502591305e-01
2.496033029600031594e-01
2.438293562423011485e-01
2.400356369387199040e-01
2.377880645871752185e-01
2.400356369387199040e-01
2.438293562423011762e-01
2.496033029600031594e-01
2.575583964502591305e-01
2.575428801895232600e-01
2.599012965069399383e-01
2.599203308931646306e-01
2.513180952901264975e-01
2.456068447882939210e-01
2.419328551082381984e-01
2.397428414635142113e-01
2.419328551082381984e-01
2.456068447882939210e-01
2.513180952901264975e-01
2.599203308931646306e-01
2.599012965069399383e-01
2.653317215471832635e-01
2.653481595854018105e-01
2.551042911988146700e-01
2.499611983962962136e-01
2.470169718147912086e-01
2.450607408758507522e-01
2.470169718147912086e-01
2.499611983962962136e-01
2.551042911988146700e-01
2.653481595854018105e-01
2.653317215471832635e-01
2.684613209613321838e-01
2.684846331253094576e-01
2.569788036133650033e-01
2.523103531305718739e-01
2.505175240034540063e-01
2.498790496964030383e-01
2.505175240034540063e-01
2.523103531305718739e-01
2.569788036133650033e-01
2.684846331253094576e-01
2.684613209613321838e-01
2.756649693624249609e-01
2.756835691474812111e-01
2.603619368766155184e-01
2.563295617431963769e-01
2.563400042161857462e-01
2.563197503372448005e-01
2.563400042161857462e-01
2.563295617431963769e-01
2.603619368766155184e-01
2.756835691474812111e-01
2.756649693624249609e-01
2.798756849979944783e-01
2.799004322804747313e-01
2.615035006400050488e-01
2.572042663862680323e-01
2.593290632434694931e-01
2.625123480905536266e-01
2.593290632434694931e-01
2.572042663862680323e-01
2.615035006400050488e-01
2.799004322804746758e-01
2.798756849979944783e-01
2.897657353873717700e-01
2.897841264836684139e-01
2.622982503304738255e-01
2.541897599517650708e-01
2.565584278260755191e-01
2.602722095006468339e-01
2.565584278260755191e-01
2.541897599517650708e-01
2.622982503304738255e-01
2.897841264836684139e-01
2.897657353873717700e-01
2.957787632504797481e-01
2.958032506338468814e-01
2.618353694015729816e-01
2.491137394255605875e-01
2.499866397425377362e-01
2.568234068159936934e-01
2.499866397425377362e-01
2.491137394255605875e-01
2.618353694015729816e-01
2.958032506338468814e-01
2.957787632504797481e-01
4.989603406876317315e-01
3.104623730334626353e-01
2.595442507048902336e-01
2.308500195750665951e-01
2.102008141353971515e-01
1.940987002581276433e-01
2.102008141353971515e-01
2.308500195750665951e-01
2.595442507048902336e-01
3.104623730334626353e-01
4.989603406876317315e-01
4.989603406876317315e-01
3.161110012766558675e-01
2.587756054866051092e-01
2.249840224720416892e-01
2.018109223152474430e-01
1.873941158947478591e-01
2.018109223152474430e-01
2.249840224720416892e-01
2.587756054866051092e-01
3.161110012766558119e-01
4.989603406876317315e-01
4.989603406876317315e-01
3.247241700842921075e-01
2.584924328446268627e-01
2.196675068170230172e-01
1.955406004716097601e-01
1.812899445196261561e-01
1.955406004716097879e-01
2.196675068170230172e-01
2.584924328446268627e-01
3.247241700842921075e-01
4.989603406876317315e-01
4.989603406876317315e-01
3.282022977220222515e-01
2.590533482712560898e-01
2.193371747427768914e-01
1.963281640048990806e-01
1.840739438100219005e-01
1.963281640048991084e-01
2.193371747427768914e-01
2.590533482712560898e-01
3.282022977220222515e-01
4.989603406876317315e-01
4.989603406876317315e-01
3.338334390819353570e-01
2.613866363556952011e-01
2.215931488982484099e-01
1.997133261238776825e-01
1.878734627931030743e-01
1.997133261238776825e-01
2.215931488982484099e-01
2.613866363556952011e-01
3.338334390819353570e-01
4.989603406876317315e-01
4.989603406876317315e-01
3.362340027590702274e-01
2.629353433321057198e-01
2.235435240647666300e-01
2.026911283065042091e-01
1.920478238992094633e-01
2.026911283065042091e-01
2.235435240647666300e-01
2.629353433321057198e-01
3.362340027590702274e-01
4.989603406876317315e-01
4.989603406876317315e-01
3.403385426080546838e-01
2.665444143967807822e-01
2.281848054270741721e-01
2.083043097126610343e-01
1.979548631875116815e-01
2.083043097126610343e-01
2.281848054270741721e-01
2.665444143967807822e-01
3.403385426080546838e-01
4.989603406876317315e-01
4.989603406876317315e-01
3.421539884868384784e-01
2.684275104048383653e-01
2.306331402787883400e-01
2.114119251187509541e-01
2.017212176987866756e-01
2.114119251187509541e-01
2.306331402787883400e-01
2.684275104048383653e-01
3.421539884868384784e-01
4.989603406876317315e-01
4.989603406876317315e-01
3.453576562161829178e-01
2.721999820409998772e-01
2.353809787658449892e-01
2.167872672295324266e-01
2.072809860106337165e-01
2.167872672295324266e-01
2.353809787658449892e-01
2.721999820409998772e-01
3.453576562161829178e-01
4.989603406876317315e-01
4.989603406876317315e-01
3.467947280319901293e-01
2.739960208322420043e-01
2.376130468232471316e-01
2.193845120296013251e-01
2.102017499333178052e-01
2.193845120296013529e-01
2.376130468232471316e-01
2.739960208322420043e-01
3.467947280319901293e-01
4.989603406876317315e-01
4.989603406876317315e-01
3.493544337659422183e-01
2.773508789396613161e-01
2.416348765127964981e-01
2.237567272778842320e-01
2.146831976968592570e-01
2.237567272778842320e-01
2.416348765127964981e-01
2.773508789396613161e-01
3.493544337659422183e-01
4.989603406876317315e-01
4.989603406876317315e-01
3.505047498380245985e-01
2.788711951750297846e-01
2.434247361626214468e-01
2.257135717595837310e-01
2.167612306453591819e-01
2.257135717595837310e-01
2.434247361626214468e-01
2.788711951750297846e-01
3.505047498380245985e-01
4.989603406876317315e-01
4.989603406876317315e-01
3.525471051176621295e-01
2.815958397946765057e-01
2.465233632877688597e-01
2.289750332258413679e-01
2.200846875037880124e-01
2.289750332258413679e-01
2.465233632877688597e-01
2.815958397946765057e-01
3.525471051176621295e-01
4.989603406876317315e-01
4.989603406876317315e-01
3.534594744787205034e-01
2.827917217459933741e-01
2.478539662907390806e-01
2.303511162384376809e-01
2.214667287698950937e-01
2.303511162384376809e-01
2.478539662907390806e-01
2.827917217459933741e-01
3.534594744787205034e-01
4.989603406876317315e-01
4.989603406876317315e-01
3.550648753341714703e-01
2.848729272271068869e-01
2.500955018809809527e-01
2.326408825865297625e-01
2.237899057222227095e-01
2.326408825865297625e-01
2.500955018809809527e-01
2.848729272271068869e-01
3.550648753341714703e-01
4.989603406876317315e-01
4.989603406876317315e-01
3.557737415789085644e-01
2.857647738081062760e-01
2.510313807535786701e-01
2.335551118063831644e-01
2.246519494534814088e-01
2.335551118063831644e-01
2.510313807535786701e-01
2.857647738081062760e-01
3.557737415789085644e-01
4.989603406876317315e-01
4.989603406876317315e-01
3.570057421516887874e-01
2.872807140305976281e-01
2.525738273474698592e-01
2.350840500823163370e-01
2.261983935950672986e-01
2.350840500823163370e-01
2.525738273474698592e-01
2.872807140305976281e-01
3.570057421516887874e-01
4.989603406876317315e-01
4.989603406876317315e-01
3.575422908329630167e-01
2.879175976171791662e-01
2.532020783057086222e-01
2.356598102292230823e-01
2.266998581308013183e-01
2.356598102292230823e-01
2.532020783057086222e-01
2.879175976171791662e-01
3.575422908329630167e-01
4.989603406876317315e-01
4.989603406876317315e-01
3.584617416054832195e-01
2.889787417290032856e-01
2.542179482740319352e-01
2.366347538979023390e-01
2.276846514816688871e-01
2.366347538979023390e-01
2.542179482740319352e-01
2.889787417290032856e-01
3.584617416054832195e-01
4.989603406876317315e-01
4.989603406876317315e-01
3.588571971928616877e-01
2.894167020871397655e-01
2.546216614148982260e-01
2.369773591012152847e-01
2.279508535463511398e-01
2.369773591012152847e-01
2.546216614148982260e-01
2.894167020871397655e-01
3.588571971928616877e-01
4.989603406876317315e-01
4.989603406876317315e-01
3.595253353783374184e-01
2.901334942696358055e-01
2.552627624048056654e-01
2.375696828185989151e-01
2.285495070962766939e-01
2.375696828185989151e-01
2.552627624048056654e-01
2.901334942696358055e-01
3.595253353783374184e-01
4.989603406876317315e-01
4.989603406876317315e-01
3.598095711631468796e-01
2.904246187788434574e-01
2.555104539641745443e-01
2.377595068985756399e-01
2.286702449905228252e-01
2.377595068985756399e-01
2.555104539641745443e-01
2.904246187788434574e-01
3.598095711631468796e-01
4.989603406876317315e-01
4.989603406876317315e-01
3.602837769224113140e-01
2.908929028059574762e-01
2.558966379894296317e-01
2.380988195539502361e-01
2.290137736483777997e-01
2.380988195539502361e-01
2.558966379894296317e-01
2.908929028059574762e-01
3.602837769224113140e-01
4.989603406876317315e-01
4.989603406876317315e-01
3.604833770908296708e-01
2.910803758619174841e-01
2.560405691822382201e-01
2.381929467748445106e-01
2.290499537105749328e-01
2.381929467748445106e-01
2.560405691822382201e-01
2.910803758619174841e-01
3.604833770908296708e-01
4.989603406876317315e-01
4.989603406876317315e-01
3.608136584246204870e-01
2.913765848758554933e-01
2.562602752985168042e-01
2.383719308507376844e-01
2.292317756637539117e-01
2.383719308507376844e-01
2.562602752985168042e-01
2.913765848758554933e-01
3.608136584246204870e-01
4.989603406876317315e-01
4.989603406876317315e-01
3.609512041813258687e-01
2.914935046281519893e-01
2.563381152853897449e-01
2.384091862708399567e-01
2.292228789465400873e-01
2.384091862708399567e-01
2.563381152853897449e-01
2.914935046281519893e-01
3.609512041813258687e-01
4.989603406876317315e-01
4.989603406876317315e-01
3.611771805498590338e-01
2.916746400361120428e-01
2.564534772856407185e-01
2.384911988259983684e-01
2.293067765710026240e-01
2.384911988259983684e-01
2.564534772856406630e-01
2.916746400361120428e-01
3.611771805498590338e-01
4.989603406876317315e-01
4.989603406876317315e-01
3.612704273659739784e-01
2.917451124991222722e-01
2.564913005498269949e-01
2.384972178935639842e-01
2.292774061183990852e-01
2.384972178935639842e-01
2.564913005498269949e-01
2.917451124991222722e-01
3.612704273659740339e-01
4.989603406876317315e-01
4.989603406876317315e-01
3.614227025197024323e-01
2.918523824915470466e-01
2.565449704088735294e-01
2.385245800798728721e-01
2.293055105224024448e-01
2.385245800798728721e-01
2.565449704088735294e-01
2.918523824915470466e-01
3.614227025197024323e-01
4.989603406876317315e-01
4.989603406876317315e-01
3.614852703935362843e-01
2.918938580210219125e-01
2.565605206404003025e-01
2.385158890418406785e-01
2.292709803324205486e-01
2.385158890418406785e-01
2.565605206404003025e-01
2.918938580210219125e-01
3.614852703935362843e-01
4.989603406876317315e-01
4.989603406876317315e-01
3.615878043195918656e-01
2.919569779449380231e-01
2.565816331913161608e-01
2.385167585274028390e-01
2.292708507792257655e-01
2.385167585274028390e-01
2.565816331913161608e-01
2.919569779449380231e-01
3.615878043195918656e-01
4.989603406876317315e-01
4.989603406876317315e-01
3.616302102774039406e-01
2.919819577970154123e-01
2.565869400302673853e-01
2.385042733756910505e-01
2.292409135825953514e-01
2.385042733756910505e-01
2.565869400302673853e-01
2.919819577970154123e-01
3.616302102774039406e-01
4.989603406876317315e-01
4.989603406876317315e-01
3.617012201716512942e-01
2.920219752131615887e-01
2.565950729508857941e-01
2.384970809041673245e-01
2.292309475517110562e-01
2.384970809041673245e-01
2.565950729508857941e-01
2.920219752131615887e-01
3.617012201716512942e-01
4.989603406876317315e-01
4.989603406876317315e-01
3.617315947351003591e-01
2.920390069978066050e-01
2.565979200703620289e-01
2.384878734462647920e-01
2.292114490664908799e-01
2.384878734462647920e-01
2.565979200703620289e-01
2.920390069978066050e-01
3.617315947351003591e-01
4.989603406876317315e-01
4.989603406876317315e-01
3.617848956549065687e-01
2.920700544459823855e-01
2.566052468714763446e-01
2.384834333837539677e-01
2.292026792762059950e-01
2.384834333837539400e-01
2.566052468714763446e-01
2.920700544459823855e-01
3.617848956549065687e-01
4.989603406876317315e-01
4.989603406876317315e-01
3.618097519704465692e-01
2.920851917555993271e-01
2.566098264849659971e-01
2.384806192507524791e-01
2.291954432775868133e-01
2.384806192507524791e-01
2.566098264849659971e-01
2.920851917555993271e-01
3.618097519704465692e-01
4.989603406876317315e-01
4.989603406876317315e-01
3.618571176286307645e-01
2.921169012089197548e-01
2.566222992090640420e-01
2.384826165027571498e-01
2.291911419165949537e-01
2.384826165027571498e-01
2.566222992090640420e-01
2.921169012089197548e-01
3.618571176286307645e-01
4.989603406876317315e-01
4.989603406876317315e-01
3.618820334147362372e-01
2.921343763918815561e-01
2.566302697280160028e-01
2.384855360420957415e-01
2.291931536599459973e-01
2.384855360420957415e-01
2.566302697280160028e-01
2.921343763918815006e-01
3.618820334147362372e-01
4.989603406876317315e-01
4.989603406876317315e-01
3.619347185327684846e-01
2.921744414130866829e-01
2.566495254800313375e-01
2.384921702899478746e-01
2.291907803851765957e-01
2.384921702899478746e-01
2.566495254800313375e-01
2.921744414130866829e-01
3.619347185327684846e-01
4.989603406876317315e-01
4.989603406876317315e-01
3.619650747861171691e-01
2.921980550970630919e-01
2.566615632014895843e-01
2.384976931540449263e-01
2.291949686184991952e-01
2.384976931540449263e-01
2.566615632014895843e-01
2.921980550970630919e-01
3.619650747861171691e-01
4.989603406876317315e-01
4.989603406876317315e-01
3.620347038629909697e-01
2.922555742113293609e-01
2.566898883476748661e-01
2.385068523898476456e-01
2.291916114134074367e-01
2.385068523898476456e-01
2.566898883476748661e-01
2.922555742113293609e-01
3.620347038629909697e-01
4.989603406876317315e-01
4.989603406876317315e-01
3.620770914981328858e-01
2.922912488277841780e-01
2.567084221271508371e-01
2.385126922796082238e-01
2.291904285011449882e-01
2.385126922796082238e-01
2.567084221271508371e-01
2.922912488277841780e-01
3.620770914981328858e-01
4.989603406876317315e-01
4.989603406876317315e-01
3.621774200589145676e-01
2.923822746365865033e-01
2.567568446970759366e-01
2.385309730676467843e-01
2.291921359089546251e-01
2.385309730676467843e-01
2.567568446970759366e-01
2.923822746365865033e-01
3.621774200589145676e-01
4.989603406876317315e-01
4.989603406876317315e-01
3.622399984849511423e-01
2.924406061994136441e-01
2.567912790711301407e-01
2.385427636792386008e-01
2.291856919748077315e-01
2.385427636792386008e-01
2.567912790711301407e-01
2.924406061994135886e-01
3.622399984849511423e-01
4.989603406876317315e-01
4.989603406876317315e-01
3.623876982932394686e-01
2.925932145912247262e-01
2.568898834976823808e-01
2.385991547186081529e-01
2.292215043596054769e-01
2.385991547186081529e-01
2.568898834976823808e-01
2.925932145912247262e-01
3.623876982932395241e-01
4.989603406876317315e-01
4.989603406876317315e-01
3.624794391188949083e-01
2.926919463824029788e-01
2.569624718680622588e-01
2.386394811502906554e-01
2.292312741531628839e-01
2.386394811502906554e-01
2.569624718680623143e-01
2.926919463824029788e-01
3.624794391188949083e-01
4.989603406876317315e-01
4.989603406876317315e-01
3.626925815512535012e-01
2.929486711605000515e-01
2.571702072158659758e-01
2.388008745741572736e-01
2.293694255372551172e-01
2.388008745741572736e-01
2.571702072158659758e-01
2.929486711605000515e-01
3.626925815512535012e-01
4.989603406876317315e-01
4.989603406876317315e-01
3.628219193959801858e-01
2.931122997741112401e-01
2.573191651013826964e-01
2.389170962968861223e-01
2.294519332585043814e-01
2.389170962968861223e-01
2.573191651013826964e-01
2.931122997741112401e-01
3.628219193959801858e-01
4.989603406876317315e-01
4.989603406876317315e-01
3.631182207648837035e-01
2.935268552945159426e-01
2.577253444872605881e-01
2.392934346566901183e-01
2.298077487605789948e-01
2.392934346566901183e-01
2.577253444872605881e-01
2.935268552945159426e-01
3.631182207648837035e-01
4.989603406876317315e-01
4.989603406876317315e-01
3.632916040835753035e-01
2.937834084954858427e-01
2.580004951154849513e-01
2.395577289605894389e-01
2.300574318468476542e-01
2.395577289605894111e-01
2.580004951154849513e-01
2.937834084954858427e-01
3.632916040835753035e-01
4.989603406876317315e-01
4.989603406876317315e-01
3.636829127018099128e-01
2.944073875093479731e-01
2.587059230921648356e-01
2.402810878412283691e-01
2.307731216428932641e-01
2.402810878412283691e-01
2.587059230921648356e-01
2.944073875093480286e-01
3.636829127018099128e-01
4.989603406876317315e-01
4.989603406876317315e-01
3.639041458040014332e-01
2.947785088613049664e-01
2.591523795402404517e-01
2.407700788477104559e-01
2.312994180968375446e-01
2.407700788477104559e-01
2.591523795402404517e-01
2.947785088613049664e-01
3.639041458040014332e-01
4.989603406876317315e-01
4.989603406876317315e-01
3.643904128737222581e-01
2.956388260614663532e-01
2.602222292650090418e-01
2.419361633339957018e-01
2.324805631520942828e-01
2.419361633339957018e-01
2.602222292650090418e-01
2.956388260614663532e-01
3.643904128737222581e-01
4.989603406876317315e-01
4.989603406876317315e-01
3.646556975002146483e-01
2.961269439274964999e-01
2.608516813494350384e-01
2.426845753142188589e-01
2.333475734582461658e-01
2.426845753142188589e-01
2.608516813494350384e-01
2.961269439274964999e-01
3.646556975002146483e-01
4.989603406876317315e-01
4.989603406876317315e-01
3.652187894102715826e-01
2.972042216912214041e-01
2.622506926210004252e-01
2.442600899964978978e-01
2.349618679229418805e-01
2.442600899964978978e-01
2.622506926210004252e-01
2.972042216912214041e-01
3.652187894102715826e-01
4.989603406876317315e-01
4.989603406876317315e-01
3.655120728273684727e-01
2.977886785234723499e-01
2.630102832502414500e-01
2.451956943957199764e-01
2.360891518962917879e-01
2.451956943957199764e-01
2.630102832502414500e-01
2.977886785234723499e-01
3.655120728273684727e-01
4.989603406876317315e-01
4.989603406876317315e-01
3.661076622585233142e-01
2.990267935089080398e-01
2.645618874187773972e-01
2.469317555022641775e-01
2.378676684265350616e-01
2.469317555022641775e-01
2.645618874187773972e-01
2.990267935089080398e-01
3.661076622585233142e-01
4.989603406876317315e-01
4.989603406876317315e-01
3.663947927383230940e-01
2.996854912855138053e-01
2.653369224593962739e-01
2.478304893994443536e-01
2.389279452071982890e-01
2.478304893994443536e-01
2.653369224593962739e-01
2.996854912855138053e-01
3.663947927383230940e-01
4.989603406876317315e-01
4.989603406876317315e-01
3.669422217739358172e-01
3.010855027643360993e-01
2.668178042407010064e-01
2.493068327484731506e-01
2.403923464572291779e-01
2.493068327484731506e-01
2.668178042407010064e-01
3.010855027643360993e-01
3.669422217739358172e-01
4.989603406876317315e-01
4.989603406876317315e-01
3.671688847710853354e-01
3.018778178295667414e-01
2.675470451249161163e-01
2.498742741331165251e-01
2.408279462660475878e-01
2.498742741331165251e-01
2.675470451249161163e-01
3.018778178295667414e-01
3.671688847710853354e-01
4.989603406876317315e-01
4.989603406876317315e-01
3.675211296642518777e-01
3.037353771289778570e-01
2.691264611215908320e-01
2.509529542125644164e-01
2.417385324814122216e-01
2.509529542125644164e-01
2.691264611215908320e-01
3.037353771289778570e-01
3.675211296642518777e-01
4.989603406876317315e-01
4.989603406876317315e-01
3.675841092644628327e-01
3.049492733335592565e-01
2.701703307628466888e-01
2.512401722843838336e-01
2.411437535509747265e-01
2.512401722843838336e-01
2.701703307628466888e-01
3.049492733335592565e-01
3.675841092644628882e-01
4.989603406876317315e-01
4.989603406876317315e-01
3.674134148300536307e-01
3.081701563577077252e-01
2.735120423164036918e-01
2.534746464431923418e-01
2.429531304154549098e-01
2.534746464431923418e-01
2.735120423164036918e-01
3.081701563577077252e-01
3.674134148300536307e-01
4.989603406876317315e-01
4.989603406876317315e-01
3.670382300116352137e-01
3.104044424119367651e-01
2.764428529000326207e-01
2.550900120429988593e-01
2.423747161964176777e-01
2.550900120429988593e-01
2.764428529000326207e-01
3.104044424119367651e-01
3.670382300116352137e-01
4.989603406876317315e-01
4.989603406876317315e-01
3.655147567630305794e-01
3.163227478338426213e-01
2.866758586801441133e-01
2.657390353799889415e-01
2.526673378971893702e-01
2.657390353799888860e-01
2.866758586801441688e-01
3.163227478338426213e-01
3.655147567630305794e-01
4.989603406876317315e-01
4.989603406876317315e-01
3.640441384119069146e-01
3.199293730691211146e-01
2.949480401628844506e-01
2.759253953550213634e-01
2.603283650852810105e-01
2.759253953550213634e-01
2.949480401628844506e-01
3.199293730691211146e-01
3.640441384119068591e-01
4.989603406876317315e-01
4.989603406876317315e-01
3.592689651188926692e-01
3.278590637186949430e-01
3.183466659595932113e-01
3.206996958819872123e-01
3.280117227401028734e-01
3.206996958819872123e-01
3.183466659595932113e-01
3.278590637186949985e-01
3.592689651188926692e-01
4.989603406876317315e-01
3.553765876419758829e-01
3.553845609110775072e-01
3.308883301707676305e-01
3.260896849101520556e-01
3.303618885970368568e-01
3.351845483319571550e-01
3.303618885970368568e-01
3.260896849101520556e-01
3.308883301707676305e-01
3.553845609110775072e-01
3.553765876419758829e-01
3.494834019837061434e-01
3.494996593041135857e-01
3.347472691581244719e-01
3.342328801407279948e-01
3.387752703309594438e-01
3.432645532794955101e-01
3.387752703309594438e-01
3.342328801407279948e-01
3.347472691581244719e-01
3.494996593041135302e-01
3.494834019837061434e-01
3.471137147216944996e-01
3.471241234220222571e-01
3.356789423841777809e-01
3.356717879794463011e-01
3.384678244254433199e-01
3.401734884805334702e-01
3.384678244254433199e-01
3.356717879794463011e-01
3.356789423841777809e-01
3.471241234220222571e-01
3.471137147216944996e-01
3.432610158442162551e-01
3.432749155660739238e-01
3.358921129316002618e-01
3.355162836297810314e-01
3.367506126278645984e-01
3.379594309673977226e-01
3.367506126278645984e-01
3.355162836297810314e-01
3.358921129316002618e-01
3.432749155660739238e-01
3.432610158442162551e-01
3.416301395888470260e-01
3.416404892927778492e-01
3.355273963214358557e-01
3.346572753589049931e-01
3.346750528856177742e-01
3.344380922091312880e-01
3.346750528856177742e-01
3.346572753589049931e-01
3.355273963214358557e-01
3.416404892927778492e-01
3.416301395888470260e-01
3.388531295726535664e-01
3.388615601554301193e-01
3.341877617369145015e-01
3.324657814009554513e-01
3.315609704412776915e-01
3.310819070400037312e-01
3.315609704412776915e-01
3.324657814009554513e-01
3.341877617369145015e-01
3.388615601554301193e-01
3.388531295726535664e-01
3.376501169148550252e-01
3.376583568105867572e-01
3.334405683722425073e-01
3.313839939557265968e-01
3.300189350084097306e-01
3.290682350755340102e-01
3.300189350084097306e-01
3.313839939557265968e-01
3.334405683722425073e-01
3.376583568105868127e-01
3.376501169148550252e-01
3.355802969272622116e-01
3.355898762291781856e-01
3.319544703960732313e-01
3.295910729355177593e-01
3.279863436133717558e-01
3.269939162537549016e-01
3.279863436133718113e-01
3.295910729355177038e-01
3.319544703960732313e-01
3.355898762291781856e-01
3.355802969272622116e-01
3.346937645791008276e-01
3.346962120865465407e-01
3.313003766660159721e-01
3.289136243277641647e-01
3.273080929837702824e-01
3.263470156271865985e-01
3.273080929837702824e-01
3.289136243277642202e-01
3.313003766660159721e-01
3.346962120865465962e-01
3.346937645791008276e-01
3.331782136409377482e-01
3.331814085599158481e-01
3.302118675679481252e-01
3.279969331885692063e-01
3.265329000596070563e-01
3.256362596846343327e-01
3.265329000596070563e-01
3.279969331885692063e-01
3.302118675679481807e-01
3.331814085599158481e-01
3.331782136409377482e-01
3.325343031035575825e-01
3.325385251729529590e-01
3.297785459316218692e-01
3.277234875191897823e-01
3.264372002312681542e-01
3.257375774370782073e-01
3.264372002312681542e-01
3.277234875191897823e-01
3.297785459316218692e-01
3.325385251729529590e-01
3.325343031035575825e-01
3.314614117134453974e-01
3.314587346489772934e-01
3.291261441482722927e-01
3.274443103026872803e-01
3.264184953619471696e-01
3.258143739964050045e-01
3.264184953619471696e-01
3.274443103026872803e-01
3.291261441482723482e-01
3.314587346489772934e-01
3.314614117134453974e-01
3.310060526037728601e-01
3.310085205105194328e-01
3.288784289031269625e-01
3.273995368996641120e-01
3.265621294943067410e-01
3.261438412644589446e-01
3.265621294943067410e-01
3.273995368996641675e-01
3.288784289031269625e-01
3.310085205105194328e-01
3.310060526037728046e-01
3.302576498607508459e-01
3.302535615439856631e-01
3.285211750280710996e-01
3.274085929489215507e-01
3.268030417507195029e-01
3.264690258436309112e-01
3.268030417507195029e-01
3.274085929489215507e-01
3.285211750280710996e-01
3.302535615439856631e-01
3.302576498607509015e-01
3.299399702348588814e-01
3.299412810249296446e-01
3.283834119613018854e-01
3.274380082082939958e-01
3.269634001230974918e-01
3.267443490981282173e-01
3.269634001230974918e-01
3.274380082082939958e-01
3.283834119613018854e-01
3.299412810249297001e-01
3.299399702348588814e-01
3.294206827740574495e-01
3.294170032132974768e-01
3.281777438946387737e-01
3.274976760050329894e-01
3.271766518630462306e-01
3.270159740450156449e-01
3.271766518630461751e-01
3.274976760050329894e-01
3.281777438946387737e-01
3.294170032132974213e-01
3.294206827740574495e-01
3.291997838251548569e-01
3.292005955505568071e-01
3.280905814361151362e-01
3.275193494132806471e-01
3.272652848977884443e-01
3.271535581265676562e-01
3.272652848977884443e-01
3.275193494132806471e-01
3.280905814361151918e-01
3.292005955505568071e-01
3.291997838251548569e-01
3.288389438133835774e-01
3.288347755775177794e-01
3.279469379994838785e-01
3.275305397353779346e-01
3.273581098710868775e-01
3.272797452127486073e-01
3.273581098710868775e-01
3.275305397353779346e-01
3.279469379994838785e-01
3.288347755775177794e-01
3.288389438133835774e-01
3.286832797527084460e-01
3.286840941083584711e-01
3.278784833961002065e-01
3.275219147671123987e-01
3.273722607528350981e-01
3.273028927306841362e-01
3.273722607528350981e-01
3.275219147671123987e-01
3.278784833961002620e-01
3.286840941083585266e-01
3.286832797527083905e-01
3.284298678648417402e-01
3.284244847689107849e-01
3.277575787157027132e-01
3.274762778980522260e-01
3.273623633052338278e-01
3.273095183108441497e-01
3.273623633052338278e-01
3.274762778980522260e-01
3.277575787157027132e-01
3.284244847689107849e-01
3.284298678648417402e-01
3.283176405224080274e-01
3.283178825159507319e-01
3.276974770781901358e-01
3.274449464630155848e-01
3.273334917451544701e-01
3.272739889993626083e-01
3.273334917451544701e-01
3.274449464630155848e-01
3.276974770781901358e-01
3.283178825159507319e-01
3.283176405224080274e-01
3.281351536310175843e-01
3.281296893064717390e-01
3.275894221586411192e-01
3.273702233095881486e-01
3.272726207641271645e-01
3.272216293328094050e-01
3.272726207641272200e-01
3.273702233095881486e-01
3.275894221586411192e-01
3.281296893064717390e-01
3.281351536310175843e-01
3.280533312797916379e-01
3.280516428499986592e-01
3.275374027030043544e-01
3.273314255832728836e-01
3.272321119301092596e-01
3.271734115647169649e-01
3.272321119301092596e-01
3.273314255832728836e-01
3.275374027030043544e-01
3.280516428499986592e-01
3.280533312797916379e-01
3.279175630479392312e-01
3.279124543359336341e-01
3.274443534065150652e-01
3.272563477314489044e-01
3.271644770705396388e-01
3.271117756510598662e-01
3.271644770705396388e-01
3.272563477314489044e-01
3.274443534065150652e-01
3.279124543359335786e-01
3.279175630479392312e-01
3.278567403254246115e-01
3.278535638417954812e-01
3.274018161006606031e-01
3.272219204692125571e-01
3.271305593882058438e-01
3.270747373398065760e-01
3.271305593882058438e-01
3.272219204692125571e-01
3.274018161006606031e-01
3.278535638417954812e-01
3.278567403254246115e-01
3.277536631118994070e-01
3.277492356417564534e-01
3.273274846251075232e-01
3.271626593397240490e-01
3.270792255783610547e-01
3.270287150637264384e-01
3.270792255783610547e-01
3.271626593397240490e-01
3.273274846251075787e-01
3.277492356417564534e-01
3.277536631118994070e-01
3.277083701830367235e-01
3.277044102568105188e-01
3.272948784047804982e-01
3.271379786747471985e-01
3.270580106717415614e-01
3.270089001456713551e-01
3.270580106717415614e-01
3.271379786747471985e-01
3.272948784047804427e-01
3.277044102568105188e-01
3.277083701830367235e-01
3.276306972654417504e-01
3.276264843815570593e-01
3.272398807166981838e-01
3.270982767166504823e-01
3.270276716755761148e-01
3.269835102525089909e-01
3.270276716755761148e-01
3.270982767166504823e-01
3.272398807166981838e-01
3.276264843815570593e-01
3.276306972654417504e-01
3.275970724754320162e-01
3.275929857014184821e-01
3.272163135287698976e-01
3.270831071248102018e-01
3.270175669376873540e-01
3.269769316382497570e-01
3.270175669376873540e-01
3.270831071248102018e-01
3.272163135287698976e-01
3.275929857014184821e-01
3.275970724754320162e-01
3.275398079951597485e-01
3.275355063890031393e-01
3.271777739642628413e-01
3.270597849796182399e-01
3.270037583048587826e-01
3.269678420633627125e-01
3.270037583048587826e-01
3.270597849796181844e-01
3.271777739642628413e-01
3.275355063890031393e-01
3.275398079951598040e-01
3.275151292887790722e-01
3.275109824688640092e-01
3.271618274077792154e-01
3.270512047762522689e-01
3.270003622479722427e-01
3.269678907783444832e-01
3.270003622479722427e-01
3.270512047762522689e-01
3.271618274077792154e-01
3.275109824688640092e-01
3.275151292887790722e-01
3.274735341388485543e-01
3.274694024472528109e-01
3.271354707032513298e-01
3.270388205949085192e-01
3.269961101514247681e-01
3.269680796041930515e-01
3.269961101514247681e-01
3.270388205949085192e-01
3.271354707032513298e-01
3.274694024472527554e-01
3.274735341388485543e-01
3.274560430190610605e-01
3.274516772064078873e-01
3.271251426071595247e-01
3.270340374452235799e-01
3.269957567754096517e-01
3.269699859878408277e-01
3.269957567754096517e-01
3.270340374452235799e-01
3.271251426071595247e-01
3.274516772064078873e-01
3.274560430190610605e-01
3.274264588150113120e-01
3.274225448978007047e-01
3.271073845802978108e-01
3.270274426200796558e-01
3.269952733853661031e-01
3.269732975338451308e-01
3.269952733853661031e-01
3.270274426200796558e-01
3.271073845802978108e-01
3.274225448978007047e-01
3.274264588150113120e-01
3.274146069396183800e-01
3.274099951549320209e-01
3.271005630562361932e-01
3.270247065844536505e-01
3.269954680508717626e-01
3.269745583021936852e-01
3.269954680508717626e-01
3.270247065844536505e-01
3.271005630562361932e-01
3.274099951549320209e-01
3.274146069396183245e-01
3.273942628384070019e-01
3.273903488208322332e-01
3.270886518601019977e-01
3.270204382739282933e-01
3.269956318732011313e-01
3.269775408968388919e-01
3.269956318732011313e-01
3.270204382739282933e-01
3.270886518601019977e-01
3.273903488208322332e-01
3.273942628384070019e-01
3.273865280656882981e-01
3.273817836375090828e-01
3.270839614258811978e-01
3.270187161960874667e-01
3.269953424774293405e-01
3.269775343422920977e-01
3.269953424774293405e-01
3.270187161960874667e-01
3.270839614258811423e-01
3.273817836375091384e-01
3.273865280656882981e-01
3.273731641129845604e-01
3.273690272433975035e-01
3.270758363637739641e-01
3.270154046447851792e-01
3.269950718859134797e-01
3.269793605079880372e-01
3.269950718859134797e-01
3.270154046447851792e-01
3.270758363637739641e-01
3.273690272433975035e-01
3.273731641129846159e-01
3.273682667272839186e-01
3.273635317880594919e-01
3.270726901106111861e-01
3.270140562144172591e-01
3.269944647113370295e-01
3.269783506531104833e-01
3.269944647113370295e-01
3.270140562144172591e-01
3.270726901106111861e-01
3.273635317880594919e-01
3.273682667272839186e-01
3.273600952154795407e-01
3.273558765025436079e-01
3.270671049667295271e-01
3.270116210748359453e-01
3.269937939073727096e-01
3.269794787261727231e-01
3.269937939073727096e-01
3.270116210748359453e-01
3.270671049667295271e-01
3.273558765025435524e-01
3.273600952154795407e-01
3.273574927097005483e-01
3.273525737371969502e-01
3.270652922906913118e-01
3.270105060984636047e-01
3.269932294928373784e-01
3.269780199124150966e-01
3.269932294928373784e-01
3.270105060984636602e-01
3.270652922906913118e-01
3.273525737371970057e-01
3.273574927097005483e-01
3.273530842902921401e-01
3.273488569065395870e-01
3.270616500391058112e-01
3.270090198706601115e-01
3.269926846939013587e-01
3.269790483620355070e-01
3.269926846939013587e-01
3.270090198706601115e-01
3.270616500391058667e-01
3.273488569065395870e-01
3.273530842902921401e-01
3.273522645012252319e-01
3.273471571486271103e-01
3.270608420028860985e-01
3.270083472808760217e-01
3.269923219884462995e-01
3.269776520140551535e-01
3.269923219884462995e-01
3.270083472808760217e-01
3.270608420028860430e-01
3.273471571486271103e-01
3.273522645012251764e-01
3.273507349224296648e-01
3.273462301844878297e-01
3.270588429162457622e-01
3.270076842836509567e-01
3.269923236384051912e-01
3.269789922261374659e-01
3.269923236384051912e-01
3.270076842836509567e-01
3.270588429162457622e-01
3.273462301844878297e-01
3.273507349224296648e-01
3.273509156886451055e-01
3.273458600324525847e-01
3.270586338085636480e-01
3.270075344314867238e-01
3.269921991186867105e-01
3.269778544570726142e-01
3.269921991186867105e-01
3.270075344314867238e-01
3.270586338085636480e-01
3.273458600324525847e-01
3.273509156886450500e-01
3.273515225812004270e-01
3.273466512597867362e-01
3.270579259329000066e-01
3.270075604691450311e-01
3.269928314106620992e-01
3.269797414567445770e-01
3.269928314106620992e-01
3.270075604691450311e-01
3.270579259329000066e-01
3.273466512597866807e-01
3.273515225812004270e-01
3.273522354470673745e-01
3.273472434713066148e-01
3.270580750190001940e-01
3.270078008077428322e-01
3.269929756071936477e-01
3.269788266111513519e-01
3.269929756071936477e-01
3.270078008077428877e-01
3.270580750190001940e-01
3.273472434713066703e-01
3.273522354470673745e-01
3.273541444029438585e-01
3.273490644734856625e-01
3.270582690792120384e-01
3.270083947928921764e-01
3.269941719254269019e-01
3.269813046685129398e-01
3.269941719254269019e-01
3.270083947928921764e-01
3.270582690792120939e-01
3.273490644734856625e-01
3.273541444029438585e-01
3.273552309128496818e-01
3.273501870841590833e-01
3.270586417841863658e-01
3.270089627622422834e-01
3.269945768638011785e-01
3.269805962607532090e-01
3.269945768638011785e-01
3.270089627622422834e-01
3.270586417841863658e-01
3.273501870841590833e-01
3.273552309128496818e-01
3.273578086762891637e-01
3.273526345443124042e-01
3.270594592890733177e-01
3.270100311317695740e-01
3.269963011105128659e-01
3.269835867908414961e-01
3.269963011105128659e-01
3.270100311317695740e-01
3.270594592890733177e-01
3.273526345443124042e-01
3.273578086762891637e-01
3.273591317814577573e-01
3.273540019402699786e-01
3.270600452413597314e-01
3.270108945868330230e-01
3.269969084058937381e-01
3.269830563443917870e-01
3.269969084058937381e-01
3.270108945868330230e-01
3.270600452413597314e-01
3.273540019402699786e-01
3.273591317814577017e-01
3.273620055722698541e-01
3.273567988934635853e-01
3.270613242657515740e-01
3.270125140333278724e-01
3.269991258017548308e-01
3.269865398436996307e-01
3.269991258017548308e-01
3.270125140333278724e-01
3.270613242657516295e-01
3.273567988934635298e-01
3.273620055722698541e-01
3.273634592042505842e-01
3.273582517224425392e-01
3.270621590925469890e-01
3.270144551842801284e-01
3.270000013781040882e-01
3.269861922429694312e-01
3.270000013781040882e-01
3.270144551842801284e-01
3.270621590925469890e-01
3.273582517224425392e-01
3.273634592042505842e-01
3.273664206466432303e-01
3.273611603328932529e-01
3.270674865234856621e-01
3.270168809912387120e-01
3.270043838410991999e-01
3.269903063062302717e-01
3.270043838410991999e-01
3.270168809912387120e-01
3.270674865234856621e-01
3.273611603328932529e-01
3.273664206466432303e-01
3.273678576412648589e-01
3.273631498416805785e-01
3.270679085319501689e-01
3.270189031914311206e-01
3.270051956971879448e-01
3.269915321730648694e-01
3.270051956971879448e-01
3.270189031914311206e-01
3.270679085319501689e-01
3.273631498416806340e-01
3.273678576412648589e-01
3.273720617120061127e-01
3.273663856984134202e-01
3.270753649806314445e-01
3.270226336111801135e-01
3.270083179551260821e-01
3.269976888941336646e-01
3.270083179551260821e-01
3.270226336111801135e-01
3.270753649806315000e-01
3.273663856984134202e-01
3.273720617120061682e-01
3.273732948314764801e-01
3.273692376026790529e-01
3.270773275579996753e-01
3.270221210156317171e-01
3.270118447731302225e-01
3.269966431871699220e-01
3.270118447731302225e-01
3.270221210156317171e-01
3.270773275579996753e-01
3.273692376026790529e-01
3.273732948314764801e-01
3.273788455137976450e-01
3.273729211176839571e-01
3.270792016502799271e-01
3.270282734318789575e-01
3.270127453955373742e-01
3.270002314565061963e-01
3.270127453955373742e-01
3.270282734318789575e-01
3.270792016502799271e-01
3.273729211176839571e-01
3.273788455137976450e-01
3.273803853663294072e-01
3.273761732078914188e-01
3.270820003745759652e-01
3.270325415138093939e-01
3.270135247307465742e-01
3.270019768457080311e-01
3.270135247307465742e-01
3.270325415138093939e-01
3.270820003745759652e-01
3.273761732078914188e-01
3.273803853663294072e-01
3.273863763728280252e-01
3.273802439307073042e-01
3.270787340619630279e-01
3.270336854272333227e-01
3.270080180500784528e-01
3.270065175942505897e-01
3.270080180500784528e-01
3.270336854272333782e-01
3.270787340619630279e-01
3.273802439307073042e-01
3.273863763728280807e-01
3.273879178096438247e-01
3.273837039349696276e-01
3.270799450712728040e-01
3.270403920960817112e-01
3.270177484512282740e-01
3.270029899924230543e-01
3.270177484512282740e-01
3.270403920960817112e-01
3.270799450712728595e-01
3.273837039349696831e-01
3.273879178096438247e-01
3.273943502154481600e-01
3.273879178096438247e-01
3.270708080703076392e-01
3.270321232717143256e-01
3.270281622076552930e-01
3.269782619422486603e-01
3.270281622076552930e-01
3.270321232717143256e-01
3.270708080703076392e-01
3.273879178096438247e-01
3.273943502154481600e-01
