2.339437931943557369e-01
2.339537143026056976e-01
2.344628210636852117e-01
2.345561430354213550e-01
2.346142473129343986e-01
2.346962192853698226e-01
2.346142473129343986e-01
2.345561430354213550e-01
2.344628210636852117e-01
2.339537143026056976e-01
2.339437931943557369e-01
2.339537143026056976e-01
2.339604777089142607e-01
2.344501240375010953e-01
2.345485720281804964e-01
2.346244170404078733e-01
2.346640808892797858e-01
2.346244170404078733e-01
2.345485720281804964e-01
2.344501240375010953e-01
2.339604777089142607e-01
2.339537143026056976e-01
2.339560256461856724e-01
2.339655388586495133e-01
2.344507873138422793e-01
2.345584048660773469e-01
2.346294840610645693e-01
2.346528294621332278e-01
2.346294840610645693e-01
2.345584048660773469e-01
2.344507873138422793e-01
2.339655388586495133e-01
2.339560256461856724e-01
2.339643842055350031e-01
2.339711452797567370e-01
2.344440669012192724e-01
2.345574890919233935e-01
2.346145571046988898e-01
2.346505806263735061e-01
2.346145571046988898e-01
2.345574890919233935e-01
2.344440669012192724e-01
2.339711452797567370e-01
2.339643842055350031e-01
2.339663313517899856e-01
2.339754790348299307e-01
2.344464549671350373e-01
2.345604356970398818e-01
2.346094067260107718e-01
2.346424388250944182e-01
2.346094067260107718e-01
2.345604356970398818e-01
2.344464549671350373e-01
2.339754790348299307e-01
2.339663313517899856e-01
2.339732958883097014e-01
2.339797972380491253e-01
2.344461010826187075e-01
2.345617844834360366e-01
2.346047185360481679e-01
2.346447871871668311e-01
2.346047185360481679e-01
2.345617844834360366e-01
2.344461010826187075e-01
2.339797972380491253e-01
2.339732958883097014e-01
2.339744294731920526e-01
2.339833148422938713e-01
2.344472200396012507e-01
2.345572509486384127e-01
2.346045487783518513e-01
2.346359817696483940e-01
2.346045487783518513e-01
2.345572509486384127e-01
2.344472200396012507e-01
2.339833148422938713e-01
2.339744294731920526e-01
2.339791963873015523e-01
2.339866656513479026e-01
2.344540932384675258e-01
2.345558898426047256e-01
2.346014555533777468e-01
2.346377034798058370e-01
2.346014555533777468e-01
2.345558898426047256e-01
2.344540932384675258e-01
2.339866656513479026e-01
2.339791963873015523e-01
2.339806526473081350e-01
2.339889773336612522e-01
2.344527556081136554e-01
2.345555396728071784e-01
2.345982036155935813e-01
2.346324421150822181e-01
2.345982036155935813e-01
2.345555396728071784e-01
2.344527556081136554e-01
2.339889773336612522e-01
2.339806526473081350e-01
2.339840426836018172e-01
2.339921047786562569e-01
2.344560177079823560e-01
2.345534375894357537e-01
2.345987166722535433e-01
2.346343285363751419e-01
2.345987166722535433e-01
2.345534375894357537e-01
2.344560177079823560e-01
2.339921047786562569e-01
2.339840426836018172e-01
2.339857124944813571e-01
2.339939654700300409e-01
2.344552151252234373e-01
2.345534592178149802e-01
2.345959352521360675e-01
2.346279037622962804e-01
2.345959352521360675e-01
2.345534592178149802e-01
2.344552151252234373e-01
2.339939654700300409e-01
2.339857124944813571e-01
2.339897198086394736e-01
2.339976211967862429e-01
2.344536440238013941e-01
2.345509150651937103e-01
2.345941908475172588e-01
2.346291777694254621e-01
2.345941908475172588e-01
2.345509150651937103e-01
2.344536440238013941e-01
2.339976211967862429e-01
2.339897198086394736e-01
2.339916506244210381e-01
2.339997477697042250e-01
2.344532222119723452e-01
2.345498040598734124e-01
2.345915495449492072e-01
2.346228568118680358e-01
2.345915495449492072e-01
2.345498040598734124e-01
2.344532222119723452e-01
2.339997477697042250e-01
2.339916506244210381e-01
2.339961056878366863e-01
2.340038885429503168e-01
2.344520393541131564e-01
2.345475554623068781e-01
2.345899644475141488e-01
2.346241858040238881e-01
2.345899644475141488e-01
2.345475554623068781e-01
2.344520393541131564e-01
2.340038885429503168e-01
2.339961056878366863e-01
2.339982862832766519e-01
2.340062766203284128e-01
2.344518061548128141e-01
2.345466478532274301e-01
2.345874516403926302e-01
2.346181502431316512e-01
2.345874516403926302e-01
2.345466478532274301e-01
2.344518061548128141e-01
2.340062766203284128e-01
2.339982862832766519e-01
2.340033197372280160e-01
2.340109494386630462e-01
2.344511675310770316e-01
2.345446918509656031e-01
2.345861541744906908e-01
2.346196540150657928e-01
2.345861541744906908e-01
2.345446918509656031e-01
2.344511675310770316e-01
2.340109494386630462e-01
2.340033197372280160e-01
2.340057668143929459e-01
2.340136902699842536e-01
2.344511095177110593e-01
2.345439775872293353e-01
2.345837765242531070e-01
2.346138460290591865e-01
2.345837765242531070e-01
2.345439775872293353e-01
2.344511095177110593e-01
2.340136902699842536e-01
2.340057668143929459e-01
2.340115579332083529e-01
2.340190153851281207e-01
2.344511364531142450e-01
2.345423767695392070e-01
2.345826666031174124e-01
2.346153557152197699e-01
2.345826666031174124e-01
2.345423767695392070e-01
2.344511364531142450e-01
2.340190153851281207e-01
2.340115579332083529e-01
2.340143430908956101e-01
2.340222560934518137e-01
2.344513685509867218e-01
2.345418953849484067e-01
2.345804631848570077e-01
2.346097193168438233e-01
2.345804631848570077e-01
2.345418953849484067e-01
2.344513685509867218e-01
2.340222560934518137e-01
2.340143430908956101e-01
2.340212308565264576e-01
2.340285284420680623e-01
2.344522862716691136e-01
2.345409158829312168e-01
2.345798159039271247e-01
2.346115969279605473e-01
2.345798159039271247e-01
2.345409158829312168e-01
2.344522862716691136e-01
2.340285284420680623e-01
2.340212308565264576e-01
2.340245591057906194e-01
2.340324936265067990e-01
2.344529790196927255e-01
2.345408178471493910e-01
2.345779813757856991e-01
2.346063276174994994e-01
2.345779813757856991e-01
2.345408178471493910e-01
2.344529790196927255e-01
2.340324936265067990e-01
2.340245591057906194e-01
2.340330772938979120e-01
2.340402674167518238e-01
2.344552155130382176e-01
2.345408749984176922e-01
2.345782156319077272e-01
2.346089502909679547e-01
2.345782156319077272e-01
2.345408749984176922e-01
2.344552155130382176e-01
2.340402674167518238e-01
2.340330772938979120e-01
2.340373092273906330e-01
2.340452065204148002e-01
2.344566178635873466e-01
2.345414155904068931e-01
2.345769392396953035e-01
2.346043336861851070e-01
2.345769392396953035e-01
2.345414155904068931e-01
2.344566178635873466e-01
2.340452065204148002e-01
2.340373092273906330e-01
2.340480332487890058e-01
2.340551400803349280e-01
2.344606128258591993e-01
2.345429157923217545e-01
2.345785099606539359e-01
2.346080631623180535e-01
2.345785099606539359e-01
2.345429157923217545e-01
2.344606128258591993e-01
2.340551400803349280e-01
2.340480332487890058e-01
2.340535113577664472e-01
2.340613633117271108e-01
2.344629655456331174e-01
2.345443052374023285e-01
2.345780799567337704e-01
2.346044951349823549e-01
2.345780799567337704e-01
2.345443052374023285e-01
2.344629655456331174e-01
2.340613633117271108e-01
2.340535113577664472e-01
2.340671506050256423e-01
2.340741284632720520e-01
2.344690165720591524e-01
2.345474910664126500e-01
2.345811797454614434e-01
2.346095402560877674e-01
2.345811797454614434e-01
2.345474910664126500e-01
2.344690165720591524e-01
2.340741284632720520e-01
2.340671506050256423e-01
2.340741960485905881e-01
2.340820506649034793e-01
2.344724442248859453e-01
2.345496856512090111e-01
2.345816579806624946e-01
2.346071471017034116e-01
2.345816579806624946e-01
2.345496856512090111e-01
2.344724442248859453e-01
2.340820506649034793e-01
2.340741960485905881e-01
2.340916298380500138e-01
2.340984476143656845e-01
2.344806836582459253e-01
2.345542376624310810e-01
2.345857604869152069e-01
2.346129044170301436e-01
2.345857604869152069e-01
2.345542376624310810e-01
2.344806836582459253e-01
2.340984476143656845e-01
2.340916298380500138e-01
2.341007112064632523e-01
2.341086086686276491e-01
2.344851620560604033e-01
2.345569253672011023e-01
2.345865981126815103e-01
2.346110770218596819e-01
2.345865981126815103e-01
2.345569253672011023e-01
2.344851620560604033e-01
2.341086086686276491e-01
2.341007112064632523e-01
2.341231938912605171e-01
2.341299199947103893e-01
2.344957277301900345e-01
2.345618304260848330e-01
2.345902099738045865e-01
2.346157456446152367e-01
2.345902099738046143e-01
2.345618304260848330e-01
2.344957277301900345e-01
2.341299199947103893e-01
2.341231938912605171e-01
2.341351918839875423e-01
2.341430668607375198e-01
2.345013301640381798e-01
2.345645039556675526e-01
2.345902344745886547e-01
2.346128844860507767e-01
2.345902344745886547e-01
2.345645039556675526e-01
2.345013301640381798e-01
2.341430668607375198e-01
2.341351918839875423e-01
2.341646433679224482e-01
2.341713039522008433e-01
2.345147244482462257e-01
2.345686161661158231e-01
2.345912033388199702e-01
2.346139837706882891e-01
2.345912033388199702e-01
2.345686161661158231e-01
2.345147244482462257e-01
2.341713039522008433e-01
2.341646433679224482e-01
2.341807933426460764e-01
2.341884723269481161e-01
2.345219777864924471e-01
2.345707461045943576e-01
2.345890351246239791e-01
2.346076712005969178e-01
2.345890351246239791e-01
2.345707461045943576e-01
2.345219777864924471e-01
2.341884723269481161e-01
2.341807933426460764e-01
2.342196576520057527e-01
2.342262495418979962e-01
2.345394551677063288e-01
2.345738515841222505e-01
2.345858373309293032e-01
2.346035898599689584e-01
2.345858373309293032e-01
2.345738515841222505e-01
2.345394551677063288e-01
2.342262495418979962e-01
2.342196576520057527e-01
2.342414718267617768e-01
2.342490180577502523e-01
2.345496012302687172e-01
2.345755986014538830e-01
2.345807155268435640e-01
2.345916842820523762e-01
2.345807155268435640e-01
2.345755986014538830e-01
2.345496012302687172e-01
2.342490180577502523e-01
2.342414718267617768e-01
2.342936048478427291e-01
2.343000776761852699e-01
2.345743442488966435e-01
2.345799865580826260e-01
2.345747293794804567e-01
2.345837093495292125e-01
2.345747293794804567e-01
2.345799865580826260e-01
2.345743442488966435e-01
2.343000776761852699e-01
2.342936048478427291e-01
2.343232735974803971e-01
2.343308303956635474e-01
2.345896256388786960e-01
2.345835604971950872e-01
2.345681728986402370e-01
2.345667507774192306e-01
2.345681728986402370e-01
2.345835604971950872e-01
2.345896256388786960e-01
2.343308303956635474e-01
2.343232735974803971e-01
2.343941938034618255e-01
2.344004963006930398e-01
2.346278959937120601e-01
2.345962377972666824e-01
2.345668549252167834e-01
2.345623172476689611e-01
2.345668549252167834e-01
2.345962377972666824e-01
2.346278959937120601e-01
2.344004963006930120e-01
2.343941938034618255e-01
2.344347181115247758e-01
2.344419399338644461e-01
2.346518563910214850e-01
2.346068400095726592e-01
2.345649174989914987e-01
2.345471069116028540e-01
2.345649174989914987e-01
2.346068400095726592e-01
2.346518563910214850e-01
2.344419399338644461e-01
2.344347181115247758e-01
2.345299244954755780e-01
2.345361527591730555e-01
2.347119417947999831e-01
2.346404651808811914e-01
2.345839818632188822e-01
2.345629186375896014e-01
2.345839818632188822e-01
2.346404651808811914e-01
2.347119417947999831e-01
2.345361527591730555e-01
2.345299244954755780e-01
2.345843882927598489e-01
2.345912708705654437e-01
2.347488694111611873e-01
2.346653451973269022e-01
2.345973753500609493e-01
2.345638276201056083e-01
2.345973753500609493e-01
2.346653451973269022e-01
2.347488694111611873e-01
2.345912708705654437e-01
2.345843882927598489e-01
2.347103232877487122e-01
2.347164018938166508e-01
2.348386167127054225e-01
2.347342550194645716e-01
2.346562502994526123e-01
2.346208960177827152e-01
2.346562502994526123e-01
2.347342550194645716e-01
2.348386167127054225e-01
2.347164018938166508e-01
2.347103232877487122e-01
2.347818950624265821e-01
2.347891274594390010e-01
2.348914470295822843e-01
2.347792574930714915e-01
2.346961351453306366e-01
2.346553743844229933e-01
2.346961351453306366e-01
2.347792574930714915e-01
2.348914470295822843e-01
2.347891274594390010e-01
2.347818950624265821e-01
2.349471720836753263e-01
2.349534812708795606e-01
2.350137719518988755e-01
2.348890195929316527e-01
2.348044910730192336e-01
2.347639815563596077e-01
2.348044910730192336e-01
2.348890195929316527e-01
2.350137719518988755e-01
2.349534812708795606e-01
2.349471720836753263e-01
2.350410770281162465e-01
2.350492121292473702e-01
2.350817173959560691e-01
2.349526100297776032e-01
2.348729158879588608e-01
2.348403728562208359e-01
2.348729158879588608e-01
2.349526100297776032e-01
2.350817173959560691e-01
2.350492121292473702e-01
2.350410770281162465e-01
2.352589645892101122e-01
2.352655600025083671e-01
2.352302691711779525e-01
2.350863681938387961e-01
2.350111754343403303e-01
2.349788754883009312e-01
2.350111754343403303e-01
2.350863681938387961e-01
2.352302691711779525e-01
2.352655600025083671e-01
2.352589645892101122e-01
2.353832548386196322e-01
2.353917485969746481e-01
2.353073825891929538e-01
2.351525144923998778e-01
2.350874535446068891e-01
2.350757292113683228e-01
2.350874535446068891e-01
2.351525144923998778e-01
2.353073825891929538e-01
2.353917485969746481e-01
2.353832548386196322e-01
2.356718788300505019e-01
2.356788817440419459e-01
2.354657218915177652e-01
2.352607482697491592e-01
2.351881796969664262e-01
2.351700374471159261e-01
2.351881796969664262e-01
2.352607482697491592e-01
2.354657218915177652e-01
2.356788817440419459e-01
2.356718788300505296e-01
2.358388636452354026e-01
2.358471724028852468e-01
2.355432736925118231e-01
2.352961410012598675e-01
2.352194050126567848e-01
2.352165905532579426e-01
2.352194050126567848e-01
2.352961410012598953e-01
2.355432736925118231e-01
2.358471724028852468e-01
2.358388636452354026e-01
2.362288666326487485e-01
2.362361530647743568e-01
2.356959000747132771e-01
2.353041591421792533e-01
2.351688116619616853e-01
2.351412068817215484e-01
2.351688116619616853e-01
2.353041591421792533e-01
2.356959000747132771e-01
2.362361530647743568e-01
2.362288666326487485e-01
2.364592557362077130e-01
2.364678399564000277e-01
2.357730126241639745e-01
2.352711049482672512e-01
2.350784226136454769e-01
2.350191670604944161e-01
2.350784226136454769e-01
2.352711049482672512e-01
2.357730126241639745e-01
2.364678399564000555e-01
2.364592557362077130e-01
2.370062340722415006e-01
2.370129932694000907e-01
2.359386104281998853e-01
2.351273019421925015e-01
2.347709843477213676e-01
2.346535979434990482e-01
2.347709843477213676e-01
2.351273019421925015e-01
2.359386104281998853e-01
2.370129932694000907e-01
2.370062340722415006e-01
2.373342793194919698e-01
2.373437918058472762e-01
2.360418984302738998e-01
2.350212565890091587e-01
2.345056851565460732e-01
2.342517211935841448e-01
2.345056851565460732e-01
2.350212565890091587e-01
2.360418984302738998e-01
2.373437918058472762e-01
2.373342793194919698e-01
2.381248092276924688e-01
2.381329588793898167e-01
2.363185069913686931e-01
2.347938941693807624e-01
2.339725500437134786e-01
2.336182639765057301e-01
2.339725500437134786e-01
2.347938941693807624e-01
2.363185069913686931e-01
2.381329588793898167e-01
2.381248092276924688e-01
2.386045462170315046e-01
2.386151988225459208e-01
2.365254032684101504e-01
2.347011694729403408e-01
2.335947205330979326e-01
2.329569069447748886e-01
2.335947205330979326e-01
2.347011694729403408e-01
2.365254032684101504e-01
2.386151988225459208e-01
2.386045462170314768e-01
2.397611708098296990e-01
2.397679081978707216e-01
2.371263502385734800e-01
2.346961399261157100e-01
2.331770431936304455e-01
2.324094983677767179e-01
2.331770431936304455e-01
2.346961399261157100e-01
2.371263502385734800e-01
2.397679081978707216e-01
2.397611708098296990e-01
2.404529002743494015e-01
2.404620323937803339e-01
2.375665528190653297e-01
2.348439686834131734e-01
2.329754320780590970e-01
2.318166695394629773e-01
2.329754320780590970e-01
2.348439686834131734e-01
2.375665528190653297e-01
2.404620323937803339e-01
2.404529002743493737e-01
2.420892545134142038e-01
2.421007861410451323e-01
2.387772841649026256e-01
2.356494509804498982e-01
2.334493847209805351e-01
2.321901512541866830e-01
2.334493847209805351e-01
2.356494509804498982e-01
2.387772841649026534e-01
2.421007861410451045e-01
2.420892545134142038e-01
2.430534879992894415e-01
2.430668989462103913e-01
2.395780067598915208e-01
2.363814486001766524e-01
2.339905652081995802e-01
2.324496559029534948e-01
2.339905652081995802e-01
2.363814486001766524e-01
2.395780067598915208e-01
2.430668989462103913e-01
2.430534879992894415e-01
2.452921540128719380e-01
2.453057651217358803e-01
2.415666602971371368e-01
2.386603301338269811e-01
2.364140243552008691e-01
2.349181287027653497e-01
2.364140243552008691e-01
2.386603301338269811e-01
2.415666602971371368e-01
2.453057651217358803e-01
2.452921540128719657e-01
2.465760393422770924e-01
2.465927124388098135e-01
2.427020898826499073e-01
2.402203364421887088e-01
2.383703524558826448e-01
2.371908515864768752e-01
2.383703524558826448e-01
2.402203364421887088e-01
2.427020898826499073e-01
2.465927124388098135e-01
2.465760393422770647e-01
2.494930418866770916e-01
2.495079014644328852e-01
2.451075428533702749e-01
2.439649259651374968e-01
2.432519964288347714e-01
2.424170677697969900e-01
2.432519964288347714e-01
2.439649259651374968e-01
2.451075428533702749e-01
2.495079014644328574e-01
2.494930418866770916e-01
2.511419388510918727e-01
2.511623390247354481e-01
2.461522165472029566e-01
2.459158176754955849e-01
2.466924736545522689e-01
2.475051314432164529e-01
2.466924736545522689e-01
2.459158176754955849e-01
2.461522165472029566e-01
2.511623390247354481e-01
2.511419388510918727e-01
2.548833446129714075e-01
2.549011596638749433e-01
2.475711818390358143e-01
2.488232803179957764e-01
2.518265433937739717e-01
2.533668555715580251e-01
2.518265433937739717e-01
2.488232803179957764e-01
2.475711818390358143e-01
2.549011596638749433e-01
2.548833446129714075e-01
2.570597299891275167e-01
2.570803635013294564e-01
2.475649077922730812e-01
2.489923948421260136e-01
2.544099982856907749e-01
2.594394532353126448e-01
2.544099982856907749e-01
2.489923948421260136e-01
2.475649077922730812e-01
2.570803635013294564e-01
2.570597299891275167e-01
2.621963963188742586e-01
2.622107161630360395e-01
2.457409551667229242e-01
2.441862874358184110e-01
2.501609972596880449e-01
2.557866803345143492e-01
2.501609972596880449e-01
2.441862874358184110e-01
2.457409551667229242e-01
2.622107161630360395e-01
2.621963963188742586e-01
2.654087003716211757e-01
2.654297760999074773e-01
2.438434490597758963e-01
2.380847372917487825e-01
2.427148362457309250e-01
2.515482939596610512e-01
2.427148362457309250e-01
2.380847372917487825e-01
2.438434490597758963e-01
2.654297760999074773e-01
2.654087003716211757e-01
3.989603439847276833e-01
2.735469233076580076e-01
2.385242259884231830e-01
2.175738246502928463e-01
2.008894863947986442e-01
1.868150012572517005e-01
2.008894863947986442e-01
2.175738246502928463e-01
2.385242259884231830e-01
2.735469233076580076e-01
3.989603439847276833e-01
3.989603439847276833e-01
2.765491452079809065e-01
2.363076192652586727e-01
2.105936363533069955e-01
1.914932409375983968e-01
1.791621342411266748e-01
1.914932409375983968e-01
2.105936363533069955e-01
2.363076192652586449e-01
2.765491452079809065e-01
3.989603439847276833e-01
3.989603439847276833e-01
2.809328220421252187e-01
2.333510913054401559e-01
2.031343949157483064e-01
1.832372635891231227e-01
1.710957271900636067e-01
1.832372635891231227e-01
2.031343949157483064e-01
2.333510913054401559e-01
2.809328220421252187e-01
3.989603439847276833e-01
3.989603439847276833e-01
2.826842440124629485e-01
2.327219434103665052e-01
2.018410500659942042e-01
1.831624019031416473e-01
1.730934001052366611e-01
1.831624019031416195e-01
2.018410500659942042e-01
2.327219434103665052e-01
2.826842440124630040e-01
3.989603439847276833e-01
3.989603439847276833e-01
2.855335353330523684e-01
2.329920777512574925e-01
2.024009140723254940e-01
1.849925357482895827e-01
1.753631399324928619e-01
1.849925357482895827e-01
2.024009140723254940e-01
2.329920777512574925e-01
2.855335353330523684e-01
3.989603439847276833e-01
3.989603439847276833e-01
2.867967158270700589e-01
2.336654422245981466e-01
2.036475669025101798e-01
1.873724787958701565e-01
1.790360403891509966e-01
1.873724787958701565e-01
2.036475669025101798e-01
2.336654422245981466e-01
2.867967158270700589e-01
3.989603439847276833e-01
3.989603439847276833e-01
2.890729415851680528e-01
2.358362950309321471e-01
2.071457175927463590e-01
1.919829170365591198e-01
1.839680489900212823e-01
1.919829170365591198e-01
2.071457175927463590e-01
2.358362950309321471e-01
2.890729415851680528e-01
3.989603439847276833e-01
3.989603439847276833e-01
2.901484980604770447e-01
2.371397632097720920e-01
2.091648249834525686e-01
1.947755170739832176e-01
1.875318785782013331e-01
1.947755170739832176e-01
2.091648249834525686e-01
2.371397632097720920e-01
2.901484980604770447e-01
3.989603439847276833e-01
3.989603439847276833e-01
2.921795695587315334e-01
2.400219542093234570e-01
2.132930112316127891e-01
1.996744856538437696e-01
1.926446821915344665e-01
1.996744856538437418e-01
2.132930112316127891e-01
2.400219542093234570e-01
2.921795695587315334e-01
3.989603439847276833e-01
3.989603439847276833e-01
2.931531576641775994e-01
2.414874747057158266e-01
2.153363599999667255e-01
2.022016500683971596e-01
1.956155569395836569e-01
2.022016500683971596e-01
2.153363599999667255e-01
2.414874747057158266e-01
2.931531576641775994e-01
3.989603439847276833e-01
3.989603439847276833e-01
2.950037322775528326e-01
2.443948670119217847e-01
2.191675187292427829e-01
2.065225705723000293e-01
2.000721932817764448e-01
2.065225705723000571e-01
2.191675187292427829e-01
2.443948670119217847e-01
2.950037322775528326e-01
3.989603439847276833e-01
3.989603439847276833e-01
2.958870779896564107e-01
2.457780266527553881e-01
2.209543301495712486e-01
2.085917514807148765e-01
2.023803061566399331e-01
2.085917514807148765e-01
2.209543301495712486e-01
2.457780266527553603e-01
2.958870779896564107e-01
3.989603439847276833e-01
3.989603439847276833e-01
2.975516860417118936e-01
2.483843648604449617e-01
2.241752072540492136e-01
2.121040517689554983e-01
2.059770699614849598e-01
2.121040517689554983e-01
2.241752072540492136e-01
2.483843648604449894e-01
2.975516860417118936e-01
3.989603439847276833e-01
3.989603439847276833e-01
2.983348251175246268e-01
2.495806668601398548e-01
2.256304453085292983e-01
2.137104075782877144e-01
2.076968222288770316e-01
2.137104075782877144e-01
2.256304453085292983e-01
2.495806668601398548e-01
2.983348251175246268e-01
3.989603439847276833e-01
3.989603439847276833e-01
2.997850303508722281e-01
2.517680058191074655e-01
2.281974660601540361e-01
2.164395044933158374e-01
2.104789802980415181e-01
2.164395044933158374e-01
2.281974660601540361e-01
2.517680058191074655e-01
2.997850303508722281e-01
3.989603439847276833e-01
3.989603439847276833e-01
3.004572701431421078e-01
2.527508634994433123e-01
2.293347010499263983e-01
2.176462187941936577e-01
2.117249466867114904e-01
2.176462187941936577e-01
2.293347010499263983e-01
2.527508634994433123e-01
3.004572701431421078e-01
3.989603439847276833e-01
3.989603439847276833e-01
3.016856592256478287e-01
2.545143228669136670e-01
2.313145670254257436e-01
2.197074641849050269e-01
2.138198306767705170e-01
2.197074641849050269e-01
2.313145670254257436e-01
2.545143228669136670e-01
3.016856592256478287e-01
3.989603439847276833e-01
3.989603439847276833e-01
3.022475421648092020e-01
2.552957880042255878e-01
2.321801369895150624e-01
2.205947116241744610e-01
2.147054327046837574e-01
2.205947116241744610e-01
2.321801369895150624e-01
2.552957880042255878e-01
3.022475421648092020e-01
3.989603439847276833e-01
3.989603439847276833e-01
3.032626023895956813e-01
2.566791517479280471e-01
2.336752014013217804e-01
2.221244482276295007e-01
2.162580406991904680e-01
2.221244482276295007e-01
2.336752014013217804e-01
2.566791517479280471e-01
3.032626023895956813e-01
3.989603439847276833e-01
3.989603439847276833e-01
3.037213294298809485e-01
2.572863996676971743e-01
2.343231028308058739e-01
2.227686311883405601e-01
2.168804967780718074e-01
2.227686311883405601e-01
2.343231028308058739e-01
2.572863996676971743e-01
3.037213294298809485e-01
3.989603439847276833e-01
3.989603439847276833e-01
3.045412698608761515e-01
2.583521622749016533e-01
2.354378965693087467e-01
2.238930555170826620e-01
2.180223123701811316e-01
2.238930555170826620e-01
2.354378965693087467e-01
2.583521622749016533e-01
3.045412698608761515e-01
3.989603439847276833e-01
3.989603439847276833e-01
3.049086277828571556e-01
2.588166241714268678e-01
2.359180829130581580e-01
2.243579905296997357e-01
2.184575686334387923e-01
2.243579905296997357e-01
2.359180829130581580e-01
2.588166241714268678e-01
3.049086277828571556e-01
3.989603439847276833e-01
3.989603439847276833e-01
3.055590541846340824e-01
2.596267324278618838e-01
2.367429870217125920e-01
2.251808636392763907e-01
2.192950328238607305e-01
2.251808636392763907e-01
2.367429870217125920e-01
2.596267324278618838e-01
3.055590541846340824e-01
3.989603439847276833e-01
3.989603439847276833e-01
3.058483597797680420e-01
2.599781948888437166e-01
2.370966718876597046e-01
2.255156480879711989e-01
2.195988777269892722e-01
2.255156480879711989e-01
2.370966718876597046e-01
2.599781948888437166e-01
3.058483597797680975e-01
3.989603439847276833e-01
3.989603439847276833e-01
3.063571063111162340e-01
2.605880243234985905e-01
2.377043669084035749e-01
2.261168398177169636e-01
2.202130598654251648e-01
2.261168398177169636e-01
2.377043669084036026e-01
2.605880243234985905e-01
3.063571063111162340e-01
3.989603439847276833e-01
3.989603439847276833e-01
3.065821139873460832e-01
2.608519902278021441e-01
2.379635644494210167e-01
2.263573148235494548e-01
2.204245604622084020e-01
2.263573148235494548e-01
2.379635644494210167e-01
2.608519902278021441e-01
3.065821139873460832e-01
3.989603439847276833e-01
3.989603439847276833e-01
3.069762800032499461e-01
2.613072841688809378e-01
2.384087441399144469e-01
2.267948979645952878e-01
2.208741406208916680e-01
2.267948979645952878e-01
2.384087441399144469e-01
2.613072841688809378e-01
3.069762800032499461e-01
3.989603439847276833e-01
3.989603439847276833e-01
3.071497225931154595e-01
2.615035395846340149e-01
2.385970488038657855e-01
2.269661920615794470e-01
2.210196545121397571e-01
2.269661920615794470e-01
2.385970488038657855e-01
2.615035395846340149e-01
3.071497225931154595e-01
3.989603439847276833e-01
3.989603439847276833e-01
3.074515597210532025e-01
2.618392885616709354e-01
2.389189412449902739e-01
2.272808169323906891e-01
2.213452590888196903e-01
2.272808169323907168e-01
2.389189412449902739e-01
2.618392885616709354e-01
3.074515597210532025e-01
3.989603439847276833e-01
3.989603439847276833e-01
3.075834447270603400e-01
2.619825439030021852e-01
2.390530802592767401e-01
2.273999504491951429e-01
2.214422834769409487e-01
2.273999504491951429e-01
2.390530802592767401e-01
2.619825439030021852e-01
3.075834447270603400e-01
3.989603439847276833e-01
3.989603439847276833e-01
3.078108307417449785e-01
2.622243611066047420e-01
2.392792520163616876e-01
2.276194695863919537e-01
2.216713082847120153e-01
2.276194695863919537e-01
2.392792520163616876e-01
2.622243611066047420e-01
3.078108307417449785e-01
3.989603439847276833e-01
3.989603439847276833e-01
3.079089961279709020e-01
2.623257494433301473e-01
2.393708264058373725e-01
2.276977859126777248e-01
2.217311414508081335e-01
2.276977859126777248e-01
2.393708264058373725e-01
2.623257494433301473e-01
3.079089961279709020e-01
3.989603439847276833e-01
3.989603439847276833e-01
3.080771154664951328e-01
2.624926028056730476e-01
2.395202085308801299e-01
2.278404451585543389e-01
2.218812026095907108e-01
2.278404451585543389e-01
2.395202085308801299e-01
2.624926028056730476e-01
3.080771154664951328e-01
3.989603439847276833e-01
3.989603439847276833e-01
3.081485371427086783e-01
2.625605883834054022e-01
2.395771286487315133e-01
2.278850867398348468e-01
2.219102072976751328e-01
2.278850867398348468e-01
2.395771286487315133e-01
2.625605883834054022e-01
3.081485371427086783e-01
3.989603439847276833e-01
3.989603439847276833e-01
3.082705065081595697e-01
2.626675224911624307e-01
2.396625835312827801e-01
2.279619702634286260e-01
2.219914749242591634e-01
2.279619702634285983e-01
2.396625835312827801e-01
2.626675224911624307e-01
3.082705065081595697e-01
3.989603439847276833e-01
3.989603439847276833e-01
3.083221177168636307e-01
2.627086349416776212e-01
2.396899051345928733e-01
2.279767191589755215e-01
2.219922046739219168e-01
2.279767191589755215e-01
2.396899051345928733e-01
2.627086349416776212e-01
3.083221177168636307e-01
3.989603439847276833e-01
3.989603439847276833e-01
3.084099773062272121e-01
2.627677116673444169e-01
2.397200960869099173e-01
2.279941487782268239e-01
2.220103944171551436e-01
2.279941487782267961e-01
2.397200960869099173e-01
2.627677116673444169e-01
3.084099773062272121e-01
3.989603439847276833e-01
3.989603439847276833e-01
3.084481245314994458e-01
2.627877439540093341e-01
2.397215258874514920e-01
2.279806710712445894e-01
2.219822979469174284e-01
2.279806710712445894e-01
2.397215258874514920e-01
2.627877439540093341e-01
3.084481245314994458e-01
3.989603439847276833e-01
3.989603439847276833e-01
3.085154094267641423e-01
2.628110075989209538e-01
2.397039301318688587e-01
2.279428751309678092e-01
2.219410555577744915e-01
2.279428751309678092e-01
2.397039301318688587e-01
2.628110075989209538e-01
3.085154094267641423e-01
3.989603439847276833e-01
3.989603439847276833e-01
3.085469602086859942e-01
2.628173723743474355e-01
2.396837859601851084e-01
2.279024041006302015e-01
2.218820311424090919e-01
2.279024041006302015e-01
2.396837859601851084e-01
2.628173723743474355e-01
3.085469602086859942e-01
3.989603439847276833e-01
3.989603439847276833e-01
3.086101913765696980e-01
2.628213775375665695e-01
2.396297284699926422e-01
2.278167436533741763e-01
2.217875570573557831e-01
2.278167436533741763e-01
2.396297284699926700e-01
2.628213775375666250e-01
3.086101913765697535e-01
3.989603439847276833e-01
3.989603439847276833e-01
3.086445533014733900e-01
2.628239814381260753e-01
2.395957952004423019e-01
2.277534455852041895e-01
2.216978512811823565e-01
2.277534455852041895e-01
2.395957952004423019e-01
2.628239814381260753e-01
3.086445533014733900e-01
3.989603439847276833e-01
3.989603439847276833e-01
3.087235559857519629e-01
2.628340579902419538e-01
2.395272686684074004e-01
2.276389861230894429e-01
2.215683573966840680e-01
2.276389861230894429e-01
2.395272686684074004e-01
2.628340579902419538e-01
3.087235559857519629e-01
3.989603439847276833e-01
3.989603439847276833e-01
3.087720519027709609e-01
2.628474064373431673e-01
2.394950090507106388e-01
2.275660962068214443e-01
2.214579757622190115e-01
2.275660962068214443e-01
2.394950090507106388e-01
2.628474064373431673e-01
3.087720519027709609e-01
3.989603439847276833e-01
3.989603439847276833e-01
3.088905034016395379e-01
2.629003326500109483e-01
2.394529155832111900e-01
2.274644968121681543e-01
2.213352531993532935e-01
2.274644968121681265e-01
2.394529155832111900e-01
2.629003326500109483e-01
3.088905034016395379e-01
3.989603439847276833e-01
3.989603439847276833e-01
3.089664500156662497e-01
2.629466702932979350e-01
2.394490537541413278e-01
2.274106368729396366e-01
2.212339053581776627e-01
2.274106368729396088e-01
2.394490537541413278e-01
2.629466702932979350e-01
3.089664500156662497e-01
3.989603439847276833e-01
3.989603439847276833e-01
3.091543175968733959e-01
2.630929095065011047e-01
2.394994145884760672e-01
2.273955874649254971e-01
2.211933449088460679e-01
2.273955874649254971e-01
2.394994145884760672e-01
2.630929095065011047e-01
3.091543175968733959e-01
3.989603439847276833e-01
3.989603439847276833e-01
3.092732302942253764e-01
2.632017802558458408e-01
2.395636116256668890e-01
2.274089928388499382e-01
2.211578590577634451e-01
2.274089928388499382e-01
2.395636116256669168e-01
2.632017802558458963e-01
3.092732302942253764e-01
3.989603439847276833e-01
3.989603439847276833e-01
3.095663234836444344e-01
2.635042226406922872e-01
2.397961569781628666e-01
2.275855070420634285e-01
2.213091379711276951e-01
2.275855070420634285e-01
2.397961569781628666e-01
2.635042226406922872e-01
3.095663234836444344e-01
3.989603439847276833e-01
3.989603439847276833e-01
3.097470021799579309e-01
2.637092816318595823e-01
2.399763790607772340e-01
2.277311723310627700e-01
2.214208918792398839e-01
2.277311723310627700e-01
2.399763790607772618e-01
2.637092816318595823e-01
3.097470021799579309e-01
3.989603439847276833e-01
3.989603439847276833e-01
3.101836405812111730e-01
2.642333541442463685e-01
2.404869497966037051e-01
2.282154936000486412e-01
2.218876469050876099e-01
2.282154936000486412e-01
2.404869497966037051e-01
2.642333541442463685e-01
3.101836405812111730e-01
3.989603439847276833e-01
3.989603439847276833e-01
3.104469707214360663e-01
2.645643615884105126e-01
2.408265920326728426e-01
2.285564797528453762e-01
2.222301798215399748e-01
2.285564797528453762e-01
2.408265920326728426e-01
2.645643615884105126e-01
3.104469707214360663e-01
3.989603439847276833e-01
3.989603439847276833e-01
3.110669278199885701e-01
2.653639512492702024e-01
2.416825989916684958e-01
2.294310657833666944e-01
2.231002214009654705e-01
2.294310657833666944e-01
2.416825989916684958e-01
2.653639512492702024e-01
3.110669278199885146e-01
3.989603439847276833e-01
3.989603439847276833e-01
3.114315222251936577e-01
2.658423547687461808e-01
2.422001670406194185e-01
2.299929389122579715e-01
2.237121628078216906e-01
2.299929389122579715e-01
2.422001670406194185e-01
2.658423547687461808e-01
3.114315222251936577e-01
3.989603439847276833e-01
3.989603439847276833e-01
3.122749699013951385e-01
2.669504901903240190e-01
2.433991407957243613e-01
2.312418934053952213e-01
2.249659293240412195e-01
2.312418934053952213e-01
2.433991407957243613e-01
2.669504901903240190e-01
3.122749699013951385e-01
3.989603439847276833e-01
3.989603439847276833e-01
3.127622257012000473e-01
2.675928172958082496e-01
2.440711478054577444e-01
2.319692043024763339e-01
2.257695929316665129e-01
2.319692043024763339e-01
2.440711478054577444e-01
2.675928172958082496e-01
3.127622257012000473e-01
3.989603439847276833e-01
3.989603439847276833e-01
3.138810632716836357e-01
2.690507535196559052e-01
2.455296536169296884e-01
2.334302287178267599e-01
2.272211851995585841e-01
2.334302287178267599e-01
2.455296536169296884e-01
2.690507535196559052e-01
3.138810632716836357e-01
3.989603439847276833e-01
3.989603439847276833e-01
3.145157525742463545e-01
2.698971897341431725e-01
2.463078619949299053e-01
2.341678186567070219e-01
2.279591694981636107e-01
2.341678186567070219e-01
2.463078619949298775e-01
2.698971897341431725e-01
3.145157525742463545e-01
3.989603439847276833e-01
3.989603439847276833e-01
3.159629558177608488e-01
2.718544414588833780e-01
2.479749718982718898e-01
2.356095997695703548e-01
2.293216229895922165e-01
2.356095997695703548e-01
2.479749718982718898e-01
2.718544414588833780e-01
3.159629558177608488e-01
3.989603439847276833e-01
3.989603439847276833e-01
3.167714426040597608e-01
2.730457238425086919e-01
2.489011234013933926e-01
2.361944839313087907e-01
2.295989823201008417e-01
2.361944839313087907e-01
2.489011234013933926e-01
2.730457238425086919e-01
3.167714426040597608e-01
3.989603439847276833e-01
3.989603439847276833e-01
3.185823338549121364e-01
2.759688164173294544e-01
2.511672678742661313e-01
2.377461686161455590e-01
2.309144116483280162e-01
2.377461686161455590e-01
2.511672678742661313e-01
2.759688164173295100e-01
3.185823338549121364e-01
3.989603439847276833e-01
3.989603439847276833e-01
3.195674149883689363e-01
2.778736139406312033e-01
2.527104814518100206e-01
2.383864294080196289e-01
2.305397209272270487e-01
2.383864294080196289e-01
2.527104814518100206e-01
2.778736139406312033e-01
3.195674149883689918e-01
3.989603439847276833e-01
3.989603439847276833e-01
3.216786436814588201e-01
2.828114931064488191e-01
2.574145498290701939e-01
2.418259279371149928e-01
2.335047508011116602e-01
2.418259279371149928e-01
2.574145498290701939e-01
2.828114931064488191e-01
3.216786436814587646e-01
3.989603439847276833e-01
3.989603439847276833e-01
3.227287519421845885e-01
2.860805727398946785e-01
2.611946969923292228e-01
2.442160042091964522e-01
2.336615892838096453e-01
2.442160042091964522e-01
2.611946969923292228e-01
2.860805727398946785e-01
3.227287519421846440e-01
3.989603439847276833e-01
3.989603439847276833e-01
3.247120264708898141e-01
2.944113183586404836e-01
2.734403930791763360e-01
2.567801202471116651e-01
2.458470220460540479e-01
2.567801202471116651e-01
2.734403930791763360e-01
2.944113183586404836e-01
3.247120264708898141e-01
3.989603439847276833e-01
3.989603439847276833e-01
3.254338128630825944e-01
2.993735380628107512e-01
2.828156730720494116e-01
2.680412151837205381e-01
2.546330760927270065e-01
2.680412151837205381e-01
2.828156730720494116e-01
2.993735380628106957e-01
3.254338128630825944e-01
3.989603439847276833e-01
3.989603439847276833e-01
3.260687335029466283e-01
3.102560627013176142e-01
3.085026100659862824e-01
3.149320421674669523e-01
3.244007515989463242e-01
3.149320421674669523e-01
3.085026100659862824e-01
3.102560627013176142e-01
3.260687335029466283e-01
3.989603439847276833e-01
3.255905218640298138e-01
3.255985173632288676e-01
3.147978014067102648e-01
3.173371592211814973e-01
3.255142213329139667e-01
3.323736773326274596e-01
3.255142213329139667e-01
3.173371592211814973e-01
3.147978014067102648e-01
3.255985173632289231e-01
3.255905218640298138e-01
3.254923530307907154e-01
3.255066503636691588e-01
3.215879831928338817e-01
3.275070184757425951e-01
3.356201954802547904e-01
3.420711193549281770e-01
3.356201954802547904e-01
3.275070184757425951e-01
3.215879831928338817e-01
3.255066503636691588e-01
3.254923530307907709e-01
3.256079085925233096e-01
3.256166194768928546e-01
3.238577681213448689e-01
3.298104264288213572e-01
3.358823233719605561e-01
3.392822292372172366e-01
3.358823233719605561e-01
3.298104264288213572e-01
3.238577681213448689e-01
3.256166194768928546e-01
3.256079085925233096e-01
3.259873551196716401e-01
3.260007619400911438e-01
3.264569315789987991e-01
3.311394861855793681e-01
3.352352610120691856e-01
3.380336437320608511e-01
3.352352610120691856e-01
3.311394861855793681e-01
3.264569315789987991e-01
3.260007619400911438e-01
3.259873551196716401e-01
3.261759224079570085e-01
3.261861178062657185e-01
3.271336486852404191e-01
3.308754920379295972e-01
3.334346891317727657e-01
3.344888536142066049e-01
3.334346891317727657e-01
3.308754920379295972e-01
3.271336486852404191e-01
3.261861178062657185e-01
3.261759224079570085e-01
3.265052647597692093e-01
3.265133648024080015e-01
3.275873974496339991e-01
3.296762045725183388e-01
3.309125587920992984e-01
3.316160015555512652e-01
3.309125587920992984e-01
3.296762045725183388e-01
3.275873974496339991e-01
3.265133648024080015e-01
3.265052647597692093e-01
3.266381629790129359e-01
3.266471110136565104e-01
3.276094231378924859e-01
3.289862933291125557e-01
3.294869397617770090e-01
3.294667425426985874e-01
3.294869397617770090e-01
3.289862933291125557e-01
3.276094231378924859e-01
3.266471110136565659e-01
3.266381629790129359e-01
3.268511781655993875e-01
3.268590483752512599e-01
3.274348844773337097e-01
3.278569950943033273e-01
3.277895543244807586e-01
3.276346586949488993e-01
3.277895543244807586e-01
3.278569950943033273e-01
3.274348844773337097e-01
3.268590483752512599e-01
3.268511781655993320e-01
3.269447928703176909e-01
3.269484222687967789e-01
3.273433548130177395e-01
3.274487685189615971e-01
3.271741671960983755e-01
3.268682933769008203e-01
3.271741671960983755e-01
3.274487685189615971e-01
3.273433548130177395e-01
3.269484222687967789e-01
3.269447928703176909e-01
3.271077034987007748e-01
3.271109019710309318e-01
3.272153617437015827e-01
3.270074254288074522e-01
3.266322475588578356e-01
3.263206989231909327e-01
3.266322475588578356e-01
3.270074254288074522e-01
3.272153617437015827e-01
3.271109019710309318e-01
3.271077034987007748e-01
3.271873333988600807e-01
3.271884419758088747e-01
3.271971298991669386e-01
3.269359619683025464e-01
3.265958497824985596e-01
3.263596394534339917e-01
3.265958497824986151e-01
3.269359619683025464e-01
3.271971298991669386e-01
3.271884419758088747e-01
3.271873333988600807e-01
3.273435424150868411e-01
3.273418201011305539e-01
3.272585096950979544e-01
3.270266248096370121e-01
3.267807222804392508e-01
3.265932630780158386e-01
3.267807222804392508e-01
3.270266248096370121e-01
3.272585096950979544e-01
3.273418201011305539e-01
3.273435424150868411e-01
3.274195756589478590e-01
3.274216774936193897e-01
3.273222839835109310e-01
3.271441561984828050e-01
3.269908465263540731e-01
3.269096271399496434e-01
3.269908465263540731e-01
3.271441561984828050e-01
3.273222839835109310e-01
3.274216774936193897e-01
3.274195756589478590e-01
3.275802003515748129e-01
3.275777921360722988e-01
3.275051957694892768e-01
3.274537380857546753e-01
3.274198156414689920e-01
3.273924531037563090e-01
3.274198156414689920e-01
3.274537380857546753e-01
3.275051957694892768e-01
3.275777921360722988e-01
3.275802003515748129e-01
3.276570440338003598e-01
3.276592166922709937e-01
3.276041678211442099e-01
3.276150633421947567e-01
3.276462406717984832e-01
3.276789555563341949e-01
3.276462406717984832e-01
3.276150633421947567e-01
3.276041678211442099e-01
3.276592166922709937e-01
3.276570440338003598e-01
3.278163198773773601e-01
3.278129654307938012e-01
3.278084654794174435e-01
3.279162357336022349e-01
3.280222730114513152e-01
3.280930575422556505e-01
3.280222730114513152e-01
3.279162357336022349e-01
3.278084654794174435e-01
3.278129654307938012e-01
3.278163198773773601e-01
3.278886564982268492e-01
3.278888424806823965e-01
3.279007740728119846e-01
3.280414183161901587e-01
3.281675538962083305e-01
3.282460680715560963e-01
3.281675538962083305e-01
3.280414183161901587e-01
3.279007740728119846e-01
3.278888424806823965e-01
3.278886564982268492e-01
3.280281561079458896e-01
3.280255824535874276e-01
3.280647069277533023e-01
3.282391505196714521e-01
3.283888188483286563e-01
3.284865485365766613e-01
3.283888188483286563e-01
3.282391505196714521e-01
3.280647069277533023e-01
3.280255824535874276e-01
3.280281561079458896e-01
3.280903316990243512e-01
3.280895997671725017e-01
3.281310451680463092e-01
3.283086816454601209e-01
3.284455809544663540e-01
3.285203392187224236e-01
3.284455809544663540e-01
3.283086816454601209e-01
3.281310451680463092e-01
3.280895997671725017e-01
3.280903316990244067e-01
3.282047860141120710e-01
3.282013449364250546e-01
3.282390912167053587e-01
3.284016211618678849e-01
3.285302228006661274e-01
3.286106636727234576e-01
3.285302228006661274e-01
3.284016211618678849e-01
3.282390912167053587e-01
3.282013449364250546e-01
3.282047860141120710e-01
3.282532634795898852e-01
3.282530972068233854e-01
3.282787516507698622e-01
3.284278468409688179e-01
3.285305614672733854e-01
3.285792971171157539e-01
3.285305614672733854e-01
3.284278468409688179e-01
3.282787516507698622e-01
3.282530972068233854e-01
3.282532634795898852e-01
3.283432452674064361e-01
3.283391201923844260e-01
3.283409265266035160e-01
3.284540511594208345e-01
3.285367853753560219e-01
3.285851556093269954e-01
3.285367853753560219e-01
3.284540511594208345e-01
3.283409265266035160e-01
3.283391201923844260e-01
3.283432452674064361e-01
3.283797896255813420e-01
3.283793466655645643e-01
3.283624617336492468e-01
3.284570937228034060e-01
3.285161265412849807e-01
3.285374265582610698e-01
3.285161265412849807e-01
3.284570937228034060e-01
3.283624617336492468e-01
3.283793466655645643e-01
3.283797896255813420e-01
3.284482100694419704e-01
3.284439459604773237e-01
3.283961385557730983e-01
3.284550853896176514e-01
3.284950579231028511e-01
3.285148148411963231e-01
3.284950579231028511e-01
3.284550853896176514e-01
3.283961385557730983e-01
3.284439459604772682e-01
3.284482100694419704e-01
3.284755574179515913e-01
3.284738048273722066e-01
3.284077979016242210e-01
3.284510341201873906e-01
3.284747743531761244e-01
3.284768953841518679e-01
3.284747743531761244e-01
3.284510341201873906e-01
3.284077979016242210e-01
3.284738048273722066e-01
3.284755574179515913e-01
3.285253127963227437e-01
3.285213631764917763e-01
3.284274352714553480e-01
3.284447002375641689e-01
3.284562676216307153e-01
3.284575750431140695e-01
3.284562676216307153e-01
3.284447002375641689e-01
3.284274352714553480e-01
3.285213631764917763e-01
3.285253127963227437e-01
3.285455016455832156e-01
3.285426545796336084e-01
3.284349079459795706e-01
3.284423302910225995e-01
3.284448782125486410e-01
3.284373487165418437e-01
3.284448782125486410e-01
3.284423302910225995e-01
3.284349079459795706e-01
3.285426545796336084e-01
3.285455016455832156e-01
3.285808048915452306e-01
3.285769714618042570e-01
3.284494663424474825e-01
3.284417819858422294e-01
3.284390350708124573e-01
3.284317910555404896e-01
3.284390350708124573e-01
3.284417819858422294e-01
3.284494663424474825e-01
3.285769714618043125e-01
3.285808048915452306e-01
3.285952060286157494e-01
3.285925308010559376e-01
3.284556546111427333e-01
3.284433711533249478e-01
3.284367363783335936e-01
3.284260245188000416e-01
3.284367363783335936e-01
3.284433711533249478e-01
3.284556546111427333e-01
3.285925308010559376e-01
3.285952060286157494e-01
3.286216020818890637e-01
3.286174771794952987e-01
3.284690792793059089e-01
3.284497491427899041e-01
3.284419613618286826e-01
3.284324385341890196e-01
3.284419613618286826e-01
3.284497491427899041e-01
3.284690792793059089e-01
3.286174771794952987e-01
3.286216020818890637e-01
3.286318719644066300e-01
3.286296908018064844e-01
3.284751593674379855e-01
3.284539808719447729e-01
3.284448993645305293e-01
3.284340541545995862e-01
3.284448993645305293e-01
3.284539808719447729e-01
3.284751593674379855e-01
3.286296908018064844e-01
3.286318719644066300e-01
3.286528275293058576e-01
3.286488847860362106e-01
3.284880778263778445e-01
3.284641678730734204e-01
3.284554197383329210e-01
3.284458749219522078e-01
3.284554197383329210e-01
3.284641678730734204e-01
3.284880778263778445e-01
3.286488847860362106e-01
3.286528275293058576e-01
3.286611130010038684e-01
3.286586762729647448e-01
3.284940376419851482e-01
3.284693884741690106e-01
3.284600591421558136e-01
3.284496803491507300e-01
3.284600591421558136e-01
3.284693884741690106e-01
3.284940376419851482e-01
3.286586762729647448e-01
3.286611130010038684e-01
3.286780802358571507e-01
3.286742805580836202e-01
3.285061671652496629e-01
3.284799109085120850e-01
3.284711586038172593e-01
3.284617096331327590e-01
3.284711586038172593e-01
3.284799109085120850e-01
3.285061671652496629e-01
3.286742805580836202e-01
3.286780802358571507e-01
3.286848858489772596e-01
3.286823576361349031e-01
3.285113301466704439e-01
3.284851542278865444e-01
3.284754907244613609e-01
3.284652559176216013e-01
3.284754907244613609e-01
3.284851542278865444e-01
3.285113301466703883e-01
3.286823576361349031e-01
3.286848858489772596e-01
3.286991023805756473e-01
3.286952204368256414e-01
3.285224153228539778e-01
3.284942856794810795e-01
3.284851172408039810e-01
3.284753852389957762e-01
3.284851172408039810e-01
3.284942856794810795e-01
3.285224153228539778e-01
3.286952204368256414e-01
3.286991023805756473e-01
3.287045990168357412e-01
3.287022542763371469e-01
3.285267754695513354e-01
3.284989316137403303e-01
3.284884801938641186e-01
3.284779557373155856e-01
3.284884801938641186e-01
3.284989316137403303e-01
3.285267754695513354e-01
3.287022542763371469e-01
3.287045990168357412e-01
3.287171441263943006e-01
3.287131820648148128e-01
3.285365744745724625e-01
3.285065306673137786e-01
3.284960870488372597e-01
3.284857561527840253e-01
3.284960870488372597e-01
3.285065306673137786e-01
3.285365744745724625e-01
3.287131820648148128e-01
3.287171441263943006e-01
3.287218421164809778e-01
3.287194751781464808e-01
3.285404861834615997e-01
3.285102880034067585e-01
3.284987513257840996e-01
3.284874898394670728e-01
3.284987513257840996e-01
3.285102880034067585e-01
3.285404861834615997e-01
3.287194751781464253e-01
3.287218421164809778e-01
3.287330377754287269e-01
3.287291801001888114e-01
3.285489829779321691e-01
3.285167923118145206e-01
3.285046965330638002e-01
3.284935096326135340e-01
3.285046965330638002e-01
3.285167923118145761e-01
3.285489829779321691e-01
3.287291801001888114e-01
3.287330377754287269e-01
3.287373770245288762e-01
3.287347532305684994e-01
3.285526150575643900e-01
3.285199214421106184e-01
3.285070672456007479e-01
3.284950129414745401e-01
3.285070672456007479e-01
3.285199214421106739e-01
3.285526150575643900e-01
3.287347532305684439e-01
3.287373770245288762e-01
3.287473765267522885e-01
3.287436768292716915e-01
3.285602274186288918e-01
3.285257958367451825e-01
3.285122778570347957e-01
3.285001422505338664e-01
3.285122778570347957e-01
3.285257958367451825e-01
3.285602274186288918e-01
3.287436768292717471e-01
3.287473765267522885e-01
3.287515038436915060e-01
3.287486901589810606e-01
3.285636318406145451e-01
3.285288335938487680e-01
3.285146477610106364e-01
3.285020289566106810e-01
3.285146477610106364e-01
3.285288335938487680e-01
3.285636318406145451e-01
3.287486901589810606e-01
3.287515038436915060e-01
3.287607806445358438e-01
3.287570608176084708e-01
3.285709515878061371e-01
3.285345267148857551e-01
3.285199007793198622e-01
3.285069687759114010e-01
3.285199007793198622e-01
3.285345267148857551e-01
3.285709515878061371e-01
3.287570608176084708e-01
3.287607806445358438e-01
3.287646403019938157e-01
3.287618060189197444e-01
3.285742236683543149e-01
3.285377432618262761e-01
3.285225034945817302e-01
3.285094348018388066e-01
3.285225034945817302e-01
3.285377432618262761e-01
3.285742236683543149e-01
3.287618060189197444e-01
3.287646403019938157e-01
3.287735379550811299e-01
3.287697858213029511e-01
3.285815694719594893e-01
3.285437032879153230e-01
3.285281508840652287e-01
3.285146620158462816e-01
3.285281508840652287e-01
3.285437032879153230e-01
3.285815694719594893e-01
3.287697858213029511e-01
3.287735379550811299e-01
3.287772493570670362e-01
3.287743143494502029e-01
3.285849038122952148e-01
3.285470961407026547e-01
3.285311694021498807e-01
3.285177320654500410e-01
3.285311694021498807e-01
3.285470961407026547e-01
3.285849038122952148e-01
3.287743143494501474e-01
3.287772493570670362e-01
3.287857014004519352e-01
3.287820519203649150e-01
3.285922399902267976e-01
3.285535256646308078e-01
3.285373297581242191e-01
3.285235027400463248e-01
3.285373297581242191e-01
3.285535256646308078e-01
3.285922399902267976e-01
3.287820519203649150e-01
3.287857014004519352e-01
3.287893994223672900e-01
3.287862340008075868e-01
3.285957712669661523e-01
3.285570478033807973e-01
3.285407280570554200e-01
3.285270759794103324e-01
3.285407280570554200e-01
3.285570478033807973e-01
3.285957712669661523e-01
3.287862340008075868e-01
3.287893994223672900e-01
3.287972230219380343e-01
3.287937024252517992e-01
3.286030269697599038e-01
3.285638884639110469e-01
3.285472686062876901e-01
3.285331867497801595e-01
3.285472686062876901e-01
3.285638884639110469e-01
3.286030269697599038e-01
3.287937024252517992e-01
3.287972230219380343e-01
3.288008252287266120e-01
3.287974871809224986e-01
3.286066716120756848e-01
3.285675224853417675e-01
3.285509926125413926e-01
3.285371868022229913e-01
3.285509926125413926e-01
3.285675224853417675e-01
3.286066716120756848e-01
3.287974871809224986e-01
3.288008252287266120e-01
3.288079722667229254e-01
3.288044976242655570e-01
3.286138803947041831e-01
3.285746923079618242e-01
3.285579779908248677e-01
3.285437139435862242e-01
3.285579779908248677e-01
3.285746923079618242e-01
3.286138803947041831e-01
3.288044976242655570e-01
3.288079722667229254e-01
3.288113031090001970e-01
3.288078925069853331e-01
3.286174764354297673e-01
3.285790125528886274e-01
3.285620399989159779e-01
3.285483055352373949e-01
3.285620399989159779e-01
3.285790125528886274e-01
3.286174764354297673e-01
3.288078925069853331e-01
3.288113031090001970e-01
3.288176586071462904e-01
3.288142274375964735e-01
3.286266146158230428e-01
3.285867773651962587e-01
3.285704281004456773e-01
3.285555022635626155e-01
3.285704281004456773e-01
3.285867773651962587e-01
3.286266146158230428e-01
3.288142274375964735e-01
3.288176586071462904e-01
3.288206285490185565e-01
3.288174824127757523e-01
3.286299917633025980e-01
3.285911471264318928e-01
3.285748195243417547e-01
3.285613294868557355e-01
3.285748195243417547e-01
3.285911471264318928e-01
3.286299917633025980e-01
3.288174824127757523e-01
3.288206285490185565e-01
3.288268243187152384e-01
3.288232417754032855e-01
3.286403110489468093e-01
3.285996628198853964e-01
3.285823875096833824e-01
3.285690138070977429e-01
3.285823875096833824e-01
3.285996628198853964e-01
3.286403110489468093e-01
3.288232417754032855e-01
3.288268243187152384e-01
3.288292794602279412e-01
3.288265299851789170e-01
3.286443694939630289e-01
3.286025922490483087e-01
3.285886624314941495e-01
3.285746193596464360e-01
3.285886624314941495e-01
3.286025922490483087e-01
3.286443694939630289e-01
3.288265299851789170e-01
3.288292794602279412e-01
3.288353180795541286e-01
3.288316762110768954e-01
3.286510283451306025e-01
3.286125875667675889e-01
3.285972259874747614e-01
3.285843425820237362e-01
3.285972259874747614e-01
3.286125875667675889e-01
3.286510283451306025e-01
3.288316762110768954e-01
3.288353180795541286e-01
3.288374954251550020e-01
3.288346586208023004e-01
3.286548467072302193e-01
3.286183563949317543e-01
3.286025974853435949e-01
3.285925006312892527e-01
3.286025974853435949e-01
3.286183563949317543e-01
3.286548467072302193e-01
3.288346586208023004e-01
3.288374954251550020e-01
3.288426219895806413e-01
3.288388667150658473e-01
3.286567619900567783e-01
3.286259957249180186e-01
3.286073659278029857e-01
3.286017679113421019e-01
3.286073659278029857e-01
3.286259957249180186e-01
3.286567619900567783e-01
3.288388667150658473e-01
3.288426219895806413e-01
3.288441228955004125e-01
3.288412903999027304e-01
3.286582230573643626e-01
3.286324146347713304e-01
3.286157132222792265e-01
3.286098051822641808e-01
3.286157132222792265e-01
3.286324146347713304e-01
3.286582230573643626e-01
3.288412903999027304e-01
3.288441228955004125e-01
3.288480210597303777e-01
3.288441228955004125e-01
3.286534120707880757e-01
3.286296051148061559e-01
3.286201165909689026e-01
3.285969173684433198e-01
3.286201165909689026e-01
3.286296051148061559e-01
3.286534120707880757e-01
3.288441228955004125e-01
3.288480210597303777e-01
