2.525374057179516352e-01
2.525405478931053715e-01
2.525958630456768828e-01
2.531994240253434003e-01
2.538712503106114737e-01
2.540707662511701437e-01
2.538712503106114737e-01
2.531994240253434003e-01
2.525958630456768828e-01
2.525405478931053715e-01
2.525374057179516352e-01
2.525405478931053715e-01
2.525410619378284371e-01
2.526259048257645246e-01
2.533143804732669313e-01
2.538979296283609965e-01
2.540712757304087743e-01
2.538979296283609965e-01
2.533143804732669313e-01
2.526259048257645246e-01
2.525410619378284371e-01
2.525405478931053715e-01
2.525408628216266882e-01
2.525437731789544893e-01
2.526476526849429916e-01
2.532867081896854611e-01
2.538512662154288613e-01
2.540626059606994058e-01
2.538512662154288613e-01
2.532867081896854611e-01
2.526476526849429916e-01
2.525437731789544893e-01
2.525408628216266882e-01
2.525460095910449509e-01
2.525465925399637546e-01
2.526593698268013721e-01
2.534088117408361818e-01
2.538498686385207703e-01
2.541415063692595289e-01
2.538498686385207703e-01
2.534088117408361818e-01
2.526593698268013721e-01
2.525465925399637546e-01
2.525460095910449509e-01
2.525471121284961207e-01
2.525500681660745039e-01
2.526637636228892259e-01
2.534065654407476886e-01
2.538659936049240118e-01
2.541285069892607607e-01
2.538659936049240118e-01
2.534065654407476886e-01
2.526637636228892259e-01
2.525500681660745039e-01
2.525471121284961207e-01
2.525532133691550385e-01
2.525551686821111974e-01
2.526744590913864164e-01
2.534153310284220084e-01
2.538694250059898017e-01
2.541324239201270818e-01
2.538694250059898017e-01
2.534153310284220084e-01
2.526744590913864164e-01
2.525551686821111974e-01
2.525532133691550385e-01
2.525565095238461732e-01
2.525582418403465867e-01
2.526780994408491798e-01
2.534113256090936295e-01
2.538609037286154724e-01
2.541143173931496579e-01
2.538609037286154724e-01
2.534113256090936295e-01
2.526780994408491798e-01
2.525582418403465867e-01
2.525565095238461732e-01
2.525627847511407453e-01
2.525642201530703401e-01
2.526847726123459537e-01
2.534110165583858265e-01
2.538533884546978481e-01
2.541079772199433262e-01
2.538533884546978481e-01
2.534110165583858265e-01
2.526847726123459537e-01
2.525642201530703401e-01
2.525627847511407453e-01
2.525651904359489941e-01
2.525675251770962970e-01
2.526879803889002796e-01
2.534062162352499481e-01
2.538427505078225122e-01
2.540856568994759312e-01
2.538427505078225122e-01
2.534062162352499481e-01
2.526879803889002796e-01
2.525675251770962970e-01
2.525651904359489941e-01
2.525712222585737021e-01
2.525728863804097002e-01
2.526930404916970518e-01
2.534025635973691237e-01
2.538340288823632829e-01
2.540822752754327563e-01
2.538340288823632829e-01
2.534025635973691792e-01
2.526930404916970518e-01
2.525728863804097002e-01
2.525712222585737021e-01
2.525737844275603994e-01
2.525760827012184517e-01
2.526962013689810216e-01
2.533980299930588265e-01
2.538229974025298930e-01
2.540605532323764182e-01
2.538229974025298930e-01
2.533980299930588265e-01
2.526962013689810216e-01
2.525760827012184517e-01
2.525737844275604549e-01
2.525799369749115453e-01
2.525816647581768937e-01
2.526999302240295897e-01
2.533933694595256192e-01
2.538140755394387993e-01
2.540567727439010937e-01
2.538140755394388548e-01
2.533933694595256192e-01
2.526999302240295897e-01
2.525816647581768937e-01
2.525799369749114898e-01
2.525827145860382039e-01
2.525851714529932512e-01
2.527030211885361033e-01
2.533878383299455472e-01
2.538033699452051928e-01
2.540354066276515055e-01
2.538033699452051928e-01
2.533878383299455472e-01
2.527030211885361033e-01
2.525851714529932512e-01
2.525827145860382039e-01
2.525899370122261511e-01
2.525914639110665161e-01
2.527067956431028883e-01
2.533831525285825115e-01
2.537951917807774738e-01
2.540330141050305413e-01
2.537951917807774738e-01
2.533831525285825115e-01
2.527067956431028328e-01
2.525914639110665161e-01
2.525899370122261511e-01
2.525930104405786913e-01
2.525957883637162671e-01
2.527087247214531152e-01
2.533781102437679400e-01
2.537841915873833565e-01
2.540125157282471235e-01
2.537841915873833565e-01
2.533781102437679400e-01
2.527087247214531707e-01
2.525957883637162671e-01
2.525930104405786913e-01
2.526019460263316252e-01
2.526041829297049346e-01
2.527126841311379546e-01
2.533725010853993820e-01
2.537751603317130455e-01
2.540081893976122718e-01
2.537751603317130455e-01
2.533725010853993820e-01
2.527126841311378991e-01
2.526041829297049346e-01
2.526019460263316252e-01
2.526071297670354210e-01
2.526092167573671943e-01
2.527140049446923165e-01
2.533673107219209242e-01
2.537638850658610057e-01
2.539862830790909354e-01
2.537638850658610057e-01
2.533673107219208687e-01
2.527140049446923165e-01
2.526092167573671943e-01
2.526071297670353655e-01
2.526186621447003011e-01
2.526211784748694233e-01
2.527183325382774126e-01
2.533618956402401978e-01
2.537540234919763993e-01
2.539812234451003237e-01
2.537540234919763993e-01
2.533618956402402533e-01
2.527183325382774126e-01
2.526211784748694233e-01
2.526186621447003566e-01
2.526259459864694801e-01
2.526280648946996332e-01
2.527210438175540586e-01
2.533566395593457865e-01
2.537428074105848586e-01
2.539593101733508829e-01
2.537428074105848586e-01
2.533566395593457310e-01
2.527210438175540586e-01
2.526280648946996332e-01
2.526259459864694246e-01
2.526426987919588862e-01
2.526445737945466896e-01
2.527269816173611794e-01
2.533518139925853285e-01
2.537334080550973647e-01
2.539539402013961111e-01
2.537334080550973647e-01
2.533518139925853285e-01
2.527269816173611794e-01
2.526445737945466896e-01
2.526426987919589418e-01
2.526522027961518591e-01
2.526547072620518586e-01
2.527310572667693100e-01
2.533478417659879578e-01
2.537220472165189200e-01
2.539327335166684518e-01
2.537220472165189200e-01
2.533478417659879578e-01
2.527310572667693100e-01
2.526547072620518586e-01
2.526522027961518591e-01
2.526758394372976002e-01
2.526776857714361224e-01
2.527406887877511887e-01
2.533442250818160879e-01
2.537138875865130871e-01
2.539279576952913065e-01
2.537138875865130871e-01
2.533442250818160879e-01
2.527406887877511887e-01
2.526776857714361224e-01
2.526758394372976557e-01
2.526894976586189778e-01
2.526916555825809430e-01
2.527464025157135641e-01
2.533417551774798104e-01
2.537031962698914067e-01
2.539067929797287348e-01
2.537031962698913512e-01
2.533417551774798104e-01
2.527464025157135641e-01
2.526916555825809430e-01
2.526894976586189778e-01
2.527220094164533970e-01
2.527239920115105232e-01
2.527614242233862663e-01
2.533412331514116600e-01
2.536971210730887827e-01
2.539039738509085709e-01
2.536971210730887827e-01
2.533412331514116600e-01
2.527614242233862663e-01
2.527239920115105232e-01
2.527220094164533970e-01
2.527412652965412287e-01
2.527432555020759364e-01
2.527703443854646403e-01
2.533407476140744352e-01
2.536879217762066929e-01
2.538836223656663615e-01
2.536879217762066929e-01
2.533407476140744352e-01
2.527703443854646403e-01
2.527432555020759364e-01
2.527412652965412287e-01
2.527865344270198156e-01
2.527882776188796754e-01
2.527928972613915914e-01
2.533452605834117799e-01
2.536855371284258975e-01
2.538839568786041001e-01
2.536855371284258975e-01
2.533452605834117799e-01
2.527928972613915914e-01
2.527882776188796754e-01
2.527865344270198156e-01
2.528130338455904513e-01
2.528151913559741892e-01
2.528064671475562242e-01
2.533478896613639009e-01
2.536785418451408258e-01
2.538654615614102106e-01
2.536785418451408258e-01
2.533478896613639009e-01
2.528064671475561687e-01
2.528151913559741892e-01
2.528130338455904513e-01
2.528759818289089689e-01
2.528777010418745697e-01
2.528396061805199824e-01
2.533592585116404838e-01
2.536815731972316690e-01
2.538703842359544272e-01
2.536815731972316690e-01
2.533592585116404838e-01
2.528396061805199824e-01
2.528777010418745697e-01
2.528759818289089689e-01
2.529128921836175659e-01
2.529149641007607530e-01
2.528592836331549631e-01
2.533660474176674393e-01
2.536774918719565397e-01
2.538544144910629408e-01
2.536774918719565397e-01
2.533660474176674393e-01
2.528592836331549631e-01
2.529149641007607530e-01
2.529128921836175659e-01
2.529999491593625249e-01
2.530018380608757833e-01
2.529064798436344574e-01
2.533859619132944330e-01
2.536868583450234693e-01
2.538646411085553334e-01
2.536868583450235248e-01
2.533859619132943775e-01
2.529064798436345129e-01
2.530018380608757833e-01
2.529999491593625249e-01
2.530513301544584648e-01
2.530532023519742602e-01
2.529342277424637131e-01
2.533974748620456685e-01
2.536857182673963873e-01
2.538506874042987249e-01
2.536857182673963318e-01
2.533974748620456685e-01
2.529342277424637131e-01
2.530532023519742602e-01
2.530513301544584648e-01
2.531715249002477464e-01
2.531734663442767319e-01
2.529996440493605947e-01
2.534269412507446084e-01
2.537006992013944862e-01
2.538650581438606779e-01
2.537006992013944862e-01
2.534269412507445529e-01
2.529996440493606502e-01
2.531734663442767319e-01
2.531715249002477464e-01
2.532425240432863434e-01
2.532443029909903220e-01
2.530379125981284671e-01
2.534433923481288486e-01
2.537011365255487094e-01
2.538503655275948234e-01
2.537011365255487094e-01
2.534433923481288486e-01
2.530379125981284671e-01
2.532443029909903220e-01
2.532425240432863434e-01
2.534083074993868645e-01
2.534102066488268523e-01
2.531273958113011147e-01
2.534828685176149787e-01
2.537193727583424430e-01
2.538657377733465892e-01
2.537193727583424430e-01
2.534828685176149787e-01
2.531273958113011147e-01
2.534102066488268523e-01
2.534083074993868645e-01
2.535061738616943283e-01
2.535078950183484725e-01
2.531797309373901572e-01
2.535046174258325791e-01
2.537188475616463101e-01
2.538450373243585911e-01
2.537188475616463101e-01
2.535046174258325236e-01
2.531797309373901572e-01
2.535078950183484170e-01
2.535061738616943283e-01
2.537347624187216155e-01
2.537366228015539571e-01
2.533024367368831298e-01
2.535560195385250792e-01
2.537382469025574183e-01
2.538583332582516339e-01
2.537382469025574183e-01
2.535560195385250792e-01
2.533024367368831298e-01
2.537366228015539571e-01
2.537347624187216155e-01
2.538697230352919276e-01
2.538715313068254376e-01
2.533747320842180684e-01
2.535848856885333791e-01
2.537347757987677976e-01
2.538256307655969435e-01
2.537347757987677976e-01
2.535848856885333791e-01
2.533747320842180684e-01
2.538715313068253820e-01
2.538697230352919831e-01
2.541855671997713118e-01
2.541874210404585499e-01
2.535458506414796642e-01
2.536554543616950097e-01
2.537581381535863878e-01
2.538387379938092936e-01
2.537581381535863878e-01
2.536554543616950097e-01
2.535458506414796642e-01
2.541874210404585499e-01
2.541855671997712562e-01
2.543720290283914554e-01
2.543748562910126410e-01
2.536477379403956345e-01
2.536971155585306947e-01
2.537536478889656499e-01
2.537919099589954763e-01
2.537536478889656499e-01
2.536971155585306947e-01
2.536477379403956345e-01
2.543748562910125854e-01
2.543720290283915109e-01
2.548114047895486678e-01
2.548132603452599176e-01
2.538922784404626376e-01
2.538042012339465359e-01
2.537950235474856209e-01
2.538183222051146326e-01
2.537950235474856209e-01
2.538042012339465359e-01
2.538922784404626376e-01
2.548132603452599176e-01
2.548114047895486123e-01
2.550702622777747952e-01
2.550756045225333613e-01
2.540386470394917495e-01
2.538707744800643984e-01
2.537991711999604827e-01
2.537650662573632809e-01
2.537991711999604827e-01
2.538707744800643984e-01
2.540386470394917495e-01
2.550756045225333057e-01
2.550702622777747952e-01
2.556853803349475873e-01
2.556878587841682759e-01
2.543940165108232732e-01
2.540451679732783075e-01
2.538881708557941819e-01
2.538338886821160933e-01
2.538881708557941819e-01
2.540451679732783075e-01
2.543940165108232732e-01
2.556878587841682759e-01
2.556853803349475873e-01
2.560471793128494267e-01
2.560550641331992283e-01
2.546059725091896486e-01
2.541554438926626469e-01
2.539197493397487571e-01
2.537950180482255180e-01
2.539197493397487571e-01
2.541554438926626469e-01
2.546059725091896486e-01
2.560550641331992283e-01
2.560471793128494267e-01
2.569068382460122368e-01
2.569113221220114540e-01
2.551191773343160496e-01
2.544381124557161811e-01
2.540970430036544880e-01
2.539457262864127096e-01
2.540970430036544880e-01
2.544381124557161811e-01
2.551191773343160496e-01
2.569113221220115095e-01
2.569068382460122368e-01
2.574127709039121803e-01
2.574223828561470473e-01
2.554222130687445746e-01
2.546121260874810166e-01
2.541784853829394120e-01
2.539484921769665227e-01
2.541784853829394120e-01
2.546121260874810166e-01
2.554222130687445746e-01
2.574223828561470473e-01
2.574127709039121803e-01
2.586075658711886049e-01
2.586129819683975484e-01
2.561431412971807431e-01
2.550388773042385204e-01
2.544755283821394931e-01
2.542105185186892546e-01
2.544755283821394931e-01
2.550388773042385204e-01
2.561431412971807431e-01
2.586129819683975484e-01
2.586075658711886049e-01
2.593081591338580738e-01
2.593188415997254581e-01
2.565621967366091272e-01
2.552876299541115279e-01
2.546167722125751709e-01
2.542664519476803830e-01
2.546167722125751709e-01
2.552876299541115279e-01
2.565621967366091272e-01
2.593188415997254581e-01
2.593081591338581293e-01
2.609528898885667414e-01
2.609574138101871665e-01
2.575373505393231399e-01
2.558653975741782549e-01
2.550232607078766200e-01
2.546254011099021719e-01
2.550232607078766200e-01
2.558653975741782549e-01
2.575373505393231399e-01
2.609574138101872220e-01
2.609528898885667414e-01
2.619129954180416942e-01
2.619211632348361074e-01
2.580951411281053320e-01
2.561808799486018362e-01
2.551986690853176865e-01
2.546966208249848984e-01
2.551986690853176865e-01
2.561808799486018362e-01
2.580951411281053876e-01
2.619211632348361074e-01
2.619129954180417497e-01
2.641499338119080997e-01
2.641547802376444931e-01
2.593692905532728465e-01
2.568734794312626524e-01
2.556355376911093047e-01
2.550623036072781624e-01
2.556355376911093047e-01
2.568734794312626524e-01
2.593692905532728465e-01
2.641547802376444931e-01
2.641499338119080997e-01
2.654578985391691237e-01
2.654620994742279416e-01
2.600948475334802223e-01
2.572277836540097784e-01
2.557703428835880199e-01
2.550305279324691088e-01
2.557703428835880755e-01
2.572277836540097229e-01
2.600948475334802779e-01
2.654620994742279416e-01
2.654578985391691792e-01
2.684945844815933014e-01
2.684991603893501222e-01
2.617432801382314489e-01
2.579797988100777650e-01
2.561021325864676346e-01
2.552446996291312109e-01
2.561021325864676346e-01
2.579797988100778205e-01
2.617432801382314489e-01
2.684991603893501777e-01
2.684945844815933014e-01
2.702760246540675815e-01
2.702810520481514489e-01
2.626938840272600162e-01
2.583514808676677932e-01
2.560961991053298248e-01
2.549247253366331845e-01
2.560961991053298248e-01
2.583514808676677932e-01
2.626938840272600162e-01
2.702810520481513934e-01
2.702760246540676370e-01
2.744291193975774146e-01
2.744342168641322743e-01
2.648877976259794154e-01
2.591780044505228031e-01
2.562349580707656282e-01
2.548708709200322442e-01
2.562349580707656282e-01
2.591780044505228031e-01
2.648877976259794154e-01
2.744342168641323298e-01
2.744291193975774146e-01
2.768745555013828463e-01
2.768805452732840955e-01
2.661865356528812510e-01
2.596170118864711274e-01
2.560486880686411726e-01
2.541213605311991031e-01
2.560486880686412281e-01
2.596170118864711274e-01
2.661865356528813065e-01
2.768805452732840400e-01
2.768745555013828463e-01
2.825924367194717624e-01
2.825998005612218589e-01
2.692635463179314237e-01
2.607577971487253232e-01
2.561621001241314310e-01
2.539503089091242338e-01
2.561621001241314310e-01
2.607577971487253232e-01
2.692635463179313682e-01
2.825998005612219144e-01
2.825924367194717068e-01
2.859664759116902211e-01
2.859735088369768086e-01
2.711282975042081378e-01
2.614674887930103497e-01
2.559608955153223619e-01
2.528809156334894115e-01
2.559608955153223619e-01
2.614674887930103497e-01
2.711282975042081933e-01
2.859735088369767531e-01
2.859664759116902211e-01
2.938580828022005487e-01
2.938697680629615006e-01
2.756152538814884423e-01
2.635299646176951782e-01
2.567070786218181855e-01
2.532700430835966299e-01
2.567070786218181855e-01
2.635299646176952337e-01
2.756152538814884423e-01
2.938697680629615006e-01
2.938580828022005487e-01
2.985118838857611090e-01
2.985230987212434961e-01
2.783368733359778968e-01
2.649074606142646227e-01
2.570006510562680702e-01
2.524866333375245242e-01
2.570006510562680702e-01
2.649074606142646227e-01
2.783368733359778968e-01
2.985230987212434961e-01
2.985118838857611090e-01
3.093806933646784385e-01
3.093883687043013087e-01
2.848293673566189010e-01
2.688189788403759217e-01
2.595922908699716536e-01
2.547331965496931749e-01
2.595922908699716536e-01
2.688189788403759217e-01
2.848293673566189010e-01
3.093883687043013642e-01
3.093806933646783830e-01
3.157562216558192913e-01
3.157635551319147305e-01
2.886486775963519880e-01
2.713294851147723397e-01
2.612113588096278138e-01
2.554667083587475185e-01
2.612113588096278138e-01
2.713294851147723397e-01
2.886486775963519880e-01
3.157635551319146749e-01
3.157562216558193469e-01
3.305826088805238205e-01
3.305907899226819269e-01
2.974188519609631265e-01
2.777566144578055840e-01
2.668684949824809416e-01
2.609607618295776699e-01
2.668684949824809416e-01
2.777566144578055840e-01
2.974188519609631265e-01
3.305907899226819269e-01
3.305826088805237650e-01
3.392644978325324301e-01
3.392695560778724584e-01
3.022596869940044617e-01
2.814065314023668773e-01
2.704343504410451904e-01
2.646536886212879081e-01
2.704343504410451904e-01
2.814065314023668773e-01
3.022596869940044617e-01
3.392695560778724584e-01
3.392644978325324301e-01
3.594471763200726144e-01
3.594529299266386868e-01
3.126116845012315570e-01
2.890840144892123376e-01
2.783119212190625635e-01
2.727421008755013809e-01
2.783119212190625635e-01
2.890840144892123376e-01
3.126116845012315570e-01
3.594529299266386868e-01
3.594471763200726144e-01
3.713210533480700848e-01
3.713371086136819654e-01
3.177902784136856784e-01
2.922111980239237017e-01
2.824060081314468951e-01
2.789661046351942786e-01
2.824060081314468951e-01
2.922111980239237017e-01
3.177902784136856784e-01
3.713371086136819654e-01
3.713210533480700848e-01
3.991733106516585083e-01
3.991913124960579928e-01
3.277385455772697798e-01
2.949401222200581096e-01
2.840669020757398133e-01
2.808719294606630279e-01
2.840669020757398133e-01
2.949401222200581096e-01
3.277385455772697798e-01
3.991913124960579928e-01
3.991733106516585083e-01
4.158330260834585124e-01
4.158462137325966701e-01
3.322418171257752739e-01
2.930514931573511284e-01
2.799903470686128659e-01
2.794885682165524909e-01
2.799903470686128659e-01
2.930514931573511284e-01
3.322418171257752739e-01
4.158462137325966701e-01
4.158330260834585124e-01
8.989621138680138346e-01
4.555222368542788391e-01
3.403421570462077939e-01
2.817094840249992349e-01
2.460804634773863520e-01
2.224470997594761856e-01
2.460804634773863520e-01
2.817094840249992349e-01
3.403421570462077939e-01
4.555222368542788391e-01
8.989621138680138346e-01
8.989621138680138346e-01
4.711590673470792412e-01
3.444295877274494710e-01
2.791098202897041580e-01
2.403398668025585883e-01
2.179786043023191622e-01
2.403398668025586160e-01
2.791098202897041580e-01
3.444295877274494710e-01
4.711590673470792412e-01
8.989621138680138346e-01
8.989621138680138346e-01
4.955045003168976336e-01
3.528883723587268317e-01
2.798840870872710829e-01
2.392146031576680154e-01
2.168246242740057284e-01
2.392146031576680154e-01
2.798840870872710274e-01
3.528883723587267762e-01
4.955045003168975781e-01
8.989621138680138346e-01
8.989621138680138346e-01
5.052940820537364930e-01
3.572109343029430950e-01
2.820895427690387480e-01
2.418926336641741837e-01
2.209639510155195774e-01
2.418926336641741837e-01
2.820895427690387480e-01
3.572109343029430950e-01
5.052940820537364930e-01
8.989621138680138346e-01
8.989621138680138346e-01
5.208953141492653760e-01
3.658311532756165496e-01
2.885619762227025764e-01
2.485819939772464793e-01
2.278605297722833545e-01
2.485819939772464793e-01
2.885619762227026319e-01
3.658311532756165496e-01
5.208953141492653760e-01
8.989621138680138346e-01
8.989621138680138346e-01
5.272822593998018892e-01
3.699334634489255258e-01
2.920608937085710233e-01
2.524311510824401306e-01
2.322865120220065915e-01
2.524311510824401306e-01
2.920608937085710233e-01
3.699334634489255258e-01
5.272822593998018892e-01
8.989621138680138346e-01
8.989621138680138346e-01
5.376596854327350128e-01
3.775433758706281395e-01
2.989572558741245278e-01
2.594215976520995448e-01
2.393597752769315579e-01
2.594215976520995448e-01
2.989572558741245278e-01
3.775433758706281395e-01
5.376596854327350128e-01
8.989621138680138346e-01
8.989621138680138346e-01
5.419546773514211102e-01
3.809516046443121029e-01
3.020656546282237676e-01
2.625224784837618119e-01
2.424831068667040457e-01
2.625224784837618119e-01
3.020656546282237120e-01
3.809516046443120474e-01
5.419546773514211102e-01
8.989621138680138346e-01
8.989621138680138346e-01
5.489941737964413315e-01
3.869165158923612013e-01
3.075004135803379168e-01
2.677794918746074226e-01
2.477268094081024608e-01
2.677794918746074226e-01
3.075004135803379168e-01
3.869165158923612013e-01
5.489941737964413315e-01
8.989621138680138346e-01
8.989621138680138346e-01
5.519138381173993579e-01
3.894707960199766394e-01
3.097500708727956575e-01
2.697938653716966950e-01
2.494835722993070382e-01
2.697938653716966950e-01
3.097500708727956575e-01
3.894707960199766394e-01
5.519138381173993579e-01
8.989621138680138346e-01
8.989621138680138346e-01
5.566992434515252164e-01
3.937448180631641370e-01
3.134300984664038503e-01
2.731342229134492983e-01
2.527600859006035039e-01
2.731342229134492428e-01
3.134300984664038503e-01
3.937448180631641370e-01
5.566992434515252164e-01
8.989621138680138346e-01
8.989621138680138346e-01
5.586781504073007332e-01
3.955137567959273737e-01
3.148622453834395429e-01
2.742412310653953855e-01
2.535132680140175787e-01
2.742412310653953855e-01
3.148622453834395429e-01
3.955137567959273737e-01
5.586781504073007332e-01
8.989621138680138346e-01
8.989621138680138346e-01
5.619121153207521369e-01
3.983696309148311854e-01
3.170913430550140188e-01
2.760855407957761298e-01
2.552774663450361747e-01
2.760855407957761298e-01
3.170913430550140188e-01
3.983696309148311854e-01
5.619121153207521369e-01
8.989621138680138346e-01
8.989621138680138346e-01
5.632426991370083069e-01
3.995198570042958752e-01
3.179107837524328128e-01
2.765841950054189202e-01
2.554335715561722453e-01
2.765841950054188647e-01
3.179107837524328128e-01
3.995198570042958752e-01
5.632426991370083069e-01
8.989621138680138346e-01
8.989621138680138346e-01
5.654027206894641777e-01
4.013225569111902313e-01
3.191316012644798694e-01
2.774524027051810671e-01
2.562270615046418620e-01
2.774524027051811226e-01
3.191316012644798694e-01
4.013225569111902313e-01
5.654027206894641777e-01
8.989621138680138346e-01
8.989621138680138346e-01
5.662855776568371802e-01
4.020338332100161227e-01
3.195533501176588964e-01
2.776050218106405065e-01
2.561004977100462821e-01
2.776050218106405065e-01
3.195533501176588964e-01
4.020338332100161227e-01
5.662855776568371802e-01
8.989621138680138346e-01
8.989621138680138346e-01
5.677101726019727623e-01
4.031201843361661430e-01
3.201528552519393167e-01
2.779198747830822769e-01
2.563547473340359040e-01
2.779198747830822769e-01
3.201528552519393167e-01
4.031201843361661430e-01
5.677101726019727623e-01
8.989621138680138346e-01
8.989621138680138346e-01
5.682880062936532806e-01
4.035414118592169919e-01
3.203437524355212118e-01
2.779068744368632937e-01
2.561380292693015703e-01
2.779068744368632937e-01
3.203437524355212118e-01
4.035414118592169919e-01
5.682880062936532806e-01
8.989621138680138346e-01
8.989621138680138346e-01
5.692164954802666488e-01
4.041713891596468988e-01
3.205965388627647350e-01
2.779485402155325580e-01
2.561324615158465101e-01
2.779485402155325580e-01
3.205965388627647350e-01
4.041713891596468988e-01
5.692164954802666488e-01
8.989621138680138346e-01
8.989621138680138346e-01
5.695911653528062946e-01
4.044101663789932410e-01
3.206664614567769078e-01
2.778751932470436836e-01
2.559212285040841639e-01
2.778751932470436836e-01
3.206664614567769078e-01
4.044101663789932966e-01
5.695911653528062946e-01
8.989621138680138346e-01
8.989621138680138346e-01
5.701854153026606475e-01
4.047621828051901072e-01
3.207453586618892460e-01
2.778078443905680484e-01
2.558175302034422227e-01
2.778078443905680484e-01
3.207453586618893016e-01
4.047621828051900517e-01
5.701854153026607586e-01
8.989621138680138346e-01
8.989621138680138346e-01
5.704238893985736913e-01
4.048923222304722236e-01
3.207598748563498803e-01
2.777276573562294515e-01
2.556510670590219636e-01
2.777276573562294515e-01
3.207598748563498803e-01
4.048923222304722791e-01
5.704238893985736913e-01
8.989621138680138346e-01
8.989621138680138346e-01
5.707955295467657120e-01
4.050825430699692697e-01
3.207648215296501348e-01
2.776385698224026477e-01
2.555361198774419584e-01
2.776385698224026477e-01
3.207648215296501348e-01
4.050825430699692142e-01
5.707955295467657120e-01
8.989621138680138346e-01
8.989621138680138346e-01
5.709437797885066335e-01
4.051516728978482029e-01
3.207600015410810856e-01
2.775747144064538707e-01
2.554227292861659948e-01
2.775747144064538707e-01
3.207600015410810856e-01
4.051516728978482584e-01
5.709437797885066335e-01
8.989621138680138346e-01
8.989621138680138346e-01
5.711725842131635256e-01
4.052554077769435770e-01
3.207448432753093881e-01
2.775028966237779726e-01
2.553346062278513684e-01
2.775028966237779726e-01
3.207448432753093881e-01
4.052554077769435770e-01
5.711725842131636366e-01
8.989621138680138346e-01
8.989621138680138346e-01
5.712650604709071933e-01
4.052936657403917731e-01
3.207384703659180158e-01
2.774623169421429614e-01
2.552672357801817893e-01
2.774623169421429614e-01
3.207384703659180158e-01
4.052936657403917731e-01
5.712650604709070823e-01
8.989621138680138346e-01
8.989621138680138346e-01
5.714079215082971119e-01
4.053572851049740966e-01
3.207303143995156036e-01
2.774211874122438082e-01
2.552164891191759377e-01
2.774211874122438082e-01
3.207303143995156591e-01
4.053572851049740966e-01
5.714079215082971119e-01
8.989621138680138346e-01
8.989621138680138346e-01
5.714679765440364712e-01
4.053838886834738586e-01
3.207307656066846757e-01
2.774031962122757156e-01
2.551843857011892314e-01
2.774031962122757156e-01
3.207307656066846757e-01
4.053838886834738586e-01
5.714679765440363601e-01
8.989621138680138346e-01
8.989621138680138346e-01
5.715645622932840064e-01
4.054357666171489738e-01
3.207422693154062809e-01
2.773954144020693846e-01
2.551706234650186200e-01
2.773954144020693846e-01
3.207422693154062809e-01
4.054357666171489738e-01
5.715645622932840064e-01
8.989621138680138346e-01
8.989621138680138346e-01
5.716076832320349244e-01
4.054621716117915442e-01
3.207538066285415823e-01
2.773972982255880071e-01
2.551649492146779163e-01
2.773972982255880071e-01
3.207538066285415823e-01
4.054621716117915442e-01
5.716076832320348133e-01
8.989621138680138346e-01
8.989621138680138346e-01
5.716843681186970505e-01
4.055200645284516847e-01
3.207909740377711261e-01
2.774229380655470756e-01
2.551866149055046495e-01
2.774229380655470756e-01
3.207909740377711261e-01
4.055200645284516847e-01
5.716843681186970505e-01
8.989621138680138346e-01
8.989621138680138346e-01
5.717212214123366110e-01
4.055527760594984099e-01
3.208162071042665597e-01
2.774435134086303822e-01
2.552029975284085817e-01
2.774435134086303822e-01
3.208162071042665597e-01
4.055527760594984099e-01
5.717212214123366110e-01
8.989621138680138346e-01
8.989621138680138346e-01
5.717937210944026294e-01
4.056273609134549707e-01
3.208837919150657747e-01
2.775048646271779385e-01
2.552619397302067217e-01
2.775048646271779385e-01
3.208837919150657747e-01
4.056273609134549152e-01
5.717937210944026294e-01
8.989621138680138346e-01
8.989621138680138346e-01
5.718306742234311457e-01
4.056704106779173702e-01
3.209253040100071286e-01
2.775458621858211683e-01
2.553015009690412507e-01
2.775458621858211683e-01
3.209253040100071286e-01
4.056704106779173702e-01
5.718306742234311457e-01
8.989621138680138346e-01
8.989621138680138346e-01
5.719076750434853862e-01
4.057682953215940858e-01
3.210288175921104381e-01
2.776484699791678668e-01
2.554033154444300679e-01
2.776484699791678668e-01
3.210288175921104381e-01
4.057682953215940858e-01
5.719076750434852752e-01
8.989621138680138346e-01
8.989621138680138346e-01
5.719479854590744372e-01
4.058242395290246329e-01
3.210893846873722479e-01
2.777136892871687190e-01
2.554713281158325633e-01
2.777136892871687190e-01
3.210893846873721924e-01
4.058242395290246329e-01
5.719479854590744372e-01
8.989621138680138346e-01
8.989621138680138346e-01
5.720335860605770817e-01
4.059489902803543604e-01
3.212333654637531399e-01
2.778633539607280323e-01
2.556219337270110858e-01
2.778633539607280323e-01
3.212333654637531399e-01
4.059489902803543604e-01
5.720335860605770817e-01
8.989621138680138346e-01
8.989621138680138346e-01
5.720785954121844208e-01
4.060185292096852860e-01
3.213144597813391012e-01
2.779558312280412946e-01
2.557237783939821929e-01
2.779558312280412391e-01
3.213144597813391012e-01
4.060185292096852860e-01
5.720785954121845318e-01
8.989621138680138346e-01
8.989621138680138346e-01
5.721719612692470758e-01
4.061697387141081084e-01
3.214983804140149615e-01
2.781527585134887515e-01
2.559230981952683726e-01
2.781527585134887515e-01
3.214983804140149615e-01
4.061697387141081084e-01
5.721719612692470758e-01
8.989621138680138346e-01
8.989621138680138346e-01
5.722212033284234112e-01
4.062505404617656746e-01
3.215981386237177775e-01
2.782705329868340738e-01
2.560577372882426594e-01
2.782705329868340738e-01
3.215981386237177775e-01
4.062505404617656746e-01
5.722212033284234112e-01
8.989621138680138346e-01
8.989621138680138346e-01
5.723166075456252999e-01
4.064227590962314896e-01
3.218125286620684977e-01
2.785039924207354245e-01
2.562939207067133074e-01
2.785039924207354245e-01
3.218125286620684977e-01
4.064227590962314896e-01
5.723166075456252999e-01
8.989621138680138346e-01
8.989621138680138346e-01
5.723663779157326381e-01
4.065100542183170407e-01
3.219249952404492077e-01
2.786369273955490167e-01
2.564483827988432441e-01
2.786369273955490167e-01
3.219249952404492077e-01
4.065100542183170407e-01
5.723663779157327491e-01
8.989621138680138346e-01
8.989621138680138346e-01
5.724559710280994196e-01
4.066942510157601220e-01
3.221536853659525135e-01
2.788861958912465799e-01
2.566988079954259927e-01
2.788861958912465799e-01
3.221536853659525135e-01
4.066942510157601220e-01
5.724559710280994196e-01
8.989621138680138346e-01
8.989621138680138346e-01
5.724991923475987177e-01
4.067854431328780107e-01
3.222714077707613534e-01
2.790193150015032320e-01
2.568503046485811625e-01
2.790193150015032320e-01
3.222714077707613534e-01
4.067854431328780107e-01
5.724991923475987177e-01
8.989621138680138346e-01
8.989621138680138346e-01
5.725718327448680034e-01
4.069769521756915753e-01
3.225062220783783129e-01
2.792684356293533843e-01
2.570983607042426344e-01
2.792684356293533843e-01
3.225062220783783129e-01
4.069769521756915753e-01
5.725718327448680034e-01
8.989621138680138346e-01
8.989621138680138346e-01
5.726023044959437369e-01
4.070751240766479762e-01
3.226293808633834415e-01
2.793968676768820436e-01
2.572304052456415580e-01
2.793968676768820436e-01
3.226293808633834415e-01
4.070751240766479206e-01
5.726023044959437369e-01
8.989621138680138346e-01
8.989621138680138346e-01
5.726415347647709764e-01
4.072862328774635721e-01
3.228944148514893420e-01
2.796675077014499911e-01
2.575002765765120882e-01
2.796675077014499911e-01
3.228944148514893975e-01
4.072862328774635721e-01
5.726415347647709764e-01
8.989621138680138346e-01
8.989621138680138346e-01
5.726505661249388091e-01
4.074023857406514071e-01
3.230465169245032575e-01
2.798197433016055835e-01
2.576372949505124632e-01
2.798197433016055835e-01
3.230465169245032020e-01
4.074023857406513516e-01
5.726505661249388091e-01
8.989621138680138346e-01
8.989621138680138346e-01
5.726349374756716237e-01
4.076656699797985284e-01
3.234209628978561568e-01
2.802115142746275933e-01
2.580335034231429625e-01
2.802115142746275933e-01
3.234209628978561568e-01
4.076656699797985284e-01
5.726349374756716237e-01
8.989621138680138346e-01
8.989621138680138346e-01
5.726013678064432177e-01
4.078208683314281657e-01
3.236576603393318541e-01
2.804706499509598272e-01
2.582841806359421066e-01
2.804706499509598272e-01
3.236576603393318541e-01
4.078208683314281657e-01
5.726013678064432177e-01
8.989621138680138346e-01
8.989621138680138346e-01
5.724802345895395606e-01
4.081716570916981146e-01
3.242751800613954960e-01
2.811749869363243115e-01
2.590122564533538507e-01
2.811749869363243115e-01
3.242751800613954960e-01
4.081716570916981146e-01
5.724802345895395606e-01
8.989621138680138346e-01
8.989621138680138346e-01
5.723664262024197313e-01
4.083761898182555750e-01
3.246692044947184774e-01
2.816773266729424852e-01
2.595789574111674325e-01
2.816773266729424852e-01
3.246692044947184774e-01
4.083761898182555750e-01
5.723664262024197313e-01
8.989621138680138346e-01
8.989621138680138346e-01
5.720186885216671513e-01
4.088057755647735436e-01
3.256552758237502010e-01
2.829126844813418806e-01
2.608859615096716933e-01
2.829126844813418806e-01
3.256552758237502010e-01
4.088057755647735436e-01
5.720186885216671513e-01
8.989621138680138346e-01
8.989621138680138346e-01
5.717443549911814804e-01
4.090214576595078699e-01
3.262470484814170013e-01
2.837852464014403164e-01
2.619929968498637685e-01
2.837852464014403164e-01
3.262470484814170013e-01
4.090214576595078699e-01
5.717443549911814804e-01
8.989621138680138346e-01
8.989621138680138346e-01
5.709487009349866193e-01
4.093943859553816345e-01
3.275770149692697752e-01
2.856178895106600835e-01
2.639689884875965342e-01
2.856178895106600280e-01
3.275770149692697752e-01
4.093943859553816345e-01
5.709487009349866193e-01
8.989621138680138346e-01
8.989621138680138346e-01
5.703631556478664377e-01
4.095085039860030807e-01
3.282896737431468814e-01
2.868401253879012125e-01
2.656781497757731425e-01
2.868401253879012125e-01
3.282896737431468814e-01
4.095085039860030807e-01
5.703631556478664377e-01
8.989621138680138346e-01
8.989621138680138346e-01
5.687503825286072123e-01
4.095030492305002379e-01
3.296215890202578991e-01
2.889284249147335837e-01
2.679772746422056651e-01
2.889284249147335837e-01
3.296215890202578991e-01
4.095030492305001824e-01
5.687503825286072123e-01
8.989621138680138346e-01
8.989621138680138346e-01
5.676212387890028355e-01
4.093166434748957694e-01
3.301926029888480052e-01
2.901714015607318453e-01
2.699078891679741465e-01
2.901714015607318453e-01
3.301926029888480052e-01
4.093166434748957694e-01
5.676212387890028355e-01
8.989621138680138346e-01
8.989621138680138346e-01
5.646090456752590470e-01
4.084813621351486290e-01
3.308408163947142988e-01
2.916255636835656806e-01
2.715840071428046176e-01
2.916255636835656806e-01
3.308408163947142988e-01
4.084813621351486290e-01
5.646090456752590470e-01
8.989621138680138346e-01
8.989621138680138346e-01
5.625807662938265841e-01
4.077826605660871406e-01
3.308981748387782584e-01
2.922267158057655356e-01
2.727454409819502490e-01
2.922267158057655356e-01
3.308981748387782584e-01
4.077826605660870851e-01
5.625807662938266951e-01
8.989621138680138346e-01
8.989621138680138346e-01
5.573012020541195932e-01
4.058014005725221751e-01
3.302766245899382835e-01
2.920257506087105548e-01
2.726408926753272621e-01
2.920257506087105548e-01
3.302766245899382835e-01
4.058014005725221751e-01
5.573012020541195932e-01
8.989621138680138346e-01
8.989621138680138346e-01
5.538201807612564975e-01
4.045632761578281666e-01
3.297702677385085934e-01
2.914467268893942697e-01
2.718331343993648508e-01
2.914467268893942697e-01
3.297702677385085379e-01
4.045632761578281666e-01
5.538201807612564975e-01
8.989621138680138346e-01
8.989621138680138346e-01
5.448793792065739217e-01
4.017225135421499393e-01
3.287826342672118263e-01
2.901791219838000813e-01
2.703702220161705583e-01
2.901791219838000813e-01
3.287826342672118263e-01
4.017225135421499393e-01
5.448793792065739217e-01
8.989621138680138346e-01
8.989621138680138346e-01
5.390055079247815240e-01
4.002907942879979086e-01
3.290059803844277431e-01
2.895643099845913726e-01
2.679237952326501415e-01
2.895643099845913726e-01
3.290059803844277431e-01
4.002907942879979086e-01
5.390055079247815240e-01
8.989621138680138346e-01
8.989621138680138346e-01
5.238829732677885431e-01
3.975953961438835615e-01
3.326342123429466002e-01
2.942666285795017544e-01
2.724237992741476710e-01
2.942666285795018100e-01
3.326342123429465447e-01
3.975953961438836171e-01
5.238829732677885431e-01
8.989621138680138346e-01
8.989621138680138346e-01
5.138745716456849522e-01
3.963142652704076951e-01
3.372651161350519455e-01
3.011240447037613066e-01
2.767730025085431422e-01
3.011240447037613066e-01
3.372651161350519455e-01
3.963142652704076951e-01
5.138745716456849522e-01
8.989621138680138346e-01
8.989621138680138346e-01
4.878784512060370115e-01
3.934838691497345442e-01
3.529327188162284523e-01
3.391127495351426990e-01
3.378787373611600864e-01
3.391127495351426990e-01
3.529327188162284523e-01
3.934838691497345442e-01
4.878784512060370115e-01
8.989621138680138346e-01
4.705230614838117331e-01
4.705168064649151161e-01
3.909504732564278440e-01
3.569819164880593254e-01
3.459098267536483418e-01
3.428096586468848961e-01
3.459098267536483418e-01
3.569819164880593254e-01
3.909504732564278440e-01
4.705168064649151161e-01
4.705230614838117331e-01
4.418491019399939379e-01
4.418517428239615019e-01
3.839533039021007510e-01
3.580996844915299016e-01
3.487913067686567170e-01
3.457231578876144296e-01
3.487913067686567170e-01
3.580996844915298460e-01
3.839533039021007510e-01
4.418517428239615019e-01
4.418491019399939379e-01
4.297073510848063993e-01
4.297361044350146431e-01
3.798928937564495789e-01
3.565267110099794023e-01
3.466720704355194527e-01
3.418976025637360805e-01
3.466720704355194527e-01
3.565267110099794023e-01
3.798928937564495789e-01
4.297361044350146431e-01
4.297073510848063993e-01
4.092829686054724192e-01
4.092917042996160326e-01
3.711389404447854590e-01
3.510275521257789078e-01
3.412833803772750696e-01
3.364496862035593061e-01
3.412833803772750696e-01
3.510275521257789078e-01
3.711389404447854590e-01
4.092917042996160326e-01
4.092829686054724192e-01
4.005274046890106021e-01
4.005277207111919147e-01
3.668196836120393156e-01
3.479925123314359103e-01
3.382385012984321371e-01
3.330671720693777482e-01
3.382385012984321371e-01
3.479925123314359103e-01
3.668196836120393156e-01
4.005277207111919147e-01
4.005274046890106021e-01
3.855670057346392010e-01
3.855727709931501823e-01
3.585997833393417822e-01
3.420100769001314656e-01
3.328536094920629407e-01
3.278543309910872394e-01
3.328536094920629407e-01
3.420100769001314656e-01
3.585997833393417822e-01
3.855727709931501823e-01
3.855670057346392010e-01
3.791153464218728897e-01
3.791221782194063028e-01
3.548621096024546229e-01
3.393935297361537207e-01
3.307782656318317693e-01
3.262102440287839022e-01
3.307782656318317693e-01
3.393935297361537207e-01
3.548621096024546229e-01
3.791221782194063028e-01
3.791153464218728897e-01
3.680663444964775155e-01
3.680725913998208476e-01
3.482268074351788090e-01
3.348861620007793083e-01
3.272404207652314101e-01
3.229693366925664999e-01
3.272404207652314101e-01
3.348861620007793083e-01
3.482268074351788090e-01
3.680725913998208476e-01
3.680663444964775155e-01
3.633005877983243592e-01
3.633102118708619876e-01
3.453403357457013878e-01
3.330835265620841201e-01
3.261823876458880278e-01
3.225913850461352705e-01
3.261823876458880278e-01
3.330835265620841201e-01
3.453403357457013878e-01
3.633102118708619876e-01
3.633005877983243592e-01
3.551539179926160306e-01
3.551624891074521284e-01
3.404054794339759216e-01
3.301297673846027569e-01
3.242537919868189178e-01
3.209774268951288700e-01
3.242537919868189178e-01
3.301297673846027569e-01
3.404054794339759216e-01
3.551624891074521284e-01
3.551539179926160306e-01
3.516494881788467253e-01
3.516558799796839496e-01
3.383034842790000329e-01
3.289876806325829905e-01
3.238135913934984678e-01
3.211779146502868887e-01
3.238135913934984678e-01
3.289876806325829905e-01
3.383034842790000329e-01
3.516558799796839496e-01
3.516494881788467253e-01
3.456654210565571761e-01
3.456707871358530304e-01
3.347596375418768755e-01
3.271154296336973299e-01
3.228213777081404001e-01
3.204568140548116340e-01
3.228213777081404001e-01
3.271154296336973299e-01
3.347596375418768755e-01
3.456707871358530304e-01
3.456654210565571761e-01
3.430917887864108895e-01
3.430955530677781695e-01
3.332544729582024856e-01
3.263802500599760625e-01
3.226407768375395557e-01
3.207660279325373898e-01
3.226407768375395557e-01
3.263802500599760625e-01
3.332544729582024856e-01
3.430955530677781695e-01
3.430917887864108895e-01
3.386960043673106213e-01
3.386962892989221485e-01
3.307099048407327047e-01
3.251270606822689313e-01
3.220519386093899650e-01
3.203854299343070200e-01
3.220519386093899650e-01
3.251270606822689313e-01
3.307099048407327047e-01
3.386962892989221485e-01
3.386960043673106213e-01
3.367987674787502606e-01
3.368038068528756424e-01
3.296203872511233035e-01
3.246078134720172814e-01
3.219275206686839641e-01
3.205928167565939013e-01
3.219275206686839641e-01
3.246078134720172814e-01
3.296203872511233035e-01
3.368038068528756424e-01
3.367987674787502606e-01
3.335596882664498830e-01
3.335624891005777304e-01
3.277537396914158574e-01
3.236773259725889140e-01
3.214620890308332868e-01
3.202728141889082947e-01
3.214620890308332868e-01
3.236773259725889140e-01
3.277537396914158019e-01
3.335624891005777304e-01
3.335596882664498830e-01
3.321627265103537230e-01
3.321634376225969243e-01
3.269465328816070770e-01
3.232730655403786013e-01
3.213209521677731217e-01
3.203455407671430555e-01
3.213209521677731217e-01
3.232730655403786013e-01
3.269465328816070770e-01
3.321634376225969243e-01
3.321627265103537230e-01
3.297634788427981634e-01
3.297648518994528710e-01
3.255461935055624645e-01
3.225258638264472677e-01
3.208900527100017608e-01
3.200114684121377340e-01
3.208900527100017608e-01
3.225258638264472677e-01
3.255461935055624645e-01
3.297648518994528710e-01
3.297634788427981634e-01
3.287247313756127554e-01
3.287307956314993174e-01
3.249339984682060312e-01
3.221965449129505221e-01
3.207339273992959594e-01
3.199926387656305549e-01
3.207339273992959594e-01
3.221965449129505221e-01
3.249339984682060312e-01
3.287307956314993174e-01
3.287247313756127554e-01
3.269511550978445591e-01
3.269499652202369488e-01
3.238749465890122803e-01
3.215877416485572460e-01
3.203416124776928831e-01
3.196676493168092437e-01
3.203416124776928831e-01
3.215877416485572460e-01
3.238749465890122248e-01
3.269499652202369488e-01
3.269511550978445591e-01
3.261785127199356427e-01
3.261892616764327513e-01
3.234097036782804246e-01
3.213222387877529007e-01
3.201936183776407652e-01
3.196132593675232725e-01
3.201936183776407652e-01
3.213222387877529007e-01
3.234097036782804246e-01
3.261892616764327513e-01
3.261785127199356427e-01
3.248744953352124543e-01
3.248749192899741955e-01
3.226136207576074666e-01
3.208396358661475545e-01
3.198644625380211992e-01
3.193313315511706052e-01
3.198644625380211992e-01
3.208396358661475545e-01
3.226136207576074666e-01
3.248749192899741955e-01
3.248744953352124543e-01
3.243083197343195612e-01
3.243171861158733460e-01
3.222646012084642297e-01
3.206347909826155473e-01
3.197417656105799866e-01
3.192786321877477684e-01
3.197417656105799866e-01
3.206347909826155473e-01
3.222646012084642297e-01
3.243171861158733460e-01
3.243083197343195612e-01
3.233564348794252807e-01
3.233553495285262924e-01
3.216751550076632493e-01
3.202679150858167567e-01
3.194878620233918554e-01
3.190574684966718255e-01
3.194878620233918554e-01
3.202679150858167567e-01
3.216751550076632493e-01
3.233553495285262924e-01
3.233564348794252807e-01
3.229420444087997000e-01
3.229497465548749613e-01
3.214167565186532016e-01
3.201162784859187815e-01
3.193968658070636679e-01
3.190200697384174555e-01
3.193968658070636679e-01
3.201162784859187815e-01
3.214167565186532016e-01
3.229497465548749613e-01
3.229420444087997555e-01
3.222508185349769461e-01
3.222478719296349436e-01
3.209859939281439201e-01
3.198486716940428520e-01
3.192133071394938626e-01
3.188609628500412851e-01
3.192133071394938626e-01
3.198486716940428520e-01
3.209859939281439201e-01
3.222478719296349436e-01
3.222508185349769461e-01
3.219480796980089821e-01
3.219530961714519024e-01
3.207978624772147014e-01
3.197388703421003009e-01
3.191509861276430327e-01
3.188393682712356569e-01
3.191509861276430327e-01
3.197388703421003009e-01
3.207978624772146459e-01
3.219530961714519024e-01
3.219480796980089821e-01
3.214437192469705162e-01
3.214415208437080285e-01
3.204840955924994073e-01
3.195485224357665355e-01
3.190233652862645153e-01
3.187312613499859726e-01
3.190233652862645153e-01
3.195485224357665355e-01
3.204840955924994073e-01
3.214415208437080285e-01
3.214437192469705162e-01
3.212239269991096213e-01
3.212249519214073201e-01
3.203483733277673329e-01
3.194698122396463780e-01
3.189818063912968626e-01
3.187205378409922463e-01
3.189818063912968626e-01
3.194698122396464335e-01
3.203483733277673329e-01
3.212249519214073201e-01
3.212239269991096213e-01
3.208525287737117315e-01
3.208510456841209280e-01
3.201192416818617881e-01
3.193346859118011971e-01
3.188941070487333329e-01
3.186484836564864587e-01
3.188941070487333329e-01
3.193346859118011971e-01
3.201192416818618436e-01
3.208510456841209280e-01
3.208525287737117315e-01
3.206916916905169224e-01
3.206908256190076911e-01
3.200206430561223225e-01
3.192782583298809929e-01
3.188657025966993852e-01
3.186428558832938296e-01
3.188657025966993852e-01
3.192782583298809929e-01
3.200206430561223225e-01
3.206908256190076911e-01
3.206916916905169224e-01
3.204168841870368989e-01
3.204153893341845638e-01
3.198528213419420396e-01
3.191810969547632104e-01
3.188043858903978900e-01
3.185938671608122830e-01
3.188043858903978900e-01
3.191810969547632104e-01
3.198528213419420951e-01
3.204153893341845638e-01
3.204168841870368989e-01
3.202978943693073344e-01
3.202968085651914931e-01
3.197804437284245127e-01
3.191401187247999705e-01
3.187838108828970340e-01
3.185894831606165822e-01
3.187838108828969785e-01
3.191401187248000260e-01
3.197804437284244572e-01
3.202968085651914931e-01
3.202978943693073344e-01
3.200944316540722534e-01
3.200928026342373389e-01
3.196570455285859813e-01
3.190689121694038066e-01
3.187392122325741761e-01
3.185544304601177767e-01
3.187392122325741761e-01
3.190689121694038066e-01
3.196570455285859813e-01
3.200928026342373389e-01
3.200944316540722534e-01
3.200060990948519479e-01
3.200050813323306875e-01
3.196035764009848568e-01
3.190384610026184564e-01
3.187232638622281011e-01
3.185495182612806953e-01
3.187232638622281011e-01
3.190384610026184564e-01
3.196035764009848568e-01
3.200050813323306875e-01
3.200060990948519479e-01
3.198554280315918374e-01
3.198537913333650007e-01
3.195122674381710159e-01
3.189852057643334238e-01
3.186893825700433669e-01
3.185230506038598253e-01
3.186893825700433669e-01
3.189852057643334238e-01
3.195122674381710715e-01
3.198537913333650007e-01
3.198554280315918930e-01
3.197898997835825208e-01
3.197888056338322738e-01
3.194725581238486711e-01
3.189619992556205208e-01
3.186763523180323743e-01
3.185171599776932538e-01
3.186763523180323743e-01
3.189619992556205208e-01
3.194725581238486711e-01
3.197888056338322738e-01
3.197898997835825208e-01
3.196781293796890910e-01
3.196766400535427932e-01
3.194045584153638595e-01
3.189213871167738690e-01
3.186497745749227173e-01
3.184964930541409056e-01
3.186497745749227173e-01
3.189213871167738690e-01
3.194045584153638595e-01
3.196766400535427932e-01
3.196781293796890910e-01
3.196296302809698564e-01
3.196283555625355488e-01
3.193748310945906943e-01
3.189034069168516505e-01
3.186387346764078532e-01
3.184898080698309597e-01
3.186387346764078532e-01
3.189034069168516505e-01
3.193748310945906943e-01
3.196283555625355488e-01
3.196296302809698564e-01
3.195466021651756083e-01
3.195450865624404613e-01
3.193239698715409913e-01
3.188718504964590528e-01
3.186174932125355741e-01
3.184734378540496902e-01
3.186174932125355741e-01
3.188718504964590528e-01
3.193239698715409913e-01
3.195450865624404613e-01
3.195466021651756083e-01
3.195104933323304475e-01
3.195092569334950783e-01
3.193016369908216467e-01
3.188577724163846328e-01
3.186078354411895353e-01
3.184662461346434714e-01
3.186078354411895353e-01
3.188577724163846328e-01
3.193016369908216467e-01
3.195092569334950783e-01
3.195104933323304475e-01
3.194488768977895021e-01
3.194472308226016799e-01
3.192632954575644333e-01
3.188329715732726166e-01
3.185906274096184099e-01
3.184530944370810301e-01
3.185906274096184099e-01
3.188329715732726166e-01
3.192632954575644333e-01
3.194472308226016244e-01
3.194488768977895576e-01
3.194218662365401751e-01
3.194206145470711578e-01
3.192466341372951488e-01
3.188216784884541632e-01
3.185820302608661780e-01
3.184455366983298674e-01
3.185820302608661225e-01
3.188216784884541632e-01
3.192466341372950933e-01
3.194206145470711578e-01
3.194218662365401751e-01
3.193758856826096060e-01
3.193744563546876969e-01
3.192174304192207379e-01
3.188021699395759967e-01
3.185677534849426507e-01
3.184348588436468619e-01
3.185677534849426507e-01
3.188021699395759967e-01
3.192174304192207379e-01
3.193744563546876969e-01
3.193758856826096060e-01
3.193560136915459258e-01
3.193544390219702489e-01
3.192046895225848502e-01
3.187927988161667892e-01
3.185600759760573997e-01
3.184264418803982033e-01
3.185600759760573997e-01
3.187927988161667892e-01
3.192046895225848502e-01
3.193544390219702489e-01
3.193560136915459258e-01
3.193215228243281301e-01
3.193201351410827060e-01
3.191826035264087036e-01
3.187771905916442217e-01
3.185478923848936161e-01
3.184174553426705190e-01
3.185478923848936161e-01
3.187771905916442217e-01
3.191826035264087036e-01
3.193201351410827060e-01
3.193215228243281301e-01
3.193067245753841155e-01
3.193052706195988466e-01
3.191725051148420755e-01
3.187696998193098041e-01
3.185407837145387000e-01
3.184084884452038078e-01
3.185407837145387000e-01
3.187696998193098596e-01
3.191725051148420755e-01
3.193052706195988466e-01
3.193067245753841155e-01
3.192813870089739048e-01
3.192796377715271250e-01
3.191562289484162207e-01
3.187571003590122243e-01
3.185308280417701310e-01
3.184010623740476387e-01
3.185308280417701865e-01
3.187571003590121688e-01
3.191562289484162207e-01
3.192796377715271805e-01
3.192813870089739048e-01
3.192700329197319387e-01
3.192689824462850434e-01
3.191489977786749477e-01
3.187513114685842086e-01
3.185246175810719227e-01
3.183931591189722021e-01
3.185246175810719227e-01
3.187513114685842641e-01
3.191489977786749477e-01
3.192689824462850434e-01
3.192700329197319942e-01
3.192517216785628609e-01
3.192499908961557997e-01
3.191374828229362470e-01
3.187417234366508589e-01
3.185174543876884701e-01
3.183891664272601174e-01
3.185174543876884701e-01
3.187417234366508589e-01
3.191374828229362470e-01
3.192499908961557997e-01
3.192517216785628609e-01
3.192434414410674770e-01
3.192423890156629307e-01
3.191330155498771637e-01
3.187369680412724948e-01
3.185122435968476551e-01
3.183817628542860434e-01
3.185122435968476551e-01
3.187369680412725503e-01
3.191330155498771637e-01
3.192423890156628752e-01
3.192434414410674770e-01
3.192304383300550996e-01
3.192287693933774095e-01
3.191251713062979722e-01
3.187294203346598964e-01
3.185065525242126161e-01
3.183795042704533618e-01
3.185065525242126161e-01
3.187294203346599519e-01
3.191251713062980278e-01
3.192287693933774095e-01
3.192304383300550441e-01
3.192245984021505611e-01
3.192235163543626908e-01
3.191224776896039450e-01
3.187259413606818303e-01
3.185017728642078882e-01
3.183722972555902420e-01
3.185017728642078882e-01
3.187259413606818303e-01
3.191224776896039450e-01
3.192235163543626908e-01
3.192245984021506167e-01
3.192158527293912917e-01
3.192142555025243578e-01
3.191177108236977755e-01
3.187201689197119436e-01
3.184971164018077783e-01
3.183712468367435600e-01
3.184971164018077783e-01
3.187201689197119436e-01
3.191177108236978310e-01
3.192142555025243578e-01
3.192158527293912917e-01
3.192120229040980584e-01
3.192109439312441066e-01
3.191157412015473427e-01
3.187173139949837641e-01
3.184924181077113947e-01
3.183634888161160359e-01
3.184924181077113947e-01
3.187173139949837641e-01
3.191157412015473427e-01
3.192109439312441066e-01
3.192120229040980584e-01
3.192069015773145724e-01
3.192055190656263863e-01
3.191129576544329272e-01
3.187139668765263112e-01
3.184881564885795879e-01
3.183606223438188443e-01
3.184881564885795879e-01
3.187139668765263112e-01
3.191129576544329272e-01
3.192055190656264418e-01
3.192069015773145724e-01
3.192050357542086103e-01
3.192037284177844381e-01
3.191114888484360979e-01
3.187113466606716350e-01
3.184839864998300074e-01
3.183524377032820873e-01
3.184839864998300074e-01
3.187113466606716350e-01
3.191114888484360979e-01
3.192037284177844381e-01
3.192050357542086103e-01
3.192028206800159307e-01
3.192010058986118892e-01
3.191109243937111373e-01
3.187126973394479035e-01
3.184844736042169444e-01
3.183530546143411577e-01
3.184844736042169444e-01
3.187126973394479035e-01
3.191109243937111373e-01
3.192010058986118892e-01
3.192028206800159307e-01
3.192016023986614659e-01
3.192007410991210548e-01
3.191103829918962576e-01
3.187112717605952716e-01
3.184921712795768522e-01
3.183466337211720565e-01
3.184921712795768522e-01
3.187112717605952716e-01
3.191103829918962576e-01
3.192007410991210548e-01
3.192016023986614659e-01
3.192017003241537920e-01
3.191998821799199026e-01
3.191113903462242107e-01
3.187712976562031564e-01
3.184876463307674266e-01
3.183782260611305870e-01
3.184876463307674266e-01
3.187712976562031564e-01
3.191113903462242107e-01
3.191998821799199026e-01
3.192017003241537920e-01
3.192015057525149357e-01
3.192006137760212692e-01
3.191210707037689942e-01
3.187569320391709371e-01
3.184587160260450300e-01
3.183734864812846066e-01
3.184587160260450300e-01
3.187569320391709371e-01
3.191210707037689942e-01
3.192006137760212692e-01
3.192015057525149357e-01
3.192033768507160918e-01
3.192015057525149357e-01
3.191352209219479596e-01
3.188123752106367115e-01
3.184727863966919648e-01
3.183779800021223627e-01
3.184727863966919648e-01
3.188123752106367115e-01
3.191352209219479596e-01
3.192015057525149357e-01
3.192033768507160918e-01
