-1 173.284 456.638 764.059 822.69 1460.59 1559.07 
-0.998 172.666 456.008 762.672 822.997 1460.98 1559.26 
-0.996 172.049 455.377 761.283 823.303 1461.38 1559.44 
-0.994 171.432 454.744 759.895 823.609 1461.77 1559.63 
-0.992 170.816 454.109 758.505 823.913 1462.17 1559.82 
-0.99 170.201 453.474 757.114 824.217 1462.57 1560 
-0.988 169.586 452.836 755.723 824.521 1462.96 1560.18 
-0.986 168.972 452.197 754.33 824.823 1463.36 1560.37 
-0.984 168.359 451.557 752.937 825.125 1463.75 1560.55 
-0.982 167.747 450.915 751.543 825.426 1464.15 1560.73 
-0.98 167.135 450.272 750.148 825.727 1464.55 1560.91 
-0.978 166.524 449.627 748.752 826.026 1464.94 1561.09 
-0.976 165.914 448.981 747.356 826.325 1465.34 1561.27 
-0.974 165.304 448.334 745.958 826.623 1465.74 1561.45 
-0.972 164.695 447.685 744.56 826.921 1466.13 1561.62 
-0.97 164.087 447.034 743.161 827.218 1466.53 1561.8 
-0.968 163.48 446.382 741.761 827.514 1466.92 1561.97 
-0.966 162.873 445.729 740.36 827.809 1467.32 1562.15 
-0.964 162.267 445.074 738.959 828.104 1467.72 1562.32 
-0.962 161.662 444.417 737.556 828.397 1468.11 1562.5 
-0.96 161.057 443.759 736.153 828.691 1468.51 1562.67 
-0.958 160.453 443.1 734.749 828.983 1468.91 1562.84 
-0.956 159.85 442.439 733.344 829.275 1469.3 1563.01 
-0.954 159.248 441.777 731.938 829.566 1469.7 1563.18 
-0.952 158.646 441.113 730.532 829.856 1470.09 1563.35 
-0.95 158.046 440.448 729.124 830.145 1470.49 1563.52 
-0.948 157.446 439.782 727.716 830.434 1470.89 1563.69 
-0.946 156.846 439.114 726.307 830.722 1471.28 1563.85 
-0.944 156.248 438.444 724.897 831.01 1471.68 1564.02 
-0.942 155.65 437.773 723.487 831.296 1472.08 1564.18 
-0.94 155.053 437.101 722.075 831.582 1472.47 1564.35 
-0.938 154.457 436.427 720.663 831.868 1472.87 1564.51 
-0.936 153.861 435.752 719.25 832.152 1473.26 1564.67 
-0.934 153.266 435.075 717.836 832.436 1473.66 1564.84 
-0.932 152.673 434.397 716.421 832.719 1474.06 1565 
-0.93 152.079 433.717 715.006 833.001 1474.45 1565.16 
-0.928 151.487 433.036 713.59 833.283 1474.85 1565.32 
-0.926 150.896 432.354 712.173 833.564 1475.24 1565.48 
-0.924 150.305 431.67 710.755 833.844 1475.64 1565.64 
-0.922 149.715 430.984 709.336 834.123 1476.03 1565.79 
-0.92 149.126 430.297 707.917 834.402 1476.43 1565.95 
-0.918 148.537 429.609 706.496 834.68 1476.83 1566.11 
-0.916 147.95 428.92 705.075 834.957 1477.22 1566.26 
-0.914 147.363 428.228 703.654 835.234 1477.62 1566.42 
-0.912 146.777 427.536 702.231 835.51 1478.01 1566.57 
-0.91 146.192 426.842 700.808 835.785 1478.41 1566.72 
-0.908 145.607 426.146 699.383 836.059 1478.8 1566.88 
-0.906 145.024 425.449 697.958 836.333 1479.2 1567.03 
-0.904 144.441 424.751 696.533 836.606 1479.59 1567.18 
-0.902 143.859 424.051 695.106 836.878 1479.99 1567.33 
-0.9 143.278 423.35 693.679 837.15 1480.38 1567.48 
-0.898 142.698 422.648 692.251 837.421 1480.77 1567.63 
-0.896 142.118 421.944 690.822 837.691 1481.17 1567.77 
-0.894 141.54 421.238 689.392 837.96 1481.56 1567.92 
-0.892 140.962 420.532 687.962 838.229 1481.96 1568.07 
-0.89 140.385 419.823 686.531 838.497 1482.35 1568.21 
-0.888 139.809 419.114 685.099 838.764 1482.74 1568.36 
-0.886 139.234 418.402 683.666 839.03 1483.14 1568.5 
-0.884 138.659 417.69 682.233 839.296 1483.53 1568.65 
-0.882 138.086 416.976 680.799 839.561 1483.92 1568.79 
-0.88 137.513 416.261 679.364 839.826 1484.32 1568.93 
-0.878 136.941 415.544 677.928 840.089 1484.71 1569.07 
-0.876 136.37 414.826 676.492 840.352 1485.1 1569.21 
-0.874 135.8 414.106 675.055 840.615 1485.5 1569.35 
-0.872 135.231 413.385 673.617 840.876 1485.89 1569.49 
-0.87 134.662 412.663 672.178 841.137 1486.28 1569.63 
-0.868 134.095 411.939 670.739 841.397 1486.67 1569.77 
-0.866 133.528 411.214 669.298 841.656 1487.06 1569.91 
-0.864 132.962 410.487 667.857 841.915 1487.46 1570.04 
-0.862 132.397 409.759 666.416 842.173 1487.85 1570.18 
-0.86 131.833 409.03 664.973 842.43 1488.24 1570.31 
-0.858 131.27 408.299 663.53 842.687 1488.63 1570.45 
-0.856 130.708 407.567 662.086 842.943 1489.02 1570.58 
-0.854 130.147 406.834 660.642 843.198 1489.41 1570.71 
-0.852 129.586 406.099 659.196 843.452 1489.8 1570.85 
-0.85 129.027 405.362 657.75 843.706 1490.19 1570.98 
-0.848 128.468 404.625 656.304 843.959 1490.58 1571.11 
-0.846 127.91 403.885 654.856 844.211 1490.97 1571.24 
-0.844 127.353 403.145 653.408 844.463 1491.36 1571.37 
-0.842 126.797 402.403 651.959 844.713 1491.75 1571.5 
-0.84 126.242 401.66 650.509 844.964 1492.14 1571.63 
-0.838 125.688 400.915 649.059 845.213 1492.53 1571.75 
-0.836 125.135 400.169 647.608 845.462 1492.91 1571.88 
-0.834 124.582 399.422 646.156 845.71 1493.3 1572.01 
-0.832 124.031 398.673 644.703 845.957 1493.69 1572.13 
-0.83 123.48 397.923 643.25 846.204 1494.08 1572.26 
-0.828 122.931 397.171 641.796 846.45 1494.46 1572.38 
-0.826 122.382 396.418 640.341 846.695 1494.85 1572.51 
-0.824 121.835 395.664 638.886 846.939 1495.24 1572.63 
-0.822 121.288 394.909 637.43 847.183 1495.62 1572.75 
-0.82 120.742 394.152 635.973 847.426 1496.01 1572.87 
-0.818 120.197 393.393 634.516 847.668 1496.4 1572.99 
-0.816 119.653 392.634 633.058 847.91 1496.78 1573.11 
-0.814 119.11 391.873 631.599 848.151 1497.17 1573.23 
-0.812 118.568 391.11 630.139 848.391 1497.55 1573.35 
-0.81 118.027 390.346 628.679 848.631 1497.94 1573.47 
-0.808 117.486 389.581 627.218 848.87 1498.32 1573.59 
-0.806 116.947 388.815 625.756 849.108 1498.71 1573.71 
-0.804 116.409 388.047 624.294 849.345 1499.09 1573.82 
-0.802 115.872 387.278 622.831 849.582 1499.47 1573.94 
-0.8 115.335 386.507 621.367 849.818 1499.86 1574.05 
-0.798 114.8 385.735 619.903 850.053 1500.24 1574.17 
-0.796 114.265 384.962 618.438 850.288 1500.62 1574.28 
-0.794 113.732 384.188 616.972 850.522 1501 1574.4 
-0.792 113.199 383.412 615.506 850.755 1501.38 1574.51 
-0.79 112.668 382.634 614.038 850.988 1501.77 1574.62 
-0.788 112.137 381.856 612.571 851.22 1502.15 1574.73 
-0.786 111.608 381.076 611.102 851.451 1502.53 1574.84 
-0.784 111.079 380.295 609.633 851.681 1502.91 1574.95 
-0.782 110.551 379.512 608.163 851.911 1503.29 1575.06 
-0.78 110.025 378.728 606.693 852.14 1503.67 1575.17 
-0.778 109.499 377.943 605.222 852.368 1504.05 1575.28 
-0.776 108.975 377.157 603.75 852.596 1504.42 1575.39 
-0.774 108.451 376.369 602.278 852.823 1504.8 1575.5 
-0.772 107.928 375.58 600.804 853.049 1505.18 1575.6 
-0.77 107.407 374.789 599.331 853.275 1505.56 1575.71 
-0.768 106.886 373.997 597.856 853.5 1505.93 1575.81 
-0.766 106.366 373.204 596.381 853.724 1506.31 1575.92 
-0.764 105.848 372.41 594.906 853.947 1506.69 1576.02 
-0.762 105.33 371.614 593.429 854.17 1507.06 1576.13 
-0.76 104.813 370.817 591.952 854.392 1507.44 1576.23 
-0.758 104.298 370.019 590.475 854.614 1507.81 1576.33 
-0.756 103.783 369.219 588.996 854.835 1508.19 1576.43 
-0.754 103.27 368.418 587.517 855.055 1508.56 1576.54 
-0.752 102.757 367.616 586.038 855.274 1508.94 1576.64 
-0.75 102.246 366.812 584.557 855.493 1509.31 1576.74 
-0.748 101.735 366.007 583.077 855.711 1509.68 1576.84 
-0.746 101.226 365.201 581.595 855.928 1510.06 1576.94 
-0.744 100.717 364.394 580.113 856.145 1510.43 1577.03 
-0.742 100.21 363.585 578.63 856.36 1510.8 1577.13 
-0.74 99.7034 362.775 577.147 856.576 1511.17 1577.23 
-0.738 99.198 361.964 575.663 856.79 1511.54 1577.33 
-0.736 98.6938 361.151 574.178 857.004 1511.91 1577.42 
-0.734 98.1905 360.338 572.693 857.217 1512.28 1577.52 
-0.732 97.6883 359.523 571.207 857.43 1512.65 1577.61 
-0.73 97.1872 358.706 569.721 857.642 1513.02 1577.71 
-0.728 96.6871 357.888 568.233 857.853 1513.39 1577.8 
-0.726 96.1881 357.07 566.746 858.063 1513.76 1577.9 
-0.724 95.6901 356.249 565.257 858.273 1514.12 1577.99 
-0.722 95.1932 355.428 563.768 858.482 1514.49 1578.08 
-0.72 94.6973 354.605 562.279 858.69 1514.86 1578.17 
-0.718 94.2025 353.781 560.789 858.898 1515.22 1578.26 
-0.716 93.7088 352.956 559.298 859.105 1515.59 1578.35 
-0.714 93.2161 352.13 557.806 859.312 1515.95 1578.44 
-0.712 92.7245 351.302 556.314 859.517 1516.32 1578.53 
-0.71 92.234 350.473 554.822 859.722 1516.68 1578.62 
-0.708 91.7446 349.643 553.328 859.927 1517.04 1578.71 
-0.706 91.2562 348.811 551.835 860.13 1517.41 1578.8 
-0.704 90.7689 347.978 550.34 860.333 1517.77 1578.89 
-0.702 90.2827 347.144 548.845 860.536 1518.13 1578.97 
-0.7 89.7976 346.309 547.35 860.737 1518.49 1579.06 
-0.698 89.3136 345.473 545.853 860.938 1518.85 1579.15 
-0.696 88.8307 344.635 544.357 861.138 1519.21 1579.23 
-0.694 88.3488 343.796 542.859 861.338 1519.57 1579.32 
-0.692 87.8681 342.956 541.361 861.537 1519.93 1579.4 
-0.69 87.3885 342.115 539.863 861.735 1520.29 1579.48 
-0.688 86.9099 341.272 538.364 861.933 1520.65 1579.57 
-0.686 86.4325 340.428 536.864 862.13 1521.01 1579.65 
-0.684 85.9561 339.583 535.364 862.326 1521.36 1579.73 
-0.682 85.4809 338.737 533.863 862.522 1521.72 1579.81 
-0.68 85.0068 337.889 532.361 862.716 1522.08 1579.9 
-0.678 84.5338 337.041 530.859 862.911 1522.43 1579.98 
-0.676 84.0619 336.191 529.357 863.104 1522.78 1580.06 
-0.674 83.5911 335.34 527.854 863.297 1523.14 1580.14 
-0.672 83.1214 334.487 526.35 863.489 1523.49 1580.22 
-0.67 82.6529 333.634 524.845 863.681 1523.84 1580.29 
-0.668 82.1855 332.779 523.341 863.872 1524.2 1580.37 
-0.666 81.7192 331.923 521.835 864.062 1524.55 1580.45 
-0.664 81.254 331.066 520.329 864.252 1524.9 1580.53 
-0.662 80.79 330.208 518.823 864.441 1525.25 1580.6 
-0.66 80.3271 329.349 517.316 864.629 1525.6 1580.68 
-0.658 79.8653 328.488 515.808 864.816 1525.95 1580.76 
-0.656 79.4047 327.626 514.3 865.003 1526.3 1580.83 
-0.654 78.9452 326.763 512.791 865.19 1526.65 1580.91 
-0.652 78.4868 325.899 511.282 865.375 1526.99 1580.98 
-0.65 78.0296 325.033 509.772 865.56 1527.34 1581.06 
-0.648 77.5736 324.167 508.261 865.744 1527.69 1581.13 
-0.646 77.1187 323.299 506.75 865.928 1528.03 1581.2 
-0.644 76.6649 322.43 505.239 866.111 1528.38 1581.27 
-0.642 76.2123 321.56 503.727 866.293 1528.72 1581.35 
-0.64 75.7608 320.689 502.214 866.475 1529.06 1581.42 
-0.638 75.3105 319.816 500.701 866.656 1529.41 1581.49 
-0.636 74.8614 318.943 499.187 866.836 1529.75 1581.56 
-0.634 74.4134 318.068 497.673 867.016 1530.09 1581.63 
-0.632 73.9666 317.192 496.158 867.195 1530.43 1581.7 
-0.63 73.521 316.315 494.643 867.373 1530.77 1581.77 
-0.628 73.0765 315.437 493.127 867.551 1531.11 1581.84 
-0.626 72.6332 314.558 491.611 867.728 1531.45 1581.91 
-0.624 72.1911 313.677 490.094 867.904 1531.79 1581.97 
-0.622 71.7501 312.796 488.577 868.08 1532.13 1582.04 
-0.62 71.3103 311.913 487.059 868.255 1532.46 1582.11 
-0.618 70.8717 311.029 485.541 868.43 1532.8 1582.18 
-0.616 70.4343 310.144 484.022 868.604 1533.13 1582.24 
-0.614 69.9981 309.258 482.502 868.777 1533.47 1582.31 
-0.612 69.563 308.371 480.982 868.949 1533.8 1582.37 
-0.61 69.1291 307.483 479.462 869.121 1534.14 1582.44 
-0.608 68.6965 306.593 477.941 869.292 1534.47 1582.5 
-0.606 68.265 305.703 476.419 869.463 1534.8 1582.57 
-0.604 67.8347 304.811 474.897 869.633 1535.13 1582.63 
-0.602 67.4056 303.918 473.375 869.802 1535.46 1582.69 
-0.6 66.9777 303.024 471.852 869.971 1535.79 1582.75 
-0.598 66.551 302.129 470.328 870.139 1536.12 1582.82 
-0.596 66.1255 301.233 468.804 870.306 1536.45 1582.88 
-0.594 65.7013 300.336 467.28 870.473 1536.78 1582.94 
-0.592 65.2782 299.437 465.755 870.639 1537.1 1583 
-0.59 64.8563 298.538 464.229 870.804 1537.43 1583.06 
-0.588 64.4357 297.637 462.703 870.969 1537.76 1583.12 
-0.586 64.0162 296.736 461.177 871.133 1538.08 1583.18 
-0.584 63.598 295.833 459.65 871.297 1538.4 1583.24 
-0.582 63.181 294.929 458.122 871.459 1538.73 1583.3 
-0.58 62.7652 294.025 456.594 871.622 1539.05 1583.36 
-0.578 62.3506 293.119 455.066 871.783 1539.37 1583.42 
-0.576 61.9373 292.212 453.537 871.944 1539.69 1583.47 
-0.574 61.5252 291.304 452.007 872.105 1540.01 1583.53 
-0.572 61.1143 290.394 450.478 872.264 1540.33 1583.59 
-0.57 60.7046 289.484 448.947 872.423 1540.65 1583.64 
-0.568 60.2962 288.573 447.416 872.582 1540.97 1583.7 
-0.566 59.889 287.661 445.885 872.739 1541.28 1583.76 
-0.564 59.483 286.747 444.353 872.897 1541.6 1583.81 
-0.562 59.0783 285.833 442.821 873.053 1541.92 1583.87 
-0.56 58.6748 284.917 441.288 873.209 1542.23 1583.92 
-0.558 58.2726 284.001 439.755 873.364 1542.55 1583.98 
-0.556 57.8716 283.083 438.221 873.519 1542.86 1584.03 
-0.554 57.4719 282.165 436.687 873.673 1543.17 1584.08 
-0.552 57.0734 281.245 435.153 873.826 1543.48 1584.14 
-0.55 56.6761 280.324 433.618 873.979 1543.79 1584.19 
-0.548 56.2801 279.403 432.082 874.131 1544.1 1584.24 
-0.546 55.8854 278.48 430.546 874.282 1544.41 1584.29 
-0.544 55.4919 277.556 429.01 874.433 1544.72 1584.34 
-0.542 55.0997 276.631 427.473 874.584 1545.03 1584.39 
-0.54 54.7087 275.705 425.936 874.733 1545.33 1584.45 
-0.538 54.319 274.779 424.398 874.882 1545.64 1584.5 
-0.536 53.9305 273.851 422.86 875.03 1545.94 1584.55 
-0.534 53.5434 272.922 421.321 875.178 1546.25 1584.6 
-0.532 53.1574 271.992 419.782 875.325 1546.55 1584.64 
-0.53 52.7728 271.061 418.242 875.472 1546.85 1584.69 
-0.528 52.3894 270.129 416.702 875.618 1547.16 1584.74 
-0.526 52.0073 269.196 415.162 875.763 1547.46 1584.79 
-0.524 51.6265 268.263 413.621 875.907 1547.76 1584.84 
-0.522 51.247 267.328 412.08 876.051 1548.06 1584.89 
-0.52 50.8687 266.392 410.538 876.195 1548.35 1584.93 
-0.518 50.4917 265.455 408.996 876.338 1548.65 1584.98 
-0.516 50.116 264.517 407.453 876.48 1548.95 1585.03 
-0.514 49.7416 263.578 405.91 876.621 1549.24 1585.07 
-0.512 49.3685 262.639 404.367 876.762 1549.54 1585.12 
-0.51 48.9966 261.698 402.823 876.902 1549.83 1585.16 
-0.508 48.6261 260.756 401.278 877.042 1550.13 1585.21 
-0.506 48.2568 259.814 399.734 877.181 1550.42 1585.25 
-0.504 47.8889 258.87 398.188 877.32 1550.71 1585.3 
-0.502 47.5222 257.925 396.643 877.458 1551 1585.34 
-0.5 47.1568 256.98 395.097 877.595 1551.29 1585.39 
-0.498 46.7928 256.033 393.55 877.731 1551.58 1585.43 
-0.496 46.43 255.086 392.004 877.867 1551.87 1585.47 
-0.494 46.0685 254.137 390.456 878.003 1552.15 1585.52 
-0.492 45.7084 253.188 388.909 878.138 1552.44 1585.56 
-0.49 45.3495 252.238 387.361 878.272 1552.72 1585.6 
-0.488 44.992 251.287 385.812 878.405 1553.01 1585.64 
-0.486 44.6358 250.334 384.263 878.538 1553.29 1585.68 
-0.484 44.2808 249.381 382.714 878.671 1553.57 1585.72 
-0.482 43.9272 248.427 381.165 878.802 1553.85 1585.76 
-0.48 43.5749 247.472 379.614 878.934 1554.13 1585.81 
-0.478 43.224 246.517 378.064 879.064 1554.41 1585.85 
-0.476 42.8743 245.56 376.513 879.194 1554.69 1585.89 
-0.474 42.526 244.602 374.962 879.323 1554.97 1585.92 
-0.472 42.179 243.643 373.41 879.452 1555.25 1585.96 
-0.47 41.8333 242.684 371.858 879.58 1555.52 1586 
-0.468 41.4889 241.724 370.306 879.708 1555.8 1586.04 
-0.466 41.1459 240.762 368.753 879.835 1556.07 1586.08 
-0.464 40.8042 239.8 367.2 879.961 1556.34 1586.12 
-0.462 40.4639 238.837 365.646 880.087 1556.62 1586.16 
-0.46 40.1248 237.873 364.092 880.212 1556.89 1586.19 
-0.458 39.7871 236.908 362.538 880.336 1557.16 1586.23 
-0.456 39.4508 235.942 360.983 880.46 1557.43 1586.27 
-0.454 39.1157 234.976 359.428 880.584 1557.7 1586.3 
-0.452 38.7821 234.008 357.873 880.706 1557.96 1586.34 
-0.45 38.4497 233.04 356.317 880.828 1558.23 1586.38 
-0.448 38.1187 232.07 354.761 880.95 1558.5 1586.41 
-0.446 37.7891 231.1 353.204 881.071 1558.76 1586.45 
-0.444 37.4608 230.129 351.647 881.191 1559.02 1586.48 
-0.442 37.1338 229.157 350.09 881.311 1559.29 1586.52 
-0.44 36.8082 228.185 348.532 881.43 1559.55 1586.55 
-0.438 36.484 227.211 346.974 881.549 1559.81 1586.59 
-0.436 36.1611 226.237 345.416 881.667 1560.07 1586.62 
-0.434 35.8395 225.261 343.857 881.784 1560.33 1586.65 
-0.432 35.5193 224.285 342.298 881.901 1560.58 1586.69 
-0.43 35.2005 223.308 340.738 882.017 1560.84 1586.72 
-0.428 34.883 222.331 339.178 882.133 1561.1 1586.75 
-0.426 34.5669 221.352 337.618 882.248 1561.35 1586.78 
-0.424 34.2522 220.373 336.058 882.362 1561.6 1586.82 
-0.422 33.9388 219.392 334.497 882.476 1561.86 1586.85 
-0.42 33.6268 218.411 332.936 882.589 1562.11 1586.88 
-0.418 33.3162 217.429 331.374 882.702 1562.36 1586.91 
-0.416 33.0069 216.446 329.812 882.814 1562.61 1586.94 
-0.414 32.699 215.463 328.25 882.926 1562.86 1586.97 
-0.412 32.3925 214.479 326.687 883.037 1563.1 1587.01 
-0.41 32.0873 213.493 325.124 883.147 1563.35 1587.04 
-0.408 31.7835 212.507 323.561 883.257 1563.6 1587.07 
-0.406 31.4811 211.521 321.997 883.366 1563.84 1587.1 
-0.404 31.1801 210.533 320.434 883.475 1564.09 1587.13 
-0.402 30.8805 209.545 318.869 883.583 1564.33 1587.16 
-0.4 30.5822 208.556 317.305 883.69 1564.57 1587.18 
-0.398 30.2853 207.566 315.74 883.797 1564.81 1587.21 
-0.396 29.9898 206.575 314.174 883.903 1565.05 1587.24 
-0.394 29.6957 205.584 312.609 884.009 1565.29 1587.27 
-0.392 29.403 204.591 311.043 884.114 1565.52 1587.3 
-0.39 29.1117 203.598 309.477 884.219 1565.76 1587.33 
-0.388 28.8217 202.605 307.91 884.323 1566 1587.35 
-0.386 28.5332 201.61 306.343 884.426 1566.23 1587.38 
-0.384 28.2461 200.615 304.776 884.529 1566.46 1587.41 
-0.382 27.9603 199.619 303.209 884.631 1566.7 1587.44 
-0.38 27.6759 198.622 301.641 884.733 1566.93 1587.46 
-0.378 27.393 197.624 300.073 884.834 1567.16 1587.49 
-0.376 27.1114 196.626 298.504 884.934 1567.39 1587.52 
-0.374 26.8313 195.627 296.935 885.034 1567.61 1587.54 
-0.372 26.5525 194.627 295.366 885.134 1567.84 1587.57 
-0.37 26.2752 193.627 293.797 885.233 1568.07 1587.59 
-0.368 25.9992 192.625 292.227 885.331 1568.29 1587.62 
-0.366 25.7247 191.623 290.657 885.428 1568.51 1587.64 
-0.364 25.4516 190.621 289.087 885.526 1568.74 1587.67 
-0.362 25.1798 189.617 287.516 885.622 1568.96 1587.69 
-0.36 24.9095 188.613 285.946 885.718 1569.18 1587.72 
-0.358 24.6406 187.608 284.374 885.813 1569.4 1587.74 
-0.356 24.3732 186.603 282.803 885.908 1569.62 1587.77 
-0.354 24.1071 185.597 281.231 886.002 1569.83 1587.79 
-0.352 23.8424 184.59 279.659 886.096 1570.05 1587.81 
-0.35 23.5792 183.582 278.087 886.189 1570.27 1587.84 
-0.348 23.3174 182.574 276.514 886.282 1570.48 1587.86 
-0.346 23.057 181.565 274.941 886.374 1570.69 1587.88 
-0.344 22.798 180.555 273.368 886.465 1570.9 1587.91 
-0.342 22.5405 179.545 271.795 886.556 1571.11 1587.93 
-0.34 22.2844 178.533 270.221 886.646 1571.32 1587.95 
-0.338 22.0297 177.522 268.647 886.736 1571.53 1587.97 
-0.336 21.7764 176.509 267.073 886.825 1571.74 1587.99 
-0.334 21.5246 175.496 265.498 886.914 1571.95 1588.02 
-0.332 21.2742 174.482 263.923 887.002 1572.15 1588.04 
-0.33 21.0252 173.468 262.348 887.089 1572.35 1588.06 
-0.328 20.7776 172.453 260.773 887.176 1572.56 1588.08 
-0.326 20.5315 171.437 259.197 887.263 1572.76 1588.1 
-0.324 20.2868 170.421 257.621 887.349 1572.96 1588.12 
-0.322 20.0436 169.404 256.045 887.434 1573.16 1588.14 
-0.32 19.8018 168.386 254.469 887.519 1573.36 1588.16 
-0.318 19.5614 167.368 252.892 887.603 1573.56 1588.18 
-0.316 19.3225 166.349 251.315 887.686 1573.75 1588.2 
-0.314 19.085 165.329 249.738 887.769 1573.95 1588.22 
-0.312 18.849 164.309 248.16 887.852 1574.14 1588.24 
-0.31 18.6144 163.288 246.583 887.934 1574.33 1588.26 
-0.308 18.3812 162.267 245.005 888.015 1574.52 1588.28 
-0.306 18.1495 161.245 243.426 888.096 1574.72 1588.3 
-0.304 17.9193 160.222 241.848 888.176 1574.9 1588.32 
-0.302 17.6904 159.199 240.269 888.256 1575.09 1588.34 
-0.3 17.4631 158.175 238.69 888.335 1575.28 1588.35 
-0.298 17.2372 157.151 237.111 888.414 1575.47 1588.37 
-0.296 17.0127 156.126 235.531 888.492 1575.65 1588.39 
-0.294 16.7897 155.1 233.952 888.569 1575.83 1588.41 
-0.292 16.5681 154.074 232.372 888.646 1576.02 1588.43 
-0.29 16.348 153.047 230.792 888.722 1576.2 1588.44 
-0.288 16.1294 152.019 229.211 888.798 1576.38 1588.46 
-0.286 15.9122 150.991 227.631 888.874 1576.56 1588.48 
-0.284 15.6965 149.963 226.05 888.948 1576.74 1588.49 
-0.282 15.4822 148.934 224.469 889.023 1576.91 1588.51 
-0.28 15.2694 147.904 222.887 889.096 1577.09 1588.53 
-0.278 15.0581 146.874 221.306 889.169 1577.26 1588.54 
-0.276 14.8482 145.843 219.724 889.242 1577.44 1588.56 
-0.274 14.6398 144.812 218.142 889.314 1577.61 1588.58 
-0.272 14.4328 143.78 216.56 889.385 1577.78 1588.59 
-0.27 14.2273 142.747 214.977 889.456 1577.95 1588.61 
-0.268 14.0233 141.714 213.394 889.527 1578.12 1588.62 
-0.266 13.8207 140.681 211.811 889.596 1578.28 1588.64 
-0.264 13.6197 139.646 210.228 889.666 1578.45 1588.65 
-0.262 13.42 138.612 208.645 889.734 1578.62 1588.67 
-0.26 13.2219 137.577 207.061 889.803 1578.78 1588.68 
-0.258 13.0252 136.541 205.478 889.87 1578.94 1588.7 
-0.256 12.83 135.505 203.894 889.937 1579.1 1588.71 
-0.254 12.6363 134.468 202.31 890.004 1579.26 1588.73 
-0.252 12.4441 133.431 200.725 890.07 1579.42 1588.74 
-0.25 12.2533 132.393 199.141 890.136 1579.58 1588.76 
-0.248 12.064 131.355 197.556 890.2 1579.74 1588.77 
-0.246 11.8762 130.316 195.971 890.265 1579.89 1588.78 
-0.244 11.6898 129.277 194.386 890.329 1580.05 1588.8 
-0.242 11.505 128.237 192.8 890.392 1580.2 1588.81 
-0.24 11.3216 127.197 191.215 890.455 1580.35 1588.83 
-0.238 11.1397 126.156 189.629 890.517 1580.5 1588.84 
-0.236 10.9593 125.115 188.043 890.579 1580.65 1588.85 
-0.234 10.7803 124.074 186.457 890.64 1580.8 1588.86 
-0.232 10.6029 123.031 184.87 890.701 1580.95 1588.88 
-0.23 10.4269 121.989 183.284 890.761 1581.09 1588.89 
-0.228 10.2525 120.946 181.697 890.82 1581.24 1588.9 
-0.226 10.0795 119.902 180.11 890.879 1581.38 1588.91 
-0.224 9.90797 118.858 178.523 890.938 1581.53 1588.93 
-0.222 9.73795 117.814 176.936 890.996 1581.67 1588.94 
-0.22 9.56943 116.769 175.348 891.053 1581.81 1588.95 
-0.218 9.40239 115.724 173.761 891.11 1581.94 1588.96 
-0.216 9.23685 114.678 172.173 891.166 1582.08 1588.97 
-0.214 9.07279 113.632 170.585 891.222 1582.22 1588.99 
-0.212 8.91023 112.585 168.997 891.278 1582.35 1589 
-0.21 8.74916 111.538 167.408 891.332 1582.49 1589.01 
-0.208 8.58959 110.49 165.82 891.387 1582.62 1589.02 
-0.206 8.43151 109.442 164.231 891.44 1582.75 1589.03 
-0.204 8.27493 108.394 162.642 891.493 1582.88 1589.04 
-0.202 8.11984 107.345 161.053 891.546 1583.01 1589.05 
-0.2 7.96625 106.296 159.464 891.598 1583.14 1589.06 
-0.198 7.81416 105.247 157.875 891.65 1583.27 1589.07 
-0.196 7.66356 104.197 156.285 891.701 1583.39 1589.08 
-0.194 7.51446 103.146 154.696 891.751 1583.51 1589.09 
-0.192 7.36687 102.096 153.106 891.801 1583.64 1589.1 
-0.19 7.22077 101.044 151.516 891.851 1583.76 1589.11 
-0.188 7.07617 99.9929 149.926 891.9 1583.88 1589.12 
-0.186 6.93308 98.9409 148.335 891.948 1584 1589.13 
-0.184 6.79148 97.8886 146.745 891.996 1584.12 1589.14 
-0.182 6.65139 96.836 145.154 892.043 1584.23 1589.15 
-0.18 6.51281 95.7829 143.564 892.09 1584.35 1589.16 
-0.178 6.37572 94.7295 141.973 892.136 1584.46 1589.17 
-0.176 6.24014 93.6757 140.382 892.182 1584.58 1589.18 
-0.174 6.10606 92.6216 138.791 892.227 1584.69 1589.19 
-0.172 5.97349 91.5671 137.199 892.272 1584.8 1589.2 
-0.17 5.84243 90.5123 135.608 892.316 1584.91 1589.21 
-0.168 5.71287 89.4571 134.016 892.36 1585.01 1589.21 
-0.166 5.58482 88.4016 132.425 892.403 1585.12 1589.22 
-0.164 5.45827 87.3457 130.833 892.446 1585.23 1589.23 
-0.162 5.33323 86.2895 129.241 892.488 1585.33 1589.24 
-0.16 5.2097 85.233 127.649 892.529 1585.43 1589.25 
-0.158 5.08767 84.1762 126.057 892.57 1585.54 1589.25 
-0.156 4.96716 83.119 124.464 892.611 1585.64 1589.26 
-0.154 4.84815 82.0615 122.872 892.651 1585.74 1589.27 
-0.152 4.73065 81.0037 121.279 892.69 1585.83 1589.28 
-0.15 4.61466 79.9456 119.686 892.729 1585.93 1589.28 
-0.148 4.50018 78.8872 118.093 892.767 1586.03 1589.29 
-0.146 4.38721 77.8284 116.501 892.805 1586.12 1589.3 
-0.144 4.27575 76.7694 114.907 892.843 1586.21 1589.31 
-0.142 4.16579 75.7101 113.314 892.88 1586.3 1589.31 
-0.14 4.05735 74.6505 111.721 892.916 1586.39 1589.32 
-0.138 3.95042 73.5906 110.127 892.952 1586.48 1589.33 
-0.136 3.84499 72.5304 108.534 892.987 1586.57 1589.33 
-0.134 3.74108 71.47 106.94 893.022 1586.66 1589.34 
-0.132 3.63867 70.4093 105.347 893.056 1586.74 1589.35 
-0.13 3.53777 69.3483 103.753 893.09 1586.83 1589.35 
-0.128 3.43838 68.287 102.159 893.123 1586.91 1589.36 
-0.126 3.3405 67.2255 100.565 893.156 1586.99 1589.37 
-0.124 3.24413 66.1637 98.9704 893.188 1587.07 1589.37 
-0.122 3.14927 65.1017 97.3761 893.219 1587.15 1589.38 
-0.12 3.05591 64.0394 95.7817 893.251 1587.23 1589.38 
-0.118 2.96406 62.9769 94.1873 893.281 1587.31 1589.39 
-0.116 2.87372 61.9141 92.5927 893.311 1587.38 1589.39 
-0.114 2.78488 60.8511 90.998 893.341 1587.46 1589.4 
-0.112 2.69754 59.7878 89.4033 893.37 1587.53 1589.41 
-0.11 2.61171 58.7244 87.8084 893.398 1587.6 1589.41 
-0.108 2.52738 57.6607 86.2135 893.426 1587.67 1589.42 
-0.106 2.44455 56.5968 84.6185 893.454 1587.74 1589.42 
-0.104 2.36322 55.5326 83.0234 893.481 1587.81 1589.43 
-0.102 2.28339 54.4683 81.4282 893.507 1587.87 1589.43 
-0.1 2.20505 53.4037 79.8329 893.533 1587.94 1589.44 
-0.098 2.12821 52.339 78.2375 893.559 1588 1589.44 
-0.096 2.05287 51.274 76.6421 893.584 1588.06 1589.44 
-0.094 1.97901 50.2088 75.0466 893.608 1588.12 1589.45 
-0.092 1.90664 49.1435 73.451 893.632 1588.18 1589.45 
-0.09 1.83576 48.078 71.8553 893.655 1588.24 1589.46 
-0.088 1.76636 47.0122 70.2596 893.678 1588.3 1589.46 
-0.086 1.69844 45.9463 68.6638 893.7 1588.36 1589.47 
-0.084 1.63199 44.8803 67.0679 893.722 1588.41 1589.47 
-0.082 1.56702 43.814 65.472 893.744 1588.47 1589.47 
-0.08 1.50352 42.7476 63.876 893.764 1588.52 1589.48 
-0.078 1.44148 41.681 62.2799 893.785 1588.57 1589.48 
-0.076 1.38089 40.6143 60.6838 893.804 1588.62 1589.48 
-0.074 1.32176 39.5474 59.0876 893.824 1588.67 1589.49 
-0.072 1.26408 38.4803 57.4913 893.842 1588.71 1589.49 
-0.07 1.20784 37.4131 55.895 893.86 1588.76 1589.5 
-0.068 1.15303 36.3458 54.2986 893.878 1588.8 1589.5 
-0.066 1.09964 35.2783 52.7022 893.895 1588.85 1589.5 
-0.064 1.04767 34.2107 51.1057 893.912 1588.89 1589.5 
-0.062 0.997113 33.1429 49.5092 893.928 1588.93 1589.51 
-0.06 0.947949 32.0751 47.9126 893.944 1588.97 1589.51 
-0.058 0.900169 31.0071 46.316 893.959 1589.01 1589.51 
-0.056 0.853761 29.9389 44.7193 893.974 1589.04 1589.52 
-0.054 0.808713 28.8707 43.1226 893.988 1589.08 1589.52 
-0.052 0.765008 27.8024 41.5258 894.001 1589.11 1589.52 
-0.05 0.72263 26.7339 39.929 894.014 1589.15 1589.52 
-0.048 0.681562 25.6654 38.3322 894.027 1589.18 1589.52 
-0.046 0.641783 24.5967 36.7353 894.039 1589.21 1589.53 
-0.044 0.603272 23.528 35.1384 894.05 1589.24 1589.53 
-0.042 0.566006 22.4591 33.5414 894.061 1589.27 1589.53 
-0.04 0.529958 21.3902 31.9444 894.072 1589.29 1589.53 
-0.038 0.4951 20.3212 30.3474 894.082 1589.32 1589.53 
-0.036 0.461403 19.2521 28.7504 894.091 1589.34 1589.54 
-0.034 0.428832 18.183 27.1533 894.1 1589.36 1589.54 
-0.032 0.397352 17.1137 25.5562 894.109 1589.39 1589.54 
-0.03 0.366923 16.0445 23.959 894.117 1589.41 1589.54 
-0.028 0.337504 14.9751 22.3619 894.124 1589.42 1589.54 
-0.026 0.309049 13.9057 20.7647 894.131 1589.44 1589.54 
-0.024 0.281508 12.8362 19.1675 894.138 1589.46 1589.54 
-0.022 0.254831 11.7667 17.5703 894.143 1589.47 1589.55 
-0.02 0.22896 10.6972 15.973 894.149 1589.49 1589.55 
-0.018 0.203837 9.62756 14.3758 894.154 1589.5 1589.55 
-0.016 0.179398 8.55793 12.7785 894.158 1589.51 1589.55 
-0.014 0.155578 7.48826 11.1812 894.162 1589.52 1589.55 
-0.012 0.132308 6.41856 9.58392 894.165 1589.53 1589.55 
-0.01 0.109514 5.34884 7.98661 894.168 1589.54 1589.55 
-0.008 0.0871223 4.27909 6.3893 894.17 1589.54 1589.55 
-0.006 0.0650551 3.20933 4.79198 894.172 1589.55 1589.55 
-0.004 0.043233 2.13956 3.19466 894.173 1589.55 1589.55 
-0.002 0.0215753 1.06978 1.59733 894.174 1589.55 1589.55 
0 0 0 0 894.174 1589.55 1589.55 
0.002 0.0215753 1.06978 1.59733 894.174 1589.55 1589.55 
0.004 0.043233 2.13956 3.19466 894.173 1589.55 1589.55 
0.006 0.0650551 3.20933 4.79198 894.172 1589.55 1589.55 
0.008 0.0871223 4.27909 6.3893 894.17 1589.54 1589.55 
0.01 0.109514 5.34884 7.98661 894.168 1589.54 1589.55 
0.012 0.132308 6.41856 9.58392 894.165 1589.53 1589.55 
0.014 0.155578 7.48826 11.1812 894.162 1589.52 1589.55 
0.016 0.179398 8.55793 12.7785 894.158 1589.51 1589.55 
0.018 0.203837 9.62756 14.3758 894.154 1589.5 1589.55 
0.02 0.22896 10.6972 15.973 894.149 1589.49 1589.55 
0.022 0.254831 11.7667 17.5703 894.143 1589.47 1589.55 
0.024 0.281508 12.8362 19.1675 894.138 1589.46 1589.54 
0.026 0.309049 13.9057 20.7647 894.131 1589.44 1589.54 
0.028 0.337504 14.9751 22.3619 894.124 1589.42 1589.54 
0.03 0.366923 16.0445 23.959 894.117 1589.41 1589.54 
0.032 0.397352 17.1137 25.5562 894.109 1589.39 1589.54 
0.034 0.428832 18.183 27.1533 894.1 1589.36 1589.54 
0.036 0.461403 19.2521 28.7504 894.091 1589.34 1589.54 
0.038 0.4951 20.3212 30.3474 894.082 1589.32 1589.53 
0.04 0.529958 21.3902 31.9444 894.072 1589.29 1589.53 
0.042 0.566006 22.4591 33.5414 894.061 1589.27 1589.53 
0.044 0.603272 23.528 35.1384 894.05 1589.24 1589.53 
0.046 0.641783 24.5967 36.7353 894.039 1589.21 1589.53 
0.048 0.681562 25.6654 38.3322 894.027 1589.18 1589.52 
0.05 0.72263 26.7339 39.929 894.014 1589.15 1589.52 
0.052 0.765008 27.8024 41.5258 894.001 1589.11 1589.52 
0.054 0.808713 28.8707 43.1226 893.988 1589.08 1589.52 
0.056 0.853761 29.9389 44.7193 893.974 1589.04 1589.52 
0.058 0.900169 31.0071 46.316 893.959 1589.01 1589.51 
0.06 0.947949 32.0751 47.9126 893.944 1588.97 1589.51 
0.062 0.997113 33.1429 49.5092 893.928 1588.93 1589.51 
0.064 1.04767 34.2107 51.1057 893.912 1588.89 1589.5 
0.066 1.09964 35.2783 52.7022 893.895 1588.85 1589.5 
0.068 1.15303 36.3458 54.2986 893.878 1588.8 1589.5 
0.07 1.20784 37.4131 55.895 893.86 1588.76 1589.5 
0.072 1.26408 38.4803 57.4913 893.842 1588.71 1589.49 
0.074 1.32176 39.5474 59.0876 893.824 1588.67 1589.49 
0.076 1.38089 40.6143 60.6838 893.804 1588.62 1589.48 
0.078 1.44148 41.681 62.2799 893.785 1588.57 1589.48 
0.08 1.50352 42.7476 63.876 893.764 1588.52 1589.48 
0.082 1.56702 43.814 65.472 893.744 1588.47 1589.47 
0.084 1.63199 44.8803 67.0679 893.722 1588.41 1589.47 
0.086 1.69844 45.9463 68.6638 893.7 1588.36 1589.47 
0.088 1.76636 47.0122 70.2596 893.678 1588.3 1589.46 
0.09 1.83576 48.078 71.8553 893.655 1588.24 1589.46 
0.092 1.90664 49.1435 73.451 893.632 1588.18 1589.45 
0.094 1.97901 50.2088 75.0466 893.608 1588.12 1589.45 
0.096 2.05287 51.274 76.6421 893.584 1588.06 1589.44 
0.098 2.12821 52.339 78.2375 893.559 1588 1589.44 
0.1 2.20505 53.4037 79.8329 893.533 1587.94 1589.44 
0.102 2.28339 54.4683 81.4282 893.507 1587.87 1589.43 
0.104 2.36322 55.5326 83.0234 893.481 1587.81 1589.43 
0.106 2.44455 56.5968 84.6185 893.454 1587.74 1589.42 
0.108 2.52738 57.6607 86.2135 893.426 1587.67 1589.42 
0.11 2.61171 58.7244 87.8084 893.398 1587.6 1589.41 
0.112 2.69754 59.7878 89.4033 893.37 1587.53 1589.41 
0.114 2.78488 60.8511 90.998 893.341 1587.46 1589.4 
0.116 2.87372 61.9141 92.5927 893.311 1587.38 1589.39 
0.118 2.96406 62.9769 94.1873 893.281 1587.31 1589.39 
0.12 3.05591 64.0394 95.7817 893.251 1587.23 1589.38 
0.122 3.14927 65.1017 97.3761 893.219 1587.15 1589.38 
0.124 3.24413 66.1637 98.9704 893.188 1587.07 1589.37 
0.126 3.3405 67.2255 100.565 893.156 1586.99 1589.37 
0.128 3.43838 68.287 102.159 893.123 1586.91 1589.36 
0.13 3.53777 69.3483 103.753 893.09 1586.83 1589.35 
0.132 3.63867 70.4093 105.347 893.056 1586.74 1589.35 
0.134 3.74108 71.47 106.94 893.022 1586.66 1589.34 
0.136 3.84499 72.5304 108.534 892.987 1586.57 1589.33 
0.138 3.95042 73.5906 110.127 892.952 1586.48 1589.33 
0.14 4.05735 74.6505 111.721 892.916 1586.39 1589.32 
0.142 4.16579 75.7101 113.314 892.88 1586.3 1589.31 
0.144 4.27575 76.7694 114.907 892.843 1586.21 1589.31 
0.146 4.38721 77.8284 116.501 892.805 1586.12 1589.3 
0.148 4.50018 78.8872 118.093 892.767 1586.03 1589.29 
0.15 4.61466 79.9456 119.686 892.729 1585.93 1589.28 
0.152 4.73065 81.0037 121.279 892.69 1585.83 1589.28 
0.154 4.84815 82.0615 122.872 892.651 1585.74 1589.27 
0.156 4.96716 83.119 124.464 892.611 1585.64 1589.26 
0.158 5.08767 84.1762 126.057 892.57 1585.54 1589.25 
0.16 5.2097 85.233 127.649 892.529 1585.43 1589.25 
0.162 5.33323 86.2895 129.241 892.488 1585.33 1589.24 
0.164 5.45827 87.3457 130.833 892.446 1585.23 1589.23 
0.166 5.58482 88.4016 132.425 892.403 1585.12 1589.22 
0.168 5.71287 89.4571 134.016 892.36 1585.01 1589.21 
0.17 5.84243 90.5123 135.608 892.316 1584.91 1589.21 
0.172 5.97349 91.5671 137.199 892.272 1584.8 1589.2 
0.174 6.10606 92.6216 138.791 892.227 1584.69 1589.19 
0.176 6.24014 93.6757 140.382 892.182 1584.58 1589.18 
0.178 6.37572 94.7295 141.973 892.136 1584.46 1589.17 
0.18 6.51281 95.7829 143.564 892.09 1584.35 1589.16 
0.182 6.65139 96.836 145.154 892.043 1584.23 1589.15 
0.184 6.79148 97.8886 146.745 891.996 1584.12 1589.14 
0.186 6.93308 98.9409 148.335 891.948 1584 1589.13 
0.188 7.07617 99.9929 149.926 891.9 1583.88 1589.12 
0.19 7.22077 101.044 151.516 891.851 1583.76 1589.11 
0.192 7.36687 102.096 153.106 891.801 1583.64 1589.1 
0.194 7.51446 103.146 154.696 891.751 1583.51 1589.09 
0.196 7.66356 104.197 156.285 891.701 1583.39 1589.08 
0.198 7.81416 105.247 157.875 891.65 1583.27 1589.07 
0.2 7.96625 106.296 159.464 891.598 1583.14 1589.06 
0.202 8.11984 107.345 161.053 891.546 1583.01 1589.05 
0.204 8.27493 108.394 162.642 891.493 1582.88 1589.04 
0.206 8.43151 109.442 164.231 891.44 1582.75 1589.03 
0.208 8.58959 110.49 165.82 891.387 1582.62 1589.02 
0.21 8.74916 111.538 167.408 891.332 1582.49 1589.01 
0.212 8.91023 112.585 168.997 891.278 1582.35 1589 
0.214 9.07279 113.632 170.585 891.222 1582.22 1588.99 
0.216 9.23685 114.678 172.173 891.166 1582.08 1588.97 
0.218 9.40239 115.724 173.761 891.11 1581.94 1588.96 
0.22 9.56943 116.769 175.348 891.053 1581.81 1588.95 
0.222 9.73795 117.814 176.936 890.996 1581.67 1588.94 
0.224 9.90797 118.858 178.523 890.938 1581.53 1588.93 
0.226 10.0795 119.902 180.11 890.879 1581.38 1588.91 
0.228 10.2525 120.946 181.697 890.82 1581.24 1588.9 
0.23 10.4269 121.989 183.284 890.761 1581.09 1588.89 
0.232 10.6029 123.031 184.87 890.701 1580.95 1588.88 
0.234 10.7803 124.074 186.457 890.64 1580.8 1588.86 
0.236 10.9593 125.115 188.043 890.579 1580.65 1588.85 
0.238 11.1397 126.156 189.629 890.517 1580.5 1588.84 
0.24 11.3216 127.197 191.215 890.455 1580.35 1588.83 
0.242 11.505 128.237 192.8 890.392 1580.2 1588.81 
0.244 11.6898 129.277 194.386 890.329 1580.05 1588.8 
0.246 11.8762 130.316 195.971 890.265 1579.89 1588.78 
0.248 12.064 131.355 197.556 890.2 1579.74 1588.77 
0.25 12.2533 132.393 199.141 890.136 1579.58 1588.76 
0.252 12.4441 133.431 200.725 890.07 1579.42 1588.74 
0.254 12.6363 134.468 202.31 890.004 1579.26 1588.73 
0.256 12.83 135.505 203.894 889.937 1579.1 1588.71 
0.258 13.0252 136.541 205.478 889.87 1578.94 1588.7 
0.26 13.2219 137.577 207.061 889.803 1578.78 1588.68 
0.262 13.42 138.612 208.645 889.734 1578.62 1588.67 
0.264 13.6197 139.646 210.228 889.666 1578.45 1588.65 
0.266 13.8207 140.681 211.811 889.596 1578.28 1588.64 
0.268 14.0233 141.714 213.394 889.527 1578.12 1588.62 
0.27 14.2273 142.747 214.977 889.456 1577.95 1588.61 
0.272 14.4328 143.78 216.56 889.385 1577.78 1588.59 
0.274 14.6398 144.812 218.142 889.314 1577.61 1588.58 
0.276 14.8482 145.843 219.724 889.242 1577.44 1588.56 
0.278 15.0581 146.874 221.306 889.169 1577.26 1588.54 
0.28 15.2694 147.904 222.887 889.096 1577.09 1588.53 
0.282 15.4822 148.934 224.469 889.023 1576.91 1588.51 
0.284 15.6965 149.963 226.05 888.948 1576.74 1588.49 
0.286 15.9122 150.991 227.631 888.874 1576.56 1588.48 
0.288 16.1294 152.019 229.211 888.798 1576.38 1588.46 
0.29 16.348 153.047 230.792 888.722 1576.2 1588.44 
0.292 16.5681 154.074 232.372 888.646 1576.02 1588.43 
0.294 16.7897 155.1 233.952 888.569 1575.83 1588.41 
0.296 17.0127 156.126 235.531 888.492 1575.65 1588.39 
0.298 17.2372 157.151 237.111 888.414 1575.47 1588.37 
0.3 17.4631 158.175 238.69 888.335 1575.28 1588.35 
0.302 17.6904 159.199 240.269 888.256 1575.09 1588.34 
0.304 17.9193 160.222 241.848 888.176 1574.9 1588.32 
0.306 18.1495 161.245 243.426 888.096 1574.72 1588.3 
0.308 18.3812 162.267 245.005 888.015 1574.52 1588.28 
0.31 18.6144 163.288 246.583 887.934 1574.33 1588.26 
0.312 18.849 164.309 248.16 887.852 1574.14 1588.24 
0.314 19.085 165.329 249.738 887.769 1573.95 1588.22 
0.316 19.3225 166.349 251.315 887.686 1573.75 1588.2 
0.318 19.5614 167.368 252.892 887.603 1573.56 1588.18 
0.32 19.8018 168.386 254.469 887.519 1573.36 1588.16 
0.322 20.0436 169.404 256.045 887.434 1573.16 1588.14 
0.324 20.2868 170.421 257.621 887.349 1572.96 1588.12 
0.326 20.5315 171.437 259.197 887.263 1572.76 1588.1 
0.328 20.7776 172.453 260.773 887.176 1572.56 1588.08 
0.33 21.0252 173.468 262.348 887.089 1572.35 1588.06 
0.332 21.2742 174.482 263.923 887.002 1572.15 1588.04 
0.334 21.5246 175.496 265.498 886.914 1571.95 1588.02 
0.336 21.7764 176.509 267.073 886.825 1571.74 1587.99 
0.338 22.0297 177.522 268.647 886.736 1571.53 1587.97 
0.34 22.2844 178.533 270.221 886.646 1571.32 1587.95 
0.342 22.5405 179.545 271.795 886.556 1571.11 1587.93 
0.344 22.798 180.555 273.368 886.465 1570.9 1587.91 
0.346 23.057 181.565 274.941 886.374 1570.69 1587.88 
0.348 23.3174 182.574 276.514 886.282 1570.48 1587.86 
0.35 23.5792 183.582 278.087 886.189 1570.27 1587.84 
0.352 23.8424 184.59 279.659 886.096 1570.05 1587.81 
0.354 24.1071 185.597 281.231 886.002 1569.83 1587.79 
0.356 24.3732 186.603 282.803 885.908 1569.62 1587.77 
0.358 24.6406 187.608 284.374 885.813 1569.4 1587.74 
0.36 24.9095 188.613 285.946 885.718 1569.18 1587.72 
0.362 25.1798 189.617 287.516 885.622 1568.96 1587.69 
0.364 25.4516 190.621 289.087 885.526 1568.74 1587.67 
0.366 25.7247 191.623 290.657 885.428 1568.51 1587.64 
0.368 25.9992 192.625 292.227 885.331 1568.29 1587.62 
0.37 26.2752 193.627 293.797 885.233 1568.07 1587.59 
0.372 26.5525 194.627 295.366 885.134 1567.84 1587.57 
0.374 26.8313 195.627 296.935 885.034 1567.61 1587.54 
0.376 27.1114 196.626 298.504 884.934 1567.39 1587.52 
0.378 27.393 197.624 300.073 884.834 1567.16 1587.49 
0.38 27.6759 198.622 301.641 884.733 1566.93 1587.46 
0.382 27.9603 199.619 303.209 884.631 1566.7 1587.44 
0.384 28.2461 200.615 304.776 884.529 1566.46 1587.41 
0.386 28.5332 201.61 306.343 884.426 1566.23 1587.38 
0.388 28.8217 202.605 307.91 884.323 1566 1587.35 
0.39 29.1117 203.598 309.477 884.219 1565.76 1587.33 
0.392 29.403 204.591 311.043 884.114 1565.52 1587.3 
0.394 29.6957 205.584 312.609 884.009 1565.29 1587.27 
0.396 29.9898 206.575 314.174 883.903 1565.05 1587.24 
0.398 30.2853 207.566 315.74 883.797 1564.81 1587.21 
0.4 30.5822 208.556 317.305 883.69 1564.57 1587.18 
0.402 30.8805 209.545 318.869 883.583 1564.33 1587.16 
0.404 31.1801 210.533 320.434 883.475 1564.09 1587.13 
0.406 31.4811 211.521 321.997 883.366 1563.84 1587.1 
0.408 31.7835 212.507 323.561 883.257 1563.6 1587.07 
0.41 32.0873 213.493 325.124 883.147 1563.35 1587.04 
0.412 32.3925 214.479 326.687 883.037 1563.1 1587.01 
0.414 32.699 215.463 328.25 882.926 1562.86 1586.97 
0.416 33.0069 216.446 329.812 882.814 1562.61 1586.94 
0.418 33.3162 217.429 331.374 882.702 1562.36 1586.91 
0.42 33.6268 218.411 332.936 882.589 1562.11 1586.88 
0.422 33.9388 219.392 334.497 882.476 1561.86 1586.85 
0.424 34.2522 220.373 336.058 882.362 1561.6 1586.82 
0.426 34.5669 221.352 337.618 882.248 1561.35 1586.78 
0.428 34.883 222.331 339.178 882.133 1561.1 1586.75 
0.43 35.2005 223.308 340.738 882.017 1560.84 1586.72 
0.432 35.5193 224.285 342.298 881.901 1560.58 1586.69 
0.434 35.8395 225.261 343.857 881.784 1560.33 1586.65 
0.436 36.1611 226.237 345.416 881.667 1560.07 1586.62 
0.438 36.484 227.211 346.974 881.549 1559.81 1586.59 
0.44 36.8082 228.185 348.532 881.43 1559.55 1586.55 
0.442 37.1338 229.157 350.09 881.311 1559.29 1586.52 
0.444 37.4608 230.129 351.647 881.191 1559.02 1586.48 
0.446 37.7891 231.1 353.204 881.071 1558.76 1586.45 
0.448 38.1187 232.07 354.761 880.95 1558.5 1586.41 
0.45 38.4497 233.04 356.317 880.828 1558.23 1586.38 
0.452 38.7821 234.008 357.873 880.706 1557.96 1586.34 
0.454 39.1157 234.976 359.428 880.584 1557.7 1586.3 
0.456 39.4508 235.942 360.983 880.46 1557.43 1586.27 
0.458 39.7871 236.908 362.538 880.336 1557.16 1586.23 
0.46 40.1248 237.873 364.092 880.212 1556.89 1586.19 
0.462 40.4639 238.837 365.646 880.087 1556.62 1586.16 
0.464 40.8042 239.8 367.2 879.961 1556.34 1586.12 
0.466 41.1459 240.762 368.753 879.835 1556.07 1586.08 
0.468 41.4889 241.724 370.306 879.708 1555.8 1586.04 
0.47 41.8333 242.684 371.858 879.58 1555.52 1586 
0.472 42.179 243.643 373.41 879.452 1555.25 1585.96 
0.474 42.526 244.602 374.962 879.323 1554.97 1585.92 
0.476 42.8743 245.56 376.513 879.194 1554.69 1585.89 
0.478 43.224 246.517 378.064 879.064 1554.41 1585.85 
0.48 43.5749 247.472 379.614 878.934 1554.13 1585.81 
0.482 43.9272 248.427 381.165 878.802 1553.85 1585.76 
0.484 44.2808 249.381 382.714 878.671 1553.57 1585.72 
0.486 44.6358 250.334 384.263 878.538 1553.29 1585.68 
0.488 44.992 251.287 385.812 878.405 1553.01 1585.64 
0.49 45.3495 252.238 387.361 878.272 1552.72 1585.6 
0.492 45.7084 253.188 388.909 878.138 1552.44 1585.56 
0.494 46.0685 254.137 390.456 878.003 1552.15 1585.52 
0.496 46.43 255.086 392.004 877.867 1551.87 1585.47 
0.498 46.7928 256.033 393.55 877.731 1551.58 1585.43 
0.5 47.1568 256.98 395.097 877.595 1551.29 1585.39 
0.502 47.5222 257.925 396.643 877.458 1551 1585.34 
0.504 47.8889 258.87 398.188 877.32 1550.71 1585.3 
0.506 48.2568 259.814 399.734 877.181 1550.42 1585.25 
0.508 48.6261 260.756 401.278 877.042 1550.13 1585.21 
0.51 48.9966 261.698 402.823 876.902 1549.83 1585.16 
0.512 49.3685 262.639 404.367 876.762 1549.54 1585.12 
0.514 49.7416 263.578 405.91 876.621 1549.24 1585.07 
0.516 50.116 264.517 407.453 876.48 1548.95 1585.03 
0.518 50.4917 265.455 408.996 876.338 1548.65 1584.98 
0.52 50.8687 266.392 410.538 876.195 1548.35 1584.93 
0.522 51.247 267.328 412.08 876.051 1548.06 1584.89 
0.524 51.6265 268.263 413.621 875.907 1547.76 1584.84 
0.526 52.0073 269.196 415.162 875.763 1547.46 1584.79 
0.528 52.3894 270.129 416.702 875.618 1547.16 1584.74 
0.53 52.7728 271.061 418.242 875.472 1546.85 1584.69 
0.532 53.1574 271.992 419.782 875.325 1546.55 1584.64 
0.534 53.5434 272.922 421.321 875.178 1546.25 1584.6 
0.536 53.9305 273.851 422.86 875.03 1545.94 1584.55 
0.538 54.319 274.779 424.398 874.882 1545.64 1584.5 
0.54 54.7087 275.705 425.936 874.733 1545.33 1584.45 
0.542 55.0997 276.631 427.473 874.584 1545.03 1584.39 
0.544 55.4919 277.556 429.01 874.433 1544.72 1584.34 
0.546 55.8854 278.48 430.546 874.282 1544.41 1584.29 
0.548 56.2801 279.403 432.082 874.131 1544.1 1584.24 
0.55 56.6761 280.324 433.618 873.979 1543.79 1584.19 
0.552 57.0734 281.245 435.153 873.826 1543.48 1584.14 
0.554 57.4719 282.165 436.687 873.673 1543.17 1584.08 
0.556 57.8716 283.083 438.221 873.519 1542.86 1584.03 
0.558 58.2726 284.001 439.755 873.364 1542.55 1583.98 
0.56 58.6748 284.917 441.288 873.209 1542.23 1583.92 
0.562 59.0783 285.833 442.821 873.053 1541.92 1583.87 
0.564 59.483 286.747 444.353 872.897 1541.6 1583.81 
0.566 59.889 287.661 445.885 872.739 1541.28 1583.76 
0.568 60.2962 288.573 447.416 872.582 1540.97 1583.7 
0.57 60.7046 289.484 448.947 872.423 1540.65 1583.64 
0.572 61.1143 290.394 450.478 872.264 1540.33 1583.59 
0.574 61.5252 291.304 452.007 872.105 1540.01 1583.53 
0.576 61.9373 292.212 453.537 871.944 1539.69 1583.47 
0.578 62.3506 293.119 455.066 871.783 1539.37 1583.42 
0.58 62.7652 294.025 456.594 871.622 1539.05 1583.36 
0.582 63.181 294.929 458.122 871.459 1538.73 1583.3 
0.584 63.598 295.833 459.65 871.297 1538.4 1583.24 
0.586 64.0162 296.736 461.177 871.133 1538.08 1583.18 
0.588 64.4357 297.637 462.703 870.969 1537.76 1583.12 
0.59 64.8563 298.538 464.229 870.804 1537.43 1583.06 
0.592 65.2782 299.437 465.755 870.639 1537.1 1583 
0.594 65.7013 300.336 467.28 870.473 1536.78 1582.94 
0.596 66.1255 301.233 468.804 870.306 1536.45 1582.88 
0.598 66.551 302.129 470.328 870.139 1536.12 1582.82 
0.6 66.9777 303.024 471.852 869.971 1535.79 1582.75 
0.602 67.4056 303.918 473.375 869.802 1535.46 1582.69 
0.604 67.8347 304.811 474.897 869.633 1535.13 1582.63 
0.606 68.265 305.703 476.419 869.463 1534.8 1582.57 
0.608 68.6965 306.593 477.941 869.292 1534.47 1582.5 
0.61 69.1291 307.483 479.462 869.121 1534.14 1582.44 
0.612 69.563 308.371 480.982 868.949 1533.8 1582.37 
0.614 69.9981 309.258 482.502 868.777 1533.47 1582.31 
0.616 70.4343 310.144 484.022 868.604 1533.13 1582.24 
0.618 70.8717 311.029 485.541 868.43 1532.8 1582.18 
0.62 71.3103 311.913 487.059 868.255 1532.46 1582.11 
0.622 71.7501 312.796 488.577 868.08 1532.13 1582.04 
0.624 72.1911 313.677 490.094 867.904 1531.79 1581.97 
0.626 72.6332 314.558 491.611 867.728 1531.45 1581.91 
0.628 73.0765 315.437 493.127 867.551 1531.11 1581.84 
0.63 73.521 316.315 494.643 867.373 1530.77 1581.77 
0.632 73.9666 317.192 496.158 867.195 1530.43 1581.7 
0.634 74.4134 318.068 497.673 867.016 1530.09 1581.63 
0.636 74.8614 318.943 499.187 866.836 1529.75 1581.56 
0.638 75.3105 319.816 500.701 866.656 1529.41 1581.49 
0.64 75.7608 320.689 502.214 866.475 1529.06 1581.42 
0.642 76.2123 321.56 503.727 866.293 1528.72 1581.35 
0.644 76.6649 322.43 505.239 866.111 1528.38 1581.27 
0.646 77.1187 323.299 506.75 865.928 1528.03 1581.2 
0.648 77.5736 324.167 508.261 865.744 1527.69 1581.13 
0.65 78.0296 325.033 509.772 865.56 1527.34 1581.06 
0.652 78.4868 325.899 511.282 865.375 1526.99 1580.98 
0.654 78.9452 326.763 512.791 865.19 1526.65 1580.91 
0.656 79.4047 327.626 514.3 865.003 1526.3 1580.83 
0.658 79.8653 328.488 515.808 864.816 1525.95 1580.76 
0.66 80.3271 329.349 517.316 864.629 1525.6 1580.68 
0.662 80.79 330.208 518.823 864.441 1525.25 1580.6 
0.664 81.254 331.066 520.329 864.252 1524.9 1580.53 
0.666 81.7192 331.923 521.835 864.062 1524.55 1580.45 
0.668 82.1855 332.779 523.341 863.872 1524.2 1580.37 
0.67 82.6529 333.634 524.845 863.681 1523.84 1580.29 
0.672 83.1214 334.487 526.35 863.489 1523.49 1580.22 
0.674 83.5911 335.34 527.854 863.297 1523.14 1580.14 
0.676 84.0619 336.191 529.357 863.104 1522.78 1580.06 
0.678 84.5338 337.041 530.859 862.911 1522.43 1579.98 
0.68 85.0068 337.889 532.361 862.716 1522.08 1579.9 
0.682 85.4809 338.737 533.863 862.522 1521.72 1579.81 
0.684 85.9561 339.583 535.364 862.326 1521.36 1579.73 
0.686 86.4325 340.428 536.864 862.13 1521.01 1579.65 
0.688 86.9099 341.272 538.364 861.933 1520.65 1579.57 
0.69 87.3885 342.115 539.863 861.735 1520.29 1579.48 
0.692 87.8681 342.956 541.361 861.537 1519.93 1579.4 
0.694 88.3488 343.796 542.859 861.338 1519.57 1579.32 
0.696 88.8307 344.635 544.357 861.138 1519.21 1579.23 
0.698 89.3136 345.473 545.853 860.938 1518.85 1579.15 
0.7 89.7976 346.309 547.35 860.737 1518.49 1579.06 
0.702 90.2827 347.144 548.845 860.536 1518.13 1578.97 
0.704 90.7689 347.978 550.34 860.333 1517.77 1578.89 
0.706 91.2562 348.811 551.835 860.13 1517.41 1578.8 
0.708 91.7446 349.643 553.328 859.927 1517.04 1578.71 
0.71 92.234 350.473 554.822 859.722 1516.68 1578.62 
0.712 92.7245 351.302 556.314 859.517 1516.32 1578.53 
0.714 93.2161 352.13 557.806 859.312 1515.95 1578.44 
0.716 93.7088 352.956 559.298 859.105 1515.59 1578.35 
0.718 94.2025 353.781 560.789 858.898 1515.22 1578.26 
0.72 94.6973 354.605 562.279 858.69 1514.86 1578.17 
0.722 95.1932 355.428 563.768 858.482 1514.49 1578.08 
0.724 95.6901 356.249 565.257 858.273 1514.12 1577.99 
0.726 96.1881 357.07 566.746 858.063 1513.76 1577.9 
0.728 96.6871 357.888 568.233 857.853 1513.39 1577.8 
0.73 97.1872 358.706 569.721 857.642 1513.02 1577.71 
0.732 97.6883 359.523 571.207 857.43 1512.65 1577.61 
0.734 98.1905 360.338 572.693 857.217 1512.28 1577.52 
0.736 98.6938 361.151 574.178 857.004 1511.91 1577.42 
0.738 99.198 361.964 575.663 856.79 1511.54 1577.33 
0.74 99.7034 362.775 577.147 856.576 1511.17 1577.23 
0.742 100.21 363.585 578.63 856.36 1510.8 1577.13 
0.744 100.717 364.394 580.113 856.145 1510.43 1577.03 
0.746 101.226 365.201 581.595 855.928 1510.06 1576.94 
0.748 101.735 366.007 583.077 855.711 1509.68 1576.84 
0.75 102.246 366.812 584.557 855.493 1509.31 1576.74 
0.752 102.757 367.616 586.038 855.274 1508.94 1576.64 
0.754 103.27 368.418 587.517 855.055 1508.56 1576.54 
0.756 103.783 369.219 588.996 854.835 1508.19 1576.43 
0.758 104.298 370.019 590.475 854.614 1507.81 1576.33 
0.76 104.813 370.817 591.952 854.392 1507.44 1576.23 
0.762 105.33 371.614 593.429 854.17 1507.06 1576.13 
0.764 105.848 372.41 594.906 853.947 1506.69 1576.02 
0.766 106.366 373.204 596.381 853.724 1506.31 1575.92 
0.768 106.886 373.997 597.856 853.5 1505.93 1575.81 
0.77 107.407 374.789 599.331 853.275 1505.56 1575.71 
0.772 107.928 375.58 600.804 853.049 1505.18 1575.6 
0.774 108.451 376.369 602.278 852.823 1504.8 1575.5 
0.776 108.975 377.157 603.75 852.596 1504.42 1575.39 
0.778 109.499 377.943 605.222 852.368 1504.05 1575.28 
0.78 110.025 378.728 606.693 852.14 1503.67 1575.17 
0.782 110.551 379.512 608.163 851.911 1503.29 1575.06 
0.784 111.079 380.295 609.633 851.681 1502.91 1574.95 
0.786 111.608 381.076 611.102 851.451 1502.53 1574.84 
0.788 112.137 381.856 612.571 851.22 1502.15 1574.73 
0.79 112.668 382.634 614.038 850.988 1501.77 1574.62 
0.792 113.199 383.412 615.506 850.755 1501.38 1574.51 
0.794 113.732 384.188 616.972 850.522 1501 1574.4 
0.796 114.265 384.962 618.438 850.288 1500.62 1574.28 
0.798 114.8 385.735 619.903 850.053 1500.24 1574.17 
0.8 115.335 386.507 621.367 849.818 1499.86 1574.05 
0.802 115.872 387.278 622.831 849.582 1499.47 1573.94 
0.804 116.409 388.047 624.294 849.345 1499.09 1573.82 
0.806 116.947 388.815 625.756 849.108 1498.71 1573.71 
0.808 117.486 389.581 627.218 848.87 1498.32 1573.59 
0.81 118.027 390.346 628.679 848.631 1497.94 1573.47 
0.812 118.568 391.11 630.139 848.391 1497.55 1573.35 
0.814 119.11 391.873 631.599 848.151 1497.17 1573.23 
0.816 119.653 392.634 633.058 847.91 1496.78 1573.11 
0.818 120.197 393.393 634.516 847.668 1496.4 1572.99 
0.82 120.742 394.152 635.973 847.426 1496.01 1572.87 
0.822 121.288 394.909 637.43 847.183 1495.62 1572.75 
0.824 121.835 395.664 638.886 846.939 1495.24 1572.63 
0.826 122.382 396.418 640.341 846.695 1494.85 1572.51 
0.828 122.931 397.171 641.796 846.45 1494.46 1572.38 
0.83 123.48 397.923 643.25 846.204 1494.08 1572.26 
0.832 124.031 398.673 644.703 845.957 1493.69 1572.13 
0.834 124.582 399.422 646.156 845.71 1493.3 1572.01 
0.836 125.135 400.169 647.608 845.462 1492.91 1571.88 
0.838 125.688 400.915 649.059 845.213 1492.53 1571.75 
0.84 126.242 401.66 650.509 844.964 1492.14 1571.63 
0.842 126.797 402.403 651.959 844.713 1491.75 1571.5 
0.844 127.353 403.145 653.408 844.463 1491.36 1571.37 
0.846 127.91 403.885 654.856 844.211 1490.97 1571.24 
0.848 128.468 404.625 656.304 843.959 1490.58 1571.11 
0.85 129.027 405.362 657.75 843.706 1490.19 1570.98 
0.852 129.586 406.099 659.196 843.452 1489.8 1570.85 
0.854 130.147 406.834 660.642 843.198 1489.41 1570.71 
0.856 130.708 407.567 662.086 842.943 1489.02 1570.58 
0.858 131.27 408.299 663.53 842.687 1488.63 1570.45 
0.86 131.833 409.03 664.973 842.43 1488.24 1570.31 
0.862 132.397 409.759 666.416 842.173 1487.85 1570.18 
0.864 132.962 410.487 667.857 841.915 1487.46 1570.04 
0.866 133.528 411.214 669.298 841.656 1487.06 1569.91 
0.868 134.095 411.939 670.739 841.397 1486.67 1569.77 
0.87 134.662 412.663 672.178 841.137 1486.28 1569.63 
0.872 135.231 413.385 673.617 840.876 1485.89 1569.49 
0.874 135.8 414.106 675.055 840.615 1485.5 1569.35 
0.876 136.37 414.826 676.492 840.352 1485.1 1569.21 
0.878 136.941 415.544 677.928 840.089 1484.71 1569.07 
0.88 137.513 416.261 679.364 839.826 1484.32 1568.93 
0.882 138.086 416.976 680.799 839.561 1483.92 1568.79 
0.884 138.659 417.69 682.233 839.296 1483.53 1568.65 
0.886 139.234 418.402 683.666 839.03 1483.14 1568.5 
0.888 139.809 419.114 685.099 838.764 1482.74 1568.36 
0.89 140.385 419.823 686.531 838.497 1482.35 1568.21 
0.892 140.962 420.532 687.962 838.229 1481.96 1568.07 
0.894 141.54 421.238 689.392 837.96 1481.56 1567.92 
0.896 142.118 421.944 690.822 837.691 1481.17 1567.77 
0.898 142.698 422.648 692.251 837.421 1480.77 1567.63 
0.9 143.278 423.35 693.679 837.15 1480.38 1567.48 
0.902 143.859 424.051 695.106 836.878 1479.99 1567.33 
0.904 144.441 424.751 696.533 836.606 1479.59 1567.18 
0.906 145.024 425.449 697.958 836.333 1479.2 1567.03 
0.908 145.607 426.146 699.383 836.059 1478.8 1566.88 
0.91 146.192 426.842 700.808 835.785 1478.41 1566.72 
0.912 146.777 427.536 702.231 835.51 1478.01 1566.57 
0.914 147.363 428.228 703.654 835.234 1477.62 1566.42 
0.916 147.95 428.92 705.075 834.957 1477.22 1566.26 
0.918 148.537 429.609 706.496 834.68 1476.83 1566.11 
0.92 149.126 430.297 707.917 834.402 1476.43 1565.95 
0.922 149.715 430.984 709.336 834.123 1476.03 1565.79 
0.924 150.305 431.67 710.755 833.844 1475.64 1565.64 
0.926 150.896 432.354 712.173 833.564 1475.24 1565.48 
0.928 151.487 433.036 713.59 833.283 1474.85 1565.32 
0.93 152.079 433.717 715.006 833.001 1474.45 1565.16 
0.932 152.673 434.397 716.421 832.719 1474.06 1565 
0.934 153.266 435.075 717.836 832.436 1473.66 1564.84 
0.936 153.861 435.752 719.25 832.152 1473.26 1564.67 
0.938 154.457 436.427 720.663 831.868 1472.87 1564.51 
0.94 155.053 437.101 722.075 831.582 1472.47 1564.35 
0.942 155.65 437.773 723.487 831.296 1472.08 1564.18 
0.944 156.248 438.444 724.897 831.01 1471.68 1564.02 
0.946 156.846 439.114 726.307 830.722 1471.28 1563.85 
0.948 157.446 439.782 727.716 830.434 1470.89 1563.69 
0.95 158.046 440.448 729.124 830.145 1470.49 1563.52 
0.952 158.646 441.113 730.532 829.856 1470.09 1563.35 
0.954 159.248 441.777 731.938 829.566 1469.7 1563.18 
0.956 159.85 442.439 733.344 829.275 1469.3 1563.01 
0.958 160.453 443.1 734.749 828.983 1468.91 1562.84 
0.96 161.057 443.759 736.153 828.691 1468.51 1562.67 
0.962 161.662 444.417 737.556 828.397 1468.11 1562.5 
0.964 162.267 445.074 738.959 828.104 1467.72 1562.32 
0.966 162.873 445.729 740.36 827.809 1467.32 1562.15 
0.968 163.48 446.382 741.761 827.514 1466.92 1561.97 
0.97 164.087 447.034 743.161 827.218 1466.53 1561.8 
0.972 164.695 447.685 744.56 826.921 1466.13 1561.62 
0.974 165.304 448.334 745.958 826.623 1465.74 1561.45 
0.976 165.914 448.981 747.356 826.325 1465.34 1561.27 
0.978 166.524 449.627 748.752 826.026 1464.94 1561.09 
0.98 167.135 450.272 750.148 825.727 1464.55 1560.91 
0.982 167.747 450.915 751.543 825.426 1464.15 1560.73 
0.984 168.359 451.557 752.937 825.125 1463.75 1560.55 
0.986 168.972 452.197 754.33 824.823 1463.36 1560.37 
0.988 169.586 452.836 755.723 824.521 1462.96 1560.18 
0.99 170.201 453.474 757.114 824.217 1462.57 1560 
0.992 170.816 454.109 758.505 823.913 1462.17 1559.82 
0.994 171.432 454.744 759.895 823.609 1461.77 1559.63 
0.996 172.049 455.377 761.283 823.303 1461.38 1559.44 
0.998 172.666 456.008 762.672 822.997 1460.98 1559.26 
1 173.284 456.638 764.059 822.69 1460.59 1559.07 
