-1.000000000000000000e+00
-8.947399999999999798e-01
-7.894700000000000051e-01
-6.842099999999999849e-01
-5.789499999999999647e-01
-5.160400000000000542e-01
-5.010499999999999954e-01
-4.736799999999999899e-01
-4.569300000000000028e-01
-3.862599999999999922e-01
-3.684200000000000252e-01
-2.931500000000000217e-01
-2.631600000000000050e-01
-1.829900000000000138e-01
-1.578900000000000026e-01
-6.219999999999999835e-02
-5.263000000000000317e-02
5.263000000000000317e-02
6.219999999999999835e-02
1.578900000000000026e-01
1.829900000000000138e-01
2.631600000000000050e-01
2.931500000000000217e-01
3.684200000000000252e-01
3.862599999999999922e-01
4.569300000000000028e-01
4.736799999999999899e-01
5.010499999999999954e-01
5.160400000000000542e-01
5.789499999999999647e-01
6.842099999999999849e-01
7.894700000000000051e-01
8.947399999999999798e-01
1.000000000000000000e+00
