-1.000000000000000000e+00
-8.947399999999999798e-01
-7.894700000000000051e-01
-6.842099999999999849e-01
-5.789499999999999647e-01
-5.122799999999999576e-01
-4.825099999999999945e-01
-4.736799999999999899e-01
-4.247000000000000219e-01
-3.684200000000000252e-01
-3.422000000000000042e-01
-2.631600000000000050e-01
-2.398200000000000054e-01
-1.578900000000000026e-01
-1.234999999999999987e-01
-5.263000000000000317e-02
0.000000000000000000e+00
5.263000000000000317e-02
1.234999999999999987e-01
1.578900000000000026e-01
2.398200000000000054e-01
2.631600000000000050e-01
3.422000000000000042e-01
3.684200000000000252e-01
4.247000000000000219e-01
4.736799999999999899e-01
4.825099999999999945e-01
5.122799999999999576e-01
5.789499999999999647e-01
6.842099999999999849e-01
7.894700000000000051e-01
8.947399999999999798e-01
1.000000000000000000e+00
