0.000000000000000000e+00
1.439999999999999891e-01
2.159999999999999976e-01
3.599999999999999867e-01
4.319999999999999951e-01
5.759999999999999565e-01
6.480000000000000204e-01
7.920000000000000373e-01
8.639999999999999902e-01
1.008000000000000007e+00
1.080000000000000071e+00
1.223999999999999977e+00
1.296000000000000041e+00
1.439999999999999947e+00
1.512000000000000011e+00
1.655999999999999917e+00
1.727999999999999980e+00
1.872000000000000108e+00
1.943999999999999950e+00
2.088000000000000078e+00
2.160000000000000142e+00
2.303999999999999826e+00
2.375999999999999890e+00
2.520000000000000018e+00
2.592000000000000082e+00
2.736000000000000210e+00
2.807999999999999829e+00
2.951999999999999957e+00
3.024000000000000021e+00
3.168000000000000149e+00
3.240000000000000213e+00
3.383999999999999897e+00
3.455999999999999961e+00
3.600000000000000089e+00
3.672000000000000153e+00
3.815999999999999837e+00
3.887999999999999901e+00
4.032000000000000028e+00
4.104000000000000092e+00
4.248000000000000220e+00
4.320000000000000284e+00
4.464000000000000412e+00
4.535999999999999588e+00
4.679999999999999716e+00
4.751999999999999780e+00
4.895999999999999908e+00
4.967999999999999972e+00
5.112000000000000099e+00
5.184000000000000163e+00
5.328000000000000291e+00
5.400000000000000355e+00
5.543999999999999595e+00
5.615999999999999659e+00
5.759999999999999787e+00
5.831999999999999851e+00
5.975999999999999979e+00
6.048000000000000043e+00
6.192000000000000171e+00
6.264000000000000234e+00
6.408000000000000362e+00
6.480000000000000426e+00
6.623999999999999666e+00
6.695999999999999730e+00
6.839999999999999858e+00
6.911999999999999922e+00
7.056000000000000050e+00
7.128000000000000114e+00
7.272000000000000242e+00
7.344000000000000306e+00
7.488000000000000433e+00
7.559999999999999609e+00
7.703999999999999737e+00
7.775999999999999801e+00
7.919999999999999929e+00
7.991999999999999993e+00
8.135999999999999233e+00
8.208000000000000185e+00
8.352000000000000313e+00
8.423999999999999488e+00
8.567999999999999616e+00
8.640000000000000568e+00
8.784000000000000696e+00
8.855999999999999872e+00
9.000000000000000000e+00
9.071999999999999176e+00
9.215999999999999304e+00
9.288000000000000256e+00
9.432000000000000384e+00
9.503999999999999559e+00
9.647999999999999687e+00
