0.000000000000000000e+00 1.070981651519094698e-07
5.000000000000000278e-02 1.285798441867748351e-07
1.000000000000000056e-01 1.648778815955139458e-07
1.500000000000000222e-01 2.627749104472788050e-07
2.000000000000000111e-01 2.957829484922955148e-07
2.500000000000000000e-01 3.599930107056732560e-07
2.999999999999999889e-01 4.550334514448107136e-07
3.499999999999999778e-01 5.891908300226342990e-07
3.999999999999999667e-01 7.736685577528188211e-07
4.499999999999999556e-01 1.021393986582357885e-06
4.999999999999999445e-01 1.345229067987403393e-06
0.000000000000000000e+00 0.000000000000000000e+00
0.000000000000000000e+00 0.000000000000000000e+00
0.000000000000000000e+00 0.000000000000000000e+00
0.000000000000000000e+00 0.000000000000000000e+00
0.000000000000000000e+00 0.000000000000000000e+00
0.000000000000000000e+00 0.000000000000000000e+00
0.000000000000000000e+00 0.000000000000000000e+00
0.000000000000000000e+00 0.000000000000000000e+00
0.000000000000000000e+00 0.000000000000000000e+00
